16:35:34.632344 - control :: Starting bot process.
16:35:34.943975 - control :: Bot has initialised, connecting to server.
16:35:34.983177 - stdin   :: 40 60 1 8
16:35:34.984617 - stdin   :: 3 48 0 0
3 48
3 3 3 3 3 3 3 3 -1 3 3 3 3 3 3 3 3
3 3 3 3 3 -1 -1 -1 -1 -1 -1 -1 3 3 3 3 3
3 3 3 -1 -1 -1 -1 -1 -1 -1 -1 -1 -1 -1 3 3 3
3 3 -1 -1 -1 -1 -1 -1 -1 -1 -1 -1 -1 -1 -1 3 3
3 3 -1 -1 -1 -1 -1 -1 -1 -1 -1 -1 -1 -1 -1 3 3
3 -1 -1 -1 -1 -1 -1 -1 -1 -1 -1 -1 -1 -1 -1 -1 3
3 -1 -1 -1 -1 -1 -1 -1 -1 -1 -1 -1 -1 -1 -1 -1 3
3 -1 -1 -1 -1 -1 -1 -1 -1 -1 -1 -1 -1 -1 -1 -1 3
-1 -1 -1 -1 -1 -1 -1 -1 1 1 1 1 1 1 1 1 -1
3 -1 -1 -1 -1 -1 -1 1 1 1 1 1 1 1 1 1 3
3 0 -1 -1 -1 -1 -1 0 1 1 1 1 1 1 1 1 3
3 0 0 -1 -1 -1 -1 0 0 0 0 0 0 0 0 1 3
3 3 0 -1 -1 -1 -1 0 0 0 0 0 0 0 0 3 3
3 3 0 -1 -1 -1 -1 0 0 0 0 0 0 0 0 3 3
3 3 3 -1 -1 -1 -1 0 0 0 0 0 0 0 3 3 3
3 3 3 3 3 -1 -1 0 0 0 0 0 3 3 3 3 3
3 3 3 3 3 3 3 3 0 3 3 3 3 3 3 3 3
16:35:35.014488 - stdout  :: 1 1
16:35:35.019623 - stdin   :: 4 49 1 1
4 49
3 3 3 3 3 3 3 3 -1 3 3 3 3 3 3 3 3
3 3 3 3 3 -1 -1 -1 -1 -1 -1 -1 3 3 3 3 3
3 3 3 -1 -1 -1 -1 -1 -1 -1 -1 -1 -1 -1 3 3 3
3 3 -1 -1 -1 -1 -1 -1 -1 -1 -1 -1 -1 -1 -1 3 3
3 3 -1 -1 -1 -1 -1 -1 -1 -1 -1 -1 -1 -1 -1 3 3
3 -1 -1 -1 -1 -1 -1 -1 -1 -1 -1 -1 -1 -1 -1 -1 3
3 -1 -1 -1 -1 -1 -1 -1 -1 -1 -1 -1 -1 -1 -1 -1 3
3 -1 -1 -1 -1 -1 -1 1 1 1 1 1 1 1 1 -1 3
-1 -1 -1 -1 -1 -1 1 1 1 1 1 1 1 1 1 1 -1
3 -1 -1 -1 -1 -1 0 1 1 1 1 1 1 1 1 1 3
3 0 -1 -1 -1 -1 0 0 0 0 0 0 0 0 1 1 3
3 0 -1 -1 -1 -1 0 0 0 0 0 0 0 0 0 1 3
3 3 -1 -1 -1 -1 0 0 0 0 0 0 0 0 0 3 3
3 3 -1 -1 -1 -1 0 0 0 0 0 0 0 0 0 3 3
3 3 3 -1 -1 -1 0 0 0 0 0 0 0 0 3 3 3
3 3 3 3 3 -1 0 0 0 0 0 0 3 3 3 3 3
3 3 3 3 3 3 3 3 0 3 3 3 3 3 3 3 3
16:35:35.049573 - stdout  :: 1 1
16:35:35.053052 - stdin   :: 6 51 2 2
6 51
3 3 3 3 3 3 3 3 -1 3 3 3 3 3 3 3 3
3 3 3 3 3 -1 -1 -1 -1 -1 -1 -1 3 3 3 3 3
3 3 3 -1 -1 -1 -1 -1 -1 -1 -1 -1 -1 -1 3 3 3
3 3 -1 -1 -1 -1 -1 -1 -1 -1 -1 -1 -1 -1 -1 3 3
3 3 -1 -1 -1 -1 -1 -1 -1 -1 -1 -1 -1 -1 -1 3 3
3 -1 -1 -1 -1 1 1 1 1 1 1 1 1 -1 -1 -1 3
3 -1 -1 -1 1 1 1 1 1 1 1 1 1 1 -1 -1 3
3 -1 -1 -1 0 1 1 1 1 1 1 1 1 1 -1 -1 3
-1 -1 -1 -1 0 0 0 0 0 0 0 0 1 1 -1 -1 -1
3 -1 -1 -1 0 0 0 0 0 0 0 0 0 1 -1 -1 3
3 -1 -1 -1 0 0 0 0 0 0 0 0 0 1 -1 -1 3
3 -1 -1 -1 0 0 0 0 0 0 0 0 0 0 -1 -1 3
3 3 -1 -1 0 0 0 0 0 0 0 0 0 0 -1 3 3
3 3 -1 -1 0 0 0 0 0 0 0 0 0 -1 -1 3 3
3 3 3 -1 -1 0 0 0 0 0 0 0 -1 -1 3 3 3
3 3 3 3 3 -1 -1 0 -1 -1 -1 -1 3 3 3 3 3
3 3 3 3 3 3 3 3 -1 3 3 3 3 3 3 3 3
16:35:35.066515 - stdout  :: 1 -1
16:35:35.070058 - stdin   :: 9 52 3 1
9 52
3 3 3 3 3 3 3 3 -1 3 3 3 3 3 3 3 3
3 3 3 3 3 -1 -1 -1 -1 -1 -1 -1 3 3 3 3 3
3 3 3 -1 1 1 1 1 1 1 1 1 -1 -1 3 3 3
3 3 -1 1 1 1 1 1 1 1 1 1 1 -1 -1 3 3
3 3 -1 0 1 1 1 1 1 1 1 1 1 -1 -1 3 3
3 -1 -1 0 0 0 0 0 0 0 0 1 1 -1 -1 -1 3
3 -1 -1 0 0 0 0 0 0 0 0 0 1 -1 -1 -1 3
3 -1 -1 0 0 0 0 0 0 0 0 0 1 -1 -1 -1 3
-1 -1 -1 0 0 0 0 0 0 0 0 0 0 -1 -1 -1 -1
3 -1 -1 0 0 0 0 0 0 0 0 0 0 -1 -1 -1 3
3 -1 -1 0 0 0 0 0 0 0 0 0 -1 -1 -1 -1 3
3 -1 -1 -1 0 0 0 0 0 0 0 -1 -1 -1 -1 -1 3
3 3 -1 -1 -1 -1 0 -1 -1 -1 -1 -1 -1 -1 -1 3 3
3 3 -1 -1 -1 -1 0 -1 -1 -1 -1 -1 -1 -1 -1 3 3
3 3 3 -1 -1 -1 0 -1 -1 -1 -1 -1 -1 -1 3 3 3
3 3 3 3 3 -1 0 -1 -1 -1 -1 -1 3 3 3 3 3
3 3 3 3 3 3 3 3 -1 3 3 3 3 3 3 3 3
16:35:35.084979 - stdout  :: 0 -1
16:35:35.089780 - stdin   :: 12 52 3 0
12 52
3 3 3 3 3 3 3 3 1 3 3 3 3 3 3 3 3
3 3 3 3 3 1 1 1 1 1 1 1 3 3 3 3 3
3 3 3 0 0 0 0 0 0 0 0 1 1 -1 3 3 3
3 3 -1 0 0 0 0 0 0 0 0 0 1 -1 -1 3 3
3 3 -1 0 0 0 0 0 0 0 0 0 1 -1 -1 3 3
3 -1 -1 0 0 0 0 0 0 0 0 0 0 -1 -1 -1 3
3 -1 -1 0 0 0 0 0 0 0 0 0 0 -1 -1 -1 3
3 -1 -1 0 0 0 0 0 0 0 0 0 -1 -1 -1 -1 3
-1 -1 -1 -1 0 0 0 0 0 0 0 -1 -1 -1 -1 -1 -1
3 -1 -1 -1 -1 -1 0 -1 -1 -1 -1 -1 -1 -1 -1 -1 3
3 -1 -1 -1 -1 -1 0 -1 -1 -1 -1 -1 -1 -1 -1 -1 3
3 -1 -1 -1 -1 -1 0 -1 -1 -1 -1 -1 -1 -1 -1 -1 3
3 3 -1 -1 -1 -1 0 -1 -1 -1 -1 -1 -1 -1 -1 3 3
3 3 -1 -1 -1 -1 0 -1 -1 -1 -1 -1 -1 -1 -1 3 3
3 3 3 -1 -1 -1 0 -1 -1 -1 -1 -1 -1 -1 3 3 3
3 3 3 3 3 0 0 0 0 0 -1 -1 3 3 3 3 3
3 3 3 3 3 3 3 3 0 3 3 3 3 3 3 3 3
16:35:35.133272 - stdout  :: -1 0
16:35:35.136572 - stdin   :: 12 52 0 0
12 52
3 3 3 3 3 3 3 3 1 3 3 3 3 3 3 3 3
3 3 3 3 3 1 1 1 1 1 1 1 3 3 3 3 3
3 3 3 0 0 0 0 0 0 0 0 1 1 -1 3 3 3
3 3 -1 0 0 0 0 0 0 0 0 0 1 -1 -1 3 3
3 3 -1 0 0 0 0 0 0 0 0 0 1 -1 -1 3 3
3 -1 -1 0 0 0 0 0 0 0 0 0 0 -1 -1 -1 3
3 -1 -1 0 0 0 0 0 0 0 0 0 0 -1 -1 -1 3
3 -1 -1 0 0 0 0 0 0 0 0 0 -1 -1 -1 -1 3
-1 -1 -1 -1 0 0 0 0 0 0 0 -1 -1 -1 -1 -1 -1
3 -1 -1 -1 -1 -1 0 -1 -1 -1 -1 -1 -1 -1 -1 -1 3
3 -1 -1 -1 -1 -1 0 -1 -1 -1 -1 -1 -1 -1 -1 -1 3
3 -1 -1 -1 -1 -1 0 -1 -1 -1 -1 -1 -1 -1 -1 -1 3
3 3 -1 -1 -1 -1 0 -1 -1 -1 -1 -1 -1 -1 -1 3 3
3 3 -1 -1 -1 -1 0 -1 -1 -1 -1 -1 -1 -1 -1 3 3
3 3 3 -1 -1 -1 0 -1 -1 -1 -1 -1 -1 -1 3 3 3
3 3 3 3 3 0 0 0 0 0 -1 -1 3 3 3 3 3
3 3 3 3 3 3 3 3 0 3 3 3 3 3 3 3 3
16:35:35.155408 - stdout  :: 0 -1
16:35:35.158252 - stdin   :: 12 51 0 -1
12 51
3 3 3 3 3 3 3 3 1 3 3 3 3 3 3 3 3
3 3 3 3 3 1 1 1 1 1 1 1 3 3 3 3 3
3 3 3 -1 0 0 0 0 0 0 0 0 1 1 3 3 3
3 3 -1 -1 0 0 0 0 0 0 0 0 0 1 -1 3 3
3 3 -1 -1 0 0 0 0 0 0 0 0 0 1 -1 3 3
3 -1 -1 -1 0 0 0 0 0 0 0 0 0 0 -1 -1 3
3 -1 -1 -1 0 0 0 0 0 0 0 0 0 0 -1 -1 3
3 -1 -1 -1 0 0 0 0 0 0 0 0 0 -1 -1 -1 3
-1 -1 -1 -1 -1 0 0 0 0 0 0 0 -1 -1 -1 -1 -1
3 -1 -1 -1 -1 -1 -1 0 -1 -1 -1 -1 -1 -1 -1 -1 3
3 -1 -1 -1 -1 -1 -1 0 -1 -1 -1 -1 -1 -1 -1 -1 3
3 -1 -1 -1 -1 -1 -1 0 -1 -1 -1 -1 -1 -1 -1 -1 3
3 3 -1 -1 -1 -1 -1 0 -1 -1 -1 -1 -1 -1 -1 3 3
3 3 -1 -1 -1 -1 -1 0 -1 -1 -1 -1 -1 -1 -1 3 3
3 3 3 -1 -1 -1 -1 0 -1 -1 -1 -1 -1 -1 3 3 3
3 3 3 3 3 -1 0 0 0 0 0 -1 3 3 3 3 3
3 3 3 3 3 3 3 3 0 3 3 3 3 3 3 3 3
16:35:35.184228 - stdout  :: 1 0
16:35:35.188087 - stdin   :: 13 50 1 -1
13 50
3 3 3 3 3 3 3 3 1 3 3 3 3 3 3 3 3
3 3 3 3 3 0 0 0 0 0 0 0 3 3 3 3 3
3 3 3 -1 -1 0 0 0 0 0 0 0 0 0 3 3 3
3 3 -1 -1 -1 0 0 0 0 0 0 0 0 0 1 3 3
3 3 -1 -1 -1 0 0 0 0 0 0 0 0 0 0 3 3
3 -1 -1 -1 -1 0 0 0 0 0 0 0 0 0 0 -1 3
3 -1 -1 -1 -1 0 0 0 0 0 0 0 0 0 -1 -1 3
3 -1 -1 -1 -1 -1 0 0 0 0 0 0 0 -1 -1 -1 3
-1 -1 -1 -1 -1 -1 -1 -1 0 -1 -1 -1 -1 -1 -1 -1 -1
3 -1 -1 -1 -1 -1 -1 -1 0 -1 -1 -1 -1 -1 -1 -1 3
3 -1 -1 -1 -1 -1 -1 -1 0 -1 -1 -1 -1 -1 -1 -1 3
3 -1 -1 -1 -1 -1 -1 -1 0 -1 -1 -1 -1 -1 -1 -1 3
3 3 -1 -1 -1 -1 -1 -1 0 -1 -1 -1 -1 -1 -1 3 3
3 3 -1 -1 -1 -1 -1 -1 0 -1 -1 -1 -1 -1 -1 3 3
3 3 3 -1 -1 -1 -1 0 0 0 0 0 -1 -1 3 3 3
3 3 3 3 3 -1 0 0 0 0 0 0 3 3 3 3 3
3 3 3 3 3 3 3 3 0 3 3 3 3 3 3 3 3
16:35:35.222553 - stdout  :: 1 1
16:35:35.228374 - stdin   :: 15 50 2 0
15 50
3 3 3 3 3 3 3 3 0 3 3 3 3 3 3 3 3
3 3 3 3 3 0 0 0 0 0 0 0 3 3 3 3 3
3 3 3 -1 -1 0 0 0 0 0 0 0 0 0 3 3 3
3 3 -1 -1 -1 0 0 0 0 0 0 0 0 0 0 3 3
3 3 -1 -1 -1 0 0 0 0 0 0 0 0 0 -1 3 3
3 -1 -1 -1 -1 -1 0 0 0 0 0 0 0 -1 -1 -1 3
3 -1 -1 -1 -1 -1 -1 -1 0 -1 -1 -1 -1 -1 -1 -1 3
3 -1 -1 -1 -1 -1 -1 -1 0 -1 -1 -1 -1 -1 -1 -1 3
-1 -1 -1 -1 -1 -1 -1 -1 0 -1 -1 -1 -1 -1 -1 -1 -1
3 -1 -1 -1 -1 -1 -1 -1 0 -1 -1 -1 -1 -1 -1 -1 3
3 -1 -1 -1 -1 -1 -1 -1 0 -1 -1 -1 -1 -1 -1 -1 3
3 -1 -1 -1 -1 -1 -1 -1 0 -1 -1 -1 -1 -1 -1 -1 3
3 3 -1 -1 -1 -1 -1 0 0 0 0 0 -1 -1 -1 3 3
3 3 -1 -1 -1 -1 0 0 0 0 0 0 0 -1 -1 3 3
3 3 3 -1 -1 -1 0 0 0 0 0 0 0 0 3 3 3
3 3 3 3 3 -1 0 0 0 0 0 0 3 3 3 3 3
3 3 3 3 3 3 3 3 0 3 3 3 3 3 3 3 3
16:35:35.275930 - stdout  :: 1 0
16:35:35.281734 - stdin   :: 18 50 3 0
18 50
3 3 3 3 3 3 3 3 0 3 3 3 3 3 3 3 3
3 3 3 3 3 0 0 0 0 0 0 0 3 3 3 3 3
3 3 3 -1 -1 -1 0 0 0 0 0 0 0 -1 3 3 3
3 3 -1 -1 -1 -1 -1 -1 0 -1 -1 -1 -1 -1 -1 3 3
3 3 -1 -1 -1 -1 -1 -1 0 -1 -1 -1 -1 -1 -1 3 3
3 -1 -1 -1 -1 -1 -1 -1 0 -1 -1 -1 -1 -1 -1 -1 3
3 -1 -1 -1 -1 -1 -1 -1 0 -1 -1 -1 -1 -1 -1 -1 3
3 -1 -1 -1 -1 -1 -1 -1 0 -1 -1 -1 -1 -1 -1 -1 3
-1 -1 -1 -1 -1 -1 -1 -1 0 -1 -1 -1 -1 -1 -1 -1 -1
3 -1 -1 -1 -1 -1 -1 0 0 0 0 0 -1 -1 -1 -1 3
3 -1 -1 -1 -1 -1 0 0 0 0 0 0 0 -1 -1 -1 3
3 -1 -1 -1 -1 -1 0 0 0 0 0 0 0 0 -1 -1 3
3 3 -1 -1 -1 -1 0 0 0 0 0 0 0 0 -1 3 3
3 3 -1 -1 -1 -1 0 0 0 0 0 0 0 0 -1 3 3
3 3 3 -1 -1 -1 0 0 0 0 0 0 0 0 3 3 3
3 3 3 3 3 -1 0 0 0 0 0 0 3 3 3 3 3
3 3 3 3 3 3 3 3 0 3 3 3 3 3 3 3 3
16:35:35.335674 - stdout  :: 0 1
16:35:35.343302 - stdin   :: 21 51 3 1
21 51
3 3 3 3 3 3 3 3 -1 3 3 3 3 3 3 3 3
3 3 3 3 3 -1 -1 0 -1 -1 -1 -1 3 3 3 3 3
3 3 3 -1 -1 -1 -1 0 -1 -1 -1 -1 -1 -1 3 3 3
3 3 -1 -1 -1 -1 -1 0 -1 -1 -1 -1 -1 -1 -1 3 3
3 3 -1 -1 -1 -1 -1 0 -1 -1 -1 -1 -1 -1 -1 3 3
3 -1 -1 -1 -1 -1 -1 0 -1 -1 -1 -1 -1 -1 -1 -1 3
3 -1 -1 -1 -1 -1 0 0 0 0 0 -1 -1 -1 -1 -1 3
3 -1 -1 -1 -1 0 0 0 0 0 0 0 -1 -1 -1 -1 3
-1 -1 -1 -1 -1 0 0 0 0 0 0 0 0 -1 -1 -1 -1
3 -1 -1 -1 -1 0 0 0 0 0 0 0 0 -1 -1 -1 3
3 -1 -1 -1 -1 0 0 0 0 0 0 0 0 -1 -1 -1 3
3 0 -1 -1 -1 0 0 0 0 0 0 0 0 -1 -1 -1 3
3 3 -1 -1 -1 0 0 0 0 0 0 0 0 -1 -1 3 3
3 3 -1 -1 -1 -1 0 0 0 0 0 0 -1 -1 -1 3 3
3 3 3 -1 -1 -1 -1 0 -1 -1 -1 -1 -1 -1 3 3 3
3 3 3 3 3 -1 -1 0 -1 -1 -1 -1 3 3 3 3 3
3 3 3 3 3 3 3 3 -1 3 3 3 3 3 3 3 3
16:35:35.393603 - stdout  :: 0 -1
16:35:35.397192 - stdin   :: 24 51 3 0
24 51
3 3 3 3 3 3 3 3 -1 3 3 3 3 3 3 3 3
3 3 3 3 3 -1 -1 0 -1 -1 -1 -1 3 3 3 3 3
3 3 3 -1 -1 -1 -1 0 -1 -1 -1 -1 -1 -1 3 3 3
3 3 -1 -1 -1 -1 0 0 0 0 0 -1 -1 -1 -1 3 3
3 3 -1 -1 -1 0 0 0 0 0 0 0 -1 -1 -1 3 3
3 -1 -1 -1 -1 0 0 0 0 0 0 0 0 -1 -1 -1 3
3 -1 -1 -1 -1 0 0 0 0 0 0 0 0 -1 -1 -1 3
3 -1 -1 -1 -1 0 0 0 0 0 0 0 0 -1 -1 -1 3
-1 0 -1 -1 -1 0 0 0 0 0 0 0 0 -1 -1 -1 -1
3 0 -1 -1 -1 0 0 0 0 0 0 0 0 -1 -1 -1 3
3 0 -1 -1 -1 -1 0 0 0 0 0 0 -1 -1 -1 -1 3
3 0 -1 -1 -1 -1 -1 0 -1 -1 -1 -1 -1 -1 -1 -1 3
3 3 -1 -1 -1 -1 -1 0 -1 -1 -1 -1 -1 -1 -1 3 3
3 3 -1 -1 -1 -1 -1 0 -1 -1 -1 -1 -1 -1 -1 3 3
3 3 3 -1 -1 -1 -1 0 -1 -1 -1 -1 -1 -1 3 3 3
3 3 3 3 3 -1 0 0 0 0 -1 -1 3 3 3 3 3
3 3 3 3 3 3 3 3 0 3 3 3 3 3 3 3 3
16:35:35.442961 - stdout  :: 0 -1
16:35:35.446070 - stdin   :: 27 50 3 -1
27 50
3 3 3 3 3 3 3 3 0 3 3 3 3 3 3 3 3
3 3 3 3 3 -1 0 0 0 0 0 0 3 3 3 3 3
3 3 3 -1 -1 -1 0 0 0 0 0 0 0 0 3 3 3
3 3 -1 -1 -1 -1 0 0 0 0 0 0 0 0 -1 3 3
3 3 -1 -1 -1 -1 0 0 0 0 0 0 0 0 -1 3 3
3 -1 0 -1 -1 -1 0 0 0 0 0 0 0 0 -1 -1 3
3 -1 0 -1 -1 -1 0 0 0 0 0 0 0 0 -1 -1 3
3 -1 0 -1 -1 -1 -1 0 0 0 0 0 0 -1 -1 -1 3
-1 -1 0 -1 -1 -1 -1 -1 0 -1 -1 -1 -1 -1 -1 -1 -1
3 -1 0 -1 -1 -1 -1 -1 0 -1 -1 -1 -1 -1 -1 -1 3
3 -1 0 -1 -1 -1 -1 -1 0 -1 -1 -1 -1 -1 -1 -1 3
3 0 -1 -1 -1 -1 -1 -1 0 -1 -1 -1 -1 -1 -1 -1 3
3 3 -1 -1 -1 -1 -1 0 0 0 0 -1 -1 -1 -1 3 3
3 3 -1 -1 -1 -1 0 0 0 0 0 0 -1 -1 -1 3 3
3 3 3 -1 -1 -1 0 0 0 0 0 0 0 -1 3 3 3
3 3 3 3 3 -1 0 0 0 0 0 0 3 3 3 3 3
3 3 3 3 3 3 3 3 0 3 3 3 3 3 3 3 3
16:35:35.512106 - stdout  :: 0 1
16:35:35.517979 - stdin   :: 30 50 3 0
30 50
3 3 3 3 3 3 3 3 0 3 3 3 3 3 3 3 3
3 3 3 3 3 -1 0 0 0 0 0 0 3 3 3 3 3
3 3 3 -1 -1 -1 0 0 0 0 0 0 0 0 3 3 3
3 3 0 -1 -1 -1 0 0 0 0 0 0 0 0 -1 3 3
3 3 0 -1 -1 -1 -1 0 0 0 0 0 0 -1 -1 3 3
3 -1 0 -1 -1 -1 -1 -1 0 -1 -1 -1 -1 -1 -1 -1 3
3 -1 0 -1 -1 -1 -1 -1 0 -1 -1 -1 -1 -1 -1 -1 3
3 -1 0 -1 -1 -1 -1 -1 0 -1 -1 -1 -1 -1 -1 -1 3
-1 0 -1 -1 -1 -1 -1 -1 0 -1 -1 -1 -1 -1 -1 -1 -1
3 -1 -1 -1 -1 -1 -1 0 0 0 0 -1 -1 -1 -1 -1 3
3 -1 -1 -1 -1 -1 0 0 0 0 0 0 -1 -1 -1 -1 3
3 -1 -1 -1 -1 -1 0 0 0 0 0 0 0 -1 -1 -1 3
3 3 -1 -1 -1 -1 0 0 0 0 0 0 0 -1 -1 3 3
3 3 0 0 0 0 0 0 0 0 0 0 0 -1 -1 3 3
3 3 3 -1 -1 -1 -1 0 0 0 0 0 0 -1 3 3 3
3 3 3 3 3 -1 -1 -1 0 0 0 0 3 3 3 3 3
3 3 3 3 3 3 3 3 -1 3 3 3 3 3 3 3 3
16:35:35.568044 - stdout  :: 0 1
16:35:35.572350 - stdin   :: 33 51 3 1
33 51
3 3 3 3 3 3 3 3 0 3 3 3 3 3 3 3 3
3 3 3 3 3 -1 0 0 0 0 0 0 3 3 3 3 3
3 3 3 -1 -1 -1 -1 0 -1 -1 -1 -1 -1 -1 3 3 3
3 3 -1 -1 -1 -1 -1 0 -1 -1 -1 -1 -1 -1 -1 3 3
3 3 -1 -1 -1 -1 -1 0 -1 -1 -1 -1 -1 -1 -1 3 3
3 -1 -1 -1 -1 -1 -1 0 -1 -1 -1 -1 -1 -1 -1 -1 3
3 -1 -1 -1 -1 -1 0 0 0 0 -1 -1 -1 -1 -1 -1 3
3 -1 -1 -1 -1 0 0 0 0 0 0 -1 -1 -1 -1 -1 3
-1 -1 -1 -1 -1 0 0 0 0 0 0 0 -1 -1 -1 -1 -1
3 -1 -1 -1 -1 0 0 0 0 0 0 0 -1 -1 -1 -1 3
3 0 0 0 0 0 0 0 0 0 0 0 -1 -1 -1 -1 3
3 -1 -1 -1 -1 -1 0 0 0 0 0 0 -1 -1 -1 -1 3
3 3 -1 -1 -1 -1 -1 0 0 0 0 -1 -1 -1 -1 3 3
3 3 -1 -1 -1 -1 -1 -1 -1 -1 -1 -1 -1 -1 -1 3 3
3 3 3 -1 -1 -1 -1 -1 -1 -1 -1 -1 -1 -1 3 3 3
3 3 3 3 3 -1 -1 -1 -1 -1 -1 -1 3 3 3 3 3
3 3 3 3 3 3 3 3 -1 3 3 3 3 3 3 3 3
16:35:35.611334 - stdout  :: 0 -1
16:35:35.615122 - stdin   :: 36 51 3 0
36 51
3 3 3 3 3 3 3 3 -1 3 3 3 3 3 3 3 3
3 3 3 3 3 -1 -1 0 -1 -1 -1 -1 3 3 3 3 3
3 3 3 -1 -1 -1 -1 0 -1 -1 -1 -1 -1 -1 3 3 3
3 3 -1 -1 -1 -1 0 0 0 0 -1 -1 -1 -1 -1 3 3
3 3 -1 -1 -1 0 0 0 0 0 0 -1 -1 -1 -1 3 3
3 -1 -1 -1 -1 0 0 0 0 0 0 0 -1 -1 -1 -1 3
3 -1 -1 -1 -1 0 0 0 0 0 0 0 -1 -1 -1 -1 3
3 0 0 0 0 0 0 0 0 0 0 0 -1 -1 -1 -1 3
-1 -1 -1 -1 -1 -1 0 0 0 0 0 0 -1 -1 -1 -1 -1
3 -1 -1 -1 -1 -1 -1 0 0 0 0 -1 -1 -1 -1 -1 3
3 -1 -1 -1 -1 -1 -1 -1 -1 -1 -1 -1 -1 -1 -1 -1 3
3 -1 -1 -1 -1 -1 -1 -1 -1 -1 -1 -1 -1 -1 -1 -1 3
3 3 -1 -1 -1 -1 -1 -1 -1 -1 -1 -1 -1 -1 -1 3 3
3 3 -1 -1 -1 -1 -1 -1 -1 -1 -1 -1 -1 -1 -1 3 3
3 3 3 -1 -1 -1 -1 -1 -1 -1 -1 -1 -1 -1 3 3 3
3 3 3 3 3 -1 -1 -1 -1 -1 -1 -1 3 3 3 3 3
3 3 3 3 3 3 3 3 -1 3 3 3 3 3 3 3 3
16:35:35.704843 - stdout  :: -1 0
16:35:35.708227 - stdin   :: 36 51 0 0
36 51
3 3 3 3 3 3 3 3 -1 3 3 3 3 3 3 3 3
3 3 3 3 3 -1 -1 0 -1 -1 -1 -1 3 3 3 3 3
3 3 3 -1 -1 -1 -1 0 -1 -1 -1 -1 -1 -1 3 3 3
3 3 -1 -1 -1 -1 0 0 0 0 -1 -1 -1 -1 -1 3 3
3 3 -1 -1 -1 0 0 0 0 0 0 -1 -1 -1 -1 3 3
3 -1 -1 -1 -1 0 0 0 0 0 0 0 -1 -1 -1 -1 3
3 -1 -1 -1 -1 0 0 0 0 0 0 0 -1 -1 -1 -1 3
3 0 0 0 0 0 0 0 0 0 0 0 -1 -1 -1 -1 3
-1 -1 -1 -1 -1 -1 0 0 0 0 0 0 -1 -1 -1 -1 -1
3 -1 -1 -1 -1 -1 -1 0 0 0 0 -1 -1 -1 -1 -1 3
3 -1 -1 -1 -1 -1 -1 -1 -1 -1 -1 -1 -1 -1 -1 -1 3
3 -1 -1 -1 -1 -1 -1 -1 -1 -1 -1 -1 -1 -1 -1 -1 3
3 3 -1 -1 -1 -1 -1 -1 -1 -1 -1 -1 -1 -1 -1 3 3
3 3 -1 -1 -1 -1 -1 -1 -1 -1 -1 -1 -1 -1 -1 3 3
3 3 3 -1 -1 -1 -1 -1 -1 -1 -1 -1 -1 -1 3 3 3
3 3 3 3 3 -1 -1 -1 -1 -1 -1 -1 3 3 3 3 3
3 3 3 3 3 3 3 3 -1 3 3 3 3 3 3 3 3
16:35:35.746304 - stdout  :: -1 -1
16:35:35.750446 - stdin   :: 35 50 -1 -1
35 50
3 3 3 3 3 3 3 3 0 3 3 3 3 3 3 3 3
3 3 3 3 3 -1 -1 -1 0 -1 -1 -1 3 3 3 3 3
3 3 3 -1 -1 -1 -1 -1 0 -1 -1 -1 -1 -1 3 3 3
3 3 -1 -1 -1 -1 -1 -1 0 -1 -1 -1 -1 -1 -1 3 3
3 3 -1 -1 -1 -1 -1 0 0 0 0 -1 -1 -1 -1 3 3
3 -1 -1 -1 -1 -1 0 0 0 0 0 0 -1 -1 -1 -1 3
3 -1 -1 -1 -1 -1 0 0 0 0 0 0 0 -1 -1 -1 3
3 -1 -1 -1 -1 -1 0 0 0 0 0 0 0 -1 -1 -1 3
0 0 0 0 0 0 0 0 0 0 0 0 0 -1 -1 -1 -1
3 -1 -1 -1 -1 -1 -1 0 0 0 0 0 0 -1 -1 -1 3
3 -1 -1 -1 -1 -1 -1 -1 0 0 0 0 -1 -1 -1 -1 3
3 -1 -1 -1 -1 -1 -1 -1 -1 -1 -1 -1 -1 -1 -1 -1 3
3 3 -1 -1 -1 -1 -1 -1 -1 -1 -1 -1 -1 -1 -1 3 3
3 3 -1 -1 -1 -1 -1 -1 -1 -1 -1 -1 -1 -1 -1 3 3
3 3 3 -1 -1 -1 -1 -1 -1 -1 -1 -1 -1 -1 3 3 3
3 3 3 3 3 -1 -1 -1 -1 -1 -1 -1 3 3 3 3 3
3 3 3 3 3 3 3 3 -1 3 3 3 3 3 3 3 3
16:35:35.802391 - stdout  :: 1 -1
16:35:35.806074 - stdin   :: 35 48 0 -2
35 48
3 3 3 3 3 3 3 3 -1 3 3 3 3 3 3 3 3
3 3 3 3 3 -1 -1 -1 -1 -1 0 -1 3 3 3 3 3
3 3 3 -1 0 -1 -1 -1 -1 -1 0 -1 -1 -1 3 3 3
3 3 -1 0 -1 -1 -1 -1 -1 -1 0 -1 -1 -1 -1 3 3
3 3 0 -1 -1 -1 -1 -1 -1 0 0 0 0 -1 -1 3 3
3 0 -1 -1 -1 -1 -1 -1 0 0 0 0 0 0 -1 -1 3
3 -1 -1 -1 -1 -1 -1 -1 0 0 0 0 0 0 0 -1 3
3 -1 -1 -1 -1 -1 -1 -1 0 0 0 0 0 0 0 -1 3
0 0 0 0 0 0 0 0 0 0 0 0 0 0 0 -1 -1
3 -1 -1 -1 -1 -1 -1 -1 -1 0 0 0 0 0 0 -1 3
3 -1 -1 -1 -1 -1 -1 -1 -1 -1 0 0 0 0 -1 -1 3
3 -1 -1 -1 -1 -1 -1 -1 -1 -1 -1 -1 -1 -1 -1 -1 3
3 3 -1 -1 -1 -1 -1 -1 -1 -1 -1 -1 -1 -1 -1 3 3
3 3 -1 -1 -1 -1 -1 -1 -1 -1 -1 -1 -1 -1 -1 3 3
3 3 3 -1 -1 -1 -1 -1 -1 -1 -1 -1 -1 -1 3 3 3
3 3 3 3 3 -1 -1 -1 -1 -1 -1 -1 3 3 3 3 3
3 3 3 3 3 3 3 3 -1 3 3 3 3 3 3 3 3
16:35:35.852779 - stdout  :: 0 -1
16:35:35.856693 - stdin   :: 35 45 0 -3
35 45
3 3 3 3 3 3 3 3 -1 3 3 3 3 3 3 3 3
3 3 3 3 3 -1 -1 0 -1 -1 -1 -1 3 3 3 3 3
3 3 3 -1 -1 -1 -1 0 -1 -1 -1 -1 -1 0 3 3 3
3 3 0 0 -1 -1 0 -1 -1 -1 -1 -1 -1 0 -1 3 3
3 3 0 0 -1 0 -1 -1 -1 -1 -1 -1 0 0 0 3 3
3 0 0 0 0 -1 -1 -1 -1 -1 -1 0 0 0 0 0 3
3 0 0 0 -1 -1 -1 -1 -1 -1 -1 0 0 0 0 0 3
3 0 0 -1 -1 -1 -1 -1 -1 -1 -1 0 0 0 0 0 3
0 0 0 0 0 0 0 0 0 0 0 0 0 0 0 0 0
3 0 -1 -1 -1 -1 -1 -1 -1 -1 -1 -1 0 0 0 0 3
3 -1 -1 -1 -1 -1 -1 -1 -1 -1 -1 -1 -1 0 0 0 3
3 -1 -1 -1 -1 -1 -1 -1 -1 -1 -1 -1 -1 -1 -1 -1 3
3 3 -1 -1 -1 -1 -1 -1 -1 -1 -1 -1 -1 -1 -1 3 3
3 3 -1 -1 -1 -1 -1 -1 -1 -1 -1 -1 -1 -1 -1 3 3
3 3 3 -1 -1 -1 -1 -1 -1 -1 -1 -1 -1 -1 3 3 3
3 3 3 3 3 -1 -1 -1 -1 -1 -1 -1 3 3 3 3 3
3 3 3 3 3 3 3 3 -1 3 3 3 3 3 3 3 3
16:35:35.914269 - stdout  :: 0 0
16:35:35.917775 - stdin   :: 35 42 0 -3
35 42
3 3 3 3 3 3 3 3 -1 3 3 3 3 3 3 3 3
3 3 3 3 3 -1 -1 -1 -1 -1 0 -1 3 3 3 3 3
3 3 3 0 0 0 -1 -1 -1 -1 0 -1 -1 -1 3 3 3
3 3 0 0 0 0 0 -1 -1 0 -1 -1 -1 -1 -1 3 3
3 3 0 0 0 0 0 -1 0 -1 -1 -1 -1 -1 -1 3 3
3 0 0 0 0 0 0 0 -1 -1 -1 -1 -1 -1 0 0 3
3 0 0 0 0 0 0 -1 -1 -1 -1 -1 -1 -1 0 0 3
3 0 0 0 0 0 -1 -1 -1 -1 -1 -1 -1 -1 0 0 3
0 0 0 0 0 0 0 0 0 0 0 0 0 0 0 0 0
3 0 0 0 0 -1 -1 -1 -1 -1 -1 -1 -1 -1 -1 0 3
3 0 0 -1 -1 -1 -1 -1 -1 -1 -1 -1 -1 -1 -1 -1 3
3 -1 -1 -1 -1 -1 -1 -1 -1 -1 -1 -1 -1 -1 -1 -1 3
3 3 -1 -1 -1 -1 -1 -1 -1 -1 -1 -1 -1 -1 -1 3 3
3 3 -1 -1 -1 -1 -1 -1 -1 -1 -1 -1 -1 -1 -1 3 3
3 3 3 -1 -1 -1 -1 -1 -1 -1 -1 -1 -1 -1 3 3 3
3 3 3 3 3 -1 -1 -1 -1 -1 -1 -1 3 3 3 3 3
3 3 3 3 3 3 3 3 -1 3 3 3 3 3 3 3 3
16:35:35.966817 - stdout  :: -1 0
16:35:35.970368 - stdin   :: 34 39 -1 -3
34 39
3 3 3 3 3 3 3 3 -1 3 3 3 3 3 3 3 3
3 3 3 3 3 0 0 -1 -1 -1 -1 -1 3 3 3 3 3
3 3 3 0 0 0 0 0 -1 -1 -1 -1 -1 0 3 3 3
3 3 0 0 0 0 0 0 0 -1 -1 -1 -1 0 -1 3 3
3 3 0 0 0 0 0 0 0 0 -1 -1 0 -1 -1 3 3
3 0 0 0 0 0 0 0 0 0 -1 0 -1 -1 -1 -1 3
3 0 0 0 0 0 0 0 0 0 0 -1 -1 -1 -1 -1 3
3 0 0 0 0 0 0 0 0 0 -1 -1 -1 -1 -1 -1 3
0 0 0 0 0 0 0 0 0 -1 -1 -1 -1 -1 -1 -1 -1
3 0 0 0 0 0 0 0 0 0 0 0 0 0 0 0 3
3 0 0 0 0 0 0 0 -1 -1 -1 -1 -1 -1 -1 -1 3
3 0 0 0 0 0 -1 -1 -1 -1 -1 -1 -1 -1 -1 -1 3
3 3 -1 -1 -1 -1 -1 -1 -1 -1 -1 -1 -1 -1 -1 3 3
3 3 -1 -1 -1 -1 -1 -1 -1 -1 -1 -1 -1 -1 -1 3 3
3 3 3 -1 -1 -1 -1 -1 -1 -1 -1 -1 -1 -1 3 3 3
3 3 3 3 3 -1 -1 -1 -1 -1 -1 -1 3 3 3 3 3
3 3 3 3 3 3 3 3 -1 3 3 3 3 3 3 3 3
16:35:36.018402 - stdout  :: -1 1
16:35:36.022269 - stdin   :: 32 37 -2 -2
32 37
3 3 3 3 3 3 3 3 -1 3 3 3 3 3 3 3 3
3 3 3 3 3 -1 -1 -1 -1 -1 -1 -1 3 3 3 3 3
3 3 3 -1 -1 -1 -1 -1 -1 -1 -1 -1 -1 -1 3 3 3
3 3 0 0 0 0 0 0 0 -1 -1 -1 -1 -1 -1 3 3
3 3 0 0 0 0 0 0 0 0 -1 -1 -1 -1 -1 3 3
3 0 0 0 0 0 0 0 0 0 0 -1 -1 -1 -1 0 3
3 0 0 0 0 0 0 0 0 0 0 0 -1 -1 0 -1 3
3 0 0 0 0 0 0 0 0 0 0 0 -1 0 -1 -1 3
0 0 0 0 0 0 0 0 0 0 0 0 0 -1 -1 -1 -1
3 0 0 0 0 0 0 0 0 0 0 0 -1 -1 -1 -1 3
3 0 0 0 0 0 0 0 0 0 0 -1 -1 -1 -1 -1 3
3 0 0 0 0 0 0 0 0 0 0 0 0 0 0 0 3
3 3 0 0 0 0 0 0 0 0 -1 -1 -1 -1 -1 3 3
3 3 0 0 0 0 0 0 -1 -1 -1 -1 -1 -1 -1 3 3
3 3 3 -1 -1 -1 -1 -1 -1 -1 -1 -1 -1 -1 3 3 3
3 3 3 3 3 -1 -1 -1 -1 -1 -1 -1 3 3 3 3 3
3 3 3 3 3 3 3 3 -1 3 3 3 3 3 3 3 3
16:35:36.085571 - stdout  :: -1 -1
16:35:36.089123 - stdin   :: 29 34 -3 -3
29 34
3 3 3 3 3 3 3 3 -1 3 3 3 3 3 3 3 3
3 3 3 3 3 -1 -1 -1 -1 -1 0 0 3 3 3 3 3
3 3 3 -1 -1 -1 -1 -1 -1 -1 -1 -1 -1 -1 3 3 3
3 3 -1 -1 -1 -1 -1 -1 -1 -1 -1 -1 -1 -1 -1 3 3
3 3 -1 -1 -1 -1 -1 -1 -1 -1 -1 -1 -1 -1 -1 3 3
3 -1 -1 -1 -1 -1 -1 -1 -1 -1 -1 -1 -1 -1 -1 -1 3
3 -1 -1 -1 -1 0 0 0 0 0 0 0 -1 -1 -1 -1 3
3 -1 0 0 0 0 0 0 0 0 0 0 0 -1 -1 -1 3
-1 -1 0 0 0 0 0 0 0 0 0 0 0 0 -1 -1 -1
3 0 0 0 0 0 0 0 0 0 0 0 0 0 0 -1 3
3 0 0 0 0 0 0 0 0 0 0 0 0 0 0 -1 3
3 0 0 0 0 0 0 0 0 0 0 0 0 0 0 0 3
3 3 0 0 0 0 0 0 0 0 0 0 0 0 0 3 3
3 3 0 0 0 0 0 0 0 0 0 0 0 0 -1 3 3
3 3 3 0 0 0 0 0 0 0 0 0 0 0 3 3 3
3 3 3 3 3 0 0 0 0 0 0 0 3 3 3 3 3
3 3 3 3 3 3 3 3 0 3 3 3 3 3 3 3 3
16:35:36.148079 - stdout  :: 1 0
16:35:36.151307 - stdin   :: 27 31 -2 -3
27 31
3 3 3 3 3 3 3 3 -1 3 3 3 3 3 3 3 3
3 3 3 3 3 0 0 0 -1 -1 -1 -1 3 3 3 3 3
3 3 3 0 0 0 0 -1 -1 -1 -1 -1 -1 0 3 3 3
3 3 -1 0 0 0 0 -1 -1 -1 -1 -1 -1 0 0 3 3
3 3 -1 -1 -1 -1 -1 -1 -1 -1 -1 -1 -1 -1 -1 3 3
3 -1 -1 -1 -1 -1 -1 -1 -1 -1 -1 -1 -1 -1 -1 -1 3
3 -1 -1 -1 -1 -1 -1 -1 -1 -1 -1 -1 -1 -1 -1 -1 3
3 -1 -1 -1 -1 -1 -1 -1 -1 -1 -1 -1 -1 -1 -1 -1 3
-1 -1 -1 -1 -1 -1 -1 -1 0 0 0 0 0 0 0 -1 -1
3 -1 -1 -1 -1 0 0 0 0 0 0 0 0 0 0 0 3
3 -1 -1 -1 -1 0 0 0 0 0 0 0 0 0 0 0 3
3 -1 -1 -1 0 0 0 0 0 0 0 0 0 0 0 0 3
3 3 -1 -1 0 0 0 0 0 0 0 0 0 0 0 3 3
3 3 -1 -1 0 0 0 0 0 0 0 0 0 0 0 3 3
3 3 3 -1 0 0 0 0 0 0 0 0 0 0 3 3 3
3 3 3 3 3 0 0 0 0 0 0 0 3 3 3 3 3
3 3 3 3 3 3 3 3 0 3 3 3 3 3 3 3 3
16:35:36.345182 - stdout  :: 1 1
16:35:36.348828 - stdin   :: 27 31 0 0
27 31
3 3 3 3 3 3 3 3 -1 3 3 3 3 3 3 3 3
3 3 3 3 3 0 0 0 -1 -1 -1 -1 3 3 3 3 3
3 3 3 0 0 0 0 -1 -1 -1 -1 -1 -1 0 3 3 3
3 3 -1 0 0 0 0 -1 -1 -1 -1 -1 -1 0 0 3 3
3 3 -1 -1 -1 -1 -1 -1 -1 -1 -1 -1 -1 -1 -1 3 3
3 -1 -1 -1 -1 -1 -1 -1 -1 -1 -1 -1 -1 -1 -1 -1 3
3 -1 -1 -1 -1 -1 -1 -1 -1 -1 -1 -1 -1 -1 -1 -1 3
3 -1 -1 -1 -1 -1 -1 -1 -1 -1 -1 -1 -1 -1 -1 -1 3
-1 -1 -1 -1 -1 -1 -1 -1 0 0 0 0 0 0 0 -1 -1
3 -1 -1 -1 -1 0 0 0 0 0 0 0 0 0 0 0 3
3 -1 -1 -1 -1 0 0 0 0 0 0 0 0 0 0 0 3
3 -1 -1 -1 0 0 0 0 0 0 0 0 0 0 0 0 3
3 3 -1 -1 0 0 0 0 0 0 0 0 0 0 0 3 3
3 3 -1 -1 0 0 0 0 0 0 0 0 0 0 0 3 3
3 3 3 -1 0 0 0 0 0 0 0 0 0 0 3 3 3
3 3 3 3 3 0 0 0 0 0 0 0 3 3 3 3 3
3 3 3 3 3 3 3 3 0 3 3 3 3 3 3 3 3
16:35:36.440790 - stdout  :: 1 -1
16:35:36.444475 - stdin   :: 28 30 1 -1
28 30
3 3 3 3 3 3 3 3 0 3 3 3 3 3 3 3 3
3 3 3 3 3 0 0 0 -1 -1 -1 -1 3 3 3 3 3
3 3 3 -1 0 0 0 0 -1 -1 -1 -1 -1 -1 3 3 3
3 3 -1 -1 -1 -1 -1 -1 -1 -1 -1 -1 -1 -1 -1 3 3
3 3 -1 -1 -1 -1 -1 -1 -1 -1 -1 -1 -1 -1 -1 3 3
3 -1 -1 -1 -1 -1 -1 -1 -1 -1 -1 -1 -1 -1 -1 -1 3
3 -1 -1 -1 -1 -1 -1 -1 -1 -1 -1 -1 -1 -1 -1 -1 3
3 -1 -1 -1 -1 -1 -1 -1 -1 0 0 0 0 0 0 0 3
-1 -1 -1 -1 -1 -1 0 0 0 0 0 0 0 0 0 0 0
3 -1 -1 -1 -1 -1 0 0 0 0 0 0 0 0 0 0 3
3 -1 -1 -1 -1 0 0 0 0 0 0 0 0 0 0 0 3
3 -1 -1 -1 -1 0 0 0 0 0 0 0 0 0 0 0 3
3 3 -1 -1 -1 0 0 0 0 0 0 0 0 0 0 3 3
3 3 -1 -1 -1 0 0 0 0 0 0 0 0 0 0 3 3
3 3 3 -1 -1 0 0 0 0 0 0 0 0 0 3 3 3
3 3 3 3 3 0 0 0 0 0 0 0 3 3 3 3 3
3 3 3 3 3 3 3 3 0 3 3 3 3 3 3 3 3
16:35:36.540505 - stdout  :: 1 0
16:35:36.546081 - stdin   :: 30 29 2 -1
30 29
3 3 3 3 3 3 3 3 0 3 3 3 3 3 3 3 3
3 3 3 3 3 -1 -1 -1 -1 -1 -1 -1 3 3 3 3 3
3 3 3 -1 -1 -1 -1 -1 -1 -1 -1 -1 -1 -1 3 3 3
3 3 -1 -1 -1 -1 -1 -1 -1 -1 -1 -1 -1 -1 -1 3 3
3 3 -1 -1 -1 -1 -1 -1 -1 -1 -1 -1 -1 -1 -1 3 3
3 -1 -1 -1 -1 -1 -1 -1 -1 -1 0 0 0 0 0 0 3
3 -1 -1 -1 -1 -1 -1 0 0 0 0 0 0 0 0 0 3
3 -1 -1 -1 -1 -1 -1 0 0 0 0 0 0 0 0 0 3
-1 -1 -1 -1 -1 -1 0 0 0 0 0 0 0 0 0 0 0
3 -1 -1 -1 -1 -1 0 0 0 0 0 0 0 0 0 0 3
3 -1 -1 -1 -1 -1 0 0 0 0 0 0 0 0 0 0 3
3 -1 -1 -1 -1 -1 0 0 0 0 0 0 0 0 0 0 3
3 3 -1 -1 -1 -1 0 0 0 0 0 0 0 0 0 3 3
3 3 -1 -1 -1 -1 0 0 0 0 0 0 0 0 0 3 3
3 3 3 -1 -1 -1 0 0 0 0 0 0 0 0 3 3 3
3 3 3 3 3 -1 -1 -1 0 0 0 0 3 3 3 3 3
3 3 3 3 3 3 3 3 -1 3 3 3 3 3 3 3 3
16:35:36.621105 - stdout  :: 1 1
16:35:36.624972 - stdin   :: 33 29 3 0
33 29
3 3 3 3 3 3 3 3 -1 3 3 3 3 3 3 3 3
3 3 3 3 3 -1 -1 -1 -1 -1 -1 -1 3 3 3 3 3
3 3 3 -1 -1 -1 -1 -1 -1 -1 0 0 0 0 3 3 3
3 3 -1 -1 -1 -1 -1 0 0 0 0 0 0 0 0 3 3
3 3 -1 -1 -1 -1 -1 0 0 0 0 0 0 0 0 3 3
3 -1 -1 -1 -1 -1 0 0 0 0 0 0 0 0 0 0 3
3 -1 -1 -1 -1 -1 0 0 0 0 0 0 0 0 0 0 3
3 -1 -1 -1 -1 -1 0 0 0 0 0 0 0 0 0 0 3
-1 -1 -1 -1 -1 -1 0 0 0 0 0 0 0 0 0 0 0
3 -1 -1 -1 -1 -1 0 0 0 0 0 0 0 0 0 0 3
3 -1 -1 -1 -1 -1 0 0 0 0 0 0 0 0 0 0 3
3 -1 -1 -1 -1 -1 0 0 0 0 0 0 0 0 0 0 3
3 3 -1 -1 -1 -1 -1 -1 0 0 0 0 0 0 0 3 3
3 3 -1 -1 -1 -1 -1 -1 -1 -1 -1 -1 -1 -1 -1 3 3
3 3 3 -1 -1 -1 -1 -1 -1 -1 -1 -1 -1 -1 3 3 3
3 3 3 3 3 -1 -1 -1 -1 -1 -1 -1 3 3 3 3 3
3 3 3 3 3 3 3 3 -1 3 3 3 3 3 3 3 3
16:35:36.678740 - stdout  :: -1 1
16:35:36.682267 - stdin   :: 35 30 2 1
35 30
3 3 3 3 3 3 3 3 -1 3 3 3 3 3 3 3 3
3 3 3 3 3 -1 0 0 0 0 0 0 3 3 3 3 3
3 3 3 -1 -1 -1 0 0 0 0 0 0 0 0 3 3 3
3 3 -1 -1 -1 0 0 0 0 0 0 0 0 0 0 3 3
3 3 -1 -1 -1 0 0 0 0 0 0 0 0 0 0 3 3
3 -1 -1 -1 -1 0 0 0 0 0 0 0 0 0 0 0 3
3 -1 -1 -1 -1 0 0 0 0 0 0 0 0 0 0 0 3
3 -1 -1 -1 -1 0 0 0 0 0 0 0 0 0 0 0 3
-1 -1 -1 -1 -1 0 0 0 0 0 0 0 0 0 0 0 0
3 -1 -1 -1 -1 0 0 0 0 0 0 0 0 0 0 0 3
3 -1 -1 -1 -1 -1 -1 0 0 0 0 0 0 0 0 -1 3
3 -1 -1 -1 -1 -1 -1 -1 -1 -1 -1 -1 -1 -1 -1 -1 3
3 3 -1 -1 -1 -1 -1 -1 -1 -1 -1 -1 -1 -1 -1 3 3
3 3 -1 -1 -1 -1 -1 -1 -1 -1 -1 -1 -1 -1 -1 3 3
3 3 3 -1 -1 -1 -1 -1 -1 -1 -1 -1 -1 -1 3 3 3
3 3 3 3 3 -1 -1 -1 -1 -1 -1 -1 3 3 3 3 3
3 3 3 3 3 3 3 3 -1 3 3 3 3 3 3 3 3
16:35:36.732316 - stdout  :: -1 1
16:35:36.736442 - stdin   :: 36 32 1 2
36 32
3 3 3 3 3 3 3 3 0 3 3 3 3 3 3 3 3
3 3 3 3 3 0 0 0 0 0 0 0 3 3 3 3 3
3 3 3 0 0 0 0 0 0 0 0 0 0 0 3 3 3
3 3 -1 0 0 0 0 0 0 0 0 0 0 0 0 3 3
3 3 -1 0 0 0 0 0 0 0 0 0 0 0 0 3 3
3 -1 -1 0 0 0 0 0 0 0 0 0 0 0 0 0 3
3 -1 -1 0 0 0 0 0 0 0 0 0 0 0 0 0 3
3 -1 -1 0 0 0 0 0 0 0 0 0 0 0 0 0 3
-1 -1 -1 0 0 0 0 0 0 0 0 0 0 0 0 -1 -1
3 -1 -1 -1 -1 0 0 0 0 0 0 0 0 -1 -1 -1 3
3 -1 -1 -1 -1 -1 -1 -1 -1 -1 -1 -1 -1 -1 -1 -1 3
3 -1 -1 -1 -1 -1 -1 -1 -1 -1 -1 -1 -1 -1 -1 -1 3
3 3 -1 -1 -1 -1 -1 -1 -1 -1 -1 -1 -1 -1 -1 3 3
3 3 -1 -1 -1 -1 -1 -1 -1 -1 -1 -1 -1 -1 -1 3 3
3 3 3 -1 -1 -1 -1 -1 -1 -1 -1 -1 -1 -1 3 3 3
3 3 3 3 3 -1 -1 -1 -1 -1 -1 -1 3 3 3 3 3
3 3 3 3 3 3 3 3 -1 3 3 3 3 3 3 3 3
16:35:36.796669 - stdout  :: -1 1
16:35:36.800088 - stdin   :: 36 35 0 3
36 35
3 3 3 3 3 3 3 3 0 3 3 3 3 3 3 3 3
3 3 3 3 3 0 0 0 0 0 0 0 3 3 3 3 3
3 3 3 0 0 0 0 0 0 0 0 0 0 0 3 3 3
3 3 0 0 0 0 0 0 0 0 0 0 0 0 -1 3 3
3 3 0 0 0 0 0 0 0 0 0 0 0 0 0 3 3
3 0 0 0 0 0 0 0 0 0 0 0 0 0 -1 -1 3
3 0 0 0 0 0 0 0 0 0 0 0 0 -1 -1 -1 3
3 0 0 0 0 0 0 0 0 0 0 0 0 0 0 0 3
0 0 0 0 0 0 0 0 0 0 0 0 -1 -1 -1 -1 -1
3 -1 0 0 0 0 0 0 0 0 -1 -1 -1 -1 -1 -1 3
3 -1 -1 -1 -1 -1 -1 -1 -1 -1 -1 -1 -1 -1 -1 -1 3
3 -1 -1 -1 -1 -1 -1 -1 -1 -1 -1 -1 -1 -1 -1 -1 3
3 3 -1 -1 -1 -1 -1 -1 -1 -1 -1 -1 -1 -1 -1 3 3
3 3 -1 -1 -1 -1 -1 -1 -1 -1 -1 -1 -1 -1 -1 3 3
3 3 3 -1 -1 -1 -1 -1 -1 -1 -1 -1 -1 -1 3 3 3
3 3 3 3 3 -1 -1 -1 -1 -1 -1 -1 3 3 3 3 3
3 3 3 3 3 3 3 3 -1 3 3 3 3 3 3 3 3
16:35:36.854037 - stdout  :: -1 0
16:35:36.857222 - stdin   :: 35 38 -1 3
35 38
3 3 3 3 3 3 3 3 -1 3 3 3 3 3 3 3 3
3 3 3 3 3 0 0 0 0 -1 -1 -1 3 3 3 3 3
3 3 3 0 0 0 0 0 0 0 -1 -1 -1 -1 3 3 3
3 3 0 0 0 0 0 0 0 0 0 -1 -1 0 -1 3 3
3 3 0 0 0 0 0 0 0 0 0 -1 0 -1 -1 3 3
3 0 0 0 0 0 0 0 0 0 0 0 -1 -1 -1 -1 3
3 0 0 0 0 0 0 0 0 0 0 -1 -1 -1 -1 -1 3
3 0 0 0 0 0 0 0 0 0 -1 -1 -1 -1 -1 -1 3
0 0 0 0 0 0 0 0 0 0 0 0 0 0 0 0 0
3 0 0 0 0 0 0 0 0 -1 -1 -1 -1 -1 -1 -1 3
3 0 0 0 0 0 0 -1 -1 -1 -1 -1 -1 -1 -1 -1 3
3 -1 -1 -1 -1 -1 -1 -1 -1 -1 -1 -1 -1 -1 -1 -1 3
3 3 -1 -1 -1 -1 -1 -1 -1 -1 -1 -1 -1 -1 -1 3 3
3 3 -1 -1 -1 -1 -1 -1 -1 -1 -1 -1 -1 -1 -1 3 3
3 3 3 -1 -1 -1 -1 -1 -1 -1 -1 -1 -1 -1 3 3 3
3 3 3 3 3 -1 -1 -1 -1 -1 -1 -1 3 3 3 3 3
3 3 3 3 3 3 3 3 -1 3 3 3 3 3 3 3 3
16:35:36.914269 - stdout  :: -1 -1
16:35:36.918808 - stdin   :: 33 40 -2 2
33 40
3 3 3 3 3 3 3 3 -1 3 3 3 3 3 3 3 3
3 3 3 3 3 -1 -1 -1 -1 -1 -1 -1 3 3 3 3 3
3 3 3 0 0 0 -1 -1 -1 -1 -1 -1 0 -1 3 3 3
3 3 0 0 0 0 0 -1 -1 -1 -1 -1 0 -1 -1 3 3
3 3 0 0 0 0 0 0 -1 -1 -1 -1 0 -1 -1 3 3
3 0 0 0 0 0 0 0 0 -1 -1 0 -1 -1 -1 -1 3
3 0 0 0 0 0 0 0 0 -1 0 -1 -1 -1 -1 -1 3
3 0 0 0 0 0 0 0 0 0 -1 -1 -1 -1 -1 -1 3
0 0 0 0 0 0 0 0 0 -1 -1 -1 -1 -1 -1 -1 0
3 0 0 0 0 0 0 0 -1 -1 -1 -1 -1 -1 -1 -1 3
3 0 0 0 0 0 0 0 0 0 0 0 0 0 0 0 3
3 0 0 0 0 0 0 -1 -1 -1 -1 -1 -1 -1 -1 -1 3
3 3 0 0 0 -1 -1 -1 -1 -1 -1 -1 -1 -1 -1 3 3
3 3 -1 -1 -1 -1 -1 -1 -1 -1 -1 -1 -1 -1 -1 3 3
3 3 3 -1 -1 -1 -1 -1 -1 -1 -1 -1 -1 -1 3 3 3
3 3 3 3 3 -1 -1 -1 -1 -1 -1 -1 3 3 3 3 3
3 3 3 3 3 3 3 3 -1 3 3 3 3 3 3 3 3
16:35:36.975892 - stdout  :: -1 1
16:35:36.979898 - stdin   :: 30 43 -3 3
30 43
3 3 3 3 3 3 3 3 -1 3 3 3 3 3 3 3 3
3 3 3 3 3 -1 -1 -1 0 -1 -1 -1 3 3 3 3 3
3 3 3 -1 -1 -1 -1 -1 -1 0 -1 -1 -1 0 3 3 3
3 3 -1 -1 -1 -1 -1 -1 -1 0 -1 -1 -1 0 0 3 3
3 3 -1 -1 -1 -1 -1 -1 -1 0 -1 -1 -1 -1 0 3 3
3 0 0 -1 -1 -1 -1 -1 -1 0 -1 -1 -1 -1 -1 0 3
3 0 0 0 -1 -1 -1 -1 -1 0 -1 -1 -1 -1 -1 0 3
3 0 0 0 0 -1 -1 -1 -1 0 -1 -1 -1 -1 -1 0 3
0 0 0 0 0 0 -1 -1 0 -1 -1 -1 -1 -1 -1 0 -1
3 0 0 0 0 0 -1 0 -1 -1 -1 -1 -1 -1 0 0 3
3 0 0 0 0 0 0 -1 -1 -1 -1 -1 -1 0 0 0 3
3 0 0 0 0 0 -1 -1 -1 -1 -1 -1 -1 0 0 0 3
3 3 0 0 0 -1 -1 -1 -1 -1 -1 -1 -1 0 0 3 3
3 3 0 0 0 0 0 0 0 0 0 0 0 0 0 3 3
3 3 3 0 -1 -1 -1 -1 -1 -1 -1 -1 -1 -1 3 3 3
3 3 3 3 3 -1 -1 -1 -1 -1 -1 -1 3 3 3 3 3
3 3 3 3 3 3 3 3 -1 3 3 3 3 3 3 3 3
16:35:37.068315 - stdout  :: 1 -1
16:35:37.073713 - stdin   :: 30 43 0 0
30 43
3 3 3 3 3 3 3 3 -1 3 3 3 3 3 3 3 3
3 3 3 3 3 -1 -1 -1 0 -1 -1 -1 3 3 3 3 3
3 3 3 -1 -1 -1 -1 -1 -1 0 -1 -1 -1 0 3 3 3
3 3 -1 -1 -1 -1 -1 -1 -1 0 -1 -1 -1 0 0 3 3
3 3 -1 -1 -1 -1 -1 -1 -1 0 -1 -1 -1 -1 0 3 3
3 0 0 -1 -1 -1 -1 -1 -1 0 -1 -1 -1 -1 -1 0 3
3 0 0 0 -1 -1 -1 -1 -1 0 -1 -1 -1 -1 -1 0 3
3 0 0 0 0 -1 -1 -1 -1 0 -1 -1 -1 -1 -1 0 3
0 0 0 0 0 0 -1 -1 0 -1 -1 -1 -1 -1 -1 0 -1
3 0 0 0 0 0 -1 0 -1 -1 -1 -1 -1 -1 0 0 3
3 0 0 0 0 0 0 -1 -1 -1 -1 -1 -1 0 0 0 3
3 0 0 0 0 0 -1 -1 -1 -1 -1 -1 -1 0 0 0 3
3 3 0 0 0 -1 -1 -1 -1 -1 -1 -1 -1 0 0 3 3
3 3 0 0 0 0 0 0 0 0 0 0 0 0 0 3 3
3 3 3 0 -1 -1 -1 -1 -1 -1 -1 -1 -1 -1 3 3 3
3 3 3 3 3 -1 -1 -1 -1 -1 -1 -1 3 3 3 3 3
3 3 3 3 3 3 3 3 -1 3 3 3 3 3 3 3 3
16:35:37.109863 - stdout  :: -1 1
16:35:37.113672 - stdin   :: 29 44 -1 1
29 44
3 3 3 3 3 3 3 3 -1 3 3 3 3 3 3 3 3
3 3 3 3 3 -1 0 -1 -1 -1 -1 -1 3 3 3 3 3
3 3 3 -1 -1 -1 -1 0 -1 -1 -1 -1 0 0 3 3 3
3 3 -1 -1 -1 -1 -1 -1 0 -1 -1 -1 0 0 0 3 3
3 3 -1 -1 -1 -1 -1 -1 0 -1 -1 -1 0 0 0 3 3
3 -1 -1 -1 -1 -1 -1 -1 0 -1 -1 -1 -1 0 0 0 3
3 0 -1 -1 -1 -1 -1 -1 0 -1 -1 -1 -1 -1 0 -1 3
3 0 0 -1 -1 -1 -1 -1 0 -1 -1 -1 -1 -1 0 -1 3
0 0 0 0 -1 -1 -1 -1 0 -1 -1 -1 -1 -1 0 -1 -1
3 0 0 0 0 -1 -1 0 -1 -1 -1 -1 -1 -1 0 -1 3
3 0 0 0 0 -1 0 -1 -1 -1 -1 -1 -1 0 0 0 3
3 0 0 0 0 0 -1 -1 -1 -1 -1 -1 0 0 0 0 3
3 3 0 0 0 -1 -1 -1 -1 -1 -1 -1 0 0 0 3 3
3 3 0 0 -1 -1 -1 -1 -1 -1 -1 -1 0 0 0 3 3
3 3 3 0 0 0 0 0 0 0 0 0 0 0 3 3 3
3 3 3 3 3 -1 -1 -1 -1 -1 -1 -1 3 3 3 3 3
3 3 3 3 3 3 3 3 -1 3 3 3 3 3 3 3 3
16:35:37.150314 - stdout  :: -1 -1
16:35:37.156350 - stdin   :: 27 44 -2 0
27 44
3 3 3 3 3 3 3 3 -1 3 3 3 3 3 3 3 3
3 3 3 3 3 0 -1 -1 -1 -1 -1 -1 3 3 3 3 3
3 3 3 0 0 0 -1 -1 -1 -1 -1 -1 0 0 3 3 3
3 3 0 0 0 -1 0 -1 -1 -1 -1 -1 0 0 0 3 3
3 3 -1 -1 -1 -1 -1 0 -1 -1 -1 -1 0 0 0 3 3
3 -1 -1 -1 -1 -1 -1 -1 0 -1 -1 -1 0 0 0 0 3
3 -1 -1 -1 -1 -1 -1 -1 0 -1 -1 -1 0 0 0 0 3
3 -1 -1 -1 -1 -1 -1 -1 0 -1 -1 -1 -1 0 0 0 3
0 0 -1 -1 -1 -1 -1 -1 0 -1 -1 -1 -1 -1 0 -1 -1
3 0 0 -1 -1 -1 -1 -1 0 -1 -1 -1 -1 -1 0 -1 3
3 0 0 0 -1 -1 -1 -1 0 -1 -1 -1 -1 -1 0 -1 3
3 0 0 0 0 -1 -1 0 -1 -1 -1 -1 -1 -1 0 -1 3
3 3 0 0 0 -1 0 -1 -1 -1 -1 -1 -1 0 0 3 3
3 3 0 0 0 0 -1 -1 -1 -1 -1 -1 0 0 0 3 3
3 3 3 0 0 -1 -1 -1 -1 -1 -1 -1 0 0 3 3 3
3 3 3 3 3 -1 -1 -1 -1 -1 -1 -1 3 3 3 3 3
3 3 3 3 3 3 3 3 0 3 3 3 3 3 3 3 3
16:35:37.185713 - stdout  :: -1 0
16:35:37.190071 - stdin   :: 24 44 -3 0
24 44
3 3 3 3 3 3 3 3 -1 3 3 3 3 3 3 3 3
3 3 3 3 3 -1 -1 -1 -1 -1 -1 -1 3 3 3 3 3
3 3 3 0 0 0 -1 -1 -1 -1 -1 -1 -1 -1 3 3 3
3 3 0 0 0 0 -1 -1 -1 -1 -1 -1 -1 0 0 3 3
3 3 0 0 0 0 -1 -1 -1 -1 -1 -1 0 0 0 3 3
3 0 0 0 0 0 -1 -1 -1 -1 -1 -1 0 0 0 0 3
3 0 0 0 0 -1 0 -1 -1 -1 -1 -1 0 0 0 0 3
3 -1 -1 -1 -1 -1 -1 0 -1 -1 -1 -1 0 0 0 0 3
-1 -1 -1 -1 -1 -1 -1 -1 0 -1 -1 -1 0 0 0 0 0
3 -1 -1 -1 -1 -1 -1 -1 0 -1 -1 -1 0 0 0 0 3
3 -1 -1 -1 -1 -1 -1 -1 0 -1 -1 -1 -1 0 0 0 3
3 0 -1 -1 -1 -1 -1 -1 0 -1 -1 -1 -1 -1 0 -1 3
3 3 0 -1 -1 -1 -1 -1 0 -1 -1 -1 -1 -1 0 3 3
3 3 0 0 -1 -1 -1 -1 0 -1 -1 -1 -1 -1 0 3 3
3 3 3 0 0 -1 -1 0 -1 -1 -1 -1 -1 -1 3 3 3
3 3 3 3 3 -1 0 -1 -1 -1 -1 -1 3 3 3 3 3
3 3 3 3 3 3 3 3 -1 3 3 3 3 3 3 3 3
16:35:37.232862 - stdout  :: 1 0
16:35:37.237230 - stdin   :: 24 44 0 0
24 44
3 3 3 3 3 3 3 3 -1 3 3 3 3 3 3 3 3
3 3 3 3 3 -1 -1 -1 -1 -1 -1 -1 3 3 3 3 3
3 3 3 0 0 0 -1 -1 -1 -1 -1 -1 -1 -1 3 3 3
3 3 0 0 0 0 -1 -1 -1 -1 -1 -1 -1 0 0 3 3
3 3 0 0 0 0 -1 -1 -1 -1 -1 -1 0 0 0 3 3
3 0 0 0 0 0 -1 -1 -1 -1 -1 -1 0 0 0 0 3
3 0 0 0 0 -1 0 -1 -1 -1 -1 -1 0 0 0 0 3
3 -1 -1 -1 -1 -1 -1 0 -1 -1 -1 -1 0 0 0 0 3
-1 -1 -1 -1 -1 -1 -1 -1 0 -1 -1 -1 0 0 0 0 0
3 -1 -1 -1 -1 -1 -1 -1 0 -1 -1 -1 0 0 0 0 3
3 -1 -1 -1 -1 -1 -1 -1 0 -1 -1 -1 -1 0 0 0 3
3 0 -1 -1 -1 -1 -1 -1 0 -1 -1 -1 -1 -1 0 -1 3
3 3 0 -1 -1 -1 -1 -1 0 -1 -1 -1 -1 -1 0 3 3
3 3 0 0 -1 -1 -1 -1 0 -1 -1 -1 -1 -1 0 3 3
3 3 3 0 0 -1 -1 0 -1 -1 -1 -1 -1 -1 3 3 3
3 3 3 3 3 -1 0 -1 -1 -1 -1 -1 3 3 3 3 3
3 3 3 3 3 3 3 3 -1 3 3 3 3 3 3 3 3
16:35:37.266465 - stdout  :: -1 -1
16:35:37.270269 - stdin   :: 23 43 -1 -1
23 43
3 3 3 3 3 3 3 3 -1 3 3 3 3 3 3 3 3
3 3 3 3 3 0 -1 -1 -1 -1 -1 -1 3 3 3 3 3
3 3 3 0 0 0 -1 -1 -1 -1 -1 -1 -1 -1 3 3 3
3 3 0 0 0 0 0 -1 -1 -1 -1 -1 -1 -1 -1 3 3
3 3 0 0 0 0 0 -1 -1 -1 -1 -1 -1 -1 0 3 3
3 0 0 0 0 0 0 -1 -1 -1 -1 -1 -1 0 0 0 3
3 0 0 0 0 0 0 -1 -1 -1 -1 -1 -1 0 0 0 3
3 0 0 0 0 0 -1 0 -1 -1 -1 -1 -1 0 0 0 3
-1 -1 -1 -1 -1 -1 -1 -1 0 -1 -1 -1 -1 0 0 0 0
3 -1 -1 -1 -1 -1 -1 -1 -1 0 -1 -1 -1 0 0 0 3
3 -1 -1 -1 -1 -1 -1 -1 -1 0 -1 -1 -1 0 0 0 3
3 -1 -1 -1 -1 -1 -1 -1 -1 0 -1 -1 -1 -1 0 0 3
3 3 0 -1 -1 -1 -1 -1 -1 0 -1 -1 -1 -1 -1 3 3
3 3 0 0 -1 -1 -1 -1 -1 0 -1 -1 -1 -1 -1 3 3
3 3 3 0 0 -1 -1 -1 -1 0 -1 -1 -1 -1 3 3 3
3 3 3 3 3 0 -1 -1 0 -1 -1 -1 3 3 3 3 3
3 3 3 3 3 3 3 3 -1 3 3 3 3 3 3 3 3
16:35:37.293272 - stdout  :: -1 -1
16:35:37.301866 - stdin   :: 21 41 -2 -2
21 41
3 3 3 3 3 3 3 3 -1 3 3 3 3 3 3 3 3
3 3 3 3 3 -1 0 -1 -1 -1 -1 -1 3 3 3 3 3
3 3 3 -1 -1 -1 0 -1 -1 -1 -1 -1 -1 -1 3 3 3
3 3 -1 0 0 0 0 0 -1 -1 -1 -1 -1 -1 -1 3 3
3 3 0 0 0 0 0 0 -1 -1 -1 -1 -1 -1 -1 3 3
3 -1 0 0 0 0 0 0 0 -1 -1 -1 -1 -1 -1 -1 3
3 0 0 0 0 0 0 0 0 -1 -1 -1 -1 -1 -1 -1 3
3 -1 0 0 0 0 0 0 0 -1 -1 -1 -1 -1 -1 0 3
-1 -1 -1 0 0 0 0 0 0 -1 -1 -1 -1 -1 -1 0 0
3 -1 -1 0 0 0 0 0 -1 0 -1 -1 -1 -1 -1 0 3
3 -1 -1 -1 -1 -1 -1 -1 -1 -1 0 -1 -1 -1 -1 0 3
3 -1 -1 -1 -1 -1 -1 -1 -1 -1 -1 0 -1 -1 -1 0 3
3 3 -1 -1 -1 -1 -1 -1 -1 -1 -1 0 -1 -1 -1 3 3
3 3 -1 -1 -1 -1 -1 -1 -1 -1 -1 0 -1 -1 -1 3 3
3 3 3 0 0 -1 -1 -1 -1 -1 -1 0 -1 -1 3 3 3
3 3 3 3 3 0 -1 -1 -1 -1 -1 0 3 3 3 3 3
3 3 3 3 3 3 3 3 -1 3 3 3 3 3 3 3 3
16:35:37.326453 - stdout  :: -1 -1
16:35:37.331334 - stdin   :: 18 38 -3 -3
18 38
3 3 3 3 3 3 3 3 0 3 3 3 3 3 3 3 3
3 3 3 3 3 0 0 0 0 0 0 -1 3 3 3 3 3
3 3 3 0 0 -1 -1 -1 -1 0 -1 -1 -1 -1 3 3 3
3 3 0 0 -1 -1 -1 -1 -1 0 -1 -1 -1 -1 -1 3 3
3 3 0 -1 -1 -1 -1 -1 -1 0 -1 -1 -1 -1 -1 3 3
3 0 -1 0 -1 -1 -1 -1 -1 0 -1 -1 -1 -1 -1 -1 3
3 -1 -1 -1 0 -1 0 0 0 0 0 -1 -1 -1 -1 -1 3
3 -1 -1 -1 -1 0 0 0 0 0 0 -1 -1 -1 -1 -1 3
0 -1 -1 -1 -1 0 0 0 0 0 0 0 -1 -1 -1 -1 -1
3 -1 0 0 0 0 0 0 0 0 0 0 -1 -1 -1 -1 3
3 -1 -1 -1 -1 0 0 0 0 0 0 0 -1 -1 -1 -1 3
3 -1 -1 -1 -1 -1 0 0 0 0 0 0 -1 -1 -1 -1 3
3 3 -1 -1 -1 -1 0 0 0 0 0 -1 0 -1 -1 3 3
3 3 -1 -1 -1 -1 -1 -1 -1 -1 -1 -1 -1 0 -1 3 3
3 3 3 -1 -1 -1 -1 -1 -1 -1 -1 -1 -1 -1 3 3 3
3 3 3 3 3 -1 -1 -1 -1 -1 -1 -1 3 3 3 3 3
3 3 3 3 3 3 3 3 -1 3 3 3 3 3 3 3 3
16:35:37.359555 - stdout  :: 1 1
16:35:37.364394 - stdin   :: 16 36 -2 -2
16 36
3 3 3 3 3 3 3 3 0 3 3 3 3 3 3 3 3
3 3 3 3 3 -1 -1 -1 0 0 0 0 3 3 3 3 3
3 3 3 -1 -1 -1 -1 -1 0 0 0 0 0 0 3 3 3
3 3 -1 -1 -1 -1 0 0 0 0 0 0 0 -1 -1 3 3
3 3 -1 -1 -1 0 0 -1 -1 -1 -1 0 -1 -1 -1 3 3
3 -1 -1 -1 0 0 -1 -1 -1 -1 -1 0 -1 -1 -1 -1 3
3 -1 -1 0 0 -1 -1 -1 -1 -1 -1 0 -1 -1 -1 -1 3
3 -1 0 0 -1 0 -1 -1 -1 -1 -1 0 -1 -1 -1 -1 3
0 -1 0 -1 -1 -1 0 -1 0 0 0 0 0 -1 -1 -1 -1
3 0 0 -1 -1 -1 -1 0 0 0 0 0 0 -1 -1 -1 3
3 0 0 -1 -1 -1 -1 0 0 0 0 0 0 0 -1 -1 3
3 0 0 -1 0 0 0 0 0 0 0 0 0 0 -1 -1 3
3 3 0 -1 -1 -1 -1 0 0 0 0 0 0 0 -1 3 3
3 3 -1 -1 -1 -1 -1 -1 0 0 0 0 0 0 -1 3 3
3 3 3 -1 -1 -1 -1 -1 0 0 0 0 0 -1 3 3 3
3 3 3 3 3 -1 -1 -1 -1 -1 -1 -1 3 3 3 3 3
3 3 3 3 3 3 3 3 -1 3 3 3 3 3 3 3 3
16:35:37.400649 - stdout  :: 1 1
16:35:37.408820 - stdin   :: 16 36 0 0
16 36
3 3 3 3 3 3 3 3 0 3 3 3 3 3 3 3 3
3 3 3 3 3 -1 -1 -1 0 0 0 0 3 3 3 3 3
3 3 3 -1 -1 -1 -1 -1 0 0 0 0 0 0 3 3 3
3 3 -1 -1 -1 -1 0 0 0 0 0 0 0 -1 -1 3 3
3 3 -1 -1 -1 0 0 -1 -1 -1 -1 0 -1 -1 -1 3 3
3 -1 -1 -1 0 0 -1 -1 -1 -1 -1 0 -1 -1 -1 -1 3
3 -1 -1 0 0 -1 -1 -1 -1 -1 -1 0 -1 -1 -1 -1 3
3 -1 0 0 -1 0 -1 -1 -1 -1 -1 0 -1 -1 -1 -1 3
0 -1 0 -1 -1 -1 0 -1 0 0 0 0 0 -1 -1 -1 -1
3 0 0 -1 -1 -1 -1 0 0 0 0 0 0 -1 -1 -1 3
3 0 0 -1 -1 -1 -1 0 0 0 0 0 0 0 -1 -1 3
3 0 0 -1 0 0 0 0 0 0 0 0 0 0 -1 -1 3
3 3 0 -1 -1 -1 -1 0 0 0 0 0 0 0 -1 3 3
3 3 -1 -1 -1 -1 -1 -1 0 0 0 0 0 0 -1 3 3
3 3 3 -1 -1 -1 -1 -1 0 0 0 0 0 -1 3 3 3
3 3 3 3 3 -1 -1 -1 -1 -1 -1 -1 3 3 3 3 3
3 3 3 3 3 3 3 3 -1 3 3 3 3 3 3 3 3
16:35:37.434044 - stdout  :: 0 1
16:35:37.441526 - stdin   :: 16 37 0 1
16 37
3 3 3 3 3 3 3 3 0 3 3 3 3 3 3 3 3
3 3 3 3 3 -1 -1 0 0 0 0 0 3 3 3 3 3
3 3 3 -1 -1 -1 -1 0 0 0 0 0 0 -1 3 3 3
3 3 -1 -1 -1 0 0 0 0 0 0 0 -1 -1 -1 3 3
3 3 -1 -1 0 0 -1 -1 -1 -1 0 -1 -1 -1 -1 3 3
3 -1 -1 0 0 -1 -1 -1 -1 -1 0 -1 -1 -1 -1 -1 3
3 -1 0 0 -1 -1 -1 -1 -1 -1 0 -1 -1 -1 -1 -1 3
3 0 0 -1 0 -1 -1 -1 -1 -1 0 -1 -1 -1 -1 -1 3
-1 0 -1 -1 -1 0 -1 0 0 0 0 0 -1 -1 -1 -1 -1
3 0 -1 -1 -1 -1 0 0 0 0 0 0 -1 -1 -1 -1 3
3 0 -1 -1 -1 -1 0 0 0 0 0 0 0 -1 -1 -1 3
3 0 -1 0 0 0 0 0 0 0 0 0 0 -1 -1 -1 3
3 3 -1 -1 -1 -1 0 0 0 0 0 0 0 -1 -1 3 3
3 3 -1 -1 -1 -1 -1 0 0 0 0 0 0 -1 -1 3 3
3 3 3 -1 -1 -1 -1 0 0 0 0 0 -1 0 3 3 3
3 3 3 3 3 -1 -1 -1 -1 -1 -1 -1 3 3 3 3 3
3 3 3 3 3 3 3 3 -1 3 3 3 3 3 3 3 3
16:35:37.459519 - stdout  :: -1 1
16:35:37.466686 - stdin   :: 15 39 -1 2
15 39
3 3 3 3 3 3 3 3 0 3 3 3 3 3 3 3 3
3 3 3 3 3 0 0 0 0 0 0 0 3 3 3 3 3
3 3 3 -1 -1 0 0 0 0 0 0 0 -1 -1 3 3 3
3 3 -1 -1 -1 0 0 0 0 0 0 -1 -1 -1 -1 3 3
3 3 -1 0 0 0 0 0 0 0 -1 -1 -1 -1 -1 3 3
3 -1 0 0 -1 -1 -1 -1 0 -1 -1 -1 -1 -1 -1 -1 3
3 0 0 -1 -1 -1 -1 -1 0 -1 -1 -1 -1 -1 -1 -1 3
3 0 -1 -1 -1 -1 -1 -1 0 -1 -1 -1 -1 -1 -1 -1 3
0 -1 0 -1 -1 -1 -1 -1 0 -1 -1 -1 -1 -1 -1 -1 -1
3 -1 -1 0 -1 0 0 0 0 0 -1 -1 -1 -1 -1 -1 3
3 -1 -1 -1 0 0 0 0 0 0 -1 -1 -1 -1 -1 -1 3
3 -1 -1 -1 0 0 0 0 0 0 0 -1 -1 -1 -1 -1 3
3 3 0 0 0 0 0 0 0 0 0 -1 -1 -1 -1 3 3
3 3 -1 -1 0 0 0 0 0 0 0 -1 -1 -1 -1 3 3
3 3 3 -1 -1 0 0 0 0 0 0 -1 -1 -1 3 3 3
3 3 3 3 3 0 0 0 0 0 -1 0 3 3 3 3 3
3 3 3 3 3 3 3 3 -1 3 3 3 3 3 3 3 3
16:35:37.502260 - stdout  :: 1 -1
16:35:37.507416 - stdin   :: 15 39 0 0
15 39
3 3 3 3 3 3 3 3 0 3 3 3 3 3 3 3 3
3 3 3 3 3 0 0 0 0 0 0 0 3 3 3 3 3
3 3 3 -1 -1 0 0 0 0 0 0 0 -1 -1 3 3 3
3 3 -1 -1 -1 0 0 0 0 0 0 -1 -1 -1 -1 3 3
3 3 -1 0 0 0 0 0 0 0 -1 -1 -1 -1 -1 3 3
3 -1 0 0 -1 -1 -1 -1 0 -1 -1 -1 -1 -1 -1 -1 3
3 0 0 -1 -1 -1 -1 -1 0 -1 -1 -1 -1 -1 -1 -1 3
3 0 -1 -1 -1 -1 -1 -1 0 -1 -1 -1 -1 -1 -1 -1 3
0 -1 0 -1 -1 -1 -1 -1 0 -1 -1 -1 -1 -1 -1 -1 -1
3 -1 -1 0 -1 0 0 0 0 0 -1 -1 -1 -1 -1 -1 3
3 -1 -1 -1 0 0 0 0 0 0 -1 -1 -1 -1 -1 -1 3
3 -1 -1 -1 0 0 0 0 0 0 0 -1 -1 -1 -1 -1 3
3 3 0 0 0 0 0 0 0 0 0 -1 -1 -1 -1 3 3
3 3 -1 -1 0 0 0 0 0 0 0 -1 -1 -1 -1 3 3
3 3 3 -1 -1 0 0 0 0 0 0 -1 -1 -1 3 3 3
3 3 3 3 3 0 0 0 0 0 -1 0 3 3 3 3 3
3 3 3 3 3 3 3 3 -1 3 3 3 3 3 3 3 3
16:35:37.527400 - stdout  :: -1 0
16:35:37.531731 - stdin   :: 14 39 -1 0
14 39
3 3 3 3 3 3 3 3 0 3 3 3 3 3 3 3 3
3 3 3 3 3 0 0 0 0 0 0 0 3 3 3 3 3
3 3 3 0 0 0 0 0 0 0 0 0 -1 -1 3 3 3
3 3 -1 -1 -1 0 0 0 0 0 0 0 -1 -1 -1 3 3
3 3 -1 -1 -1 0 0 0 0 0 0 -1 -1 -1 -1 3 3
3 -1 -1 0 0 0 0 0 0 0 -1 -1 -1 -1 -1 -1 3
3 -1 0 0 -1 -1 -1 -1 0 -1 -1 -1 -1 -1 -1 -1 3
3 0 0 -1 -1 -1 -1 -1 0 -1 -1 -1 -1 -1 -1 -1 3
0 0 -1 -1 -1 -1 -1 -1 0 -1 -1 -1 -1 -1 -1 -1 -1
3 -1 0 -1 -1 -1 -1 -1 0 -1 -1 -1 -1 -1 -1 -1 3
3 -1 -1 0 -1 0 0 0 0 0 -1 -1 -1 -1 -1 -1 3
3 -1 -1 -1 0 0 0 0 0 0 -1 -1 -1 -1 -1 -1 3
3 3 -1 -1 0 0 0 0 0 0 0 -1 -1 -1 -1 3 3
3 3 0 0 0 0 0 0 0 0 0 -1 -1 -1 -1 3 3
3 3 3 -1 0 0 0 0 0 0 0 -1 -1 -1 3 3 3
3 3 3 3 3 0 0 0 0 0 0 -1 3 3 3 3 3
3 3 3 3 3 3 3 3 0 3 3 3 3 3 3 3 3
16:35:37.553025 - stdout  :: -1 0
16:35:37.556856 - stdin   :: 12 39 -2 0
12 39
3 3 3 3 3 3 3 3 -1 3 3 3 3 3 3 3 3
3 3 3 3 3 -1 -1 0 0 0 0 -1 3 3 3 3 3
3 3 3 -1 -1 -1 0 0 0 0 0 0 -1 -1 3 3 3
3 3 -1 -1 -1 0 0 0 0 0 0 0 -1 -1 -1 3 3
3 3 0 0 0 0 0 0 0 0 0 0 -1 -1 -1 3 3
3 -1 -1 -1 -1 0 0 0 0 0 0 0 -1 -1 -1 -1 3
3 -1 -1 -1 -1 0 0 0 0 0 0 -1 -1 -1 -1 -1 3
3 -1 -1 0 0 0 0 0 0 0 -1 -1 -1 -1 -1 -1 3
-1 -1 0 0 -1 -1 -1 -1 0 -1 -1 -1 -1 -1 -1 -1 -1
3 0 0 -1 -1 -1 -1 -1 0 -1 -1 -1 -1 -1 -1 -1 3
3 0 -1 -1 -1 -1 -1 -1 0 -1 -1 -1 -1 -1 -1 -1 3
3 -1 0 -1 -1 -1 -1 -1 0 -1 -1 -1 -1 -1 -1 -1 3
3 3 -1 0 -1 0 0 0 0 0 -1 -1 -1 -1 -1 3 3
3 3 -1 -1 0 0 0 0 0 0 -1 -1 -1 -1 -1 3 3
3 3 3 -1 0 0 0 0 0 0 0 -1 -1 -1 3 3 3
3 3 3 3 3 0 0 0 0 0 0 -1 3 3 3 3 3
3 3 3 3 3 3 3 3 0 3 3 3 3 3 3 3 3
16:35:37.571229 - stdout  :: -1 -1
16:35:37.574936 - stdin   :: 9 38 -3 -1
9 38
3 3 3 3 3 3 3 3 -1 3 3 3 3 3 3 3 3
3 3 3 3 3 -1 -1 -1 -1 -1 -1 -1 3 3 3 3 3
3 3 3 -1 -1 -1 -1 -1 -1 -1 -1 -1 -1 -1 3 3 3
3 3 -1 -1 -1 -1 -1 -1 -1 -1 -1 -1 -1 -1 -1 3 3
3 3 -1 -1 -1 -1 -1 -1 0 0 0 0 -1 -1 -1 3 3
3 -1 -1 -1 -1 -1 -1 0 0 0 0 0 0 -1 -1 -1 3
3 -1 -1 -1 -1 -1 0 0 0 0 0 0 0 -1 -1 -1 3
3 0 0 0 0 0 0 0 0 0 0 0 0 -1 -1 -1 3
0 -1 -1 -1 -1 -1 0 0 0 0 0 0 0 -1 -1 -1 -1
3 -1 -1 -1 -1 -1 0 0 0 0 0 0 -1 -1 -1 -1 3
3 -1 -1 -1 0 0 0 0 0 0 0 -1 -1 -1 -1 -1 3
3 -1 -1 0 0 -1 -1 -1 -1 0 -1 -1 -1 -1 -1 -1 3
3 3 0 0 -1 -1 -1 -1 -1 0 -1 -1 -1 -1 -1 3 3
3 3 0 -1 -1 -1 -1 -1 -1 0 -1 -1 -1 -1 -1 3 3
3 3 3 0 -1 -1 -1 -1 -1 0 -1 -1 -1 -1 3 3 3
3 3 3 3 3 -1 0 0 0 0 0 -1 3 3 3 3 3
3 3 3 3 3 3 3 3 0 3 3 3 3 3 3 3 3
16:35:37.594989 - stdout  :: 1 -1
16:35:37.600501 - stdin   :: 7 36 -2 -2
7 36
3 3 3 3 3 3 3 3 -1 3 3 3 3 3 3 3 3
3 3 3 3 3 -1 -1 -1 -1 -1 -1 -1 3 3 3 3 3
3 3 3 -1 -1 -1 -1 -1 -1 -1 -1 -1 -1 -1 3 3 3
3 3 -1 -1 -1 -1 -1 -1 -1 -1 -1 -1 -1 -1 -1 3 3
3 3 -1 -1 -1 -1 -1 -1 -1 -1 -1 -1 -1 -1 -1 3 3
3 -1 -1 -1 -1 -1 -1 -1 -1 -1 -1 -1 -1 -1 -1 -1 3
3 0 -1 -1 -1 -1 -1 -1 -1 -1 0 0 0 0 -1 -1 3
3 0 0 -1 -1 -1 -1 -1 -1 0 0 0 0 0 0 -1 3
0 0 0 -1 -1 -1 -1 -1 0 0 0 0 0 0 0 -1 -1
3 0 0 0 0 0 0 0 0 0 0 0 0 0 0 -1 3
3 0 0 -1 -1 -1 -1 -1 0 0 0 0 0 0 0 -1 3
3 0 -1 -1 -1 -1 -1 -1 0 0 0 0 0 0 -1 -1 3
3 3 -1 -1 -1 -1 0 0 0 0 0 0 0 -1 -1 3 3
3 3 -1 -1 -1 0 0 -1 -1 -1 -1 0 -1 -1 -1 3 3
3 3 3 -1 0 0 -1 -1 -1 -1 -1 0 -1 -1 3 3 3
3 3 3 3 3 -1 -1 -1 -1 -1 -1 0 3 3 3 3 3
3 3 3 3 3 3 3 3 -1 3 3 3 3 3 3 3 3
16:35:37.626809 - stdout  :: 1 1
16:35:37.630577 - stdin   :: 7 36 0 0
7 36
3 3 3 3 3 3 3 3 -1 3 3 3 3 3 3 3 3
3 3 3 3 3 -1 -1 -1 -1 -1 -1 -1 3 3 3 3 3
3 3 3 -1 -1 -1 -1 -1 -1 -1 -1 -1 -1 -1 3 3 3
3 3 -1 -1 -1 -1 -1 -1 -1 -1 -1 -1 -1 -1 -1 3 3
3 3 -1 -1 -1 -1 -1 -1 -1 -1 -1 -1 -1 -1 -1 3 3
3 -1 -1 -1 -1 -1 -1 -1 -1 -1 -1 -1 -1 -1 -1 -1 3
3 0 -1 -1 -1 -1 -1 -1 -1 -1 0 0 0 0 -1 -1 3
3 0 0 -1 -1 -1 -1 -1 -1 0 0 0 0 0 0 -1 3
0 0 0 -1 -1 -1 -1 -1 0 0 0 0 0 0 0 -1 -1
3 0 0 0 0 0 0 0 0 0 0 0 0 0 0 -1 3
3 0 0 -1 -1 -1 -1 -1 0 0 0 0 0 0 0 -1 3
3 0 -1 -1 -1 -1 -1 -1 0 0 0 0 0 0 -1 -1 3
3 3 -1 -1 -1 -1 0 0 0 0 0 0 0 -1 -1 3 3
3 3 -1 -1 -1 0 0 -1 -1 -1 -1 0 -1 -1 -1 3 3
3 3 3 -1 0 0 -1 -1 -1 -1 -1 0 -1 -1 3 3 3
3 3 3 3 3 -1 -1 -1 -1 -1 -1 0 3 3 3 3 3
3 3 3 3 3 3 3 3 -1 3 3 3 3 3 3 3 3
16:35:37.653135 - stdout  :: 1 -1
16:35:37.658227 - stdin   :: 8 35 1 -1
8 35
3 3 3 3 3 3 3 3 -1 3 3 3 3 3 3 3 3
3 3 3 3 3 -1 -1 -1 -1 -1 -1 -1 3 3 3 3 3
3 3 3 -1 -1 -1 -1 -1 -1 -1 -1 -1 -1 -1 3 3 3
3 3 -1 -1 -1 -1 -1 -1 -1 -1 -1 -1 -1 -1 -1 3 3
3 3 -1 -1 -1 -1 -1 -1 -1 -1 -1 -1 -1 -1 -1 3 3
3 0 0 -1 -1 -1 -1 -1 -1 -1 -1 0 0 0 0 -1 3
3 0 0 0 -1 -1 -1 -1 -1 -1 0 0 0 0 0 0 3
3 0 0 0 -1 -1 -1 -1 -1 0 0 0 0 0 0 0 3
0 0 0 0 0 0 0 0 0 0 0 0 0 0 0 0 -1
3 0 0 0 -1 -1 -1 -1 -1 0 0 0 0 0 0 0 3
3 0 0 -1 -1 -1 -1 -1 -1 0 0 0 0 0 0 -1 3
3 0 -1 -1 -1 -1 -1 0 0 0 0 0 0 0 -1 -1 3
3 3 -1 -1 -1 -1 0 0 -1 -1 -1 -1 0 -1 -1 3 3
3 3 -1 -1 -1 0 0 -1 -1 -1 -1 -1 0 -1 -1 3 3
3 3 3 -1 0 0 -1 -1 -1 -1 -1 -1 0 -1 3 3 3
3 3 3 3 3 -1 0 -1 -1 -1 -1 -1 3 3 3 3 3
3 3 3 3 3 3 3 3 -1 3 3 3 3 3 3 3 3
16:35:37.675853 - stdout  :: -1 -1
16:35:37.681516 - stdin   :: 8 33 0 -2
8 33
3 3 3 3 3 3 3 3 -1 3 3 3 3 3 3 3 3
3 3 3 3 3 -1 -1 -1 -1 -1 -1 -1 3 3 3 3 3
3 3 3 -1 -1 -1 -1 -1 -1 -1 -1 -1 -1 -1 3 3 3
3 3 -1 -1 -1 -1 -1 -1 -1 -1 -1 -1 -1 -1 -1 3 3
3 3 -1 -1 -1 -1 -1 -1 -1 -1 -1 -1 -1 -1 -1 3 3
3 0 0 0 0 -1 -1 -1 -1 -1 -1 -1 -1 0 0 0 3
3 0 0 0 0 0 -1 -1 -1 -1 -1 -1 0 0 0 0 3
3 0 0 0 0 0 -1 -1 -1 -1 -1 0 0 0 0 0 3
0 0 0 0 0 0 0 0 0 0 0 0 0 0 0 0 0
3 0 0 0 0 0 -1 -1 -1 -1 -1 0 0 0 0 0 3
3 0 0 0 0 -1 -1 -1 -1 -1 -1 0 0 0 0 0 3
3 0 0 0 -1 -1 -1 -1 -1 0 0 0 0 0 0 0 3
3 3 0 -1 -1 -1 -1 -1 0 0 -1 -1 -1 -1 0 3 3
3 3 0 -1 -1 -1 -1 0 0 -1 -1 -1 -1 -1 0 3 3
3 3 3 -1 -1 -1 0 0 -1 -1 -1 -1 -1 -1 3 3 3
3 3 3 3 3 0 0 -1 0 -1 -1 -1 3 3 3 3 3
3 3 3 3 3 3 3 3 -1 3 3 3 3 3 3 3 3
16:35:37.708981 - stdout  :: 1 -1
16:35:37.715145 - stdin   :: 9 30 1 -3
9 30
3 3 3 3 3 3 3 3 -1 3 3 3 3 3 3 3 3
3 3 3 3 3 -1 -1 -1 -1 -1 -1 -1 3 3 3 3 3
3 3 3 -1 -1 -1 -1 -1 -1 -1 -1 -1 -1 -1 3 3 3
3 3 -1 -1 -1 -1 -1 -1 -1 -1 -1 -1 -1 -1 -1 3 3
3 3 -1 -1 0 0 0 0 -1 -1 -1 -1 -1 -1 -1 3 3
3 -1 -1 0 0 0 0 0 0 -1 -1 -1 -1 -1 -1 0 3
3 -1 0 0 0 0 0 0 0 -1 -1 -1 -1 -1 0 0 3
3 0 0 0 0 0 0 0 0 0 0 0 0 0 0 0 3
-1 -1 0 0 0 0 0 0 0 -1 -1 -1 -1 -1 0 0 0
3 -1 0 0 0 0 0 0 -1 -1 -1 -1 -1 -1 0 0 3
3 -1 -1 0 0 0 0 -1 -1 -1 -1 -1 0 0 0 0 3
3 -1 -1 -1 -1 0 -1 -1 -1 -1 -1 0 0 -1 -1 -1 3
3 3 -1 -1 -1 0 -1 -1 -1 -1 0 0 -1 -1 -1 3 3
3 3 -1 -1 -1 0 -1 -1 -1 0 0 -1 -1 -1 -1 3 3
3 3 3 -1 -1 0 -1 -1 0 0 -1 0 -1 -1 3 3 3
3 3 3 3 3 0 0 -1 0 -1 -1 -1 3 3 3 3 3
3 3 3 3 3 3 3 3 0 3 3 3 3 3 3 3 3
16:35:37.734296 - stdout  :: -1 0
16:35:37.738179 - stdin   :: 9 27 0 -3
9 27
3 3 3 3 3 3 3 3 -1 3 3 3 3 3 3 3 3
3 3 3 3 3 -1 -1 -1 -1 -1 -1 -1 3 3 3 3 3
3 3 3 -1 -1 -1 -1 -1 -1 -1 -1 -1 -1 -1 3 3 3
3 3 -1 -1 -1 -1 -1 -1 -1 -1 -1 -1 -1 -1 -1 3 3
3 3 -1 -1 -1 -1 -1 0 0 0 0 -1 -1 -1 -1 3 3
3 0 -1 -1 -1 -1 0 0 0 0 0 0 -1 -1 -1 -1 3
3 0 -1 -1 -1 0 0 0 0 0 0 0 -1 -1 -1 -1 3
3 0 0 0 0 0 0 0 0 0 0 0 0 0 0 0 3
0 0 -1 -1 -1 0 0 0 0 0 0 0 -1 -1 -1 -1 -1
3 -1 -1 -1 -1 0 0 0 0 0 0 -1 -1 -1 -1 -1 3
3 -1 -1 -1 -1 -1 0 0 0 0 -1 -1 -1 -1 -1 0 3
3 -1 -1 -1 -1 -1 -1 -1 0 -1 -1 -1 -1 -1 0 0 3
3 3 -1 -1 -1 -1 -1 -1 0 -1 -1 -1 -1 0 0 3 3
3 3 -1 -1 -1 -1 -1 -1 0 -1 -1 -1 0 0 -1 3 3
3 3 3 -1 -1 -1 -1 -1 0 -1 -1 0 0 -1 3 3 3
3 3 3 3 3 -1 0 0 0 0 -1 0 3 3 3 3 3
3 3 3 3 3 3 3 3 0 3 3 3 3 3 3 3 3
16:35:37.752821 - stdout  :: -1 0
16:35:37.759655 - stdin   :: 8 24 -1 -3
8 24
3 3 3 3 3 3 3 3 -1 3 3 3 3 3 3 3 3
3 3 3 3 3 -1 -1 -1 -1 -1 -1 -1 3 3 3 3 3
3 3 3 0 -1 -1 -1 -1 -1 -1 -1 -1 -1 -1 3 3 3
3 3 0 0 0 -1 -1 -1 -1 -1 -1 -1 -1 -1 -1 3 3
3 3 0 0 0 -1 -1 -1 -1 -1 -1 -1 -1 -1 -1 3 3
3 0 0 0 0 -1 -1 -1 -1 -1 0 0 0 0 -1 -1 3
3 0 0 0 0 -1 -1 -1 -1 0 0 0 0 0 0 -1 3
3 0 0 0 0 -1 -1 -1 0 0 0 0 0 0 0 -1 3
0 0 0 0 0 0 0 0 0 0 0 0 0 0 0 0 0
3 0 0 0 0 -1 -1 -1 0 0 0 0 0 0 0 -1 3
3 0 0 0 -1 -1 -1 -1 0 0 0 0 0 0 -1 -1 3
3 0 0 -1 -1 -1 -1 -1 -1 0 0 0 0 -1 -1 -1 3
3 3 -1 -1 -1 -1 -1 -1 -1 -1 -1 0 -1 -1 -1 3 3
3 3 -1 -1 -1 -1 -1 -1 -1 -1 -1 0 -1 -1 -1 3 3
3 3 3 -1 -1 -1 -1 -1 -1 -1 -1 0 -1 -1 3 3 3
3 3 3 3 3 -1 -1 -1 -1 -1 -1 0 3 3 3 3 3
3 3 3 3 3 3 3 3 -1 3 3 3 3 3 3 3 3
16:35:37.781963 - stdout  :: 1 0
16:35:37.785569 - stdin   :: 8 21 0 -3
8 21
3 3 3 3 3 3 3 3 -1 3 3 3 3 3 3 3 3
3 3 3 3 3 -1 -1 -1 -1 -1 -1 -1 3 3 3 3 3
3 3 3 0 0 0 0 -1 -1 -1 -1 -1 -1 -1 3 3 3
3 3 0 0 0 0 0 0 -1 -1 -1 -1 -1 -1 -1 3 3
3 3 0 0 0 0 0 0 -1 -1 -1 -1 -1 -1 -1 3 3
3 0 0 0 0 0 0 0 -1 -1 -1 -1 -1 0 0 0 3
3 0 0 0 0 0 0 0 -1 -1 -1 -1 0 0 0 0 3
3 0 0 0 0 0 0 0 -1 -1 -1 0 0 0 0 0 3
0 0 0 0 0 0 0 0 0 0 0 0 0 0 0 0 0
3 0 0 0 0 0 0 0 -1 -1 -1 0 0 0 0 0 3
3 0 0 0 0 0 0 -1 -1 -1 -1 0 0 0 0 0 3
3 0 0 0 0 0 -1 -1 -1 -1 -1 -1 0 0 0 0 3
3 3 0 0 0 -1 -1 -1 -1 -1 -1 -1 -1 -1 0 3 3
3 3 0 0 -1 -1 -1 -1 -1 -1 -1 -1 -1 -1 0 3 3
3 3 3 -1 -1 -1 -1 -1 -1 -1 -1 -1 -1 -1 3 3 3
3 3 3 3 3 -1 -1 -1 -1 -1 -1 -1 3 3 3 3 3
3 3 3 3 3 3 3 3 -1 3 3 3 3 3 3 3 3
16:35:37.812900 - stdout  :: -1 0
16:35:37.816817 - stdin   :: 7 18 -1 -3
7 18
3 3 3 3 3 3 3 3 -1 3 3 3 3 3 3 3 3
3 3 3 3 3 -1 -1 -1 -1 -1 -1 -1 3 3 3 3 3
3 3 3 0 0 0 0 -1 -1 -1 -1 -1 -1 -1 3 3 3
3 3 0 0 0 0 0 0 0 0 -1 -1 -1 -1 -1 3 3
3 3 0 0 0 0 0 0 0 0 0 -1 -1 -1 -1 3 3
3 0 0 0 0 0 0 0 0 0 0 -1 -1 -1 -1 -1 3
3 0 0 0 0 0 0 0 0 0 0 -1 -1 -1 -1 -1 3
3 0 0 0 0 0 0 0 0 0 0 -1 -1 -1 -1 0 3
0 0 0 0 0 0 0 0 0 0 0 -1 -1 -1 0 0 0
3 0 0 0 0 0 0 0 0 0 0 0 0 0 0 0 3
3 0 0 0 0 0 0 0 0 0 0 -1 -1 -1 0 0 3
3 0 0 0 0 0 0 0 0 0 -1 -1 -1 -1 0 0 3
3 3 0 0 0 0 0 0 0 -1 -1 -1 -1 -1 -1 3 3
3 3 0 0 0 0 0 0 -1 -1 -1 -1 -1 -1 -1 3 3
3 3 3 0 0 0 0 -1 -1 -1 -1 -1 -1 -1 3 3 3
3 3 3 3 3 0 -1 -1 -1 -1 -1 -1 3 3 3 3 3
3 3 3 3 3 3 3 3 -1 3 3 3 3 3 3 3 3
16:35:37.859326 - stdout  :: -1 1
16:35:37.862838 - stdin   :: 5 16 -2 -2
5 16
3 3 3 3 3 3 3 3 -1 3 3 3 3 3 3 3 3
3 3 3 3 3 -1 -1 -1 -1 -1 -1 -1 3 3 3 3 3
3 3 3 -1 -1 -1 -1 -1 -1 -1 -1 -1 -1 -1 3 3 3
3 3 -1 -1 -1 -1 -1 -1 -1 -1 -1 -1 -1 -1 -1 3 3
3 3 0 0 0 0 0 0 0 -1 -1 -1 -1 -1 -1 3 3
3 0 0 0 0 0 0 0 0 0 0 0 -1 -1 -1 -1 3
3 0 0 0 0 0 0 0 0 0 0 0 0 -1 -1 -1 3
3 0 0 0 0 0 0 0 0 0 0 0 0 -1 -1 -1 3
0 0 0 0 0 0 0 0 0 0 0 0 0 -1 -1 -1 -1
3 0 0 0 0 0 0 0 0 0 0 0 0 -1 -1 -1 3
3 0 0 0 0 0 0 0 0 0 0 0 0 -1 -1 -1 3
3 0 0 0 0 0 0 0 0 0 0 0 0 0 0 0 3
3 3 0 0 0 0 0 0 0 0 0 0 0 -1 -1 3 3
3 3 0 0 0 0 0 0 0 0 0 0 -1 -1 -1 3 3
3 3 3 0 0 0 0 0 0 0 0 -1 -1 -1 3 3 3
3 3 3 3 3 0 0 0 0 0 -1 -1 3 3 3 3 3
3 3 3 3 3 3 3 3 0 3 3 3 3 3 3 3 3
16:35:37.906355 - stdout  :: -1 -1
16:35:37.909753 - stdin   :: 2 13 -3 -3
2 13
3 3 3 3 3 3 3 3 -1 3 3 3 3 3 3 3 3
3 3 3 3 3 -1 -1 -1 -1 -1 -1 -1 3 3 3 3 3
3 3 3 -1 -1 -1 -1 -1 -1 -1 -1 -1 -1 -1 3 3 3
3 3 -1 -1 -1 -1 -1 -1 -1 -1 -1 -1 -1 -1 -1 3 3
3 3 -1 -1 -1 -1 -1 -1 -1 -1 -1 -1 -1 -1 -1 3 3
3 -1 -1 -1 -1 -1 -1 -1 -1 -1 -1 -1 -1 -1 -1 -1 3
3 -1 -1 -1 -1 -1 -1 -1 -1 -1 -1 -1 -1 -1 -1 -1 3
3 -1 0 0 0 0 0 0 0 0 0 0 -1 -1 -1 -1 3
-1 0 0 0 0 0 0 0 0 0 0 0 0 0 0 -1 -1
3 0 0 0 0 0 0 0 0 0 0 0 0 0 0 0 3
3 0 0 0 0 0 0 0 0 0 0 0 0 0 0 0 3
3 0 0 0 0 0 0 0 0 0 0 0 0 0 0 0 3
3 3 0 0 0 0 0 0 0 0 0 0 0 0 0 3 3
3 3 0 0 0 0 0 0 0 0 0 0 0 0 0 3 3
3 3 3 0 0 0 0 0 0 0 0 0 0 0 3 3 3
3 3 3 3 3 0 0 0 0 0 0 0 3 3 3 3 3
3 3 3 3 3 3 3 3 0 3 3 3 3 3 3 3 3
16:35:38.024118 - stdout  :: 1 1
16:35:38.028512 - stdin   :: 2 13 0 0
2 13
3 3 3 3 3 3 3 3 -1 3 3 3 3 3 3 3 3
3 3 3 3 3 -1 -1 -1 -1 -1 -1 -1 3 3 3 3 3
3 3 3 -1 -1 -1 -1 -1 -1 -1 -1 -1 -1 -1 3 3 3
3 3 -1 -1 -1 -1 -1 -1 -1 -1 -1 -1 -1 -1 -1 3 3
3 3 -1 -1 -1 -1 -1 -1 -1 -1 -1 -1 -1 -1 -1 3 3
3 -1 -1 -1 -1 -1 -1 -1 -1 -1 -1 -1 -1 -1 -1 -1 3
3 -1 -1 -1 -1 -1 -1 -1 -1 -1 -1 -1 -1 -1 -1 -1 3
3 -1 0 0 0 0 0 0 0 0 0 0 -1 -1 -1 -1 3
-1 0 0 0 0 0 0 0 0 0 0 0 0 0 0 -1 -1
3 0 0 0 0 0 0 0 0 0 0 0 0 0 0 0 3
3 0 0 0 0 0 0 0 0 0 0 0 0 0 0 0 3
3 0 0 0 0 0 0 0 0 0 0 0 0 0 0 0 3
3 3 0 0 0 0 0 0 0 0 0 0 0 0 0 3 3
3 3 0 0 0 0 0 0 0 0 0 0 0 0 0 3 3
3 3 3 0 0 0 0 0 0 0 0 0 0 0 3 3 3
3 3 3 3 3 0 0 0 0 0 0 0 3 3 3 3 3
3 3 3 3 3 3 3 3 0 3 3 3 3 3 3 3 3
16:35:38.091934 - stdout  :: 1 -1
16:35:38.095324 - stdin   :: 3 12 1 -1
3 12
3 3 3 3 3 3 3 3 -1 3 3 3 3 3 3 3 3
3 3 3 3 3 -1 -1 -1 -1 -1 -1 -1 3 3 3 3 3
3 3 3 -1 -1 -1 -1 -1 -1 -1 -1 -1 -1 -1 3 3 3
3 3 -1 -1 -1 -1 -1 -1 -1 -1 -1 -1 -1 -1 -1 3 3
3 3 -1 -1 -1 -1 -1 -1 -1 -1 -1 -1 -1 -1 -1 3 3
3 -1 -1 -1 -1 -1 -1 -1 -1 -1 -1 -1 -1 -1 -1 -1 3
3 -1 -1 0 0 0 0 0 0 0 0 0 0 -1 -1 -1 3
3 -1 0 0 0 0 0 0 0 0 0 0 0 0 0 0 3
-1 0 0 0 0 0 0 0 0 0 0 0 0 0 0 0 0
3 0 0 0 0 0 0 0 0 0 0 0 0 0 0 0 3
3 0 0 0 0 0 0 0 0 0 0 0 0 0 0 0 3
3 0 0 0 0 0 0 0 0 0 0 0 0 0 0 0 3
3 3 0 0 0 0 0 0 0 0 0 0 0 0 0 3 3
3 3 0 0 0 0 0 0 0 0 0 0 0 0 0 3 3
3 3 3 0 0 0 0 0 0 0 0 0 0 0 3 3 3
3 3 3 3 3 0 0 0 0 0 0 0 3 3 3 3 3
3 3 3 3 3 3 3 3 0 3 3 3 3 3 3 3 3
16:35:38.169247 - stdout  :: 1 -1
16:35:38.172406 - stdin   :: 5 10 2 -2
5 10
3 3 3 3 3 3 3 3 -1 3 3 3 3 3 3 3 3
3 3 3 3 3 -1 -1 -1 -1 -1 -1 -1 3 3 3 3 3
3 3 3 -1 -1 -1 -1 -1 -1 -1 -1 -1 -1 -1 3 3 3
3 3 -1 -1 -1 -1 -1 -1 -1 -1 -1 -1 -1 -1 -1 3 3
3 3 -1 -1 -1 0 0 0 0 0 0 0 0 0 0 3 3
3 -1 -1 -1 0 0 0 0 0 0 0 0 0 0 0 0 3
3 -1 -1 0 0 0 0 0 0 0 0 0 0 0 0 0 3
3 -1 0 0 0 0 0 0 0 0 0 0 0 0 0 0 3
-1 0 0 0 0 0 0 0 0 0 0 0 0 0 0 0 0
3 0 0 0 0 0 0 0 0 0 0 0 0 0 0 0 3
3 0 0 0 0 0 0 0 0 0 0 0 0 0 0 0 3
3 0 0 0 0 0 0 0 0 0 0 0 0 0 0 0 3
3 3 0 0 0 0 0 0 0 0 0 0 0 0 0 3 3
3 3 0 0 0 0 0 0 0 0 0 0 0 0 0 3 3
3 3 3 0 0 0 0 0 0 0 0 0 0 0 3 3 3
3 3 3 3 3 0 0 0 0 0 0 0 3 3 3 3 3
3 3 3 3 3 3 3 3 0 3 3 3 3 3 3 3 3
16:35:38.246065 - stdout  :: 1 -1
16:35:38.249417 - stdin   :: 8 7 3 -3
8 7
3 3 3 3 3 3 3 3 -1 3 3 3 3 3 3 3 3
3 3 3 3 3 -1 -1 -1 0 0 0 0 3 3 3 3 3
3 3 3 -1 -1 -1 -1 0 0 0 0 0 0 0 3 3 3
3 3 -1 -1 -1 -1 0 0 0 0 0 0 0 0 0 3 3
3 3 -1 -1 -1 0 0 0 0 0 0 0 0 0 0 3 3
3 -1 -1 -1 0 0 0 0 0 0 0 0 0 0 0 0 3
3 -1 -1 0 0 0 0 0 0 0 0 0 0 0 0 0 3
3 -1 0 0 0 0 0 0 0 0 0 0 0 0 0 0 3
-1 -1 0 0 0 0 0 0 0 0 0 0 0 0 0 0 0
3 -1 0 0 0 0 0 0 0 0 0 0 0 0 0 0 3
3 -1 0 0 0 0 0 0 0 0 0 0 0 0 0 0 3
3 -1 0 0 0 0 0 0 0 0 0 0 0 0 0 0 3
3 3 0 0 0 0 0 0 0 0 0 0 0 0 0 3 3
3 3 0 0 0 0 0 0 0 0 0 0 0 0 0 3 3
3 3 3 0 0 0 0 0 0 0 0 0 0 0 3 3 3
3 3 3 3 3 0 0 0 0 0 0 0 3 3 3 3 3
3 3 3 3 3 3 3 3 0 3 3 3 3 3 3 3 3
16:35:38.358859 - stdout  :: 0 0
16:35:38.363008 - stdin   :: 11 4 3 -3
11 4
3 3 3 3 3 3 3 3 -1 3 3 3 3 3 3 3 3
3 3 3 3 3 -1 -1 -1 0 0 0 0 3 3 3 3 3
3 3 3 -1 -1 -1 -1 0 0 0 0 0 0 0 3 3 3
3 3 -1 -1 -1 -1 0 0 0 0 0 0 0 0 0 3 3
3 3 -1 -1 -1 0 0 0 0 0 0 0 0 0 0 3 3
3 -1 -1 -1 -1 0 0 0 0 0 0 0 0 0 0 0 3
3 -1 -1 -1 -1 0 0 0 0 0 0 0 0 0 0 0 3
3 -1 -1 -1 -1 0 0 0 0 0 0 0 0 0 0 0 3
-1 -1 -1 -1 -1 0 0 0 0 0 0 0 0 0 0 0 0
3 -1 -1 -1 -1 0 0 0 0 0 0 0 0 0 0 0 3
3 -1 -1 -1 -1 0 0 0 0 0 0 0 0 0 0 0 3
3 -1 -1 -1 -1 0 0 0 0 0 0 0 0 0 0 0 3
3 3 -1 -1 -1 0 0 0 0 0 0 0 0 0 0 3 3
3 3 -1 -1 -1 -1 -1 -1 -1 -1 -1 0 -1 -1 -1 3 3
3 3 3 -1 -1 0 0 0 0 0 0 0 0 0 3 3 3
3 3 3 3 3 -1 0 0 0 0 0 0 3 3 3 3 3
3 3 3 3 3 3 3 3 0 3 3 3 3 3 3 3 3
16:35:38.491768 - stdout  :: 0 1
16:35:38.495473 - stdin   :: 14 2 3 -2
14 2
3 3 3 3 3 3 3 3 0 3 3 3 3 3 3 3 3
3 3 3 3 3 -1 -1 0 0 0 0 0 3 3 3 3 3
3 3 3 -1 -1 -1 -1 0 0 0 0 0 0 0 3 3 3
3 3 -1 -1 -1 -1 -1 0 0 0 0 0 0 0 0 3 3
3 3 -1 -1 -1 -1 -1 0 0 0 0 0 0 0 0 3 3
3 -1 -1 -1 -1 -1 -1 0 0 0 0 0 0 0 0 0 3
3 -1 -1 -1 -1 -1 -1 0 0 0 0 0 0 0 0 0 3
3 -1 -1 -1 -1 -1 -1 0 0 0 0 0 0 0 0 0 3
-1 -1 -1 -1 -1 -1 -1 0 0 0 0 0 0 0 0 0 0
3 -1 -1 -1 -1 -1 -1 0 0 0 0 0 0 0 0 0 3
3 -1 -1 -1 -1 -1 -1 -1 -1 -1 -1 -1 -1 0 -1 -1 3
3 -1 -1 -1 -1 -1 -1 0 0 0 0 0 0 0 0 0 3
3 3 -1 -1 -1 -1 -1 -1 0 0 0 0 0 0 0 3 3
3 3 -1 -1 -1 -1 -1 -1 0 0 0 0 0 0 0 3 3
3 3 3 -1 -1 -1 -1 -1 0 0 0 0 0 0 3 3 3
3 3 3 3 3 -1 -1 -1 0 0 0 0 3 3 3 3 3
3 3 3 3 3 3 3 3 -1 3 3 3 3 3 3 3 3
16:35:38.713618 - stdout  :: -1 1
16:35:38.717748 - stdin   :: 14 2 0 0
14 2
3 3 3 3 3 3 3 3 0 3 3 3 3 3 3 3 3
3 3 3 3 3 -1 -1 0 0 0 0 0 3 3 3 3 3
3 3 3 -1 -1 -1 -1 0 0 0 0 0 0 0 3 3 3
3 3 -1 -1 -1 -1 -1 0 0 0 0 0 0 0 0 3 3
3 3 -1 -1 -1 -1 -1 0 0 0 0 0 0 0 0 3 3
3 -1 -1 -1 -1 -1 -1 0 0 0 0 0 0 0 0 0 3
3 -1 -1 -1 -1 -1 -1 0 0 0 0 0 0 0 0 0 3
3 -1 -1 -1 -1 -1 -1 0 0 0 0 0 0 0 0 0 3
-1 -1 -1 -1 -1 -1 -1 0 0 0 0 0 0 0 0 0 0
3 -1 -1 -1 -1 -1 -1 0 0 0 0 0 0 0 0 0 3
3 -1 -1 -1 -1 -1 -1 -1 -1 -1 -1 -1 -1 0 -1 -1 3
3 -1 -1 -1 -1 -1 -1 0 0 0 0 0 0 0 0 0 3
3 3 -1 -1 -1 -1 -1 -1 0 0 0 0 0 0 0 3 3
3 3 -1 -1 -1 -1 -1 -1 0 0 0 0 0 0 0 3 3
3 3 3 -1 -1 -1 -1 -1 0 0 0 0 0 0 3 3 3
3 3 3 3 3 -1 -1 -1 0 0 0 0 3 3 3 3 3
3 3 3 3 3 3 3 3 -1 3 3 3 3 3 3 3 3
16:35:38.835947 - stdout  :: 1 1
16:35:38.839678 - stdin   :: 15 3 1 1
15 3
3 3 3 3 3 3 3 3 0 3 3 3 3 3 3 3 3
3 3 3 3 3 -1 0 0 0 0 0 0 3 3 3 3 3
3 3 3 -1 -1 -1 0 0 0 0 0 0 0 0 3 3 3
3 3 -1 -1 -1 -1 0 0 0 0 0 0 0 0 0 3 3
3 3 -1 -1 -1 -1 0 0 0 0 0 0 0 0 0 3 3
3 -1 -1 -1 -1 -1 0 0 0 0 0 0 0 0 0 0 3
3 -1 -1 -1 -1 -1 0 0 0 0 0 0 0 0 0 0 3
3 -1 -1 -1 -1 -1 0 0 0 0 0 0 0 0 0 0 3
-1 -1 -1 -1 -1 -1 0 0 0 0 0 0 0 0 0 0 0
3 -1 -1 -1 -1 -1 -1 -1 -1 -1 -1 -1 0 -1 -1 -1 3
3 -1 -1 -1 -1 -1 0 0 0 0 0 0 0 0 0 0 3
3 -1 -1 -1 -1 -1 -1 0 0 0 0 0 0 0 0 0 3
3 3 -1 -1 -1 -1 -1 0 0 0 0 0 0 0 0 3 3
3 3 -1 -1 -1 -1 -1 0 0 0 0 0 0 0 0 3 3
3 3 3 -1 -1 -1 -1 0 0 0 0 0 0 0 3 3 3
3 3 3 3 3 -1 -1 -1 0 -1 -1 -1 3 3 3 3 3
3 3 3 3 3 3 3 3 0 3 3 3 3 3 3 3 3
16:35:38.946381 - stdout  :: -1 1
16:35:38.950529 - stdin   :: 15 5 0 2
15 5
3 3 3 3 3 3 3 3 0 3 3 3 3 3 3 3 3
3 3 3 3 3 0 0 0 0 0 0 0 3 3 3 3 3
3 3 3 -1 0 0 0 0 0 0 0 0 0 0 3 3 3
3 3 -1 -1 0 0 0 0 0 0 0 0 0 0 0 3 3
3 3 -1 -1 0 0 0 0 0 0 0 0 0 0 0 3 3
3 -1 -1 -1 0 0 0 0 0 0 0 0 0 0 0 0 3
3 -1 -1 -1 0 0 0 0 0 0 0 0 0 0 0 0 3
3 -1 -1 -1 0 0 0 0 0 0 0 0 0 0 0 0 3
-1 -1 -1 -1 0 0 0 0 0 0 0 0 0 0 0 0 0
3 -1 -1 -1 -1 -1 -1 -1 -1 -1 0 -1 -1 -1 -1 -1 3
3 -1 -1 -1 0 0 0 0 0 0 0 0 0 0 0 0 3
3 -1 -1 -1 -1 0 0 0 0 0 0 0 0 0 0 0 3
3 3 -1 -1 -1 0 0 0 0 0 0 0 0 0 0 3 3
3 3 -1 -1 -1 0 0 0 0 0 0 0 0 0 0 3 3
3 3 3 -1 -1 0 0 0 0 0 0 0 0 0 3 3 3
3 3 3 3 3 -1 0 -1 -1 -1 -1 -1 3 3 3 3 3
3 3 3 3 3 3 3 3 0 3 3 3 3 3 3 3 3
16:35:39.047698 - stdout  :: 1 0
16:35:39.051615 - stdin   :: 16 7 1 2
16 7
3 3 3 3 3 3 3 3 0 3 3 3 3 3 3 3 3
3 3 3 3 3 0 0 0 0 0 0 0 3 3 3 3 3
3 3 3 0 0 0 0 0 0 0 0 0 0 0 3 3 3
3 3 0 0 0 0 0 0 0 0 0 0 0 0 0 3 3
3 3 0 0 0 0 0 0 0 0 0 0 0 0 0 3 3
3 -1 0 0 0 0 0 0 0 0 0 0 0 0 0 0 3
3 -1 0 0 0 0 0 0 0 0 0 0 0 0 0 0 3
3 -1 0 0 0 0 0 0 0 0 0 0 0 0 0 0 3
-1 -1 -1 -1 -1 -1 -1 -1 0 -1 -1 -1 -1 -1 -1 -1 -1
3 -1 0 0 0 0 0 0 0 0 0 0 0 0 0 0 3
3 -1 -1 0 0 0 0 0 0 0 0 0 0 0 0 0 3
3 -1 -1 0 0 0 0 0 0 0 0 0 0 0 0 -1 3
3 3 -1 0 0 0 0 0 0 0 0 0 0 0 -1 3 3
3 3 -1 0 0 0 0 0 0 0 0 0 0 -1 -1 3 3
3 3 3 -1 0 -1 -1 -1 -1 -1 -1 0 -1 -1 3 3 3
3 3 3 3 3 0 0 0 0 0 0 0 3 3 3 3 3
3 3 3 3 3 3 3 3 0 3 3 3 3 3 3 3 3
16:35:39.135633 - stdout  :: 0 1
16:35:39.140751 - stdin   :: 17 10 1 3
17 10
3 3 3 3 3 3 3 3 0 3 3 3 3 3 3 3 3
3 3 3 3 3 0 0 0 0 0 0 0 3 3 3 3 3
3 3 3 0 0 0 0 0 0 0 0 0 0 0 3 3 3
3 3 0 0 0 0 0 0 0 0 0 0 0 0 0 3 3
3 3 0 0 0 0 0 0 0 0 0 0 0 0 0 3 3
3 0 0 0 0 0 0 0 0 0 0 0 0 0 -1 -1 3
3 0 0 0 0 0 0 0 0 0 0 0 0 0 -1 -1 3
3 -1 -1 -1 -1 0 -1 -1 -1 -1 -1 -1 -1 -1 -1 -1 3
0 0 0 0 0 0 0 0 0 0 0 0 0 -1 -1 -1 -1
3 0 0 0 0 0 0 0 0 0 0 0 0 -1 -1 -1 3
3 0 0 0 0 0 0 0 0 0 0 0 -1 -1 -1 -1 3
3 0 0 0 0 0 0 0 0 0 0 -1 -1 -1 -1 -1 3
3 3 0 0 0 0 0 0 0 0 -1 -1 -1 -1 -1 3 3
3 3 -1 -1 -1 -1 -1 -1 0 -1 -1 -1 -1 -1 -1 3 3
3 3 3 0 0 0 0 0 0 0 -1 -1 -1 -1 3 3 3
3 3 3 3 3 0 0 0 0 0 -1 -1 3 3 3 3 3
3 3 3 3 3 3 3 3 0 3 3 3 3 3 3 3 3
16:35:39.253089 - stdout  :: 1 -1
16:35:39.256300 - stdin   :: 19 12 2 2
19 12
3 3 3 3 3 3 3 3 0 3 3 3 3 3 3 3 3
3 3 3 3 3 0 0 0 0 0 0 0 3 3 3 3 3
3 3 3 0 0 0 0 0 0 0 0 0 0 -1 3 3 3
3 3 0 0 0 0 0 0 0 0 0 0 -1 -1 -1 3 3
3 3 0 0 0 0 0 0 0 0 0 0 -1 -1 -1 3 3
3 -1 -1 0 -1 -1 -1 -1 -1 -1 -1 -1 -1 -1 -1 -1 3
3 0 0 0 0 0 0 0 0 0 0 -1 -1 -1 -1 -1 3
3 0 0 0 0 0 0 0 0 0 0 -1 -1 -1 -1 -1 3
0 0 0 0 0 0 0 0 0 0 -1 -1 -1 -1 -1 -1 -1
3 0 0 0 0 0 0 0 0 -1 -1 -1 -1 -1 -1 -1 3
3 0 0 0 0 0 0 0 -1 -1 -1 -1 -1 -1 -1 -1 3
3 -1 -1 -1 -1 -1 0 -1 -1 -1 -1 -1 -1 -1 -1 -1 3
3 3 0 0 0 0 0 0 -1 -1 -1 -1 -1 -1 -1 3 3
3 3 0 0 0 0 0 0 -1 -1 -1 -1 -1 -1 -1 3 3
3 3 3 0 0 0 0 0 -1 -1 -1 -1 -1 -1 3 3 3
3 3 3 3 3 0 0 0 -1 -1 -1 -1 3 3 3 3 3
3 3 3 3 3 3 3 3 -1 3 3 3 3 3 3 3 3
16:35:39.475408 - stdout  :: -1 -1
16:35:39.479060 - stdin   :: 19 12 0 0
19 12
3 3 3 3 3 3 3 3 0 3 3 3 3 3 3 3 3
3 3 3 3 3 0 0 0 0 0 0 0 3 3 3 3 3
3 3 3 0 0 0 0 0 0 0 0 0 0 -1 3 3 3
3 3 0 0 0 0 0 0 0 0 0 0 -1 -1 -1 3 3
3 3 0 0 0 0 0 0 0 0 0 0 -1 -1 -1 3 3
3 -1 -1 0 -1 -1 -1 -1 -1 -1 -1 -1 -1 -1 -1 -1 3
3 0 0 0 0 0 0 0 0 0 0 -1 -1 -1 -1 -1 3
3 0 0 0 0 0 0 0 0 0 0 -1 -1 -1 -1 -1 3
0 0 0 0 0 0 0 0 0 0 -1 -1 -1 -1 -1 -1 -1
3 0 0 0 0 0 0 0 0 -1 -1 -1 -1 -1 -1 -1 3
3 0 0 0 0 0 0 0 -1 -1 -1 -1 -1 -1 -1 -1 3
3 -1 -1 -1 -1 -1 0 -1 -1 -1 -1 -1 -1 -1 -1 -1 3
3 3 0 0 0 0 0 0 -1 -1 -1 -1 -1 -1 -1 3 3
3 3 0 0 0 0 0 0 -1 -1 -1 -1 -1 -1 -1 3 3
3 3 3 0 0 0 0 0 -1 -1 -1 -1 -1 -1 3 3 3
3 3 3 3 3 0 0 0 -1 -1 -1 -1 3 3 3 3 3
3 3 3 3 3 3 3 3 -1 3 3 3 3 3 3 3 3
16:35:39.590029 - stdout  :: 1 -1
16:35:39.593285 - stdin   :: 20 11 1 -1
20 11
3 3 3 3 3 3 3 3 0 3 3 3 3 3 3 3 3
3 3 3 3 3 0 0 0 0 0 0 0 3 3 3 3 3
3 3 3 0 0 0 0 0 0 0 0 0 0 -1 3 3 3
3 3 0 0 0 0 0 0 0 0 0 0 0 -1 -1 3 3
3 3 -1 -1 0 -1 -1 -1 -1 -1 -1 -1 -1 -1 -1 3 3
3 0 0 0 0 0 0 0 0 0 0 0 -1 -1 -1 -1 3
3 0 0 0 0 0 0 0 0 0 0 0 -1 -1 -1 -1 3
3 0 0 0 0 0 0 0 0 0 0 -1 -1 -1 -1 -1 3
0 0 0 0 0 0 0 0 0 0 -1 -1 -1 -1 -1 -1 -1
3 0 0 0 0 0 0 0 0 -1 -1 -1 -1 -1 -1 -1 3
3 -1 -1 -1 -1 -1 -1 0 -1 -1 -1 -1 -1 -1 -1 -1 3
3 0 0 0 0 0 0 0 0 -1 -1 -1 -1 -1 -1 -1 3
3 3 0 0 0 0 0 0 0 -1 -1 -1 -1 -1 -1 3 3
3 3 0 0 0 0 0 0 0 -1 -1 -1 -1 -1 -1 3 3
3 3 3 0 0 0 0 0 0 -1 -1 -1 -1 -1 3 3 3
3 3 3 3 3 0 0 0 0 -1 -1 -1 3 3 3 3 3
3 3 3 3 3 3 3 3 0 3 3 3 3 3 3 3 3
16:35:39.705187 - stdout  :: 1 0
16:35:39.712551 - stdin   :: 22 10 2 -1
22 10
3 3 3 3 3 3 3 3 0 3 3 3 3 3 3 3 3
3 3 3 3 3 0 0 0 0 0 0 0 3 3 3 3 3
3 3 3 -1 -1 0 -1 -1 -1 -1 -1 -1 -1 -1 3 3 3
3 3 0 0 0 0 0 0 0 0 0 0 0 -1 -1 3 3
3 3 0 0 0 0 0 0 0 0 0 0 0 -1 -1 3 3
3 0 0 0 0 0 0 0 0 0 0 0 -1 -1 -1 -1 3
3 0 0 0 0 0 0 0 0 0 0 -1 -1 -1 -1 -1 3
3 0 0 0 0 0 0 0 0 0 -1 -1 -1 -1 -1 -1 3
-1 0 -1 -1 -1 -1 -1 -1 0 -1 -1 -1 -1 -1 -1 -1 -1
3 0 0 0 0 0 0 0 0 0 -1 -1 -1 -1 -1 -1 3
3 0 0 0 0 0 0 0 0 0 -1 -1 -1 -1 -1 -1 3
3 0 0 0 0 0 0 0 0 0 -1 -1 -1 -1 -1 -1 3
3 3 0 0 0 0 0 0 0 0 -1 -1 -1 -1 -1 3 3
3 3 0 0 0 0 0 0 0 0 -1 -1 -1 -1 -1 3 3
3 3 3 0 0 0 0 0 0 0 -1 -1 -1 -1 3 3 3
3 3 3 3 3 0 0 0 0 0 -1 -1 3 3 3 3 3
3 3 3 3 3 3 3 3 0 3 3 3 3 3 3 3 3
16:35:39.833425 - stdout  :: 0 -1
16:35:39.838348 - stdin   :: 24 8 2 -2
24 8
3 3 3 3 3 3 3 3 -1 3 3 3 3 3 3 3 3
3 3 3 3 3 0 0 0 0 0 0 0 3 3 3 3 3
3 3 3 0 0 0 0 0 0 0 0 0 0 0 3 3 3
3 3 0 0 0 0 0 0 0 0 0 0 0 0 -1 3 3
3 3 0 0 0 0 0 0 0 0 0 0 0 -1 -1 3 3
3 -1 0 0 0 0 0 0 0 0 0 0 -1 -1 -1 -1 3
3 -1 -1 0 -1 -1 -1 -1 -1 -1 0 -1 -1 -1 -1 -1 3
3 -1 0 0 0 0 0 0 0 0 0 0 -1 -1 -1 -1 3
-1 -1 0 0 0 0 0 0 0 0 0 0 -1 -1 -1 -1 -1
3 -1 -1 0 0 0 0 0 0 0 0 0 -1 -1 -1 -1 3
3 -1 -1 0 0 0 0 0 0 0 0 0 -1 -1 -1 -1 3
3 -1 -1 0 0 0 0 0 0 0 0 0 -1 -1 -1 -1 3
3 3 -1 0 0 0 0 0 0 0 0 0 -1 -1 -1 3 3
3 3 -1 0 0 0 0 0 0 0 0 0 -1 -1 -1 3 3
3 3 3 0 0 0 0 0 0 0 0 0 -1 -1 3 3 3
3 3 3 3 3 0 0 0 0 0 0 0 3 3 3 3 3
3 3 3 3 3 3 3 3 0 3 3 3 3 3 3 3 3
16:35:39.921290 - stdout  :: 1 -1
16:35:39.925270 - stdin   :: 27 5 3 -3
27 5
3 3 3 3 3 3 3 3 0 3 3 3 3 3 3 3 3
3 3 3 3 3 0 0 0 0 0 0 0 3 3 3 3 3
3 3 3 -1 -1 0 0 0 0 0 0 0 0 0 3 3 3
3 3 -1 -1 -1 -1 0 -1 -1 -1 -1 -1 -1 0 -1 3 3
3 3 -1 -1 -1 0 0 0 0 0 0 0 0 0 0 3 3
3 -1 -1 -1 -1 0 0 0 0 0 0 0 0 0 0 -1 3
3 -1 -1 -1 -1 -1 0 0 0 0 0 0 0 0 0 -1 3
3 -1 -1 -1 -1 -1 0 0 0 0 0 0 0 0 0 -1 3
-1 -1 -1 -1 -1 -1 0 0 0 0 0 0 0 0 0 -1 -1
3 -1 -1 -1 -1 -1 0 0 0 0 0 0 0 0 0 -1 3
3 -1 -1 -1 -1 -1 0 0 0 0 0 0 0 0 0 -1 3
3 -1 -1 -1 -1 -1 0 0 0 0 0 0 0 0 0 -1 3
3 3 -1 -1 -1 0 0 0 0 0 0 0 0 0 0 3 3
3 3 -1 -1 100 0 0 0 0 0 0 0 0 0 0 3 3
3 3 3 -1 100 0 0 0 0 0 0 0 0 0 3 3 3
3 3 3 3 3 0 0 0 0 0 0 0 3 3 3 3 3
3 3 3 3 3 3 3 3 100 3 3 3 3 3 3 3 3
16:35:39.929318 - stdout  :: 0 1
16:35:39.933847 - stdin   :: 30 3 3 -2
30 3
3 3 3 3 3 3 3 3 0 3 3 3 3 3 3 3 3
3 3 3 3 3 -1 -1 0 0 0 0 0 3 3 3 3 3
3 3 3 -1 -1 -1 -1 0 0 0 0 0 0 0 3 3 3
3 3 -1 -1 -1 -1 -1 -1 0 0 0 0 0 0 0 3 3
3 3 -1 -1 -1 -1 -1 -1 0 0 0 0 0 0 0 3 3
3 -1 -1 -1 -1 -1 -1 -1 0 0 0 0 0 0 0 0 3
3 -1 -1 -1 -1 -1 -1 -1 0 0 0 0 0 0 0 0 3
3 -1 -1 -1 -1 -1 -1 -1 0 0 0 0 0 0 0 0 3
-1 -1 -1 -1 -1 -1 -1 -1 0 0 0 0 0 0 0 0 0
3 -1 -1 -1 -1 -1 -1 0 0 0 0 0 0 0 0 0 3
3 -1 -1 -1 -1 -1 100 0 0 0 0 0 0 0 0 0 3
3 -1 -1 -1 -1 -1 100 0 0 0 0 0 0 0 0 0 3
3 3 -1 -1 -1 -1 100 0 0 0 0 0 0 0 0 3 3
3 3 -1 -1 -1 -1 100 100 100 100 100 100 100 100 100 3 3
3 3 3 -1 -1 -1 100 100 100 100 100 100 100 100 3 3 3
3 3 3 3 3 -1 100 100 100 100 100 100 3 3 3 3 3
3 3 3 3 3 3 3 3 -1 3 3 3 3 3 3 3 3
16:35:39.941805 - stdout  :: -1 0
16:35:39.943458 - stdin   :: ~~~END~~~
16:35:39.944278 - control :: Server has terminated, no more data.
