17:16:38.038250 - control :: Starting bot process.
17:16:38.321382 - control :: Bot has initialised, connecting to server.
17:16:38.328345 - stdin   :: 40 59 1 8
17:16:38.329303 - stdin   :: 1 2 0 0
1 2
3 3 3 3 3 3 3 3 -1 3 3 3 3 3 3 3 3
3 3 3 3 3 -1 -1 -1 -1 -1 -1 -1 3 3 3 3 3
3 3 3 -1 -1 -1 -1 -1 -1 -1 -1 -1 -1 -1 3 3 3
3 3 -1 -1 -1 -1 -1 -1 -1 -1 -1 -1 -1 -1 -1 3 3
3 3 -1 -1 -1 -1 -1 -1 -1 -1 -1 -1 -1 -1 -1 3 3
3 -1 -1 -1 -1 -1 -1 -1 -1 -1 -1 -1 -1 -1 -1 -1 3
3 -1 -1 -1 -1 -1 -1 -1 -1 -1 -1 -1 -1 -1 -1 -1 3
3 -1 -1 -1 -1 -1 -1 -1 -1 -1 -1 -1 -1 -1 -1 -1 3
-1 -1 -1 -1 -1 -1 -1 -1 1 0 0 0 0 0 0 0 0
3 -1 -1 -1 -1 -1 -1 -1 -1 -1 -1 -1 -1 -1 -1 -1 3
3 -1 -1 -1 -1 -1 -1 -1 -1 -1 -1 -1 -1 -1 -1 -1 3
3 -1 -1 -1 -1 -1 -1 -1 -1 -1 -1 -1 -1 -1 -1 -1 3
3 3 -1 -1 -1 -1 -1 -1 -1 -1 -1 -1 -1 -1 -1 3 3
3 3 -1 -1 -1 -1 -1 -1 -1 -1 -1 -1 -1 -1 -1 3 3
3 3 3 -1 -1 -1 -1 -1 -1 -1 -1 -1 -1 -1 3 3 3
3 3 3 3 3 -1 -1 -1 -1 -1 -1 -1 3 3 3 3 3
3 3 3 3 3 3 3 3 -1 3 3 3 3 3 3 3 3
17:16:38.334458 - stdout  :: 0 1
17:16:38.337375 - stdin   :: 1 3 0 1
1 3
3 3 3 3 3 3 3 3 -1 3 3 3 3 3 3 3 3
3 3 3 3 3 -1 -1 -1 -1 -1 -1 -1 3 3 3 3 3
3 3 3 -1 -1 -1 -1 -1 -1 -1 -1 -1 -1 -1 3 3 3
3 3 -1 -1 -1 -1 -1 -1 -1 -1 -1 -1 -1 -1 -1 3 3
3 3 -1 -1 -1 -1 -1 -1 -1 -1 -1 -1 -1 -1 -1 3 3
3 -1 -1 -1 -1 -1 -1 -1 -1 -1 -1 -1 -1 -1 -1 -1 3
3 -1 -1 -1 -1 -1 -1 -1 -1 -1 -1 -1 -1 -1 -1 -1 3
3 -1 -1 -1 -1 -1 -1 -1 -1 -1 -1 -1 -1 -1 -1 -1 3
-1 -1 -1 -1 -1 -1 -1 1 0 0 0 0 0 0 0 0 0
3 -1 -1 -1 -1 -1 -1 -1 -1 -1 -1 -1 -1 -1 -1 -1 3
3 -1 -1 -1 -1 -1 -1 -1 -1 -1 -1 -1 -1 -1 -1 -1 3
3 -1 -1 -1 -1 -1 -1 -1 -1 -1 -1 -1 -1 -1 -1 -1 3
3 3 -1 -1 -1 -1 -1 -1 -1 -1 -1 -1 -1 -1 -1 3 3
3 3 -1 -1 -1 -1 -1 -1 -1 -1 -1 -1 -1 -1 -1 3 3
3 3 3 -1 -1 -1 -1 -1 -1 -1 -1 -1 -1 -1 3 3 3
3 3 3 3 3 -1 -1 -1 -1 -1 -1 -1 3 3 3 3 3
3 3 3 3 3 3 3 3 -1 3 3 3 3 3 3 3 3
17:16:38.340877 - stdout  :: 0 1
17:16:38.343663 - stdin   :: 1 5 0 2
1 5
3 3 3 3 3 3 3 3 -1 3 3 3 3 3 3 3 3
3 3 3 3 3 -1 -1 -1 -1 -1 -1 -1 3 3 3 3 3
3 3 3 -1 -1 -1 -1 -1 -1 -1 -1 -1 -1 -1 3 3 3
3 3 -1 -1 -1 -1 -1 -1 -1 -1 -1 -1 -1 -1 -1 3 3
3 3 -1 -1 -1 -1 -1 -1 -1 -1 -1 -1 -1 -1 -1 3 3
3 -1 -1 -1 -1 -1 -1 -1 -1 -1 -1 -1 -1 -1 -1 -1 3
3 -1 -1 -1 -1 -1 -1 -1 -1 -1 -1 -1 -1 -1 -1 -1 3
3 -1 -1 -1 -1 -1 -1 -1 -1 -1 -1 -1 -1 -1 -1 -1 3
-1 -1 -1 -1 -1 1 0 0 0 0 0 0 0 0 0 0 0
3 -1 -1 -1 -1 -1 -1 -1 -1 -1 -1 -1 -1 -1 -1 -1 3
3 -1 -1 -1 -1 -1 -1 -1 -1 -1 -1 -1 -1 -1 -1 -1 3
3 -1 -1 -1 -1 -1 -1 -1 -1 -1 -1 -1 -1 -1 -1 -1 3
3 3 -1 -1 -1 -1 -1 -1 -1 -1 -1 -1 -1 -1 -1 3 3
3 3 -1 -1 -1 -1 -1 -1 -1 -1 -1 -1 -1 -1 -1 3 3
3 3 3 -1 -1 -1 -1 -1 -1 -1 -1 -1 -1 -1 3 3 3
3 3 3 3 3 -1 -1 -1 -1 -1 -1 -1 3 3 3 3 3
3 3 3 3 3 3 3 3 -1 3 3 3 3 3 3 3 3
17:16:38.349905 - stdout  :: 0 1
17:16:38.354539 - stdin   :: 1 8 0 3
1 8
3 3 3 3 3 3 3 3 -1 3 3 3 3 3 3 3 3
3 3 3 3 3 -1 -1 -1 -1 -1 -1 -1 3 3 3 3 3
3 3 3 -1 -1 -1 -1 -1 -1 -1 -1 -1 -1 -1 3 3 3
3 3 -1 -1 -1 -1 -1 -1 -1 -1 -1 -1 -1 -1 -1 3 3
3 3 -1 -1 -1 -1 -1 -1 -1 -1 -1 -1 -1 -1 -1 3 3
3 -1 -1 -1 -1 -1 -1 -1 -1 -1 -1 -1 -1 -1 -1 -1 3
3 -1 -1 -1 -1 -1 -1 -1 -1 -1 -1 -1 -1 -1 -1 -1 3
3 -1 -1 -1 -1 -1 -1 -1 -1 -1 -1 -1 -1 -1 -1 -1 3
-1 -1 1 0 0 0 0 0 0 0 0 0 0 0 0 0 0
3 -1 -1 -1 -1 -1 -1 -1 -1 -1 -1 -1 -1 -1 -1 -1 3
3 -1 -1 -1 -1 -1 -1 -1 -1 -1 -1 -1 -1 -1 -1 -1 3
3 -1 -1 -1 -1 -1 -1 -1 -1 -1 -1 -1 -1 -1 -1 0 3
3 3 -1 -1 -1 -1 -1 -1 -1 -1 -1 -1 -1 -1 0 3 3
3 3 -1 -1 -1 -1 -1 -1 -1 -1 -1 -1 -1 0 -1 3 3
3 3 3 -1 -1 -1 -1 -1 -1 -1 -1 -1 0 -1 3 3 3
3 3 3 3 3 -1 -1 -1 -1 -1 -1 0 3 3 3 3 3
3 3 3 3 3 3 3 3 -1 3 3 3 3 3 3 3 3
17:16:38.359888 - stdout  :: 0 0
17:16:38.364453 - stdin   :: 1 11 0 3
1 11
3 3 3 3 3 3 3 3 -1 3 3 3 3 3 3 3 3
3 3 3 3 3 -1 -1 -1 -1 -1 -1 -1 3 3 3 3 3
3 3 3 -1 -1 -1 -1 -1 -1 -1 -1 -1 -1 -1 3 3 3
3 3 -1 -1 -1 -1 -1 -1 -1 -1 -1 -1 -1 -1 -1 3 3
3 3 -1 -1 -1 -1 -1 -1 -1 -1 -1 -1 -1 -1 -1 3 3
3 -1 -1 -1 -1 -1 -1 -1 -1 -1 -1 -1 -1 -1 -1 -1 3
3 -1 -1 -1 -1 -1 -1 -1 -1 -1 -1 -1 -1 -1 -1 -1 3
3 -1 -1 -1 -1 -1 -1 -1 -1 -1 -1 -1 -1 -1 -1 -1 3
0 0 0 0 0 0 0 0 0 0 0 0 0 0 0 0 -1
3 -1 -1 -1 -1 -1 -1 -1 -1 -1 -1 -1 -1 -1 0 0 3
3 -1 -1 -1 -1 -1 -1 -1 -1 -1 -1 -1 -1 0 -1 0 3
3 -1 -1 -1 -1 -1 -1 -1 -1 -1 -1 -1 0 -1 -1 0 3
3 3 -1 -1 -1 -1 -1 -1 -1 -1 -1 0 -1 -1 -1 3 3
3 3 -1 -1 -1 -1 -1 -1 -1 -1 0 -1 -1 -1 -1 3 3
3 3 3 -1 -1 -1 -1 -1 -1 0 -1 -1 -1 -1 3 3 3
3 3 3 3 3 -1 -1 -1 0 -1 -1 -1 3 3 3 3 3
3 3 3 3 3 3 3 3 -1 3 3 3 3 3 3 3 3
17:16:38.371740 - stdout  :: 0 0
17:16:38.375157 - stdin   :: 1 14 0 3
1 14
3 3 3 3 3 3 3 3 -1 3 3 3 3 3 3 3 3
3 3 3 3 3 -1 -1 -1 -1 -1 -1 -1 3 3 3 3 3
3 3 3 -1 -1 -1 -1 -1 -1 -1 -1 -1 -1 -1 3 3 3
3 3 -1 -1 -1 -1 -1 -1 -1 -1 -1 -1 -1 -1 -1 3 3
3 3 -1 -1 -1 -1 -1 -1 -1 -1 -1 -1 -1 -1 -1 3 3
3 -1 -1 -1 -1 -1 -1 -1 -1 -1 -1 -1 -1 -1 -1 -1 3
3 -1 -1 -1 -1 -1 -1 -1 -1 -1 -1 -1 -1 -1 -1 -1 3
3 -1 -1 -1 -1 -1 -1 -1 -1 -1 -1 -1 -1 -1 -1 -1 3
0 0 0 0 0 0 0 0 0 0 0 0 0 -1 0 0 0
3 -1 -1 -1 -1 -1 -1 -1 -1 -1 -1 0 0 -1 0 -1 3
3 -1 -1 -1 -1 -1 -1 -1 -1 -1 0 -1 0 -1 0 -1 3
3 -1 -1 -1 -1 -1 -1 -1 -1 0 -1 -1 0 -1 0 -1 3
3 3 -1 -1 -1 -1 -1 -1 0 -1 -1 -1 0 -1 0 3 3
3 3 -1 -1 -1 -1 -1 0 -1 -1 -1 -1 0 -1 0 3 3
3 3 3 -1 -1 -1 0 -1 -1 -1 -1 -1 0 -1 3 3 3
3 3 3 3 3 0 -1 -1 -1 -1 -1 -1 3 3 3 3 3
3 3 3 3 3 3 3 3 -1 3 3 3 3 3 3 3 3
17:16:38.379945 - stdout  :: 1 0
17:16:38.383103 - stdin   :: 2 17 1 3
2 17
3 3 3 3 3 3 3 3 -1 3 3 3 3 3 3 3 3
3 3 3 3 3 -1 -1 -1 -1 -1 -1 -1 3 3 3 3 3
3 3 3 -1 -1 -1 -1 -1 -1 -1 -1 -1 -1 -1 3 3 3
3 3 -1 -1 -1 -1 -1 -1 -1 -1 -1 -1 -1 -1 -1 3 3
3 3 -1 -1 -1 -1 -1 -1 -1 -1 -1 -1 -1 -1 -1 3 3
3 -1 -1 -1 -1 -1 -1 -1 -1 -1 -1 -1 -1 -1 -1 -1 3
3 -1 -1 -1 -1 -1 -1 -1 -1 -1 -1 -1 -1 -1 -1 -1 3
3 0 0 0 0 0 0 0 0 0 -1 0 0 0 0 0 3
-1 -1 -1 -1 -1 -1 -1 -1 0 0 -1 0 -1 -1 -1 -1 -1
3 -1 -1 -1 -1 -1 -1 0 -1 0 -1 0 -1 -1 -1 -1 3
3 -1 -1 -1 -1 -1 0 -1 -1 0 -1 0 -1 -1 -1 -1 3
3 -1 -1 -1 -1 0 -1 -1 -1 0 -1 0 -1 -1 -1 -1 3
3 3 -1 -1 0 -1 -1 -1 -1 0 -1 0 -1 -1 -1 3 3
3 3 -1 0 -1 -1 -1 -1 -1 0 -1 0 -1 -1 -1 3 3
3 3 3 -1 -1 -1 -1 -1 -1 0 -1 0 -1 -1 3 3 3
3 3 3 3 3 -1 -1 -1 -1 0 -1 0 3 3 3 3 3
3 3 3 3 3 3 3 3 -1 3 3 3 3 3 3 3 3
17:16:38.388534 - stdout  :: -1 -1
17:16:38.391775 - stdin   :: 2 17 0 0
2 17
3 3 3 3 3 3 3 3 -1 3 3 3 3 3 3 3 3
3 3 3 3 3 -1 -1 -1 -1 -1 -1 -1 3 3 3 3 3
3 3 3 -1 -1 -1 -1 -1 -1 -1 -1 -1 -1 -1 3 3 3
3 3 -1 -1 -1 -1 -1 -1 -1 -1 -1 -1 -1 -1 -1 3 3
3 3 -1 -1 -1 -1 -1 -1 -1 -1 -1 -1 -1 -1 -1 3 3
3 -1 -1 -1 -1 -1 -1 -1 -1 -1 -1 -1 -1 -1 -1 -1 3
3 -1 -1 -1 -1 -1 -1 -1 -1 -1 -1 -1 -1 -1 -1 -1 3
3 0 0 0 0 0 0 0 0 0 -1 0 0 0 0 0 3
-1 -1 -1 -1 -1 -1 -1 -1 0 0 -1 0 -1 -1 -1 -1 -1
3 -1 -1 -1 -1 -1 -1 0 -1 0 -1 0 -1 -1 -1 -1 3
3 -1 -1 -1 -1 -1 0 -1 -1 0 -1 0 -1 -1 -1 -1 3
3 -1 -1 -1 -1 0 -1 -1 -1 0 -1 0 -1 -1 -1 -1 3
3 3 -1 -1 0 -1 -1 -1 -1 0 -1 0 -1 -1 -1 3 3
3 3 -1 0 -1 -1 -1 -1 -1 0 -1 0 -1 -1 -1 3 3
3 3 3 -1 -1 -1 -1 -1 -1 0 -1 0 -1 -1 3 3 3
3 3 3 3 3 -1 -1 -1 -1 0 -1 0 3 3 3 3 3
3 3 3 3 3 3 3 3 -1 3 3 3 3 3 3 3 3
17:16:38.395020 - stdout  :: 1 1
17:16:38.397926 - stdin   :: 3 18 1 1
3 18
3 3 3 3 3 3 3 3 -1 3 3 3 3 3 3 3 3
3 3 3 3 3 -1 -1 -1 -1 -1 -1 -1 3 3 3 3 3
3 3 3 -1 -1 -1 -1 -1 -1 -1 -1 -1 -1 -1 3 3 3
3 3 -1 -1 -1 -1 -1 -1 -1 -1 -1 -1 -1 -1 -1 3 3
3 3 -1 -1 -1 -1 -1 -1 -1 -1 -1 -1 -1 -1 -1 3 3
3 -1 -1 -1 -1 -1 -1 -1 -1 -1 -1 -1 -1 -1 -1 -1 3
3 0 0 0 0 0 0 0 0 -1 0 0 0 0 0 0 3
3 -1 -1 -1 -1 -1 -1 0 0 -1 0 -1 -1 -1 -1 -1 3
-1 -1 -1 -1 -1 -1 0 -1 0 -1 0 -1 -1 -1 -1 -1 -1
3 -1 -1 -1 -1 0 -1 -1 0 -1 0 -1 -1 -1 -1 -1 3
3 -1 -1 -1 0 -1 -1 -1 0 -1 0 -1 -1 -1 -1 -1 3
3 -1 -1 0 -1 -1 -1 -1 0 -1 0 -1 -1 -1 -1 -1 3
3 3 0 -1 -1 -1 -1 -1 0 -1 0 -1 -1 -1 -1 3 3
3 3 -1 -1 -1 -1 -1 -1 0 -1 0 -1 -1 -1 -1 3 3
3 3 3 -1 -1 -1 -1 -1 0 -1 0 -1 -1 -1 3 3 3
3 3 3 3 3 -1 -1 -1 0 -1 0 -1 3 3 3 3 3
3 3 3 3 3 3 3 3 0 3 3 3 3 3 3 3 3
17:16:38.401586 - stdout  :: 1 -1
17:16:38.404441 - stdin   :: 5 18 2 0
5 18
3 3 3 3 3 3 3 3 -1 3 3 3 3 3 3 3 3
3 3 3 3 3 -1 -1 -1 -1 -1 -1 -1 3 3 3 3 3
3 3 3 -1 -1 -1 -1 -1 -1 -1 -1 -1 -1 -1 3 3 3
3 3 -1 -1 -1 -1 -1 -1 -1 -1 -1 -1 -1 -1 -1 3 3
3 3 0 0 0 0 0 0 0 -1 0 0 0 0 0 3 3
3 -1 -1 -1 -1 -1 -1 0 0 -1 0 -1 -1 -1 -1 -1 3
3 -1 -1 -1 -1 -1 0 -1 0 -1 0 -1 -1 -1 -1 -1 3
3 -1 -1 -1 -1 0 -1 -1 0 -1 0 -1 -1 -1 -1 -1 3
-1 -1 -1 -1 0 -1 -1 -1 0 -1 0 -1 -1 -1 -1 -1 -1
3 -1 -1 0 -1 -1 -1 -1 0 -1 0 -1 -1 -1 -1 -1 3
3 -1 0 -1 -1 -1 -1 -1 0 -1 0 -1 -1 -1 -1 -1 3
3 0 -1 -1 -1 -1 -1 -1 0 -1 0 -1 -1 -1 -1 -1 3
3 3 -1 -1 -1 -1 -1 -1 0 -1 0 -1 -1 -1 -1 3 3
3 3 -1 -1 -1 -1 -1 -1 0 -1 0 -1 -1 -1 -1 3 3
3 3 3 -1 -1 -1 -1 -1 0 -1 0 -1 -1 -1 3 3 3
3 3 3 3 3 -1 -1 -1 0 -1 0 -1 3 3 3 3 3
3 3 3 3 3 3 3 3 0 3 3 3 3 3 3 3 3
17:16:38.408534 - stdout  :: 1 0
17:16:38.411255 - stdin   :: 8 18 3 0
8 18
3 3 3 3 3 3 3 3 -1 3 3 3 3 3 3 3 3
3 3 3 3 3 0 0 0 0 -1 0 0 3 3 3 3 3
3 3 3 -1 -1 -1 -1 0 0 -1 0 -1 -1 -1 3 3 3
3 3 -1 -1 -1 -1 0 -1 0 -1 0 -1 -1 -1 -1 3 3
3 3 -1 -1 -1 0 -1 -1 0 -1 0 -1 -1 -1 -1 3 3
3 -1 -1 -1 0 -1 -1 -1 0 -1 0 -1 -1 -1 -1 -1 3
3 -1 -1 0 -1 -1 -1 -1 0 -1 0 -1 -1 -1 -1 -1 3
3 -1 0 -1 -1 -1 -1 -1 0 -1 0 -1 -1 -1 -1 -1 3
-1 0 -1 -1 -1 -1 -1 -1 0 -1 0 -1 -1 -1 -1 -1 -1
3 -1 -1 -1 -1 -1 -1 -1 0 -1 0 -1 -1 -1 -1 -1 3
3 -1 -1 -1 -1 -1 -1 -1 0 -1 0 -1 -1 -1 -1 -1 3
3 -1 -1 -1 -1 -1 -1 -1 0 -1 0 -1 -1 -1 -1 -1 3
3 3 -1 -1 -1 -1 -1 -1 0 -1 0 -1 -1 -1 -1 3 3
3 3 -1 -1 -1 -1 -1 -1 0 -1 0 -1 -1 -1 100 3 3
3 3 3 -1 -1 -1 -1 -1 0 -1 0 -1 -1 100 3 3 3
3 3 3 3 3 -1 -1 -1 0 -1 0 -1 3 3 3 3 3
3 3 3 3 3 3 3 3 0 3 3 3 3 3 3 3 3
17:16:38.413690 - stdout  :: 0 0
17:16:38.416629 - stdin   :: 11 18 3 0
11 18
3 3 3 3 3 3 3 3 0 3 3 3 3 3 3 3 3
3 3 3 3 3 0 -1 -1 0 -1 0 -1 3 3 3 3 3
3 3 3 -1 0 -1 -1 -1 0 -1 0 -1 -1 -1 3 3 3
3 3 -1 0 -1 -1 -1 -1 0 -1 0 -1 -1 -1 -1 3 3
3 3 0 -1 -1 -1 -1 -1 0 -1 0 -1 -1 -1 -1 3 3
3 0 -1 -1 -1 -1 -1 -1 0 -1 0 -1 -1 -1 -1 -1 3
3 -1 -1 -1 -1 -1 -1 -1 0 -1 0 -1 -1 -1 -1 -1 3
3 -1 -1 -1 -1 -1 -1 -1 0 -1 0 -1 -1 -1 -1 -1 3
-1 -1 -1 -1 -1 -1 -1 -1 0 -1 0 -1 -1 -1 -1 -1 0
3 -1 -1 -1 -1 -1 -1 -1 0 -1 0 -1 -1 -1 -1 0 3
3 -1 -1 -1 -1 -1 -1 -1 0 -1 0 -1 -1 -1 100 0 3
3 -1 -1 -1 -1 -1 -1 -1 0 -1 0 -1 -1 100 100 -1 3
3 3 -1 -1 -1 -1 -1 -1 0 -1 0 -1 100 100 100 3 3
3 3 -1 -1 -1 -1 -1 -1 0 -1 0 -1 100 100 -1 3 3
3 3 3 -1 -1 -1 -1 -1 1 -1 0 -1 100 100 3 3 3
3 3 3 3 3 -1 -1 -1 -1 -1 0 -1 3 3 3 3 3
3 3 3 3 3 3 3 3 0 3 3 3 3 3 3 3 3
17:16:38.424251 - stdout  :: -1 0
17:16:38.427168 - stdin   :: 13 18 2 0
13 18
3 3 3 3 3 3 3 3 0 3 3 3 3 3 3 3 3
3 3 3 3 3 -1 -1 -1 0 -1 0 -1 3 3 3 3 3
3 3 3 -1 -1 -1 -1 -1 0 -1 0 -1 -1 -1 3 3 3
3 3 -1 -1 -1 -1 -1 -1 0 -1 0 -1 -1 -1 -1 3 3
3 3 -1 -1 -1 -1 -1 -1 0 -1 0 -1 -1 -1 -1 3 3
3 -1 -1 -1 -1 -1 -1 -1 0 -1 0 -1 -1 -1 -1 -1 3
3 -1 -1 -1 -1 -1 -1 -1 0 -1 0 -1 -1 -1 -1 -1 3
3 -1 -1 -1 -1 -1 -1 -1 0 -1 0 -1 -1 -1 -1 0 3
-1 -1 -1 -1 -1 -1 -1 -1 0 -1 0 -1 -1 -1 100 0 -1
3 -1 -1 -1 -1 -1 -1 -1 0 -1 0 -1 -1 100 100 -1 3
3 -1 -1 -1 -1 -1 -1 -1 0 -1 0 -1 100 100 100 -1 3
3 -1 -1 -1 -1 -1 -1 -1 0 -1 0 -1 100 100 -1 -1 3
3 3 -1 -1 -1 -1 -1 -1 1 -1 0 -1 100 100 -1 3 3
3 3 -1 -1 -1 -1 -1 -1 -1 -1 0 -1 100 -1 -1 3 3
3 3 3 0 0 0 0 0 0 0 0 -1 100 -1 3 3 3
3 3 3 3 3 -1 -1 -1 -1 -1 0 -1 3 3 3 3 3
3 3 3 3 3 3 3 3 1 3 3 3 3 3 3 3 3
17:16:38.434985 - stdout  :: -1 0
17:16:38.438799 - stdin   :: 14 18 1 0
14 18
3 3 3 3 3 3 3 3 0 3 3 3 3 3 3 3 3
3 3 3 3 3 -1 -1 -1 0 -1 0 -1 3 3 3 3 3
3 3 3 -1 -1 -1 -1 -1 0 -1 0 -1 -1 -1 3 3 3
3 3 -1 -1 -1 -1 -1 -1 0 -1 0 -1 -1 -1 -1 3 3
3 3 -1 -1 -1 -1 -1 -1 0 -1 0 -1 -1 -1 -1 3 3
3 -1 -1 -1 -1 -1 -1 -1 0 -1 0 -1 -1 -1 -1 -1 3
3 -1 -1 -1 -1 -1 -1 -1 0 -1 0 -1 -1 -1 -1 0 3
3 -1 -1 -1 -1 -1 -1 -1 0 -1 0 -1 -1 -1 100 0 3
-1 -1 -1 -1 -1 -1 -1 -1 0 -1 0 -1 -1 100 100 -1 -1
3 -1 -1 -1 -1 -1 -1 -1 0 -1 0 -1 100 100 100 -1 3
3 -1 -1 -1 -1 -1 -1 -1 0 -1 0 -1 100 100 -1 -1 3
3 -1 -1 -1 -1 -1 -1 -1 1 -1 0 -1 100 100 -1 -1 3
3 3 -1 -1 -1 -1 -1 -1 -1 -1 0 -1 100 -1 -1 3 3
3 3 0 0 0 0 0 0 0 0 0 -1 100 -1 -1 3 3
3 3 3 -1 -1 -1 -1 -1 -1 -1 0 -1 100 -1 3 3 3
3 3 3 3 3 -1 -1 -1 1 -1 0 -1 3 3 3 3 3
3 3 3 3 3 3 3 3 0 3 3 3 3 3 3 3 3
17:16:38.446261 - stdout  :: 0 0
17:16:38.449445 - stdin   :: 15 18 1 0
15 18
3 3 3 3 3 3 3 3 0 3 3 3 3 3 3 3 3
3 3 3 3 3 -1 -1 -1 0 -1 0 -1 3 3 3 3 3
3 3 3 -1 -1 -1 -1 -1 0 -1 0 -1 -1 -1 3 3 3
3 3 -1 -1 -1 -1 -1 -1 0 -1 0 -1 -1 -1 -1 3 3
3 3 -1 -1 -1 -1 -1 -1 0 -1 0 -1 -1 -1 -1 3 3
3 -1 -1 -1 -1 -1 -1 -1 0 -1 0 -1 -1 -1 -1 0 3
3 -1 -1 -1 -1 -1 -1 -1 0 -1 0 -1 -1 -1 100 0 3
3 -1 -1 -1 -1 -1 -1 -1 0 -1 0 -1 -1 100 100 -1 3
-1 -1 -1 -1 -1 -1 -1 -1 0 -1 0 -1 100 100 100 -1 -1
3 -1 -1 -1 -1 -1 -1 -1 0 -1 0 -1 100 100 -1 -1 3
3 -1 -1 -1 -1 -1 -1 -1 1 -1 0 -1 100 100 -1 -1 3
3 -1 -1 -1 -1 -1 -1 -1 -1 -1 0 -1 100 -1 -1 -1 3
3 3 0 0 0 0 0 0 0 0 0 -1 100 -1 -1 3 3
3 3 -1 -1 -1 -1 -1 -1 -1 -1 0 -1 100 -1 -1 3 3
3 3 3 -1 -1 -1 -1 -1 1 -1 0 -1 -1 -1 3 3 3
3 3 3 3 3 -1 -1 -1 0 -1 0 -1 3 3 3 3 3
3 3 3 3 3 3 3 3 0 3 3 3 3 3 3 3 3
17:16:38.468497 - stdout  :: 0 0
17:16:38.471663 - stdin   :: 16 18 1 0
16 18
3 3 3 3 3 3 3 3 0 3 3 3 3 3 3 3 3
3 3 3 3 3 -1 -1 -1 0 -1 0 -1 3 3 3 3 3
3 3 3 -1 -1 -1 -1 -1 0 -1 0 -1 -1 -1 3 3 3
3 3 -1 -1 -1 -1 -1 -1 0 -1 0 -1 -1 -1 -1 3 3
3 3 -1 -1 -1 -1 -1 -1 0 -1 0 -1 -1 -1 -1 3 3
3 -1 -1 -1 -1 -1 -1 -1 0 -1 0 -1 -1 -1 100 0 3
3 -1 -1 -1 -1 -1 -1 -1 0 -1 0 -1 -1 100 100 -1 3
3 -1 -1 -1 -1 -1 -1 -1 0 -1 0 -1 100 100 100 -1 3
-1 -1 -1 -1 -1 -1 -1 -1 0 -1 0 -1 100 100 -1 -1 -1
3 -1 -1 -1 -1 -1 -1 -1 1 -1 0 -1 100 100 -1 -1 3
3 -1 -1 -1 -1 -1 -1 -1 -1 -1 0 -1 100 -1 -1 -1 3
3 0 0 0 0 0 0 0 0 0 0 -1 100 -1 -1 -1 3
3 3 -1 -1 -1 -1 -1 -1 -1 -1 0 -1 100 -1 -1 3 3
3 3 -1 -1 -1 -1 -1 -1 1 -1 0 -1 -1 -1 -1 3 3
3 3 3 -1 -1 -1 -1 -1 0 -1 0 -1 -1 -1 3 3 3
3 3 3 3 3 -1 -1 -1 0 -1 0 -1 3 3 3 3 3
3 3 3 3 3 3 3 3 0 3 3 3 3 3 3 3 3
17:16:38.491718 - stdout  :: 0 0
17:16:38.495005 - stdin   :: 17 18 1 0
17 18
3 3 3 3 3 3 3 3 0 3 3 3 3 3 3 3 3
3 3 3 3 3 -1 -1 -1 0 -1 0 -1 3 3 3 3 3
3 3 3 -1 -1 -1 -1 -1 0 -1 0 -1 -1 -1 3 3 3
3 3 -1 -1 -1 -1 -1 -1 0 -1 0 -1 -1 -1 -1 3 3
3 3 -1 -1 -1 -1 -1 -1 0 -1 0 -1 -1 -1 100 3 3
3 -1 -1 -1 -1 -1 -1 -1 0 -1 0 -1 -1 100 100 -1 3
3 -1 -1 -1 -1 -1 -1 -1 0 -1 0 -1 100 100 100 -1 3
3 -1 -1 -1 -1 -1 -1 -1 0 -1 0 -1 100 100 -1 -1 3
-1 -1 -1 -1 -1 -1 -1 -1 1 -1 0 -1 100 100 -1 -1 -1
3 -1 -1 -1 -1 -1 -1 -1 -1 -1 0 -1 100 -1 -1 -1 3
3 0 0 0 0 0 0 0 0 0 0 -1 100 -1 -1 -1 3
3 -1 -1 -1 -1 -1 -1 -1 -1 -1 0 -1 100 -1 -1 -1 3
3 3 -1 -1 -1 -1 -1 -1 1 -1 0 -1 -1 -1 -1 3 3
3 3 -1 -1 -1 -1 -1 -1 0 -1 0 -1 -1 -1 -1 3 3
3 3 3 -1 -1 -1 -1 -1 0 -1 0 -1 -1 -1 3 3 3
3 3 3 3 3 -1 -1 -1 0 -1 0 -1 3 3 3 3 3
3 3 3 3 3 3 3 3 0 3 3 3 3 3 3 3 3
17:16:38.543068 - stdout  :: 0 0
17:16:38.546759 - stdin   :: 17 18 0 0
17 18
3 3 3 3 3 3 3 3 0 3 3 3 3 3 3 3 3
3 3 3 3 3 -1 -1 -1 0 -1 0 -1 3 3 3 3 3
3 3 3 -1 -1 -1 -1 -1 0 -1 0 -1 -1 -1 3 3 3
3 3 -1 -1 -1 -1 -1 -1 0 -1 0 -1 -1 -1 -1 3 3
3 3 -1 -1 -1 -1 -1 -1 0 -1 0 -1 -1 -1 100 3 3
3 -1 -1 -1 -1 -1 -1 -1 0 -1 0 -1 -1 100 100 -1 3
3 -1 -1 -1 -1 -1 -1 -1 0 -1 0 -1 100 100 100 -1 3
3 -1 -1 -1 -1 -1 -1 -1 0 -1 0 -1 100 100 -1 -1 3
-1 -1 -1 -1 -1 -1 -1 -1 1 -1 0 -1 100 100 -1 -1 -1
3 -1 -1 -1 -1 -1 -1 -1 -1 -1 0 -1 100 -1 -1 -1 3
3 0 0 0 0 0 0 0 0 0 0 -1 100 -1 -1 -1 3
3 -1 -1 -1 -1 -1 -1 -1 -1 -1 0 -1 100 -1 -1 -1 3
3 3 -1 -1 -1 -1 -1 -1 1 -1 0 -1 -1 -1 -1 3 3
3 3 -1 -1 -1 -1 -1 -1 0 -1 0 -1 -1 -1 -1 3 3
3 3 3 -1 -1 -1 -1 -1 0 -1 0 -1 -1 -1 3 3 3
3 3 3 3 3 -1 -1 -1 0 -1 0 -1 3 3 3 3 3
3 3 3 3 3 3 3 3 0 3 3 3 3 3 3 3 3
17:16:38.569831 - stdout  :: -1 0
17:16:38.572511 - stdin   :: 16 18 -1 0
16 18
3 3 3 3 3 3 3 3 0 3 3 3 3 3 3 3 3
3 3 3 3 3 -1 -1 -1 0 -1 0 -1 3 3 3 3 3
3 3 3 -1 -1 -1 -1 -1 0 -1 0 -1 -1 -1 3 3 3
3 3 -1 -1 -1 -1 -1 -1 0 -1 0 -1 -1 -1 -1 3 3
3 3 -1 -1 -1 -1 -1 -1 0 -1 0 -1 -1 -1 -1 3 3
3 -1 -1 -1 -1 -1 -1 -1 0 -1 0 -1 -1 -1 100 0 3
3 -1 -1 -1 -1 -1 -1 -1 0 -1 0 -1 -1 100 100 -1 3
3 -1 -1 -1 -1 -1 -1 -1 0 -1 0 -1 100 100 100 -1 3
-1 -1 -1 -1 -1 -1 -1 -1 0 -1 0 -1 100 100 -1 -1 -1
3 -1 -1 -1 -1 -1 -1 -1 1 -1 0 -1 100 100 -1 -1 3
3 -1 -1 -1 -1 -1 -1 -1 -1 -1 0 -1 100 -1 -1 -1 3
3 0 0 0 0 0 0 0 0 0 0 -1 100 -1 -1 -1 3
3 3 -1 -1 -1 -1 -1 -1 -1 -1 0 -1 100 -1 -1 3 3
3 3 -1 -1 -1 -1 -1 -1 1 -1 0 -1 -1 -1 -1 3 3
3 3 3 -1 -1 -1 -1 -1 0 -1 0 -1 -1 -1 3 3 3
3 3 3 3 3 -1 -1 -1 0 -1 0 -1 3 3 3 3 3
3 3 3 3 3 3 3 3 0 3 3 3 3 3 3 3 3
17:16:38.595263 - stdout  :: -1 0
17:16:38.597938 - stdin   :: 14 18 -2 0
14 18
3 3 3 3 3 3 3 3 0 3 3 3 3 3 3 3 3
3 3 3 3 3 -1 -1 -1 0 -1 0 -1 3 3 3 3 3
3 3 3 -1 -1 -1 -1 -1 0 -1 0 -1 -1 -1 3 3 3
3 3 -1 -1 -1 -1 -1 -1 0 -1 0 -1 -1 -1 -1 3 3
3 3 -1 -1 -1 -1 -1 -1 0 -1 0 -1 -1 -1 -1 3 3
3 -1 -1 -1 -1 -1 -1 -1 0 -1 0 -1 -1 -1 -1 -1 3
3 -1 -1 -1 -1 -1 -1 -1 0 -1 0 -1 -1 -1 -1 0 3
3 -1 -1 -1 -1 -1 -1 -1 0 -1 0 -1 -1 -1 100 0 3
-1 -1 -1 -1 -1 -1 -1 -1 0 -1 0 -1 -1 100 100 -1 -1
3 -1 -1 -1 -1 -1 -1 -1 0 -1 0 -1 100 100 100 -1 3
3 -1 -1 -1 -1 -1 -1 -1 0 -1 0 -1 100 100 -1 -1 3
3 -1 -1 -1 -1 -1 -1 -1 1 -1 0 -1 100 100 -1 -1 3
3 3 -1 -1 -1 -1 -1 -1 -1 -1 0 -1 100 -1 -1 3 3
3 3 0 0 0 0 0 0 0 0 0 -1 100 -1 -1 3 3
3 3 3 -1 -1 -1 -1 -1 -1 -1 0 -1 100 -1 3 3 3
3 3 3 3 3 -1 -1 -1 1 -1 0 -1 3 3 3 3 3
3 3 3 3 3 3 3 3 0 3 3 3 3 3 3 3 3
17:16:38.618651 - stdout  :: -1 0
17:16:38.621184 - stdin   :: 11 18 -3 0
11 18
3 3 3 3 3 3 3 3 0 3 3 3 3 3 3 3 3
3 3 3 3 3 0 -1 -1 0 -1 0 -1 3 3 3 3 3
3 3 3 -1 0 -1 -1 -1 0 -1 0 -1 -1 -1 3 3 3
3 3 -1 0 -1 -1 -1 -1 0 -1 0 -1 -1 -1 -1 3 3
3 3 0 -1 -1 -1 -1 -1 0 -1 0 -1 -1 -1 -1 3 3
3 0 -1 -1 -1 -1 -1 -1 0 -1 0 -1 -1 -1 -1 -1 3
3 -1 -1 -1 -1 -1 -1 -1 0 -1 0 -1 -1 -1 -1 -1 3
3 -1 -1 -1 -1 -1 -1 -1 0 -1 0 -1 -1 -1 -1 -1 3
-1 -1 -1 -1 -1 -1 -1 -1 0 -1 0 -1 -1 -1 -1 -1 0
3 -1 -1 -1 -1 -1 -1 -1 0 -1 0 -1 -1 -1 -1 0 3
3 -1 -1 -1 -1 -1 -1 -1 0 -1 0 -1 -1 -1 100 0 3
3 -1 -1 -1 -1 -1 -1 -1 0 -1 0 -1 -1 100 100 -1 3
3 3 -1 -1 -1 -1 -1 -1 0 -1 0 -1 100 100 100 3 3
3 3 -1 -1 -1 -1 -1 -1 0 -1 0 -1 100 100 -1 3 3
3 3 3 -1 -1 -1 -1 -1 1 -1 0 -1 100 100 3 3 3
3 3 3 3 3 -1 -1 -1 -1 -1 0 -1 3 3 3 3 3
3 3 3 3 3 3 3 3 0 3 3 3 3 3 3 3 3
17:16:38.642519 - stdout  :: 0 0
17:16:38.656297 - stdin   :: 8 18 -3 0
8 18
3 3 3 3 3 3 3 3 -1 3 3 3 3 3 3 3 3
3 3 3 3 3 0 0 0 0 -1 0 0 3 3 3 3 3
3 3 3 -1 -1 -1 -1 0 0 -1 0 -1 -1 -1 3 3 3
3 3 -1 -1 -1 -1 0 -1 0 -1 0 -1 -1 -1 -1 3 3
3 3 -1 -1 -1 0 -1 -1 0 -1 0 -1 -1 -1 -1 3 3
3 -1 -1 -1 0 -1 -1 -1 0 -1 0 -1 -1 -1 -1 -1 3
3 -1 -1 0 -1 -1 -1 -1 0 -1 0 -1 -1 -1 -1 -1 3
3 -1 0 -1 -1 -1 -1 -1 0 -1 0 -1 -1 -1 -1 -1 3
-1 0 -1 -1 -1 -1 -1 -1 0 -1 0 -1 -1 -1 -1 -1 -1
3 -1 -1 -1 -1 -1 -1 -1 0 -1 0 -1 -1 -1 -1 -1 3
3 -1 -1 -1 -1 -1 -1 -1 0 -1 0 -1 -1 -1 -1 -1 3
3 -1 -1 -1 -1 -1 -1 -1 0 -1 0 -1 -1 -1 -1 -1 3
3 3 -1 -1 -1 -1 -1 -1 0 -1 0 -1 -1 -1 -1 3 3
3 3 -1 -1 -1 -1 -1 -1 0 -1 0 -1 -1 -1 100 3 3
3 3 3 -1 -1 -1 -1 -1 0 -1 0 -1 -1 100 3 3 3
3 3 3 3 3 -1 -1 -1 0 -1 0 -1 3 3 3 3 3
3 3 3 3 3 3 3 3 0 3 3 3 3 3 3 3 3
17:16:38.680213 - stdout  :: 0 0
17:16:38.684005 - stdin   :: 5 18 -3 0
5 18
3 3 3 3 3 3 3 3 -1 3 3 3 3 3 3 3 3
3 3 3 3 3 -1 -1 -1 -1 -1 -1 -1 3 3 3 3 3
3 3 3 -1 -1 -1 -1 -1 -1 -1 -1 -1 -1 -1 3 3 3
3 3 -1 -1 -1 -1 -1 -1 -1 -1 -1 -1 -1 -1 -1 3 3
3 3 0 0 0 0 0 0 0 -1 0 0 0 0 0 3 3
3 -1 -1 -1 -1 -1 -1 0 0 -1 0 -1 -1 -1 -1 -1 3
3 -1 -1 -1 -1 -1 0 -1 0 -1 0 -1 -1 -1 -1 -1 3
3 -1 -1 -1 -1 0 -1 -1 0 -1 0 -1 -1 -1 -1 -1 3
-1 -1 -1 -1 0 -1 -1 -1 0 -1 0 -1 -1 -1 -1 -1 -1
3 -1 -1 0 -1 -1 -1 -1 0 -1 0 -1 -1 -1 -1 -1 3
3 -1 0 -1 -1 -1 -1 -1 0 -1 0 -1 -1 -1 -1 -1 3
3 0 -1 -1 -1 -1 -1 -1 0 -1 0 -1 -1 -1 -1 -1 3
3 3 -1 -1 -1 -1 -1 -1 0 -1 0 -1 -1 -1 -1 3 3
3 3 -1 -1 -1 -1 -1 -1 0 -1 0 -1 -1 -1 -1 3 3
3 3 3 -1 -1 -1 -1 -1 0 -1 0 -1 -1 -1 3 3 3
3 3 3 3 3 -1 -1 -1 0 -1 0 -1 3 3 3 3 3
3 3 3 3 3 3 3 3 0 3 3 3 3 3 3 3 3
17:16:38.710610 - stdout  :: 0 -1
17:16:38.714134 - stdin   :: 2 17 -3 -1
2 17
3 3 3 3 3 3 3 3 -1 3 3 3 3 3 3 3 3
3 3 3 3 3 -1 -1 -1 -1 -1 -1 -1 3 3 3 3 3
3 3 3 -1 -1 -1 -1 -1 -1 -1 -1 -1 -1 -1 3 3 3
3 3 -1 -1 -1 -1 -1 -1 -1 -1 -1 -1 -1 -1 -1 3 3
3 3 -1 -1 -1 -1 -1 -1 -1 -1 -1 -1 -1 -1 -1 3 3
3 -1 -1 -1 -1 -1 -1 -1 -1 -1 -1 -1 -1 -1 -1 -1 3
3 -1 -1 -1 -1 -1 -1 -1 -1 -1 -1 -1 -1 -1 -1 -1 3
3 0 0 0 0 0 0 0 0 0 -1 0 0 0 0 0 3
-1 -1 -1 -1 -1 -1 -1 -1 0 0 -1 0 -1 -1 -1 -1 -1
3 -1 -1 -1 -1 -1 -1 0 -1 0 -1 0 -1 -1 -1 -1 3
3 -1 -1 -1 -1 -1 0 -1 -1 0 -1 0 -1 -1 -1 -1 3
3 -1 -1 -1 -1 0 -1 -1 -1 0 -1 0 -1 -1 -1 -1 3
3 3 -1 -1 0 -1 -1 -1 -1 0 -1 0 -1 -1 -1 3 3
3 3 -1 0 -1 -1 -1 -1 -1 0 -1 0 -1 -1 -1 3 3
3 3 3 -1 -1 -1 -1 -1 -1 0 -1 0 -1 -1 3 3 3
3 3 3 3 3 -1 -1 -1 -1 0 -1 0 3 3 3 3 3
3 3 3 3 3 3 3 3 -1 3 3 3 3 3 3 3 3
17:16:38.736471 - stdout  :: 1 1
17:16:38.739500 - stdin   :: 2 17 0 0
2 17
3 3 3 3 3 3 3 3 -1 3 3 3 3 3 3 3 3
3 3 3 3 3 -1 -1 -1 -1 -1 -1 -1 3 3 3 3 3
3 3 3 -1 -1 -1 -1 -1 -1 -1 -1 -1 -1 -1 3 3 3
3 3 -1 -1 -1 -1 -1 -1 -1 -1 -1 -1 -1 -1 -1 3 3
3 3 -1 -1 -1 -1 -1 -1 -1 -1 -1 -1 -1 -1 -1 3 3
3 -1 -1 -1 -1 -1 -1 -1 -1 -1 -1 -1 -1 -1 -1 -1 3
3 -1 -1 -1 -1 -1 -1 -1 -1 -1 -1 -1 -1 -1 -1 -1 3
3 0 0 0 0 0 0 0 0 0 -1 0 0 0 0 0 3
-1 -1 -1 -1 -1 -1 -1 -1 0 0 -1 0 -1 -1 -1 -1 -1
3 -1 -1 -1 -1 -1 -1 0 -1 0 -1 0 -1 -1 -1 -1 3
3 -1 -1 -1 -1 -1 0 -1 -1 0 -1 0 -1 -1 -1 -1 3
3 -1 -1 -1 -1 0 -1 -1 -1 0 -1 0 -1 -1 -1 -1 3
3 3 -1 -1 0 -1 -1 -1 -1 0 -1 0 -1 -1 -1 3 3
3 3 -1 0 -1 -1 -1 -1 -1 0 -1 0 -1 -1 -1 3 3
3 3 3 -1 -1 -1 -1 -1 -1 0 -1 0 -1 -1 3 3 3
3 3 3 3 3 -1 -1 -1 -1 0 -1 0 3 3 3 3 3
3 3 3 3 3 3 3 3 -1 3 3 3 3 3 3 3 3
17:16:38.761280 - stdout  :: 1 -1
17:16:38.764389 - stdin   :: 3 16 1 -1
3 16
3 3 3 3 3 3 3 3 -1 3 3 3 3 3 3 3 3
3 3 3 3 3 -1 -1 -1 -1 -1 -1 -1 3 3 3 3 3
3 3 3 -1 -1 -1 -1 -1 -1 -1 -1 -1 -1 -1 3 3 3
3 3 -1 -1 -1 -1 -1 -1 -1 -1 -1 -1 -1 -1 -1 3 3
3 3 -1 -1 -1 -1 -1 -1 -1 -1 -1 -1 -1 -1 -1 3 3
3 -1 -1 -1 -1 -1 -1 -1 -1 -1 -1 -1 -1 -1 -1 -1 3
3 0 0 0 0 0 0 0 0 0 0 -1 0 0 0 0 3
3 -1 -1 -1 -1 -1 -1 -1 -1 0 0 -1 0 -1 -1 -1 3
-1 -1 -1 -1 -1 -1 -1 -1 0 -1 0 -1 0 -1 -1 -1 -1
3 -1 -1 -1 -1 -1 -1 0 -1 -1 0 -1 0 -1 -1 -1 3
3 -1 -1 -1 -1 -1 0 -1 -1 -1 0 -1 0 -1 -1 -1 3
3 -1 -1 -1 -1 0 -1 -1 -1 -1 0 -1 0 -1 -1 -1 3
3 3 -1 -1 0 -1 -1 -1 -1 -1 0 -1 0 -1 -1 3 3
3 3 -1 0 -1 -1 -1 -1 -1 -1 0 -1 0 -1 -1 3 3
3 3 3 -1 -1 -1 -1 -1 -1 -1 0 -1 0 -1 3 3 3
3 3 3 3 3 -1 -1 -1 -1 -1 0 -1 3 3 3 3 3
3 3 3 3 3 3 3 3 -1 3 3 3 3 3 3 3 3
17:16:38.786489 - stdout  :: 1 -1
17:16:38.789695 - stdin   :: 5 14 2 -2
5 14
3 3 3 3 3 3 3 3 -1 3 3 3 3 3 3 3 3
3 3 3 3 3 -1 -1 -1 -1 -1 -1 -1 3 3 3 3 3
3 3 3 -1 -1 -1 -1 -1 -1 -1 -1 -1 -1 -1 3 3 3
3 3 -1 -1 -1 -1 -1 -1 -1 -1 -1 -1 -1 -1 -1 3 3
3 3 0 0 0 0 0 0 0 0 0 0 0 -1 0 3 3
3 -1 -1 -1 -1 -1 -1 -1 -1 -1 -1 0 0 -1 0 -1 3
3 -1 -1 -1 -1 -1 -1 -1 -1 -1 0 -1 0 -1 0 -1 3
3 -1 -1 -1 -1 -1 -1 -1 -1 0 -1 -1 0 -1 0 -1 3
-1 -1 -1 -1 -1 -1 -1 -1 0 -1 -1 -1 0 -1 0 -1 -1
3 -1 -1 -1 -1 -1 -1 0 -1 -1 -1 -1 0 -1 0 -1 3
3 -1 -1 -1 -1 -1 0 -1 -1 -1 -1 -1 0 -1 0 -1 3
3 -1 -1 -1 -1 0 -1 -1 -1 -1 -1 -1 0 -1 0 -1 3
3 3 -1 -1 0 -1 -1 -1 -1 -1 -1 -1 0 -1 0 3 3
3 3 -1 0 -1 -1 -1 -1 -1 -1 -1 -1 0 -1 0 3 3
3 3 3 -1 -1 -1 -1 -1 -1 -1 -1 -1 0 -1 3 3 3
3 3 3 3 3 -1 -1 -1 -1 -1 -1 -1 3 3 3 3 3
3 3 3 3 3 3 3 3 -1 3 3 3 3 3 3 3 3
17:16:38.811965 - stdout  :: 1 -1
17:16:38.815051 - stdin   :: 8 11 3 -3
8 11
3 3 3 3 3 3 3 3 -1 3 3 3 3 3 3 3 3
3 3 3 3 3 0 0 0 0 0 0 0 3 3 3 3 3
3 3 3 -1 -1 -1 -1 -1 -1 -1 -1 -1 -1 -1 3 3 3
3 3 -1 -1 -1 -1 -1 -1 -1 -1 -1 -1 -1 0 -1 3 3
3 3 -1 -1 -1 -1 -1 -1 -1 -1 -1 -1 0 -1 -1 3 3
3 -1 -1 -1 -1 -1 -1 -1 -1 -1 -1 0 -1 -1 -1 0 3
3 -1 -1 -1 -1 -1 -1 -1 -1 -1 0 -1 -1 -1 -1 0 3
3 -1 -1 -1 -1 -1 -1 -1 -1 0 -1 -1 -1 -1 -1 0 3
-1 -1 -1 -1 -1 -1 -1 -1 0 -1 -1 -1 -1 -1 -1 0 -1
3 -1 -1 -1 -1 -1 -1 0 -1 -1 -1 -1 -1 -1 -1 0 3
3 -1 -1 -1 -1 -1 0 -1 -1 -1 -1 -1 -1 -1 -1 0 3
3 -1 -1 -1 -1 0 -1 -1 -1 -1 -1 -1 -1 -1 -1 0 3
3 3 -1 -1 0 -1 -1 -1 -1 -1 -1 -1 -1 -1 -1 3 3
3 3 -1 0 -1 -1 -1 -1 -1 -1 -1 -1 -1 -1 -1 3 3
3 3 3 -1 -1 -1 -1 -1 -1 -1 -1 -1 -1 -1 3 3 3
3 3 3 3 3 -1 -1 -1 -1 -1 -1 -1 3 3 3 3 3
3 3 3 3 3 3 3 3 -1 3 3 3 3 3 3 3 3
17:16:38.835863 - stdout  :: 0 0
17:16:38.839021 - stdin   :: 11 8 3 -3
11 8
3 3 3 3 3 3 3 3 -1 3 3 3 3 3 3 3 3
3 3 3 3 3 -1 -1 -1 -1 -1 -1 -1 3 3 3 3 3
3 3 3 -1 -1 -1 -1 -1 -1 -1 -1 -1 -1 -1 3 3 3
3 3 -1 -1 -1 -1 -1 -1 -1 -1 -1 -1 -1 0 -1 3 3
3 3 -1 -1 -1 -1 -1 -1 -1 -1 -1 -1 0 -1 -1 3 3
3 -1 -1 -1 -1 -1 -1 -1 -1 -1 -1 0 -1 -1 -1 -1 3
3 -1 -1 -1 -1 -1 -1 -1 -1 -1 0 -1 -1 -1 -1 -1 3
3 -1 -1 -1 -1 -1 -1 -1 -1 0 -1 -1 -1 -1 -1 -1 3
-1 -1 -1 -1 -1 -1 -1 -1 0 -1 -1 -1 -1 -1 -1 -1 -1
3 -1 -1 -1 -1 -1 -1 0 -1 -1 -1 -1 -1 -1 -1 -1 3
3 -1 -1 -1 -1 -1 0 -1 -1 -1 -1 -1 -1 -1 -1 -1 3
3 -1 -1 -1 -1 0 -1 -1 -1 -1 -1 -1 -1 -1 -1 -1 3
3 3 -1 -1 0 -1 -1 -1 -1 -1 -1 -1 -1 -1 -1 3 3
3 3 -1 0 -1 -1 -1 -1 -1 -1 -1 -1 -1 -1 -1 3 3
3 3 3 -1 -1 -1 -1 -1 -1 -1 -1 -1 -1 -1 3 3 3
3 3 3 3 3 -1 -1 -1 -1 -1 -1 -1 3 3 3 3 3
3 3 3 3 3 3 3 3 0 3 3 3 3 3 3 3 3
17:16:38.861177 - stdout  :: 0 0
17:16:38.863997 - stdin   :: 14 5 3 -3
14 5
3 3 3 3 3 3 3 3 -1 3 3 3 3 3 3 3 3
3 3 3 3 3 -1 -1 -1 -1 -1 -1 -1 3 3 3 3 3
3 3 3 -1 -1 -1 -1 -1 -1 -1 -1 -1 -1 -1 3 3 3
3 3 -1 -1 -1 -1 -1 -1 -1 -1 -1 -1 -1 0 -1 3 3
3 3 -1 -1 -1 -1 -1 -1 -1 -1 -1 -1 0 -1 -1 3 3
3 -1 -1 -1 -1 -1 -1 -1 -1 -1 -1 0 -1 -1 -1 -1 3
3 -1 -1 -1 -1 -1 -1 -1 -1 -1 0 -1 -1 -1 -1 -1 3
3 -1 -1 -1 -1 -1 -1 -1 -1 0 -1 -1 -1 -1 -1 -1 3
-1 -1 -1 -1 -1 -1 -1 -1 0 -1 -1 -1 -1 -1 -1 -1 -1
3 -1 -1 -1 -1 -1 -1 0 -1 -1 -1 -1 -1 -1 -1 -1 3
3 -1 -1 -1 -1 -1 0 -1 -1 -1 -1 -1 -1 -1 -1 -1 3
3 -1 -1 -1 -1 0 -1 -1 -1 -1 -1 -1 -1 -1 -1 -1 3
3 3 -1 -1 0 -1 -1 -1 -1 -1 -1 -1 -1 -1 -1 3 3
3 3 -1 -1 0 0 0 0 0 0 0 0 0 0 0 3 3
3 3 3 -1 0 -1 -1 -1 -1 -1 -1 -1 -1 -1 3 3 3
3 3 3 3 3 0 -1 -1 -1 -1 -1 -1 3 3 3 3 3
3 3 3 3 3 3 3 3 -1 3 3 3 3 3 3 3 3
17:16:38.884489 - stdout  :: 0 0
17:16:38.887179 - stdin   :: 17 2 3 -3
17 2
3 3 3 3 3 3 3 3 -1 3 3 3 3 3 3 3 3
3 3 3 3 3 -1 -1 -1 -1 -1 -1 -1 3 3 3 3 3
3 3 3 -1 -1 -1 -1 -1 -1 -1 -1 -1 -1 -1 3 3 3
3 3 -1 -1 -1 -1 -1 -1 -1 -1 -1 -1 -1 0 -1 3 3
3 3 -1 -1 -1 -1 -1 -1 -1 -1 -1 -1 0 -1 -1 3 3
3 -1 -1 -1 -1 -1 -1 -1 -1 -1 -1 0 -1 -1 -1 -1 3
3 -1 -1 -1 -1 -1 -1 -1 -1 -1 0 -1 -1 -1 -1 -1 3
3 -1 -1 -1 -1 -1 -1 -1 -1 0 -1 -1 -1 -1 -1 -1 3
-1 -1 -1 -1 -1 -1 -1 -1 0 -1 -1 -1 -1 -1 -1 -1 -1
3 -1 -1 -1 -1 -1 -1 0 -1 -1 -1 -1 -1 -1 -1 -1 3
3 -1 -1 -1 -1 -1 -1 0 0 0 0 0 0 0 0 0 3
3 -1 -1 -1 -1 -1 -1 0 -1 -1 -1 -1 -1 -1 -1 -1 3
3 3 -1 -1 -1 -1 -1 -1 0 -1 -1 -1 -1 -1 -1 3 3
3 3 -1 -1 -1 -1 -1 -1 -1 0 -1 -1 -1 -1 -1 3 3
3 3 3 -1 -1 -1 -1 -1 -1 -1 0 -1 -1 -1 3 3 3
3 3 3 3 3 -1 -1 -1 -1 -1 -1 0 3 3 3 3 3
3 3 3 3 3 3 3 3 -1 3 3 3 3 3 3 3 3
17:16:38.909555 - stdout  :: -1 1
17:16:38.912200 - stdin   :: 17 2 0 0
17 2
3 3 3 3 3 3 3 3 -1 3 3 3 3 3 3 3 3
3 3 3 3 3 -1 -1 -1 -1 -1 -1 -1 3 3 3 3 3
3 3 3 -1 -1 -1 -1 -1 -1 -1 -1 -1 -1 -1 3 3 3
3 3 -1 -1 -1 -1 -1 -1 -1 -1 -1 -1 -1 0 -1 3 3
3 3 -1 -1 -1 -1 -1 -1 -1 -1 -1 -1 0 -1 -1 3 3
3 -1 -1 -1 -1 -1 -1 -1 -1 -1 -1 0 -1 -1 -1 -1 3
3 -1 -1 -1 -1 -1 -1 -1 -1 -1 0 -1 -1 -1 -1 -1 3
3 -1 -1 -1 -1 -1 -1 -1 -1 0 -1 -1 -1 -1 -1 -1 3
-1 -1 -1 -1 -1 -1 -1 -1 0 -1 -1 -1 -1 -1 -1 -1 -1
3 -1 -1 -1 -1 -1 -1 0 -1 -1 -1 -1 -1 -1 -1 -1 3
3 -1 -1 -1 -1 -1 -1 0 0 0 0 0 0 0 0 0 3
3 -1 -1 -1 -1 -1 -1 0 -1 -1 -1 -1 -1 -1 -1 -1 3
3 3 -1 -1 -1 -1 -1 -1 0 -1 -1 -1 -1 -1 -1 3 3
3 3 -1 -1 -1 -1 -1 -1 -1 0 -1 -1 -1 -1 -1 3 3
3 3 3 -1 -1 -1 -1 -1 -1 -1 0 -1 -1 -1 3 3 3
3 3 3 3 3 -1 -1 -1 -1 -1 -1 0 3 3 3 3 3
3 3 3 3 3 3 3 3 -1 3 3 3 3 3 3 3 3
17:16:38.933828 - stdout  :: 1 -1
17:16:38.936544 - stdin   :: 18 1 1 -1
18 1
3 3 3 3 3 3 3 3 -1 3 3 3 3 3 3 3 3
3 3 3 3 3 -1 -1 -1 -1 -1 -1 -1 3 3 3 3 3
3 3 3 -1 -1 -1 -1 -1 -1 -1 -1 -1 -1 -1 3 3 3
3 3 -1 -1 -1 -1 -1 -1 -1 -1 -1 -1 -1 0 -1 3 3
3 3 -1 -1 -1 -1 -1 -1 -1 -1 -1 -1 0 -1 -1 3 3
3 -1 -1 -1 -1 -1 -1 -1 -1 -1 -1 0 -1 -1 -1 -1 3
3 -1 -1 -1 -1 -1 -1 -1 -1 -1 0 -1 -1 -1 -1 -1 3
3 -1 -1 -1 -1 -1 -1 -1 -1 0 -1 -1 -1 -1 -1 -1 3
-1 -1 -1 -1 -1 -1 -1 -1 0 -1 -1 -1 -1 -1 -1 -1 -1
3 -1 -1 -1 -1 -1 -1 -1 0 0 0 0 0 0 0 0 3
3 -1 -1 -1 -1 -1 -1 -1 0 -1 -1 -1 -1 -1 -1 -1 3
3 -1 -1 -1 -1 -1 -1 -1 -1 0 -1 -1 -1 -1 -1 -1 3
3 3 -1 -1 -1 -1 -1 -1 -1 -1 0 -1 -1 -1 -1 3 3
3 3 -1 -1 -1 -1 -1 -1 -1 -1 -1 0 -1 -1 -1 3 3
3 3 3 -1 -1 -1 -1 -1 -1 -1 -1 -1 0 -1 3 3 3
3 3 3 3 3 -1 -1 -1 -1 -1 -1 -1 3 3 3 3 3
3 3 3 3 3 3 3 3 -1 3 3 3 3 3 3 3 3
17:16:38.960400 - stdout  :: 1 1
17:16:38.963485 - stdin   :: 20 1 2 0
20 1
3 3 3 3 3 3 3 3 -1 3 3 3 3 3 3 3 3
3 3 3 3 3 -1 -1 -1 -1 -1 -1 -1 3 3 3 3 3
3 3 3 -1 -1 -1 -1 -1 -1 -1 -1 -1 0 -1 3 3 3
3 3 -1 -1 -1 -1 -1 -1 -1 -1 -1 0 -1 -1 -1 3 3
3 3 -1 -1 -1 -1 -1 -1 -1 -1 0 -1 -1 -1 -1 3 3
3 -1 -1 -1 -1 -1 -1 -1 -1 0 -1 -1 -1 -1 -1 -1 3
3 -1 -1 -1 -1 -1 -1 -1 0 -1 -1 -1 -1 -1 -1 -1 3
3 -1 -1 -1 -1 -1 -1 -1 0 0 0 0 0 0 0 0 3
-1 -1 -1 -1 -1 -1 -1 -1 0 -1 -1 -1 -1 -1 -1 -1 -1
3 -1 -1 -1 -1 -1 -1 -1 -1 0 -1 -1 -1 -1 -1 -1 3
3 -1 -1 -1 -1 -1 -1 -1 -1 -1 0 -1 -1 -1 -1 -1 3
3 -1 -1 -1 -1 -1 -1 -1 -1 -1 -1 0 -1 -1 -1 -1 3
3 3 -1 -1 -1 -1 -1 -1 -1 -1 -1 -1 0 -1 -1 3 3
3 3 -1 -1 -1 -1 -1 -1 -1 -1 -1 -1 -1 0 -1 3 3
3 3 3 -1 -1 -1 -1 -1 -1 -1 -1 -1 -1 -1 3 3 3
3 3 3 3 3 -1 -1 -1 -1 -1 -1 -1 3 3 3 3 3
3 3 3 3 3 3 3 3 -1 3 3 3 3 3 3 3 3
17:16:38.986799 - stdout  :: -1 1
17:16:38.990059 - stdin   :: 21 2 1 1
21 2
3 3 3 3 3 3 3 3 -1 3 3 3 3 3 3 3 3
3 3 3 3 3 -1 -1 -1 -1 -1 -1 0 3 3 3 3 3
3 3 3 -1 -1 -1 -1 -1 -1 -1 0 -1 -1 -1 3 3 3
3 3 -1 -1 -1 -1 -1 -1 -1 0 -1 -1 -1 -1 -1 3 3
3 3 -1 -1 -1 -1 -1 -1 0 -1 -1 -1 -1 -1 -1 3 3
3 -1 -1 -1 -1 -1 -1 0 -1 -1 -1 -1 -1 -1 -1 -1 3
3 -1 -1 -1 -1 -1 -1 0 0 0 0 0 0 0 0 0 3
3 -1 -1 -1 -1 -1 -1 0 -1 -1 -1 -1 -1 -1 -1 -1 3
-1 -1 -1 -1 -1 -1 -1 -1 0 -1 -1 -1 -1 -1 -1 -1 -1
3 -1 -1 -1 -1 -1 -1 -1 -1 0 -1 -1 -1 -1 -1 -1 3
3 -1 -1 -1 -1 -1 -1 -1 -1 -1 0 -1 -1 -1 -1 -1 3
3 -1 -1 -1 -1 -1 -1 -1 -1 -1 -1 0 -1 -1 -1 -1 3
3 3 -1 -1 -1 -1 -1 -1 -1 -1 -1 -1 0 -1 -1 3 3
3 3 -1 -1 -1 -1 -1 -1 -1 -1 -1 -1 -1 0 -1 3 3
3 3 3 -1 -1 -1 -1 -1 -1 -1 -1 -1 -1 -1 3 3 3
3 3 3 3 3 -1 -1 -1 -1 -1 -1 -1 3 3 3 3 3
3 3 3 3 3 3 3 3 -1 3 3 3 3 3 3 3 3
17:16:39.010784 - stdout  :: 1 1
17:16:39.013757 - stdin   :: 23 4 2 2
23 4
3 3 3 3 3 3 3 3 0 3 3 3 3 3 3 3 3
3 3 3 3 3 -1 -1 0 -1 -1 -1 -1 3 3 3 3 3
3 3 3 -1 -1 -1 0 -1 -1 -1 -1 -1 -1 -1 3 3 3
3 3 -1 -1 -1 0 -1 -1 -1 -1 -1 -1 -1 -1 -1 3 3
3 3 -1 -1 -1 0 0 0 0 0 0 0 0 0 0 3 3
3 -1 -1 -1 -1 0 -1 -1 -1 -1 -1 -1 -1 -1 -1 -1 3
3 -1 -1 -1 -1 -1 0 -1 -1 -1 -1 -1 -1 -1 -1 -1 3
3 -1 -1 -1 -1 -1 -1 0 -1 -1 -1 -1 -1 -1 -1 -1 3
-1 -1 -1 -1 -1 -1 -1 -1 0 -1 -1 -1 -1 -1 -1 -1 -1
3 -1 -1 -1 -1 -1 -1 -1 -1 0 -1 -1 -1 -1 -1 -1 3
3 -1 -1 -1 -1 -1 -1 -1 -1 -1 0 -1 -1 -1 -1 -1 3
3 -1 -1 -1 -1 -1 -1 -1 -1 -1 -1 0 -1 -1 -1 -1 3
3 3 -1 -1 -1 -1 -1 -1 -1 -1 -1 -1 0 -1 -1 3 3
3 3 -1 -1 -1 -1 -1 -1 -1 -1 -1 -1 -1 0 -1 3 3
3 3 3 -1 -1 -1 -1 -1 -1 -1 -1 -1 -1 -1 3 3 3
3 3 3 3 3 -1 -1 -1 -1 -1 -1 -1 3 3 3 3 3
3 3 3 3 3 3 3 3 -1 3 3 3 3 3 3 3 3
17:16:39.033418 - stdout  :: 1 1
17:16:39.036428 - stdin   :: 26 7 3 3
26 7
3 3 3 3 3 3 3 3 -1 3 3 3 3 3 3 3 3
3 3 3 3 3 0 0 0 0 0 0 0 3 3 3 3 3
3 3 3 -1 -1 -1 -1 -1 -1 -1 -1 -1 -1 -1 3 3 3
3 3 -1 0 -1 -1 -1 -1 -1 -1 -1 -1 -1 -1 -1 3 3
3 3 -1 -1 0 -1 -1 -1 -1 -1 -1 -1 -1 -1 -1 3 3
3 -1 -1 -1 -1 0 -1 -1 -1 -1 -1 -1 -1 -1 -1 -1 3
3 -1 -1 -1 -1 -1 0 -1 -1 -1 -1 -1 -1 -1 -1 -1 3
3 -1 -1 -1 -1 -1 -1 0 -1 -1 -1 -1 -1 -1 -1 -1 3
-1 -1 -1 -1 -1 -1 -1 -1 0 -1 -1 -1 -1 -1 -1 -1 -1
3 -1 -1 -1 -1 -1 -1 -1 -1 0 -1 -1 -1 -1 -1 -1 3
3 -1 -1 -1 -1 -1 -1 -1 -1 -1 0 -1 -1 -1 -1 -1 3
3 -1 -1 -1 -1 -1 -1 -1 -1 -1 -1 0 -1 -1 -1 -1 3
3 3 -1 -1 -1 -1 -1 -1 -1 -1 -1 -1 0 -1 -1 3 3
3 3 -1 -1 -1 -1 -1 -1 -1 -1 -1 -1 -1 0 -1 3 3
3 3 3 -1 -1 -1 -1 -1 -1 -1 -1 -1 -1 -1 3 3 3
3 3 3 3 3 -1 -1 -1 -1 -1 -1 -1 3 3 3 3 3
3 3 3 3 3 3 3 3 -1 3 3 3 3 3 3 3 3
17:16:39.054828 - stdout  :: 0 0
17:16:39.057414 - stdin   :: 29 10 3 3
29 10
3 3 3 3 3 3 3 3 -1 3 3 3 3 3 3 3 3
3 3 3 3 3 -1 -1 -1 -1 -1 -1 -1 3 3 3 3 3
3 3 3 -1 -1 -1 -1 -1 -1 -1 -1 -1 -1 -1 3 3 3
3 3 -1 0 -1 -1 -1 -1 -1 -1 -1 -1 -1 -1 -1 3 3
3 3 -1 -1 0 -1 -1 -1 -1 -1 -1 -1 -1 -1 -1 3 3
3 -1 -1 -1 -1 0 -1 -1 -1 -1 -1 -1 -1 -1 -1 -1 3
3 -1 -1 -1 -1 -1 0 -1 -1 -1 -1 -1 -1 -1 -1 -1 3
3 -1 -1 -1 -1 -1 -1 0 -1 -1 -1 -1 -1 -1 -1 -1 3
-1 -1 -1 -1 -1 -1 -1 -1 0 -1 -1 -1 -1 -1 -1 -1 0
3 -1 -1 -1 -1 -1 -1 -1 -1 0 -1 -1 -1 -1 -1 -1 3
3 -1 -1 -1 -1 -1 -1 -1 -1 -1 0 -1 -1 -1 -1 -1 3
3 -1 -1 -1 -1 -1 -1 -1 -1 -1 -1 0 -1 -1 -1 -1 3
3 3 -1 -1 -1 -1 -1 -1 -1 -1 -1 -1 0 -1 -1 3 3
3 3 -1 -1 -1 -1 -1 -1 -1 -1 -1 -1 -1 0 -1 3 3
3 3 3 -1 -1 -1 -1 -1 -1 -1 -1 -1 -1 -1 3 3 3
3 3 3 3 3 -1 -1 -1 -1 -1 -1 -1 3 3 3 3 3
3 3 3 3 3 3 3 3 0 3 3 3 3 3 3 3 3
17:16:39.075513 - stdout  :: 0 0
17:16:39.078292 - stdin   :: 32 13 3 3
32 13
3 3 3 3 3 3 3 3 -1 3 3 3 3 3 3 3 3
3 3 3 3 3 -1 -1 -1 -1 -1 -1 -1 3 3 3 3 3
3 3 3 -1 -1 -1 -1 -1 -1 -1 -1 -1 -1 0 3 3 3
3 3 -1 0 -1 -1 -1 -1 -1 -1 -1 -1 -1 0 -1 3 3
3 3 -1 -1 0 -1 -1 -1 -1 -1 -1 -1 -1 0 -1 3 3
3 -1 -1 -1 -1 0 -1 -1 -1 -1 -1 -1 -1 0 -1 0 3
3 -1 -1 -1 -1 -1 0 -1 -1 -1 -1 -1 -1 0 -1 0 3
3 -1 -1 -1 -1 -1 -1 0 -1 -1 -1 -1 -1 0 -1 0 3
-1 -1 -1 -1 -1 -1 -1 -1 0 -1 -1 -1 -1 0 -1 0 -1
3 -1 -1 -1 -1 -1 -1 -1 -1 0 -1 -1 -1 0 -1 0 3
3 -1 -1 -1 -1 -1 -1 -1 -1 -1 0 -1 -1 0 -1 0 3
3 -1 -1 -1 -1 -1 -1 -1 -1 -1 -1 0 -1 0 -1 0 3
3 3 -1 -1 -1 -1 -1 -1 -1 -1 -1 -1 0 0 -1 3 3
3 3 0 0 0 0 0 0 0 0 0 0 0 0 -1 3 3
3 3 3 -1 -1 -1 -1 -1 -1 -1 -1 -1 -1 -1 3 3 3
3 3 3 3 3 -1 -1 -1 -1 -1 -1 -1 3 3 3 3 3
3 3 3 3 3 3 3 3 -1 3 3 3 3 3 3 3 3
17:16:39.094473 - stdout  :: 0 0
17:16:39.096982 - stdin   :: 35 16 3 3
35 16
3 3 3 3 3 3 3 3 -1 3 3 3 3 3 3 3 3
3 3 3 3 3 -1 -1 -1 -1 -1 0 -1 3 3 3 3 3
3 3 3 -1 -1 -1 -1 -1 -1 -1 0 -1 0 -1 3 3 3
3 3 -1 0 -1 -1 -1 -1 -1 -1 0 -1 0 -1 -1 3 3
3 3 -1 -1 0 -1 -1 -1 -1 -1 0 -1 0 -1 -1 3 3
3 -1 -1 -1 -1 0 -1 -1 -1 -1 0 -1 0 -1 -1 -1 3
3 -1 -1 -1 -1 -1 0 -1 -1 -1 0 -1 0 -1 -1 -1 3
3 -1 -1 -1 -1 -1 -1 0 -1 -1 0 -1 0 -1 -1 -1 3
-1 -1 -1 -1 -1 -1 -1 -1 0 -1 0 -1 0 -1 -1 -1 -1
3 -1 -1 -1 -1 -1 -1 -1 -1 0 0 -1 0 -1 -1 -1 3
3 0 0 0 0 0 0 0 0 0 0 -1 0 -1 -1 -1 3
3 -1 -1 -1 -1 -1 -1 -1 -1 -1 -1 -1 0 0 0 0 3
3 3 -1 -1 -1 -1 -1 -1 -1 -1 -1 -1 -1 -1 -1 3 3
3 3 -1 -1 -1 -1 -1 -1 -1 -1 -1 -1 -1 -1 -1 3 3
3 3 3 -1 -1 -1 -1 -1 -1 -1 -1 -1 -1 -1 3 3 3
3 3 3 3 3 -1 -1 -1 -1 -1 -1 -1 3 3 3 3 3
3 3 3 3 3 3 3 3 -1 3 3 3 3 3 3 3 3
17:16:39.110241 - stdout  :: -1 -1
17:16:39.112778 - stdin   :: 37 18 2 2
37 18
3 3 3 3 3 3 3 3 0 3 3 3 3 3 3 3 3
3 3 3 3 3 -1 -1 -1 0 -1 0 -1 3 3 3 3 3
3 3 3 -1 -1 -1 -1 -1 0 -1 0 -1 -1 -1 3 3 3
3 3 -1 0 -1 -1 -1 -1 0 -1 0 -1 -1 -1 -1 3 3
3 3 -1 -1 0 -1 -1 -1 0 -1 0 -1 -1 -1 -1 3 3
3 -1 -1 -1 -1 0 -1 -1 0 -1 0 -1 -1 -1 -1 -1 3
3 -1 -1 -1 -1 -1 0 -1 0 -1 0 -1 -1 -1 -1 -1 3
3 -1 -1 -1 -1 -1 -1 0 0 -1 0 -1 -1 -1 -1 -1 3
0 0 0 0 0 0 0 0 0 -1 0 -1 -1 -1 -1 -1 -1
3 -1 -1 -1 -1 -1 -1 -1 -1 -1 0 0 0 0 0 0 3
3 -1 -1 -1 -1 -1 -1 -1 -1 -1 -1 -1 -1 -1 -1 -1 3
3 -1 -1 -1 -1 -1 -1 -1 -1 -1 -1 -1 -1 -1 -1 -1 3
3 3 -1 -1 -1 -1 -1 -1 -1 -1 -1 -1 -1 -1 -1 3 3
3 3 -1 -1 -1 -1 -1 -1 -1 -1 -1 -1 -1 -1 -1 3 3
3 3 3 -1 -1 -1 -1 -1 -1 -1 -1 -1 -1 -1 3 3 3
3 3 3 3 3 -1 -1 -1 -1 -1 -1 -1 3 3 3 3 3
3 3 3 3 3 3 3 3 -1 3 3 3 3 3 3 3 3
17:16:39.126147 - stdout  :: -1 -1
17:16:39.128615 - stdin   :: 37 18 0 0
37 18
3 3 3 3 3 3 3 3 0 3 3 3 3 3 3 3 3
3 3 3 3 3 -1 -1 -1 0 -1 0 -1 3 3 3 3 3
3 3 3 -1 -1 -1 -1 -1 0 -1 0 -1 -1 -1 3 3 3
3 3 -1 0 -1 -1 -1 -1 0 -1 0 -1 -1 -1 -1 3 3
3 3 -1 -1 0 -1 -1 -1 0 -1 0 -1 -1 -1 -1 3 3
3 -1 -1 -1 -1 0 -1 -1 0 -1 0 -1 -1 -1 -1 -1 3
3 -1 -1 -1 -1 -1 0 -1 0 -1 0 -1 -1 -1 -1 -1 3
3 -1 -1 -1 -1 -1 -1 0 0 -1 0 -1 -1 -1 -1 -1 3
0 0 0 0 0 0 0 0 0 -1 0 -1 -1 -1 -1 -1 -1
3 -1 -1 -1 -1 -1 -1 -1 -1 -1 0 0 0 0 0 0 3
3 -1 -1 -1 -1 -1 -1 -1 -1 -1 -1 -1 -1 -1 -1 -1 3
3 -1 -1 -1 -1 -1 -1 -1 -1 -1 -1 -1 -1 -1 -1 -1 3
3 3 -1 -1 -1 -1 -1 -1 -1 -1 -1 -1 -1 -1 -1 3 3
3 3 -1 -1 -1 -1 -1 -1 -1 -1 -1 -1 -1 -1 -1 3 3
3 3 3 -1 -1 -1 -1 -1 -1 -1 -1 -1 -1 -1 3 3 3
3 3 3 3 3 -1 -1 -1 -1 -1 -1 -1 3 3 3 3 3
3 3 3 3 3 3 3 3 -1 3 3 3 3 3 3 3 3
17:16:39.142057 - stdout  :: -1 -1
17:16:39.144572 - stdin   :: 36 17 -1 -1
36 17
3 3 3 3 3 3 3 3 -1 3 3 3 3 3 3 3 3
3 3 3 3 3 -1 -1 -1 -1 0 -1 0 3 3 3 3 3
3 3 3 -1 -1 -1 -1 -1 -1 0 -1 0 -1 -1 3 3 3
3 3 -1 0 -1 -1 -1 -1 -1 0 -1 0 -1 -1 -1 3 3
3 3 -1 -1 0 -1 -1 -1 -1 0 -1 0 -1 -1 -1 3 3
3 -1 -1 -1 -1 0 -1 -1 -1 0 -1 0 -1 -1 -1 -1 3
3 -1 -1 -1 -1 -1 0 -1 -1 0 -1 0 -1 -1 -1 -1 3
3 -1 -1 -1 -1 -1 -1 0 -1 0 -1 0 -1 -1 -1 -1 3
-1 -1 -1 -1 -1 -1 -1 -1 0 0 -1 0 -1 -1 -1 -1 -1
3 0 0 0 0 0 0 0 0 0 -1 0 -1 -1 -1 -1 3
3 -1 -1 -1 -1 -1 -1 -1 -1 -1 -1 0 0 0 0 0 3
3 -1 -1 -1 -1 -1 -1 -1 -1 -1 -1 -1 -1 -1 -1 -1 3
3 3 -1 -1 -1 -1 -1 -1 -1 -1 -1 -1 -1 -1 -1 3 3
3 3 -1 -1 -1 -1 -1 -1 -1 -1 -1 -1 -1 -1 -1 3 3
3 3 3 -1 -1 -1 -1 -1 -1 -1 -1 -1 -1 -1 3 3 3
3 3 3 3 3 -1 -1 -1 -1 -1 -1 -1 3 3 3 3 3
3 3 3 3 3 3 3 3 -1 3 3 3 3 3 3 3 3
17:16:39.160009 - stdout  :: -1 -1
17:16:39.162760 - stdin   :: 34 15 -2 -2
34 15
3 3 3 3 3 3 3 3 -1 3 3 3 3 3 3 3 3
3 3 3 3 3 -1 -1 -1 -1 -1 -1 0 3 3 3 3 3
3 3 3 -1 -1 -1 -1 -1 -1 -1 -1 0 -1 0 3 3 3
3 3 -1 0 -1 -1 -1 -1 -1 -1 -1 0 -1 0 -1 3 3
3 3 -1 -1 0 -1 -1 -1 -1 -1 -1 0 -1 0 -1 3 3
3 -1 -1 -1 -1 0 -1 -1 -1 -1 -1 0 -1 0 -1 -1 3
3 -1 -1 -1 -1 -1 0 -1 -1 -1 -1 0 -1 0 -1 -1 3
3 -1 -1 -1 -1 -1 -1 0 -1 -1 -1 0 -1 0 -1 -1 3
-1 -1 -1 -1 -1 -1 -1 -1 0 -1 -1 0 -1 0 -1 -1 -1
3 -1 -1 -1 -1 -1 -1 -1 -1 0 -1 0 -1 0 -1 -1 3
3 -1 -1 -1 -1 -1 -1 -1 -1 -1 0 0 -1 0 -1 -1 3
3 0 0 0 0 0 0 0 0 0 0 0 -1 0 -1 -1 3
3 3 -1 -1 -1 -1 -1 -1 -1 -1 -1 -1 -1 0 0 3 3
3 3 -1 -1 -1 -1 -1 -1 -1 -1 -1 -1 -1 -1 -1 3 3
3 3 3 -1 -1 -1 -1 -1 -1 -1 -1 -1 -1 -1 3 3 3
3 3 3 3 3 -1 -1 -1 -1 -1 -1 -1 3 3 3 3 3
3 3 3 3 3 3 3 3 -1 3 3 3 3 3 3 3 3
17:16:39.176140 - stdout  :: 1 1
17:16:39.178813 - stdin   :: 33 14 -1 -1
33 14
3 3 3 3 3 3 3 3 -1 3 3 3 3 3 3 3 3
3 3 3 3 3 -1 -1 -1 -1 -1 -1 -1 3 3 3 3 3
3 3 3 -1 -1 -1 -1 -1 -1 -1 -1 -1 0 -1 3 3 3
3 3 -1 0 -1 -1 -1 -1 -1 -1 -1 -1 0 -1 0 3 3
3 3 -1 -1 0 -1 -1 -1 -1 -1 -1 -1 0 -1 0 3 3
3 -1 -1 -1 -1 0 -1 -1 -1 -1 -1 -1 0 -1 0 -1 3
3 -1 -1 -1 -1 -1 0 -1 -1 -1 -1 -1 0 -1 0 -1 3
3 -1 -1 -1 -1 -1 -1 0 -1 -1 -1 -1 0 -1 0 -1 3
-1 -1 -1 -1 -1 -1 -1 -1 0 -1 -1 -1 0 -1 0 -1 -1
3 -1 -1 -1 -1 -1 -1 -1 -1 0 -1 -1 0 -1 0 -1 3
3 -1 -1 -1 -1 -1 -1 -1 -1 -1 0 -1 0 -1 0 -1 3
3 -1 -1 -1 -1 -1 -1 -1 -1 -1 -1 0 0 -1 0 -1 3
3 3 0 0 0 0 0 0 0 0 0 0 0 -1 0 3 3
3 3 -1 -1 -1 -1 -1 -1 -1 -1 -1 -1 -1 -1 0 3 3
3 3 3 -1 -1 -1 -1 -1 -1 -1 -1 -1 -1 -1 3 3 3
3 3 3 3 3 -1 -1 -1 -1 -1 -1 -1 3 3 3 3 3
3 3 3 3 3 3 3 3 -1 3 3 3 3 3 3 3 3
17:16:39.192153 - stdout  :: 0 0
17:16:39.194694 - stdin   :: 32 13 -1 -1
32 13
3 3 3 3 3 3 3 3 -1 3 3 3 3 3 3 3 3
3 3 3 3 3 -1 -1 -1 -1 -1 -1 -1 3 3 3 3 3
3 3 3 -1 -1 -1 -1 -1 -1 -1 -1 -1 -1 0 3 3 3
3 3 -1 0 -1 -1 -1 -1 -1 -1 -1 -1 -1 0 -1 3 3
3 3 -1 -1 0 -1 -1 -1 -1 -1 -1 -1 -1 0 -1 3 3
3 -1 -1 -1 -1 0 -1 -1 -1 -1 -1 -1 -1 0 -1 0 3
3 -1 -1 -1 -1 -1 0 -1 -1 -1 -1 -1 -1 0 -1 0 3
3 -1 -1 -1 -1 -1 -1 0 -1 -1 -1 -1 -1 0 -1 0 3
-1 -1 -1 -1 -1 -1 -1 -1 0 -1 -1 -1 -1 0 -1 0 -1
3 -1 -1 -1 -1 -1 -1 -1 -1 0 -1 -1 -1 0 -1 0 3
3 -1 -1 -1 -1 -1 -1 -1 -1 -1 0 -1 -1 0 -1 0 3
3 -1 -1 -1 -1 -1 -1 -1 -1 -1 -1 0 -1 0 -1 0 3
3 3 -1 -1 -1 -1 -1 -1 -1 -1 -1 -1 0 0 -1 3 3
3 3 0 0 0 0 0 0 0 0 0 0 0 0 -1 3 3
3 3 3 -1 -1 -1 -1 -1 -1 -1 -1 -1 -1 -1 3 3 3
3 3 3 3 3 -1 -1 -1 -1 -1 -1 -1 3 3 3 3 3
3 3 3 3 3 3 3 3 -1 3 3 3 3 3 3 3 3
17:16:39.208646 - stdout  :: 0 0
17:16:39.211131 - stdin   :: 31 12 -1 -1
31 12
3 3 3 3 3 3 3 3 -1 3 3 3 3 3 3 3 3
3 3 3 3 3 -1 -1 -1 -1 -1 -1 -1 3 3 3 3 3
3 3 3 -1 -1 -1 -1 -1 -1 -1 -1 -1 -1 -1 3 3 3
3 3 -1 0 -1 -1 -1 -1 -1 -1 -1 -1 -1 -1 0 3 3
3 3 -1 -1 0 -1 -1 -1 -1 -1 -1 -1 -1 -1 0 3 3
3 -1 -1 -1 -1 0 -1 -1 -1 -1 -1 -1 -1 -1 0 -1 3
3 -1 -1 -1 -1 -1 0 -1 -1 -1 -1 -1 -1 -1 0 -1 3
3 -1 -1 -1 -1 -1 -1 0 -1 -1 -1 -1 -1 -1 0 -1 3
-1 -1 -1 -1 -1 -1 -1 -1 0 -1 -1 -1 -1 -1 0 -1 0
3 -1 -1 -1 -1 -1 -1 -1 -1 0 -1 -1 -1 -1 0 -1 3
3 -1 -1 -1 -1 -1 -1 -1 -1 -1 0 -1 -1 -1 0 -1 3
3 -1 -1 -1 -1 -1 -1 -1 -1 -1 -1 0 -1 -1 0 -1 3
3 3 -1 -1 -1 -1 -1 -1 -1 -1 -1 -1 0 -1 0 3 3
3 3 -1 -1 -1 -1 -1 -1 -1 -1 -1 -1 -1 0 0 3 3
3 3 3 0 0 0 0 0 0 0 0 0 0 0 3 3 3
3 3 3 3 3 -1 -1 -1 -1 -1 -1 -1 3 3 3 3 3
3 3 3 3 3 3 3 3 -1 3 3 3 3 3 3 3 3
17:16:39.226940 - stdout  :: -1 -1
17:16:39.229585 - stdin   :: 29 10 -2 -2
29 10
3 3 3 3 3 3 3 3 -1 3 3 3 3 3 3 3 3
3 3 3 3 3 -1 -1 -1 -1 -1 -1 -1 3 3 3 3 3
3 3 3 -1 -1 -1 -1 -1 -1 -1 -1 -1 -1 -1 3 3 3
3 3 -1 0 -1 -1 -1 -1 -1 -1 -1 -1 -1 -1 -1 3 3
3 3 -1 -1 0 -1 -1 -1 -1 -1 -1 -1 -1 -1 -1 3 3
3 -1 -1 -1 -1 0 -1 -1 -1 -1 -1 -1 -1 -1 -1 -1 3
3 -1 -1 -1 -1 -1 0 -1 -1 -1 -1 -1 -1 -1 -1 -1 3
3 -1 -1 -1 -1 -1 -1 0 -1 -1 -1 -1 -1 -1 -1 -1 3
-1 -1 -1 -1 -1 -1 -1 -1 0 -1 -1 -1 -1 -1 -1 -1 0
3 -1 -1 -1 -1 -1 -1 -1 -1 0 -1 -1 -1 -1 -1 -1 3
3 -1 -1 -1 -1 -1 -1 -1 -1 -1 0 -1 -1 -1 -1 -1 3
3 -1 -1 -1 -1 -1 -1 -1 -1 -1 -1 0 -1 -1 -1 -1 3
3 3 -1 -1 -1 -1 -1 -1 -1 -1 -1 -1 0 -1 -1 3 3
3 3 -1 -1 -1 -1 -1 -1 -1 -1 -1 -1 -1 0 -1 3 3
3 3 3 -1 -1 -1 -1 -1 -1 -1 -1 -1 -1 -1 3 3 3
3 3 3 3 3 -1 -1 -1 -1 -1 -1 -1 3 3 3 3 3
3 3 3 3 3 3 3 3 0 3 3 3 3 3 3 3 3
17:16:39.244567 - stdout  :: -1 -1
17:16:39.247125 - stdin   :: 26 7 -3 -3
26 7
3 3 3 3 3 3 3 3 -1 3 3 3 3 3 3 3 3
3 3 3 3 3 0 0 0 0 0 0 0 3 3 3 3 3
3 3 3 -1 -1 -1 -1 -1 -1 -1 -1 -1 -1 -1 3 3 3
3 3 -1 0 -1 -1 -1 -1 -1 -1 -1 -1 -1 -1 -1 3 3
3 3 -1 -1 0 -1 -1 -1 -1 -1 -1 -1 -1 -1 -1 3 3
3 -1 -1 -1 -1 0 -1 -1 -1 -1 -1 -1 -1 -1 -1 -1 3
3 -1 -1 -1 -1 -1 0 -1 -1 -1 -1 -1 -1 -1 -1 -1 3
3 -1 -1 -1 -1 -1 -1 0 -1 -1 -1 -1 -1 -1 -1 -1 3
-1 -1 -1 -1 -1 -1 -1 -1 0 -1 -1 -1 -1 -1 -1 -1 -1
3 -1 -1 -1 -1 -1 -1 -1 -1 0 -1 -1 -1 -1 -1 -1 3
3 -1 -1 -1 -1 -1 -1 -1 -1 -1 0 -1 -1 -1 -1 -1 3
3 -1 -1 -1 -1 -1 -1 -1 -1 -1 -1 0 -1 -1 -1 -1 3
3 3 -1 -1 -1 -1 -1 -1 -1 -1 -1 -1 0 -1 -1 3 3
3 3 -1 -1 -1 -1 -1 -1 -1 -1 -1 -1 -1 0 -1 3 3
3 3 3 -1 -1 -1 -1 -1 -1 -1 -1 -1 -1 -1 3 3 3
3 3 3 3 3 -1 -1 -1 -1 -1 -1 -1 3 3 3 3 3
3 3 3 3 3 3 3 3 -1 3 3 3 3 3 3 3 3
17:16:39.262124 - stdout  :: 0 0
17:16:39.265159 - stdin   :: 23 4 -3 -3
23 4
3 3 3 3 3 3 3 3 0 3 3 3 3 3 3 3 3
3 3 3 3 3 -1 -1 0 -1 -1 -1 -1 3 3 3 3 3
3 3 3 -1 -1 -1 0 -1 -1 -1 -1 -1 -1 -1 3 3 3
3 3 -1 -1 -1 0 -1 -1 -1 -1 -1 -1 -1 -1 -1 3 3
3 3 -1 -1 -1 0 0 0 0 0 0 0 0 0 0 3 3
3 -1 -1 -1 -1 0 -1 -1 -1 -1 -1 -1 -1 -1 -1 -1 3
3 -1 -1 -1 -1 -1 0 -1 -1 -1 -1 -1 -1 -1 -1 -1 3
3 -1 -1 -1 -1 -1 -1 0 -1 -1 -1 -1 -1 -1 -1 -1 3
-1 -1 -1 -1 -1 -1 -1 -1 0 -1 -1 -1 -1 -1 -1 -1 -1
3 -1 -1 -1 -1 -1 -1 -1 -1 0 -1 -1 -1 -1 -1 -1 3
3 -1 -1 -1 -1 -1 -1 -1 -1 -1 0 -1 -1 -1 -1 -1 3
3 -1 -1 -1 -1 -1 -1 -1 -1 -1 -1 0 -1 -1 -1 -1 3
3 3 -1 -1 -1 -1 -1 -1 -1 -1 -1 -1 0 -1 -1 3 3
3 3 -1 -1 -1 -1 -1 -1 -1 -1 -1 -1 -1 0 -1 3 3
3 3 3 -1 -1 -1 -1 -1 -1 -1 -1 -1 -1 -1 3 3 3
3 3 3 3 3 -1 -1 -1 -1 -1 -1 -1 3 3 3 3 3
3 3 3 3 3 3 3 3 -1 3 3 3 3 3 3 3 3
17:16:39.285952 - stdout  :: 0 0
17:16:39.288797 - stdin   :: 20 1 -3 -3
20 1
3 3 3 3 3 3 3 3 -1 3 3 3 3 3 3 3 3
3 3 3 3 3 -1 -1 -1 -1 -1 -1 -1 3 3 3 3 3
3 3 3 -1 -1 -1 -1 -1 -1 -1 -1 -1 0 -1 3 3 3
3 3 -1 -1 -1 -1 -1 -1 -1 -1 -1 0 -1 -1 -1 3 3
3 3 -1 -1 -1 -1 -1 -1 -1 -1 0 -1 -1 -1 -1 3 3
3 -1 -1 -1 -1 -1 -1 -1 -1 0 -1 -1 -1 -1 -1 -1 3
3 -1 -1 -1 -1 -1 -1 -1 0 -1 -1 -1 -1 -1 -1 -1 3
3 -1 -1 -1 -1 -1 -1 -1 0 0 0 0 0 0 0 0 3
-1 -1 -1 -1 -1 -1 -1 -1 0 -1 -1 -1 -1 -1 -1 -1 -1
3 -1 -1 -1 -1 -1 -1 -1 -1 0 -1 -1 -1 -1 -1 -1 3
3 -1 -1 -1 -1 -1 -1 -1 -1 -1 0 -1 -1 -1 -1 -1 3
3 -1 -1 -1 -1 -1 -1 -1 -1 -1 -1 0 -1 -1 -1 -1 3
3 3 -1 -1 -1 -1 -1 -1 -1 -1 -1 -1 0 -1 -1 3 3
3 3 -1 -1 -1 -1 -1 -1 -1 -1 -1 -1 -1 0 -1 3 3
3 3 3 -1 -1 -1 -1 -1 -1 -1 -1 -1 -1 -1 3 3 3
3 3 3 3 3 -1 -1 -1 -1 -1 -1 -1 3 3 3 3 3
3 3 3 3 3 3 3 3 -1 3 3 3 3 3 3 3 3
17:16:39.305089 - stdout  :: 1 1
17:16:39.307945 - stdin   :: 20 1 0 0
20 1
3 3 3 3 3 3 3 3 -1 3 3 3 3 3 3 3 3
3 3 3 3 3 -1 -1 -1 -1 -1 -1 -1 3 3 3 3 3
3 3 3 -1 -1 -1 -1 -1 -1 -1 -1 -1 0 -1 3 3 3
3 3 -1 -1 -1 -1 -1 -1 -1 -1 -1 0 -1 -1 -1 3 3
3 3 -1 -1 -1 -1 -1 -1 -1 -1 0 -1 -1 -1 -1 3 3
3 -1 -1 -1 -1 -1 -1 -1 -1 0 -1 -1 -1 -1 -1 -1 3
3 -1 -1 -1 -1 -1 -1 -1 0 -1 -1 -1 -1 -1 -1 -1 3
3 -1 -1 -1 -1 -1 -1 -1 0 0 0 0 0 0 0 0 3
-1 -1 -1 -1 -1 -1 -1 -1 0 -1 -1 -1 -1 -1 -1 -1 -1
3 -1 -1 -1 -1 -1 -1 -1 -1 0 -1 -1 -1 -1 -1 -1 3
3 -1 -1 -1 -1 -1 -1 -1 -1 -1 0 -1 -1 -1 -1 -1 3
3 -1 -1 -1 -1 -1 -1 -1 -1 -1 -1 0 -1 -1 -1 -1 3
3 3 -1 -1 -1 -1 -1 -1 -1 -1 -1 -1 0 -1 -1 3 3
3 3 -1 -1 -1 -1 -1 -1 -1 -1 -1 -1 -1 0 -1 3 3
3 3 3 -1 -1 -1 -1 -1 -1 -1 -1 -1 -1 -1 3 3 3
3 3 3 3 3 -1 -1 -1 -1 -1 -1 -1 3 3 3 3 3
3 3 3 3 3 3 3 3 -1 3 3 3 3 3 3 3 3
17:16:39.323754 - stdout  :: -1 1
17:16:39.326649 - stdin   :: 19 2 -1 1
19 2
3 3 3 3 3 3 3 3 -1 3 3 3 3 3 3 3 3
3 3 3 3 3 -1 -1 -1 -1 -1 -1 -1 3 3 3 3 3
3 3 3 -1 -1 -1 -1 -1 -1 -1 -1 -1 0 -1 3 3 3
3 3 -1 -1 -1 -1 -1 -1 -1 -1 -1 0 -1 -1 -1 3 3
3 3 -1 -1 -1 -1 -1 -1 -1 -1 0 -1 -1 -1 -1 3 3
3 -1 -1 -1 -1 -1 -1 -1 -1 0 -1 -1 -1 -1 -1 -1 3
3 -1 -1 -1 -1 -1 -1 -1 0 -1 -1 -1 -1 -1 -1 -1 3
3 -1 -1 -1 -1 -1 -1 0 -1 -1 -1 -1 -1 -1 -1 -1 3
-1 -1 -1 -1 -1 -1 -1 0 0 0 0 0 0 0 0 0 0
3 -1 -1 -1 -1 -1 -1 0 -1 -1 -1 -1 -1 -1 -1 -1 3
3 -1 -1 -1 -1 -1 -1 -1 0 -1 -1 -1 -1 -1 -1 -1 3
3 -1 -1 -1 -1 -1 -1 -1 -1 0 -1 -1 -1 -1 -1 -1 3
3 3 -1 -1 -1 -1 -1 -1 -1 -1 0 -1 -1 -1 -1 3 3
3 3 -1 -1 -1 -1 -1 -1 -1 -1 -1 0 -1 -1 -1 3 3
3 3 3 -1 -1 -1 -1 -1 -1 -1 -1 -1 0 -1 3 3 3
3 3 3 3 3 -1 -1 -1 -1 -1 -1 -1 3 3 3 3 3
3 3 3 3 3 3 3 3 -1 3 3 3 3 3 3 3 3
17:16:39.343247 - stdout  :: 1 1
17:16:39.347367 - stdin   :: 19 4 0 2
19 4
3 3 3 3 3 3 3 3 -1 3 3 3 3 3 3 3 3
3 3 3 3 3 -1 -1 -1 -1 -1 -1 0 3 3 3 3 3
3 3 3 -1 -1 -1 -1 -1 -1 -1 0 -1 -1 -1 3 3 3
3 3 -1 -1 -1 -1 -1 -1 -1 0 -1 -1 -1 -1 -1 3 3
3 3 -1 -1 -1 -1 -1 -1 0 -1 -1 -1 -1 -1 -1 3 3
3 -1 -1 -1 -1 -1 -1 0 -1 -1 -1 -1 -1 -1 -1 -1 3
3 -1 -1 -1 -1 -1 0 -1 -1 -1 -1 -1 -1 -1 -1 -1 3
3 -1 -1 -1 -1 0 -1 -1 -1 -1 -1 -1 -1 -1 -1 -1 3
-1 -1 -1 -1 -1 0 0 0 0 0 0 0 0 0 0 0 0
3 -1 -1 -1 -1 0 -1 -1 -1 -1 -1 -1 -1 -1 -1 -1 3
3 -1 -1 -1 -1 -1 0 -1 -1 -1 -1 -1 -1 -1 -1 -1 3
3 -1 -1 -1 -1 -1 -1 0 -1 -1 -1 -1 -1 -1 -1 -1 3
3 3 -1 -1 -1 -1 -1 -1 0 -1 -1 -1 -1 -1 -1 3 3
3 3 -1 -1 -1 -1 -1 -1 -1 0 -1 -1 -1 -1 -1 3 3
3 3 3 -1 -1 -1 -1 -1 -1 -1 0 -1 -1 -1 3 3 3
3 3 3 3 3 -1 -1 -1 -1 -1 -1 0 3 3 3 3 3
3 3 3 3 3 3 3 3 -1 3 3 3 3 3 3 3 3
17:16:39.366333 - stdout  :: 0 1
17:16:39.370215 - stdin   :: 19 7 0 3
19 7
3 3 3 3 3 3 3 3 -1 3 3 3 3 3 3 3 3
3 3 3 3 3 -1 -1 -1 0 -1 -1 -1 3 3 3 3 3
3 3 3 -1 -1 -1 -1 0 -1 -1 -1 -1 -1 -1 3 3 3
3 3 -1 -1 -1 -1 0 -1 -1 -1 -1 -1 -1 -1 -1 3 3
3 3 -1 -1 -1 0 -1 -1 -1 -1 -1 -1 -1 -1 -1 3 3
3 -1 -1 -1 0 -1 -1 -1 -1 -1 -1 -1 -1 -1 -1 -1 3
3 -1 -1 0 -1 -1 -1 -1 -1 -1 -1 -1 -1 -1 -1 -1 3
3 -1 0 -1 -1 -1 -1 -1 -1 -1 -1 -1 -1 -1 -1 -1 3
-1 -1 0 0 0 0 0 0 0 0 0 0 0 0 0 0 0
3 -1 0 -1 -1 -1 -1 -1 -1 -1 -1 -1 -1 -1 -1 -1 3
3 -1 -1 0 -1 -1 -1 -1 -1 -1 -1 -1 -1 -1 -1 -1 3
3 -1 -1 -1 0 -1 -1 -1 -1 -1 -1 -1 -1 -1 -1 -1 3
3 3 -1 -1 -1 0 -1 -1 -1 -1 -1 -1 -1 -1 -1 3 3
3 3 -1 -1 -1 -1 0 -1 -1 -1 -1 -1 -1 -1 -1 3 3
3 3 3 -1 -1 -1 -1 0 -1 -1 -1 -1 -1 -1 3 3 3
3 3 3 3 3 -1 -1 -1 0 -1 -1 -1 3 3 3 3 3
3 3 3 3 3 3 3 3 -1 3 3 3 3 3 3 3 3
17:16:39.386685 - stdout  :: 0 0
17:16:39.390017 - stdin   :: 19 10 0 3
19 10
3 3 3 3 3 3 3 3 -1 3 3 3 3 3 3 3 3
3 3 3 3 3 0 -1 -1 -1 -1 -1 -1 3 3 3 3 3
3 3 3 -1 0 -1 -1 -1 -1 -1 -1 -1 -1 -1 3 3 3
3 3 -1 0 -1 -1 -1 -1 -1 -1 -1 -1 -1 -1 -1 3 3
3 3 0 -1 -1 -1 -1 -1 -1 -1 -1 -1 -1 -1 -1 3 3
3 0 -1 -1 -1 -1 -1 -1 -1 -1 -1 -1 -1 -1 -1 -1 3
3 -1 -1 -1 -1 -1 -1 -1 -1 -1 -1 -1 -1 -1 -1 -1 3
3 -1 -1 -1 -1 -1 -1 -1 -1 -1 -1 -1 -1 -1 -1 -1 3
0 0 0 0 0 0 0 0 0 0 0 0 0 0 0 0 0
3 -1 -1 -1 -1 -1 -1 -1 -1 -1 -1 -1 -1 -1 -1 -1 3
3 -1 -1 -1 -1 -1 -1 -1 -1 -1 -1 -1 -1 -1 -1 -1 3
3 0 -1 -1 -1 -1 -1 -1 -1 -1 -1 -1 -1 -1 -1 -1 3
3 3 0 -1 -1 -1 -1 -1 -1 -1 -1 -1 -1 -1 -1 3 3
3 3 -1 0 -1 -1 -1 -1 -1 -1 -1 -1 -1 -1 -1 3 3
3 3 3 -1 0 -1 -1 -1 -1 -1 -1 -1 -1 -1 3 3 3
3 3 3 3 3 0 -1 -1 -1 -1 -1 -1 3 3 3 3 3
3 3 3 3 3 3 3 3 -1 3 3 3 3 3 3 3 3
17:16:39.404377 - stdout  :: 0 0
17:16:39.407414 - stdin   :: 19 13 0 3
19 13
3 3 3 3 3 3 3 3 -1 3 3 3 3 3 3 3 3
3 3 3 3 3 -1 -1 -1 -1 -1 -1 -1 3 3 3 3 3
3 3 3 -1 -1 -1 -1 -1 -1 -1 -1 -1 -1 0 3 3 3
3 3 -1 -1 -1 -1 -1 -1 -1 -1 -1 -1 -1 0 -1 3 3
3 3 -1 -1 -1 -1 -1 -1 -1 -1 -1 -1 -1 0 -1 3 3
3 -1 -1 -1 -1 -1 -1 -1 -1 -1 -1 -1 -1 0 -1 0 3
3 -1 -1 -1 -1 -1 -1 -1 -1 -1 -1 -1 -1 1 -1 0 3
3 -1 -1 -1 -1 -1 -1 -1 -1 -1 -1 -1 -1 -1 -1 0 3
0 0 0 0 0 0 0 0 0 0 0 0 0 0 0 0 -1
3 -1 -1 -1 -1 -1 -1 -1 -1 -1 -1 -1 -1 -1 -1 0 3
3 -1 -1 -1 -1 -1 -1 -1 -1 -1 -1 -1 -1 1 -1 0 3
3 -1 -1 -1 -1 -1 -1 -1 -1 -1 -1 -1 -1 0 -1 0 3
3 3 -1 -1 -1 -1 -1 -1 -1 -1 -1 -1 -1 0 -1 3 3
3 3 -1 -1 -1 -1 -1 -1 -1 -1 -1 -1 -1 0 -1 3 3
3 3 3 -1 -1 -1 -1 -1 -1 -1 -1 -1 -1 0 3 3 3
3 3 3 3 3 -1 -1 -1 -1 -1 -1 -1 3 3 3 3 3
3 3 3 3 3 3 3 3 -1 3 3 3 3 3 3 3 3
17:16:39.421883 - stdout  :: 0 0
17:16:39.424944 - stdin   :: 19 16 0 3
19 16
3 3 3 3 3 3 3 3 -1 3 3 3 3 3 3 3 3
3 3 3 3 3 -1 -1 -1 -1 -1 0 -1 3 3 3 3 3
3 3 3 -1 -1 -1 -1 -1 -1 -1 0 -1 0 -1 3 3 3
3 3 -1 -1 -1 -1 -1 -1 -1 -1 0 -1 0 -1 -1 3 3
3 3 -1 -1 -1 -1 -1 -1 -1 -1 0 -1 0 -1 100 3 3
3 -1 -1 -1 -1 -1 -1 -1 -1 -1 0 -1 0 -1 100 100 3
3 -1 -1 -1 -1 -1 -1 -1 -1 -1 1 -1 0 -1 100 100 3
3 -1 -1 -1 -1 -1 -1 -1 -1 -1 -1 -1 0 -1 100 -1 3
0 0 0 0 0 0 0 0 0 0 0 0 0 -1 100 -1 -1
3 -1 -1 -1 -1 -1 -1 -1 -1 -1 -1 -1 0 -1 100 -1 3
3 -1 -1 -1 -1 -1 -1 -1 -1 -1 1 -1 0 -1 -1 -1 3
3 -1 -1 -1 -1 -1 -1 -1 -1 -1 0 -1 0 -1 -1 -1 3
3 3 -1 -1 -1 -1 -1 -1 -1 -1 0 -1 0 -1 -1 3 3
3 3 -1 -1 -1 -1 -1 -1 -1 -1 0 -1 0 -1 -1 3 3
3 3 3 -1 -1 -1 -1 -1 -1 -1 0 -1 0 -1 3 3 3
3 3 3 3 3 -1 -1 -1 -1 -1 0 -1 3 3 3 3 3
3 3 3 3 3 3 3 3 -1 3 3 3 3 3 3 3 3
17:16:39.437905 - stdout  :: 0 0
17:16:39.440932 - stdin   :: 19 19 0 3
19 19
3 3 3 3 3 3 3 3 -1 3 3 3 3 3 3 3 3
3 3 3 3 3 -1 -1 0 -1 0 -1 -1 3 3 3 3 3
3 3 3 -1 -1 -1 -1 0 -1 0 -1 -1 -1 100 3 3 3
3 3 -1 -1 -1 -1 -1 0 -1 0 -1 -1 100 100 -1 3 3
3 3 -1 -1 -1 -1 -1 0 -1 0 -1 100 100 100 -1 3 3
3 -1 -1 -1 -1 -1 -1 0 -1 0 -1 100 100 -1 -1 -1 3
3 -1 -1 -1 -1 -1 -1 1 -1 0 -1 100 100 -1 -1 -1 3
3 -1 -1 -1 -1 -1 -1 -1 -1 0 -1 100 -1 -1 -1 -1 3
0 0 0 0 0 0 0 0 0 0 -1 100 -1 -1 -1 -1 -1
3 -1 -1 -1 -1 -1 -1 -1 -1 0 -1 100 -1 -1 -1 -1 3
3 -1 -1 -1 -1 -1 -1 1 -1 0 -1 -1 -1 -1 -1 -1 3
3 -1 -1 -1 -1 -1 -1 0 -1 0 -1 -1 -1 -1 -1 -1 3
3 3 -1 -1 -1 -1 -1 0 -1 0 -1 -1 -1 -1 -1 3 3
3 3 -1 -1 -1 -1 -1 0 -1 0 -1 -1 -1 -1 -1 3 3
3 3 3 -1 -1 -1 -1 0 -1 0 -1 -1 -1 -1 3 3 3
3 3 3 3 3 -1 -1 0 -1 0 -1 -1 3 3 3 3 3
3 3 3 3 3 3 3 3 -1 3 3 3 3 3 3 3 3
17:16:39.452915 - stdout  :: 0 -1
17:16:39.455935 - stdin   :: 19 19 0 0
19 19
3 3 3 3 3 3 3 3 -1 3 3 3 3 3 3 3 3
3 3 3 3 3 -1 -1 0 -1 0 -1 -1 3 3 3 3 3
3 3 3 -1 -1 -1 -1 0 -1 0 -1 -1 -1 100 3 3 3
3 3 -1 -1 -1 -1 -1 0 -1 0 -1 -1 100 100 -1 3 3
3 3 -1 -1 -1 -1 -1 0 -1 0 -1 100 100 100 -1 3 3
3 -1 -1 -1 -1 -1 -1 0 -1 0 -1 100 100 -1 -1 -1 3
3 -1 -1 -1 -1 -1 -1 1 -1 0 -1 100 100 -1 -1 -1 3
3 -1 -1 -1 -1 -1 -1 -1 -1 0 -1 100 -1 -1 -1 -1 3
0 0 0 0 0 0 0 0 0 0 -1 100 -1 -1 -1 -1 -1
3 -1 -1 -1 -1 -1 -1 -1 -1 0 -1 100 -1 -1 -1 -1 3
3 -1 -1 -1 -1 -1 -1 1 -1 0 -1 -1 -1 -1 -1 -1 3
3 -1 -1 -1 -1 -1 -1 0 -1 0 -1 -1 -1 -1 -1 -1 3
3 3 -1 -1 -1 -1 -1 0 -1 0 -1 -1 -1 -1 -1 3 3
3 3 -1 -1 -1 -1 -1 0 -1 0 -1 -1 -1 -1 -1 3 3
3 3 3 -1 -1 -1 -1 0 -1 0 -1 -1 -1 -1 3 3 3
3 3 3 3 3 -1 -1 0 -1 0 -1 -1 3 3 3 3 3
3 3 3 3 3 3 3 3 -1 3 3 3 3 3 3 3 3
17:16:39.469638 - stdout  :: -1 1
17:16:39.472442 - stdin   :: 18 20 -1 1
18 20
3 3 3 3 3 3 3 3 0 3 3 3 3 3 3 3 3
3 3 3 3 3 -1 0 -1 0 -1 -1 -1 3 3 3 3 3
3 3 3 -1 -1 -1 0 -1 0 -1 -1 -1 -1 0 3 3 3
3 3 -1 -1 -1 -1 0 -1 0 -1 -1 -1 100 0 -1 3 3
3 3 -1 -1 -1 -1 0 -1 0 -1 -1 100 100 -1 -1 3 3
3 -1 -1 -1 -1 -1 0 -1 0 -1 100 100 100 -1 -1 -1 3
3 -1 -1 -1 -1 -1 0 -1 0 -1 100 100 -1 -1 -1 -1 3
3 -1 -1 -1 -1 -1 1 -1 0 -1 100 100 -1 -1 -1 -1 3
-1 -1 -1 -1 -1 -1 -1 -1 0 -1 100 -1 -1 -1 -1 -1 -1
3 0 0 0 0 0 0 0 0 -1 100 -1 -1 -1 -1 -1 3
3 -1 -1 -1 -1 -1 -1 -1 0 -1 100 -1 -1 -1 -1 -1 3
3 -1 -1 -1 -1 -1 1 -1 0 -1 -1 -1 -1 -1 -1 -1 3
3 3 -1 -1 -1 -1 0 -1 0 -1 -1 -1 -1 -1 -1 3 3
3 3 -1 -1 -1 -1 0 -1 0 -1 -1 -1 -1 -1 -1 3 3
3 3 3 -1 -1 -1 0 -1 0 -1 -1 -1 -1 -1 3 3 3
3 3 3 3 3 -1 0 -1 0 -1 -1 -1 3 3 3 3 3
3 3 3 3 3 3 3 3 0 3 3 3 3 3 3 3 3
17:16:39.484414 - stdout  :: -1 -1
17:16:39.487149 - stdin   :: 16 20 -2 0
16 20
3 3 3 3 3 3 3 3 0 3 3 3 3 3 3 3 3
3 3 3 3 3 -1 0 -1 0 -1 -1 -1 3 3 3 3 3
3 3 3 -1 -1 -1 0 -1 0 -1 -1 -1 -1 -1 3 3 3
3 3 -1 -1 -1 -1 0 -1 0 -1 -1 -1 -1 -1 0 3 3
3 3 -1 -1 -1 -1 0 -1 0 -1 -1 -1 -1 0 0 3 3
3 -1 -1 -1 -1 -1 0 -1 0 -1 -1 -1 100 0 -1 -1 3
3 -1 -1 -1 -1 -1 0 -1 0 -1 -1 100 100 -1 -1 -1 3
3 -1 -1 -1 -1 -1 0 -1 0 -1 100 100 100 -1 -1 -1 3
-1 -1 -1 -1 -1 -1 0 -1 0 -1 100 100 -1 -1 -1 -1 -1
3 -1 -1 -1 -1 -1 1 -1 0 -1 100 100 -1 -1 -1 -1 3
3 -1 -1 -1 -1 -1 -1 -1 0 -1 100 -1 -1 -1 -1 -1 3
3 0 0 0 0 0 0 0 0 -1 100 -1 -1 -1 -1 -1 3
3 3 -1 -1 -1 -1 -1 -1 0 -1 100 -1 -1 -1 -1 3 3
3 3 -1 -1 -1 -1 1 -1 0 -1 -1 -1 -1 -1 -1 3 3
3 3 3 -1 -1 -1 0 -1 0 -1 -1 -1 -1 -1 3 3 3
3 3 3 3 3 -1 0 -1 0 -1 -1 -1 3 3 3 3 3
3 3 3 3 3 3 3 3 0 3 3 3 3 3 3 3 3
17:16:39.492920 - stdout  :: -1 0
17:16:39.495787 - stdin   :: 13 20 -3 0
13 20
3 3 3 3 3 3 3 3 0 3 3 3 3 3 3 3 3
3 3 3 3 3 -1 0 -1 0 -1 -1 -1 3 3 3 3 3
3 3 3 -1 -1 -1 0 -1 0 -1 -1 -1 -1 -1 3 3 3
3 3 -1 -1 -1 -1 0 -1 0 -1 -1 -1 -1 -1 -1 3 3
3 3 -1 -1 -1 -1 0 -1 0 -1 -1 -1 -1 -1 -1 3 3
3 -1 -1 -1 -1 -1 0 -1 0 -1 -1 -1 -1 -1 -1 0 3
3 -1 -1 -1 -1 -1 0 -1 0 -1 -1 -1 -1 -1 0 0 3
3 -1 -1 -1 -1 -1 0 -1 0 -1 -1 -1 -1 0 0 -1 3
-1 -1 -1 -1 -1 -1 0 -1 0 -1 -1 -1 100 0 -1 -1 -1
3 -1 -1 -1 -1 -1 0 -1 0 -1 -1 100 100 -1 -1 -1 3
3 -1 -1 -1 -1 -1 0 -1 0 -1 100 100 100 -1 -1 -1 3
3 -1 -1 -1 -1 -1 0 -1 0 -1 100 100 -1 -1 -1 -1 3
3 3 -1 -1 -1 -1 1 -1 0 -1 100 100 -1 -1 -1 3 3
3 3 -1 -1 -1 -1 -1 -1 0 -1 100 -1 -1 -1 -1 3 3
3 3 3 0 0 0 0 0 0 -1 100 -1 -1 -1 3 3 3
3 3 3 3 3 -1 -1 -1 0 -1 100 -1 3 3 3 3 3
3 3 3 3 3 3 3 3 0 3 3 3 3 3 3 3 3
17:16:39.500430 - stdout  :: 0 0
17:16:39.503463 - stdin   :: 10 20 -3 0
10 20
3 3 3 3 3 3 3 3 0 3 3 3 3 3 3 3 3
3 3 3 3 3 -1 0 -1 0 -1 -1 -1 3 3 3 3 3
3 3 3 0 -1 -1 0 -1 0 -1 -1 -1 -1 -1 3 3 3
3 3 0 -1 -1 -1 0 -1 0 -1 -1 -1 -1 -1 -1 3 3
3 3 -1 -1 -1 -1 0 -1 0 -1 -1 -1 -1 -1 -1 3 3
3 -1 -1 -1 -1 -1 0 -1 0 -1 -1 -1 -1 -1 -1 -1 3
3 -1 -1 -1 -1 -1 0 -1 0 -1 -1 -1 -1 -1 -1 -1 3
3 -1 -1 -1 -1 -1 0 -1 0 -1 -1 -1 -1 -1 -1 -1 3
-1 -1 -1 -1 -1 -1 0 -1 0 -1 -1 -1 -1 -1 -1 0 0
3 -1 -1 -1 -1 -1 0 -1 0 -1 -1 -1 -1 -1 0 0 3
3 -1 -1 -1 -1 -1 0 -1 0 -1 -1 -1 -1 0 0 -1 3
3 -1 -1 -1 -1 -1 0 -1 0 -1 -1 -1 100 0 -1 -1 3
3 3 -1 -1 -1 -1 0 -1 0 -1 -1 100 100 -1 -1 3 3
3 3 -1 -1 -1 -1 0 -1 0 -1 100 100 100 -1 -1 3 3
3 3 3 -1 -1 -1 0 -1 0 -1 100 100 -1 -1 3 3 3
3 3 3 3 3 -1 1 -1 0 -1 100 100 3 3 3 3 3
3 3 3 3 3 3 3 3 0 3 3 3 3 3 3 3 3
17:16:39.507718 - stdout  :: 0 0
17:16:39.510721 - stdin   :: 7 20 -3 0
7 20
3 3 3 3 3 3 3 3 -1 3 3 3 3 3 3 3 3
3 3 3 3 3 -1 -1 -1 -1 -1 -1 -1 3 3 3 3 3
3 3 3 0 0 0 0 -1 0 0 0 0 0 0 3 3 3
3 3 -1 -1 -1 0 0 -1 0 -1 -1 -1 -1 -1 -1 3 3
3 3 -1 -1 0 -1 0 -1 0 -1 -1 -1 -1 -1 -1 3 3
3 -1 -1 0 -1 -1 0 -1 0 -1 -1 -1 -1 -1 -1 -1 3
3 -1 0 -1 -1 -1 0 -1 0 -1 -1 -1 -1 -1 -1 -1 3
3 0 -1 -1 -1 -1 0 -1 0 -1 -1 -1 -1 -1 -1 -1 3
0 -1 -1 -1 -1 -1 0 -1 0 -1 -1 -1 -1 -1 -1 -1 -1
3 -1 -1 -1 -1 -1 0 -1 0 -1 -1 -1 -1 -1 -1 -1 3
3 -1 -1 -1 -1 -1 0 -1 0 -1 -1 -1 -1 -1 -1 -1 3
3 -1 -1 -1 -1 -1 0 -1 0 -1 -1 -1 -1 -1 -1 0 3
3 3 -1 -1 -1 -1 0 -1 0 -1 -1 -1 -1 -1 0 3 3
3 3 -1 -1 -1 -1 0 -1 0 -1 -1 -1 -1 0 0 3 3
3 3 3 -1 -1 -1 0 -1 0 -1 -1 -1 100 0 3 3 3
3 3 3 3 3 -1 0 -1 0 -1 -1 100 3 3 3 3 3
3 3 3 3 3 3 3 3 0 3 3 3 3 3 3 3 3
17:16:39.516888 - stdout  :: 0 0
17:16:39.519328 - stdin   :: 4 20 -3 0
4 20
3 3 3 3 3 3 3 3 -1 3 3 3 3 3 3 3 3
3 3 3 3 3 -1 -1 -1 -1 -1 -1 -1 3 3 3 3 3
3 3 3 -1 -1 -1 -1 -1 -1 -1 -1 -1 -1 -1 3 3 3
3 3 -1 -1 -1 -1 -1 -1 -1 -1 -1 -1 -1 -1 -1 3 3
3 3 -1 -1 -1 -1 -1 -1 -1 -1 -1 -1 -1 -1 -1 3 3
3 0 0 0 0 0 0 -1 0 0 0 0 0 0 0 0 3
3 -1 -1 -1 -1 0 0 -1 0 -1 -1 -1 -1 -1 -1 -1 3
3 -1 -1 -1 0 -1 0 -1 0 -1 -1 -1 -1 -1 -1 -1 3
-1 -1 -1 0 -1 -1 0 -1 0 -1 -1 -1 -1 -1 -1 -1 -1
3 -1 0 -1 -1 -1 0 -1 0 -1 -1 -1 -1 -1 -1 -1 3
3 0 -1 -1 -1 -1 0 -1 0 -1 -1 -1 -1 -1 -1 -1 3
3 -1 -1 -1 -1 -1 0 -1 0 -1 -1 -1 -1 -1 -1 -1 3
3 3 -1 -1 -1 -1 0 -1 0 -1 -1 -1 -1 -1 -1 3 3
3 3 -1 -1 -1 -1 0 -1 0 -1 -1 -1 -1 -1 -1 3 3
3 3 3 -1 -1 -1 0 -1 0 -1 -1 -1 -1 -1 3 3 3
3 3 3 3 3 -1 0 -1 0 -1 -1 -1 3 3 3 3 3
3 3 3 3 3 3 3 3 0 3 3 3 3 3 3 3 3
17:16:39.524185 - stdout  :: 0 1
17:16:39.527798 - stdin   :: 1 21 -3 1
1 21
3 3 3 3 3 3 3 3 -1 3 3 3 3 3 3 3 3
3 3 3 3 3 -1 -1 -1 -1 -1 -1 -1 3 3 3 3 3
3 3 3 -1 -1 -1 -1 -1 -1 -1 -1 -1 -1 -1 3 3 3
3 3 -1 -1 -1 -1 -1 -1 -1 -1 -1 -1 -1 -1 -1 3 3
3 3 -1 -1 -1 -1 -1 -1 -1 -1 -1 -1 -1 -1 -1 3 3
3 -1 -1 -1 -1 -1 -1 -1 -1 -1 -1 -1 -1 -1 -1 -1 3
3 -1 -1 -1 -1 -1 -1 -1 -1 -1 -1 -1 -1 -1 -1 -1 3
3 -1 -1 -1 -1 -1 -1 -1 -1 -1 -1 -1 -1 -1 -1 -1 3
0 0 0 0 0 0 -1 0 0 0 0 0 0 0 0 0 0
3 -1 -1 -1 0 0 -1 0 -1 -1 -1 -1 -1 -1 -1 -1 3
3 -1 -1 0 -1 0 -1 0 -1 -1 -1 -1 -1 -1 -1 -1 3
3 -1 0 -1 -1 0 -1 0 -1 -1 -1 -1 -1 -1 -1 -1 3
3 3 -1 -1 -1 0 -1 0 -1 -1 -1 -1 -1 -1 -1 3 3
3 3 -1 -1 -1 0 -1 0 -1 -1 -1 -1 -1 -1 -1 3 3
3 3 3 -1 -1 0 -1 0 -1 -1 -1 -1 -1 -1 3 3 3
3 3 3 3 3 0 -1 0 -1 -1 -1 -1 3 3 3 3 3
3 3 3 3 3 3 3 3 -1 3 3 3 3 3 3 3 3
17:16:39.532484 - stdout  :: 1 -1
17:16:39.535423 - stdin   :: 1 21 0 0
1 21
3 3 3 3 3 3 3 3 -1 3 3 3 3 3 3 3 3
3 3 3 3 3 -1 -1 -1 -1 -1 -1 -1 3 3 3 3 3
3 3 3 -1 -1 -1 -1 -1 -1 -1 -1 -1 -1 -1 3 3 3
3 3 -1 -1 -1 -1 -1 -1 -1 -1 -1 -1 -1 -1 -1 3 3
3 3 -1 -1 -1 -1 -1 -1 -1 -1 -1 -1 -1 -1 -1 3 3
3 -1 -1 -1 -1 -1 -1 -1 -1 -1 -1 -1 -1 -1 -1 -1 3
3 -1 -1 -1 -1 -1 -1 -1 -1 -1 -1 -1 -1 -1 -1 -1 3
3 -1 -1 -1 -1 -1 -1 -1 -1 -1 -1 -1 -1 -1 -1 -1 3
0 0 0 0 0 0 -1 0 0 0 0 0 0 0 0 0 0
3 -1 -1 -1 0 0 -1 0 -1 -1 -1 -1 -1 -1 -1 -1 3
3 -1 -1 0 -1 0 -1 0 -1 -1 -1 -1 -1 -1 -1 -1 3
3 -1 0 -1 -1 0 -1 0 -1 -1 -1 -1 -1 -1 -1 -1 3
3 3 -1 -1 -1 0 -1 0 -1 -1 -1 -1 -1 -1 -1 3 3
3 3 -1 -1 -1 0 -1 0 -1 -1 -1 -1 -1 -1 -1 3 3
3 3 3 -1 -1 0 -1 0 -1 -1 -1 -1 -1 -1 3 3 3
3 3 3 3 3 0 -1 0 -1 -1 -1 -1 3 3 3 3 3
3 3 3 3 3 3 3 3 -1 3 3 3 3 3 3 3 3
17:16:39.540050 - stdout  :: 0 1
17:16:39.543149 - stdin   :: 1 22 0 1
1 22
3 3 3 3 3 3 3 3 -1 3 3 3 3 3 3 3 3
3 3 3 3 3 -1 -1 -1 -1 -1 -1 -1 3 3 3 3 3
3 3 3 -1 -1 -1 -1 -1 -1 -1 -1 -1 -1 -1 3 3 3
3 3 -1 -1 -1 -1 -1 -1 -1 -1 -1 -1 -1 -1 -1 3 3
3 3 -1 -1 -1 -1 -1 -1 -1 -1 -1 -1 -1 -1 -1 3 3
3 -1 -1 -1 -1 -1 -1 -1 -1 -1 -1 -1 -1 -1 -1 -1 3
3 -1 -1 -1 -1 -1 -1 -1 -1 -1 -1 -1 -1 -1 -1 -1 3
3 -1 -1 -1 -1 -1 -1 -1 -1 -1 -1 -1 -1 -1 -1 -1 3
0 0 0 0 0 -1 0 0 0 0 0 0 0 0 0 0 0
3 -1 -1 0 0 -1 0 -1 -1 -1 -1 -1 -1 -1 -1 -1 3
3 -1 0 -1 0 -1 0 -1 -1 -1 -1 -1 -1 -1 -1 0 3
3 0 -1 -1 0 -1 0 -1 -1 -1 -1 -1 -1 -1 -1 0 3
3 3 -1 -1 0 -1 0 -1 -1 -1 -1 -1 -1 -1 -1 3 3
3 3 -1 -1 0 -1 0 -1 -1 -1 -1 -1 -1 -1 -1 3 3
3 3 3 -1 0 -1 0 -1 -1 -1 -1 -1 -1 -1 3 3 3
3 3 3 3 3 -1 0 -1 -1 -1 -1 -1 3 3 3 3 3
3 3 3 3 3 3 3 3 -1 3 3 3 3 3 3 3 3
17:16:39.547544 - stdout  :: 0 1
17:16:39.550628 - stdin   :: 1 24 0 2
1 24
3 3 3 3 3 3 3 3 -1 3 3 3 3 3 3 3 3
3 3 3 3 3 -1 -1 -1 -1 -1 -1 -1 3 3 3 3 3
3 3 3 -1 -1 -1 -1 -1 -1 -1 -1 -1 -1 -1 3 3 3
3 3 -1 -1 -1 -1 -1 -1 -1 -1 -1 -1 -1 -1 -1 3 3
3 3 -1 -1 -1 -1 -1 -1 -1 -1 -1 -1 -1 -1 -1 3 3
3 -1 -1 -1 -1 -1 -1 -1 -1 -1 -1 -1 -1 -1 -1 -1 3
3 -1 -1 -1 -1 -1 -1 -1 -1 -1 -1 -1 -1 -1 -1 -1 3
3 -1 -1 -1 -1 -1 -1 -1 -1 -1 -1 -1 -1 -1 -1 -1 3
0 0 0 -1 0 0 0 0 0 0 0 0 0 0 0 0 0
3 0 0 -1 0 -1 -1 -1 -1 -1 -1 -1 -1 -1 -1 -1 3
3 -1 0 -1 0 -1 -1 -1 -1 -1 -1 -1 -1 0 0 0 3
3 -1 0 -1 0 -1 -1 -1 -1 -1 -1 -1 -1 0 0 0 3
3 3 0 -1 0 -1 -1 -1 -1 -1 -1 -1 -1 0 0 3 3
3 3 0 -1 0 -1 -1 -1 -1 -1 -1 -1 -1 0 0 3 3
3 3 3 -1 0 -1 -1 -1 -1 -1 -1 -1 -1 0 3 3 3
3 3 3 3 3 -1 -1 -1 -1 -1 -1 -1 3 3 3 3 3
3 3 3 3 3 3 3 3 -1 3 3 3 3 3 3 3 3
17:16:39.554581 - stdout  :: 0 1
17:16:39.557504 - stdin   :: 1 27 0 3
1 27
3 3 3 3 3 3 3 3 -1 3 3 3 3 3 3 3 3
3 3 3 3 3 -1 -1 -1 -1 -1 -1 -1 3 3 3 3 3
3 3 3 -1 -1 -1 -1 -1 -1 -1 -1 -1 -1 -1 3 3 3
3 3 -1 -1 -1 -1 -1 -1 -1 -1 -1 -1 -1 -1 -1 3 3
3 3 -1 -1 -1 -1 -1 -1 -1 -1 -1 -1 -1 -1 -1 3 3
3 -1 -1 -1 -1 -1 -1 -1 -1 -1 -1 -1 -1 -1 -1 -1 3
3 -1 -1 -1 -1 -1 -1 -1 -1 -1 -1 -1 -1 -1 -1 -1 3
3 -1 -1 -1 -1 -1 -1 -1 -1 -1 -1 -1 -1 -1 -1 -1 3
-1 0 0 0 0 0 0 0 0 0 0 0 0 0 0 0 0
3 0 -1 -1 -1 -1 -1 -1 -1 -1 -1 -1 -1 -1 -1 -1 3
3 0 -1 -1 -1 -1 -1 -1 -1 -1 0 0 0 0 0 0 3
3 0 -1 -1 -1 -1 -1 -1 -1 -1 0 0 0 0 0 0 3
3 3 -1 -1 -1 -1 -1 -1 -1 -1 0 0 0 0 0 3 3
3 3 -1 -1 -1 -1 -1 -1 -1 -1 0 0 0 0 0 3 3
3 3 3 -1 -1 -1 -1 -1 -1 -1 0 0 0 0 3 3 3
3 3 3 3 3 -1 -1 -1 -1 -1 0 0 3 3 3 3 3
3 3 3 3 3 3 3 3 -1 3 3 3 3 3 3 3 3
17:16:39.561393 - stdout  :: 0 0
17:16:39.564378 - stdin   :: 1 30 0 3
1 30
3 3 3 3 3 3 3 3 -1 3 3 3 3 3 3 3 3
3 3 3 3 3 -1 -1 -1 -1 -1 -1 -1 3 3 3 3 3
3 3 3 -1 -1 -1 -1 -1 -1 -1 -1 -1 -1 -1 3 3 3
3 3 -1 -1 -1 -1 -1 -1 -1 -1 -1 -1 -1 -1 -1 3 3
3 3 -1 -1 -1 -1 -1 -1 -1 -1 -1 -1 -1 -1 -1 3 3
3 -1 -1 -1 -1 -1 -1 -1 -1 -1 -1 -1 -1 -1 -1 -1 3
3 -1 -1 -1 -1 -1 -1 -1 -1 -1 -1 -1 -1 -1 -1 -1 3
3 -1 -1 -1 -1 -1 -1 -1 -1 -1 -1 -1 -1 -1 -1 -1 3
0 0 0 0 0 0 0 0 0 0 0 0 0 0 0 0 0
3 -1 -1 -1 -1 -1 -1 -1 -1 -1 -1 -1 -1 -1 -1 -1 3
3 -1 -1 -1 -1 -1 -1 0 0 0 0 0 0 0 0 0 3
3 -1 -1 -1 -1 -1 -1 0 0 0 0 0 0 0 0 0 3
3 3 -1 -1 -1 -1 -1 0 0 0 0 0 0 0 0 3 3
3 3 -1 -1 -1 -1 -1 0 0 0 0 0 0 0 0 3 3
3 3 3 -1 -1 -1 -1 0 0 0 0 0 0 0 3 3 3
3 3 3 3 3 -1 -1 0 0 0 0 0 3 3 3 3 3
3 3 3 3 3 3 3 3 -1 3 3 3 3 3 3 3 3
17:16:39.569693 - stdout  :: 0 0
17:16:39.572606 - stdin   :: 1 33 0 3
1 33
3 3 3 3 3 3 3 3 -1 3 3 3 3 3 3 3 3
3 3 3 3 3 -1 -1 -1 -1 -1 -1 -1 3 3 3 3 3
3 3 3 -1 -1 -1 -1 -1 -1 -1 -1 -1 -1 -1 3 3 3
3 3 -1 -1 -1 -1 -1 -1 -1 -1 -1 -1 -1 -1 -1 3 3
3 3 -1 -1 -1 -1 -1 -1 -1 -1 -1 -1 -1 -1 -1 3 3
3 -1 -1 -1 -1 -1 -1 -1 -1 -1 -1 -1 -1 -1 -1 -1 3
3 -1 -1 -1 -1 -1 -1 -1 -1 -1 -1 -1 -1 -1 -1 -1 3
3 -1 -1 -1 -1 -1 -1 -1 -1 -1 -1 -1 -1 -1 -1 -1 3
0 0 0 0 0 0 0 0 0 0 0 0 0 0 0 0 0
3 -1 -1 -1 -1 -1 -1 -1 -1 -1 -1 -1 -1 -1 -1 -1 3
3 -1 -1 -1 0 0 0 0 0 0 0 0 0 0 0 0 3
3 -1 -1 -1 0 0 0 0 0 0 0 0 0 0 0 0 3
3 3 -1 -1 0 0 0 0 0 0 0 0 0 0 0 3 3
3 3 -1 -1 0 0 0 0 0 0 0 0 0 0 0 3 3
3 3 3 -1 0 0 0 0 0 0 0 0 0 0 3 3 3
3 3 3 3 3 0 0 0 0 0 0 0 3 3 3 3 3
3 3 3 3 3 3 3 3 0 3 3 3 3 3 3 3 3
17:16:39.579119 - stdout  :: 0 0
17:16:39.582252 - stdin   :: 1 36 0 3
1 36
3 3 3 3 3 3 3 3 -1 3 3 3 3 3 3 3 3
3 3 3 3 3 -1 -1 -1 -1 -1 -1 -1 3 3 3 3 3
3 3 3 -1 -1 -1 -1 -1 -1 -1 -1 -1 -1 -1 3 3 3
3 3 -1 -1 -1 -1 -1 -1 -1 -1 -1 -1 -1 -1 -1 3 3
3 3 -1 -1 -1 -1 -1 -1 -1 -1 -1 -1 -1 -1 -1 3 3
3 -1 -1 -1 -1 -1 -1 -1 -1 -1 -1 -1 -1 -1 -1 -1 3
3 -1 -1 -1 -1 -1 -1 -1 -1 -1 -1 -1 -1 -1 -1 -1 3
3 -1 -1 -1 -1 -1 -1 -1 -1 -1 -1 -1 -1 -1 -1 -1 3
0 0 0 0 0 0 0 0 0 0 0 0 0 0 0 0 0
3 -1 -1 -1 -1 -1 -1 -1 -1 -1 -1 -1 -1 -1 -1 -1 3
3 0 0 0 0 0 0 0 0 0 0 0 0 -1 -1 -1 3
3 0 0 0 0 0 0 0 0 0 0 0 0 -1 -1 -1 3
3 3 0 0 0 0 0 0 0 0 0 0 0 -1 -1 3 3
3 3 0 0 0 0 0 0 0 0 0 0 0 -1 -1 3 3
3 3 3 0 0 0 0 0 0 0 0 0 0 -1 3 3 3
3 3 3 3 3 0 0 0 0 0 0 0 3 3 3 3 3
3 3 3 3 3 3 3 3 0 3 3 3 3 3 3 3 3
17:16:39.592663 - stdout  :: 0 0
17:16:39.595285 - stdin   :: 1 39 0 3
1 39
3 3 3 3 3 3 3 3 -1 3 3 3 3 3 3 3 3
3 3 3 3 3 -1 -1 -1 -1 -1 -1 -1 3 3 3 3 3
3 3 3 -1 -1 -1 -1 -1 -1 -1 -1 -1 -1 -1 3 3 3
3 3 -1 -1 -1 -1 -1 -1 -1 -1 -1 -1 -1 -1 -1 3 3
3 3 -1 -1 -1 -1 -1 -1 -1 -1 -1 -1 -1 -1 -1 3 3
3 -1 -1 -1 -1 -1 -1 -1 -1 -1 -1 -1 -1 -1 -1 -1 3
3 -1 -1 -1 -1 -1 -1 -1 -1 -1 -1 -1 -1 -1 -1 -1 3
3 -1 -1 -1 -1 -1 -1 -1 -1 -1 -1 -1 -1 -1 -1 -1 3
0 0 0 0 0 0 0 0 0 0 0 0 0 0 0 0 0
3 -1 -1 -1 -1 -1 -1 -1 -1 -1 -1 -1 -1 -1 -1 -1 3
3 0 0 0 0 0 0 0 0 0 -1 -1 -1 -1 -1 -1 3
3 0 0 0 0 0 0 0 0 0 -1 -1 -1 -1 -1 -1 3
3 3 0 0 0 0 0 0 0 0 -1 -1 -1 -1 -1 3 3
3 3 0 0 0 0 0 0 0 0 -1 -1 -1 -1 -1 3 3
3 3 3 0 0 0 0 0 0 0 -1 -1 -1 -1 3 3 3
3 3 3 3 3 0 0 0 0 0 -1 -1 3 3 3 3 3
3 3 3 3 3 3 3 3 0 3 3 3 3 3 3 3 3
17:16:39.608631 - stdout  :: 0 0
17:16:39.611293 - stdin   :: 1 42 0 3
1 42
3 3 3 3 3 3 3 3 -1 3 3 3 3 3 3 3 3
3 3 3 3 3 -1 -1 -1 -1 -1 -1 -1 3 3 3 3 3
3 3 3 -1 -1 -1 -1 -1 -1 -1 -1 -1 -1 -1 3 3 3
3 3 -1 -1 -1 -1 -1 -1 -1 -1 -1 -1 -1 -1 -1 3 3
3 3 -1 -1 -1 -1 -1 -1 -1 -1 -1 -1 -1 -1 -1 3 3
3 -1 -1 -1 -1 -1 -1 -1 -1 -1 -1 -1 -1 -1 -1 -1 3
3 -1 -1 -1 -1 -1 -1 -1 -1 -1 -1 -1 -1 -1 -1 -1 3
3 -1 -1 -1 -1 -1 -1 -1 -1 -1 -1 -1 -1 -1 -1 -1 3
0 0 0 0 0 0 0 0 0 0 0 0 0 0 0 0 0
3 -1 -1 -1 -1 -1 -1 -1 -1 -1 -1 -1 -1 -1 -1 -1 3
3 0 0 0 0 0 0 -1 -1 -1 -1 -1 -1 -1 -1 -1 3
3 0 0 0 0 0 0 -1 -1 -1 -1 -1 -1 -1 -1 -1 3
3 3 0 0 0 0 0 -1 -1 -1 -1 -1 -1 -1 -1 3 3
3 3 0 0 0 0 0 -1 -1 -1 -1 -1 -1 -1 -1 3 3
3 3 3 0 0 0 0 -1 -1 -1 -1 -1 -1 -1 3 3 3
3 3 3 3 3 0 0 -1 -1 -1 -1 -1 3 3 3 3 3
3 3 3 3 3 3 3 3 -1 3 3 3 3 3 3 3 3
17:16:39.625911 - stdout  :: 0 0
17:16:39.628391 - stdin   :: 1 45 0 3
1 45
3 3 3 3 3 3 3 3 -1 3 3 3 3 3 3 3 3
3 3 3 3 3 -1 -1 -1 -1 -1 -1 -1 3 3 3 3 3
3 3 3 -1 -1 -1 -1 -1 -1 -1 -1 -1 -1 -1 3 3 3
3 3 -1 -1 -1 -1 -1 -1 -1 -1 -1 -1 -1 -1 -1 3 3
3 3 -1 -1 -1 -1 -1 -1 -1 -1 -1 -1 -1 -1 -1 3 3
3 -1 -1 -1 -1 -1 -1 -1 -1 -1 -1 -1 -1 -1 -1 -1 3
3 -1 -1 -1 -1 -1 -1 -1 -1 -1 -1 -1 -1 -1 -1 -1 3
3 -1 -1 -1 -1 -1 -1 -1 -1 -1 -1 -1 -1 -1 -1 -1 3
0 0 0 0 0 0 0 0 0 0 0 0 0 0 0 0 0
3 -1 -1 -1 -1 -1 -1 -1 -1 -1 -1 -1 -1 -1 -1 -1 3
3 0 0 0 -1 -1 -1 -1 -1 -1 -1 -1 -1 -1 -1 -1 3
3 0 0 0 -1 -1 -1 -1 -1 -1 -1 -1 -1 -1 -1 -1 3
3 3 0 0 -1 -1 -1 -1 -1 -1 -1 -1 -1 -1 -1 3 3
3 3 0 0 -1 -1 -1 -1 -1 -1 -1 -1 -1 -1 -1 3 3
3 3 3 0 -1 -1 -1 -1 -1 -1 -1 -1 -1 -1 3 3 3
3 3 3 3 3 -1 -1 -1 -1 -1 -1 -1 3 3 3 3 3
3 3 3 3 3 3 3 3 -1 3 3 3 3 3 3 3 3
17:16:39.644250 - stdout  :: 0 0
17:16:39.646982 - stdin   :: 1 48 0 3
1 48
3 3 3 3 3 3 3 3 -1 3 3 3 3 3 3 3 3
3 3 3 3 3 -1 -1 -1 -1 -1 -1 -1 3 3 3 3 3
3 3 3 -1 -1 -1 -1 -1 -1 -1 -1 -1 -1 -1 3 3 3
3 3 -1 -1 -1 -1 -1 -1 -1 -1 -1 -1 -1 -1 -1 3 3
3 3 -1 -1 -1 -1 -1 -1 -1 -1 -1 -1 -1 -1 -1 3 3
3 -1 -1 -1 -1 -1 -1 -1 -1 -1 -1 -1 -1 -1 -1 -1 3
3 -1 -1 -1 -1 -1 -1 -1 -1 -1 -1 -1 -1 -1 -1 -1 3
3 -1 -1 -1 -1 -1 -1 -1 -1 -1 -1 -1 -1 -1 -1 -1 3
0 0 0 0 0 0 0 0 0 0 0 0 0 0 0 0 0
3 -1 -1 -1 -1 -1 -1 -1 -1 -1 -1 -1 -1 -1 -1 -1 3
3 -1 -1 -1 -1 -1 -1 -1 -1 -1 -1 -1 -1 -1 -1 -1 3
3 -1 -1 -1 -1 -1 -1 -1 -1 -1 -1 -1 -1 -1 -1 -1 3
3 3 -1 -1 -1 -1 -1 -1 -1 -1 -1 -1 -1 -1 -1 3 3
3 3 -1 -1 -1 -1 -1 -1 -1 -1 -1 -1 -1 -1 -1 3 3
3 3 3 -1 -1 -1 -1 -1 -1 -1 -1 -1 -1 -1 3 3 3
3 3 3 3 3 -1 -1 -1 -1 -1 -1 -1 3 3 3 3 3
3 3 3 3 3 3 3 3 -1 3 3 3 3 3 3 3 3
17:16:39.672086 - stdout  :: 0 0
17:16:39.674789 - stdin   :: 1 51 0 3
1 51
3 3 3 3 3 3 3 3 -1 3 3 3 3 3 3 3 3
3 3 3 3 3 -1 -1 -1 -1 -1 -1 -1 3 3 3 3 3
3 3 3 -1 -1 -1 -1 -1 -1 -1 -1 -1 -1 -1 3 3 3
3 3 -1 -1 -1 -1 -1 -1 -1 -1 -1 -1 -1 -1 -1 3 3
3 3 -1 -1 -1 -1 -1 -1 -1 -1 -1 -1 -1 -1 -1 3 3
3 -1 -1 -1 -1 -1 -1 -1 -1 -1 -1 -1 -1 -1 -1 -1 3
3 -1 -1 -1 -1 -1 -1 -1 -1 -1 -1 -1 -1 -1 -1 -1 3
3 -1 -1 -1 -1 -1 -1 -1 -1 -1 -1 -1 -1 -1 -1 -1 3
0 0 0 0 0 0 0 0 0 0 0 0 0 0 0 -1 -1
3 -1 -1 -1 -1 -1 -1 -1 -1 -1 -1 -1 -1 -1 0 -1 3
3 -1 -1 -1 -1 -1 -1 -1 -1 -1 -1 -1 -1 -1 0 -1 3
3 -1 -1 -1 -1 -1 -1 -1 -1 -1 -1 -1 -1 -1 0 -1 3
3 3 -1 -1 -1 -1 -1 -1 -1 -1 -1 -1 -1 -1 0 3 3
3 3 -1 -1 -1 -1 -1 -1 -1 -1 -1 -1 -1 -1 0 3 3
3 3 3 -1 -1 -1 -1 -1 -1 -1 -1 -1 -1 -1 3 3 3
3 3 3 3 3 -1 -1 -1 -1 -1 -1 -1 3 3 3 3 3
3 3 3 3 3 3 3 3 -1 3 3 3 3 3 3 3 3
17:16:39.694283 - stdout  :: 0 0
17:16:39.696767 - stdin   :: 1 54 0 3
1 54
3 3 3 3 3 3 3 3 -1 3 3 3 3 3 3 3 3
3 3 3 3 3 -1 -1 -1 -1 -1 -1 -1 3 3 3 3 3
3 3 3 -1 -1 -1 -1 -1 -1 -1 -1 -1 -1 -1 3 3 3
3 3 -1 -1 -1 -1 -1 -1 -1 -1 -1 -1 -1 -1 -1 3 3
3 3 -1 -1 -1 -1 -1 -1 -1 -1 -1 -1 -1 -1 -1 3 3
3 -1 -1 -1 -1 -1 -1 -1 -1 -1 -1 -1 -1 -1 -1 -1 3
3 -1 -1 -1 -1 -1 -1 -1 -1 -1 -1 -1 -1 -1 -1 -1 3
3 -1 -1 -1 -1 -1 -1 -1 -1 -1 -1 -1 -1 -1 -1 -1 3
0 0 0 0 0 0 0 0 0 0 0 0 -1 -1 -1 -1 -1
3 -1 -1 -1 -1 -1 -1 -1 -1 -1 -1 0 -1 -1 -1 -1 3
3 -1 -1 -1 -1 -1 -1 -1 -1 -1 -1 0 -1 -1 -1 -1 3
3 -1 -1 -1 -1 -1 -1 -1 -1 -1 -1 0 -1 -1 -1 -1 3
3 3 -1 -1 -1 -1 -1 -1 -1 -1 -1 0 -1 -1 -1 3 3
3 3 -1 -1 -1 -1 -1 -1 -1 -1 -1 0 -1 -1 -1 3 3
3 3 3 -1 -1 -1 -1 -1 -1 -1 -1 0 -1 -1 3 3 3
3 3 3 3 3 -1 -1 -1 -1 -1 -1 0 3 3 3 3 3
3 3 3 3 3 3 3 3 -1 3 3 3 3 3 3 3 3
17:16:39.715610 - stdout  :: 1 0
17:16:39.718214 - stdin   :: 2 57 1 3
2 57
3 3 3 3 3 3 3 3 -1 3 3 3 3 3 3 3 3
3 3 3 3 3 -1 -1 -1 -1 -1 -1 -1 3 3 3 3 3
3 3 3 -1 -1 -1 -1 -1 -1 -1 -1 -1 -1 -1 3 3 3
3 3 -1 -1 -1 -1 -1 -1 -1 -1 -1 -1 -1 -1 -1 3 3
3 3 -1 -1 -1 -1 -1 -1 -1 -1 -1 -1 -1 -1 -1 3 3
3 -1 -1 -1 -1 -1 -1 -1 -1 -1 -1 -1 -1 -1 -1 -1 3
3 -1 -1 -1 -1 -1 -1 -1 -1 -1 -1 -1 -1 -1 -1 -1 3
3 0 0 0 0 0 0 0 0 -1 -1 -1 -1 -1 -1 -1 3
-1 -1 -1 -1 -1 -1 -1 -1 0 -1 -1 -1 -1 -1 -1 -1 -1
3 -1 -1 -1 -1 -1 -1 -1 0 -1 -1 -1 -1 -1 -1 -1 3
3 -1 -1 -1 -1 -1 -1 -1 0 -1 -1 -1 -1 -1 -1 -1 3
3 -1 -1 -1 -1 -1 -1 -1 0 -1 -1 -1 -1 -1 -1 -1 3
3 3 -1 -1 -1 -1 -1 -1 0 -1 -1 -1 -1 -1 -1 3 3
3 3 -1 -1 -1 -1 -1 -1 0 -1 -1 -1 -1 -1 -1 3 3
3 3 3 -1 -1 -1 -1 -1 0 -1 -1 -1 -1 -1 3 3 3
3 3 3 3 3 -1 -1 -1 0 -1 -1 -1 3 3 3 3 3
3 3 3 3 3 3 3 3 0 3 3 3 3 3 3 3 3
17:16:39.737639 - stdout  :: -1 -1
17:16:39.740197 - stdin   :: 2 57 0 0
2 57
3 3 3 3 3 3 3 3 -1 3 3 3 3 3 3 3 3
3 3 3 3 3 -1 -1 -1 -1 -1 -1 -1 3 3 3 3 3
3 3 3 -1 -1 -1 -1 -1 -1 -1 -1 -1 -1 -1 3 3 3
3 3 -1 -1 -1 -1 -1 -1 -1 -1 -1 -1 -1 -1 -1 3 3
3 3 -1 -1 -1 -1 -1 -1 -1 -1 -1 -1 -1 -1 -1 3 3
3 -1 -1 -1 -1 -1 -1 -1 -1 -1 -1 -1 -1 -1 -1 -1 3
3 -1 -1 -1 -1 -1 -1 -1 -1 -1 -1 -1 -1 -1 -1 -1 3
3 0 0 0 0 0 0 0 0 -1 -1 -1 -1 -1 -1 -1 3
-1 -1 -1 -1 -1 -1 -1 -1 0 -1 -1 -1 -1 -1 -1 -1 -1
3 -1 -1 -1 -1 -1 -1 -1 0 -1 -1 -1 -1 -1 -1 -1 3
3 -1 -1 -1 -1 -1 -1 -1 0 -1 -1 -1 -1 -1 -1 -1 3
3 -1 -1 -1 -1 -1 -1 -1 0 -1 -1 -1 -1 -1 -1 -1 3
3 3 -1 -1 -1 -1 -1 -1 0 -1 -1 -1 -1 -1 -1 3 3
3 3 -1 -1 -1 -1 -1 -1 0 -1 -1 -1 -1 -1 -1 3 3
3 3 3 -1 -1 -1 -1 -1 0 -1 -1 -1 -1 -1 3 3 3
3 3 3 3 3 -1 -1 -1 0 -1 -1 -1 3 3 3 3 3
3 3 3 3 3 3 3 3 0 3 3 3 3 3 3 3 3
17:16:39.759795 - stdout  :: 1 0
17:16:39.762336 - stdin   :: 3 57 1 0
3 57
3 3 3 3 3 3 3 3 -1 3 3 3 3 3 3 3 3
3 3 3 3 3 -1 -1 -1 -1 -1 -1 -1 3 3 3 3 3
3 3 3 -1 -1 -1 -1 -1 -1 -1 -1 -1 -1 -1 3 3 3
3 3 -1 -1 -1 -1 -1 -1 -1 -1 -1 -1 -1 -1 -1 3 3
3 3 -1 -1 -1 -1 -1 -1 -1 -1 -1 -1 -1 -1 -1 3 3
3 -1 -1 -1 -1 -1 -1 -1 -1 -1 -1 -1 -1 -1 -1 -1 3
3 0 0 0 0 0 0 0 0 -1 -1 -1 -1 -1 -1 -1 3
3 -1 -1 -1 -1 -1 -1 -1 0 -1 -1 -1 -1 -1 -1 -1 3
-1 -1 -1 -1 -1 -1 -1 -1 0 -1 -1 -1 -1 -1 -1 -1 -1
3 -1 -1 -1 -1 -1 -1 -1 0 -1 -1 -1 -1 -1 -1 -1 3
3 -1 -1 -1 -1 -1 -1 -1 0 -1 -1 -1 -1 -1 -1 -1 3
3 -1 -1 -1 -1 -1 -1 -1 0 -1 -1 -1 -1 -1 -1 -1 3
3 3 -1 -1 -1 -1 -1 -1 0 -1 -1 -1 -1 -1 -1 3 3
3 3 -1 -1 -1 -1 -1 -1 0 -1 -1 -1 -1 -1 -1 3 3
3 3 3 -1 -1 -1 -1 -1 0 -1 -1 -1 -1 -1 3 3 3
3 3 3 3 3 -1 -1 -1 0 -1 -1 -1 3 3 3 3 3
3 3 3 3 3 3 3 3 0 3 3 3 3 3 3 3 3
17:16:39.782656 - stdout  :: 1 0
17:16:39.785025 - stdin   :: 5 57 2 0
5 57
3 3 3 3 3 3 3 3 -1 3 3 3 3 3 3 3 3
3 3 3 3 3 -1 -1 -1 -1 -1 -1 -1 3 3 3 3 3
3 3 3 -1 -1 -1 -1 -1 -1 -1 -1 -1 -1 -1 3 3 3
3 3 -1 -1 -1 -1 -1 -1 -1 -1 -1 -1 -1 -1 -1 3 3
3 3 0 0 0 0 0 0 0 -1 -1 -1 -1 -1 -1 3 3
3 -1 -1 -1 -1 -1 -1 -1 0 -1 -1 -1 -1 -1 -1 -1 3
3 -1 -1 -1 -1 -1 -1 -1 0 -1 -1 -1 -1 -1 -1 -1 3
3 -1 -1 -1 -1 -1 -1 -1 0 -1 -1 -1 -1 -1 -1 -1 3
-1 -1 -1 -1 -1 -1 -1 -1 0 -1 -1 -1 -1 -1 -1 -1 -1
3 -1 -1 -1 -1 -1 -1 -1 0 -1 -1 -1 -1 -1 -1 -1 3
3 -1 -1 -1 -1 -1 -1 -1 0 -1 -1 -1 -1 -1 -1 -1 3
3 -1 -1 -1 -1 -1 -1 -1 0 -1 -1 -1 -1 -1 -1 -1 3
3 3 -1 -1 -1 -1 -1 -1 0 -1 -1 -1 -1 -1 -1 3 3
3 3 -1 -1 -1 -1 -1 -1 0 -1 -1 -1 -1 -1 -1 3 3
3 3 3 -1 -1 -1 -1 -1 0 -1 -1 -1 -1 -1 3 3 3
3 3 3 3 3 -1 -1 -1 0 -1 -1 -1 3 3 3 3 3
3 3 3 3 3 3 3 3 0 3 3 3 3 3 3 3 3
17:16:39.807326 - stdout  :: 1 0
17:16:39.809941 - stdin   :: 8 57 3 0
8 57
3 3 3 3 3 3 3 3 -1 3 3 3 3 3 3 3 3
3 3 3 3 3 0 0 0 0 -1 -1 -1 3 3 3 3 3
3 3 3 -1 -1 -1 -1 -1 0 -1 -1 -1 -1 -1 3 3 3
3 3 -1 -1 -1 -1 -1 -1 0 -1 -1 -1 -1 -1 -1 3 3
3 3 -1 -1 -1 -1 -1 -1 0 -1 -1 -1 -1 -1 -1 3 3
3 -1 -1 -1 -1 -1 -1 -1 0 -1 -1 -1 -1 -1 -1 -1 3
3 -1 -1 -1 -1 -1 -1 -1 0 -1 -1 -1 -1 -1 -1 -1 3
3 -1 -1 -1 -1 -1 -1 -1 0 -1 -1 -1 -1 -1 -1 -1 3
-1 -1 -1 -1 -1 -1 -1 -1 0 -1 -1 -1 -1 -1 -1 -1 -1
3 -1 -1 -1 -1 -1 -1 -1 0 -1 -1 -1 -1 -1 -1 -1 3
3 -1 -1 -1 -1 -1 -1 -1 0 -1 -1 -1 -1 -1 -1 -1 3
3 -1 -1 -1 -1 -1 -1 -1 0 -1 -1 -1 -1 -1 -1 -1 3
3 3 -1 -1 -1 -1 -1 -1 0 -1 -1 -1 -1 -1 -1 3 3
3 3 -1 -1 -1 -1 -1 -1 0 -1 -1 -1 -1 -1 -1 3 3
3 3 3 -1 -1 -1 -1 -1 0 -1 -1 -1 -1 -1 3 3 3
3 3 3 3 3 -1 -1 -1 0 -1 -1 -1 3 3 3 3 3
3 3 3 3 3 3 3 3 0 3 3 3 3 3 3 3 3
17:16:39.833248 - stdout  :: 0 0
17:16:39.836123 - stdin   :: 11 57 3 0
11 57
3 3 3 3 3 3 3 3 0 3 3 3 3 3 3 3 3
3 3 3 3 3 -1 -1 -1 0 -1 -1 -1 3 3 3 3 3
3 3 3 -1 -1 -1 -1 -1 0 -1 -1 -1 -1 -1 3 3 3
3 3 -1 -1 -1 -1 -1 -1 0 -1 -1 -1 -1 -1 -1 3 3
3 3 -1 -1 -1 -1 -1 -1 0 -1 -1 -1 -1 -1 -1 3 3
3 -1 -1 -1 -1 -1 -1 -1 0 -1 -1 -1 -1 -1 -1 -1 3
3 -1 -1 -1 -1 -1 -1 -1 0 -1 -1 -1 -1 -1 -1 -1 3
3 -1 -1 -1 -1 -1 -1 -1 0 -1 -1 -1 -1 -1 -1 -1 3
-1 -1 -1 -1 -1 -1 -1 -1 0 -1 -1 -1 -1 -1 -1 -1 -1
3 -1 -1 -1 -1 -1 -1 -1 0 -1 -1 -1 -1 -1 -1 -1 3
3 -1 -1 -1 -1 -1 -1 -1 0 -1 -1 -1 -1 -1 -1 -1 3
3 -1 -1 -1 -1 -1 -1 -1 0 -1 -1 -1 -1 -1 -1 -1 3
3 3 -1 -1 -1 -1 -1 -1 0 -1 -1 -1 -1 -1 -1 3 3
3 3 -1 -1 -1 -1 -1 -1 0 -1 -1 -1 -1 -1 -1 3 3
3 3 3 0 0 0 -1 -1 0 -1 -1 -1 -1 -1 3 3 3
3 3 3 3 3 0 -1 -1 0 -1 -1 -1 3 3 3 3 3
3 3 3 3 3 3 3 3 0 3 3 3 3 3 3 3 3
17:16:39.858674 - stdout  :: 0 0
17:16:39.861291 - stdin   :: 14 57 3 0
14 57
3 3 3 3 3 3 3 3 0 3 3 3 3 3 3 3 3
3 3 3 3 3 -1 -1 -1 0 -1 -1 -1 3 3 3 3 3
3 3 3 -1 -1 -1 -1 -1 0 -1 -1 -1 -1 -1 3 3 3
3 3 -1 -1 -1 -1 -1 -1 0 -1 -1 -1 -1 -1 -1 3 3
3 3 -1 -1 -1 -1 -1 -1 0 -1 -1 -1 -1 -1 -1 3 3
3 -1 -1 -1 -1 -1 -1 -1 0 -1 -1 -1 -1 -1 -1 -1 3
3 -1 -1 -1 -1 -1 -1 -1 0 -1 -1 -1 -1 -1 -1 -1 3
3 -1 -1 -1 -1 -1 -1 -1 0 -1 -1 -1 -1 -1 -1 -1 3
-1 -1 -1 -1 -1 -1 -1 -1 0 -1 -1 -1 -1 -1 -1 -1 -1
3 -1 -1 -1 -1 -1 -1 -1 0 -1 -1 -1 -1 -1 -1 -1 3
3 -1 -1 -1 -1 -1 -1 -1 0 -1 -1 -1 -1 -1 -1 -1 3
3 0 -1 0 0 0 -1 -1 0 -1 -1 -1 -1 -1 -1 -1 3
3 3 -1 0 -1 0 -1 -1 0 -1 -1 -1 -1 -1 -1 3 3
3 3 0 0 -1 0 0 0 0 -1 -1 -1 -1 -1 -1 3 3
3 3 3 0 -1 0 -1 -1 0 -1 -1 -1 -1 -1 3 3 3
3 3 3 3 3 0 -1 -1 0 -1 -1 -1 3 3 3 3 3
3 3 3 3 3 3 3 3 0 3 3 3 3 3 3 3 3
17:16:39.883640 - stdout  :: 0 0
17:16:39.886228 - stdin   :: 17 57 3 0
17 57
3 3 3 3 3 3 3 3 0 3 3 3 3 3 3 3 3
3 3 3 3 3 -1 -1 -1 0 -1 -1 -1 3 3 3 3 3
3 3 3 -1 -1 -1 -1 -1 0 -1 -1 -1 -1 -1 3 3 3
3 3 -1 -1 -1 -1 -1 -1 0 -1 -1 -1 -1 -1 -1 3 3
3 3 -1 -1 -1 -1 -1 -1 0 -1 -1 -1 -1 -1 -1 3 3
3 -1 -1 -1 -1 -1 -1 -1 0 -1 -1 -1 -1 -1 -1 -1 3
3 -1 -1 -1 -1 -1 -1 -1 0 -1 -1 -1 -1 -1 -1 -1 3
3 -1 -1 -1 -1 -1 -1 -1 0 -1 -1 -1 -1 -1 -1 -1 3
0 0 -1 0 0 0 -1 -1 0 -1 -1 -1 -1 -1 -1 -1 -1
3 0 -1 0 -1 0 -1 -1 0 -1 -1 -1 -1 -1 -1 -1 3
3 0 0 0 -1 0 0 0 0 -1 -1 -1 -1 -1 -1 -1 3
3 0 -1 0 -1 0 -1 -1 0 -1 -1 -1 -1 -1 -1 -1 3
3 3 -1 0 0 0 -1 -1 0 -1 -1 -1 -1 -1 -1 3 3
3 3 -1 -1 -1 -1 -1 -1 0 -1 -1 -1 -1 -1 -1 3 3
3 3 3 -1 -1 -1 -1 -1 0 -1 -1 -1 -1 -1 3 3 3
3 3 3 3 3 -1 -1 -1 0 -1 -1 -1 3 3 3 3 3
3 3 3 3 3 3 3 3 0 3 3 3 3 3 3 3 3
17:16:39.907954 - stdout  :: -1 -1
17:16:39.910588 - stdin   :: 19 56 2 -1
19 56
3 3 3 3 3 3 3 3 -1 3 3 3 3 3 3 3 3
3 3 3 3 3 -1 -1 -1 -1 0 -1 -1 3 3 3 3 3
3 3 3 -1 -1 -1 -1 -1 -1 0 -1 -1 -1 -1 3 3 3
3 3 -1 -1 -1 -1 -1 -1 -1 0 -1 -1 -1 -1 -1 3 3
3 3 -1 -1 -1 -1 -1 -1 -1 0 -1 -1 -1 -1 -1 3 3
3 -1 -1 -1 -1 -1 -1 -1 -1 0 -1 -1 -1 -1 -1 -1 3
3 0 0 -1 0 0 0 -1 -1 0 -1 -1 -1 -1 -1 -1 3
3 -1 0 -1 0 -1 0 -1 -1 0 -1 -1 -1 -1 -1 -1 3
0 -1 0 0 0 -1 0 0 0 0 -1 -1 -1 -1 -1 -1 -1
3 -1 0 -1 0 -1 0 -1 -1 0 -1 -1 -1 -1 -1 -1 3
3 -1 0 -1 0 0 0 -1 -1 0 -1 -1 -1 -1 -1 -1 3
3 0 0 -1 -1 -1 -1 -1 -1 0 -1 -1 -1 -1 -1 -1 3
3 3 -1 -1 -1 -1 -1 -1 -1 0 -1 -1 -1 -1 -1 3 3
3 3 -1 -1 -1 -1 -1 -1 -1 0 -1 -1 -1 -1 -1 3 3
3 3 3 -1 -1 -1 -1 -1 -1 0 -1 -1 -1 -1 3 3 3
3 3 3 3 3 -1 -1 -1 -1 0 -1 -1 3 3 3 3 3
3 3 3 3 3 3 3 3 -1 3 3 3 3 3 3 3 3
17:16:39.932156 - stdout  :: -1 -1
17:16:39.934755 - stdin   :: 20 54 1 -2
20 54
3 3 3 3 3 3 3 3 -1 3 3 3 3 3 3 3 3
3 3 3 3 3 -1 -1 -1 -1 -1 -1 0 3 3 3 3 3
3 3 3 -1 -1 -1 -1 -1 -1 -1 -1 0 -1 -1 3 3 3
3 3 -1 -1 -1 -1 -1 -1 -1 -1 -1 0 -1 -1 -1 3 3
3 3 -1 -1 -1 -1 -1 -1 -1 -1 -1 0 -1 -1 -1 3 3
3 -1 0 0 0 -1 0 0 0 -1 -1 0 -1 -1 -1 -1 3
3 -1 0 -1 0 -1 0 -1 0 -1 -1 0 -1 -1 -1 -1 3
3 -1 0 -1 0 0 0 -1 0 0 0 0 -1 -1 -1 -1 3
0 0 0 -1 0 -1 0 -1 0 -1 -1 0 -1 -1 -1 -1 -1
3 -1 0 -1 0 -1 0 0 0 -1 -1 0 -1 -1 -1 -1 3
3 -1 0 0 0 -1 -1 -1 -1 -1 -1 0 -1 -1 -1 -1 3
3 -1 0 -1 -1 -1 -1 -1 -1 -1 -1 0 -1 -1 -1 -1 3
3 3 0 -1 -1 -1 -1 -1 -1 -1 -1 0 -1 -1 -1 3 3
3 3 -1 -1 -1 -1 -1 -1 -1 -1 -1 0 -1 -1 -1 3 3
3 3 3 -1 -1 -1 -1 -1 -1 -1 -1 0 -1 -1 3 3 3
3 3 3 3 3 -1 -1 -1 -1 -1 -1 0 3 3 3 3 3
3 3 3 3 3 3 3 3 -1 3 3 3 3 3 3 3 3
17:16:39.955339 - stdout  :: 0 1
17:16:39.975143 - stdin   :: 21 53 1 -1
21 53
3 3 3 3 3 3 3 3 -1 3 3 3 3 3 3 3 3
3 3 3 3 3 -1 -1 -1 -1 -1 -1 -1 3 3 3 3 3
3 3 3 -1 -1 -1 -1 -1 -1 -1 -1 -1 0 -1 3 3 3
3 3 -1 -1 -1 -1 -1 -1 -1 -1 -1 -1 0 -1 -1 3 3
3 3 -1 0 0 0 -1 0 0 0 -1 -1 0 -1 -1 3 3
3 0 -1 0 -1 0 -1 0 -1 0 -1 -1 0 -1 -1 -1 3
3 0 -1 0 -1 0 0 0 -1 0 0 0 0 -1 -1 -1 3
3 0 0 0 -1 0 -1 0 -1 0 -1 -1 0 -1 -1 -1 3
0 0 -1 0 -1 0 -1 0 0 0 -1 -1 0 -1 -1 -1 -1
3 0 -1 0 0 0 -1 -1 -1 -1 -1 -1 0 -1 -1 -1 3
3 0 -1 0 -1 -1 -1 -1 -1 -1 -1 -1 0 -1 -1 -1 3
3 0 -1 0 -1 -1 -1 -1 -1 -1 -1 -1 0 -1 -1 -1 3
3 3 0 -1 -1 -1 -1 -1 -1 -1 -1 -1 0 -1 -1 3 3
3 3 -1 -1 -1 -1 -1 -1 -1 -1 -1 -1 0 -1 -1 3 3
3 3 3 -1 -1 -1 -1 -1 -1 -1 -1 -1 0 -1 3 3 3
3 3 3 3 3 -1 -1 -1 -1 -1 -1 -1 3 3 3 3 3
3 3 3 3 3 3 3 3 -1 3 3 3 3 3 3 3 3
17:16:40.002196 - stdout  :: -1 0
17:16:40.005043 - stdin   :: 21 52 0 -1
21 52
3 3 3 3 3 3 3 3 -1 3 3 3 3 3 3 3 3
3 3 3 3 3 -1 -1 -1 -1 -1 -1 -1 3 3 3 3 3
3 3 3 -1 -1 -1 -1 -1 -1 -1 -1 -1 -1 0 3 3 3
3 3 -1 -1 -1 -1 -1 -1 -1 -1 -1 -1 -1 0 -1 3 3
3 3 0 -1 0 0 0 -1 0 0 0 -1 -1 0 -1 3 3
3 0 0 -1 0 -1 0 -1 0 -1 0 -1 -1 0 -1 -1 3
3 0 0 -1 0 -1 0 0 0 -1 0 0 0 0 -1 -1 3
3 0 0 0 0 -1 0 -1 0 -1 0 -1 -1 0 -1 -1 3
0 0 0 -1 0 -1 0 -1 0 0 0 -1 -1 0 -1 -1 -1
3 0 0 -1 0 0 0 -1 -1 -1 -1 -1 -1 0 -1 -1 3
3 0 0 -1 0 -1 -1 -1 -1 -1 -1 -1 -1 0 -1 -1 3
3 0 0 -1 0 -1 -1 -1 -1 -1 -1 -1 -1 0 -1 -1 3
3 3 0 0 -1 -1 -1 -1 -1 -1 -1 -1 -1 0 -1 3 3
3 3 0 -1 -1 -1 -1 -1 -1 -1 -1 -1 -1 0 -1 3 3
3 3 3 -1 -1 -1 -1 -1 -1 -1 -1 -1 -1 0 3 3 3
3 3 3 3 3 -1 -1 -1 -1 -1 -1 -1 3 3 3 3 3
3 3 3 3 3 3 3 3 -1 3 3 3 3 3 3 3 3
17:16:40.029372 - stdout  :: -1 1
17:16:40.032294 - stdin   :: 20 52 -1 0
20 52
3 3 3 3 3 3 3 3 -1 3 3 3 3 3 3 3 3
3 3 3 3 3 -1 -1 -1 -1 -1 -1 -1 3 3 3 3 3
3 3 3 -1 -1 -1 -1 -1 -1 -1 -1 -1 -1 0 3 3 3
3 3 -1 -1 -1 -1 -1 -1 -1 -1 -1 -1 -1 0 -1 3 3
3 3 -1 -1 -1 -1 -1 -1 -1 -1 -1 -1 -1 0 -1 3 3
3 -1 0 -1 0 0 0 -1 0 0 0 -1 -1 0 -1 -1 3
3 0 0 -1 0 -1 0 -1 0 -1 0 -1 -1 0 -1 -1 3
3 0 0 -1 0 -1 0 0 0 -1 0 0 0 0 -1 -1 3
0 0 0 0 0 -1 0 -1 0 -1 0 -1 -1 0 -1 -1 -1
3 0 0 -1 0 -1 0 -1 0 0 0 -1 -1 0 -1 -1 3
3 0 0 -1 0 0 0 -1 -1 -1 -1 -1 -1 0 -1 -1 3
3 0 0 -1 0 -1 -1 -1 -1 -1 -1 -1 -1 0 -1 -1 3
3 3 0 -1 0 -1 -1 -1 -1 -1 -1 -1 -1 0 -1 3 3
3 3 0 0 -1 -1 -1 -1 -1 -1 -1 -1 -1 0 -1 3 3
3 3 3 -1 -1 -1 -1 -1 -1 -1 -1 -1 -1 0 3 3 3
3 3 3 3 3 -1 -1 -1 -1 -1 -1 -1 3 3 3 3 3
3 3 3 3 3 3 3 3 -1 3 3 3 3 3 3 3 3
17:16:40.055548 - stdout  :: 0 -1
17:16:40.058280 - stdin   :: 19 51 -1 -1
19 51
3 3 3 3 3 3 3 3 -1 3 3 3 3 3 3 3 3
3 3 3 3 3 -1 -1 -1 -1 -1 -1 -1 3 3 3 3 3
3 3 3 -1 -1 -1 -1 -1 -1 -1 -1 -1 -1 -1 3 3 3
3 3 -1 -1 -1 -1 -1 -1 -1 -1 -1 -1 -1 -1 0 3 3
3 3 -1 -1 -1 -1 -1 -1 -1 -1 -1 -1 -1 -1 0 3 3
3 -1 -1 -1 -1 -1 -1 -1 -1 -1 -1 -1 -1 -1 0 -1 3
3 -1 -1 0 -1 0 0 0 -1 0 0 0 -1 -1 0 -1 3
3 -1 0 0 -1 0 -1 0 -1 0 -1 0 -1 -1 0 -1 3
-1 0 0 0 -1 0 -1 0 0 0 -1 0 0 0 0 -1 -1
3 0 0 0 0 0 -1 0 -1 0 -1 0 -1 -1 0 -1 3
3 0 0 0 -1 0 -1 0 -1 0 0 0 -1 -1 0 -1 3
3 0 0 0 -1 0 0 0 -1 -1 -1 -1 -1 -1 0 -1 3
3 3 0 0 -1 0 -1 -1 -1 -1 -1 -1 -1 -1 0 3 3
3 3 0 0 -1 0 -1 -1 -1 -1 -1 -1 -1 -1 0 3 3
3 3 3 0 0 -1 -1 -1 -1 -1 -1 -1 -1 -1 3 3 3
3 3 3 3 3 -1 -1 -1 -1 -1 -1 -1 3 3 3 3 3
3 3 3 3 3 3 3 3 -1 3 3 3 3 3 3 3 3
17:16:40.082808 - stdout  :: -1 -1
17:16:40.086879 - stdin   :: 17 49 -2 -2
17 49
3 3 3 3 3 3 3 3 -1 3 3 3 3 3 3 3 3
3 3 3 3 3 -1 -1 -1 -1 -1 -1 -1 3 3 3 3 3
3 3 3 -1 -1 -1 -1 -1 -1 -1 -1 -1 -1 -1 3 3 3
3 3 -1 -1 -1 -1 -1 -1 -1 -1 -1 -1 -1 -1 -1 3 3
3 3 -1 -1 -1 -1 -1 -1 -1 -1 -1 -1 -1 -1 -1 3 3
3 -1 -1 -1 -1 -1 -1 -1 -1 -1 -1 -1 -1 -1 -1 -1 3
3 -1 -1 -1 -1 -1 -1 -1 -1 -1 -1 -1 -1 -1 -1 -1 3
3 -1 -1 -1 -1 -1 -1 -1 -1 -1 -1 -1 -1 -1 -1 -1 3
-1 -1 -1 -1 -1 0 -1 0 0 0 -1 0 0 0 -1 -1 0
3 -1 -1 -1 0 0 -1 0 -1 0 -1 0 -1 0 -1 -1 3
3 -1 -1 0 0 0 -1 0 -1 0 0 0 -1 0 0 0 3
3 -1 0 0 0 0 0 0 -1 0 -1 0 -1 0 -1 -1 3
3 3 0 0 0 0 -1 0 -1 0 -1 0 0 0 -1 3 3
3 3 0 0 0 0 -1 0 0 0 -1 -1 -1 -1 -1 3 3
3 3 3 0 0 0 -1 0 -1 -1 -1 -1 -1 -1 3 3 3
3 3 3 3 3 0 -1 0 -1 -1 -1 -1 3 3 3 3 3
3 3 3 3 3 3 3 3 -1 3 3 3 3 3 3 3 3
17:16:40.112520 - stdout  :: 1 1
17:16:40.115675 - stdin   :: 17 49 0 0
17 49
3 3 3 3 3 3 3 3 -1 3 3 3 3 3 3 3 3
3 3 3 3 3 -1 -1 -1 -1 -1 -1 -1 3 3 3 3 3
3 3 3 -1 -1 -1 -1 -1 -1 -1 -1 -1 -1 -1 3 3 3
3 3 -1 -1 -1 -1 -1 -1 -1 -1 -1 -1 -1 -1 -1 3 3
3 3 -1 -1 -1 -1 -1 -1 -1 -1 -1 -1 -1 -1 -1 3 3
3 -1 -1 -1 -1 -1 -1 -1 -1 -1 -1 -1 -1 -1 -1 -1 3
3 -1 -1 -1 -1 -1 -1 -1 -1 -1 -1 -1 -1 -1 -1 -1 3
3 -1 -1 -1 -1 -1 -1 -1 -1 -1 -1 -1 -1 -1 -1 -1 3
-1 -1 -1 -1 -1 0 -1 0 0 0 -1 0 0 0 -1 -1 0
3 -1 -1 -1 0 0 -1 0 -1 0 -1 0 -1 0 -1 -1 3
3 -1 -1 0 0 0 -1 0 -1 0 0 0 -1 0 0 0 3
3 -1 0 0 0 0 0 0 -1 0 -1 0 -1 0 -1 -1 3
3 3 0 0 0 0 -1 0 -1 0 -1 0 0 0 -1 3 3
3 3 0 0 0 0 -1 0 0 0 -1 -1 -1 -1 -1 3 3
3 3 3 0 0 0 -1 0 -1 -1 -1 -1 -1 -1 3 3 3
3 3 3 3 3 0 -1 0 -1 -1 -1 -1 3 3 3 3 3
3 3 3 3 3 3 3 3 -1 3 3 3 3 3 3 3 3
17:16:40.140796 - stdout  :: 1 -1
17:16:40.143629 - stdin   :: 18 48 1 -1
18 48
3 3 3 3 3 3 3 3 -1 3 3 3 3 3 3 3 3
3 3 3 3 3 -1 -1 -1 -1 -1 -1 -1 3 3 3 3 3
3 3 3 -1 -1 -1 -1 -1 -1 -1 -1 -1 -1 -1 3 3 3
3 3 -1 -1 -1 -1 -1 -1 -1 -1 -1 -1 -1 -1 -1 3 3
3 3 -1 -1 -1 -1 -1 -1 -1 -1 -1 -1 -1 -1 -1 3 3
3 -1 -1 -1 -1 -1 -1 -1 -1 -1 -1 -1 -1 -1 -1 -1 3
3 -1 -1 -1 -1 -1 -1 -1 -1 -1 -1 -1 -1 -1 -1 -1 3
3 -1 -1 -1 -1 -1 0 -1 0 0 0 -1 0 0 0 -1 3
-1 -1 -1 -1 -1 0 0 -1 0 -1 0 -1 0 -1 0 -1 -1
3 -1 -1 -1 0 0 0 -1 0 -1 0 0 0 -1 0 0 3
3 -1 -1 0 0 0 0 0 0 -1 0 -1 0 -1 0 -1 3
3 -1 -1 0 0 0 0 -1 0 -1 0 -1 0 0 0 -1 3
3 3 0 0 0 0 0 -1 0 0 0 -1 -1 -1 -1 3 3
3 3 0 0 0 0 0 -1 0 -1 -1 -1 -1 -1 -1 3 3
3 3 3 0 0 0 0 -1 0 -1 -1 -1 -1 -1 3 3 3
3 3 3 3 3 0 0 0 -1 -1 -1 -1 3 3 3 3 3
3 3 3 3 3 3 3 3 -1 3 3 3 3 3 3 3 3
17:16:40.164992 - stdout  :: 1 0
17:16:40.167888 - stdin   :: 20 47 2 -1
20 47
3 3 3 3 3 3 3 3 -1 3 3 3 3 3 3 3 3
3 3 3 3 3 -1 -1 -1 -1 -1 -1 -1 3 3 3 3 3
3 3 3 -1 -1 -1 -1 -1 -1 -1 -1 -1 -1 -1 3 3 3
3 3 -1 -1 -1 -1 -1 -1 -1 -1 -1 -1 -1 -1 -1 3 3
3 3 -1 -1 -1 -1 -1 -1 -1 -1 -1 -1 -1 -1 -1 3 3
3 -1 -1 -1 -1 -1 -1 0 -1 0 0 0 -1 0 0 0 3
3 -1 -1 -1 -1 -1 0 0 -1 0 -1 0 -1 0 -1 0 3
3 -1 -1 -1 -1 0 0 0 -1 0 -1 0 0 0 -1 0 3
-1 -1 -1 -1 0 0 0 0 0 0 -1 0 -1 0 -1 0 -1
3 -1 -1 -1 0 0 0 0 -1 0 -1 0 -1 0 0 0 3
3 -1 -1 0 0 0 0 0 -1 0 0 0 -1 -1 -1 -1 3
3 -1 -1 0 0 0 0 0 -1 0 -1 -1 -1 -1 -1 -1 3
3 3 0 0 0 0 0 0 -1 0 -1 -1 -1 -1 -1 3 3
3 3 0 0 0 0 0 0 0 -1 -1 -1 -1 -1 -1 3 3
3 3 3 0 0 0 0 0 -1 -1 -1 -1 -1 -1 3 3 3
3 3 3 3 3 0 0 0 -1 -1 -1 -1 3 3 3 3 3
3 3 3 3 3 3 3 3 -1 3 3 3 3 3 3 3 3
17:16:40.189916 - stdout  :: 0 -1
17:16:40.192992 - stdin   :: 22 45 2 -2
22 45
3 3 3 3 3 3 3 3 -1 3 3 3 3 3 3 3 3
3 3 3 3 3 -1 -1 -1 -1 -1 -1 -1 3 3 3 3 3
3 3 3 0 -1 -1 -1 -1 -1 -1 -1 -1 -1 -1 3 3 3
3 3 -1 -1 -1 -1 -1 -1 -1 0 -1 0 0 0 -1 3 3
3 3 -1 -1 -1 -1 -1 -1 0 0 -1 0 -1 0 -1 3 3
3 0 -1 -1 -1 -1 -1 0 0 0 -1 0 -1 0 0 0 3
3 -1 -1 -1 -1 -1 0 0 0 0 0 0 -1 0 -1 0 3
3 -1 -1 -1 -1 -1 0 0 0 0 -1 0 -1 0 -1 0 3
0 -1 -1 -1 -1 0 0 0 0 0 -1 0 0 0 -1 -1 -1
3 -1 -1 -1 -1 0 0 0 0 0 -1 0 -1 -1 -1 -1 3
3 -1 -1 -1 0 0 0 0 0 0 -1 0 -1 -1 -1 -1 3
3 -1 -1 -1 0 0 0 0 0 0 0 -1 -1 -1 -1 -1 3
3 3 -1 -1 0 0 0 0 0 0 -1 -1 -1 -1 -1 3 3
3 3 -1 -1 0 0 0 0 0 0 -1 -1 -1 -1 -1 3 3
3 3 3 0 0 0 0 0 0 0 -1 -1 -1 -1 3 3 3
3 3 3 3 3 0 0 0 0 -1 -1 -1 3 3 3 3 3
3 3 3 3 3 3 3 3 0 3 3 3 3 3 3 3 3
17:16:40.220090 - stdout  :: 1 -1
17:16:40.222806 - stdin   :: 25 42 3 -3
25 42
3 3 3 3 3 3 3 3 -1 3 3 3 3 3 3 3 3
3 3 3 3 3 -1 -1 -1 -1 -1 -1 0 3 3 3 3 3
3 3 3 0 0 -1 -1 -1 -1 -1 0 0 0 -1 3 3 3
3 3 0 0 -1 -1 -1 -1 -1 0 0 0 0 0 0 3 3
3 3 0 0 -1 -1 -1 -1 -1 0 0 0 0 -1 0 3 3
3 0 0 0 -1 -1 -1 -1 0 0 0 0 0 -1 0 0 3
3 0 0 0 -1 -1 -1 -1 0 0 0 0 0 -1 0 -1 3
3 0 0 0 -1 -1 -1 0 0 0 0 0 0 -1 0 -1 3
0 0 0 0 -1 -1 -1 0 0 0 0 0 0 0 -1 -1 -1
3 0 0 -1 -1 -1 -1 0 0 0 0 0 0 -1 -1 -1 3
3 0 -1 -1 -1 -1 -1 0 0 0 0 0 0 -1 -1 -1 3
3 0 -1 -1 -1 -1 0 0 0 0 0 0 0 -1 -1 -1 3
3 3 0 -1 -1 -1 0 0 0 0 0 0 -1 -1 -1 3 3
3 3 0 -1 -1 0 0 0 0 0 0 0 -1 -1 -1 3 3
3 3 3 0 0 0 0 0 0 0 0 0 -1 -1 3 3 3
3 3 3 3 3 0 0 0 0 0 0 0 3 3 3 3 3
3 3 3 3 3 3 3 3 0 3 3 3 3 3 3 3 3
17:16:40.245656 - stdout  :: 0 1
17:16:40.248465 - stdin   :: 28 40 3 -2
28 40
3 3 3 3 3 3 3 3 -1 3 3 3 3 3 3 3 3
3 3 3 3 3 0 -1 -1 -1 -1 -1 0 3 3 3 3 3
3 3 3 0 0 0 -1 -1 -1 -1 0 0 0 0 3 3 3
3 3 0 0 0 0 -1 -1 -1 -1 0 0 0 0 0 3 3
3 3 0 0 0 0 -1 -1 -1 0 0 0 0 0 0 3 3
3 0 0 0 0 0 -1 -1 -1 0 0 0 0 0 0 0 3
3 0 0 0 0 -1 -1 -1 -1 0 0 0 0 0 0 -1 3
3 0 0 0 -1 -1 -1 -1 -1 0 0 0 0 0 0 -1 3
0 0 0 0 -1 -1 -1 -1 0 0 0 0 0 0 0 -1 -1
3 0 0 0 0 -1 -1 -1 0 0 0 0 0 0 -1 -1 3
3 0 0 0 0 -1 -1 0 0 0 0 0 0 0 -1 -1 3
3 0 0 0 0 0 0 0 0 0 0 0 0 0 -1 -1 3
3 3 0 0 0 0 0 0 0 0 0 0 0 0 -1 3 3
3 3 0 0 0 0 0 0 0 0 0 0 0 -1 -1 3 3
3 3 3 0 0 0 0 0 0 0 0 0 -1 -1 3 3 3
3 3 3 3 3 0 0 0 0 0 0 -1 3 3 3 3 3
3 3 3 3 3 3 3 3 0 3 3 3 3 3 3 3 3
17:16:40.272387 - stdout  :: 0 0
17:16:40.275210 - stdin   :: 31 38 3 -2
31 38
3 3 3 3 3 3 3 3 -1 3 3 3 3 3 3 3 3
3 3 3 3 3 0 0 0 -1 -1 -1 0 3 3 3 3 3
3 3 3 0 0 0 0 0 -1 -1 -1 0 0 0 3 3 3
3 3 0 0 0 0 0 -1 -1 -1 -1 0 0 0 0 3 3
3 3 0 0 0 0 -1 -1 -1 -1 -1 0 0 0 0 3 3
3 0 0 0 0 0 -1 -1 -1 -1 0 0 0 0 0 0 3
3 0 0 0 0 0 0 -1 -1 -1 0 0 0 0 0 0 3
3 0 0 0 0 0 0 -1 -1 0 0 0 0 0 0 0 3
-1 0 0 0 0 0 0 0 0 0 0 0 0 0 0 0 -1
3 0 0 0 0 0 0 0 0 0 0 0 0 0 0 0 3
3 -1 0 0 0 0 0 0 0 0 0 0 0 0 0 -1 3
3 -1 0 0 0 0 0 0 0 0 0 0 0 0 -1 -1 3
3 3 0 0 0 0 0 0 0 0 0 0 0 -1 -1 3 3
3 3 -1 0 0 0 0 0 0 0 0 -1 -1 -1 -1 3 3
3 3 3 -1 -1 -1 -1 -1 -1 -1 -1 -1 -1 -1 3 3 3
3 3 3 3 3 0 0 0 0 0 0 0 3 3 3 3 3
3 3 3 3 3 3 3 3 -1 3 3 3 3 3 3 3 3
17:16:40.294226 - stdout  :: -1 0
17:16:40.304212 - stdin   :: 33 36 2 -2
33 36
3 3 3 3 3 3 3 3 0 3 3 3 3 3 3 3 3
3 3 3 3 3 0 0 0 0 -1 -1 -1 3 3 3 3 3
3 3 3 0 0 0 0 0 -1 -1 -1 -1 -1 0 3 3 3
3 3 -1 0 0 0 0 0 -1 -1 -1 -1 0 0 0 3 3
3 3 -1 0 0 0 0 0 0 -1 -1 -1 0 0 0 3 3
3 -1 -1 0 0 0 0 0 0 -1 -1 0 0 0 0 0 3
3 -1 -1 0 0 0 0 0 0 0 0 0 0 0 0 0 3
3 -1 -1 0 0 0 0 0 0 0 0 0 0 0 0 0 3
-1 -1 -1 -1 0 0 0 0 0 0 0 0 0 0 0 0 0
3 -1 -1 -1 0 0 0 0 0 0 0 0 0 0 0 0 3
3 -1 -1 -1 0 0 0 0 0 0 0 0 0 0 0 -1 3
3 -1 -1 -1 -1 0 0 0 0 0 0 0 0 -1 -1 -1 3
3 3 -1 -1 -1 -1 -1 -1 -1 -1 -1 -1 -1 -1 -1 3 3
3 3 0 0 0 0 0 0 0 0 0 0 0 0 0 3 3
3 3 3 -1 -1 -1 -1 -1 -1 -1 -1 -1 -1 -1 3 3 3
3 3 3 3 3 -1 -1 -1 -1 -1 -1 -1 3 3 3 3 3
3 3 3 3 3 3 3 3 -1 3 3 3 3 3 3 3 3
17:16:40.322517 - stdout  :: -1 0
17:16:40.325887 - stdin   :: 34 34 1 -2
34 34
3 3 3 3 3 3 3 3 0 3 3 3 3 3 3 3 3
3 3 3 3 3 0 0 0 0 0 -1 -1 3 3 3 3 3
3 3 3 -1 -1 0 0 0 0 0 -1 -1 -1 -1 3 3 3
3 3 -1 -1 -1 0 0 0 0 0 0 -1 -1 -1 0 3 3
3 3 -1 -1 -1 0 0 0 0 0 0 -1 -1 0 0 3 3
3 -1 -1 -1 -1 0 0 0 0 0 0 0 0 0 0 0 3
3 -1 -1 -1 -1 0 0 0 0 0 0 0 0 0 0 0 3
3 -1 -1 -1 -1 -1 0 0 0 0 0 0 0 0 0 0 3
-1 -1 -1 -1 -1 -1 0 0 0 0 0 0 0 0 0 0 0
3 -1 -1 -1 -1 -1 0 0 0 0 0 0 0 0 0 0 3
3 -1 -1 -1 -1 -1 -1 0 0 0 0 0 0 0 0 -1 3
3 -1 -1 -1 -1 -1 -1 -1 -1 -1 -1 -1 -1 -1 -1 -1 3
3 3 0 0 0 0 0 0 0 0 0 0 0 0 0 3 3
3 3 -1 -1 -1 -1 -1 -1 -1 -1 -1 -1 -1 -1 -1 3 3
3 3 3 -1 -1 -1 -1 -1 -1 -1 -1 -1 -1 -1 3 3 3
3 3 3 3 3 -1 -1 -1 -1 -1 -1 -1 3 3 3 3 3
3 3 3 3 3 3 3 3 -1 3 3 3 3 3 3 3 3
17:16:40.343641 - stdout  :: -1 0
17:16:40.347112 - stdin   :: 34 32 0 -2
34 32
3 3 3 3 3 3 3 3 0 3 3 3 3 3 3 3 3
3 3 3 3 3 -1 -1 0 0 0 0 0 3 3 3 3 3
3 3 3 -1 -1 -1 -1 0 0 0 0 0 -1 -1 3 3 3
3 3 -1 -1 -1 -1 -1 0 0 0 0 0 0 -1 -1 3 3
3 3 -1 -1 -1 -1 -1 0 0 0 0 0 0 -1 -1 3 3
3 -1 -1 -1 -1 -1 -1 0 0 0 0 0 0 0 0 0 3
3 -1 -1 -1 -1 -1 -1 0 0 0 0 0 0 0 0 0 3
3 -1 -1 -1 -1 -1 -1 -1 0 0 0 0 0 0 0 0 3
-1 -1 -1 -1 -1 -1 -1 -1 0 0 0 0 0 0 0 0 0
3 -1 -1 -1 -1 -1 -1 -1 0 0 0 0 0 0 0 0 3
3 -1 -1 -1 -1 -1 -1 -1 -1 0 0 0 0 0 0 0 3
3 -1 -1 -1 -1 -1 -1 -1 -1 -1 -1 -1 -1 -1 -1 -1 3
3 3 0 0 0 0 0 0 0 0 0 0 0 0 0 3 3
3 3 -1 -1 -1 -1 -1 -1 -1 -1 -1 -1 -1 -1 -1 3 3
3 3 3 -1 -1 -1 -1 -1 -1 -1 -1 -1 -1 -1 3 3 3
3 3 3 3 3 -1 -1 -1 -1 -1 -1 -1 3 3 3 3 3
3 3 3 3 3 3 3 3 -1 3 3 3 3 3 3 3 3
17:16:40.363322 - stdout  :: 0 1
17:16:40.366567 - stdin   :: 34 32 0 0
34 32
3 3 3 3 3 3 3 3 0 3 3 3 3 3 3 3 3
3 3 3 3 3 -1 -1 0 0 0 0 0 3 3 3 3 3
3 3 3 -1 -1 -1 -1 0 0 0 0 0 -1 -1 3 3 3
3 3 -1 -1 -1 -1 -1 0 0 0 0 0 0 -1 -1 3 3
3 3 -1 -1 -1 -1 -1 0 0 0 0 0 0 -1 -1 3 3
3 -1 -1 -1 -1 -1 -1 0 0 0 0 0 0 0 0 0 3
3 -1 -1 -1 -1 -1 -1 0 0 0 0 0 0 0 0 0 3
3 -1 -1 -1 -1 -1 -1 -1 0 0 0 0 0 0 0 0 3
-1 -1 -1 -1 -1 -1 -1 -1 0 0 0 0 0 0 0 0 0
3 -1 -1 -1 -1 -1 -1 -1 0 0 0 0 0 0 0 0 3
3 -1 -1 -1 -1 -1 -1 -1 -1 0 0 0 0 0 0 0 3
3 -1 -1 -1 -1 -1 -1 -1 -1 -1 -1 -1 -1 -1 -1 -1 3
3 3 0 0 0 0 0 0 0 0 0 0 0 0 0 3 3
3 3 -1 -1 -1 -1 -1 -1 -1 -1 -1 -1 -1 -1 -1 3 3
3 3 3 -1 -1 -1 -1 -1 -1 -1 -1 -1 -1 -1 3 3 3
3 3 3 3 3 -1 -1 -1 -1 -1 -1 -1 3 3 3 3 3
3 3 3 3 3 3 3 3 -1 3 3 3 3 3 3 3 3
17:16:40.382393 - stdout  :: -1 1
17:16:40.385438 - stdin   :: 33 33 -1 1
33 33
3 3 3 3 3 3 3 3 0 3 3 3 3 3 3 3 3
3 3 3 3 3 -1 0 0 0 0 0 0 3 3 3 3 3
3 3 3 -1 -1 -1 0 0 0 0 0 -1 -1 -1 3 3 3
3 3 -1 -1 -1 -1 0 0 0 0 0 -1 -1 -1 -1 3 3
3 3 -1 -1 -1 -1 0 0 0 0 0 0 -1 -1 -1 3 3
3 -1 -1 -1 -1 -1 0 0 0 0 0 0 -1 -1 0 0 3
3 -1 -1 -1 -1 -1 0 0 0 0 0 0 0 0 0 0 3
3 -1 -1 -1 -1 -1 0 0 0 0 0 0 0 0 0 0 3
-1 -1 -1 -1 -1 -1 -1 0 0 0 0 0 0 0 0 0 0
3 -1 -1 -1 -1 -1 -1 0 0 0 0 0 0 0 0 0 3
3 -1 -1 -1 -1 -1 -1 0 0 0 0 0 0 0 0 0 3
3 -1 -1 -1 -1 -1 -1 -1 0 0 0 0 0 0 0 0 3
3 3 -1 -1 -1 -1 -1 -1 -1 -1 -1 -1 -1 -1 -1 3 3
3 3 0 0 0 0 0 0 0 0 0 0 0 0 0 3 3
3 3 3 -1 -1 -1 -1 -1 -1 -1 -1 -1 -1 -1 3 3 3
3 3 3 3 3 -1 -1 -1 -1 -1 -1 -1 3 3 3 3 3
3 3 3 3 3 3 3 3 -1 3 3 3 3 3 3 3 3
17:16:40.400967 - stdout  :: -1 0
17:16:40.403707 - stdin   :: 31 34 -2 1
31 34
3 3 3 3 3 3 3 3 0 3 3 3 3 3 3 3 3
3 3 3 3 3 0 0 0 0 0 0 0 3 3 3 3 3
3 3 3 -1 -1 0 0 0 0 0 0 0 -1 -1 3 3 3
3 3 -1 -1 -1 0 0 0 0 0 0 -1 -1 -1 -1 3 3
3 3 -1 -1 -1 0 0 0 0 0 -1 -1 -1 -1 -1 3 3
3 -1 -1 -1 -1 0 0 0 0 0 -1 -1 -1 -1 0 0 3
3 -1 -1 -1 -1 0 0 0 0 0 0 -1 -1 -1 0 0 3
3 -1 -1 -1 -1 0 0 0 0 0 0 -1 -1 0 0 0 3
-1 -1 -1 -1 -1 0 0 0 0 0 0 0 0 0 0 0 0
3 -1 -1 -1 -1 0 0 0 0 0 0 0 0 0 0 0 3
3 -1 -1 -1 -1 -1 0 0 0 0 0 0 0 0 0 0 3
3 -1 -1 -1 -1 -1 0 0 0 0 0 0 0 0 0 0 3
3 3 -1 -1 -1 -1 0 0 0 0 0 0 0 0 0 3 3
3 3 -1 -1 -1 -1 -1 0 0 0 0 0 0 0 0 3 3
3 3 3 -1 -1 -1 -1 -1 -1 -1 -1 -1 -1 -1 3 3 3
3 3 3 3 3 0 0 0 0 0 0 0 3 3 3 3 3
3 3 3 3 3 3 3 3 -1 3 3 3 3 3 3 3 3
17:16:40.419113 - stdout  :: -1 0
17:16:40.422030 - stdin   :: 28 35 -3 1
28 35
3 3 3 3 3 3 3 3 0 3 3 3 3 3 3 3 3
3 3 3 3 3 0 0 0 0 0 0 -1 3 3 3 3 3
3 3 3 -1 0 0 0 0 0 0 0 -1 -1 -1 3 3 3
3 3 -1 -1 0 0 0 0 0 0 0 -1 -1 -1 -1 3 3
3 3 -1 -1 0 0 0 0 0 0 0 -1 -1 -1 0 3 3
3 -1 -1 -1 0 0 0 0 0 0 0 -1 -1 -1 0 0 3
3 -1 -1 -1 0 0 0 0 0 0 -1 -1 -1 -1 0 0 3
3 -1 -1 -1 0 0 0 0 0 -1 -1 -1 -1 -1 0 0 3
-1 -1 -1 -1 0 0 0 0 0 -1 -1 -1 -1 0 0 0 0
3 -1 -1 -1 0 0 0 0 0 0 -1 -1 -1 0 0 0 3
3 -1 -1 -1 0 0 0 0 0 0 -1 -1 0 0 0 0 3
3 -1 -1 -1 0 0 0 0 0 0 0 0 0 0 0 0 3
3 3 -1 -1 0 0 0 0 0 0 0 0 0 0 0 3 3
3 3 -1 -1 -1 0 0 0 0 0 0 0 0 0 0 3 3
3 3 3 -1 -1 0 0 0 0 0 0 0 0 0 3 3 3
3 3 3 3 3 0 0 0 0 0 0 0 3 3 3 3 3
3 3 3 3 3 3 3 3 0 3 3 3 3 3 3 3 3
17:16:40.436821 - stdout  :: 0 -1
17:16:40.439359 - stdin   :: 25 35 -3 0
25 35
3 3 3 3 3 3 3 3 0 3 3 3 3 3 3 3 3
3 3 3 3 3 0 0 0 0 0 0 0 3 3 3 3 3
3 3 3 -1 0 0 0 0 0 0 0 0 -1 -1 3 3 3
3 3 -1 -1 0 0 0 0 0 0 0 -1 -1 -1 -1 3 3
3 3 -1 -1 0 0 0 0 0 0 0 -1 -1 -1 -1 3 3
3 -1 -1 -1 0 0 0 0 0 0 0 -1 -1 -1 -1 0 3
3 -1 -1 -1 0 0 0 0 0 0 0 -1 -1 -1 -1 0 3
3 -1 -1 -1 0 0 0 0 0 0 0 -1 -1 -1 0 0 3
-1 -1 -1 -1 0 0 0 0 0 0 0 -1 -1 -1 0 0 0
3 -1 -1 -1 0 0 0 0 0 0 -1 -1 -1 -1 0 0 3
3 -1 -1 -1 0 0 0 0 0 -1 -1 -1 -1 -1 0 0 3
3 -1 -1 -1 0 0 0 0 0 -1 -1 -1 -1 0 0 0 3
3 3 -1 -1 0 0 0 0 0 0 -1 -1 -1 0 0 3 3
3 3 -1 -1 0 0 0 0 0 0 -1 -1 0 0 0 3 3
3 3 3 -1 0 0 0 0 0 0 0 0 0 0 3 3 3
3 3 3 3 3 0 0 0 0 0 0 0 3 3 3 3 3
3 3 3 3 3 3 3 3 0 3 3 3 3 3 3 3 3
17:16:40.451752 - stdout  :: 0 -1
17:16:40.454452 - stdin   :: 22 34 -3 -1
22 34
3 3 3 3 3 3 3 3 0 3 3 3 3 3 3 3 3
3 3 3 3 3 0 0 0 0 0 0 0 3 3 3 3 3
3 3 3 -1 -1 0 0 0 0 0 0 0 0 0 3 3 3
3 3 -1 -1 -1 0 0 0 0 0 0 0 0 -1 -1 3 3
3 3 -1 -1 -1 0 0 0 0 0 0 0 0 -1 -1 3 3
3 -1 -1 -1 -1 0 0 0 0 0 0 0 0 -1 -1 -1 3
3 -1 -1 -1 -1 0 0 0 0 0 0 0 -1 -1 -1 -1 3
3 -1 -1 -1 -1 0 0 0 0 0 0 0 -1 -1 -1 -1 3
-1 -1 -1 -1 -1 0 0 0 0 0 0 0 -1 -1 -1 -1 0
3 -1 -1 -1 -1 0 0 0 0 0 0 0 -1 -1 -1 -1 3
3 -1 -1 -1 -1 0 0 0 0 0 0 0 -1 -1 -1 0 3
3 -1 -1 -1 -1 0 0 0 0 0 0 0 -1 -1 -1 0 3
3 3 -1 -1 -1 0 0 0 0 0 0 -1 -1 -1 -1 3 3
3 3 -1 -1 -1 0 0 0 0 0 -1 -1 -1 -1 -1 3 3
3 3 3 -1 -1 0 0 0 0 0 -1 -1 -1 -1 3 3 3
3 3 3 3 3 0 0 0 0 0 0 -1 3 3 3 3 3
3 3 3 3 3 3 3 3 0 3 3 3 3 3 3 3 3
17:16:40.463502 - stdout  :: 0 -1
17:16:40.466291 - stdin   :: 19 32 -3 -2
19 32
3 3 3 3 3 3 3 3 0 3 3 3 3 3 3 3 3
3 3 3 3 3 -1 -1 0 0 0 0 0 3 3 3 3 3
3 3 3 -1 -1 -1 -1 0 0 0 0 0 0 0 3 3 3
3 3 -1 -1 -1 -1 -1 0 0 0 0 0 0 0 0 3 3
3 3 -1 -1 -1 -1 -1 0 0 0 0 0 0 0 0 3 3
3 -1 -1 -1 -1 -1 -1 0 0 0 0 0 0 0 0 0 3
3 -1 -1 -1 -1 -1 -1 0 0 0 0 0 0 0 0 -1 3
3 -1 -1 -1 -1 -1 -1 0 0 0 0 0 0 0 0 -1 3
-1 -1 -1 -1 -1 -1 -1 0 0 0 0 0 0 0 0 -1 -1
3 -1 -1 -1 -1 -1 -1 0 0 0 0 0 0 0 -1 -1 3
3 -1 -1 -1 -1 -1 -1 0 0 0 0 0 0 0 -1 -1 3
3 -1 -1 -1 -1 -1 -1 0 0 0 0 0 0 0 -1 -1 3
3 3 -1 -1 -1 -1 -1 0 0 0 0 0 0 0 -1 3 3
3 3 -1 -1 -1 -1 -1 0 0 0 0 0 0 0 -1 3 3
3 3 3 -1 -1 -1 -1 0 0 0 0 0 0 0 3 3 3
3 3 3 3 3 -1 -1 0 0 0 0 0 3 3 3 3 3
3 3 3 3 3 3 3 3 0 3 3 3 3 3 3 3 3
17:16:40.474073 - stdout  :: 0 1
17:16:40.476588 - stdin   :: 16 31 -3 -1
16 31
3 3 3 3 3 3 3 3 0 3 3 3 3 3 3 3 3
3 3 3 3 3 0 0 -1 0 0 0 0 3 3 3 3 3
3 3 3 -1 0 0 -1 -1 0 0 0 0 0 0 3 3 3
3 3 -1 0 0 -1 -1 -1 0 0 0 0 0 0 0 3 3
3 3 0 0 -1 -1 -1 -1 0 0 0 0 0 0 0 3 3
3 100 0 -1 -1 -1 -1 -1 0 0 0 0 0 0 0 0 3
3 100 -1 -1 -1 -1 -1 -1 0 0 0 0 0 0 0 0 3
3 100 -1 -1 -1 -1 -1 -1 0 0 0 0 0 0 0 0 3
100 -1 -1 -1 -1 -1 -1 -1 0 0 0 0 0 0 0 0 0
3 -1 -1 -1 -1 -1 -1 -1 0 0 0 0 0 0 0 0 3
3 -1 -1 -1 -1 -1 -1 -1 0 0 0 0 0 0 0 0 3
3 -1 -1 -1 -1 -1 -1 -1 0 0 0 0 0 0 0 0 3
3 3 -1 -1 -1 -1 -1 -1 0 0 0 0 0 0 0 3 3
3 3 -1 -1 -1 -1 -1 -1 0 0 0 0 0 0 0 3 3
3 3 3 -1 -1 -1 -1 -1 0 0 0 0 0 0 3 3 3
3 3 3 3 3 -1 -1 -1 0 0 0 0 3 3 3 3 3
3 3 3 3 3 3 3 3 0 3 3 3 3 3 3 3 3
17:16:40.483173 - stdout  :: 0 1
17:16:40.485771 - stdin   :: 13 31 -3 0
13 31
3 3 3 3 3 3 3 3 0 3 3 3 3 3 3 3 3
3 3 3 3 3 -1 0 0 0 0 0 0 3 3 3 3 3
3 3 3 -1 -1 -1 0 0 0 0 0 0 0 0 3 3 3
3 3 -1 -1 -1 -1 0 0 0 0 0 0 0 0 0 3 3
3 3 -1 -1 -1 0 0 -1 0 0 0 0 0 0 0 3 3
3 -1 -1 -1 0 0 -1 -1 0 0 0 0 0 0 0 0 3
3 -1 -1 0 0 -1 -1 -1 0 0 0 0 0 0 0 0 3
3 -1 0 0 -1 -1 -1 -1 0 0 0 0 0 0 0 0 3
-1 100 0 -1 -1 -1 -1 -1 0 0 0 0 0 0 0 0 0
3 100 -1 -1 -1 -1 -1 -1 0 0 0 0 0 0 0 0 3
3 100 -1 -1 -1 -1 -1 -1 0 0 0 0 0 0 0 0 3
3 -1 -1 -1 -1 -1 -1 -1 0 0 0 0 0 0 0 0 3
3 3 -1 -1 -1 -1 -1 -1 0 0 0 0 0 0 0 3 3
3 3 -1 -1 -1 -1 -1 -1 0 0 0 0 0 0 0 3 3
3 3 3 -1 -1 -1 -1 -1 0 0 0 0 0 0 3 3 3
3 3 3 3 3 -1 -1 -1 0 0 0 0 3 3 3 3 3
3 3 3 3 3 3 3 3 0 3 3 3 3 3 3 3 3
17:16:40.490248 - stdout  :: 0 0
17:16:40.492823 - stdin   :: 10 31 -3 0
10 31
3 3 3 3 3 3 3 3 -1 3 3 3 3 3 3 3 3
3 3 3 3 3 -1 0 0 0 0 0 0 3 3 3 3 3
3 3 3 -1 -1 -1 0 0 0 0 0 0 0 0 3 3 3
3 3 -1 -1 -1 -1 0 0 0 0 0 0 0 0 0 3 3
3 3 -1 -1 -1 -1 0 0 0 0 0 0 0 0 0 3 3
3 -1 -1 -1 -1 -1 0 0 0 0 0 0 0 0 0 0 3
3 -1 -1 -1 -1 -1 0 0 0 0 0 0 0 0 0 0 3
3 -1 -1 -1 -1 0 0 -1 0 0 0 0 0 0 0 0 3
-1 -1 -1 -1 0 0 -1 -1 0 0 0 0 0 0 0 0 0
3 -1 -1 0 0 -1 -1 -1 0 0 0 0 0 0 0 0 3
3 -1 0 0 -1 -1 -1 -1 0 0 0 0 0 0 0 0 3
3 100 0 -1 -1 -1 -1 -1 0 0 0 0 0 0 0 0 3
3 3 -1 -1 -1 -1 -1 -1 0 0 0 0 0 0 0 3 3
3 3 -1 -1 -1 -1 -1 -1 0 0 0 0 0 0 0 3 3
3 3 3 -1 -1 -1 -1 -1 0 0 0 0 0 0 3 3 3
3 3 3 3 3 -1 -1 -1 0 0 0 0 3 3 3 3 3
3 3 3 3 3 3 3 3 0 3 3 3 3 3 3 3 3
17:16:40.495990 - stdout  :: 1 -1
17:16:40.500100 - stdin   :: 8 30 -2 -1
8 30
3 3 3 3 3 3 3 3 -1 3 3 3 3 3 3 3 3
3 3 3 3 3 0 0 0 0 0 0 0 3 3 3 3 3
3 3 3 -1 -1 -1 -1 -1 -1 -1 -1 -1 -1 -1 3 3 3
3 3 -1 -1 -1 -1 -1 0 0 0 0 0 0 0 0 3 3
3 3 -1 -1 -1 -1 -1 0 0 0 0 0 0 0 0 3 3
3 -1 -1 -1 -1 -1 -1 0 0 0 0 0 0 0 0 0 3
3 -1 -1 -1 -1 -1 -1 0 0 0 0 0 0 0 0 0 3
3 -1 -1 -1 -1 -1 -1 0 0 0 0 0 0 0 0 0 3
-1 -1 -1 -1 -1 -1 -1 0 0 0 0 0 0 0 0 0 0
3 -1 -1 -1 -1 -1 0 0 -1 0 0 0 0 0 0 0 3
3 -1 -1 -1 -1 0 0 -1 -1 0 0 0 0 0 0 0 3
3 -1 -1 -1 0 0 -1 -1 -1 0 0 0 0 0 0 0 3
3 3 -1 0 0 -1 -1 -1 -1 0 0 0 0 0 0 3 3
3 3 100 0 -1 -1 -1 -1 -1 0 0 0 0 0 0 3 3
3 3 3 -1 -1 -1 -1 -1 -1 0 0 0 0 0 3 3 3
3 3 3 3 3 -1 -1 -1 -1 0 0 0 3 3 3 3 3
3 3 3 3 3 3 3 3 -1 3 3 3 3 3 3 3 3
17:16:40.502647 - stdout  :: 1 0
17:16:40.505259 - stdin   :: 7 29 -1 -1
7 29
3 3 3 3 3 3 3 3 -1 3 3 3 3 3 3 3 3
3 3 3 3 3 -1 -1 -1 -1 -1 -1 -1 3 3 3 3 3
3 3 3 0 0 0 0 0 0 0 0 0 0 0 3 3 3
3 3 -1 -1 -1 -1 -1 -1 -1 -1 -1 -1 -1 -1 -1 3 3
3 3 -1 -1 -1 -1 -1 -1 0 0 0 0 0 0 0 3 3
3 -1 -1 -1 -1 -1 -1 -1 0 0 0 0 0 0 0 0 3
3 -1 -1 -1 -1 -1 -1 -1 0 0 0 0 0 0 0 0 3
3 -1 -1 -1 -1 -1 -1 -1 0 0 0 0 0 0 0 0 3
-1 -1 -1 -1 -1 -1 -1 -1 0 0 0 0 0 0 0 0 0
3 -1 -1 -1 -1 -1 -1 -1 0 0 0 0 0 0 0 0 3
3 -1 -1 -1 -1 -1 -1 0 0 -1 0 0 0 0 0 0 3
3 -1 -1 -1 -1 -1 0 0 -1 -1 0 0 0 0 0 0 3
3 3 -1 -1 -1 0 0 -1 -1 -1 0 0 0 0 0 3 3
3 3 -1 -1 0 0 -1 -1 -1 -1 0 0 0 0 0 3 3
3 3 3 100 0 -1 -1 -1 -1 -1 0 0 0 0 3 3 3
3 3 3 3 3 -1 -1 -1 -1 -1 0 0 3 3 3 3 3
3 3 3 3 3 3 3 3 -1 3 3 3 3 3 3 3 3
17:16:40.507523 - stdout  :: 0 1
17:16:40.510174 - stdin   :: 6 29 -1 0
6 29
3 3 3 3 3 3 3 3 -1 3 3 3 3 3 3 3 3
3 3 3 3 3 -1 -1 -1 -1 -1 -1 -1 3 3 3 3 3
3 3 3 -1 -1 -1 -1 -1 -1 -1 -1 -1 -1 -1 3 3 3
3 3 0 0 0 0 0 0 0 0 0 0 0 0 0 3 3
3 3 -1 -1 -1 -1 -1 -1 -1 -1 -1 -1 -1 -1 -1 3 3
3 -1 -1 -1 -1 -1 -1 -1 0 0 0 0 0 0 0 0 3
3 -1 -1 -1 -1 -1 -1 -1 0 0 0 0 0 0 0 0 3
3 -1 -1 -1 -1 -1 -1 -1 0 0 0 0 0 0 0 0 3
-1 -1 -1 -1 -1 -1 -1 -1 0 0 0 0 0 0 0 0 0
3 -1 -1 -1 -1 -1 -1 -1 0 0 0 0 0 0 0 0 3
3 -1 -1 -1 -1 -1 -1 -1 0 0 0 0 0 0 0 0 3
3 -1 -1 -1 -1 -1 -1 0 0 -1 0 0 0 0 0 0 3
3 3 -1 -1 -1 -1 0 0 -1 -1 0 0 0 0 0 3 3
3 3 -1 -1 -1 0 0 -1 -1 -1 0 0 0 0 0 3 3
3 3 3 -1 0 0 -1 -1 -1 -1 0 0 0 0 3 3 3
3 3 3 3 3 -1 -1 -1 -1 -1 0 0 3 3 3 3 3
3 3 3 3 3 3 3 3 -1 3 3 3 3 3 3 3 3
17:16:40.512498 - stdout  :: 1 1
17:16:40.515288 - stdin   :: 6 30 0 1
6 30
3 3 3 3 3 3 3 3 -1 3 3 3 3 3 3 3 3
3 3 3 3 3 -1 -1 -1 -1 -1 -1 -1 3 3 3 3 3
3 3 3 -1 -1 -1 -1 -1 -1 -1 -1 -1 -1 -1 3 3 3
3 3 0 0 0 0 0 0 0 0 0 0 0 0 0 3 3
3 3 -1 -1 -1 -1 -1 -1 -1 -1 -1 -1 -1 -1 -1 3 3
3 -1 -1 -1 -1 -1 -1 0 0 0 0 0 0 0 0 0 3
3 -1 -1 -1 -1 -1 -1 0 0 0 0 0 0 0 0 0 3
3 -1 -1 -1 -1 -1 -1 0 0 0 0 0 0 0 0 0 3
-1 -1 -1 -1 -1 -1 -1 0 0 0 0 0 0 0 0 0 0
3 -1 -1 -1 -1 -1 -1 0 0 0 0 0 0 0 0 0 3
3 -1 -1 -1 -1 -1 -1 0 0 0 0 0 0 0 0 0 3
3 -1 -1 -1 -1 -1 0 0 -1 0 0 0 0 0 0 0 3
3 3 -1 -1 -1 0 0 -1 -1 0 0 0 0 0 0 3 3
3 3 -1 -1 0 0 -1 -1 -1 0 0 0 0 0 0 3 3
3 3 3 0 0 -1 -1 -1 -1 0 0 0 0 0 3 3 3
3 3 3 3 3 -1 -1 -1 -1 0 0 0 3 3 3 3 3
3 3 3 3 3 3 3 3 -1 3 3 3 3 3 3 3 3
17:16:40.517857 - stdout  :: 1 -1
17:16:40.520383 - stdin   :: 7 30 1 0
7 30
3 3 3 3 3 3 3 3 -1 3 3 3 3 3 3 3 3
3 3 3 3 3 -1 -1 -1 -1 -1 -1 -1 3 3 3 3 3
3 3 3 0 0 0 0 0 0 0 0 0 0 0 3 3 3
3 3 -1 -1 -1 -1 -1 -1 -1 -1 -1 -1 -1 -1 -1 3 3
3 3 -1 -1 -1 -1 -1 0 0 0 0 0 0 0 0 3 3
3 -1 -1 -1 -1 -1 -1 0 0 0 0 0 0 0 0 0 3
3 -1 -1 -1 -1 -1 -1 0 0 0 0 0 0 0 0 0 3
3 -1 -1 -1 -1 -1 -1 0 0 0 0 0 0 0 0 0 3
-1 -1 -1 -1 -1 -1 -1 0 0 0 0 0 0 0 0 0 0
3 -1 -1 -1 -1 -1 -1 0 0 0 0 0 0 0 0 0 3
3 -1 -1 -1 -1 -1 0 0 -1 0 0 0 0 0 0 0 3
3 -1 -1 -1 -1 0 0 -1 -1 0 0 0 0 0 0 0 3
3 3 -1 -1 0 0 -1 -1 -1 0 0 0 0 0 0 3 3
3 3 -1 0 0 -1 -1 -1 -1 0 0 0 0 0 0 3 3
3 3 3 0 -1 -1 -1 -1 -1 0 0 0 0 0 3 3 3
3 3 3 3 3 -1 -1 -1 -1 0 0 0 3 3 3 3 3
3 3 3 3 3 3 3 3 -1 3 3 3 3 3 3 3 3
17:16:40.522805 - stdout  :: 1 -1
17:16:40.525245 - stdin   :: 9 29 2 -1
9 29
3 3 3 3 3 3 3 3 0 3 3 3 3 3 3 3 3
3 3 3 3 3 -1 -1 -1 -1 -1 -1 -1 3 3 3 3 3
3 3 3 -1 -1 -1 -1 -1 0 0 0 0 0 0 3 3 3
3 3 -1 -1 -1 -1 -1 -1 0 0 0 0 0 0 0 3 3
3 3 -1 -1 -1 -1 -1 -1 0 0 0 0 0 0 0 3 3
3 -1 -1 -1 -1 -1 -1 -1 0 0 0 0 0 0 0 0 3
3 -1 -1 -1 -1 -1 -1 -1 0 0 0 0 0 0 0 0 3
3 -1 -1 -1 -1 -1 -1 -1 0 0 0 0 0 0 0 0 3
-1 -1 -1 -1 -1 -1 -1 0 0 -1 0 0 0 0 0 0 0
3 -1 -1 -1 -1 -1 0 0 -1 -1 0 0 0 0 0 0 3
3 -1 -1 -1 -1 0 0 -1 -1 -1 0 0 0 0 0 0 3
3 -1 -1 -1 0 0 -1 -1 -1 -1 0 0 0 0 0 0 3
3 3 -1 100 0 -1 -1 -1 -1 -1 0 0 0 0 0 3 3
3 3 100 100 -1 -1 -1 -1 -1 -1 0 0 0 0 0 3 3
3 3 3 100 -1 -1 -1 -1 -1 -1 0 0 0 0 3 3 3
3 3 3 3 3 -1 -1 -1 -1 -1 0 0 3 3 3 3 3
3 3 3 3 3 3 3 3 -1 3 3 3 3 3 3 3 3
17:16:40.526985 - stdout  :: 0 -1
17:16:40.529479 - stdin   :: 11 27 2 -2
11 27
3 3 3 3 3 3 3 3 -1 3 3 3 3 3 3 3 3
3 3 3 3 3 -1 -1 -1 -1 -1 0 0 3 3 3 3 3
3 3 3 -1 -1 -1 -1 -1 -1 -1 0 0 0 0 3 3 3
3 3 -1 -1 -1 -1 -1 -1 -1 -1 0 0 0 0 0 3 3
3 3 -1 -1 -1 -1 -1 -1 -1 -1 0 0 0 0 0 3 3
3 0 -1 -1 -1 -1 -1 -1 -1 -1 0 0 0 0 0 0 3
3 0 -1 -1 -1 -1 -1 -1 -1 0 0 -1 0 0 0 0 3
3 0 -1 -1 -1 -1 -1 -1 0 0 -1 -1 0 0 0 0 3
-1 0 -1 -1 -1 -1 -1 0 0 -1 -1 -1 0 0 0 0 0
3 0 -1 -1 -1 -1 0 0 -1 -1 -1 -1 0 0 0 0 3
3 0 -1 -1 -1 100 0 -1 -1 -1 -1 -1 0 0 0 0 3
3 0 -1 -1 100 100 -1 -1 -1 -1 -1 -1 0 0 0 0 3
3 3 -1 100 100 100 -1 -1 -1 -1 -1 -1 0 0 0 3 3
3 3 -1 100 100 -1 -1 -1 -1 -1 -1 -1 0 0 0 3 3
3 3 3 100 100 -1 -1 -1 -1 -1 -1 -1 0 0 3 3 3
3 3 3 3 3 -1 -1 -1 -1 -1 -1 -1 3 3 3 3 3
3 3 3 3 3 3 3 3 -1 3 3 3 3 3 3 3 3
17:16:40.531373 - stdout  :: 0 -1
17:16:40.532499 - stdin   :: ~~~END~~~
17:16:40.533445 - control :: Server has terminated, no more data.
