21:43:49.131923 - control :: Starting bot process.
21:43:49.259466 - control :: Bot has initialised, connecting to server.
21:43:50.295315 - stdin   :: 40 59 4 8
21:43:50.303255 - stdin   :: 17 18 0 0
1 3
17 18
21 18
37 2
3 3 3 3 3 3 3 3 0 3 3 3 3 3 3 3 3
3 3 3 3 3 -1 -1 -1 0 -1 0 -1 3 3 3 3 3
3 3 3 -1 -1 -1 -1 -1 0 -1 0 -1 -1 -1 3 3 3
3 3 -1 -1 -1 -1 -1 -1 0 -1 0 -1 -1 -1 -1 3 3
3 3 -1 -1 -1 -1 -1 -1 0 -1 0 -1 -1 -1 100 3 3
3 -1 -1 -1 -1 -1 -1 -1 0 -1 0 -1 -1 100 100 -1 3
3 -1 -1 -1 -1 -1 -1 -1 0 -1 0 -1 100 100 100 -1 3
3 -1 -1 -1 -1 -1 -1 -1 0 -1 0 -1 100 100 -1 -1 3
-1 -1 -1 -1 -1 -1 -1 -1 1 -1 0 -1 100 100 -1 -1 -1
3 -1 -1 -1 -1 -1 -1 -1 -1 -1 0 -1 100 -1 -1 -1 3
3 0 0 0 0 0 0 0 0 0 0 -1 100 -1 -1 -1 3
3 -1 -1 -1 -1 -1 -1 -1 -1 -1 0 -1 100 -1 -1 -1 3
3 3 -1 -1 -1 -1 -1 -1 1 -1 0 -1 -1 -1 -1 3 3
3 3 -1 -1 -1 -1 -1 -1 0 -1 0 -1 -1 -1 -1 3 3
3 3 3 -1 -1 -1 -1 -1 0 -1 0 -1 -1 -1 3 3 3
3 3 3 3 3 -1 -1 -1 0 -1 0 -1 3 3 3 3 3
3 3 3 3 3 3 3 3 0 3 3 3 3 3 3 3 3
21:43:50.305692 - stdout  :: -1 0
21:43:50.316035 - stdin   :: 16 18 -1 0
1 4
16 18
22 18
37 3
3 3 3 3 3 3 3 3 0 3 3 3 3 3 3 3 3
3 3 3 3 3 -1 -1 -1 0 -1 0 -1 3 3 3 3 3
3 3 3 -1 -1 -1 -1 -1 0 -1 0 -1 -1 -1 3 3 3
3 3 -1 -1 -1 -1 -1 -1 0 -1 0 -1 -1 -1 -1 3 3
3 3 -1 -1 -1 -1 -1 -1 0 -1 0 -1 -1 -1 -1 3 3
3 -1 -1 -1 -1 -1 -1 -1 0 -1 0 -1 -1 -1 100 0 3
3 -1 -1 -1 -1 -1 -1 -1 0 -1 0 -1 -1 100 100 -1 3
3 -1 -1 -1 -1 -1 -1 -1 0 -1 0 -1 100 100 100 -1 3
-1 -1 -1 -1 -1 -1 -1 -1 0 -1 0 -1 100 100 -1 -1 -1
3 -1 -1 -1 -1 -1 -1 -1 1 -1 0 -1 100 100 -1 -1 3
3 -1 -1 -1 -1 -1 -1 -1 -1 -1 0 -1 100 -1 -1 -1 3
3 0 0 0 0 0 0 0 0 0 0 -1 100 -1 -1 -1 3
3 3 -1 -1 -1 -1 -1 -1 -1 -1 0 -1 100 -1 -1 3 3
3 3 -1 -1 -1 -1 -1 -1 1 -1 0 -1 -1 -1 -1 3 3
3 3 3 -1 -1 -1 -1 -1 0 -1 0 -1 -1 -1 3 3 3
3 3 3 3 3 -1 -1 -1 0 -1 0 -1 3 3 3 3 3
3 3 3 3 3 3 3 3 0 3 3 3 3 3 3 3 3
21:43:50.318359 - stdout  :: -1 0
21:43:50.325430 - stdin   :: 14 18 -2 0
1 5
14 18
23 18
37 4
3 3 3 3 3 3 3 3 0 3 3 3 3 3 3 3 3
3 3 3 3 3 -1 -1 -1 0 -1 0 -1 3 3 3 3 3
3 3 3 -1 -1 -1 -1 -1 0 -1 0 -1 -1 -1 3 3 3
3 3 -1 -1 -1 -1 -1 -1 0 -1 0 -1 -1 -1 -1 3 3
3 3 -1 -1 -1 -1 -1 -1 0 -1 0 -1 -1 -1 -1 3 3
3 -1 -1 -1 -1 -1 -1 -1 0 -1 0 -1 -1 -1 -1 -1 3
3 -1 -1 -1 -1 -1 -1 -1 0 -1 0 -1 -1 -1 -1 0 3
3 -1 -1 -1 -1 -1 -1 -1 0 -1 0 -1 -1 -1 100 0 3
-1 -1 -1 -1 -1 -1 -1 -1 0 -1 0 -1 -1 100 100 -1 -1
3 -1 -1 -1 -1 -1 -1 -1 0 -1 0 -1 100 100 100 -1 3
3 -1 -1 -1 -1 -1 -1 -1 0 -1 0 -1 100 100 -1 -1 3
3 -1 -1 -1 -1 -1 -1 -1 1 -1 0 -1 100 100 -1 -1 3
3 3 -1 -1 -1 -1 -1 -1 -1 -1 0 -1 100 -1 -1 3 3
3 3 0 0 0 0 0 0 0 0 0 -1 100 -1 -1 3 3
3 3 3 -1 -1 -1 -1 -1 -1 -1 0 -1 100 -1 3 3 3
3 3 3 3 3 -1 -1 -1 1 -1 0 -1 3 3 3 3 3
3 3 3 3 3 3 3 3 0 3 3 3 3 3 3 3 3
21:43:50.328173 - stdout  :: -1 0
21:43:50.335457 - stdin   :: 11 18 -3 0
1 6
11 18
24 18
37 5
3 3 3 3 3 3 3 3 0 3 3 3 3 3 3 3 3
3 3 3 3 3 0 -1 -1 0 -1 0 -1 3 3 3 3 3
3 3 3 -1 0 -1 -1 -1 0 -1 0 -1 -1 -1 3 3 3
3 3 -1 0 -1 -1 -1 -1 0 -1 0 -1 -1 -1 -1 3 3
3 3 0 -1 -1 -1 -1 -1 0 -1 0 -1 -1 -1 -1 3 3
3 0 -1 -1 -1 -1 -1 -1 0 -1 0 -1 -1 -1 -1 -1 3
3 -1 -1 -1 -1 -1 -1 -1 0 -1 0 -1 -1 -1 -1 -1 3
3 -1 -1 -1 -1 -1 -1 -1 0 -1 0 -1 -1 -1 -1 -1 3
-1 -1 -1 -1 -1 -1 -1 -1 0 -1 0 -1 -1 -1 -1 -1 0
3 -1 -1 -1 -1 -1 -1 -1 0 -1 0 -1 -1 -1 -1 0 3
3 -1 -1 -1 -1 -1 -1 -1 0 -1 0 -1 -1 -1 100 0 3
3 -1 -1 -1 -1 -1 -1 -1 0 -1 0 -1 -1 100 100 -1 3
3 3 -1 -1 -1 -1 -1 -1 0 -1 0 -1 100 100 100 3 3
3 3 -1 -1 -1 -1 -1 -1 0 -1 0 -1 100 100 -1 3 3
3 3 3 -1 -1 -1 -1 -1 1 -1 0 -1 100 100 3 3 3
3 3 3 3 3 -1 -1 -1 -1 -1 0 -1 3 3 3 3 3
3 3 3 3 3 3 3 3 0 3 3 3 3 3 3 3 3
21:43:50.338618 - stdout  :: 0 0
21:43:50.345272 - stdin   :: 8 18 -3 0
1 7
8 18
25 18
37 6
3 3 3 3 3 3 3 3 -1 3 3 3 3 3 3 3 3
3 3 3 3 3 0 0 0 0 -1 0 0 3 3 3 3 3
3 3 3 -1 -1 -1 -1 0 0 -1 0 -1 -1 -1 3 3 3
3 3 -1 -1 -1 -1 0 -1 0 -1 0 -1 -1 -1 -1 3 3
3 3 -1 -1 -1 0 -1 -1 0 -1 0 -1 -1 -1 -1 3 3
3 -1 -1 -1 0 -1 -1 -1 0 -1 0 -1 -1 -1 -1 -1 3
3 -1 -1 0 -1 -1 -1 -1 0 -1 0 -1 -1 -1 -1 -1 3
3 -1 0 -1 -1 -1 -1 -1 0 -1 0 -1 -1 -1 -1 -1 3
-1 0 -1 -1 -1 -1 -1 -1 0 -1 0 -1 -1 -1 -1 -1 -1
3 -1 -1 -1 -1 -1 -1 -1 0 -1 0 -1 -1 -1 -1 -1 3
3 -1 -1 -1 -1 -1 -1 -1 0 -1 0 -1 -1 -1 -1 -1 3
3 -1 -1 -1 -1 -1 -1 -1 0 -1 0 -1 -1 -1 -1 -1 3
3 3 -1 -1 -1 -1 -1 -1 0 -1 0 -1 -1 -1 -1 3 3
3 3 -1 -1 -1 -1 -1 -1 0 -1 0 -1 -1 -1 100 3 3
3 3 3 -1 -1 -1 -1 -1 0 -1 0 -1 -1 100 3 3 3
3 3 3 3 3 -1 -1 -1 0 -1 0 -1 3 3 3 3 3
3 3 3 3 3 3 3 3 0 3 3 3 3 3 3 3 3
21:43:50.349574 - stdout  :: 0 0
21:43:50.355988 - stdin   :: 5 18 -3 0
1 8
5 18
26 18
37 7
3 3 3 3 3 3 3 3 -1 3 3 3 3 3 3 3 3
3 3 3 3 3 -1 -1 -1 -1 -1 -1 -1 3 3 3 3 3
3 3 3 -1 -1 -1 -1 -1 -1 -1 -1 -1 -1 -1 3 3 3
3 3 -1 -1 -1 -1 -1 -1 -1 -1 -1 -1 -1 -1 -1 3 3
3 3 0 0 0 0 0 0 0 -1 0 0 0 0 0 3 3
3 -1 -1 -1 -1 -1 -1 0 0 -1 0 -1 -1 -1 -1 -1 3
3 -1 -1 -1 -1 -1 0 -1 0 -1 0 -1 -1 -1 -1 -1 3
3 -1 -1 -1 -1 0 -1 -1 0 -1 0 -1 -1 -1 -1 -1 3
-1 -1 -1 -1 0 -1 -1 -1 0 -1 0 -1 -1 -1 -1 -1 -1
3 -1 -1 0 -1 -1 -1 -1 0 -1 0 -1 -1 -1 -1 -1 3
3 -1 0 -1 -1 -1 -1 -1 0 -1 0 -1 -1 -1 -1 -1 3
3 0 -1 -1 -1 -1 -1 -1 0 -1 0 -1 -1 -1 -1 -1 3
3 3 -1 -1 -1 -1 -1 -1 0 -1 0 -1 -1 -1 -1 3 3
3 3 -1 -1 -1 -1 -1 -1 0 -1 0 -1 -1 -1 -1 3 3
3 3 3 -1 -1 -1 -1 -1 0 -1 0 -1 -1 -1 3 3 3
3 3 3 3 3 -1 -1 -1 0 -1 0 -1 3 3 3 3 3
3 3 3 3 3 3 3 3 0 3 3 3 3 3 3 3 3
21:43:50.367509 - stdout  :: 0 -1
21:43:50.374312 - stdin   :: 2 17 -3 -1
1 9
2 17
27 18
37 8
3 3 3 3 3 3 3 3 -1 3 3 3 3 3 3 3 3
3 3 3 3 3 -1 -1 -1 -1 -1 -1 -1 3 3 3 3 3
3 3 3 -1 -1 -1 -1 -1 -1 -1 -1 -1 -1 -1 3 3 3
3 3 -1 -1 -1 -1 -1 -1 -1 -1 -1 -1 -1 -1 -1 3 3
3 3 -1 -1 -1 -1 -1 -1 -1 -1 -1 -1 -1 -1 -1 3 3
3 -1 -1 -1 -1 -1 -1 -1 -1 -1 -1 -1 -1 -1 -1 -1 3
3 -1 -1 -1 -1 -1 -1 -1 -1 -1 -1 -1 -1 -1 -1 -1 3
3 0 0 0 0 0 0 0 0 0 -1 0 0 0 0 0 3
-1 -1 -1 -1 -1 -1 -1 -1 0 0 -1 0 -1 -1 -1 -1 -1
3 -1 -1 -1 -1 -1 -1 0 -1 0 -1 0 -1 -1 -1 -1 3
3 -1 -1 -1 -1 -1 0 -1 -1 0 -1 0 -1 -1 -1 -1 3
3 -1 -1 -1 -1 0 -1 -1 -1 0 -1 0 -1 -1 -1 -1 3
3 3 -1 -1 0 -1 -1 -1 -1 0 -1 0 -1 -1 -1 3 3
3 3 -1 0 -1 -1 -1 -1 -1 0 -1 0 -1 -1 -1 3 3
3 3 3 -1 -1 -1 -1 -1 -1 0 -1 0 -1 -1 3 3 3
3 3 3 3 3 -1 -1 -1 -1 0 -1 0 3 3 3 3 3
3 3 3 3 3 3 3 3 -1 3 3 3 3 3 3 3 3
21:43:50.385572 - stdout  :: 1 1
21:43:50.438972 - stdin   :: 2 17 0 0
1 18
2 17
33 18
37 14
3 3 3 3 3 3 3 3 -1 3 3 3 3 3 3 3 3
3 3 3 3 3 -1 -1 -1 -1 -1 -1 -1 3 3 3 3 3
3 3 3 -1 -1 -1 -1 -1 -1 -1 -1 -1 -1 -1 3 3 3
3 3 -1 -1 -1 -1 -1 -1 -1 -1 -1 -1 -1 -1 -1 3 3
3 3 -1 -1 -1 -1 -1 -1 -1 -1 -1 -1 -1 -1 -1 3 3
3 -1 -1 -1 -1 -1 -1 -1 -1 -1 -1 -1 -1 -1 -1 -1 3
3 -1 -1 -1 -1 -1 -1 -1 -1 -1 -1 -1 -1 -1 -1 -1 3
3 0 0 0 0 0 0 0 0 0 -1 0 0 0 0 0 3
-1 -1 -1 -1 -1 -1 -1 -1 0 0 -1 0 -1 -1 -1 -1 -1
3 -1 -1 -1 -1 -1 -1 0 -1 0 -1 0 -1 -1 -1 -1 3
3 -1 -1 -1 -1 -1 0 -1 -1 0 -1 0 -1 -1 -1 -1 3
3 -1 -1 -1 -1 0 -1 -1 -1 0 -1 0 -1 -1 -1 -1 3
3 3 -1 -1 0 -1 -1 -1 -1 0 -1 0 -1 -1 -1 3 3
3 3 -1 0 -1 -1 -1 -1 -1 0 -1 0 -1 -1 -1 3 3
3 3 3 -1 -1 -1 -1 -1 -1 0 -1 0 -1 -1 3 3 3
3 3 3 3 3 -1 -1 -1 -1 0 -1 0 3 3 3 3 3
3 3 3 3 3 3 3 3 -1 3 3 3 3 3 3 3 3
21:43:50.449879 - stdout  :: 1 -1
21:43:50.456466 - stdin   :: 3 16 1 -1
1 18
3 16
34 18
37 15
3 3 3 3 3 3 3 3 -1 3 3 3 3 3 3 3 3
3 3 3 3 3 -1 -1 -1 -1 -1 -1 -1 3 3 3 3 3
3 3 3 -1 -1 -1 -1 -1 -1 -1 -1 -1 -1 -1 3 3 3
3 3 -1 -1 -1 -1 -1 -1 -1 -1 -1 -1 -1 -1 -1 3 3
3 3 -1 -1 -1 -1 -1 -1 -1 -1 -1 -1 -1 -1 -1 3 3
3 -1 -1 -1 -1 -1 -1 -1 -1 -1 -1 -1 -1 -1 -1 -1 3
3 0 0 0 0 0 0 0 0 0 0 -1 0 0 0 0 3
3 -1 -1 -1 -1 -1 -1 -1 -1 0 0 -1 0 -1 -1 -1 3
-1 -1 -1 -1 -1 -1 -1 -1 0 -1 0 -1 0 -1 -1 -1 -1
3 -1 -1 -1 -1 -1 -1 0 -1 -1 0 -1 0 -1 -1 -1 3
3 -1 -1 -1 -1 -1 0 -1 -1 -1 0 -1 0 -1 -1 -1 3
3 -1 -1 -1 -1 0 -1 -1 -1 -1 0 -1 0 -1 -1 -1 3
3 3 -1 -1 0 -1 -1 -1 -1 -1 0 -1 0 -1 -1 3 3
3 3 -1 0 -1 -1 -1 -1 -1 -1 0 -1 0 -1 -1 3 3
3 3 3 -1 -1 -1 -1 -1 -1 -1 0 -1 0 -1 3 3 3
3 3 3 3 3 -1 -1 -1 -1 -1 0 -1 3 3 3 3 3
3 3 3 3 3 3 3 3 -1 3 3 3 3 3 3 3 3
21:43:50.467537 - stdout  :: 1 -1
21:43:50.472474 - stdin   :: 5 14 2 -2
1 18
5 14
35 18
37 16
3 3 3 3 3 3 3 3 -1 3 3 3 3 3 3 3 3
3 3 3 3 3 -1 -1 -1 -1 -1 -1 -1 3 3 3 3 3
3 3 3 -1 -1 -1 -1 -1 -1 -1 -1 -1 -1 -1 3 3 3
3 3 -1 -1 -1 -1 -1 -1 -1 -1 -1 -1 -1 -1 -1 3 3
3 3 0 0 0 0 0 0 0 0 0 0 0 -1 0 3 3
3 -1 -1 -1 -1 -1 -1 -1 -1 -1 -1 0 0 -1 0 -1 3
3 -1 -1 -1 -1 -1 -1 -1 -1 -1 0 -1 0 -1 0 -1 3
3 -1 -1 -1 -1 -1 -1 -1 -1 0 -1 -1 0 -1 0 -1 3
-1 -1 -1 -1 -1 -1 -1 -1 0 -1 -1 -1 0 -1 0 -1 -1
3 -1 -1 -1 -1 -1 -1 0 -1 -1 -1 -1 0 -1 0 -1 3
3 -1 -1 -1 -1 -1 0 -1 -1 -1 -1 -1 0 -1 0 -1 3
3 -1 -1 -1 -1 0 -1 -1 -1 -1 -1 -1 0 -1 0 -1 3
3 3 -1 -1 0 -1 -1 -1 -1 -1 -1 -1 0 -1 0 3 3
3 3 -1 0 -1 -1 -1 -1 -1 -1 -1 -1 0 -1 0 3 3
3 3 3 -1 -1 -1 -1 -1 -1 -1 -1 -1 0 -1 3 3 3
3 3 3 3 3 -1 -1 -1 -1 -1 -1 -1 3 3 3 3 3
3 3 3 3 3 3 3 3 -1 3 3 3 3 3 3 3 3
21:43:50.483090 - stdout  :: 1 -1
21:43:50.487767 - stdin   :: 8 11 3 -3
1 18
8 11
36 18
37 17
3 3 3 3 3 3 3 3 -1 3 3 3 3 3 3 3 3
3 3 3 3 3 0 0 0 0 0 0 0 3 3 3 3 3
3 3 3 -1 -1 -1 -1 -1 -1 -1 -1 -1 -1 -1 3 3 3
3 3 -1 -1 -1 -1 -1 -1 -1 -1 -1 -1 -1 0 -1 3 3
3 3 -1 -1 -1 -1 -1 -1 -1 -1 -1 -1 0 -1 -1 3 3
3 -1 -1 -1 -1 -1 -1 -1 -1 -1 -1 0 -1 -1 -1 0 3
3 -1 -1 -1 -1 -1 -1 -1 -1 -1 0 -1 -1 -1 -1 0 3
3 -1 -1 -1 -1 -1 -1 -1 -1 0 -1 -1 -1 -1 -1 0 3
-1 -1 -1 -1 -1 -1 -1 -1 0 -1 -1 -1 -1 -1 -1 0 -1
3 -1 -1 -1 -1 -1 -1 0 -1 -1 -1 -1 -1 -1 -1 0 3
3 -1 -1 -1 -1 -1 0 -1 -1 -1 -1 -1 -1 -1 -1 0 3
3 -1 -1 -1 -1 0 -1 -1 -1 -1 -1 -1 -1 -1 -1 0 3
3 3 -1 -1 0 -1 -1 -1 -1 -1 -1 -1 -1 -1 -1 3 3
3 3 -1 0 -1 -1 -1 -1 -1 -1 -1 -1 -1 -1 -1 3 3
3 3 3 -1 -1 -1 -1 -1 -1 -1 -1 -1 -1 -1 3 3 3
3 3 3 3 3 -1 -1 -1 -1 -1 -1 -1 3 3 3 3 3
3 3 3 3 3 3 3 3 -1 3 3 3 3 3 3 3 3
21:43:50.497595 - stdout  :: 0 0
21:43:50.506562 - stdin   :: 11 8 3 -3
1 18
11 8
36 17
37 18
3 3 3 3 3 3 3 3 -1 3 3 3 3 3 3 3 3
3 3 3 3 3 -1 -1 -1 -1 -1 -1 -1 3 3 3 3 3
3 3 3 -1 -1 -1 -1 -1 -1 -1 -1 -1 -1 -1 3 3 3
3 3 -1 -1 -1 -1 -1 -1 -1 -1 -1 -1 -1 0 -1 3 3
3 3 -1 -1 -1 -1 -1 -1 -1 -1 -1 -1 0 -1 -1 3 3
3 -1 -1 -1 -1 -1 -1 -1 -1 -1 -1 0 -1 -1 -1 -1 3
3 -1 -1 -1 -1 -1 -1 -1 -1 -1 0 -1 -1 -1 -1 -1 3
3 -1 -1 -1 -1 -1 -1 -1 -1 0 -1 -1 -1 -1 -1 -1 3
-1 -1 -1 -1 -1 -1 -1 -1 0 -1 -1 -1 -1 -1 -1 -1 -1
3 -1 -1 -1 -1 -1 -1 0 -1 -1 -1 -1 -1 -1 -1 -1 3
3 -1 -1 -1 -1 -1 0 -1 -1 -1 -1 -1 -1 -1 -1 -1 3
3 -1 -1 -1 -1 0 -1 -1 -1 -1 -1 -1 -1 -1 -1 -1 3
3 3 -1 -1 0 -1 -1 -1 -1 -1 -1 -1 -1 -1 -1 3 3
3 3 -1 0 -1 -1 -1 -1 -1 -1 -1 -1 -1 -1 -1 3 3
3 3 3 -1 -1 -1 -1 -1 -1 -1 -1 -1 -1 -1 3 3 3
3 3 3 3 3 -1 -1 -1 -1 -1 -1 -1 3 3 3 3 3
3 3 3 3 3 3 3 3 0 3 3 3 3 3 3 3 3
21:43:50.516594 - stdout  :: 0 0
21:43:50.521200 - stdin   :: 14 5 3 -3
1 18
14 5
36 17
36 18
3 3 3 3 3 3 3 3 -1 3 3 3 3 3 3 3 3
3 3 3 3 3 -1 -1 -1 -1 -1 -1 -1 3 3 3 3 3
3 3 3 -1 -1 -1 -1 -1 -1 -1 -1 -1 -1 -1 3 3 3
3 3 -1 -1 -1 -1 -1 -1 -1 -1 -1 -1 -1 0 -1 3 3
3 3 -1 -1 -1 -1 -1 -1 -1 -1 -1 -1 0 -1 -1 3 3
3 -1 -1 -1 -1 -1 -1 -1 -1 -1 -1 0 -1 -1 -1 -1 3
3 -1 -1 -1 -1 -1 -1 -1 -1 -1 0 -1 -1 -1 -1 -1 3
3 -1 -1 -1 -1 -1 -1 -1 -1 0 -1 -1 -1 -1 -1 -1 3
-1 -1 -1 -1 -1 -1 -1 -1 0 -1 -1 -1 -1 -1 -1 -1 -1
3 -1 -1 -1 -1 -1 -1 0 -1 -1 -1 -1 -1 -1 -1 -1 3
3 -1 -1 -1 -1 -1 0 -1 -1 -1 -1 -1 -1 -1 -1 -1 3
3 -1 -1 -1 -1 0 -1 -1 -1 -1 -1 -1 -1 -1 -1 -1 3
3 3 -1 -1 0 -1 -1 -1 -1 -1 -1 -1 -1 -1 -1 3 3
3 3 -1 -1 0 0 0 0 0 0 0 0 0 0 0 3 3
3 3 3 -1 0 -1 -1 -1 -1 -1 -1 -1 -1 -1 3 3 3
3 3 3 3 3 0 -1 -1 -1 -1 -1 -1 3 3 3 3 3
3 3 3 3 3 3 3 3 -1 3 3 3 3 3 3 3 3
21:43:50.530283 - stdout  :: 0 0
21:43:50.533368 - stdin   :: 17 2 3 -3
1 18
17 2
36 17
35 18
3 3 3 3 3 3 3 3 -1 3 3 3 3 3 3 3 3
3 3 3 3 3 -1 -1 -1 -1 -1 -1 -1 3 3 3 3 3
3 3 3 -1 -1 -1 -1 -1 -1 -1 -1 -1 -1 -1 3 3 3
3 3 -1 -1 -1 -1 -1 -1 -1 -1 -1 -1 -1 0 -1 3 3
3 3 -1 -1 -1 -1 -1 -1 -1 -1 -1 -1 0 -1 -1 3 3
3 -1 -1 -1 -1 -1 -1 -1 -1 -1 -1 0 -1 -1 -1 -1 3
3 -1 -1 -1 -1 -1 -1 -1 -1 -1 0 -1 -1 -1 -1 -1 3
3 -1 -1 -1 -1 -1 -1 -1 -1 0 -1 -1 -1 -1 -1 -1 3
-1 -1 -1 -1 -1 -1 -1 -1 0 -1 -1 -1 -1 -1 -1 -1 -1
3 -1 -1 -1 -1 -1 -1 0 -1 -1 -1 -1 -1 -1 -1 -1 3
3 -1 -1 -1 -1 -1 -1 0 0 0 0 0 0 0 0 0 3
3 -1 -1 -1 -1 -1 -1 0 -1 -1 -1 -1 -1 -1 -1 -1 3
3 3 -1 -1 -1 -1 -1 -1 0 -1 -1 -1 -1 -1 -1 3 3
3 3 -1 -1 -1 -1 -1 -1 -1 0 -1 -1 -1 -1 -1 3 3
3 3 3 -1 -1 -1 -1 -1 -1 -1 0 -1 -1 -1 3 3 3
3 3 3 3 3 -1 -1 -1 -1 -1 -1 0 3 3 3 3 3
3 3 3 3 3 3 3 3 -1 3 3 3 3 3 3 3 3
21:43:50.542787 - stdout  :: -1 1
21:43:50.572594 - stdin   :: 17 2 0 0
7 18
17 2
33 14
29 18
3 3 3 3 3 3 3 3 -1 3 3 3 3 3 3 3 3
3 3 3 3 3 -1 -1 -1 -1 -1 -1 -1 3 3 3 3 3
3 3 3 -1 -1 -1 -1 -1 -1 -1 -1 -1 -1 -1 3 3 3
3 3 -1 -1 -1 -1 -1 -1 -1 -1 -1 -1 -1 0 -1 3 3
3 3 -1 -1 -1 -1 -1 -1 -1 -1 -1 -1 0 -1 -1 3 3
3 -1 -1 -1 -1 -1 -1 -1 -1 -1 -1 0 -1 -1 -1 -1 3
3 -1 -1 -1 -1 -1 -1 -1 -1 -1 0 -1 -1 -1 -1 -1 3
3 -1 -1 -1 -1 -1 -1 -1 -1 0 -1 -1 -1 -1 -1 -1 3
-1 -1 -1 -1 -1 -1 -1 -1 0 -1 -1 -1 -1 -1 -1 -1 -1
3 -1 -1 -1 -1 -1 -1 0 -1 -1 -1 -1 -1 -1 -1 -1 3
3 -1 -1 -1 -1 -1 -1 0 0 0 0 0 0 0 0 0 3
3 -1 -1 -1 -1 -1 -1 0 -1 -1 -1 -1 -1 -1 -1 -1 3
3 3 -1 -1 -1 -1 -1 -1 0 -1 -1 -1 -1 -1 -1 3 3
3 3 -1 -1 -1 -1 -1 -1 -1 0 -1 -1 -1 -1 -1 3 3
3 3 3 -1 -1 -1 -1 -1 -1 -1 0 -1 -1 -1 3 3 3
3 3 3 3 3 -1 -1 -1 -1 -1 -1 0 3 3 3 3 3
3 3 3 3 3 3 3 3 -1 3 3 3 3 3 3 3 3
21:43:50.582467 - stdout  :: 1 -1
21:43:50.601317 - stdin   :: 18 1 1 -1
8 18
18 1
32 13
28 18
3 3 3 3 3 3 3 3 -1 3 3 3 3 3 3 3 3
3 3 3 3 3 -1 -1 -1 -1 -1 -1 -1 3 3 3 3 3
3 3 3 -1 -1 -1 -1 -1 -1 -1 -1 -1 -1 -1 3 3 3
3 3 -1 -1 -1 -1 -1 -1 -1 -1 -1 -1 -1 0 -1 3 3
3 3 -1 -1 -1 -1 -1 -1 -1 -1 -1 -1 0 -1 -1 3 3
3 -1 -1 -1 -1 -1 -1 -1 -1 -1 -1 0 -1 -1 -1 -1 3
3 -1 -1 -1 -1 -1 -1 -1 -1 -1 0 -1 -1 -1 -1 -1 3
3 -1 -1 -1 -1 -1 -1 -1 -1 0 -1 -1 -1 -1 -1 -1 3
-1 -1 -1 -1 -1 -1 -1 -1 0 -1 -1 -1 -1 -1 -1 -1 -1
3 -1 -1 -1 -1 -1 -1 -1 0 0 0 0 0 0 0 0 3
3 -1 -1 -1 -1 -1 -1 -1 0 -1 -1 -1 -1 -1 -1 -1 3
3 -1 -1 -1 -1 -1 -1 -1 -1 0 -1 -1 -1 -1 -1 -1 3
3 3 -1 -1 -1 -1 -1 -1 -1 -1 0 -1 -1 -1 -1 3 3
3 3 -1 -1 -1 -1 -1 -1 -1 -1 -1 0 -1 -1 -1 3 3
3 3 3 -1 -1 -1 -1 -1 -1 -1 -1 -1 0 -1 3 3 3
3 3 3 3 3 -1 -1 -1 -1 -1 -1 -1 3 3 3 3 3
3 3 3 3 3 3 3 3 -1 3 3 3 3 3 3 3 3
21:43:50.612152 - stdout  :: 1 1
21:43:50.625129 - stdin   :: 20 1 2 0
9 18
20 1
30 11
27 18
3 3 3 3 3 3 3 3 -1 3 3 3 3 3 3 3 3
3 3 3 3 3 -1 -1 -1 -1 -1 -1 -1 3 3 3 3 3
3 3 3 -1 -1 -1 -1 -1 -1 -1 -1 -1 0 -1 3 3 3
3 3 -1 -1 -1 -1 -1 -1 -1 -1 -1 0 -1 -1 -1 3 3
3 3 -1 -1 -1 -1 -1 -1 -1 -1 0 -1 -1 -1 -1 3 3
3 -1 -1 -1 -1 -1 -1 -1 -1 0 -1 -1 -1 -1 -1 -1 3
3 -1 -1 -1 -1 -1 -1 -1 0 -1 -1 -1 -1 -1 -1 -1 3
3 -1 -1 -1 -1 -1 -1 -1 0 0 0 0 0 0 0 0 3
-1 -1 -1 -1 -1 -1 -1 -1 0 -1 -1 -1 -1 -1 -1 -1 -1
3 -1 -1 -1 -1 -1 -1 -1 -1 0 -1 -1 -1 -1 -1 -1 3
3 -1 -1 -1 -1 -1 -1 -1 -1 -1 0 -1 -1 -1 -1 -1 3
3 -1 -1 -1 -1 -1 -1 -1 -1 -1 -1 0 -1 -1 -1 -1 3
3 3 -1 -1 -1 -1 -1 -1 -1 -1 -1 -1 0 -1 -1 3 3
3 3 -1 -1 -1 -1 -1 -1 -1 -1 -1 -1 -1 0 -1 3 3
3 3 3 -1 -1 -1 -1 -1 -1 -1 -1 -1 -1 -1 3 3 3
3 3 3 3 3 -1 -1 -1 -1 -1 -1 -1 3 3 3 3 3
3 3 3 3 3 3 3 3 -1 3 3 3 3 3 3 3 3
21:43:50.636315 - stdout  :: -1 1
21:43:50.651203 - stdin   :: 21 2 1 1
10 18
21 2
29 10
26 18
3 3 3 3 3 3 3 3 -1 3 3 3 3 3 3 3 3
3 3 3 3 3 -1 -1 -1 -1 -1 -1 0 3 3 3 3 3
3 3 3 -1 -1 -1 -1 -1 -1 -1 0 -1 -1 -1 3 3 3
3 3 -1 -1 -1 -1 -1 -1 -1 0 -1 -1 -1 -1 -1 3 3
3 3 -1 -1 -1 -1 -1 -1 0 -1 -1 -1 -1 -1 -1 3 3
3 -1 -1 -1 -1 -1 -1 0 -1 -1 -1 -1 -1 -1 -1 -1 3
3 -1 -1 -1 -1 -1 -1 0 0 0 0 0 0 0 0 0 3
3 -1 -1 -1 -1 -1 -1 0 -1 -1 -1 -1 -1 -1 -1 -1 3
-1 -1 -1 -1 -1 -1 -1 -1 0 -1 -1 -1 -1 -1 -1 -1 -1
3 -1 -1 -1 -1 -1 -1 -1 -1 0 -1 -1 -1 -1 -1 -1 3
3 -1 -1 -1 -1 -1 -1 -1 -1 -1 0 -1 -1 -1 -1 -1 3
3 -1 -1 -1 -1 -1 -1 -1 -1 -1 -1 0 -1 -1 -1 -1 3
3 3 -1 -1 -1 -1 -1 -1 -1 -1 -1 -1 0 -1 -1 3 3
3 3 -1 -1 -1 -1 -1 -1 -1 -1 -1 -1 -1 0 -1 3 3
3 3 3 -1 -1 -1 -1 -1 -1 -1 -1 -1 -1 -1 3 3 3
3 3 3 3 3 -1 -1 -1 -1 -1 -1 -1 3 3 3 3 3
3 3 3 3 3 3 3 3 -1 3 3 3 3 3 3 3 3
21:43:50.661132 - stdout  :: 1 1
21:43:50.673769 - stdin   :: 23 4 2 2
11 18
23 4
27 8
24 18
3 3 3 3 3 3 3 3 0 3 3 3 3 3 3 3 3
3 3 3 3 3 -1 -1 0 -1 -1 -1 -1 3 3 3 3 3
3 3 3 -1 -1 -1 0 -1 -1 -1 -1 -1 -1 -1 3 3 3
3 3 -1 -1 -1 0 -1 -1 -1 -1 -1 -1 -1 -1 -1 3 3
3 3 -1 -1 -1 0 0 0 0 0 0 0 0 0 0 3 3
3 -1 -1 -1 -1 0 -1 -1 -1 -1 -1 -1 -1 -1 -1 -1 3
3 -1 -1 -1 -1 -1 0 -1 -1 -1 -1 -1 -1 -1 -1 -1 3
3 -1 -1 -1 -1 -1 -1 0 -1 -1 -1 -1 -1 -1 -1 -1 3
-1 -1 -1 -1 -1 -1 -1 -1 0 -1 -1 -1 -1 -1 -1 -1 -1
3 -1 -1 -1 -1 -1 -1 -1 -1 0 -1 -1 -1 -1 -1 -1 3
3 -1 -1 -1 -1 -1 -1 -1 -1 -1 0 -1 -1 -1 -1 -1 3
3 -1 -1 -1 -1 -1 -1 -1 -1 -1 -1 0 -1 -1 -1 -1 3
3 3 -1 -1 -1 -1 -1 -1 -1 -1 -1 -1 0 -1 -1 3 3
3 3 -1 -1 -1 -1 -1 -1 -1 -1 -1 -1 -1 0 -1 3 3
3 3 3 -1 -1 -1 -1 -1 -1 -1 -1 -1 -1 -1 3 3 3
3 3 3 3 3 -1 -1 -1 -1 -1 -1 -1 3 3 3 3 3
3 3 3 3 3 3 3 3 -1 3 3 3 3 3 3 3 3
21:43:50.682812 - stdout  :: 1 1
21:43:50.693975 - stdin   :: 26 7 3 3
12 18
26 7
27 8
21 18
3 3 3 3 3 3 3 3 -1 3 3 3 3 3 3 3 3
3 3 3 3 3 0 0 0 0 0 0 0 3 3 3 3 3
3 3 3 -1 -1 -1 -1 -1 -1 -1 -1 -1 -1 -1 3 3 3
3 3 -1 0 -1 -1 -1 -1 -1 -1 -1 -1 -1 -1 -1 3 3
3 3 -1 -1 0 -1 -1 -1 -1 -1 -1 -1 -1 -1 -1 3 3
3 -1 -1 -1 -1 0 -1 -1 -1 -1 -1 -1 -1 -1 -1 -1 3
3 -1 -1 -1 -1 -1 0 -1 -1 -1 -1 -1 -1 -1 -1 -1 3
3 -1 -1 -1 -1 -1 -1 0 -1 -1 -1 -1 -1 -1 -1 -1 3
-1 -1 -1 -1 -1 -1 -1 -1 0 -1 -1 -1 -1 -1 -1 -1 -1
3 -1 -1 -1 -1 -1 -1 -1 -1 0 -1 -1 -1 -1 -1 -1 3
3 -1 -1 -1 -1 -1 -1 -1 -1 -1 0 -1 -1 -1 -1 -1 3
3 -1 -1 -1 -1 -1 -1 -1 -1 -1 -1 0 -1 -1 -1 -1 3
3 3 -1 -1 -1 -1 -1 -1 -1 -1 -1 -1 0 -1 -1 3 3
3 3 -1 -1 -1 -1 -1 -1 -1 -1 -1 -1 -1 0 -1 3 3
3 3 3 -1 -1 -1 -1 -1 -1 -1 -1 -1 -1 -1 3 3 3
3 3 3 3 3 -1 -1 -1 -1 -1 -1 -1 3 3 3 3 3
3 3 3 3 3 3 3 3 -1 3 3 3 3 3 3 3 3
21:43:50.702484 - stdout  :: 0 0
21:43:50.708986 - stdin   :: 29 10 3 3
13 18
29 10
27 8
21 18
3 3 3 3 3 3 3 3 -1 3 3 3 3 3 3 3 3
3 3 3 3 3 -1 -1 -1 -1 -1 -1 -1 3 3 3 3 3
3 3 3 -1 -1 -1 -1 -1 -1 -1 -1 -1 -1 -1 3 3 3
3 3 -1 0 -1 -1 -1 -1 -1 -1 -1 -1 -1 -1 -1 3 3
3 3 -1 -1 0 -1 -1 -1 -1 -1 -1 -1 -1 -1 -1 3 3
3 -1 -1 -1 -1 0 -1 -1 -1 -1 -1 -1 -1 -1 -1 -1 3
3 -1 -1 -1 -1 -1 0 -1 -1 -1 -1 -1 -1 -1 -1 -1 3
3 -1 -1 -1 -1 -1 -1 0 -1 -1 -1 -1 -1 -1 -1 -1 3
-1 -1 -1 -1 -1 -1 -1 -1 0 -1 -1 -1 -1 -1 -1 -1 0
3 -1 -1 -1 -1 -1 -1 -1 -1 0 -1 -1 -1 -1 -1 -1 3
3 -1 -1 -1 -1 -1 -1 -1 -1 -1 0 -1 -1 -1 -1 -1 3
3 -1 -1 -1 -1 -1 -1 -1 -1 -1 -1 0 -1 -1 -1 -1 3
3 3 -1 -1 -1 -1 -1 -1 -1 -1 -1 -1 0 -1 -1 3 3
3 3 -1 -1 -1 -1 -1 -1 -1 -1 -1 -1 -1 0 -1 3 3
3 3 3 -1 -1 -1 -1 -1 -1 -1 -1 -1 -1 -1 3 3 3
3 3 3 3 3 -1 -1 -1 -1 -1 -1 -1 3 3 3 3 3
3 3 3 3 3 3 3 3 0 3 3 3 3 3 3 3 3
21:43:50.717901 - stdout  :: 0 0
21:43:50.721430 - stdin   :: 32 13 3 3
14 18
32 13
27 8
21 18
3 3 3 3 3 3 3 3 -1 3 3 3 3 3 3 3 3
3 3 3 3 3 -1 -1 -1 -1 -1 -1 -1 3 3 3 3 3
3 3 3 -1 -1 -1 -1 -1 -1 -1 -1 -1 -1 0 3 3 3
3 3 -1 0 -1 -1 -1 -1 -1 -1 -1 -1 -1 0 -1 3 3
3 3 -1 -1 0 -1 -1 -1 -1 -1 -1 -1 -1 0 -1 3 3
3 -1 -1 -1 -1 0 -1 -1 -1 -1 -1 -1 -1 0 -1 0 3
3 -1 -1 -1 -1 -1 0 -1 -1 -1 -1 -1 -1 0 -1 0 3
3 -1 -1 -1 -1 -1 -1 0 -1 -1 -1 -1 -1 0 -1 0 3
-1 -1 -1 -1 -1 -1 -1 -1 0 -1 -1 -1 -1 0 -1 0 -1
3 -1 -1 -1 -1 -1 -1 -1 -1 0 -1 -1 -1 0 -1 0 3
3 -1 -1 -1 -1 -1 -1 -1 -1 -1 0 -1 -1 0 -1 0 3
3 -1 -1 -1 -1 -1 -1 -1 -1 -1 -1 0 -1 0 -1 0 3
3 3 -1 -1 -1 -1 -1 -1 -1 -1 -1 -1 0 0 -1 3 3
3 3 0 0 0 0 0 0 0 0 0 0 0 0 -1 3 3
3 3 3 -1 -1 -1 -1 -1 -1 -1 -1 -1 -1 -1 3 3 3
3 3 3 3 3 -1 -1 -1 -1 -1 -1 -1 3 3 3 3 3
3 3 3 3 3 3 3 3 -1 3 3 3 3 3 3 3 3
21:43:50.729089 - stdout  :: 0 0
21:43:50.738849 - stdin   :: 35 16 3 3
15 18
35 16
27 8
21 18
3 3 3 3 3 3 3 3 -1 3 3 3 3 3 3 3 3
3 3 3 3 3 -1 -1 -1 -1 -1 0 -1 3 3 3 3 3
3 3 3 -1 -1 -1 -1 -1 -1 -1 0 -1 0 -1 3 3 3
3 3 -1 0 -1 -1 -1 -1 -1 -1 0 -1 0 -1 -1 3 3
3 3 -1 -1 0 -1 -1 -1 -1 -1 0 -1 0 -1 -1 3 3
3 -1 -1 -1 -1 0 -1 -1 -1 -1 0 -1 0 -1 -1 -1 3
3 -1 -1 -1 -1 -1 0 -1 -1 -1 0 -1 0 -1 -1 -1 3
3 -1 -1 -1 -1 -1 -1 0 -1 -1 0 -1 0 -1 -1 -1 3
-1 -1 -1 -1 -1 -1 -1 -1 0 -1 0 -1 0 -1 -1 -1 -1
3 -1 -1 -1 -1 -1 -1 -1 -1 0 0 -1 0 -1 -1 -1 3
3 0 0 0 0 0 0 0 0 0 0 -1 0 -1 -1 -1 3
3 -1 -1 -1 -1 -1 -1 -1 -1 -1 -1 -1 0 0 0 0 3
3 3 -1 -1 -1 -1 -1 -1 -1 -1 -1 -1 -1 -1 -1 3 3
3 3 -1 -1 -1 -1 -1 -1 -1 -1 -1 -1 -1 -1 -1 3 3
3 3 3 -1 -1 -1 -1 -1 -1 -1 -1 -1 -1 -1 3 3 3
3 3 3 3 3 -1 -1 -1 -1 -1 -1 -1 3 3 3 3 3
3 3 3 3 3 3 3 3 -1 3 3 3 3 3 3 3 3
21:43:50.749416 - stdout  :: -1 -1
21:43:50.757540 - stdin   :: 37 18 2 2
16 18
37 18
27 8
21 18
3 3 3 3 3 3 3 3 0 3 3 3 3 3 3 3 3
3 3 3 3 3 -1 -1 -1 0 -1 0 -1 3 3 3 3 3
3 3 3 -1 -1 -1 -1 -1 0 -1 0 -1 -1 -1 3 3 3
3 3 -1 0 -1 -1 -1 -1 0 -1 0 -1 -1 -1 -1 3 3
3 3 -1 -1 0 -1 -1 -1 0 -1 0 -1 -1 -1 -1 3 3
3 -1 -1 -1 -1 0 -1 -1 0 -1 0 -1 -1 -1 -1 -1 3
3 -1 -1 -1 -1 -1 0 -1 0 -1 0 -1 -1 -1 -1 -1 3
3 -1 -1 -1 -1 -1 -1 0 0 -1 0 -1 -1 -1 -1 -1 3
0 0 0 0 0 0 0 0 0 -1 0 -1 -1 -1 -1 -1 -1
3 -1 -1 -1 -1 -1 -1 -1 -1 -1 0 0 0 0 0 0 3
3 -1 -1 -1 -1 -1 -1 -1 -1 -1 -1 -1 -1 -1 -1 -1 3
3 -1 -1 -1 -1 -1 -1 -1 -1 -1 -1 -1 -1 -1 -1 -1 3
3 3 -1 -1 -1 -1 -1 -1 -1 -1 -1 -1 -1 -1 -1 3 3
3 3 -1 -1 -1 -1 -1 -1 -1 -1 -1 -1 -1 -1 -1 3 3
3 3 3 -1 -1 -1 -1 -1 -1 -1 -1 -1 -1 -1 3 3 3
3 3 3 3 3 -1 -1 -1 -1 -1 -1 -1 3 3 3 3 3
3 3 3 3 3 3 3 3 -1 3 3 3 3 3 3 3 3
21:43:50.765232 - stdout  :: -1 -1
21:43:50.822680 - stdin   :: 37 18 0 0
13 18
37 18
20 1
21 18
3 3 3 3 3 3 3 3 0 3 3 3 3 3 3 3 3
3 3 3 3 3 -1 -1 -1 0 -1 0 -1 3 3 3 3 3
3 3 3 -1 -1 -1 -1 -1 0 -1 0 -1 -1 -1 3 3 3
3 3 -1 0 -1 -1 -1 -1 0 -1 0 -1 -1 -1 -1 3 3
3 3 -1 -1 0 -1 -1 -1 0 -1 0 -1 -1 -1 -1 3 3
3 -1 -1 -1 -1 0 -1 -1 0 -1 0 -1 -1 -1 -1 -1 3
3 -1 -1 -1 -1 -1 0 -1 0 -1 0 -1 -1 -1 -1 -1 3
3 -1 -1 -1 -1 -1 -1 0 0 -1 0 -1 -1 -1 -1 -1 3
0 0 0 0 0 0 0 0 0 -1 0 -1 -1 -1 -1 -1 -1
3 -1 -1 -1 -1 -1 -1 -1 -1 -1 0 0 0 0 0 0 3
3 -1 -1 -1 -1 -1 -1 -1 -1 -1 -1 -1 -1 -1 -1 -1 3
3 -1 -1 -1 -1 -1 -1 -1 -1 -1 -1 -1 -1 -1 -1 -1 3
3 3 -1 -1 -1 -1 -1 -1 -1 -1 -1 -1 -1 -1 -1 3 3
3 3 -1 -1 -1 -1 -1 -1 -1 -1 -1 -1 -1 -1 -1 3 3
3 3 3 -1 -1 -1 -1 -1 -1 -1 -1 -1 -1 -1 3 3 3
3 3 3 3 3 -1 -1 -1 -1 -1 -1 -1 3 3 3 3 3
3 3 3 3 3 3 3 3 -1 3 3 3 3 3 3 3 3
21:43:50.828830 - stdout  :: -1 -1
21:43:50.840607 - stdin   :: 36 17 -1 -1
12 18
36 17
18 1
21 18
3 3 3 3 3 3 3 3 -1 3 3 3 3 3 3 3 3
3 3 3 3 3 -1 -1 -1 -1 0 -1 0 3 3 3 3 3
3 3 3 -1 -1 -1 -1 -1 -1 0 -1 0 -1 -1 3 3 3
3 3 -1 0 -1 -1 -1 -1 -1 0 -1 0 -1 -1 -1 3 3
3 3 -1 -1 0 -1 -1 -1 -1 0 -1 0 -1 -1 -1 3 3
3 -1 -1 -1 -1 0 -1 -1 -1 0 -1 0 -1 -1 -1 -1 3
3 -1 -1 -1 -1 -1 0 -1 -1 0 -1 0 -1 -1 -1 -1 3
3 -1 -1 -1 -1 -1 -1 0 -1 0 -1 0 -1 -1 -1 -1 3
-1 -1 -1 -1 -1 -1 -1 -1 0 0 -1 0 -1 -1 -1 -1 -1
3 0 0 0 0 0 0 0 0 0 -1 0 -1 -1 -1 -1 3
3 -1 -1 -1 -1 -1 -1 -1 -1 -1 -1 0 0 0 0 0 3
3 -1 -1 -1 -1 -1 -1 -1 -1 -1 -1 -1 -1 -1 -1 -1 3
3 3 -1 -1 -1 -1 -1 -1 -1 -1 -1 -1 -1 -1 -1 3 3
3 3 -1 -1 -1 -1 -1 -1 -1 -1 -1 -1 -1 -1 -1 3 3
3 3 3 -1 -1 -1 -1 -1 -1 -1 -1 -1 -1 -1 3 3 3
3 3 3 3 3 -1 -1 -1 -1 -1 -1 -1 3 3 3 3 3
3 3 3 3 3 3 3 3 -1 3 3 3 3 3 3 3 3
21:43:50.846797 - stdout  :: -1 -1
21:43:50.858081 - stdin   :: 34 15 -2 -2
11 18
34 15
18 1
21 18
3 3 3 3 3 3 3 3 -1 3 3 3 3 3 3 3 3
3 3 3 3 3 -1 -1 -1 -1 -1 -1 0 3 3 3 3 3
3 3 3 -1 -1 -1 -1 -1 -1 -1 -1 0 -1 0 3 3 3
3 3 -1 0 -1 -1 -1 -1 -1 -1 -1 0 -1 0 -1 3 3
3 3 -1 -1 0 -1 -1 -1 -1 -1 -1 0 -1 0 -1 3 3
3 -1 -1 -1 -1 0 -1 -1 -1 -1 -1 0 -1 0 -1 -1 3
3 -1 -1 -1 -1 -1 0 -1 -1 -1 -1 0 -1 0 -1 -1 3
3 -1 -1 -1 -1 -1 -1 0 -1 -1 -1 0 -1 0 -1 -1 3
-1 -1 -1 -1 -1 -1 -1 -1 0 -1 -1 0 -1 0 -1 -1 -1
3 -1 -1 -1 -1 -1 -1 -1 -1 0 -1 0 -1 0 -1 -1 3
3 -1 -1 -1 -1 -1 -1 -1 -1 -1 0 0 -1 0 -1 -1 3
3 0 0 0 0 0 0 0 0 0 0 0 -1 0 -1 -1 3
3 3 -1 -1 -1 -1 -1 -1 -1 -1 -1 -1 -1 0 0 3 3
3 3 -1 -1 -1 -1 -1 -1 -1 -1 -1 -1 -1 -1 -1 3 3
3 3 3 -1 -1 -1 -1 -1 -1 -1 -1 -1 -1 -1 3 3 3
3 3 3 3 3 -1 -1 -1 -1 -1 -1 -1 3 3 3 3 3
3 3 3 3 3 3 3 3 -1 3 3 3 3 3 3 3 3
21:43:50.864158 - stdout  :: 1 1
21:43:50.868704 - stdin   :: 33 14 -1 -1
10 18
33 14
18 1
21 18
3 3 3 3 3 3 3 3 -1 3 3 3 3 3 3 3 3
3 3 3 3 3 -1 -1 -1 -1 -1 -1 -1 3 3 3 3 3
3 3 3 -1 -1 -1 -1 -1 -1 -1 -1 -1 0 -1 3 3 3
3 3 -1 0 -1 -1 -1 -1 -1 -1 -1 -1 0 -1 0 3 3
3 3 -1 -1 0 -1 -1 -1 -1 -1 -1 -1 0 -1 0 3 3
3 -1 -1 -1 -1 0 -1 -1 -1 -1 -1 -1 0 -1 0 -1 3
3 -1 -1 -1 -1 -1 0 -1 -1 -1 -1 -1 0 -1 0 -1 3
3 -1 -1 -1 -1 -1 -1 0 -1 -1 -1 -1 0 -1 0 -1 3
-1 -1 -1 -1 -1 -1 -1 -1 0 -1 -1 -1 0 -1 0 -1 -1
3 -1 -1 -1 -1 -1 -1 -1 -1 0 -1 -1 0 -1 0 -1 3
3 -1 -1 -1 -1 -1 -1 -1 -1 -1 0 -1 0 -1 0 -1 3
3 -1 -1 -1 -1 -1 -1 -1 -1 -1 -1 0 0 -1 0 -1 3
3 3 0 0 0 0 0 0 0 0 0 0 0 -1 0 3 3
3 3 -1 -1 -1 -1 -1 -1 -1 -1 -1 -1 -1 -1 0 3 3
3 3 3 -1 -1 -1 -1 -1 -1 -1 -1 -1 -1 -1 3 3 3
3 3 3 3 3 -1 -1 -1 -1 -1 -1 -1 3 3 3 3 3
3 3 3 3 3 3 3 3 -1 3 3 3 3 3 3 3 3
21:43:50.874936 - stdout  :: 0 0
21:43:50.879387 - stdin   :: 32 13 -1 -1
9 18
32 13
18 1
21 18
3 3 3 3 3 3 3 3 -1 3 3 3 3 3 3 3 3
3 3 3 3 3 -1 -1 -1 -1 -1 -1 -1 3 3 3 3 3
3 3 3 -1 -1 -1 -1 -1 -1 -1 -1 -1 -1 0 3 3 3
3 3 -1 0 -1 -1 -1 -1 -1 -1 -1 -1 -1 0 -1 3 3
3 3 -1 -1 0 -1 -1 -1 -1 -1 -1 -1 -1 0 -1 3 3
3 -1 -1 -1 -1 0 -1 -1 -1 -1 -1 -1 -1 0 -1 0 3
3 -1 -1 -1 -1 -1 0 -1 -1 -1 -1 -1 -1 0 -1 0 3
3 -1 -1 -1 -1 -1 -1 0 -1 -1 -1 -1 -1 0 -1 0 3
-1 -1 -1 -1 -1 -1 -1 -1 0 -1 -1 -1 -1 0 -1 0 -1
3 -1 -1 -1 -1 -1 -1 -1 -1 0 -1 -1 -1 0 -1 0 3
3 -1 -1 -1 -1 -1 -1 -1 -1 -1 0 -1 -1 0 -1 0 3
3 -1 -1 -1 -1 -1 -1 -1 -1 -1 -1 0 -1 0 -1 0 3
3 3 -1 -1 -1 -1 -1 -1 -1 -1 -1 -1 0 0 -1 3 3
3 3 0 0 0 0 0 0 0 0 0 0 0 0 -1 3 3
3 3 3 -1 -1 -1 -1 -1 -1 -1 -1 -1 -1 -1 3 3 3
3 3 3 3 3 -1 -1 -1 -1 -1 -1 -1 3 3 3 3 3
3 3 3 3 3 3 3 3 -1 3 3 3 3 3 3 3 3
21:43:50.885298 - stdout  :: 0 0
21:43:50.890197 - stdin   :: 31 12 -1 -1
8 18
31 12
18 1
21 18
3 3 3 3 3 3 3 3 -1 3 3 3 3 3 3 3 3
3 3 3 3 3 -1 -1 -1 -1 -1 -1 -1 3 3 3 3 3
3 3 3 -1 -1 -1 -1 -1 -1 -1 -1 -1 -1 -1 3 3 3
3 3 -1 0 -1 -1 -1 -1 -1 -1 -1 -1 -1 -1 0 3 3
3 3 -1 -1 0 -1 -1 -1 -1 -1 -1 -1 -1 -1 0 3 3
3 -1 -1 -1 -1 0 -1 -1 -1 -1 -1 -1 -1 -1 0 -1 3
3 -1 -1 -1 -1 -1 0 -1 -1 -1 -1 -1 -1 -1 0 -1 3
3 -1 -1 -1 -1 -1 -1 0 -1 -1 -1 -1 -1 -1 0 -1 3
-1 -1 -1 -1 -1 -1 -1 -1 0 -1 -1 -1 -1 -1 0 -1 0
3 -1 -1 -1 -1 -1 -1 -1 -1 0 -1 -1 -1 -1 0 -1 3
3 -1 -1 -1 -1 -1 -1 -1 -1 -1 0 -1 -1 -1 0 -1 3
3 -1 -1 -1 -1 -1 -1 -1 -1 -1 -1 0 -1 -1 0 -1 3
3 3 -1 -1 -1 -1 -1 -1 -1 -1 -1 -1 0 -1 0 3 3
3 3 -1 -1 -1 -1 -1 -1 -1 -1 -1 -1 -1 0 0 3 3
3 3 3 0 0 0 0 0 0 0 0 0 0 0 3 3 3
3 3 3 3 3 -1 -1 -1 -1 -1 -1 -1 3 3 3 3 3
3 3 3 3 3 3 3 3 -1 3 3 3 3 3 3 3 3
21:43:50.897117 - stdout  :: -1 -1
21:43:50.901775 - stdin   :: 29 10 -2 -2
7 18
29 10
18 1
21 18
3 3 3 3 3 3 3 3 -1 3 3 3 3 3 3 3 3
3 3 3 3 3 -1 -1 -1 -1 -1 -1 -1 3 3 3 3 3
3 3 3 -1 -1 -1 -1 -1 -1 -1 -1 -1 -1 -1 3 3 3
3 3 -1 0 -1 -1 -1 -1 -1 -1 -1 -1 -1 -1 -1 3 3
3 3 -1 -1 0 -1 -1 -1 -1 -1 -1 -1 -1 -1 -1 3 3
3 -1 -1 -1 -1 0 -1 -1 -1 -1 -1 -1 -1 -1 -1 -1 3
3 -1 -1 -1 -1 -1 0 -1 -1 -1 -1 -1 -1 -1 -1 -1 3
3 -1 -1 -1 -1 -1 -1 0 -1 -1 -1 -1 -1 -1 -1 -1 3
-1 -1 -1 -1 -1 -1 -1 -1 0 -1 -1 -1 -1 -1 -1 -1 0
3 -1 -1 -1 -1 -1 -1 -1 -1 0 -1 -1 -1 -1 -1 -1 3
3 -1 -1 -1 -1 -1 -1 -1 -1 -1 0 -1 -1 -1 -1 -1 3
3 -1 -1 -1 -1 -1 -1 -1 -1 -1 -1 0 -1 -1 -1 -1 3
3 3 -1 -1 -1 -1 -1 -1 -1 -1 -1 -1 0 -1 -1 3 3
3 3 -1 -1 -1 -1 -1 -1 -1 -1 -1 -1 -1 0 -1 3 3
3 3 3 -1 -1 -1 -1 -1 -1 -1 -1 -1 -1 -1 3 3 3
3 3 3 3 3 -1 -1 -1 -1 -1 -1 -1 3 3 3 3 3
3 3 3 3 3 3 3 3 0 3 3 3 3 3 3 3 3
21:43:50.908120 - stdout  :: -1 -1
21:43:50.912465 - stdin   :: 26 7 -3 -3
6 18
26 7
18 1
21 18
3 3 3 3 3 3 3 3 -1 3 3 3 3 3 3 3 3
3 3 3 3 3 0 0 0 0 0 0 0 3 3 3 3 3
3 3 3 -1 -1 -1 -1 -1 -1 -1 -1 -1 -1 -1 3 3 3
3 3 -1 0 -1 -1 -1 -1 -1 -1 -1 -1 -1 -1 -1 3 3
3 3 -1 -1 0 -1 -1 -1 -1 -1 -1 -1 -1 -1 -1 3 3
3 -1 -1 -1 -1 0 -1 -1 -1 -1 -1 -1 -1 -1 -1 -1 3
3 -1 -1 -1 -1 -1 0 -1 -1 -1 -1 -1 -1 -1 -1 -1 3
3 -1 -1 -1 -1 -1 -1 0 -1 -1 -1 -1 -1 -1 -1 -1 3
-1 -1 -1 -1 -1 -1 -1 -1 0 -1 -1 -1 -1 -1 -1 -1 -1
3 -1 -1 -1 -1 -1 -1 -1 -1 0 -1 -1 -1 -1 -1 -1 3
3 -1 -1 -1 -1 -1 -1 -1 -1 -1 0 -1 -1 -1 -1 -1 3
3 -1 -1 -1 -1 -1 -1 -1 -1 -1 -1 0 -1 -1 -1 -1 3
3 3 -1 -1 -1 -1 -1 -1 -1 -1 -1 -1 0 -1 -1 3 3
3 3 -1 -1 -1 -1 -1 -1 -1 -1 -1 -1 -1 0 -1 3 3
3 3 3 -1 -1 -1 -1 -1 -1 -1 -1 -1 -1 -1 3 3 3
3 3 3 3 3 -1 -1 -1 -1 -1 -1 -1 3 3 3 3 3
3 3 3 3 3 3 3 3 -1 3 3 3 3 3 3 3 3
21:43:50.918689 - stdout  :: 0 0
21:43:50.925617 - stdin   :: 23 4 -3 -3
5 18
23 4
17 2
21 18
3 3 3 3 3 3 3 3 0 3 3 3 3 3 3 3 3
3 3 3 3 3 -1 -1 0 -1 -1 -1 -1 3 3 3 3 3
3 3 3 -1 -1 -1 0 -1 -1 -1 -1 -1 -1 -1 3 3 3
3 3 -1 -1 -1 0 -1 -1 -1 -1 -1 -1 -1 -1 -1 3 3
3 3 -1 -1 -1 0 0 0 0 0 0 0 0 0 0 3 3
3 -1 -1 -1 -1 0 -1 -1 -1 -1 -1 -1 -1 -1 -1 -1 3
3 -1 -1 -1 -1 -1 0 -1 -1 -1 -1 -1 -1 -1 -1 -1 3
3 -1 -1 -1 -1 -1 -1 0 -1 -1 -1 -1 -1 -1 -1 -1 3
-1 -1 -1 -1 -1 -1 -1 -1 0 -1 -1 -1 -1 -1 -1 -1 -1
3 -1 -1 -1 -1 -1 -1 -1 -1 0 -1 -1 -1 -1 -1 -1 3
3 -1 -1 -1 -1 -1 -1 -1 -1 -1 0 -1 -1 -1 -1 -1 3
3 -1 -1 -1 -1 -1 -1 -1 -1 -1 -1 0 -1 -1 -1 -1 3
3 3 -1 -1 -1 -1 -1 -1 -1 -1 -1 -1 0 -1 -1 3 3
3 3 -1 -1 -1 -1 -1 -1 -1 -1 -1 -1 -1 0 -1 3 3
3 3 3 -1 -1 -1 -1 -1 -1 -1 -1 -1 -1 -1 3 3 3
3 3 3 3 3 -1 -1 -1 -1 -1 -1 -1 3 3 3 3 3
3 3 3 3 3 3 3 3 -1 3 3 3 3 3 3 3 3
21:43:50.931860 - stdout  :: 0 0
21:43:50.942430 - stdin   :: 20 1 -3 -3
4 18
20 1
17 2
21 18
3 3 3 3 3 3 3 3 -1 3 3 3 3 3 3 3 3
3 3 3 3 3 -1 -1 -1 -1 -1 -1 -1 3 3 3 3 3
3 3 3 -1 -1 -1 -1 -1 -1 -1 -1 -1 0 -1 3 3 3
3 3 -1 -1 -1 -1 -1 -1 -1 -1 -1 0 -1 -1 -1 3 3
3 3 -1 -1 -1 -1 -1 -1 -1 -1 0 -1 -1 -1 -1 3 3
3 -1 -1 -1 -1 -1 -1 -1 -1 0 -1 -1 -1 -1 -1 -1 3
3 -1 -1 -1 -1 -1 -1 -1 0 -1 -1 -1 -1 -1 -1 -1 3
3 -1 -1 -1 -1 -1 -1 -1 0 0 0 0 0 0 0 0 3
-1 -1 -1 -1 -1 -1 -1 -1 0 -1 -1 -1 -1 -1 -1 -1 -1
3 -1 -1 -1 -1 -1 -1 -1 -1 0 -1 -1 -1 -1 -1 -1 3
3 -1 -1 -1 -1 -1 -1 -1 -1 -1 0 -1 -1 -1 -1 -1 3
3 -1 -1 -1 -1 -1 -1 -1 -1 -1 -1 0 -1 -1 -1 -1 3
3 3 -1 -1 -1 -1 -1 -1 -1 -1 -1 -1 0 -1 -1 3 3
3 3 -1 -1 -1 -1 -1 -1 -1 -1 -1 -1 -1 0 -1 3 3
3 3 3 -1 -1 -1 -1 -1 -1 -1 -1 -1 -1 -1 3 3 3
3 3 3 3 3 -1 -1 -1 -1 -1 -1 -1 3 3 3 3 3
3 3 3 3 3 3 3 3 -1 3 3 3 3 3 3 3 3
21:43:50.948988 - stdout  :: 1 1
21:43:50.971753 - stdin   :: 20 1 0 0
1 15
20 1
16 3
21 18
3 3 3 3 3 3 3 3 -1 3 3 3 3 3 3 3 3
3 3 3 3 3 -1 -1 -1 -1 -1 -1 -1 3 3 3 3 3
3 3 3 -1 -1 -1 -1 -1 -1 -1 -1 -1 0 -1 3 3 3
3 3 -1 -1 -1 -1 -1 -1 -1 -1 -1 0 -1 -1 -1 3 3
3 3 -1 -1 -1 -1 -1 -1 -1 -1 0 -1 -1 -1 -1 3 3
3 -1 -1 -1 -1 -1 -1 -1 -1 0 -1 -1 -1 -1 -1 -1 3
3 -1 -1 -1 -1 -1 -1 -1 0 -1 -1 -1 -1 -1 -1 -1 3
3 -1 -1 -1 -1 -1 -1 -1 0 0 0 0 0 0 0 0 3
-1 -1 -1 -1 -1 -1 -1 -1 0 -1 -1 -1 -1 -1 -1 -1 -1
3 -1 -1 -1 -1 -1 -1 -1 -1 0 -1 -1 -1 -1 -1 -1 3
3 -1 -1 -1 -1 -1 -1 -1 -1 -1 0 -1 -1 -1 -1 -1 3
3 -1 -1 -1 -1 -1 -1 -1 -1 -1 -1 0 -1 -1 -1 -1 3
3 3 -1 -1 -1 -1 -1 -1 -1 -1 -1 -1 0 -1 -1 3 3
3 3 -1 -1 -1 -1 -1 -1 -1 -1 -1 -1 -1 0 -1 3 3
3 3 3 -1 -1 -1 -1 -1 -1 -1 -1 -1 -1 -1 3 3 3
3 3 3 3 3 -1 -1 -1 -1 -1 -1 -1 3 3 3 3 3
3 3 3 3 3 3 3 3 -1 3 3 3 3 3 3 3 3
21:43:50.978337 - stdout  :: -1 1
21:43:50.989729 - stdin   :: 19 2 -1 1
1 14
19 2
16 3
21 18
3 3 3 3 3 3 3 3 -1 3 3 3 3 3 3 3 3
3 3 3 3 3 -1 -1 -1 -1 -1 -1 -1 3 3 3 3 3
3 3 3 -1 -1 -1 -1 -1 -1 -1 -1 -1 0 -1 3 3 3
3 3 -1 -1 -1 -1 -1 -1 -1 -1 -1 0 -1 -1 -1 3 3
3 3 -1 -1 -1 -1 -1 -1 -1 -1 0 -1 -1 -1 -1 3 3
3 -1 -1 -1 -1 -1 -1 -1 -1 0 -1 -1 -1 -1 -1 -1 3
3 -1 -1 -1 -1 -1 -1 -1 0 -1 -1 -1 -1 -1 -1 -1 3
3 -1 -1 -1 -1 -1 -1 0 -1 -1 -1 -1 -1 -1 -1 -1 3
-1 -1 -1 -1 -1 -1 -1 0 0 0 0 0 0 0 0 0 0
3 -1 -1 -1 -1 -1 -1 0 -1 -1 -1 -1 -1 -1 -1 -1 3
3 -1 -1 -1 -1 -1 -1 -1 0 -1 -1 -1 -1 -1 -1 -1 3
3 -1 -1 -1 -1 -1 -1 -1 -1 0 -1 -1 -1 -1 -1 -1 3
3 3 -1 -1 -1 -1 -1 -1 -1 -1 0 -1 -1 -1 -1 3 3
3 3 -1 -1 -1 -1 -1 -1 -1 -1 -1 0 -1 -1 -1 3 3
3 3 3 -1 -1 -1 -1 -1 -1 -1 -1 -1 0 -1 3 3 3
3 3 3 3 3 -1 -1 -1 -1 -1 -1 -1 3 3 3 3 3
3 3 3 3 3 3 3 3 -1 3 3 3 3 3 3 3 3
21:43:50.996165 - stdout  :: 1 1
21:43:51.000857 - stdin   :: 19 4 0 2
1 13
19 4
16 3
21 18
3 3 3 3 3 3 3 3 -1 3 3 3 3 3 3 3 3
3 3 3 3 3 -1 -1 -1 -1 -1 -1 0 3 3 3 3 3
3 3 3 -1 -1 -1 -1 -1 -1 -1 0 -1 -1 -1 3 3 3
3 3 -1 -1 -1 -1 -1 -1 -1 0 -1 -1 -1 -1 -1 3 3
3 3 -1 -1 -1 -1 -1 -1 0 -1 -1 -1 -1 -1 -1 3 3
3 -1 -1 -1 -1 -1 -1 0 -1 -1 -1 -1 -1 -1 -1 -1 3
3 -1 -1 -1 -1 -1 0 -1 -1 -1 -1 -1 -1 -1 -1 -1 3
3 -1 -1 -1 -1 0 -1 -1 -1 -1 -1 -1 -1 -1 -1 -1 3
-1 -1 -1 -1 -1 0 0 0 0 0 0 0 0 0 0 0 0
3 -1 -1 -1 -1 0 -1 -1 -1 -1 -1 -1 -1 -1 -1 -1 3
3 -1 -1 -1 -1 -1 0 -1 -1 -1 -1 -1 -1 -1 -1 -1 3
3 -1 -1 -1 -1 -1 -1 0 -1 -1 -1 -1 -1 -1 -1 -1 3
3 3 -1 -1 -1 -1 -1 -1 0 -1 -1 -1 -1 -1 -1 3 3
3 3 -1 -1 -1 -1 -1 -1 -1 0 -1 -1 -1 -1 -1 3 3
3 3 3 -1 -1 -1 -1 -1 -1 -1 0 -1 -1 -1 3 3 3
3 3 3 3 3 -1 -1 -1 -1 -1 -1 0 3 3 3 3 3
3 3 3 3 3 3 3 3 -1 3 3 3 3 3 3 3 3
21:43:51.007227 - stdout  :: 0 1
21:43:51.014090 - stdin   :: 19 7 0 3
1 12
19 7
16 3
21 18
3 3 3 3 3 3 3 3 -1 3 3 3 3 3 3 3 3
3 3 3 3 3 -1 -1 -1 0 -1 -1 -1 3 3 3 3 3
3 3 3 -1 -1 -1 -1 0 -1 -1 -1 -1 -1 -1 3 3 3
3 3 -1 -1 -1 -1 0 -1 -1 -1 -1 -1 -1 -1 -1 3 3
3 3 -1 -1 -1 0 -1 -1 -1 -1 -1 -1 -1 -1 -1 3 3
3 -1 -1 -1 0 -1 -1 -1 -1 -1 -1 -1 -1 -1 -1 -1 3
3 -1 -1 0 -1 -1 -1 -1 -1 -1 -1 -1 -1 -1 -1 -1 3
3 -1 0 -1 -1 -1 -1 -1 -1 -1 -1 -1 -1 -1 -1 -1 3
-1 -1 0 0 0 0 0 0 0 0 0 0 0 0 0 0 0
3 -1 0 -1 -1 -1 -1 -1 -1 -1 -1 -1 -1 -1 -1 -1 3
3 -1 -1 0 -1 -1 -1 -1 -1 -1 -1 -1 -1 -1 -1 -1 3
3 -1 -1 -1 0 -1 -1 -1 -1 -1 -1 -1 -1 -1 -1 -1 3
3 3 -1 -1 -1 0 -1 -1 -1 -1 -1 -1 -1 -1 -1 3 3
3 3 -1 -1 -1 -1 0 -1 -1 -1 -1 -1 -1 -1 -1 3 3
3 3 3 -1 -1 -1 -1 0 -1 -1 -1 -1 -1 -1 3 3 3
3 3 3 3 3 -1 -1 -1 0 -1 -1 -1 3 3 3 3 3
3 3 3 3 3 3 3 3 -1 3 3 3 3 3 3 3 3
21:43:51.020358 - stdout  :: 0 0
21:43:51.025770 - stdin   :: 19 10 0 3
1 11
19 10
16 3
21 18
3 3 3 3 3 3 3 3 -1 3 3 3 3 3 3 3 3
3 3 3 3 3 0 -1 -1 -1 -1 -1 -1 3 3 3 3 3
3 3 3 -1 0 -1 -1 -1 -1 -1 -1 -1 -1 -1 3 3 3
3 3 -1 0 -1 -1 -1 -1 -1 -1 -1 -1 -1 -1 -1 3 3
3 3 0 -1 -1 -1 -1 -1 -1 -1 -1 -1 -1 -1 -1 3 3
3 0 -1 -1 -1 -1 -1 -1 -1 -1 -1 -1 -1 -1 -1 -1 3
3 -1 -1 -1 -1 -1 -1 -1 -1 -1 -1 -1 -1 -1 -1 -1 3
3 -1 -1 -1 -1 -1 -1 -1 -1 -1 -1 -1 -1 -1 -1 -1 3
0 0 0 0 0 0 0 0 0 0 0 0 0 0 0 0 0
3 -1 -1 -1 -1 -1 -1 -1 -1 -1 -1 -1 -1 -1 -1 -1 3
3 -1 -1 -1 -1 -1 -1 -1 -1 -1 -1 -1 -1 -1 -1 -1 3
3 0 -1 -1 -1 -1 -1 -1 -1 -1 -1 -1 -1 -1 -1 -1 3
3 3 0 -1 -1 -1 -1 -1 -1 -1 -1 -1 -1 -1 -1 3 3
3 3 -1 0 -1 -1 -1 -1 -1 -1 -1 -1 -1 -1 -1 3 3
3 3 3 -1 0 -1 -1 -1 -1 -1 -1 -1 -1 -1 3 3 3
3 3 3 3 3 0 -1 -1 -1 -1 -1 -1 3 3 3 3 3
3 3 3 3 3 3 3 3 -1 3 3 3 3 3 3 3 3
21:43:51.031896 - stdout  :: 0 0
21:43:51.036686 - stdin   :: 19 13 0 3
1 10
19 13
16 3
21 18
3 3 3 3 3 3 3 3 -1 3 3 3 3 3 3 3 3
3 3 3 3 3 -1 -1 -1 -1 -1 -1 -1 3 3 3 3 3
3 3 3 -1 -1 -1 -1 -1 -1 -1 -1 -1 -1 0 3 3 3
3 3 -1 -1 -1 -1 -1 -1 -1 -1 -1 -1 -1 0 -1 3 3
3 3 -1 -1 -1 -1 -1 -1 -1 -1 -1 -1 -1 0 -1 3 3
3 -1 -1 -1 -1 -1 -1 -1 -1 -1 -1 -1 -1 0 -1 0 3
3 -1 -1 -1 -1 -1 -1 -1 -1 -1 -1 -1 -1 1 -1 0 3
3 -1 -1 -1 -1 -1 -1 -1 -1 -1 -1 -1 -1 -1 -1 0 3
0 0 0 0 0 0 0 0 0 0 0 0 0 0 0 0 -1
3 -1 -1 -1 -1 -1 -1 -1 -1 -1 -1 -1 -1 -1 -1 0 3
3 -1 -1 -1 -1 -1 -1 -1 -1 -1 -1 -1 -1 1 -1 0 3
3 -1 -1 -1 -1 -1 -1 -1 -1 -1 -1 -1 -1 0 -1 0 3
3 3 -1 -1 -1 -1 -1 -1 -1 -1 -1 -1 -1 0 -1 3 3
3 3 -1 -1 -1 -1 -1 -1 -1 -1 -1 -1 -1 0 -1 3 3
3 3 3 -1 -1 -1 -1 -1 -1 -1 -1 -1 -1 0 3 3 3
3 3 3 3 3 -1 -1 -1 -1 -1 -1 -1 3 3 3 3 3
3 3 3 3 3 3 3 3 -1 3 3 3 3 3 3 3 3
21:43:51.042664 - stdout  :: 0 0
21:43:51.047186 - stdin   :: 19 16 0 3
1 9
19 16
16 3
21 18
3 3 3 3 3 3 3 3 -1 3 3 3 3 3 3 3 3
3 3 3 3 3 -1 -1 -1 -1 -1 0 -1 3 3 3 3 3
3 3 3 -1 -1 -1 -1 -1 -1 -1 0 -1 0 -1 3 3 3
3 3 -1 -1 -1 -1 -1 -1 -1 -1 0 -1 0 -1 -1 3 3
3 3 -1 -1 -1 -1 -1 -1 -1 -1 0 -1 0 -1 100 3 3
3 -1 -1 -1 -1 -1 -1 -1 -1 -1 0 -1 0 -1 100 100 3
3 -1 -1 -1 -1 -1 -1 -1 -1 -1 1 -1 0 -1 100 100 3
3 -1 -1 -1 -1 -1 -1 -1 -1 -1 -1 -1 0 -1 100 -1 3
0 0 0 0 0 0 0 0 0 0 0 0 0 -1 100 -1 -1
3 -1 -1 -1 -1 -1 -1 -1 -1 -1 -1 -1 0 -1 100 -1 3
3 -1 -1 -1 -1 -1 -1 -1 -1 -1 1 -1 0 -1 -1 -1 3
3 -1 -1 -1 -1 -1 -1 -1 -1 -1 0 -1 0 -1 -1 -1 3
3 3 -1 -1 -1 -1 -1 -1 -1 -1 0 -1 0 -1 -1 3 3
3 3 -1 -1 -1 -1 -1 -1 -1 -1 0 -1 0 -1 -1 3 3
3 3 3 -1 -1 -1 -1 -1 -1 -1 0 -1 0 -1 3 3 3
3 3 3 3 3 -1 -1 -1 -1 -1 0 -1 3 3 3 3 3
3 3 3 3 3 3 3 3 -1 3 3 3 3 3 3 3 3
21:43:51.053151 - stdout  :: 0 0
21:43:51.059886 - stdin   :: 19 19 0 3
1 8
19 19
15 4
21 18
3 3 3 3 3 3 3 3 -1 3 3 3 3 3 3 3 3
3 3 3 3 3 -1 -1 0 -1 0 -1 -1 3 3 3 3 3
3 3 3 -1 -1 -1 -1 0 -1 0 -1 -1 -1 100 3 3 3
3 3 -1 -1 -1 -1 -1 0 -1 0 -1 -1 100 100 -1 3 3
3 3 -1 -1 -1 -1 -1 0 -1 0 -1 100 100 100 -1 3 3
3 -1 -1 -1 -1 -1 -1 0 -1 0 -1 100 100 -1 -1 -1 3
3 -1 -1 -1 -1 -1 -1 1 -1 0 -1 100 100 -1 -1 -1 3
3 -1 -1 -1 -1 -1 -1 -1 -1 0 -1 100 -1 -1 -1 -1 3
0 0 0 0 0 0 0 0 0 0 -1 100 -1 -1 -1 -1 -1
3 -1 -1 -1 -1 -1 -1 -1 -1 0 -1 100 -1 -1 -1 -1 3
3 -1 -1 -1 -1 -1 -1 1 -1 0 -1 -1 -1 -1 -1 -1 3
3 -1 -1 -1 -1 -1 -1 0 -1 0 -1 -1 -1 -1 -1 -1 3
3 3 -1 -1 -1 -1 -1 0 -1 0 -1 -1 -1 -1 -1 3 3
3 3 -1 -1 -1 -1 -1 0 -1 0 -1 -1 -1 -1 -1 3 3
3 3 3 -1 -1 -1 -1 0 -1 0 -1 -1 -1 -1 3 3 3
3 3 3 3 3 -1 -1 0 -1 0 -1 -1 3 3 3 3 3
3 3 3 3 3 3 3 3 -1 3 3 3 3 3 3 3 3
21:43:51.066806 - stdout  :: 0 -1
21:43:51.093350 - stdin   :: 19 19 0 0
1 2
19 19
15 4
21 18
3 3 3 3 3 3 3 3 -1 3 3 3 3 3 3 3 3
3 3 3 3 3 -1 -1 0 -1 0 -1 -1 3 3 3 3 3
3 3 3 -1 -1 -1 -1 0 -1 0 -1 -1 -1 100 3 3 3
3 3 -1 -1 -1 -1 -1 0 -1 0 -1 -1 100 100 -1 3 3
3 3 -1 -1 -1 -1 -1 0 -1 0 -1 100 100 100 -1 3 3
3 -1 -1 -1 -1 -1 -1 0 -1 0 -1 100 100 -1 -1 -1 3
3 -1 -1 -1 -1 -1 -1 1 -1 0 -1 100 100 -1 -1 -1 3
3 -1 -1 -1 -1 -1 -1 -1 -1 0 -1 100 -1 -1 -1 -1 3
0 0 0 0 0 0 0 0 0 0 -1 100 -1 -1 -1 -1 -1
3 -1 -1 -1 -1 -1 -1 -1 -1 0 -1 100 -1 -1 -1 -1 3
3 -1 -1 -1 -1 -1 -1 1 -1 0 -1 -1 -1 -1 -1 -1 3
3 -1 -1 -1 -1 -1 -1 0 -1 0 -1 -1 -1 -1 -1 -1 3
3 3 -1 -1 -1 -1 -1 0 -1 0 -1 -1 -1 -1 -1 3 3
3 3 -1 -1 -1 -1 -1 0 -1 0 -1 -1 -1 -1 -1 3 3
3 3 3 -1 -1 -1 -1 0 -1 0 -1 -1 -1 -1 3 3 3
3 3 3 3 3 -1 -1 0 -1 0 -1 -1 3 3 3 3 3
3 3 3 3 3 3 3 3 -1 3 3 3 3 3 3 3 3
21:43:51.099790 - stdout  :: -1 1
21:43:51.104327 - stdin   :: 18 20 -1 1
1 2
18 20
14 5
21 18
3 3 3 3 3 3 3 3 0 3 3 3 3 3 3 3 3
3 3 3 3 3 -1 0 -1 0 -1 -1 -1 3 3 3 3 3
3 3 3 -1 -1 -1 0 -1 0 -1 -1 -1 -1 0 3 3 3
3 3 -1 -1 -1 -1 0 -1 0 -1 -1 -1 100 0 -1 3 3
3 3 -1 -1 -1 -1 0 -1 0 -1 -1 100 100 -1 -1 3 3
3 -1 -1 -1 -1 -1 0 -1 0 -1 100 100 100 -1 -1 -1 3
3 -1 -1 -1 -1 -1 0 -1 0 -1 100 100 -1 -1 -1 -1 3
3 -1 -1 -1 -1 -1 1 -1 0 -1 100 100 -1 -1 -1 -1 3
-1 -1 -1 -1 -1 -1 -1 -1 0 -1 100 -1 -1 -1 -1 -1 -1
3 0 0 0 0 0 0 0 0 -1 100 -1 -1 -1 -1 -1 3
3 -1 -1 -1 -1 -1 -1 -1 0 -1 100 -1 -1 -1 -1 -1 3
3 -1 -1 -1 -1 -1 1 -1 0 -1 -1 -1 -1 -1 -1 -1 3
3 3 -1 -1 -1 -1 0 -1 0 -1 -1 -1 -1 -1 -1 3 3
3 3 -1 -1 -1 -1 0 -1 0 -1 -1 -1 -1 -1 -1 3 3
3 3 3 -1 -1 -1 0 -1 0 -1 -1 -1 -1 -1 3 3 3
3 3 3 3 3 -1 0 -1 0 -1 -1 -1 3 3 3 3 3
3 3 3 3 3 3 3 3 0 3 3 3 3 3 3 3 3
21:43:51.110044 - stdout  :: -1 -1
21:43:51.119455 - stdin   :: 16 20 -2 0
1 2
16 20
14 5
21 18
3 3 3 3 3 3 3 3 0 3 3 3 3 3 3 3 3
3 3 3 3 3 -1 0 -1 0 -1 -1 -1 3 3 3 3 3
3 3 3 -1 -1 -1 0 -1 0 -1 -1 -1 -1 -1 3 3 3
3 3 -1 -1 -1 -1 0 -1 0 -1 -1 -1 -1 -1 0 3 3
3 3 -1 -1 -1 -1 0 -1 0 -1 -1 -1 -1 0 0 3 3
3 -1 -1 -1 -1 -1 0 -1 0 -1 -1 -1 100 0 -1 -1 3
3 -1 -1 -1 -1 -1 0 -1 0 -1 -1 100 100 -1 -1 -1 3
3 -1 -1 -1 -1 -1 0 -1 0 -1 100 100 100 -1 -1 -1 3
-1 -1 -1 -1 -1 -1 0 -1 0 -1 100 100 -1 -1 -1 -1 -1
3 -1 -1 -1 -1 -1 1 -1 0 -1 100 100 -1 -1 -1 -1 3
3 -1 -1 -1 -1 -1 -1 -1 0 -1 100 -1 -1 -1 -1 -1 3
3 0 0 0 0 0 0 0 0 -1 100 -1 -1 -1 -1 -1 3
3 3 -1 -1 -1 -1 -1 -1 0 -1 100 -1 -1 -1 -1 3 3
3 3 -1 -1 -1 -1 1 -1 0 -1 -1 -1 -1 -1 -1 3 3
3 3 3 -1 -1 -1 0 -1 0 -1 -1 -1 -1 -1 3 3 3
3 3 3 3 3 -1 0 -1 0 -1 -1 -1 3 3 3 3 3
3 3 3 3 3 3 3 3 0 3 3 3 3 3 3 3 3
21:43:51.121971 - stdout  :: -1 0
21:43:51.124897 - stdin   :: 13 20 -3 0
1 2
13 20
14 5
21 18
3 3 3 3 3 3 3 3 0 3 3 3 3 3 3 3 3
3 3 3 3 3 -1 0 -1 0 -1 -1 -1 3 3 3 3 3
3 3 3 -1 -1 -1 0 -1 0 -1 -1 -1 -1 -1 3 3 3
3 3 -1 -1 -1 -1 0 -1 0 -1 -1 -1 -1 -1 -1 3 3
3 3 -1 -1 -1 -1 0 -1 0 -1 -1 -1 -1 -1 -1 3 3
3 -1 -1 -1 -1 -1 0 -1 0 -1 -1 -1 -1 -1 -1 0 3
3 -1 -1 -1 -1 -1 0 -1 0 -1 -1 -1 -1 -1 0 0 3
3 -1 -1 -1 -1 -1 0 -1 0 -1 -1 -1 -1 0 0 -1 3
-1 -1 -1 -1 -1 -1 0 -1 0 -1 -1 -1 100 0 -1 -1 -1
3 -1 -1 -1 -1 -1 0 -1 0 -1 -1 100 100 -1 -1 -1 3
3 -1 -1 -1 -1 -1 0 -1 0 -1 100 100 100 -1 -1 -1 3
3 -1 -1 -1 -1 -1 0 -1 0 -1 100 100 -1 -1 -1 -1 3
3 3 -1 -1 -1 -1 1 -1 0 -1 100 100 -1 -1 -1 3 3
3 3 -1 -1 -1 -1 -1 -1 0 -1 100 -1 -1 -1 -1 3 3
3 3 3 0 0 0 0 0 0 -1 100 -1 -1 -1 3 3 3
3 3 3 3 3 -1 -1 -1 0 -1 100 -1 3 3 3 3 3
3 3 3 3 3 3 3 3 0 3 3 3 3 3 3 3 3
21:43:51.126946 - stdout  :: 0 0
21:43:51.129993 - stdin   :: 10 20 -3 0
1 2
10 20
14 5
21 18
3 3 3 3 3 3 3 3 0 3 3 3 3 3 3 3 3
3 3 3 3 3 -1 0 -1 0 -1 -1 -1 3 3 3 3 3
3 3 3 0 -1 -1 0 -1 0 -1 -1 -1 -1 -1 3 3 3
3 3 0 -1 -1 -1 0 -1 0 -1 -1 -1 -1 -1 -1 3 3
3 3 -1 -1 -1 -1 0 -1 0 -1 -1 -1 -1 -1 -1 3 3
3 -1 -1 -1 -1 -1 0 -1 0 -1 -1 -1 -1 -1 -1 -1 3
3 -1 -1 -1 -1 -1 0 -1 0 -1 -1 -1 -1 -1 -1 -1 3
3 -1 -1 -1 -1 -1 0 -1 0 -1 -1 -1 -1 -1 -1 -1 3
-1 -1 -1 -1 -1 -1 0 -1 0 -1 -1 -1 -1 -1 -1 0 0
3 -1 -1 -1 -1 -1 0 -1 0 -1 -1 -1 -1 -1 0 0 3
3 -1 -1 -1 -1 -1 0 -1 0 -1 -1 -1 -1 0 0 -1 3
3 -1 -1 -1 -1 -1 0 -1 0 -1 -1 -1 100 0 -1 -1 3
3 3 -1 -1 -1 -1 0 -1 0 -1 -1 100 100 -1 -1 3 3
3 3 -1 -1 -1 -1 0 -1 0 -1 100 100 100 -1 -1 3 3
3 3 3 -1 -1 -1 0 -1 0 -1 100 100 -1 -1 3 3 3
3 3 3 3 3 -1 1 -1 0 -1 100 100 3 3 3 3 3
3 3 3 3 3 3 3 3 0 3 3 3 3 3 3 3 3
21:43:51.131951 - stdout  :: 0 0
21:43:51.136616 - stdin   :: 7 20 -3 0
1 3
7 20
14 5
21 18
3 3 3 3 3 3 3 3 -1 3 3 3 3 3 3 3 3
3 3 3 3 3 -1 -1 -1 -1 -1 -1 -1 3 3 3 3 3
3 3 3 0 0 0 0 -1 0 0 0 0 0 0 3 3 3
3 3 -1 -1 -1 0 0 -1 0 -1 -1 -1 -1 -1 -1 3 3
3 3 -1 -1 0 -1 0 -1 0 -1 -1 -1 -1 -1 -1 3 3
3 -1 -1 0 -1 -1 0 -1 0 -1 -1 -1 -1 -1 -1 -1 3
3 -1 0 -1 -1 -1 0 -1 0 -1 -1 -1 -1 -1 -1 -1 3
3 0 -1 -1 -1 -1 0 -1 0 -1 -1 -1 -1 -1 -1 -1 3
0 -1 -1 -1 -1 -1 0 -1 0 -1 -1 -1 -1 -1 -1 -1 -1
3 -1 -1 -1 -1 -1 0 -1 0 -1 -1 -1 -1 -1 -1 -1 3
3 -1 -1 -1 -1 -1 0 -1 0 -1 -1 -1 -1 -1 -1 -1 3
3 -1 -1 -1 -1 -1 0 -1 0 -1 -1 -1 -1 -1 -1 0 3
3 3 -1 -1 -1 -1 0 -1 0 -1 -1 -1 -1 -1 0 3 3
3 3 -1 -1 -1 -1 0 -1 0 -1 -1 -1 -1 0 0 3 3
3 3 3 -1 -1 -1 0 -1 0 -1 -1 -1 100 0 3 3 3
3 3 3 3 3 -1 0 -1 0 -1 -1 100 3 3 3 3 3
3 3 3 3 3 3 3 3 0 3 3 3 3 3 3 3 3
21:43:51.138525 - stdout  :: 0 0
21:43:51.143081 - stdin   :: 4 20 -3 0
1 4
4 20
14 5
21 18
3 3 3 3 3 3 3 3 -1 3 3 3 3 3 3 3 3
3 3 3 3 3 -1 -1 -1 -1 -1 -1 -1 3 3 3 3 3
3 3 3 -1 -1 -1 -1 -1 -1 -1 -1 -1 -1 -1 3 3 3
3 3 -1 -1 -1 -1 -1 -1 -1 -1 -1 -1 -1 -1 -1 3 3
3 3 -1 -1 -1 -1 -1 -1 -1 -1 -1 -1 -1 -1 -1 3 3
3 0 0 0 0 0 0 -1 0 0 0 0 0 0 0 0 3
3 -1 -1 -1 -1 0 0 -1 0 -1 -1 -1 -1 -1 -1 -1 3
3 -1 -1 -1 0 -1 0 -1 0 -1 -1 -1 -1 -1 -1 -1 3
-1 -1 -1 0 -1 -1 0 -1 0 -1 -1 -1 -1 -1 -1 -1 -1
3 -1 0 -1 -1 -1 0 -1 0 -1 -1 -1 -1 -1 -1 -1 3
3 0 -1 -1 -1 -1 0 -1 0 -1 -1 -1 -1 -1 -1 -1 3
3 -1 -1 -1 -1 -1 0 -1 0 -1 -1 -1 -1 -1 -1 -1 3
3 3 -1 -1 -1 -1 0 -1 0 -1 -1 -1 -1 -1 -1 3 3
3 3 -1 -1 -1 -1 0 -1 0 -1 -1 -1 -1 -1 -1 3 3
3 3 3 -1 -1 -1 0 -1 0 -1 -1 -1 -1 -1 3 3 3
3 3 3 3 3 -1 0 -1 0 -1 -1 -1 3 3 3 3 3
3 3 3 3 3 3 3 3 0 3 3 3 3 3 3 3 3
21:43:51.144925 - stdout  :: 0 1
21:43:51.149252 - stdin   :: 1 21 -3 1
1 5
1 21
14 5
21 18
3 3 3 3 3 3 3 3 -1 3 3 3 3 3 3 3 3
3 3 3 3 3 -1 -1 -1 -1 -1 -1 -1 3 3 3 3 3
3 3 3 -1 -1 -1 -1 -1 -1 -1 -1 -1 -1 -1 3 3 3
3 3 -1 -1 -1 -1 -1 -1 -1 -1 -1 -1 -1 -1 -1 3 3
3 3 -1 -1 -1 -1 -1 -1 -1 -1 -1 -1 -1 -1 -1 3 3
3 -1 -1 -1 -1 -1 -1 -1 -1 -1 -1 -1 -1 -1 -1 -1 3
3 -1 -1 -1 -1 -1 -1 -1 -1 -1 -1 -1 -1 -1 -1 -1 3
3 -1 -1 -1 -1 -1 -1 -1 -1 -1 -1 -1 -1 -1 -1 -1 3
0 0 0 0 0 0 -1 0 0 0 0 0 0 0 0 0 0
3 -1 -1 -1 0 0 -1 0 -1 -1 -1 -1 -1 -1 -1 -1 3
3 -1 -1 0 -1 0 -1 0 -1 -1 -1 -1 -1 -1 -1 -1 3
3 -1 0 -1 -1 0 -1 0 -1 -1 -1 -1 -1 -1 -1 -1 3
3 3 -1 -1 -1 0 -1 0 -1 -1 -1 -1 -1 -1 -1 3 3
3 3 -1 -1 -1 0 -1 0 -1 -1 -1 -1 -1 -1 -1 3 3
3 3 3 -1 -1 0 -1 0 -1 -1 -1 -1 -1 -1 3 3 3
3 3 3 3 3 0 -1 0 -1 -1 -1 -1 3 3 3 3 3
3 3 3 3 3 3 3 3 -1 3 3 3 3 3 3 3 3
21:43:51.151141 - stdout  :: 1 -1
21:43:51.181395 - stdin   :: 1 21 0 0
1 16
1 21
13 6
21 18
3 3 3 3 3 3 3 3 -1 3 3 3 3 3 3 3 3
3 3 3 3 3 -1 -1 -1 -1 -1 -1 -1 3 3 3 3 3
3 3 3 -1 -1 -1 -1 -1 -1 -1 -1 -1 -1 -1 3 3 3
3 3 -1 -1 -1 -1 -1 -1 -1 -1 -1 -1 -1 -1 -1 3 3
3 3 -1 -1 -1 -1 -1 -1 -1 -1 -1 -1 -1 -1 -1 3 3
3 -1 -1 -1 -1 -1 -1 -1 -1 -1 -1 -1 -1 -1 -1 -1 3
3 -1 -1 -1 -1 -1 -1 -1 -1 -1 -1 -1 -1 -1 -1 -1 3
3 -1 -1 -1 -1 -1 -1 -1 -1 -1 -1 -1 -1 -1 -1 -1 3
0 0 0 0 0 0 -1 0 0 0 0 0 0 0 0 0 0
3 -1 -1 -1 0 0 -1 0 -1 -1 -1 -1 -1 -1 -1 -1 3
3 -1 -1 0 -1 0 -1 0 -1 -1 -1 -1 -1 -1 -1 -1 3
3 -1 0 -1 -1 0 -1 0 -1 -1 -1 -1 -1 -1 -1 -1 3
3 3 -1 -1 -1 0 -1 0 -1 -1 -1 -1 -1 -1 -1 3 3
3 3 -1 -1 -1 0 -1 0 -1 -1 -1 -1 -1 -1 -1 3 3
3 3 3 -1 -1 0 -1 0 -1 -1 -1 -1 -1 -1 3 3 3
3 3 3 3 3 0 -1 0 -1 -1 -1 -1 3 3 3 3 3
3 3 3 3 3 3 3 3 -1 3 3 3 3 3 3 3 3
21:43:51.183509 - stdout  :: 0 1
21:43:51.187838 - stdin   :: 1 22 0 1
1 18
1 22
13 6
21 18
3 3 3 3 3 3 3 3 -1 3 3 3 3 3 3 3 3
3 3 3 3 3 -1 -1 -1 -1 -1 -1 -1 3 3 3 3 3
3 3 3 -1 -1 -1 -1 -1 -1 -1 -1 -1 -1 -1 3 3 3
3 3 -1 -1 -1 -1 -1 -1 -1 -1 -1 -1 -1 -1 -1 3 3
3 3 -1 -1 -1 -1 -1 -1 -1 -1 -1 -1 -1 -1 -1 3 3
3 -1 -1 -1 -1 -1 -1 -1 -1 -1 -1 -1 -1 -1 -1 -1 3
3 -1 -1 -1 -1 -1 -1 -1 -1 -1 -1 -1 -1 -1 -1 -1 3
3 -1 -1 -1 -1 -1 -1 -1 -1 -1 -1 -1 -1 -1 -1 -1 3
0 0 0 0 0 -1 0 0 0 0 0 0 0 0 0 0 0
3 -1 -1 0 0 -1 0 -1 -1 -1 -1 -1 -1 -1 -1 -1 3
3 -1 0 -1 0 -1 0 -1 -1 -1 -1 -1 -1 -1 -1 0 3
3 0 -1 -1 0 -1 0 -1 -1 -1 -1 -1 -1 -1 -1 0 3
3 3 -1 -1 0 -1 0 -1 -1 -1 -1 -1 -1 -1 -1 3 3
3 3 -1 -1 0 -1 0 -1 -1 -1 -1 -1 -1 -1 -1 3 3
3 3 3 -1 0 -1 0 -1 -1 -1 -1 -1 -1 -1 3 3 3
3 3 3 3 3 -1 0 -1 -1 -1 -1 -1 3 3 3 3 3
3 3 3 3 3 3 3 3 -1 3 3 3 3 3 3 3 3
21:43:51.189866 - stdout  :: 0 1
21:43:51.198198 - stdin   :: 1 24 0 2
1 18
1 24
12 7
21 18
3 3 3 3 3 3 3 3 -1 3 3 3 3 3 3 3 3
3 3 3 3 3 -1 -1 -1 -1 -1 -1 -1 3 3 3 3 3
3 3 3 -1 -1 -1 -1 -1 -1 -1 -1 -1 -1 -1 3 3 3
3 3 -1 -1 -1 -1 -1 -1 -1 -1 -1 -1 -1 -1 -1 3 3
3 3 -1 -1 -1 -1 -1 -1 -1 -1 -1 -1 -1 -1 -1 3 3
3 -1 -1 -1 -1 -1 -1 -1 -1 -1 -1 -1 -1 -1 -1 -1 3
3 -1 -1 -1 -1 -1 -1 -1 -1 -1 -1 -1 -1 -1 -1 -1 3
3 -1 -1 -1 -1 -1 -1 -1 -1 -1 -1 -1 -1 -1 -1 -1 3
0 0 0 -1 0 0 0 0 0 0 0 0 0 0 0 0 0
3 0 0 -1 0 -1 -1 -1 -1 -1 -1 -1 -1 -1 -1 -1 3
3 -1 0 -1 0 -1 -1 -1 -1 -1 -1 -1 -1 0 0 0 3
3 -1 0 -1 0 -1 -1 -1 -1 -1 -1 -1 -1 0 0 0 3
3 3 0 -1 0 -1 -1 -1 -1 -1 -1 -1 -1 0 0 3 3
3 3 0 -1 0 -1 -1 -1 -1 -1 -1 -1 -1 0 0 3 3
3 3 3 -1 0 -1 -1 -1 -1 -1 -1 -1 -1 0 3 3 3
3 3 3 3 3 -1 -1 -1 -1 -1 -1 -1 3 3 3 3 3
3 3 3 3 3 3 3 3 -1 3 3 3 3 3 3 3 3
21:43:51.199948 - stdout  :: 0 1
21:43:51.209072 - stdin   :: 1 27 0 3
1 18
1 27
12 7
21 18
3 3 3 3 3 3 3 3 -1 3 3 3 3 3 3 3 3
3 3 3 3 3 -1 -1 -1 -1 -1 -1 -1 3 3 3 3 3
3 3 3 -1 -1 -1 -1 -1 -1 -1 -1 -1 -1 -1 3 3 3
3 3 -1 -1 -1 -1 -1 -1 -1 -1 -1 -1 -1 -1 -1 3 3
3 3 -1 -1 -1 -1 -1 -1 -1 -1 -1 -1 -1 -1 -1 3 3
3 -1 -1 -1 -1 -1 -1 -1 -1 -1 -1 -1 -1 -1 -1 -1 3
3 -1 -1 -1 -1 -1 -1 -1 -1 -1 -1 -1 -1 -1 -1 -1 3
3 -1 -1 -1 -1 -1 -1 -1 -1 -1 -1 -1 -1 -1 -1 -1 3
-1 0 0 0 0 0 0 0 0 0 0 0 0 0 0 0 0
3 0 -1 -1 -1 -1 -1 -1 -1 -1 -1 -1 -1 -1 -1 -1 3
3 0 -1 -1 -1 -1 -1 -1 -1 -1 0 0 0 0 0 0 3
3 0 -1 -1 -1 -1 -1 -1 -1 -1 0 0 0 0 0 0 3
3 3 -1 -1 -1 -1 -1 -1 -1 -1 0 0 0 0 0 3 3
3 3 -1 -1 -1 -1 -1 -1 -1 -1 0 0 0 0 0 3 3
3 3 3 -1 -1 -1 -1 -1 -1 -1 0 0 0 0 3 3 3
3 3 3 3 3 -1 -1 -1 -1 -1 0 0 3 3 3 3 3
3 3 3 3 3 3 3 3 -1 3 3 3 3 3 3 3 3
21:43:51.210824 - stdout  :: 0 0
21:43:51.213682 - stdin   :: 1 30 0 3
1 18
1 30
12 7
21 18
3 3 3 3 3 3 3 3 -1 3 3 3 3 3 3 3 3
3 3 3 3 3 -1 -1 -1 -1 -1 -1 -1 3 3 3 3 3
3 3 3 -1 -1 -1 -1 -1 -1 -1 -1 -1 -1 -1 3 3 3
3 3 -1 -1 -1 -1 -1 -1 -1 -1 -1 -1 -1 -1 -1 3 3
3 3 -1 -1 -1 -1 -1 -1 -1 -1 -1 -1 -1 -1 -1 3 3
3 -1 -1 -1 -1 -1 -1 -1 -1 -1 -1 -1 -1 -1 -1 -1 3
3 -1 -1 -1 -1 -1 -1 -1 -1 -1 -1 -1 -1 -1 -1 -1 3
3 -1 -1 -1 -1 -1 -1 -1 -1 -1 -1 -1 -1 -1 -1 -1 3
0 0 0 0 0 0 0 0 0 0 0 0 0 0 0 0 0
3 -1 -1 -1 -1 -1 -1 -1 -1 -1 -1 -1 -1 -1 -1 -1 3
3 -1 -1 -1 -1 -1 -1 0 0 0 0 0 0 0 0 0 3
3 -1 -1 -1 -1 -1 -1 0 0 0 0 0 0 0 0 0 3
3 3 -1 -1 -1 -1 -1 0 0 0 0 0 0 0 0 3 3
3 3 -1 -1 -1 -1 -1 0 0 0 0 0 0 0 0 3 3
3 3 3 -1 -1 -1 -1 0 0 0 0 0 0 0 3 3 3
3 3 3 3 3 -1 -1 0 0 0 0 0 3 3 3 3 3
3 3 3 3 3 3 3 3 -1 3 3 3 3 3 3 3 3
21:43:51.216026 - stdout  :: 0 0
21:43:51.218866 - stdin   :: 1 33 0 3
1 18
1 33
12 7
21 18
3 3 3 3 3 3 3 3 -1 3 3 3 3 3 3 3 3
3 3 3 3 3 -1 -1 -1 -1 -1 -1 -1 3 3 3 3 3
3 3 3 -1 -1 -1 -1 -1 -1 -1 -1 -1 -1 -1 3 3 3
3 3 -1 -1 -1 -1 -1 -1 -1 -1 -1 -1 -1 -1 -1 3 3
3 3 -1 -1 -1 -1 -1 -1 -1 -1 -1 -1 -1 -1 -1 3 3
3 -1 -1 -1 -1 -1 -1 -1 -1 -1 -1 -1 -1 -1 -1 -1 3
3 -1 -1 -1 -1 -1 -1 -1 -1 -1 -1 -1 -1 -1 -1 -1 3
3 -1 -1 -1 -1 -1 -1 -1 -1 -1 -1 -1 -1 -1 -1 -1 3
0 0 0 0 0 0 0 0 0 0 0 0 0 0 0 0 0
3 -1 -1 -1 -1 -1 -1 -1 -1 -1 -1 -1 -1 -1 -1 -1 3
3 -1 -1 -1 0 0 0 0 0 0 0 0 0 0 0 0 3
3 -1 -1 -1 0 0 0 0 0 0 0 0 0 0 0 0 3
3 3 -1 -1 0 0 0 0 0 0 0 0 0 0 0 3 3
3 3 -1 -1 0 0 0 0 0 0 0 0 0 0 0 3 3
3 3 3 -1 0 0 0 0 0 0 0 0 0 0 3 3 3
3 3 3 3 3 0 0 0 0 0 0 0 3 3 3 3 3
3 3 3 3 3 3 3 3 0 3 3 3 3 3 3 3 3
21:43:51.221776 - stdout  :: 0 0
21:43:51.224617 - stdin   :: 1 36 0 3
1 18
1 36
12 7
21 18
3 3 3 3 3 3 3 3 -1 3 3 3 3 3 3 3 3
3 3 3 3 3 -1 -1 -1 -1 -1 -1 -1 3 3 3 3 3
3 3 3 -1 -1 -1 -1 -1 -1 -1 -1 -1 -1 -1 3 3 3
3 3 -1 -1 -1 -1 -1 -1 -1 -1 -1 -1 -1 -1 -1 3 3
3 3 -1 -1 -1 -1 -1 -1 -1 -1 -1 -1 -1 -1 -1 3 3
3 -1 -1 -1 -1 -1 -1 -1 -1 -1 -1 -1 -1 -1 -1 -1 3
3 -1 -1 -1 -1 -1 -1 -1 -1 -1 -1 -1 -1 -1 -1 -1 3
3 -1 -1 -1 -1 -1 -1 -1 -1 -1 -1 -1 -1 -1 -1 -1 3
0 0 0 0 0 0 0 0 0 0 0 0 0 0 0 0 0
3 -1 -1 -1 -1 -1 -1 -1 -1 -1 -1 -1 -1 -1 -1 -1 3
3 0 0 0 0 0 0 0 0 0 0 0 0 -1 -1 -1 3
3 0 0 0 0 0 0 0 0 0 0 0 0 -1 -1 -1 3
3 3 0 0 0 0 0 0 0 0 0 0 0 -1 -1 3 3
3 3 0 0 0 0 0 0 0 0 0 0 0 -1 -1 3 3
3 3 3 0 0 0 0 0 0 0 0 0 0 -1 3 3 3
3 3 3 3 3 0 0 0 0 0 0 0 3 3 3 3 3
3 3 3 3 3 3 3 3 0 3 3 3 3 3 3 3 3
21:43:51.229338 - stdout  :: 0 0
21:43:51.235250 - stdin   :: 1 39 0 3
1 18
1 39
12 7
21 18
3 3 3 3 3 3 3 3 -1 3 3 3 3 3 3 3 3
3 3 3 3 3 -1 -1 -1 -1 -1 -1 -1 3 3 3 3 3
3 3 3 -1 -1 -1 -1 -1 -1 -1 -1 -1 -1 -1 3 3 3
3 3 -1 -1 -1 -1 -1 -1 -1 -1 -1 -1 -1 -1 -1 3 3
3 3 -1 -1 -1 -1 -1 -1 -1 -1 -1 -1 -1 -1 -1 3 3
3 -1 -1 -1 -1 -1 -1 -1 -1 -1 -1 -1 -1 -1 -1 -1 3
3 -1 -1 -1 -1 -1 -1 -1 -1 -1 -1 -1 -1 -1 -1 -1 3
3 -1 -1 -1 -1 -1 -1 -1 -1 -1 -1 -1 -1 -1 -1 -1 3
0 0 0 0 0 0 0 0 0 0 0 0 0 0 0 0 0
3 -1 -1 -1 -1 -1 -1 -1 -1 -1 -1 -1 -1 -1 -1 -1 3
3 0 0 0 0 0 0 0 0 0 -1 -1 -1 -1 -1 -1 3
3 0 0 0 0 0 0 0 0 0 -1 -1 -1 -1 -1 -1 3
3 3 0 0 0 0 0 0 0 0 -1 -1 -1 -1 -1 3 3
3 3 0 0 0 0 0 0 0 0 -1 -1 -1 -1 -1 3 3
3 3 3 0 0 0 0 0 0 0 -1 -1 -1 -1 3 3 3
3 3 3 3 3 0 0 0 0 0 -1 -1 3 3 3 3 3
3 3 3 3 3 3 3 3 0 3 3 3 3 3 3 3 3
21:43:51.241634 - stdout  :: 0 0
21:43:51.246218 - stdin   :: 1 42 0 3
2 18
1 42
12 7
21 18
3 3 3 3 3 3 3 3 -1 3 3 3 3 3 3 3 3
3 3 3 3 3 -1 -1 -1 -1 -1 -1 -1 3 3 3 3 3
3 3 3 -1 -1 -1 -1 -1 -1 -1 -1 -1 -1 -1 3 3 3
3 3 -1 -1 -1 -1 -1 -1 -1 -1 -1 -1 -1 -1 -1 3 3
3 3 -1 -1 -1 -1 -1 -1 -1 -1 -1 -1 -1 -1 -1 3 3
3 -1 -1 -1 -1 -1 -1 -1 -1 -1 -1 -1 -1 -1 -1 -1 3
3 -1 -1 -1 -1 -1 -1 -1 -1 -1 -1 -1 -1 -1 -1 -1 3
3 -1 -1 -1 -1 -1 -1 -1 -1 -1 -1 -1 -1 -1 -1 -1 3
0 0 0 0 0 0 0 0 0 0 0 0 0 0 0 0 0
3 -1 -1 -1 -1 -1 -1 -1 -1 -1 -1 -1 -1 -1 -1 -1 3
3 0 0 0 0 0 0 -1 -1 -1 -1 -1 -1 -1 -1 -1 3
3 0 0 0 0 0 0 -1 -1 -1 -1 -1 -1 -1 -1 -1 3
3 3 0 0 0 0 0 -1 -1 -1 -1 -1 -1 -1 -1 3 3
3 3 0 0 0 0 0 -1 -1 -1 -1 -1 -1 -1 -1 3 3
3 3 3 0 0 0 0 -1 -1 -1 -1 -1 -1 -1 3 3 3
3 3 3 3 3 0 0 -1 -1 -1 -1 -1 3 3 3 3 3
3 3 3 3 3 3 3 3 -1 3 3 3 3 3 3 3 3
21:43:51.253373 - stdout  :: 0 0
21:43:51.259428 - stdin   :: 1 45 0 3
3 18
1 45
11 8
21 18
3 3 3 3 3 3 3 3 -1 3 3 3 3 3 3 3 3
3 3 3 3 3 -1 -1 -1 -1 -1 -1 -1 3 3 3 3 3
3 3 3 -1 -1 -1 -1 -1 -1 -1 -1 -1 -1 -1 3 3 3
3 3 -1 -1 -1 -1 -1 -1 -1 -1 -1 -1 -1 -1 -1 3 3
3 3 -1 -1 -1 -1 -1 -1 -1 -1 -1 -1 -1 -1 -1 3 3
3 -1 -1 -1 -1 -1 -1 -1 -1 -1 -1 -1 -1 -1 -1 -1 3
3 -1 -1 -1 -1 -1 -1 -1 -1 -1 -1 -1 -1 -1 -1 -1 3
3 -1 -1 -1 -1 -1 -1 -1 -1 -1 -1 -1 -1 -1 -1 -1 3
0 0 0 0 0 0 0 0 0 0 0 0 0 0 0 0 0
3 -1 -1 -1 -1 -1 -1 -1 -1 -1 -1 -1 -1 -1 -1 -1 3
3 0 0 0 -1 -1 -1 -1 -1 -1 -1 -1 -1 -1 -1 -1 3
3 0 0 0 -1 -1 -1 -1 -1 -1 -1 -1 -1 -1 -1 -1 3
3 3 0 0 -1 -1 -1 -1 -1 -1 -1 -1 -1 -1 -1 3 3
3 3 0 0 -1 -1 -1 -1 -1 -1 -1 -1 -1 -1 -1 3 3
3 3 3 0 -1 -1 -1 -1 -1 -1 -1 -1 -1 -1 3 3 3
3 3 3 3 3 -1 -1 -1 -1 -1 -1 -1 3 3 3 3 3
3 3 3 3 3 3 3 3 -1 3 3 3 3 3 3 3 3
21:43:51.267509 - stdout  :: 0 0
21:43:51.283711 - stdin   :: 1 48 0 3
4 18
1 48
11 8
21 18
3 3 3 3 3 3 3 3 -1 3 3 3 3 3 3 3 3
3 3 3 3 3 -1 -1 -1 -1 -1 -1 -1 3 3 3 3 3
3 3 3 -1 -1 -1 -1 -1 -1 -1 -1 -1 -1 -1 3 3 3
3 3 -1 -1 -1 -1 -1 -1 -1 -1 -1 -1 -1 -1 -1 3 3
3 3 -1 -1 -1 -1 -1 -1 -1 -1 -1 -1 -1 -1 -1 3 3
3 -1 -1 -1 -1 -1 -1 -1 -1 -1 -1 -1 -1 -1 -1 -1 3
3 -1 -1 -1 -1 -1 -1 -1 -1 -1 -1 -1 -1 -1 -1 -1 3
3 -1 -1 -1 -1 -1 -1 -1 -1 -1 -1 -1 -1 -1 -1 -1 3
0 0 0 0 0 0 0 0 0 0 0 0 0 0 0 0 0
3 -1 -1 -1 -1 -1 -1 -1 -1 -1 -1 -1 -1 -1 -1 -1 3
3 -1 -1 -1 -1 -1 -1 -1 -1 -1 -1 -1 -1 -1 -1 -1 3
3 -1 -1 -1 -1 -1 -1 -1 -1 -1 -1 -1 -1 -1 -1 -1 3
3 3 -1 -1 -1 -1 -1 -1 -1 -1 -1 -1 -1 -1 -1 3 3
3 3 -1 -1 -1 -1 -1 -1 -1 -1 -1 -1 -1 -1 -1 3 3
3 3 3 -1 -1 -1 -1 -1 -1 -1 -1 -1 -1 -1 3 3 3
3 3 3 3 3 -1 -1 -1 -1 -1 -1 -1 3 3 3 3 3
3 3 3 3 3 3 3 3 -1 3 3 3 3 3 3 3 3
21:43:51.292407 - stdout  :: 0 0
21:43:51.297674 - stdin   :: 1 51 0 3
5 18
1 51
11 8
21 18
3 3 3 3 3 3 3 3 -1 3 3 3 3 3 3 3 3
3 3 3 3 3 -1 -1 -1 -1 -1 -1 -1 3 3 3 3 3
3 3 3 -1 -1 -1 -1 -1 -1 -1 -1 -1 -1 -1 3 3 3
3 3 -1 -1 -1 -1 -1 -1 -1 -1 -1 -1 -1 -1 -1 3 3
3 3 -1 -1 -1 -1 -1 -1 -1 -1 -1 -1 -1 -1 -1 3 3
3 -1 -1 -1 -1 -1 -1 -1 -1 -1 -1 -1 -1 -1 -1 -1 3
3 -1 -1 -1 -1 -1 -1 -1 -1 -1 -1 -1 -1 -1 -1 -1 3
3 -1 -1 -1 -1 -1 -1 -1 -1 -1 -1 -1 -1 -1 -1 -1 3
0 0 0 0 0 0 0 0 0 0 0 0 0 0 0 -1 -1
3 -1 -1 -1 -1 -1 -1 -1 -1 -1 -1 -1 -1 -1 0 -1 3
3 -1 -1 -1 -1 -1 -1 -1 -1 -1 -1 -1 -1 -1 0 -1 3
3 -1 -1 -1 -1 -1 -1 -1 -1 -1 -1 -1 -1 -1 0 -1 3
3 3 -1 -1 -1 -1 -1 -1 -1 -1 -1 -1 -1 -1 0 3 3
3 3 -1 -1 -1 -1 -1 -1 -1 -1 -1 -1 -1 -1 0 3 3
3 3 3 -1 -1 -1 -1 -1 -1 -1 -1 -1 -1 -1 3 3 3
3 3 3 3 3 -1 -1 -1 -1 -1 -1 -1 3 3 3 3 3
3 3 3 3 3 3 3 3 -1 3 3 3 3 3 3 3 3
21:43:51.307208 - stdout  :: 0 0
21:43:51.312011 - stdin   :: 1 54 0 3
6 18
1 54
11 8
21 18
3 3 3 3 3 3 3 3 -1 3 3 3 3 3 3 3 3
3 3 3 3 3 -1 -1 -1 -1 -1 -1 -1 3 3 3 3 3
3 3 3 -1 -1 -1 -1 -1 -1 -1 -1 -1 -1 -1 3 3 3
3 3 -1 -1 -1 -1 -1 -1 -1 -1 -1 -1 -1 -1 -1 3 3
3 3 -1 -1 -1 -1 -1 -1 -1 -1 -1 -1 -1 -1 -1 3 3
3 -1 -1 -1 -1 -1 -1 -1 -1 -1 -1 -1 -1 -1 -1 -1 3
3 -1 -1 -1 -1 -1 -1 -1 -1 -1 -1 -1 -1 -1 -1 -1 3
3 -1 -1 -1 -1 -1 -1 -1 -1 -1 -1 -1 -1 -1 -1 -1 3
0 0 0 0 0 0 0 0 0 0 0 0 -1 -1 -1 -1 -1
3 -1 -1 -1 -1 -1 -1 -1 -1 -1 -1 0 -1 -1 -1 -1 3
3 -1 -1 -1 -1 -1 -1 -1 -1 -1 -1 0 -1 -1 -1 -1 3
3 -1 -1 -1 -1 -1 -1 -1 -1 -1 -1 0 -1 -1 -1 -1 3
3 3 -1 -1 -1 -1 -1 -1 -1 -1 -1 0 -1 -1 -1 3 3
3 3 -1 -1 -1 -1 -1 -1 -1 -1 -1 0 -1 -1 -1 3 3
3 3 3 -1 -1 -1 -1 -1 -1 -1 -1 0 -1 -1 3 3 3
3 3 3 3 3 -1 -1 -1 -1 -1 -1 0 3 3 3 3 3
3 3 3 3 3 3 3 3 -1 3 3 3 3 3 3 3 3
21:43:51.321312 - stdout  :: 1 0
21:43:51.326197 - stdin   :: 2 57 1 3
7 18
2 57
11 8
21 18
3 3 3 3 3 3 3 3 -1 3 3 3 3 3 3 3 3
3 3 3 3 3 -1 -1 -1 -1 -1 -1 -1 3 3 3 3 3
3 3 3 -1 -1 -1 -1 -1 -1 -1 -1 -1 -1 -1 3 3 3
3 3 -1 -1 -1 -1 -1 -1 -1 -1 -1 -1 -1 -1 -1 3 3
3 3 -1 -1 -1 -1 -1 -1 -1 -1 -1 -1 -1 -1 -1 3 3
3 -1 -1 -1 -1 -1 -1 -1 -1 -1 -1 -1 -1 -1 -1 -1 3
3 -1 -1 -1 -1 -1 -1 -1 -1 -1 -1 -1 -1 -1 -1 -1 3
3 0 0 0 0 0 0 0 0 -1 -1 -1 -1 -1 -1 -1 3
-1 -1 -1 -1 -1 -1 -1 -1 0 -1 -1 -1 -1 -1 -1 -1 -1
3 -1 -1 -1 -1 -1 -1 -1 0 -1 -1 -1 -1 -1 -1 -1 3
3 -1 -1 -1 -1 -1 -1 -1 0 -1 -1 -1 -1 -1 -1 -1 3
3 -1 -1 -1 -1 -1 -1 -1 0 -1 -1 -1 -1 -1 -1 -1 3
3 3 -1 -1 -1 -1 -1 -1 0 -1 -1 -1 -1 -1 -1 3 3
3 3 -1 -1 -1 -1 -1 -1 0 -1 -1 -1 -1 -1 -1 3 3
3 3 3 -1 -1 -1 -1 -1 0 -1 -1 -1 -1 -1 3 3 3
3 3 3 3 3 -1 -1 -1 0 -1 -1 -1 3 3 3 3 3
3 3 3 3 3 3 3 3 0 3 3 3 3 3 3 3 3
21:43:51.335858 - stdout  :: -1 -1
21:43:51.365591 - stdin   :: 2 57 0 0
17 18
2 57
10 9
21 18
3 3 3 3 3 3 3 3 -1 3 3 3 3 3 3 3 3
3 3 3 3 3 -1 -1 -1 -1 -1 -1 -1 3 3 3 3 3
3 3 3 -1 -1 -1 -1 -1 -1 -1 -1 -1 -1 -1 3 3 3
3 3 -1 -1 -1 -1 -1 -1 -1 -1 -1 -1 -1 -1 -1 3 3
3 3 -1 -1 -1 -1 -1 -1 -1 -1 -1 -1 -1 -1 -1 3 3
3 -1 -1 -1 -1 -1 -1 -1 -1 -1 -1 -1 -1 -1 -1 -1 3
3 -1 -1 -1 -1 -1 -1 -1 -1 -1 -1 -1 -1 -1 -1 -1 3
3 0 0 0 0 0 0 0 0 -1 -1 -1 -1 -1 -1 -1 3
-1 -1 -1 -1 -1 -1 -1 -1 0 -1 -1 -1 -1 -1 -1 -1 -1
3 -1 -1 -1 -1 -1 -1 -1 0 -1 -1 -1 -1 -1 -1 -1 3
3 -1 -1 -1 -1 -1 -1 -1 0 -1 -1 -1 -1 -1 -1 -1 3
3 -1 -1 -1 -1 -1 -1 -1 0 -1 -1 -1 -1 -1 -1 -1 3
3 3 -1 -1 -1 -1 -1 -1 0 -1 -1 -1 -1 -1 -1 3 3
3 3 -1 -1 -1 -1 -1 -1 0 -1 -1 -1 -1 -1 -1 3 3
3 3 3 -1 -1 -1 -1 -1 0 -1 -1 -1 -1 -1 3 3 3
3 3 3 3 3 -1 -1 -1 0 -1 -1 -1 3 3 3 3 3
3 3 3 3 3 3 3 3 0 3 3 3 3 3 3 3 3
21:43:51.375282 - stdout  :: 1 0
21:43:51.380444 - stdin   :: 3 57 1 0
17 18
3 57
10 9
21 18
3 3 3 3 3 3 3 3 -1 3 3 3 3 3 3 3 3
3 3 3 3 3 -1 -1 -1 -1 -1 -1 -1 3 3 3 3 3
3 3 3 -1 -1 -1 -1 -1 -1 -1 -1 -1 -1 -1 3 3 3
3 3 -1 -1 -1 -1 -1 -1 -1 -1 -1 -1 -1 -1 -1 3 3
3 3 -1 -1 -1 -1 -1 -1 -1 -1 -1 -1 -1 -1 -1 3 3
3 -1 -1 -1 -1 -1 -1 -1 -1 -1 -1 -1 -1 -1 -1 -1 3
3 0 0 0 0 0 0 0 0 -1 -1 -1 -1 -1 -1 -1 3
3 -1 -1 -1 -1 -1 -1 -1 0 -1 -1 -1 -1 -1 -1 -1 3
-1 -1 -1 -1 -1 -1 -1 -1 0 -1 -1 -1 -1 -1 -1 -1 -1
3 -1 -1 -1 -1 -1 -1 -1 0 -1 -1 -1 -1 -1 -1 -1 3
3 -1 -1 -1 -1 -1 -1 -1 0 -1 -1 -1 -1 -1 -1 -1 3
3 -1 -1 -1 -1 -1 -1 -1 0 -1 -1 -1 -1 -1 -1 -1 3
3 3 -1 -1 -1 -1 -1 -1 0 -1 -1 -1 -1 -1 -1 3 3
3 3 -1 -1 -1 -1 -1 -1 0 -1 -1 -1 -1 -1 -1 3 3
3 3 3 -1 -1 -1 -1 -1 0 -1 -1 -1 -1 -1 3 3 3
3 3 3 3 3 -1 -1 -1 0 -1 -1 -1 3 3 3 3 3
3 3 3 3 3 3 3 3 0 3 3 3 3 3 3 3 3
21:43:51.390339 - stdout  :: 1 0
21:43:51.393299 - stdin   :: 5 57 2 0
17 18
5 57
10 9
21 18
3 3 3 3 3 3 3 3 -1 3 3 3 3 3 3 3 3
3 3 3 3 3 -1 -1 -1 -1 -1 -1 -1 3 3 3 3 3
3 3 3 -1 -1 -1 -1 -1 -1 -1 -1 -1 -1 -1 3 3 3
3 3 -1 -1 -1 -1 -1 -1 -1 -1 -1 -1 -1 -1 -1 3 3
3 3 0 0 0 0 0 0 0 -1 -1 -1 -1 -1 -1 3 3
3 -1 -1 -1 -1 -1 -1 -1 0 -1 -1 -1 -1 -1 -1 -1 3
3 -1 -1 -1 -1 -1 -1 -1 0 -1 -1 -1 -1 -1 -1 -1 3
3 -1 -1 -1 -1 -1 -1 -1 0 -1 -1 -1 -1 -1 -1 -1 3
-1 -1 -1 -1 -1 -1 -1 -1 0 -1 -1 -1 -1 -1 -1 -1 -1
3 -1 -1 -1 -1 -1 -1 -1 0 -1 -1 -1 -1 -1 -1 -1 3
3 -1 -1 -1 -1 -1 -1 -1 0 -1 -1 -1 -1 -1 -1 -1 3
3 -1 -1 -1 -1 -1 -1 -1 0 -1 -1 -1 -1 -1 -1 -1 3
3 3 -1 -1 -1 -1 -1 -1 0 -1 -1 -1 -1 -1 -1 3 3
3 3 -1 -1 -1 -1 -1 -1 0 -1 -1 -1 -1 -1 -1 3 3
3 3 3 -1 -1 -1 -1 -1 0 -1 -1 -1 -1 -1 3 3 3
3 3 3 3 3 -1 -1 -1 0 -1 -1 -1 3 3 3 3 3
3 3 3 3 3 3 3 3 0 3 3 3 3 3 3 3 3
21:43:51.404214 - stdout  :: 1 0
21:43:51.407355 - stdin   :: 8 57 3 0
17 18
8 57
10 9
21 18
3 3 3 3 3 3 3 3 -1 3 3 3 3 3 3 3 3
3 3 3 3 3 0 0 0 0 -1 -1 -1 3 3 3 3 3
3 3 3 -1 -1 -1 -1 -1 0 -1 -1 -1 -1 -1 3 3 3
3 3 -1 -1 -1 -1 -1 -1 0 -1 -1 -1 -1 -1 -1 3 3
3 3 -1 -1 -1 -1 -1 -1 0 -1 -1 -1 -1 -1 -1 3 3
3 -1 -1 -1 -1 -1 -1 -1 0 -1 -1 -1 -1 -1 -1 -1 3
3 -1 -1 -1 -1 -1 -1 -1 0 -1 -1 -1 -1 -1 -1 -1 3
3 -1 -1 -1 -1 -1 -1 -1 0 -1 -1 -1 -1 -1 -1 -1 3
-1 -1 -1 -1 -1 -1 -1 -1 0 -1 -1 -1 -1 -1 -1 -1 -1
3 -1 -1 -1 -1 -1 -1 -1 0 -1 -1 -1 -1 -1 -1 -1 3
3 -1 -1 -1 -1 -1 -1 -1 0 -1 -1 -1 -1 -1 -1 -1 3
3 -1 -1 -1 -1 -1 -1 -1 0 -1 -1 -1 -1 -1 -1 -1 3
3 3 -1 -1 -1 -1 -1 -1 0 -1 -1 -1 -1 -1 -1 3 3
3 3 -1 -1 -1 -1 -1 -1 0 -1 -1 -1 -1 -1 -1 3 3
3 3 3 -1 -1 -1 -1 -1 0 -1 -1 -1 -1 -1 3 3 3
3 3 3 3 3 -1 -1 -1 0 -1 -1 -1 3 3 3 3 3
3 3 3 3 3 3 3 3 0 3 3 3 3 3 3 3 3
21:43:51.419177 - stdout  :: 0 0
21:43:51.424429 - stdin   :: 11 57 3 0
17 18
11 57
9 10
21 18
3 3 3 3 3 3 3 3 0 3 3 3 3 3 3 3 3
3 3 3 3 3 -1 -1 -1 0 -1 -1 -1 3 3 3 3 3
3 3 3 -1 -1 -1 -1 -1 0 -1 -1 -1 -1 -1 3 3 3
3 3 -1 -1 -1 -1 -1 -1 0 -1 -1 -1 -1 -1 -1 3 3
3 3 -1 -1 -1 -1 -1 -1 0 -1 -1 -1 -1 -1 -1 3 3
3 -1 -1 -1 -1 -1 -1 -1 0 -1 -1 -1 -1 -1 -1 -1 3
3 -1 -1 -1 -1 -1 -1 -1 0 -1 -1 -1 -1 -1 -1 -1 3
3 -1 -1 -1 -1 -1 -1 -1 0 -1 -1 -1 -1 -1 -1 -1 3
-1 -1 -1 -1 -1 -1 -1 -1 0 -1 -1 -1 -1 -1 -1 -1 -1
3 -1 -1 -1 -1 -1 -1 -1 0 -1 -1 -1 -1 -1 -1 -1 3
3 -1 -1 -1 -1 -1 -1 -1 0 -1 -1 -1 -1 -1 -1 -1 3
3 -1 -1 -1 -1 -1 -1 -1 0 -1 -1 -1 -1 -1 -1 -1 3
3 3 -1 -1 -1 -1 -1 -1 0 -1 -1 -1 -1 -1 -1 3 3
3 3 -1 -1 -1 -1 -1 -1 0 -1 -1 -1 -1 -1 -1 3 3
3 3 3 0 0 0 -1 -1 0 -1 -1 -1 -1 -1 3 3 3
3 3 3 3 3 0 -1 -1 0 -1 -1 -1 3 3 3 3 3
3 3 3 3 3 3 3 3 0 3 3 3 3 3 3 3 3
21:43:51.435576 - stdout  :: 0 0
21:43:51.445361 - stdin   :: 14 57 3 0
17 18
14 57
9 10
21 18
3 3 3 3 3 3 3 3 0 3 3 3 3 3 3 3 3
3 3 3 3 3 -1 -1 -1 0 -1 -1 -1 3 3 3 3 3
3 3 3 -1 -1 -1 -1 -1 0 -1 -1 -1 -1 -1 3 3 3
3 3 -1 -1 -1 -1 -1 -1 0 -1 -1 -1 -1 -1 -1 3 3
3 3 -1 -1 -1 -1 -1 -1 0 -1 -1 -1 -1 -1 -1 3 3
3 -1 -1 -1 -1 -1 -1 -1 0 -1 -1 -1 -1 -1 -1 -1 3
3 -1 -1 -1 -1 -1 -1 -1 0 -1 -1 -1 -1 -1 -1 -1 3
3 -1 -1 -1 -1 -1 -1 -1 0 -1 -1 -1 -1 -1 -1 -1 3
-1 -1 -1 -1 -1 -1 -1 -1 0 -1 -1 -1 -1 -1 -1 -1 -1
3 -1 -1 -1 -1 -1 -1 -1 0 -1 -1 -1 -1 -1 -1 -1 3
3 -1 -1 -1 -1 -1 -1 -1 0 -1 -1 -1 -1 -1 -1 -1 3
3 0 -1 0 0 0 -1 -1 0 -1 -1 -1 -1 -1 -1 -1 3
3 3 -1 0 -1 0 -1 -1 0 -1 -1 -1 -1 -1 -1 3 3
3 3 0 0 -1 0 0 0 0 -1 -1 -1 -1 -1 -1 3 3
3 3 3 0 -1 0 -1 -1 0 -1 -1 -1 -1 -1 3 3 3
3 3 3 3 3 0 -1 -1 0 -1 -1 -1 3 3 3 3 3
3 3 3 3 3 3 3 3 0 3 3 3 3 3 3 3 3
21:43:51.456583 - stdout  :: 0 0
21:43:51.459647 - stdin   :: 17 57 3 0
17 18
17 57
9 10
21 18
3 3 3 3 3 3 3 3 0 3 3 3 3 3 3 3 3
3 3 3 3 3 -1 -1 -1 0 -1 -1 -1 3 3 3 3 3
3 3 3 -1 -1 -1 -1 -1 0 -1 -1 -1 -1 -1 3 3 3
3 3 -1 -1 -1 -1 -1 -1 0 -1 -1 -1 -1 -1 -1 3 3
3 3 -1 -1 -1 -1 -1 -1 0 -1 -1 -1 -1 -1 -1 3 3
3 -1 -1 -1 -1 -1 -1 -1 0 -1 -1 -1 -1 -1 -1 -1 3
3 -1 -1 -1 -1 -1 -1 -1 0 -1 -1 -1 -1 -1 -1 -1 3
3 -1 -1 -1 -1 -1 -1 -1 0 -1 -1 -1 -1 -1 -1 -1 3
0 0 -1 0 0 0 -1 -1 0 -1 -1 -1 -1 -1 -1 -1 -1
3 0 -1 0 -1 0 -1 -1 0 -1 -1 -1 -1 -1 -1 -1 3
3 0 0 0 -1 0 0 0 0 -1 -1 -1 -1 -1 -1 -1 3
3 0 -1 0 -1 0 -1 -1 0 -1 -1 -1 -1 -1 -1 -1 3
3 3 -1 0 0 0 -1 -1 0 -1 -1 -1 -1 -1 -1 3 3
3 3 -1 -1 -1 -1 -1 -1 0 -1 -1 -1 -1 -1 -1 3 3
3 3 3 -1 -1 -1 -1 -1 0 -1 -1 -1 -1 -1 3 3 3
3 3 3 3 3 -1 -1 -1 0 -1 -1 -1 3 3 3 3 3
3 3 3 3 3 3 3 3 0 3 3 3 3 3 3 3 3
21:43:51.471033 - stdout  :: -1 -1
21:43:51.476513 - stdin   :: 19 56 2 -1
16 18
19 56
9 10
21 18
3 3 3 3 3 3 3 3 -1 3 3 3 3 3 3 3 3
3 3 3 3 3 -1 -1 -1 -1 0 -1 -1 3 3 3 3 3
3 3 3 -1 -1 -1 -1 -1 -1 0 -1 -1 -1 -1 3 3 3
3 3 -1 -1 -1 -1 -1 -1 -1 0 -1 -1 -1 -1 -1 3 3
3 3 -1 -1 -1 -1 -1 -1 -1 0 -1 -1 -1 -1 -1 3 3
3 -1 -1 -1 -1 -1 -1 -1 -1 0 -1 -1 -1 -1 -1 -1 3
3 0 0 -1 0 0 0 -1 -1 0 -1 -1 -1 -1 -1 -1 3
3 -1 0 -1 0 -1 0 -1 -1 0 -1 -1 -1 -1 -1 -1 3
0 -1 0 0 0 -1 0 0 0 0 -1 -1 -1 -1 -1 -1 -1
3 -1 0 -1 0 -1 0 -1 -1 0 -1 -1 -1 -1 -1 -1 3
3 -1 0 -1 0 0 0 -1 -1 0 -1 -1 -1 -1 -1 -1 3
3 0 0 -1 -1 -1 -1 -1 -1 0 -1 -1 -1 -1 -1 -1 3
3 3 -1 -1 -1 -1 -1 -1 -1 0 -1 -1 -1 -1 -1 3 3
3 3 -1 -1 -1 -1 -1 -1 -1 0 -1 -1 -1 -1 -1 3 3
3 3 3 -1 -1 -1 -1 -1 -1 0 -1 -1 -1 -1 3 3 3
3 3 3 3 3 -1 -1 -1 -1 0 -1 -1 3 3 3 3 3
3 3 3 3 3 3 3 3 -1 3 3 3 3 3 3 3 3
21:43:51.487436 - stdout  :: -1 -1
21:43:51.492174 - stdin   :: 20 54 1 -2
15 18
20 54
9 10
21 18
3 3 3 3 3 3 3 3 -1 3 3 3 3 3 3 3 3
3 3 3 3 3 -1 -1 -1 -1 -1 -1 0 3 3 3 3 3
3 3 3 -1 -1 -1 -1 -1 -1 -1 -1 0 -1 -1 3 3 3
3 3 -1 -1 -1 -1 -1 -1 -1 -1 -1 0 -1 -1 -1 3 3
3 3 -1 -1 -1 -1 -1 -1 -1 -1 -1 0 -1 -1 -1 3 3
3 -1 0 0 0 -1 0 0 0 -1 -1 0 -1 -1 -1 -1 3
3 -1 0 -1 0 -1 0 -1 0 -1 -1 0 -1 -1 -1 -1 3
3 -1 0 -1 0 0 0 -1 0 0 0 0 -1 -1 -1 -1 3
0 0 0 -1 0 -1 0 -1 0 -1 -1 0 -1 -1 -1 -1 -1
3 -1 0 -1 0 -1 0 0 0 -1 -1 0 -1 -1 -1 -1 3
3 -1 0 0 0 -1 -1 -1 -1 -1 -1 0 -1 -1 -1 -1 3
3 -1 0 -1 -1 -1 -1 -1 -1 -1 -1 0 -1 -1 -1 -1 3
3 3 0 -1 -1 -1 -1 -1 -1 -1 -1 0 -1 -1 -1 3 3
3 3 -1 -1 -1 -1 -1 -1 -1 -1 -1 0 -1 -1 -1 3 3
3 3 3 -1 -1 -1 -1 -1 -1 -1 -1 0 -1 -1 3 3 3
3 3 3 3 3 -1 -1 -1 -1 -1 -1 0 3 3 3 3 3
3 3 3 3 3 3 3 3 -1 3 3 3 3 3 3 3 3
21:43:51.502357 - stdout  :: 0 1
21:43:51.507867 - stdin   :: 21 53 1 -1
14 18
21 53
9 10
21 18
3 3 3 3 3 3 3 3 -1 3 3 3 3 3 3 3 3
3 3 3 3 3 -1 -1 -1 -1 -1 -1 -1 3 3 3 3 3
3 3 3 -1 -1 -1 -1 -1 -1 -1 -1 -1 0 -1 3 3 3
3 3 -1 -1 -1 -1 -1 -1 -1 -1 -1 -1 0 -1 -1 3 3
3 3 -1 0 0 0 -1 0 0 0 -1 -1 0 -1 -1 3 3
3 0 -1 0 -1 0 -1 0 -1 0 -1 -1 0 -1 -1 -1 3
3 0 -1 0 -1 0 0 0 -1 0 0 0 0 -1 -1 -1 3
3 0 0 0 -1 0 -1 0 -1 0 -1 -1 0 -1 -1 -1 3
0 0 -1 0 -1 0 -1 0 0 0 -1 -1 0 -1 -1 -1 -1
3 0 -1 0 0 0 -1 -1 -1 -1 -1 -1 0 -1 -1 -1 3
3 0 -1 0 -1 -1 -1 -1 -1 -1 -1 -1 0 -1 -1 -1 3
3 0 -1 0 -1 -1 -1 -1 -1 -1 -1 -1 0 -1 -1 -1 3
3 3 0 -1 -1 -1 -1 -1 -1 -1 -1 -1 0 -1 -1 3 3
3 3 -1 -1 -1 -1 -1 -1 -1 -1 -1 -1 0 -1 -1 3 3
3 3 3 -1 -1 -1 -1 -1 -1 -1 -1 -1 0 -1 3 3 3
3 3 3 3 3 -1 -1 -1 -1 -1 -1 -1 3 3 3 3 3
3 3 3 3 3 3 3 3 -1 3 3 3 3 3 3 3 3
21:43:51.519365 - stdout  :: -1 0
21:43:51.524139 - stdin   :: 21 52 0 -1
13 18
21 52
9 10
21 18
3 3 3 3 3 3 3 3 -1 3 3 3 3 3 3 3 3
3 3 3 3 3 -1 -1 -1 -1 -1 -1 -1 3 3 3 3 3
3 3 3 -1 -1 -1 -1 -1 -1 -1 -1 -1 -1 0 3 3 3
3 3 -1 -1 -1 -1 -1 -1 -1 -1 -1 -1 -1 0 -1 3 3
3 3 0 -1 0 0 0 -1 0 0 0 -1 -1 0 -1 3 3
3 0 0 -1 0 -1 0 -1 0 -1 0 -1 -1 0 -1 -1 3
3 0 0 -1 0 -1 0 0 0 -1 0 0 0 0 -1 -1 3
3 0 0 0 0 -1 0 -1 0 -1 0 -1 -1 0 -1 -1 3
0 0 0 -1 0 -1 0 -1 0 0 0 -1 -1 0 -1 -1 -1
3 0 0 -1 0 0 0 -1 -1 -1 -1 -1 -1 0 -1 -1 3
3 0 0 -1 0 -1 -1 -1 -1 -1 -1 -1 -1 0 -1 -1 3
3 0 0 -1 0 -1 -1 -1 -1 -1 -1 -1 -1 0 -1 -1 3
3 3 0 0 -1 -1 -1 -1 -1 -1 -1 -1 -1 0 -1 3 3
3 3 0 -1 -1 -1 -1 -1 -1 -1 -1 -1 -1 0 -1 3 3
3 3 3 -1 -1 -1 -1 -1 -1 -1 -1 -1 -1 0 3 3 3
3 3 3 3 3 -1 -1 -1 -1 -1 -1 -1 3 3 3 3 3
3 3 3 3 3 3 3 3 -1 3 3 3 3 3 3 3 3
21:43:51.535476 - stdout  :: -1 1
21:43:51.542189 - stdin   :: 20 52 -1 0
12 18
20 52
8 11
21 18
3 3 3 3 3 3 3 3 -1 3 3 3 3 3 3 3 3
3 3 3 3 3 -1 -1 -1 -1 -1 -1 -1 3 3 3 3 3
3 3 3 -1 -1 -1 -1 -1 -1 -1 -1 -1 -1 0 3 3 3
3 3 -1 -1 -1 -1 -1 -1 -1 -1 -1 -1 -1 0 -1 3 3
3 3 -1 -1 -1 -1 -1 -1 -1 -1 -1 -1 -1 0 -1 3 3
3 -1 0 -1 0 0 0 -1 0 0 0 -1 -1 0 -1 -1 3
3 0 0 -1 0 -1 0 -1 0 -1 0 -1 -1 0 -1 -1 3
3 0 0 -1 0 -1 0 0 0 -1 0 0 0 0 -1 -1 3
0 0 0 0 0 -1 0 -1 0 -1 0 -1 -1 0 -1 -1 -1
3 0 0 -1 0 -1 0 -1 0 0 0 -1 -1 0 -1 -1 3
3 0 0 -1 0 0 0 -1 -1 -1 -1 -1 -1 0 -1 -1 3
3 0 0 -1 0 -1 -1 -1 -1 -1 -1 -1 -1 0 -1 -1 3
3 3 0 -1 0 -1 -1 -1 -1 -1 -1 -1 -1 0 -1 3 3
3 3 0 0 -1 -1 -1 -1 -1 -1 -1 -1 -1 0 -1 3 3
3 3 3 -1 -1 -1 -1 -1 -1 -1 -1 -1 -1 0 3 3 3
3 3 3 3 3 -1 -1 -1 -1 -1 -1 -1 3 3 3 3 3
3 3 3 3 3 3 3 3 -1 3 3 3 3 3 3 3 3
21:43:51.553612 - stdout  :: 0 -1
21:43:51.564233 - stdin   :: 19 51 -1 -1
11 18
19 51
8 11
21 18
3 3 3 3 3 3 3 3 -1 3 3 3 3 3 3 3 3
3 3 3 3 3 -1 -1 -1 -1 -1 -1 -1 3 3 3 3 3
3 3 3 -1 -1 -1 -1 -1 -1 -1 -1 -1 -1 -1 3 3 3
3 3 -1 -1 -1 -1 -1 -1 -1 -1 -1 -1 -1 -1 0 3 3
3 3 -1 -1 -1 -1 -1 -1 -1 -1 -1 -1 -1 -1 0 3 3
3 -1 -1 -1 -1 -1 -1 -1 -1 -1 -1 -1 -1 -1 0 -1 3
3 -1 -1 0 -1 0 0 0 -1 0 0 0 -1 -1 0 -1 3
3 -1 0 0 -1 0 -1 0 -1 0 -1 0 -1 -1 0 -1 3
-1 0 0 0 -1 0 -1 0 0 0 -1 0 0 0 0 -1 -1
3 0 0 0 0 0 -1 0 -1 0 -1 0 -1 -1 0 -1 3
3 0 0 0 -1 0 -1 0 -1 0 0 0 -1 -1 0 -1 3
3 0 0 0 -1 0 0 0 -1 -1 -1 -1 -1 -1 0 -1 3
3 3 0 0 -1 0 -1 -1 -1 -1 -1 -1 -1 -1 0 3 3
3 3 0 0 -1 0 -1 -1 -1 -1 -1 -1 -1 -1 0 3 3
3 3 3 0 0 -1 -1 -1 -1 -1 -1 -1 -1 -1 3 3 3
3 3 3 3 3 -1 -1 -1 -1 -1 -1 -1 3 3 3 3 3
3 3 3 3 3 3 3 3 -1 3 3 3 3 3 3 3 3
21:43:51.577016 - stdout  :: -1 -1
21:43:51.581575 - stdin   :: 17 49 -2 -2
10 18
17 49
8 11
21 18
3 3 3 3 3 3 3 3 -1 3 3 3 3 3 3 3 3
3 3 3 3 3 -1 -1 -1 -1 -1 -1 -1 3 3 3 3 3
3 3 3 -1 -1 -1 -1 -1 -1 -1 -1 -1 -1 -1 3 3 3
3 3 -1 -1 -1 -1 -1 -1 -1 -1 -1 -1 -1 -1 -1 3 3
3 3 -1 -1 -1 -1 -1 -1 -1 -1 -1 -1 -1 -1 -1 3 3
3 -1 -1 -1 -1 -1 -1 -1 -1 -1 -1 -1 -1 -1 -1 -1 3
3 -1 -1 -1 -1 -1 -1 -1 -1 -1 -1 -1 -1 -1 -1 -1 3
3 -1 -1 -1 -1 -1 -1 -1 -1 -1 -1 -1 -1 -1 -1 -1 3
-1 -1 -1 -1 -1 0 -1 0 0 0 -1 0 0 0 -1 -1 0
3 -1 -1 -1 0 0 -1 0 -1 0 -1 0 -1 0 -1 -1 3
3 -1 -1 0 0 0 -1 0 -1 0 0 0 -1 0 0 0 3
3 -1 0 0 0 0 0 0 -1 0 -1 0 -1 0 -1 -1 3
3 3 0 0 0 0 -1 0 -1 0 -1 0 0 0 -1 3 3
3 3 0 0 0 0 -1 0 0 0 -1 -1 -1 -1 -1 3 3
3 3 3 0 0 0 -1 0 -1 -1 -1 -1 -1 -1 3 3 3
3 3 3 3 3 0 -1 0 -1 -1 -1 -1 3 3 3 3 3
3 3 3 3 3 3 3 3 -1 3 3 3 3 3 3 3 3
21:43:51.594158 - stdout  :: 1 1
21:43:51.625591 - stdin   :: 17 49 0 0
4 18
17 49
7 12
21 18
3 3 3 3 3 3 3 3 -1 3 3 3 3 3 3 3 3
3 3 3 3 3 -1 -1 -1 -1 -1 -1 -1 3 3 3 3 3
3 3 3 -1 -1 -1 -1 -1 -1 -1 -1 -1 -1 -1 3 3 3
3 3 -1 -1 -1 -1 -1 -1 -1 -1 -1 -1 -1 -1 -1 3 3
3 3 -1 -1 -1 -1 -1 -1 -1 -1 -1 -1 -1 -1 -1 3 3
3 -1 -1 -1 -1 -1 -1 -1 -1 -1 -1 -1 -1 -1 -1 -1 3
3 -1 -1 -1 -1 -1 -1 -1 -1 -1 -1 -1 -1 -1 -1 -1 3
3 -1 -1 -1 -1 -1 -1 -1 -1 -1 -1 -1 -1 -1 -1 -1 3
-1 -1 -1 -1 -1 0 -1 0 0 0 -1 0 0 0 -1 -1 0
3 -1 -1 -1 0 0 -1 0 -1 0 -1 0 -1 0 -1 -1 3
3 -1 -1 0 0 0 -1 0 -1 0 0 0 -1 0 0 0 3
3 -1 0 0 0 0 0 0 -1 0 -1 0 -1 0 -1 -1 3
3 3 0 0 0 0 -1 0 -1 0 -1 0 0 0 -1 3 3
3 3 0 0 0 0 -1 0 0 0 -1 -1 -1 -1 -1 3 3
3 3 3 0 0 0 -1 0 -1 -1 -1 -1 -1 -1 3 3 3
3 3 3 3 3 0 -1 0 -1 -1 -1 -1 3 3 3 3 3
3 3 3 3 3 3 3 3 -1 3 3 3 3 3 3 3 3
21:43:51.638939 - stdout  :: 1 -1
21:43:51.643699 - stdin   :: 18 48 1 -1
3 18
18 48
7 12
21 18
3 3 3 3 3 3 3 3 -1 3 3 3 3 3 3 3 3
3 3 3 3 3 -1 -1 -1 -1 -1 -1 -1 3 3 3 3 3
3 3 3 -1 -1 -1 -1 -1 -1 -1 -1 -1 -1 -1 3 3 3
3 3 -1 -1 -1 -1 -1 -1 -1 -1 -1 -1 -1 -1 -1 3 3
3 3 -1 -1 -1 -1 -1 -1 -1 -1 -1 -1 -1 -1 -1 3 3
3 -1 -1 -1 -1 -1 -1 -1 -1 -1 -1 -1 -1 -1 -1 -1 3
3 -1 -1 -1 -1 -1 -1 -1 -1 -1 -1 -1 -1 -1 -1 -1 3
3 -1 -1 -1 -1 -1 0 -1 0 0 0 -1 0 0 0 -1 3
-1 -1 -1 -1 -1 0 0 -1 0 -1 0 -1 0 -1 0 -1 -1
3 -1 -1 -1 0 0 0 -1 0 -1 0 0 0 -1 0 0 3
3 -1 -1 0 0 0 0 0 0 -1 0 -1 0 -1 0 -1 3
3 -1 -1 0 0 0 0 -1 0 -1 0 -1 0 0 0 -1 3
3 3 0 0 0 0 0 -1 0 0 0 -1 -1 -1 -1 3 3
3 3 0 0 0 0 0 -1 0 -1 -1 -1 -1 -1 -1 3 3
3 3 3 0 0 0 0 -1 0 -1 -1 -1 -1 -1 3 3 3
3 3 3 3 3 0 0 0 -1 -1 -1 -1 3 3 3 3 3
3 3 3 3 3 3 3 3 -1 3 3 3 3 3 3 3 3
21:43:51.654829 - stdout  :: 1 0
21:43:51.659596 - stdin   :: 20 47 2 -1
2 18
20 47
7 12
21 18
3 3 3 3 3 3 3 3 -1 3 3 3 3 3 3 3 3
3 3 3 3 3 -1 -1 -1 -1 -1 -1 -1 3 3 3 3 3
3 3 3 -1 -1 -1 -1 -1 -1 -1 -1 -1 -1 -1 3 3 3
3 3 -1 -1 -1 -1 -1 -1 -1 -1 -1 -1 -1 -1 -1 3 3
3 3 -1 -1 -1 -1 -1 -1 -1 -1 -1 -1 -1 -1 -1 3 3
3 -1 -1 -1 -1 -1 -1 0 -1 0 0 0 -1 0 0 0 3
3 -1 -1 -1 -1 -1 0 0 -1 0 -1 0 -1 0 -1 0 3
3 -1 -1 -1 -1 0 0 0 -1 0 -1 0 0 0 -1 0 3
-1 -1 -1 -1 0 0 0 0 0 0 -1 0 -1 0 -1 0 -1
3 -1 -1 -1 0 0 0 0 -1 0 -1 0 -1 0 0 0 3
3 -1 -1 0 0 0 0 0 -1 0 0 0 -1 -1 -1 -1 3
3 -1 -1 0 0 0 0 0 -1 0 -1 -1 -1 -1 -1 -1 3
3 3 0 0 0 0 0 0 -1 0 -1 -1 -1 -1 -1 3 3
3 3 0 0 0 0 0 0 0 -1 -1 -1 -1 -1 -1 3 3
3 3 3 0 0 0 0 0 -1 -1 -1 -1 -1 -1 3 3 3
3 3 3 3 3 0 0 0 -1 -1 -1 -1 3 3 3 3 3
3 3 3 3 3 3 3 3 -1 3 3 3 3 3 3 3 3
21:43:51.671358 - stdout  :: 0 -1
21:43:51.676156 - stdin   :: 22 45 2 -2
1 18
22 45
7 12
21 18
3 3 3 3 3 3 3 3 -1 3 3 3 3 3 3 3 3
3 3 3 3 3 -1 -1 -1 -1 -1 -1 -1 3 3 3 3 3
3 3 3 0 -1 -1 -1 -1 -1 -1 -1 -1 -1 -1 3 3 3
3 3 -1 -1 -1 -1 -1 -1 -1 0 -1 0 0 0 -1 3 3
3 3 -1 -1 -1 -1 -1 -1 0 0 -1 0 -1 0 -1 3 3
3 0 -1 -1 -1 -1 -1 0 0 0 -1 0 -1 0 0 0 3
3 -1 -1 -1 -1 -1 0 0 0 0 0 0 -1 0 -1 0 3
3 -1 -1 -1 -1 -1 0 0 0 0 -1 0 -1 0 -1 0 3
0 -1 -1 -1 -1 0 0 0 0 0 -1 0 0 0 -1 -1 -1
3 -1 -1 -1 -1 0 0 0 0 0 -1 0 -1 -1 -1 -1 3
3 -1 -1 -1 0 0 0 0 0 0 -1 0 -1 -1 -1 -1 3
3 -1 -1 -1 0 0 0 0 0 0 0 -1 -1 -1 -1 -1 3
3 3 -1 -1 0 0 0 0 0 0 -1 -1 -1 -1 -1 3 3
3 3 -1 -1 0 0 0 0 0 0 -1 -1 -1 -1 -1 3 3
3 3 3 0 0 0 0 0 0 0 -1 -1 -1 -1 3 3 3
3 3 3 3 3 0 0 0 0 -1 -1 -1 3 3 3 3 3
3 3 3 3 3 3 3 3 0 3 3 3 3 3 3 3 3
21:43:51.689785 - stdout  :: 1 -1
21:43:51.694700 - stdin   :: 25 42 3 -3
1 17
25 42
7 12
21 18
3 3 3 3 3 3 3 3 -1 3 3 3 3 3 3 3 3
3 3 3 3 3 -1 -1 -1 -1 -1 -1 0 3 3 3 3 3
3 3 3 0 0 -1 -1 -1 -1 -1 0 0 0 -1 3 3 3
3 3 0 0 -1 -1 -1 -1 -1 0 0 0 0 0 0 3 3
3 3 0 0 -1 -1 -1 -1 -1 0 0 0 0 -1 0 3 3
3 0 0 0 -1 -1 -1 -1 0 0 0 0 0 -1 0 0 3
3 0 0 0 -1 -1 -1 -1 0 0 0 0 0 -1 0 -1 3
3 0 0 0 -1 -1 -1 0 0 0 0 0 0 -1 0 -1 3
0 0 0 0 -1 -1 -1 0 0 0 0 0 0 0 -1 -1 -1
3 0 0 -1 -1 -1 -1 0 0 0 0 0 0 -1 -1 -1 3
3 0 -1 -1 -1 -1 -1 0 0 0 0 0 0 -1 -1 -1 3
3 0 -1 -1 -1 -1 0 0 0 0 0 0 0 -1 -1 -1 3
3 3 0 -1 -1 -1 0 0 0 0 0 0 -1 -1 -1 3 3
3 3 0 -1 -1 0 0 0 0 0 0 0 -1 -1 -1 3 3
3 3 3 0 0 0 0 0 0 0 0 0 -1 -1 3 3 3
3 3 3 3 3 0 0 0 0 0 0 0 3 3 3 3 3
3 3 3 3 3 3 3 3 0 3 3 3 3 3 3 3 3
21:43:51.706412 - stdout  :: 0 1
21:43:51.710947 - stdin   :: 28 40 3 -2
1 16
28 40
7 12
21 18
3 3 3 3 3 3 3 3 -1 3 3 3 3 3 3 3 3
3 3 3 3 3 0 -1 -1 -1 -1 -1 0 3 3 3 3 3
3 3 3 0 0 0 -1 -1 -1 -1 0 0 0 0 3 3 3
3 3 0 0 0 0 -1 -1 -1 -1 0 0 0 0 0 3 3
3 3 0 0 0 0 -1 -1 -1 0 0 0 0 0 0 3 3
3 0 0 0 0 0 -1 -1 -1 0 0 0 0 0 0 0 3
3 0 0 0 0 -1 -1 -1 -1 0 0 0 0 0 0 -1 3
3 0 0 0 -1 -1 -1 -1 -1 0 0 0 0 0 0 -1 3
0 0 0 0 -1 -1 -1 -1 0 0 0 0 0 0 0 -1 -1
3 0 0 0 0 -1 -1 -1 0 0 0 0 0 0 -1 -1 3
3 0 0 0 0 -1 -1 0 0 0 0 0 0 0 -1 -1 3
3 0 0 0 0 0 0 0 0 0 0 0 0 0 -1 -1 3
3 3 0 0 0 0 0 0 0 0 0 0 0 0 -1 3 3
3 3 0 0 0 0 0 0 0 0 0 0 0 -1 -1 3 3
3 3 3 0 0 0 0 0 0 0 0 0 -1 -1 3 3 3
3 3 3 3 3 0 0 0 0 0 0 -1 3 3 3 3 3
3 3 3 3 3 3 3 3 0 3 3 3 3 3 3 3 3
21:43:51.721627 - stdout  :: 0 0
21:43:51.728690 - stdin   :: 31 38 3 -2
1 15
31 38
6 13
21 18
3 3 3 3 3 3 3 3 -1 3 3 3 3 3 3 3 3
3 3 3 3 3 0 0 0 -1 -1 -1 0 3 3 3 3 3
3 3 3 0 0 0 0 0 -1 -1 -1 0 0 0 3 3 3
3 3 0 0 0 0 0 -1 -1 -1 -1 0 0 0 0 3 3
3 3 0 0 0 0 -1 -1 -1 -1 -1 0 0 0 0 3 3
3 0 0 0 0 0 -1 -1 -1 -1 0 0 0 0 0 0 3
3 0 0 0 0 0 0 -1 -1 -1 0 0 0 0 0 0 3
3 0 0 0 0 0 0 -1 -1 0 0 0 0 0 0 0 3
-1 0 0 0 0 0 0 0 0 0 0 0 0 0 0 0 -1
3 0 0 0 0 0 0 0 0 0 0 0 0 0 0 0 3
3 -1 0 0 0 0 0 0 0 0 0 0 0 0 0 -1 3
3 -1 0 0 0 0 0 0 0 0 0 0 0 0 -1 -1 3
3 3 0 0 0 0 0 0 0 0 0 0 0 -1 -1 3 3
3 3 -1 0 0 0 0 0 0 0 0 -1 -1 -1 -1 3 3
3 3 3 -1 -1 -1 -1 -1 -1 -1 -1 -1 -1 -1 3 3 3
3 3 3 3 3 0 0 0 0 0 0 0 3 3 3 3 3
3 3 3 3 3 3 3 3 -1 3 3 3 3 3 3 3 3
21:43:51.737979 - stdout  :: -1 0
21:43:51.749200 - stdin   :: 33 36 2 -2
1 14
33 36
6 13
21 18
3 3 3 3 3 3 3 3 0 3 3 3 3 3 3 3 3
3 3 3 3 3 0 0 0 0 -1 -1 -1 3 3 3 3 3
3 3 3 0 0 0 0 0 -1 -1 -1 -1 -1 0 3 3 3
3 3 -1 0 0 0 0 0 -1 -1 -1 -1 0 0 0 3 3
3 3 -1 0 0 0 0 0 0 -1 -1 -1 0 0 0 3 3
3 -1 -1 0 0 0 0 0 0 -1 -1 0 0 0 0 0 3
3 -1 -1 0 0 0 0 0 0 0 0 0 0 0 0 0 3
3 -1 -1 0 0 0 0 0 0 0 0 0 0 0 0 0 3
-1 -1 -1 -1 0 0 0 0 0 0 0 0 0 0 0 0 0
3 -1 -1 -1 0 0 0 0 0 0 0 0 0 0 0 0 3
3 -1 -1 -1 0 0 0 0 0 0 0 0 0 0 0 -1 3
3 -1 -1 -1 -1 0 0 0 0 0 0 0 0 -1 -1 -1 3
3 3 -1 -1 -1 -1 -1 -1 -1 -1 -1 -1 -1 -1 -1 3 3
3 3 0 0 0 0 0 0 0 0 0 0 0 0 0 3 3
3 3 3 -1 -1 -1 -1 -1 -1 -1 -1 -1 -1 -1 3 3 3
3 3 3 3 3 -1 -1 -1 -1 -1 -1 -1 3 3 3 3 3
3 3 3 3 3 3 3 3 -1 3 3 3 3 3 3 3 3
21:43:51.757556 - stdout  :: -1 0
21:43:51.762030 - stdin   :: 34 34 1 -2
1 13
34 34
6 13
21 18
3 3 3 3 3 3 3 3 0 3 3 3 3 3 3 3 3
3 3 3 3 3 0 0 0 0 0 -1 -1 3 3 3 3 3
3 3 3 -1 -1 0 0 0 0 0 -1 -1 -1 -1 3 3 3
3 3 -1 -1 -1 0 0 0 0 0 0 -1 -1 -1 0 3 3
3 3 -1 -1 -1 0 0 0 0 0 0 -1 -1 0 0 3 3
3 -1 -1 -1 -1 0 0 0 0 0 0 0 0 0 0 0 3
3 -1 -1 -1 -1 0 0 0 0 0 0 0 0 0 0 0 3
3 -1 -1 -1 -1 -1 0 0 0 0 0 0 0 0 0 0 3
-1 -1 -1 -1 -1 -1 0 0 0 0 0 0 0 0 0 0 0
3 -1 -1 -1 -1 -1 0 0 0 0 0 0 0 0 0 0 3
3 -1 -1 -1 -1 -1 -1 0 0 0 0 0 0 0 0 -1 3
3 -1 -1 -1 -1 -1 -1 -1 -1 -1 -1 -1 -1 -1 -1 -1 3
3 3 0 0 0 0 0 0 0 0 0 0 0 0 0 3 3
3 3 -1 -1 -1 -1 -1 -1 -1 -1 -1 -1 -1 -1 -1 3 3
3 3 3 -1 -1 -1 -1 -1 -1 -1 -1 -1 -1 -1 3 3 3
3 3 3 3 3 -1 -1 -1 -1 -1 -1 -1 3 3 3 3 3
3 3 3 3 3 3 3 3 -1 3 3 3 3 3 3 3 3
21:43:51.770033 - stdout  :: -1 0
21:43:51.774829 - stdin   :: 34 32 0 -2
1 12
34 32
6 13
21 18
3 3 3 3 3 3 3 3 0 3 3 3 3 3 3 3 3
3 3 3 3 3 -1 -1 0 0 0 0 0 3 3 3 3 3
3 3 3 -1 -1 -1 -1 0 0 0 0 0 -1 -1 3 3 3
3 3 -1 -1 -1 -1 -1 0 0 0 0 0 0 -1 -1 3 3
3 3 -1 -1 -1 -1 -1 0 0 0 0 0 0 -1 -1 3 3
3 -1 -1 -1 -1 -1 -1 0 0 0 0 0 0 0 0 0 3
3 -1 -1 -1 -1 -1 -1 0 0 0 0 0 0 0 0 0 3
3 -1 -1 -1 -1 -1 -1 -1 0 0 0 0 0 0 0 0 3
-1 -1 -1 -1 -1 -1 -1 -1 0 0 0 0 0 0 0 0 0
3 -1 -1 -1 -1 -1 -1 -1 0 0 0 0 0 0 0 0 3
3 -1 -1 -1 -1 -1 -1 -1 -1 0 0 0 0 0 0 0 3
3 -1 -1 -1 -1 -1 -1 -1 -1 -1 -1 -1 -1 -1 -1 -1 3
3 3 0 0 0 0 0 0 0 0 0 0 0 0 0 3 3
3 3 -1 -1 -1 -1 -1 -1 -1 -1 -1 -1 -1 -1 -1 3 3
3 3 3 -1 -1 -1 -1 -1 -1 -1 -1 -1 -1 -1 3 3 3
3 3 3 3 3 -1 -1 -1 -1 -1 -1 -1 3 3 3 3 3
3 3 3 3 3 3 3 3 -1 3 3 3 3 3 3 3 3
21:43:51.782602 - stdout  :: 0 1
21:43:51.813786 - stdin   :: 34 32 0 0
1 6
34 32
5 14
21 18
3 3 3 3 3 3 3 3 0 3 3 3 3 3 3 3 3
3 3 3 3 3 -1 -1 0 0 0 0 0 3 3 3 3 3
3 3 3 -1 -1 -1 -1 0 0 0 0 0 -1 -1 3 3 3
3 3 -1 -1 -1 -1 -1 0 0 0 0 0 0 -1 -1 3 3
3 3 -1 -1 -1 -1 -1 0 0 0 0 0 0 -1 -1 3 3
3 -1 -1 -1 -1 -1 -1 0 0 0 0 0 0 0 0 0 3
3 -1 -1 -1 -1 -1 -1 0 0 0 0 0 0 0 0 0 3
3 -1 -1 -1 -1 -1 -1 -1 0 0 0 0 0 0 0 0 3
-1 -1 -1 -1 -1 -1 -1 -1 0 0 0 0 0 0 0 0 0
3 -1 -1 -1 -1 -1 -1 -1 0 0 0 0 0 0 0 0 3
3 -1 -1 -1 -1 -1 -1 -1 -1 0 0 0 0 0 0 0 3
3 -1 -1 -1 -1 -1 -1 -1 -1 -1 -1 -1 -1 -1 -1 -1 3
3 3 0 0 0 0 0 0 0 0 0 0 0 0 0 3 3
3 3 -1 -1 -1 -1 -1 -1 -1 -1 -1 -1 -1 -1 -1 3 3
3 3 3 -1 -1 -1 -1 -1 -1 -1 -1 -1 -1 -1 3 3 3
3 3 3 3 3 -1 -1 -1 -1 -1 -1 -1 3 3 3 3 3
3 3 3 3 3 3 3 3 -1 3 3 3 3 3 3 3 3
21:43:51.821899 - stdout  :: -1 1
21:43:51.826637 - stdin   :: 33 33 -1 1
1 5
33 33
5 14
21 18
3 3 3 3 3 3 3 3 0 3 3 3 3 3 3 3 3
3 3 3 3 3 -1 0 0 0 0 0 0 3 3 3 3 3
3 3 3 -1 -1 -1 0 0 0 0 0 -1 -1 -1 3 3 3
3 3 -1 -1 -1 -1 0 0 0 0 0 -1 -1 -1 -1 3 3
3 3 -1 -1 -1 -1 0 0 0 0 0 0 -1 -1 -1 3 3
3 -1 -1 -1 -1 -1 0 0 0 0 0 0 -1 -1 0 0 3
3 -1 -1 -1 -1 -1 0 0 0 0 0 0 0 0 0 0 3
3 -1 -1 -1 -1 -1 0 0 0 0 0 0 0 0 0 0 3
-1 -1 -1 -1 -1 -1 -1 0 0 0 0 0 0 0 0 0 0
3 -1 -1 -1 -1 -1 -1 0 0 0 0 0 0 0 0 0 3
3 -1 -1 -1 -1 -1 -1 0 0 0 0 0 0 0 0 0 3
3 -1 -1 -1 -1 -1 -1 -1 0 0 0 0 0 0 0 0 3
3 3 -1 -1 -1 -1 -1 -1 -1 -1 -1 -1 -1 -1 -1 3 3
3 3 0 0 0 0 0 0 0 0 0 0 0 0 0 3 3
3 3 3 -1 -1 -1 -1 -1 -1 -1 -1 -1 -1 -1 3 3 3
3 3 3 3 3 -1 -1 -1 -1 -1 -1 -1 3 3 3 3 3
3 3 3 3 3 3 3 3 -1 3 3 3 3 3 3 3 3
21:43:51.834731 - stdout  :: -1 0
21:43:51.839253 - stdin   :: 31 34 -2 1
1 4
31 34
5 14
21 18
3 3 3 3 3 3 3 3 0 3 3 3 3 3 3 3 3
3 3 3 3 3 0 0 0 0 0 0 0 3 3 3 3 3
3 3 3 -1 -1 0 0 0 0 0 0 0 -1 -1 3 3 3
3 3 -1 -1 -1 0 0 0 0 0 0 -1 -1 -1 -1 3 3
3 3 -1 -1 -1 0 0 0 0 0 -1 -1 -1 -1 -1 3 3
3 -1 -1 -1 -1 0 0 0 0 0 -1 -1 -1 -1 0 0 3
3 -1 -1 -1 -1 0 0 0 0 0 0 -1 -1 -1 0 0 3
3 -1 -1 -1 -1 0 0 0 0 0 0 -1 -1 0 0 0 3
-1 -1 -1 -1 -1 0 0 0 0 0 0 0 0 0 0 0 0
3 -1 -1 -1 -1 0 0 0 0 0 0 0 0 0 0 0 3
3 -1 -1 -1 -1 -1 0 0 0 0 0 0 0 0 0 0 3
3 -1 -1 -1 -1 -1 0 0 0 0 0 0 0 0 0 0 3
3 3 -1 -1 -1 -1 0 0 0 0 0 0 0 0 0 3 3
3 3 -1 -1 -1 -1 -1 0 0 0 0 0 0 0 0 3 3
3 3 3 -1 -1 -1 -1 -1 -1 -1 -1 -1 -1 -1 3 3 3
3 3 3 3 3 0 0 0 0 0 0 0 3 3 3 3 3
3 3 3 3 3 3 3 3 -1 3 3 3 3 3 3 3 3
21:43:51.847025 - stdout  :: -1 0
21:43:51.851551 - stdin   :: 28 35 -3 1
1 3
28 35
5 14
21 18
3 3 3 3 3 3 3 3 0 3 3 3 3 3 3 3 3
3 3 3 3 3 0 0 0 0 0 0 -1 3 3 3 3 3
3 3 3 -1 0 0 0 0 0 0 0 -1 -1 -1 3 3 3
3 3 -1 -1 0 0 0 0 0 0 0 -1 -1 -1 -1 3 3
3 3 -1 -1 0 0 0 0 0 0 0 -1 -1 -1 0 3 3
3 -1 -1 -1 0 0 0 0 0 0 0 -1 -1 -1 0 0 3
3 -1 -1 -1 0 0 0 0 0 0 -1 -1 -1 -1 0 0 3
3 -1 -1 -1 0 0 0 0 0 -1 -1 -1 -1 -1 0 0 3
-1 -1 -1 -1 0 0 0 0 0 -1 -1 -1 -1 0 0 0 0
3 -1 -1 -1 0 0 0 0 0 0 -1 -1 -1 0 0 0 3
3 -1 -1 -1 0 0 0 0 0 0 -1 -1 0 0 0 0 3
3 -1 -1 -1 0 0 0 0 0 0 0 0 0 0 0 0 3
3 3 -1 -1 0 0 0 0 0 0 0 0 0 0 0 3 3
3 3 -1 -1 -1 0 0 0 0 0 0 0 0 0 0 3 3
3 3 3 -1 -1 0 0 0 0 0 0 0 0 0 3 3 3
3 3 3 3 3 0 0 0 0 0 0 0 3 3 3 3 3
3 3 3 3 3 3 3 3 0 3 3 3 3 3 3 3 3
21:43:51.858771 - stdout  :: 0 -1
21:43:51.863333 - stdin   :: 25 35 -3 0
1 2
25 35
5 14
21 18
3 3 3 3 3 3 3 3 0 3 3 3 3 3 3 3 3
3 3 3 3 3 0 0 0 0 0 0 0 3 3 3 3 3
3 3 3 -1 0 0 0 0 0 0 0 0 -1 -1 3 3 3
3 3 -1 -1 0 0 0 0 0 0 0 -1 -1 -1 -1 3 3
3 3 -1 -1 0 0 0 0 0 0 0 -1 -1 -1 -1 3 3
3 -1 -1 -1 0 0 0 0 0 0 0 -1 -1 -1 -1 0 3
3 -1 -1 -1 0 0 0 0 0 0 0 -1 -1 -1 -1 0 3
3 -1 -1 -1 0 0 0 0 0 0 0 -1 -1 -1 0 0 3
-1 -1 -1 -1 0 0 0 0 0 0 0 -1 -1 -1 0 0 0
3 -1 -1 -1 0 0 0 0 0 0 -1 -1 -1 -1 0 0 3
3 -1 -1 -1 0 0 0 0 0 -1 -1 -1 -1 -1 0 0 3
3 -1 -1 -1 0 0 0 0 0 -1 -1 -1 -1 0 0 0 3
3 3 -1 -1 0 0 0 0 0 0 -1 -1 -1 0 0 3 3
3 3 -1 -1 0 0 0 0 0 0 -1 -1 0 0 0 3 3
3 3 3 -1 0 0 0 0 0 0 0 0 0 0 3 3 3
3 3 3 3 3 0 0 0 0 0 0 0 3 3 3 3 3
3 3 3 3 3 3 3 3 0 3 3 3 3 3 3 3 3
21:43:51.869653 - stdout  :: 0 -1
21:43:51.877037 - stdin   :: 22 34 -3 -1
1 2
22 34
4 15
21 18
3 3 3 3 3 3 3 3 0 3 3 3 3 3 3 3 3
3 3 3 3 3 0 0 0 0 0 0 0 3 3 3 3 3
3 3 3 -1 -1 0 0 0 0 0 0 0 0 0 3 3 3
3 3 -1 -1 -1 0 0 0 0 0 0 0 0 -1 -1 3 3
3 3 -1 -1 -1 0 0 0 0 0 0 0 0 -1 -1 3 3
3 -1 -1 -1 -1 0 0 0 0 0 0 0 0 -1 -1 -1 3
3 -1 -1 -1 -1 0 0 0 0 0 0 0 -1 -1 -1 -1 3
3 -1 -1 -1 -1 0 0 0 0 0 0 0 -1 -1 -1 -1 3
-1 -1 -1 -1 -1 0 0 0 0 0 0 0 -1 -1 -1 -1 0
3 -1 -1 -1 -1 0 0 0 0 0 0 0 -1 -1 -1 -1 3
3 -1 -1 -1 -1 0 0 0 0 0 0 0 -1 -1 -1 0 3
3 -1 -1 -1 -1 0 0 0 0 0 0 0 -1 -1 -1 0 3
3 3 -1 -1 -1 0 0 0 0 0 0 -1 -1 -1 -1 3 3
3 3 -1 -1 -1 0 0 0 0 0 -1 -1 -1 -1 -1 3 3
3 3 3 -1 -1 0 0 0 0 0 -1 -1 -1 -1 3 3 3
3 3 3 3 3 0 0 0 0 0 0 -1 3 3 3 3 3
3 3 3 3 3 3 3 3 0 3 3 3 3 3 3 3 3
21:43:51.881567 - stdout  :: 0 -1
21:43:51.893245 - stdin   :: 19 32 -3 -2
1 3
19 32
4 15
21 18
3 3 3 3 3 3 3 3 0 3 3 3 3 3 3 3 3
3 3 3 3 3 -1 -1 0 0 0 0 0 3 3 3 3 3
3 3 3 -1 -1 -1 -1 0 0 0 0 0 0 0 3 3 3
3 3 -1 -1 -1 -1 -1 0 0 0 0 0 0 0 0 3 3
3 3 -1 -1 -1 -1 -1 0 0 0 0 0 0 0 0 3 3
3 -1 -1 -1 -1 -1 -1 0 0 0 0 0 0 0 0 0 3
3 -1 -1 -1 -1 -1 -1 0 0 0 0 0 0 0 0 -1 3
3 -1 -1 -1 -1 -1 -1 0 0 0 0 0 0 0 0 -1 3
-1 -1 -1 -1 -1 -1 -1 0 0 0 0 0 0 0 0 -1 -1
3 -1 -1 -1 -1 -1 -1 0 0 0 0 0 0 0 -1 -1 3
3 -1 -1 -1 -1 -1 -1 0 0 0 0 0 0 0 -1 -1 3
3 -1 -1 -1 -1 -1 -1 0 0 0 0 0 0 0 -1 -1 3
3 3 -1 -1 -1 -1 -1 0 0 0 0 0 0 0 -1 3 3
3 3 -1 -1 -1 -1 -1 0 0 0 0 0 0 0 -1 3 3
3 3 3 -1 -1 -1 -1 0 0 0 0 0 0 0 3 3 3
3 3 3 3 3 -1 -1 0 0 0 0 0 3 3 3 3 3
3 3 3 3 3 3 3 3 0 3 3 3 3 3 3 3 3
21:43:51.897376 - stdout  :: 0 1
21:43:51.902237 - stdin   :: 16 31 -3 -1
1 4
16 31
4 15
21 18
3 3 3 3 3 3 3 3 0 3 3 3 3 3 3 3 3
3 3 3 3 3 0 0 -1 0 0 0 0 3 3 3 3 3
3 3 3 -1 0 0 -1 -1 0 0 0 0 0 0 3 3 3
3 3 -1 0 0 -1 -1 -1 0 0 0 0 0 0 0 3 3
3 3 0 0 -1 -1 -1 -1 0 0 0 0 0 0 0 3 3
3 100 0 -1 -1 -1 -1 -1 0 0 0 0 0 0 0 0 3
3 100 -1 -1 -1 -1 -1 -1 0 0 0 0 0 0 0 0 3
3 100 -1 -1 -1 -1 -1 -1 0 0 0 0 0 0 0 0 3
100 -1 -1 -1 -1 -1 -1 -1 0 0 0 0 0 0 0 0 0
3 -1 -1 -1 -1 -1 -1 -1 0 0 0 0 0 0 0 0 3
3 -1 -1 -1 -1 -1 -1 -1 0 0 0 0 0 0 0 0 3
3 -1 -1 -1 -1 -1 -1 -1 0 0 0 0 0 0 0 0 3
3 3 -1 -1 -1 -1 -1 -1 0 0 0 0 0 0 0 3 3
3 3 -1 -1 -1 -1 -1 -1 0 0 0 0 0 0 0 3 3
3 3 3 -1 -1 -1 -1 -1 0 0 0 0 0 0 3 3 3
3 3 3 3 3 -1 -1 -1 0 0 0 0 3 3 3 3 3
3 3 3 3 3 3 3 3 0 3 3 3 3 3 3 3 3
21:43:51.905349 - stdout  :: 0 1
21:43:51.910120 - stdin   :: 13 31 -3 0
1 6
13 31
4 15
21 18
3 3 3 3 3 3 3 3 0 3 3 3 3 3 3 3 3
3 3 3 3 3 -1 0 0 0 0 0 0 3 3 3 3 3
3 3 3 -1 -1 -1 0 0 0 0 0 0 0 0 3 3 3
3 3 -1 -1 -1 -1 0 0 0 0 0 0 0 0 0 3 3
3 3 -1 -1 -1 0 0 -1 0 0 0 0 0 0 0 3 3
3 -1 -1 -1 0 0 -1 -1 0 0 0 0 0 0 0 0 3
3 -1 -1 0 0 -1 -1 -1 0 0 0 0 0 0 0 0 3
3 -1 0 0 -1 -1 -1 -1 0 0 0 0 0 0 0 0 3
-1 100 0 -1 -1 -1 -1 -1 0 0 0 0 0 0 0 0 0
3 100 -1 -1 -1 -1 -1 -1 0 0 0 0 0 0 0 0 3
3 100 -1 -1 -1 -1 -1 -1 0 0 0 0 0 0 0 0 3
3 -1 -1 -1 -1 -1 -1 -1 0 0 0 0 0 0 0 0 3
3 3 -1 -1 -1 -1 -1 -1 0 0 0 0 0 0 0 3 3
3 3 -1 -1 -1 -1 -1 -1 0 0 0 0 0 0 0 3 3
3 3 3 -1 -1 -1 -1 -1 0 0 0 0 0 0 3 3 3
3 3 3 3 3 -1 -1 -1 0 0 0 0 3 3 3 3 3
3 3 3 3 3 3 3 3 0 3 3 3 3 3 3 3 3
21:43:51.912296 - stdout  :: 0 0
21:43:51.916718 - stdin   :: 10 31 -3 0
1 8
10 31
4 15
21 18
3 3 3 3 3 3 3 3 -1 3 3 3 3 3 3 3 3
3 3 3 3 3 -1 0 0 0 0 0 0 3 3 3 3 3
3 3 3 -1 -1 -1 0 0 0 0 0 0 0 0 3 3 3
3 3 -1 -1 -1 -1 0 0 0 0 0 0 0 0 0 3 3
3 3 -1 -1 -1 -1 0 0 0 0 0 0 0 0 0 3 3
3 -1 -1 -1 -1 -1 0 0 0 0 0 0 0 0 0 0 3
3 -1 -1 -1 -1 -1 0 0 0 0 0 0 0 0 0 0 3
3 -1 -1 -1 -1 0 0 -1 0 0 0 0 0 0 0 0 3
-1 -1 -1 -1 0 0 -1 -1 0 0 0 0 0 0 0 0 0
3 -1 -1 0 0 -1 -1 -1 0 0 0 0 0 0 0 0 3
3 -1 0 0 -1 -1 -1 -1 0 0 0 0 0 0 0 0 3
3 100 0 -1 -1 -1 -1 -1 0 0 0 0 0 0 0 0 3
3 3 -1 -1 -1 -1 -1 -1 0 0 0 0 0 0 0 3 3
3 3 -1 -1 -1 -1 -1 -1 0 0 0 0 0 0 0 3 3
3 3 3 -1 -1 -1 -1 -1 0 0 0 0 0 0 3 3 3
3 3 3 3 3 -1 -1 -1 0 0 0 0 3 3 3 3 3
3 3 3 3 3 3 3 3 0 3 3 3 3 3 3 3 3
21:43:51.918507 - stdout  :: 1 -1
21:43:51.923190 - stdin   :: 8 30 -2 -1
1 10
8 30
4 15
21 18
3 3 3 3 3 3 3 3 -1 3 3 3 3 3 3 3 3
3 3 3 3 3 0 0 0 0 0 0 0 3 3 3 3 3
3 3 3 -1 -1 -1 -1 -1 -1 -1 -1 -1 -1 -1 3 3 3
3 3 -1 -1 -1 -1 -1 0 0 0 0 0 0 0 0 3 3
3 3 -1 -1 -1 -1 -1 0 0 0 0 0 0 0 0 3 3
3 -1 -1 -1 -1 -1 -1 0 0 0 0 0 0 0 0 0 3
3 -1 -1 -1 -1 -1 -1 0 0 0 0 0 0 0 0 0 3
3 -1 -1 -1 -1 -1 -1 0 0 0 0 0 0 0 0 0 3
-1 -1 -1 -1 -1 -1 -1 0 0 0 0 0 0 0 0 0 0
3 -1 -1 -1 -1 -1 0 0 -1 0 0 0 0 0 0 0 3
3 -1 -1 -1 -1 0 0 -1 -1 0 0 0 0 0 0 0 3
3 -1 -1 -1 0 0 -1 -1 -1 0 0 0 0 0 0 0 3
3 3 -1 0 0 -1 -1 -1 -1 0 0 0 0 0 0 3 3
3 3 100 0 -1 -1 -1 -1 -1 0 0 0 0 0 0 3 3
3 3 3 -1 -1 -1 -1 -1 -1 0 0 0 0 0 3 3 3
3 3 3 3 3 -1 -1 -1 -1 0 0 0 3 3 3 3 3
3 3 3 3 3 3 3 3 -1 3 3 3 3 3 3 3 3
21:43:51.924312 - stdout  :: 1 0
21:43:51.928891 - stdin   :: 7 29 -1 -1
1 12
7 29
4 15
21 18
3 3 3 3 3 3 3 3 -1 3 3 3 3 3 3 3 3
3 3 3 3 3 -1 -1 -1 -1 -1 -1 -1 3 3 3 3 3
3 3 3 0 0 0 0 0 0 0 0 0 0 0 3 3 3
3 3 -1 -1 -1 -1 -1 -1 -1 -1 -1 -1 -1 -1 -1 3 3
3 3 -1 -1 -1 -1 -1 -1 0 0 0 0 0 0 0 3 3
3 -1 -1 -1 -1 -1 -1 -1 0 0 0 0 0 0 0 0 3
3 -1 -1 -1 -1 -1 -1 -1 0 0 0 0 0 0 0 0 3
3 -1 -1 -1 -1 -1 -1 -1 0 0 0 0 0 0 0 0 3
-1 -1 -1 -1 -1 -1 -1 -1 0 0 0 0 0 0 0 0 0
3 -1 -1 -1 -1 -1 -1 -1 0 0 0 0 0 0 0 0 3
3 -1 -1 -1 -1 -1 -1 0 0 -1 0 0 0 0 0 0 3
3 -1 -1 -1 -1 -1 0 0 -1 -1 0 0 0 0 0 0 3
3 3 -1 -1 -1 0 0 -1 -1 -1 0 0 0 0 0 3 3
3 3 -1 -1 0 0 -1 -1 -1 -1 0 0 0 0 0 3 3
3 3 3 100 0 -1 -1 -1 -1 -1 0 0 0 0 3 3 3
3 3 3 3 3 -1 -1 -1 -1 -1 0 0 3 3 3 3 3
3 3 3 3 3 3 3 3 -1 3 3 3 3 3 3 3 3
21:43:51.929869 - stdout  :: 0 1
21:43:51.935954 - stdin   :: 6 29 -1 0
1 14
6 29
3 16
21 18
3 3 3 3 3 3 3 3 -1 3 3 3 3 3 3 3 3
3 3 3 3 3 -1 -1 -1 -1 -1 -1 -1 3 3 3 3 3
3 3 3 -1 -1 -1 -1 -1 -1 -1 -1 -1 -1 -1 3 3 3
3 3 0 0 0 0 0 0 0 0 0 0 0 0 0 3 3
3 3 -1 -1 -1 -1 -1 -1 -1 -1 -1 -1 -1 -1 -1 3 3
3 -1 -1 -1 -1 -1 -1 -1 0 0 0 0 0 0 0 0 3
3 -1 -1 -1 -1 -1 -1 -1 0 0 0 0 0 0 0 0 3
3 -1 -1 -1 -1 -1 -1 -1 0 0 0 0 0 0 0 0 3
-1 -1 -1 -1 -1 -1 -1 -1 0 0 0 0 0 0 0 0 0
3 -1 -1 -1 -1 -1 -1 -1 0 0 0 0 0 0 0 0 3
3 -1 -1 -1 -1 -1 -1 -1 0 0 0 0 0 0 0 0 3
3 -1 -1 -1 -1 -1 -1 0 0 -1 0 0 0 0 0 0 3
3 3 -1 -1 -1 -1 0 0 -1 -1 0 0 0 0 0 3 3
3 3 -1 -1 -1 0 0 -1 -1 -1 0 0 0 0 0 3 3
3 3 3 -1 0 0 -1 -1 -1 -1 0 0 0 0 3 3 3
3 3 3 3 3 -1 -1 -1 -1 -1 0 0 3 3 3 3 3
3 3 3 3 3 3 3 3 -1 3 3 3 3 3 3 3 3
21:43:51.937235 - stdout  :: 1 1
21:43:51.947932 - stdin   :: 6 30 0 1
1 16
6 30
1 17
21 18
3 3 3 3 3 3 3 3 -1 3 3 3 3 3 3 3 3
3 3 3 3 3 -1 -1 -1 -1 -1 -1 -1 3 3 3 3 3
3 3 3 -1 -1 -1 -1 -1 -1 -1 -1 -1 -1 -1 3 3 3
3 3 0 0 0 0 0 0 0 0 0 0 0 0 0 3 3
3 3 -1 -1 -1 -1 -1 -1 -1 -1 -1 -1 -1 -1 -1 3 3
3 -1 -1 -1 -1 -1 -1 0 0 0 0 0 0 0 0 0 3
3 -1 -1 -1 -1 -1 -1 0 0 0 0 0 0 0 0 0 3
3 -1 -1 -1 -1 -1 -1 0 0 0 0 0 0 0 0 0 3
-1 -1 -1 -1 -1 -1 -1 0 0 0 0 0 0 0 0 0 0
3 -1 -1 -1 -1 -1 -1 0 0 0 0 0 0 0 0 0 3
3 -1 -1 -1 -1 -1 -1 0 0 0 0 0 0 0 0 0 3
3 -1 -1 -1 -1 -1 0 0 -1 0 0 0 0 0 0 0 3
3 3 -1 -1 -1 0 0 -1 -1 0 0 0 0 0 0 3 3
3 3 -1 -1 0 0 -1 -1 -1 0 0 0 0 0 0 3 3
3 3 3 0 0 -1 -1 -1 -1 0 0 0 0 0 3 3 3
3 3 3 3 3 -1 -1 -1 -1 0 0 0 3 3 3 3 3
3 3 3 3 3 3 3 3 -1 3 3 3 3 3 3 3 3
21:43:51.949165 - stdout  :: 1 -1
21:43:51.960360 - stdin   :: 7 30 1 0
1 18
7 30
1 17
21 18
3 3 3 3 3 3 3 3 -1 3 3 3 3 3 3 3 3
3 3 3 3 3 -1 -1 -1 -1 -1 -1 -1 3 3 3 3 3
3 3 3 0 0 0 0 0 0 0 0 0 0 0 3 3 3
3 3 -1 -1 -1 -1 -1 -1 -1 -1 -1 -1 -1 -1 -1 3 3
3 3 -1 -1 -1 -1 -1 0 0 0 0 0 0 0 0 3 3
3 -1 -1 -1 -1 -1 -1 0 0 0 0 0 0 0 0 0 3
3 -1 -1 -1 -1 -1 -1 0 0 0 0 0 0 0 0 0 3
3 -1 -1 -1 -1 -1 -1 0 0 0 0 0 0 0 0 0 3
-1 -1 -1 -1 -1 -1 -1 0 0 0 0 0 0 0 0 0 0
3 -1 -1 -1 -1 -1 -1 0 0 0 0 0 0 0 0 0 3
3 -1 -1 -1 -1 -1 0 0 -1 0 0 0 0 0 0 0 3
3 -1 -1 -1 -1 0 0 -1 -1 0 0 0 0 0 0 0 3
3 3 -1 -1 0 0 -1 -1 -1 0 0 0 0 0 0 3 3
3 3 -1 0 0 -1 -1 -1 -1 0 0 0 0 0 0 3 3
3 3 3 0 -1 -1 -1 -1 -1 0 0 0 0 0 3 3 3
3 3 3 3 3 -1 -1 -1 -1 0 0 0 3 3 3 3 3
3 3 3 3 3 3 3 3 -1 3 3 3 3 3 3 3 3
21:43:51.962253 - stdout  :: 1 -1
21:43:51.967723 - stdin   :: 9 29 2 -1
1 18
9 29
1 17
21 18
3 3 3 3 3 3 3 3 0 3 3 3 3 3 3 3 3
3 3 3 3 3 -1 -1 -1 -1 -1 -1 -1 3 3 3 3 3
3 3 3 -1 -1 -1 -1 -1 0 0 0 0 0 0 3 3 3
3 3 -1 -1 -1 -1 -1 -1 0 0 0 0 0 0 0 3 3
3 3 -1 -1 -1 -1 -1 -1 0 0 0 0 0 0 0 3 3
3 -1 -1 -1 -1 -1 -1 -1 0 0 0 0 0 0 0 0 3
3 -1 -1 -1 -1 -1 -1 -1 0 0 0 0 0 0 0 0 3
3 -1 -1 -1 -1 -1 -1 -1 0 0 0 0 0 0 0 0 3
-1 -1 -1 -1 -1 -1 -1 0 0 -1 0 0 0 0 0 0 0
3 -1 -1 -1 -1 -1 0 0 -1 -1 0 0 0 0 0 0 3
3 -1 -1 -1 -1 0 0 -1 -1 -1 0 0 0 0 0 0 3
3 -1 -1 -1 0 0 -1 -1 -1 -1 0 0 0 0 0 0 3
3 3 -1 100 0 -1 -1 -1 -1 -1 0 0 0 0 0 3 3
3 3 100 100 -1 -1 -1 -1 -1 -1 0 0 0 0 0 3 3
3 3 3 100 -1 -1 -1 -1 -1 -1 0 0 0 0 3 3 3
3 3 3 3 3 -1 -1 -1 -1 -1 0 0 3 3 3 3 3
3 3 3 3 3 3 3 3 -1 3 3 3 3 3 3 3 3
21:43:51.968604 - stdout  :: 0 -1
21:43:51.971328 - stdin   :: 11 27 2 -2
1 18
11 27
1 17
21 18
3 3 3 3 3 3 3 3 -1 3 3 3 3 3 3 3 3
3 3 3 3 3 -1 -1 -1 -1 -1 0 0 3 3 3 3 3
3 3 3 -1 -1 -1 -1 -1 -1 -1 0 0 0 0 3 3 3
3 3 -1 -1 -1 -1 -1 -1 -1 -1 0 0 0 0 0 3 3
3 3 -1 -1 -1 -1 -1 -1 -1 -1 0 0 0 0 0 3 3
3 0 -1 -1 -1 -1 -1 -1 -1 -1 0 0 0 0 0 0 3
3 0 -1 -1 -1 -1 -1 -1 -1 0 0 -1 0 0 0 0 3
3 0 -1 -1 -1 -1 -1 -1 0 0 -1 -1 0 0 0 0 3
-1 0 -1 -1 -1 -1 -1 0 0 -1 -1 -1 0 0 0 0 0
3 0 -1 -1 -1 -1 0 0 -1 -1 -1 -1 0 0 0 0 3
3 0 -1 -1 -1 100 0 -1 -1 -1 -1 -1 0 0 0 0 3
3 0 -1 -1 100 100 -1 -1 -1 -1 -1 -1 0 0 0 0 3
3 3 -1 100 100 100 -1 -1 -1 -1 -1 -1 0 0 0 3 3
3 3 -1 100 100 -1 -1 -1 -1 -1 -1 -1 0 0 0 3 3
3 3 3 100 100 -1 -1 -1 -1 -1 -1 -1 0 0 3 3 3
3 3 3 3 3 -1 -1 -1 -1 -1 -1 -1 3 3 3 3 3
3 3 3 3 3 3 3 3 -1 3 3 3 3 3 3 3 3
21:43:51.972097 - stdout  :: 0 -1
21:43:54.896455 - stdin   :: ~~~END~~~
21:43:54.897294 - control :: Server has terminated, no more data.
