18:31:29.186588 - stdin  :: 30 40 2 8
18:31:29.189437 - stdin  :: 3 2 0 0
2 3
3 2
3 3 3 3 3 3 3 3 -1 3 3 3 3 3 3 3 3
3 3 3 3 3 -1 -1 -1 -1 -1 -1 -1 3 3 3 3 3
3 3 3 -1 -1 -1 -1 -1 -1 -1 -1 -1 -1 -1 3 3 3
3 3 -1 -1 -1 -1 -1 -1 -1 -1 -1 -1 -1 -1 -1 3 3
3 3 -1 -1 -1 -1 -1 -1 -1 -1 -1 -1 -1 -1 -1 3 3
3 -1 -1 -1 -1 -1 -1 -1 -1 -1 -1 -1 -1 -1 -1 -1 3
3 -1 -1 -1 -1 -1 -1 -1 -1 0 -1 -1 -1 -1 -1 -1 3
3 -1 -1 -1 -1 -1 -1 -1 1 0 0 0 0 0 0 0 3
-1 -1 -1 -1 -1 -1 -1 -1 1 0 0 0 0 0 0 0 0
3 -1 -1 -1 -1 -1 -1 -1 1 0 0 0 0 0 0 0 3
3 -1 -1 -1 -1 -1 -1 -1 1 0 0 0 0 0 0 0 3
3 -1 -1 -1 -1 -1 -1 -1 -1 0 -1 -1 -1 -1 -1 -1 3
3 3 -1 -1 -1 -1 -1 -1 -1 -1 -1 -1 -1 -1 -1 3 3
3 3 -1 -1 -1 -1 -1 -1 -1 -1 -1 -1 -1 -1 -1 3 3
3 3 3 -1 -1 -1 -1 -1 -1 -1 -1 -1 -1 -1 3 3 3
3 3 3 3 3 -1 -1 -1 -1 -1 -1 -1 3 3 3 3 3
3 3 3 3 3 3 3 3 -1 3 3 3 3 3 3 3 3
18:31:29.415701 - stdout :: 1 1
18:31:29.419965 - stdin  :: 4 3 1 1
2 4
4 3
3 3 3 3 3 3 3 3 -1 3 3 3 3 3 3 3 3
3 3 3 3 3 -1 -1 -1 -1 -1 -1 -1 3 3 3 3 3
3 3 3 -1 -1 -1 -1 -1 -1 -1 -1 -1 -1 -1 3 3 3
3 3 -1 -1 -1 -1 -1 -1 -1 -1 -1 -1 -1 -1 -1 3 3
3 3 -1 -1 -1 -1 -1 -1 -1 -1 -1 -1 -1 -1 -1 3 3
3 -1 -1 -1 -1 -1 -1 -1 0 -1 -1 -1 -1 -1 -1 -1 3
3 -1 -1 -1 -1 -1 -1 1 0 0 0 0 0 0 0 0 3
3 -1 -1 -1 -1 -1 -1 1 0 0 0 0 0 0 0 0 3
-1 -1 -1 -1 -1 -1 -1 1 0 0 0 0 0 0 0 0 0
3 -1 -1 -1 -1 -1 -1 1 0 0 0 0 0 0 0 0 3
3 -1 -1 -1 -1 -1 -1 -1 0 -1 -1 -1 -1 -1 -1 -1 3
3 -1 -1 -1 -1 -1 -1 -1 -1 -1 -1 -1 -1 -1 -1 -1 3
3 3 -1 -1 -1 -1 -1 -1 -1 -1 -1 -1 -1 -1 -1 3 3
3 3 -1 -1 -1 -1 -1 -1 -1 -1 -1 -1 -1 -1 -1 3 3
3 3 3 -1 -1 -1 -1 -1 -1 -1 -1 -1 -1 -1 3 3 3
3 3 3 3 3 -1 -1 -1 -1 -1 -1 -1 3 3 3 3 3
3 3 3 3 3 3 3 3 -1 3 3 3 3 3 3 3 3
18:31:29.476698 - stdout :: 0 1
18:31:29.480656 - stdin  :: 5 5 1 2
2 5
5 5
3 3 3 3 3 3 3 3 -1 3 3 3 3 3 3 3 3
3 3 3 3 3 -1 -1 -1 -1 -1 -1 -1 3 3 3 3 3
3 3 3 -1 -1 -1 -1 -1 -1 -1 -1 -1 -1 -1 3 3 3
3 3 -1 -1 -1 -1 -1 -1 -1 -1 -1 -1 -1 -1 -1 3 3
3 3 -1 -1 -1 -1 0 -1 -1 -1 -1 -1 -1 -1 -1 3 3
3 -1 -1 -1 -1 1 0 0 0 0 0 0 0 0 -1 -1 3
3 -1 -1 -1 -1 1 0 0 0 0 0 0 0 0 0 -1 3
3 -1 -1 -1 -1 1 0 0 0 0 0 0 0 0 0 0 3
-1 -1 -1 -1 -1 1 0 0 0 0 0 0 0 0 0 0 0
3 -1 -1 -1 -1 -1 0 -1 -1 -1 -1 -1 -1 -1 0 0 3
3 -1 -1 -1 -1 -1 -1 -1 -1 -1 -1 -1 -1 -1 -1 0 3
3 -1 -1 -1 -1 -1 -1 -1 -1 -1 -1 -1 -1 -1 -1 -1 3
3 3 -1 -1 -1 -1 -1 -1 -1 -1 -1 -1 -1 -1 -1 3 3
3 3 -1 -1 -1 -1 -1 -1 -1 -1 -1 -1 -1 -1 -1 3 3
3 3 3 -1 -1 -1 -1 -1 -1 -1 -1 -1 -1 -1 3 3 3
3 3 3 3 3 -1 -1 -1 -1 -1 -1 -1 3 3 3 3 3
3 3 3 3 3 3 3 3 -1 3 3 3 3 3 3 3 3
18:31:29.516249 - stdout :: -1 1
18:31:29.520030 - stdin  :: 5 8 0 3
2 6
5 8
3 3 3 3 3 3 3 3 -1 3 3 3 3 3 3 3 3
3 3 3 3 3 -1 -1 -1 -1 -1 -1 -1 3 3 3 3 3
3 3 3 -1 -1 -1 -1 -1 -1 -1 -1 -1 -1 -1 3 3 3
3 3 -1 -1 -1 -1 -1 -1 -1 -1 -1 -1 -1 -1 -1 3 3
3 3 -1 0 -1 -1 -1 -1 -1 -1 -1 -1 -1 -1 -1 3 3
3 -1 1 0 0 0 0 0 0 0 0 -1 -1 -1 -1 -1 3
3 -1 1 0 0 0 0 0 0 0 0 0 -1 -1 -1 -1 3
3 -1 1 0 0 0 0 0 0 0 0 0 0 -1 -1 -1 3
-1 -1 1 0 0 0 0 0 0 0 0 0 0 0 0 0 0
3 -1 -1 0 -1 -1 -1 -1 -1 -1 -1 0 0 0 0 0 3
3 -1 -1 -1 -1 -1 -1 -1 -1 -1 -1 -1 0 0 0 0 3
3 -1 -1 -1 -1 -1 -1 -1 -1 -1 -1 -1 -1 -1 -1 -1 3
3 3 -1 -1 -1 -1 -1 -1 -1 -1 -1 -1 -1 -1 -1 3 3
3 3 -1 -1 -1 -1 -1 -1 -1 -1 -1 -1 -1 -1 -1 3 3
3 3 3 -1 -1 -1 -1 -1 -1 -1 -1 -1 -1 -1 3 3 3
3 3 3 3 3 -1 -1 -1 -1 -1 -1 -1 3 3 3 3 3
3 3 3 3 3 3 3 3 -1 3 3 3 3 3 3 3 3
18:31:29.554853 - stdout :: 1 1
18:31:29.558462 - stdin  :: 6 12 1 4
2 7
6 12
3 3 3 3 3 3 3 3 -1 3 3 3 3 3 3 3 3
3 3 3 3 3 -1 -1 -1 -1 -1 -1 -1 3 3 3 3 3
3 3 3 -1 -1 -1 -1 -1 -1 -1 -1 -1 -1 -1 3 3 3
3 3 -1 -1 -1 -1 -1 -1 -1 -1 -1 -1 -1 -1 -1 3 3
3 3 0 0 0 0 0 -1 -1 -1 -1 -1 -1 -1 -1 3 3
3 0 0 0 0 0 0 0 -1 -1 -1 -1 -1 -1 -1 -1 3
3 0 0 0 0 0 0 0 0 -1 -1 -1 -1 -1 -1 -1 3
3 0 0 0 0 0 0 0 0 0 0 0 0 0 0 0 3
-1 -1 -1 -1 -1 -1 -1 0 0 0 0 0 0 0 0 0 0
3 -1 -1 -1 -1 -1 -1 -1 0 0 0 0 0 0 0 0 3
3 -1 -1 -1 -1 -1 -1 -1 -1 -1 -1 -1 -1 -1 -1 -1 3
3 -1 -1 -1 -1 -1 -1 -1 -1 -1 -1 -1 -1 -1 -1 -1 3
3 3 -1 -1 -1 -1 -1 -1 -1 -1 -1 -1 -1 -1 -1 3 3
3 3 -1 -1 -1 -1 -1 -1 -1 -1 -1 0 0 0 0 3 3
3 3 3 -1 -1 -1 -1 -1 -1 0 0 0 0 0 3 3 3
3 3 3 3 3 -1 -1 0 0 0 0 0 3 3 3 3 3
3 3 3 3 3 3 3 3 0 3 3 3 3 3 3 3 3
18:31:29.601394 - stdout :: 0 0
18:31:29.605459 - stdin  :: 7 16 1 4
2 8
7 16
3 3 3 3 3 3 3 3 -1 3 3 3 3 3 3 3 3
3 3 3 3 3 -1 -1 -1 -1 -1 -1 -1 3 3 3 3 3
3 3 3 -1 -1 -1 -1 -1 -1 -1 -1 -1 -1 -1 3 3 3
3 3 0 -1 -1 -1 -1 -1 -1 -1 -1 -1 -1 -1 -1 3 3
3 3 0 0 -1 -1 -1 -1 -1 -1 -1 -1 -1 -1 -1 3 3
3 0 0 0 0 -1 -1 -1 -1 -1 -1 -1 -1 -1 -1 -1 3
3 0 0 0 0 0 0 0 0 0 0 0 0 -1 -1 -1 3
3 -1 -1 0 0 0 0 0 0 0 0 0 0 0 0 0 3
-1 -1 -1 -1 0 0 0 0 0 0 0 0 0 0 0 0 0
3 -1 -1 -1 -1 -1 -1 -1 -1 -1 -1 -1 -1 0 0 0 3
3 -1 -1 -1 -1 -1 -1 -1 -1 -1 -1 -1 -1 -1 -1 -1 3
3 -1 -1 -1 -1 -1 -1 -1 -1 -1 -1 -1 -1 -1 -1 -1 3
3 3 -1 -1 -1 -1 -1 0 0 0 0 0 0 0 -1 3 3
3 3 -1 -1 -1 0 0 0 0 0 0 0 0 0 0 3 3
3 3 3 0 0 0 0 0 0 0 0 0 0 0 3 3 3
3 3 3 3 3 0 0 0 -1 -1 -1 -1 3 3 3 3 3
3 3 3 3 3 3 3 3 -1 3 3 3 3 3 3 3 3
18:31:29.639118 - stdout :: -1 0
18:31:29.642436 - stdin  :: 7 20 0 4
2 9
7 20
3 3 3 3 3 3 3 3 -1 3 3 3 3 3 3 3 3
3 3 3 3 3 -1 -1 -1 -1 -1 -1 -1 3 3 3 3 3
3 3 3 -1 -1 -1 -1 -1 -1 -1 -1 -1 -1 -1 3 3 3
3 3 -1 -1 -1 -1 -1 -1 -1 -1 -1 -1 -1 -1 -1 3 3
3 3 -1 -1 -1 -1 -1 -1 -1 -1 -1 -1 -1 -1 -1 3 3
3 -1 -1 -1 -1 -1 -1 -1 -1 -1 -1 -1 -1 -1 -1 -1 3
3 0 0 0 0 0 0 0 0 -1 -1 -1 -1 -1 -1 -1 3
3 0 0 0 0 0 0 0 0 0 0 0 -1 -1 -1 -1 3
0 0 0 0 0 0 0 0 0 0 0 0 0 0 -1 -1 -1
3 -1 -1 -1 -1 -1 -1 -1 -1 0 0 0 0 0 0 0 3
3 -1 -1 -1 -1 -1 -1 -1 -1 -1 -1 -1 0 0 0 0 3
3 -1 -1 -1 -1 -1 -1 -1 -1 -1 -1 -1 -1 0 0 0 3
3 3 -1 0 0 0 0 0 0 0 -1 -1 -1 -1 -1 3 3
3 3 0 0 0 0 0 0 0 0 0 -1 -1 -1 -1 3 3
3 3 3 0 0 0 0 0 0 0 0 0 0 -1 3 3 3
3 3 3 3 3 -1 -1 -1 -1 0 0 0 3 3 3 3 3
3 3 3 3 3 3 3 3 -1 3 3 3 3 3 3 3 3
18:31:29.674659 - stdout :: 1 0
18:31:29.677946 - stdin  :: 8 24 1 4
2 10
8 24
3 3 3 3 3 3 3 3 -1 3 3 3 3 3 3 3 3
3 3 3 3 3 -1 -1 -1 -1 -1 -1 -1 3 3 3 3 3
3 3 3 -1 -1 -1 -1 -1 -1 -1 -1 -1 -1 -1 3 3 3
3 3 -1 -1 -1 -1 -1 -1 -1 -1 -1 -1 -1 -1 -1 3 3
3 3 -1 -1 -1 -1 -1 -1 -1 -1 -1 -1 -1 -1 -1 3 3
3 0 0 0 0 -1 -1 -1 -1 -1 -1 -1 -1 -1 -1 -1 3
3 0 0 0 0 0 0 0 -1 -1 -1 -1 -1 -1 -1 0 3
3 0 0 0 0 0 0 0 0 0 -1 -1 -1 -1 0 0 3
-1 -1 -1 -1 -1 0 0 0 0 0 0 0 0 0 0 0 0
3 -1 -1 -1 -1 -1 -1 -1 0 0 0 0 0 0 0 0 3
3 -1 -1 -1 -1 -1 -1 -1 -1 0 0 0 0 0 -1 -1 3
3 0 0 0 0 0 -1 -1 -1 -1 -1 0 -1 -1 -1 -1 3
3 3 0 0 0 0 0 -1 -1 -1 -1 -1 -1 -1 -1 3 3
3 3 0 0 0 0 0 0 0 -1 -1 -1 -1 -1 -1 3 3
3 3 3 -1 -1 0 0 0 0 0 -1 -1 -1 -1 3 3 3
3 3 3 3 3 -1 -1 0 0 0 0 -1 3 3 3 3 3
3 3 3 3 3 3 3 3 0 3 3 3 3 3 3 3 3
18:31:29.712123 - stdout :: 0 0
18:31:29.715430 - stdin  :: 9 28 1 4
3 11
9 28
3 3 3 3 3 3 3 3 -1 3 3 3 3 3 3 3 3
3 3 3 3 3 -1 -1 -1 -1 -1 -1 -1 3 3 3 3 3
3 3 3 -1 -1 -1 -1 -1 -1 -1 -1 -1 -1 -1 3 3 3
3 3 -1 -1 -1 -1 -1 -1 -1 -1 -1 -1 -1 -1 -1 3 3
3 3 -1 -1 -1 -1 -1 -1 -1 -1 -1 -1 -1 -1 -1 3 3
3 0 0 0 -1 -1 -1 -1 -1 -1 -1 0 0 0 0 -1 3
3 0 0 0 0 0 -1 -1 -1 -1 0 0 0 0 0 -1 3
3 0 0 0 0 0 0 0 0 0 0 0 0 0 0 0 3
-1 -1 -1 -1 0 0 0 0 0 0 0 0 0 0 0 0 -1
3 -1 -1 -1 -1 0 0 0 0 0 -1 -1 0 0 0 0 3
3 0 -1 -1 -1 -1 -1 0 -1 -1 -1 -1 -1 0 0 0 3
3 0 0 -1 -1 -1 -1 -1 -1 -1 -1 -1 -1 -1 0 0 3
3 3 0 0 0 -1 -1 -1 -1 -1 -1 -1 -1 -1 0 3 3
3 3 0 0 0 0 -1 -1 -1 -1 -1 -1 -1 -1 0 3 3
3 3 3 0 0 0 0 -1 -1 -1 -1 -1 -1 -1 3 3 3
3 3 3 3 3 0 0 0 0 -1 -1 -1 3 3 3 3 3
3 3 3 3 3 3 3 3 0 3 3 3 3 3 3 3 3
18:31:29.756476 - stdout :: -1 0
18:31:29.759692 - stdin  :: 9 32 0 4
4 12
9 32
3 3 3 3 3 3 3 3 -1 3 3 3 3 3 3 3 3
3 3 3 3 3 -1 -1 -1 -1 -1 -1 -1 3 3 3 3 3
3 3 3 -1 -1 -1 -1 -1 -1 -1 -1 -1 -1 -1 3 3 3
3 3 -1 -1 -1 -1 -1 -1 -1 -1 -1 -1 -1 -1 -1 3 3
3 3 -1 -1 -1 -1 -1 -1 -1 -1 -1 -1 -1 -1 -1 3 3
3 -1 -1 -1 -1 -1 -1 0 0 0 0 -1 -1 -1 -1 -1 3
3 0 -1 -1 -1 -1 0 0 0 0 0 -1 -1 -1 -1 -1 3
3 0 0 0 0 0 0 0 0 0 0 0 -1 -1 -1 -1 3
0 0 0 0 0 0 0 0 0 0 0 0 -1 -1 -1 -1 -1
3 0 0 0 0 0 -1 -1 0 0 0 0 0 -1 -1 -1 3
3 -1 -1 0 -1 -1 -1 -1 -1 0 0 0 0 -1 -1 -1 3
3 -1 -1 -1 -1 -1 -1 -1 -1 -1 0 0 0 -1 -1 -1 3
3 3 -1 -1 -1 -1 -1 -1 -1 -1 0 0 0 -1 -1 3 3
3 3 -1 -1 -1 -1 -1 -1 -1 -1 0 0 0 -1 -1 3 3
3 3 3 -1 -1 -1 -1 -1 -1 -1 0 0 0 -1 3 3 3
3 3 3 3 3 -1 -1 -1 -1 -1 0 0 3 3 3 3 3
3 3 3 3 3 3 3 3 -1 3 3 3 3 3 3 3 3
18:31:29.867932 - stdout :: 0 -1
18:31:29.871990 - stdin  :: 9 35 0 3
6 14
9 35
3 3 3 3 3 3 3 3 -1 3 3 3 3 3 3 3 3
3 3 3 3 3 -1 -1 -1 -1 -1 -1 -1 3 3 3 3 3
3 3 3 -1 -1 -1 -1 -1 -1 -1 -1 -1 -1 -1 3 3 3
3 3 -1 -1 -1 -1 -1 -1 -1 -1 -1 -1 -1 -1 -1 3 3
3 3 -1 -1 -1 -1 -1 -1 -1 -1 -1 -1 -1 -1 -1 3 3
3 -1 -1 -1 0 0 0 0 -1 -1 -1 -1 -1 -1 -1 -1 3
3 -1 -1 0 0 0 0 0 -1 -1 -1 -1 -1 -1 -1 -1 3
3 0 0 0 0 0 0 0 0 -1 -1 -1 -1 -1 -1 -1 3
0 0 0 0 0 0 0 0 0 -1 -1 -1 -1 -1 -1 -1 -1
3 0 0 -1 -1 0 0 0 0 0 -1 -1 -1 -1 -1 -1 3
3 -1 -1 -1 -1 -1 0 0 0 0 -1 -1 -1 -1 -1 -1 3
3 -1 -1 -1 -1 -1 -1 0 0 0 -1 -1 -1 -1 -1 -1 3
3 3 -1 -1 -1 -1 -1 0 0 0 -1 -1 -1 -1 -1 3 3
3 3 -1 -1 -1 -1 -1 0 0 0 -1 -1 -1 -1 -1 3 3
3 3 3 -1 -1 -1 -1 0 0 0 -1 -1 -1 -1 3 3 3
3 3 3 3 3 -1 -1 0 0 0 -1 -1 3 3 3 3 3
3 3 3 3 3 3 3 3 0 3 3 3 3 3 3 3 3
18:31:29.904124 - stderr :: Not blind, just being brave! (No valid action found.)
18:31:29.905510 - stdout :: 0 0
18:31:29.937863 - stdin  :: 9 35 0 0
10 29
9 35
3 3 3 3 3 3 3 3 -1 3 3 3 3 3 3 3 3
3 3 3 3 3 -1 -1 -1 -1 -1 -1 -1 3 3 3 3 3
3 3 3 -1 -1 -1 -1 -1 -1 -1 -1 -1 -1 -1 3 3 3
3 3 -1 -1 -1 -1 -1 -1 -1 -1 -1 -1 -1 -1 -1 3 3
3 3 -1 -1 -1 -1 -1 -1 -1 -1 -1 -1 -1 -1 -1 3 3
3 -1 -1 -1 0 0 0 0 -1 -1 -1 -1 -1 -1 -1 -1 3
3 -1 -1 0 0 0 0 0 -1 -1 -1 -1 -1 -1 -1 -1 3
3 0 0 0 0 0 0 0 0 -1 -1 -1 -1 -1 -1 -1 3
0 0 0 0 0 0 0 0 0 -1 -1 -1 -1 -1 -1 -1 -1
3 0 0 -1 -1 0 0 0 0 0 -1 -1 -1 -1 -1 -1 3
3 -1 -1 -1 -1 -1 0 0 0 0 -1 -1 -1 -1 -1 -1 3
3 -1 -1 -1 -1 -1 -1 0 0 0 -1 -1 -1 -1 -1 -1 3
3 3 -1 -1 -1 -1 -1 0 0 0 -1 -1 -1 -1 -1 3 3
3 3 -1 -1 -1 -1 -1 0 0 0 -1 -1 -1 -1 -1 3 3
3 3 3 -1 -1 -1 -1 0 0 0 -1 -1 -1 -1 3 3 3
3 3 3 3 3 -1 -1 0 0 0 -1 -1 3 3 3 3 3
3 3 3 3 3 3 3 3 0 3 3 3 3 3 3 3 3
18:31:29.985585 - stdout :: 1 0
18:31:29.987368 - stdin  :: 10 35 1 0
10 29
10 35
3 3 3 3 3 3 3 3 -1 3 3 3 3 3 3 3 3
3 3 3 3 3 -1 -1 -1 -1 -1 -1 -1 3 3 3 3 3
3 3 3 -1 -1 -1 -1 -1 -1 -1 -1 -1 -1 -1 3 3 3
3 3 -1 -1 -1 -1 -1 -1 -1 -1 -1 -1 -1 -1 -1 3 3
3 3 -1 -1 0 0 0 0 -1 -1 -1 -1 -1 -1 -1 3 3
3 -1 -1 0 0 0 0 0 -1 -1 -1 -1 -1 -1 -1 -1 3
3 0 0 0 0 0 0 0 0 -1 -1 -1 -1 -1 -1 -1 3
3 0 0 0 0 0 0 0 0 -1 -1 -1 -1 -1 -1 -1 3
0 0 0 -1 -1 0 0 0 0 0 -1 -1 -1 -1 -1 -1 -1
3 -1 -1 -1 -1 -1 0 0 0 0 -1 -1 -1 -1 -1 -1 3
3 -1 -1 -1 -1 -1 -1 0 0 0 -1 -1 -1 -1 -1 -1 3
3 -1 -1 -1 -1 -1 -1 0 0 0 -1 -1 -1 -1 -1 -1 3
3 3 -1 -1 -1 -1 -1 0 0 0 -1 -1 -1 -1 -1 3 3
3 3 -1 -1 -1 -1 -1 0 0 0 -1 -1 -1 -1 -1 3 3
3 3 3 -1 -1 -1 -1 0 0 0 -1 -1 -1 -1 3 3 3
3 3 3 3 3 -1 0 0 0 0 -1 -1 3 3 3 3 3
3 3 3 3 3 3 3 3 0 3 3 3 3 3 3 3 3
18:31:30.023584 - stdout :: 1 0
18:31:30.025024 - stdin  :: 12 35 2 0
10 29
12 35
3 3 3 3 3 3 3 3 -1 3 3 3 3 3 3 3 3
3 3 3 3 3 -1 -1 -1 -1 -1 -1 -1 3 3 3 3 3
3 3 3 -1 0 0 0 0 -1 -1 -1 -1 -1 -1 3 3 3
3 3 -1 0 0 0 0 0 -1 -1 -1 -1 -1 -1 -1 3 3
3 3 0 0 0 0 0 0 0 -1 -1 -1 -1 -1 -1 3 3
3 0 0 0 0 0 0 0 0 -1 -1 -1 -1 -1 -1 -1 3
3 0 0 -1 -1 0 0 0 0 0 -1 -1 -1 -1 -1 -1 3
3 -1 -1 -1 -1 -1 0 0 0 0 -1 -1 -1 -1 -1 -1 3
-1 -1 -1 -1 -1 -1 -1 0 0 0 -1 -1 -1 -1 -1 -1 -1
3 -1 -1 -1 -1 -1 -1 0 0 0 -1 -1 -1 -1 -1 -1 3
3 -1 -1 -1 -1 -1 -1 0 0 0 -1 -1 -1 -1 -1 -1 3
3 -1 -1 -1 -1 -1 -1 0 0 0 -1 -1 -1 -1 -1 -1 3
3 3 -1 -1 -1 -1 -1 0 0 0 -1 -1 -1 -1 -1 3 3
3 3 0 0 -1 -1 0 0 0 0 -1 -1 -1 -1 -1 3 3
3 3 3 0 0 0 0 0 0 -1 -1 -1 -1 -1 3 3 3
3 3 3 3 3 0 0 0 -1 -1 -1 -1 3 3 3 3 3
3 3 3 3 3 3 3 3 -1 3 3 3 3 3 3 3 3
18:31:30.059877 - stdout :: 1 -1
18:31:30.061380 - stdin  :: 15 34 3 -1
10 29
15 34
3 3 3 3 3 3 3 3 0 3 3 3 3 3 3 3 3
3 3 3 3 3 0 0 0 0 0 -1 -1 3 3 3 3 3
3 3 3 0 0 0 0 0 0 0 -1 -1 -1 -1 3 3 3
3 3 0 0 -1 -1 0 0 0 0 0 -1 -1 -1 -1 3 3
3 3 -1 -1 -1 -1 -1 0 0 0 0 -1 -1 -1 -1 3 3
3 -1 -1 -1 -1 -1 -1 -1 0 0 0 -1 -1 -1 -1 -1 3
3 -1 -1 -1 -1 -1 -1 -1 0 0 0 -1 -1 -1 -1 -1 3
3 -1 -1 -1 -1 -1 -1 -1 0 0 0 -1 -1 -1 -1 -1 3
0 -1 -1 -1 -1 -1 -1 -1 0 0 0 -1 -1 -1 -1 -1 -1
3 0 0 -1 -1 -1 -1 -1 0 0 0 -1 -1 -1 -1 -1 3
3 0 0 0 0 -1 -1 0 0 0 0 -1 -1 -1 -1 -1 3
3 -1 0 0 0 0 0 0 0 0 -1 -1 -1 -1 -1 -1 3
3 3 -1 -1 0 0 0 0 0 -1 -1 -1 -1 -1 -1 3 3
3 3 -1 -1 -1 0 0 -1 -1 -1 -1 -1 -1 -1 -1 3 3
3 3 3 -1 -1 -1 -1 -1 -1 -1 -1 -1 -1 -1 3 3 3
3 3 3 3 3 -1 -1 -1 -1 -1 -1 -1 3 3 3 3 3
3 3 3 3 3 3 3 3 -1 3 3 3 3 3 3 3 3
18:31:30.098640 - stdout :: -1 0
18:31:30.100149 - stdin  :: 17 33 2 -1
10 29
17 33
3 3 3 3 3 3 3 3 0 3 3 3 3 3 3 3 3
3 3 3 3 3 -1 -1 0 0 0 0 0 3 3 3 3 3
3 3 3 -1 -1 -1 -1 -1 0 0 0 0 -1 -1 3 3 3
3 3 -1 -1 -1 -1 -1 -1 -1 0 0 0 -1 -1 -1 3 3
3 3 -1 -1 -1 -1 -1 -1 -1 0 0 0 -1 -1 -1 3 3
3 -1 -1 -1 -1 -1 -1 -1 -1 0 0 0 -1 -1 -1 -1 3
3 0 -1 -1 -1 -1 -1 -1 -1 0 0 0 -1 -1 -1 -1 3
3 0 0 0 -1 -1 -1 -1 -1 0 0 0 -1 -1 -1 -1 3
-1 0 0 0 0 0 -1 -1 0 0 0 0 -1 -1 -1 -1 -1
3 -1 -1 0 0 0 0 0 0 0 0 -1 -1 -1 -1 -1 3
3 -1 -1 -1 -1 0 0 0 0 0 -1 -1 -1 -1 -1 -1 3
3 -1 -1 -1 -1 -1 0 0 -1 -1 -1 -1 -1 -1 -1 -1 3
3 3 -1 -1 -1 -1 -1 -1 -1 -1 -1 -1 -1 -1 -1 3 3
3 3 -1 -1 -1 -1 -1 -1 -1 -1 -1 -1 -1 -1 -1 3 3
3 3 3 -1 -1 -1 -1 -1 -1 -1 -1 -1 -1 -1 3 3 3
3 3 3 3 3 -1 -1 -1 -1 -1 -1 -1 3 3 3 3 3
3 3 3 3 3 3 3 3 -1 3 3 3 3 3 3 3 3
18:31:30.137546 - stdout :: -1 -1
18:31:30.141246 - stdin  :: 18 31 1 -2
9 30
18 31
3 3 3 3 3 3 3 3 -1 3 3 3 3 3 3 3 3
3 3 3 3 3 -1 -1 -1 -1 -1 0 0 3 3 3 3 3
3 3 3 -1 -1 -1 -1 -1 -1 -1 -1 0 0 0 3 3 3
3 3 -1 -1 -1 -1 -1 -1 -1 -1 -1 0 0 0 -1 3 3
3 3 0 -1 -1 -1 -1 -1 -1 -1 -1 0 0 0 -1 3 3
3 0 0 0 -1 -1 -1 -1 -1 -1 -1 0 0 0 -1 -1 3
3 0 0 0 0 0 -1 -1 -1 -1 -1 0 0 0 -1 -1 3
3 -1 -1 0 0 0 0 0 -1 -1 0 0 0 0 -1 -1 3
-1 -1 -1 -1 -1 0 0 0 0 0 0 0 0 -1 -1 -1 -1
3 -1 -1 -1 -1 -1 -1 0 0 0 0 0 -1 -1 -1 -1 3
3 -1 -1 -1 -1 -1 -1 -1 0 0 -1 -1 -1 -1 -1 -1 3
3 -1 -1 -1 -1 -1 -1 -1 -1 -1 -1 -1 -1 -1 -1 -1 3
3 3 -1 -1 -1 -1 -1 -1 -1 -1 -1 -1 -1 -1 -1 3 3
3 3 100 -1 -1 -1 -1 -1 -1 -1 -1 -1 -1 -1 -1 3 3
3 3 3 100 -1 -1 -1 -1 -1 -1 -1 -1 -1 -1 3 3 3
3 3 3 3 3 -1 -1 -1 -1 -1 -1 -1 3 3 3 3 3
3 3 3 3 3 3 3 3 -1 3 3 3 3 3 3 3 3
18:31:30.522123 - stdout :: -1 1
18:31:30.525375 - stdin  :: 18 30 0 -1
8 31
18 30
3 3 3 3 3 3 3 3 -1 3 3 3 3 3 3 3 3
3 3 3 3 3 0 -1 -1 -1 -1 -1 0 3 3 3 3 3
3 3 3 -1 -1 -1 -1 -1 -1 -1 -1 -1 0 0 3 3 3
3 3 0 -1 -1 -1 -1 -1 -1 -1 -1 -1 0 0 0 3 3
3 3 0 0 -1 -1 -1 -1 -1 -1 -1 -1 0 0 0 3 3
3 0 0 0 0 -1 -1 -1 -1 -1 -1 -1 0 0 0 -1 3
3 -1 0 0 0 0 0 -1 -1 -1 -1 -1 0 0 0 -1 3
3 -1 -1 -1 0 0 0 0 0 -1 -1 0 0 0 0 -1 3
-1 -1 -1 -1 -1 -1 0 0 0 0 0 0 0 0 -1 -1 -1
3 -1 -1 -1 -1 -1 -1 -1 0 0 0 0 0 -1 -1 -1 3
3 -1 -1 -1 -1 -1 -1 -1 -1 0 0 -1 -1 -1 -1 -1 3
3 100 -1 -1 -1 -1 -1 -1 -1 -1 -1 -1 -1 -1 -1 -1 3
3 3 100 -1 -1 -1 -1 -1 -1 -1 -1 -1 -1 -1 -1 3 3
3 3 100 100 -1 -1 -1 -1 -1 -1 -1 -1 -1 -1 -1 3 3
3 3 3 100 100 -1 -1 -1 -1 -1 -1 -1 -1 -1 3 3 3
3 3 3 3 3 100 -1 -1 -1 -1 -1 -1 3 3 3 3 3
3 3 3 3 3 3 3 3 -1 3 3 3 3 3 3 3 3
18:31:30.911314 - stdout :: 0 0
18:31:30.914567 - stdin  :: 18 29 0 -1
7 32
18 29
3 3 3 3 3 3 3 3 0 3 3 3 3 3 3 3 3
3 3 3 3 3 -1 0 -1 -1 -1 -1 -1 3 3 3 3 3
3 3 3 -1 -1 -1 -1 -1 -1 -1 -1 -1 -1 0 3 3 3
3 3 0 0 -1 -1 -1 -1 -1 -1 -1 -1 -1 0 0 3 3
3 3 0 0 0 -1 -1 -1 -1 -1 -1 -1 -1 0 0 3 3
3 -1 0 0 0 0 -1 -1 -1 -1 -1 -1 -1 0 0 0 3
3 -1 -1 0 0 0 0 0 -1 -1 -1 -1 -1 0 0 0 3
3 -1 -1 -1 -1 0 0 0 0 0 -1 -1 0 0 0 0 3
-1 -1 -1 -1 -1 -1 -1 0 0 0 0 0 0 0 0 -1 -1
3 -1 -1 -1 -1 -1 -1 -1 -1 0 0 0 0 0 -1 -1 3
3 0 -1 -1 -1 -1 -1 -1 -1 -1 0 0 -1 -1 -1 -1 3
3 0 100 -1 -1 -1 -1 -1 -1 -1 -1 -1 -1 -1 -1 -1 3
3 3 100 100 -1 -1 -1 -1 -1 -1 -1 -1 -1 -1 -1 3 3
3 3 100 100 100 -1 -1 -1 -1 -1 -1 -1 -1 -1 -1 3 3
3 3 3 100 100 100 -1 -1 -1 -1 -1 -1 -1 -1 3 3 3
3 3 3 3 3 100 100 -1 -1 -1 -1 -1 3 3 3 3 3
3 3 3 3 3 3 3 3 -1 3 3 3 3 3 3 3 3
18:31:31.290121 - stdout :: 0 0
18:31:31.293479 - stdin  :: 18 28 0 -1
6 33
18 28
3 3 3 3 3 3 3 3 0 3 3 3 3 3 3 3 3
3 3 3 3 3 -1 -1 0 -1 -1 -1 -1 3 3 3 3 3
3 3 3 -1 -1 -1 -1 -1 -1 -1 -1 -1 -1 -1 3 3 3
3 3 0 0 0 -1 -1 -1 -1 -1 -1 -1 -1 -1 0 3 3
3 3 0 0 0 0 -1 -1 -1 -1 -1 -1 -1 -1 0 3 3
3 -1 -1 0 0 0 0 -1 -1 -1 -1 -1 -1 -1 0 0 3
3 -1 -1 -1 0 0 0 0 0 -1 -1 -1 -1 -1 0 0 3
3 -1 -1 -1 -1 -1 0 0 0 0 0 -1 -1 0 0 0 3
0 -1 -1 -1 -1 -1 -1 -1 0 0 0 0 0 0 0 0 -1
3 0 -1 -1 -1 -1 -1 -1 -1 -1 0 0 0 0 0 -1 3
3 0 0 -1 -1 -1 -1 -1 -1 -1 -1 0 0 -1 -1 -1 3
3 0 0 100 -1 -1 -1 -1 -1 -1 -1 -1 -1 -1 -1 -1 3
3 3 100 100 100 -1 -1 -1 -1 -1 -1 -1 -1 -1 -1 3 3
3 3 100 100 100 100 -1 -1 -1 -1 -1 -1 -1 -1 -1 3 3
3 3 3 100 100 100 100 -1 -1 -1 -1 -1 -1 -1 3 3 3
3 3 3 3 3 100 100 100 -1 -1 -1 -1 3 3 3 3 3
3 3 3 3 3 3 3 3 -1 3 3 3 3 3 3 3 3
18:31:31.671304 - stdout :: -1 1
18:31:31.674674 - stdin  :: 17 28 -1 0
6 34
17 28
3 3 3 3 3 3 3 3 0 3 3 3 3 3 3 3 3
3 3 3 3 3 0 0 0 0 0 -1 -1 3 3 3 3 3
3 3 3 -1 -1 -1 -1 0 -1 -1 -1 -1 -1 0 3 3 3
3 3 0 -1 -1 -1 -1 -1 -1 -1 -1 -1 -1 -1 0 3 3
3 3 0 0 0 -1 -1 -1 -1 -1 -1 -1 -1 -1 0 3 3
3 0 0 0 0 0 -1 -1 -1 -1 -1 -1 -1 -1 0 0 3
3 -1 -1 0 0 0 0 -1 -1 -1 -1 -1 -1 -1 0 0 3
3 -1 -1 -1 0 0 0 0 0 -1 -1 -1 -1 -1 0 0 3
-1 -1 -1 -1 -1 -1 0 0 0 0 0 -1 -1 0 0 0 0
3 -1 -1 -1 -1 -1 -1 -1 0 0 0 0 0 0 0 0 3
3 0 -1 -1 -1 -1 -1 -1 -1 -1 0 0 0 0 0 -1 3
3 0 0 -1 -1 -1 -1 -1 -1 -1 -1 0 0 -1 -1 -1 3
3 3 0 100 -1 -1 -1 -1 -1 -1 -1 -1 -1 -1 -1 3 3
3 3 100 100 100 -1 -1 -1 -1 -1 -1 -1 -1 -1 -1 3 3
3 3 3 100 100 100 -1 -1 -1 -1 -1 -1 -1 -1 3 3 3
3 3 3 3 3 100 100 -1 -1 -1 -1 -1 3 3 3 3 3
3 3 3 3 3 3 3 3 -1 3 3 3 3 3 3 3 3
18:31:31.636750 - stdout :: 0 0
18:31:31.640183 - stdin  :: 16 28 -1 0
7 34
16 28
3 3 3 3 3 3 3 3 0 3 3 3 3 3 3 3 3
3 3 3 3 3 0 0 0 0 0 0 0 3 3 3 3 3
3 3 3 -1 -1 0 0 0 0 0 -1 -1 0 0 3 3 3
3 3 -1 -1 -1 -1 -1 0 -1 -1 -1 -1 -1 0 0 3 3
3 3 0 -1 -1 -1 -1 -1 -1 -1 -1 -1 -1 -1 0 3 3
3 0 0 0 0 -1 -1 -1 -1 -1 -1 -1 -1 -1 0 0 3
3 0 0 0 0 0 -1 -1 -1 -1 -1 -1 -1 -1 0 0 3
3 -1 -1 0 0 0 0 -1 -1 -1 -1 -1 -1 -1 0 0 3
-1 -1 -1 -1 0 0 0 0 0 -1 -1 -1 -1 -1 0 0 0
3 -1 -1 -1 -1 -1 0 0 0 0 0 -1 -1 0 0 0 3
3 -1 -1 -1 -1 -1 -1 -1 0 0 0 0 0 0 0 0 3
3 0 -1 -1 -1 -1 -1 -1 -1 -1 0 0 0 0 0 -1 3
3 3 0 -1 -1 -1 -1 -1 -1 -1 -1 0 0 -1 -1 3 3
3 3 0 100 -1 -1 -1 -1 -1 -1 -1 -1 -1 -1 -1 3 3
3 3 3 100 100 -1 -1 -1 -1 -1 -1 -1 -1 -1 3 3 3
3 3 3 3 3 100 -1 -1 -1 -1 -1 -1 3 3 3 3 3
3 3 3 3 3 3 3 3 -1 3 3 3 3 3 3 3 3
18:31:32.014597 - stdout :: 1 -1
18:31:32.017718 - stdin  :: 16 27 0 -1
8 34
16 27
3 3 3 3 3 3 3 3 0 3 3 3 3 3 3 3 3
3 3 3 3 3 0 0 0 0 0 0 0 3 3 3 3 3
3 3 3 -1 -1 -1 0 0 0 0 0 -1 -1 0 3 3 3
3 3 0 -1 -1 -1 -1 -1 0 -1 -1 -1 -1 -1 0 3 3
3 3 0 0 -1 -1 -1 -1 -1 -1 -1 -1 -1 -1 -1 3 3
3 0 0 0 0 0 -1 -1 -1 -1 -1 -1 -1 -1 -1 0 3
3 -1 0 0 0 0 0 -1 -1 -1 -1 -1 -1 -1 -1 0 3
3 -1 -1 -1 0 0 0 0 -1 -1 -1 -1 -1 -1 -1 0 3
-1 -1 -1 -1 -1 0 0 0 0 0 -1 -1 -1 -1 -1 0 0
3 -1 -1 -1 -1 -1 -1 0 0 0 0 0 -1 -1 0 0 3
3 0 -1 -1 -1 -1 -1 -1 -1 0 0 0 0 0 0 0 3
3 0 0 -1 -1 -1 -1 -1 -1 -1 -1 0 0 0 0 0 3
3 3 0 0 -1 -1 -1 -1 -1 -1 -1 -1 0 0 -1 3 3
3 3 0 0 100 -1 -1 -1 -1 -1 -1 -1 -1 -1 -1 3 3
3 3 3 100 100 100 -1 -1 -1 -1 -1 -1 -1 -1 3 3 3
3 3 3 3 3 100 100 -1 -1 -1 -1 -1 3 3 3 3 3
3 3 3 3 3 3 3 3 -1 3 3 3 3 3 3 3 3
18:31:32.393530 - stdout :: 0 0
18:31:32.396763 - stdin  :: 16 26 0 -1
9 34
16 26
3 3 3 3 3 3 3 3 0 3 3 3 3 3 3 3 3
3 3 3 3 3 -1 0 0 0 0 0 0 3 3 3 3 3
3 3 3 -1 -1 -1 -1 0 0 0 0 0 -1 -1 3 3 3
3 3 0 0 -1 -1 -1 -1 -1 0 -1 -1 -1 -1 -1 3 3
3 3 0 0 0 -1 -1 -1 -1 -1 -1 -1 -1 -1 -1 3 3
3 0 0 0 0 0 0 -1 -1 -1 -1 -1 -1 -1 -1 -1 3
3 -1 -1 0 0 0 0 0 -1 -1 -1 -1 -1 -1 -1 -1 3
3 -1 -1 -1 -1 0 0 0 0 -1 -1 -1 -1 -1 -1 -1 3
-1 -1 -1 -1 -1 -1 0 0 0 0 0 -1 -1 -1 -1 -1 0
3 -1 -1 -1 -1 -1 -1 -1 0 0 0 0 0 -1 -1 0 3
3 0 0 -1 -1 -1 -1 -1 -1 -1 0 0 0 0 0 0 3
3 0 0 0 -1 -1 -1 -1 -1 -1 -1 -1 0 0 0 0 3
3 3 0 0 0 -1 -1 -1 -1 -1 -1 -1 -1 0 0 3 3
3 3 0 0 0 100 -1 -1 -1 -1 -1 -1 -1 -1 -1 3 3
3 3 3 0 100 100 100 -1 -1 -1 -1 -1 -1 -1 3 3 3
3 3 3 3 3 100 100 100 -1 -1 -1 -1 3 3 3 3 3
3 3 3 3 3 3 3 3 100 3 3 3 3 3 3 3 3
18:31:32.772452 - stdout :: 0 0
18:31:32.775779 - stdin  :: 16 25 0 -1
10 34
16 25
3 3 3 3 3 3 3 3 0 3 3 3 3 3 3 3 3
3 3 3 3 3 -1 -1 0 0 0 0 0 3 3 3 3 3
3 3 3 -1 -1 -1 -1 -1 0 0 0 0 0 -1 3 3 3
3 3 0 0 0 -1 -1 -1 -1 -1 0 -1 -1 -1 -1 3 3
3 3 0 0 0 0 -1 -1 -1 -1 -1 -1 -1 -1 -1 3 3
3 0 0 0 0 0 0 0 -1 -1 -1 -1 -1 -1 -1 -1 3
3 -1 -1 -1 0 0 0 0 0 -1 -1 -1 -1 -1 -1 -1 3
3 -1 -1 -1 -1 -1 0 0 0 0 -1 -1 -1 -1 -1 -1 3
-1 -1 -1 -1 -1 -1 -1 0 0 0 0 0 -1 -1 -1 -1 -1
3 -1 -1 -1 -1 -1 -1 -1 -1 0 0 0 0 0 -1 -1 3
3 0 0 0 -1 -1 -1 -1 -1 -1 -1 0 0 0 0 0 3
3 0 0 0 0 -1 -1 -1 -1 -1 -1 -1 -1 0 0 0 3
3 3 0 0 0 0 -1 -1 -1 -1 -1 -1 -1 -1 0 3 3
3 3 0 0 0 0 100 -1 -1 -1 -1 -1 -1 -1 -1 3 3
3 3 3 -1 0 100 100 100 -1 -1 -1 -1 -1 -1 3 3 3
3 3 3 3 3 100 100 100 100 -1 -1 -1 3 3 3 3 3
3 3 3 3 3 3 3 3 100 3 3 3 3 3 3 3 3
18:31:33.156351 - stdout :: 0 0
18:31:33.159641 - stdin  :: 16 24 0 -1
11 34
16 24
3 3 3 3 3 3 3 3 0 3 3 3 3 3 3 3 3
3 3 3 3 3 -1 -1 -1 0 0 0 0 3 3 3 3 3
3 3 3 -1 -1 -1 -1 -1 -1 0 0 0 0 0 3 3 3
3 3 0 0 0 0 -1 -1 -1 -1 -1 0 -1 -1 -1 3 3
3 3 0 0 0 0 0 -1 -1 -1 -1 -1 -1 -1 -1 3 3
3 0 0 0 0 0 0 0 0 -1 -1 -1 -1 -1 -1 -1 3
3 -1 -1 -1 -1 0 0 0 0 0 -1 -1 -1 -1 -1 -1 3
3 -1 -1 -1 -1 -1 -1 0 0 0 0 -1 -1 -1 -1 -1 3
-1 -1 -1 -1 -1 -1 -1 -1 0 0 0 0 0 -1 -1 -1 -1
3 -1 -1 -1 -1 -1 -1 -1 -1 -1 0 0 0 0 0 -1 3
3 0 0 0 0 -1 -1 -1 -1 -1 -1 -1 0 0 0 0 3
3 0 0 0 0 0 -1 -1 -1 -1 -1 -1 -1 -1 0 0 3
3 3 0 0 0 0 0 -1 -1 -1 -1 -1 -1 -1 -1 3 3
3 3 -1 0 0 0 0 100 -1 -1 -1 -1 -1 -1 -1 3 3
3 3 3 -1 -1 0 100 100 100 -1 -1 -1 -1 -1 3 3 3
3 3 3 3 3 -1 100 100 100 100 -1 -1 3 3 3 3 3
3 3 3 3 3 3 3 3 100 3 3 3 3 3 3 3 3
18:31:33.536260 - stdout :: -1 1
18:31:33.539823 - stdin  :: 15 24 -1 0
12 34
15 24
3 3 3 3 3 3 3 3 0 3 3 3 3 3 3 3 3
3 3 3 3 3 0 0 0 0 0 0 0 3 3 3 3 3
3 3 3 -1 -1 -1 -1 -1 0 0 0 0 0 0 3 3 3
3 3 -1 -1 -1 -1 -1 -1 -1 0 0 0 0 0 -1 3 3
3 3 0 0 0 0 -1 -1 -1 -1 -1 0 -1 -1 -1 3 3
3 0 0 0 0 0 0 -1 -1 -1 -1 -1 -1 -1 -1 -1 3
3 0 0 0 0 0 0 0 0 -1 -1 -1 -1 -1 -1 -1 3
3 -1 -1 -1 -1 0 0 0 0 0 -1 -1 -1 -1 -1 -1 3
-1 -1 -1 -1 -1 -1 -1 0 0 0 0 -1 -1 -1 -1 -1 -1
3 -1 -1 -1 -1 -1 -1 -1 0 0 0 0 0 -1 -1 -1 3
3 -1 -1 -1 -1 -1 -1 -1 -1 -1 0 0 0 0 0 -1 3
3 0 0 0 0 -1 -1 -1 -1 -1 -1 -1 0 0 0 0 3
3 3 0 0 0 0 -1 -1 -1 -1 -1 -1 -1 -1 0 3 3
3 3 0 0 0 0 0 -1 -1 -1 -1 -1 -1 -1 -1 3 3
3 3 3 0 0 0 0 100 -1 -1 -1 -1 -1 -1 3 3 3
3 3 3 3 3 0 100 100 100 -1 -1 -1 3 3 3 3 3
3 3 3 3 3 3 3 3 100 3 3 3 3 3 3 3 3
18:31:33.920160 - stdout :: 0 0
18:31:33.923488 - stdin  :: 14 24 -1 0
13 34
14 24
3 3 3 3 3 3 3 3 -1 3 3 3 3 3 3 3 3
3 3 3 3 3 0 0 0 0 0 -1 -1 3 3 3 3 3
3 3 3 -1 -1 0 0 0 0 0 0 0 0 0 3 3 3
3 3 -1 -1 -1 -1 -1 -1 0 0 0 0 0 0 0 3 3
3 3 -1 -1 -1 -1 -1 -1 -1 0 0 0 0 0 -1 3 3
3 0 0 0 0 0 -1 -1 -1 -1 -1 0 -1 -1 -1 -1 3
3 0 0 0 0 0 0 -1 -1 -1 -1 -1 -1 -1 -1 -1 3
3 0 0 0 0 0 0 0 0 -1 -1 -1 -1 -1 -1 -1 3
-1 -1 -1 -1 -1 0 0 0 0 0 -1 -1 -1 -1 -1 -1 -1
3 -1 -1 -1 -1 -1 -1 0 0 0 0 -1 -1 -1 -1 -1 3
3 -1 -1 -1 -1 -1 -1 -1 0 0 0 0 0 -1 -1 -1 3
3 -1 -1 -1 -1 -1 -1 -1 -1 -1 0 0 0 0 0 -1 3
3 3 0 0 0 -1 -1 -1 -1 -1 -1 -1 0 0 0 3 3
3 3 0 0 0 0 -1 -1 -1 -1 -1 -1 -1 -1 0 3 3
3 3 3 0 0 0 0 -1 -1 -1 -1 -1 -1 -1 3 3 3
3 3 3 3 3 0 0 100 -1 -1 -1 -1 3 3 3 3 3
3 3 3 3 3 3 3 3 100 3 3 3 3 3 3 3 3
18:31:34.294546 - stdout :: 1 1
18:31:34.307290 - stdin  :: 14 25 0 1
14 34
14 25
3 3 3 3 3 3 3 3 -1 3 3 3 3 3 3 3 3
3 3 3 3 3 0 0 0 0 -1 -1 -1 3 3 3 3 3
3 3 3 -1 0 0 0 0 0 0 0 0 0 0 3 3 3
3 3 -1 -1 -1 -1 -1 0 0 0 0 0 0 0 0 3 3
3 3 -1 -1 -1 -1 -1 -1 0 0 0 0 0 -1 -1 3 3
3 0 0 0 0 -1 -1 -1 -1 -1 0 -1 -1 -1 -1 -1 3
3 0 0 0 0 0 -1 -1 -1 -1 -1 -1 -1 -1 -1 -1 3
3 0 0 0 0 0 0 0 -1 -1 -1 -1 -1 -1 -1 -1 3
-1 -1 -1 -1 0 0 0 0 0 -1 -1 -1 -1 -1 -1 -1 -1
3 -1 -1 -1 -1 -1 0 0 0 0 -1 -1 -1 -1 -1 -1 3
3 -1 -1 -1 -1 -1 -1 0 0 0 0 0 -1 -1 -1 -1 3
3 -1 -1 -1 -1 -1 -1 -1 -1 0 0 0 0 0 -1 -1 3
3 3 0 0 -1 -1 -1 -1 -1 -1 -1 0 0 0 0 3 3
3 3 0 0 0 -1 -1 -1 -1 -1 -1 -1 -1 0 0 3 3
3 3 3 0 0 0 -1 -1 -1 -1 -1 -1 -1 -1 3 3 3
3 3 3 3 3 0 100 -1 -1 -1 -1 -1 3 3 3 3 3
3 3 3 3 3 3 3 3 -1 3 3 3 3 3 3 3 3
18:31:34.688210 - stdout :: 1 0
18:31:34.694871 - stdin  :: 15 26 1 1
15 34
15 26
3 3 3 3 3 3 3 3 -1 3 3 3 3 3 3 3 3
3 3 3 3 3 0 0 0 0 0 0 0 3 3 3 3 3
3 3 3 -1 -1 -1 0 0 0 0 0 0 0 0 3 3 3
3 3 -1 -1 -1 -1 -1 0 0 0 0 0 -1 -1 0 3 3
3 3 0 0 -1 -1 -1 -1 -1 0 -1 -1 -1 -1 -1 3 3
3 0 0 0 0 -1 -1 -1 -1 -1 -1 -1 -1 -1 -1 -1 3
3 0 0 0 0 0 0 -1 -1 -1 -1 -1 -1 -1 -1 -1 3
3 -1 -1 0 0 0 0 0 -1 -1 -1 -1 -1 -1 -1 -1 3
-1 -1 -1 -1 -1 0 0 0 0 -1 -1 -1 -1 -1 -1 -1 0
3 -1 -1 -1 -1 -1 0 0 0 0 0 -1 -1 -1 -1 -1 3
3 -1 -1 -1 -1 -1 -1 -1 0 0 0 0 0 -1 -1 0 3
3 0 0 -1 -1 -1 -1 -1 -1 -1 0 0 0 0 0 0 3
3 3 0 0 -1 -1 -1 -1 -1 -1 -1 -1 0 0 0 3 3
3 3 0 0 0 -1 -1 -1 -1 -1 -1 -1 -1 0 0 3 3
3 3 3 0 0 100 -1 -1 -1 -1 -1 -1 -1 -1 3 3 3
3 3 3 3 3 100 100 -1 -1 -1 -1 -1 3 3 3 3 3
3 3 3 3 3 3 3 3 -1 3 3 3 3 3 3 3 3
18:31:35.114373 - stdout :: 0 0
18:31:35.129351 - stdin  :: 16 27 1 1
16 34
16 27
3 3 3 3 3 3 3 3 0 3 3 3 3 3 3 3 3
3 3 3 3 3 0 0 0 0 0 0 0 3 3 3 3 3
3 3 3 -1 -1 -1 0 0 0 0 0 -1 -1 0 3 3 3
3 3 0 -1 -1 -1 -1 -1 0 -1 -1 -1 -1 -1 0 3 3
3 3 0 0 -1 -1 -1 -1 -1 -1 -1 -1 -1 -1 -1 3 3
3 0 0 0 0 0 -1 -1 -1 -1 -1 -1 -1 -1 -1 0 3
3 -1 0 0 0 0 0 -1 -1 -1 -1 -1 -1 -1 -1 0 3
3 -1 -1 -1 0 0 0 0 -1 -1 -1 -1 -1 -1 -1 0 3
-1 -1 -1 -1 -1 0 0 0 0 0 -1 -1 -1 -1 -1 0 0
3 -1 -1 -1 -1 -1 -1 0 0 0 0 0 -1 -1 0 0 3
3 0 -1 -1 -1 -1 -1 -1 -1 0 0 0 0 0 0 0 3
3 0 0 -1 -1 -1 -1 -1 -1 -1 -1 0 0 0 0 0 3
3 3 0 0 -1 -1 -1 -1 -1 -1 -1 -1 0 0 -1 3 3
3 3 0 0 100 -1 -1 -1 -1 -1 -1 -1 -1 -1 -1 3 3
3 3 3 100 100 100 -1 -1 -1 -1 -1 -1 -1 -1 3 3 3
3 3 3 3 3 100 100 -1 -1 -1 -1 -1 3 3 3 3 3
3 3 3 3 3 3 3 3 -1 3 3 3 3 3 3 3 3
18:31:35.543950 - stdout :: 0 0
18:31:35.547079 - stdin  :: 17 28 1 1
17 34
17 28
3 3 3 3 3 3 3 3 0 3 3 3 3 3 3 3 3
3 3 3 3 3 0 0 0 0 0 -1 -1 3 3 3 3 3
3 3 3 -1 -1 -1 -1 0 -1 -1 -1 -1 -1 0 3 3 3
3 3 0 -1 -1 -1 -1 -1 -1 -1 -1 -1 -1 -1 0 3 3
3 3 0 0 0 -1 -1 -1 -1 -1 -1 -1 -1 -1 0 3 3
3 0 0 0 0 0 -1 -1 -1 -1 -1 -1 -1 -1 0 0 3
3 -1 -1 0 0 0 0 -1 -1 -1 -1 -1 -1 -1 0 0 3
3 -1 -1 -1 0 0 0 0 0 -1 -1 -1 -1 -1 0 0 3
-1 -1 -1 -1 -1 -1 0 0 0 0 0 -1 -1 0 0 0 0
3 -1 -1 -1 -1 -1 -1 -1 0 0 0 0 0 0 0 0 3
3 0 -1 -1 -1 -1 -1 -1 -1 -1 0 0 0 0 0 -1 3
3 0 0 -1 -1 -1 -1 -1 -1 -1 -1 0 0 -1 -1 -1 3
3 3 0 100 -1 -1 -1 -1 -1 -1 -1 -1 -1 -1 -1 3 3
3 3 100 100 100 -1 -1 -1 -1 -1 -1 -1 -1 -1 -1 3 3
3 3 3 100 100 100 -1 -1 -1 -1 -1 -1 -1 -1 3 3 3
3 3 3 3 3 100 100 -1 -1 -1 -1 -1 3 3 3 3 3
3 3 3 3 3 3 3 3 -1 3 3 3 3 3 3 3 3
18:31:35.914414 - stdout :: 0 0
18:31:35.917927 - stdin  :: 18 29 1 1
18 34
18 29
3 3 3 3 3 3 3 3 0 3 3 3 3 3 3 3 3
3 3 3 3 3 -1 0 -1 -1 -1 -1 -1 3 3 3 3 3
3 3 3 -1 -1 -1 -1 -1 -1 -1 -1 -1 -1 0 3 3 3
3 3 0 0 -1 -1 -1 -1 -1 -1 -1 -1 -1 0 0 3 3
3 3 0 0 0 -1 -1 -1 -1 -1 -1 -1 -1 0 0 3 3
3 -1 0 0 0 0 -1 -1 -1 -1 -1 -1 -1 0 0 0 3
3 -1 -1 0 0 0 0 0 -1 -1 -1 -1 -1 0 0 0 3
3 -1 -1 -1 -1 0 0 0 0 0 -1 -1 0 0 0 0 3
-1 -1 -1 -1 -1 -1 -1 0 0 0 0 0 0 0 0 -1 -1
3 -1 -1 -1 -1 -1 -1 -1 -1 0 0 0 0 0 -1 -1 3
3 0 -1 -1 -1 -1 -1 -1 -1 -1 0 0 -1 -1 -1 -1 3
3 0 100 -1 -1 -1 -1 -1 -1 -1 -1 -1 -1 -1 -1 -1 3
3 3 100 100 -1 -1 -1 -1 -1 -1 -1 -1 -1 -1 -1 3 3
3 3 100 100 100 -1 -1 -1 -1 -1 -1 -1 -1 -1 -1 3 3
3 3 3 100 100 100 -1 -1 -1 -1 -1 -1 -1 -1 3 3 3
3 3 3 3 3 100 100 -1 -1 -1 -1 -1 3 3 3 3 3
3 3 3 3 3 3 3 3 -1 3 3 3 3 3 3 3 3
18:31:36.321490 - stdout :: 0 0
18:31:36.324807 - stdin  :: 19 30 1 1
19 34
19 30
3 3 3 3 3 3 3 3 -1 3 3 3 3 3 3 3 3
3 3 3 3 3 -1 -1 -1 -1 -1 -1 -1 3 3 3 3 3
3 3 3 -1 -1 -1 -1 -1 -1 -1 -1 -1 0 0 3 3 3
3 3 0 0 -1 -1 -1 -1 -1 -1 -1 -1 0 0 0 3 3
3 3 0 0 0 -1 -1 -1 -1 -1 -1 -1 0 0 0 3 3
3 -1 0 0 0 0 0 -1 -1 -1 -1 -1 0 0 0 -1 3
3 -1 -1 -1 0 0 0 0 0 -1 -1 0 0 0 0 -1 3
3 -1 -1 -1 -1 -1 0 0 0 0 0 0 0 0 -1 -1 3
-1 -1 -1 -1 -1 -1 -1 -1 0 0 0 0 0 -1 -1 -1 -1
3 -1 -1 -1 -1 -1 -1 -1 -1 0 0 -1 -1 -1 -1 -1 3
3 100 -1 -1 -1 -1 -1 -1 -1 -1 -1 -1 -1 -1 -1 -1 3
3 100 100 -1 -1 -1 -1 -1 -1 -1 -1 -1 -1 -1 -1 -1 3
3 3 100 100 -1 -1 -1 -1 -1 -1 -1 -1 -1 -1 -1 3 3
3 3 100 100 100 -1 -1 -1 -1 -1 -1 -1 -1 -1 -1 3 3
3 3 3 100 100 100 -1 -1 -1 -1 -1 -1 -1 -1 3 3 3
3 3 3 3 3 -1 -1 -1 -1 -1 -1 -1 3 3 3 3 3
3 3 3 3 3 3 3 3 -1 3 3 3 3 3 3 3 3
18:31:36.700532 - stdout :: 0 0
18:31:36.713430 - stdin  :: 20 31 1 1
19 33
20 31
3 3 3 3 3 3 3 3 -1 3 3 3 3 3 3 3 3
3 3 3 3 3 -1 -1 -1 -1 -1 -1 0 3 3 3 3 3
3 3 3 -1 -1 -1 -1 -1 -1 -1 -1 0 0 0 3 3 3
3 3 0 0 -1 -1 -1 -1 -1 -1 -1 0 0 0 -1 3 3
3 3 0 0 0 0 -1 -1 -1 -1 -1 0 0 0 -1 3 3
3 -1 -1 0 0 0 0 0 -1 -1 0 0 0 0 -1 -1 3
3 -1 -1 -1 -1 0 0 0 0 0 0 0 0 -1 -1 -1 3
3 -1 -1 -1 -1 -1 -1 0 0 0 0 0 -1 -1 -1 -1 3
-1 -1 -1 -1 -1 -1 -1 -1 0 0 -1 -1 -1 -1 -1 -1 -1
3 -1 -1 -1 -1 -1 -1 -1 -1 -1 -1 -1 -1 -1 -1 -1 3
3 100 -1 -1 -1 -1 -1 -1 -1 -1 -1 -1 -1 -1 -1 -1 3
3 100 100 -1 -1 -1 -1 -1 -1 -1 -1 -1 -1 -1 -1 -1 3
3 3 100 100 -1 -1 -1 -1 -1 -1 -1 -1 -1 -1 -1 3 3
3 3 100 100 100 -1 -1 -1 -1 -1 -1 -1 -1 -1 -1 3 3
3 3 3 100 -1 -1 -1 -1 -1 -1 -1 -1 -1 -1 3 3 3
3 3 3 3 3 -1 -1 -1 -1 -1 -1 -1 3 3 3 3 3
3 3 3 3 3 3 3 3 -1 3 3 3 3 3 3 3 3
18:31:36.717204 - stdout :: -1 0
18:31:36.725361 - stdin  :: 20 32 0 1
19 32
20 32
3 3 3 3 3 3 3 3 -1 3 3 3 3 3 3 3 3
3 3 3 3 3 -1 -1 -1 -1 -1 0 0 3 3 3 3 3
3 3 3 -1 -1 -1 -1 -1 -1 -1 0 0 0 -1 3 3 3
3 3 0 -1 -1 -1 -1 -1 -1 -1 0 0 0 -1 -1 3 3
3 3 0 0 0 -1 -1 -1 -1 -1 0 0 0 -1 -1 3 3
3 -1 0 0 0 0 0 -1 -1 0 0 0 0 -1 -1 -1 3
3 -1 -1 -1 0 0 0 0 0 0 0 0 -1 -1 -1 -1 3
3 -1 -1 -1 -1 -1 0 0 0 0 0 -1 -1 -1 -1 -1 3
-1 -1 -1 -1 -1 -1 -1 0 0 -1 -1 -1 -1 -1 -1 -1 -1
3 -1 -1 -1 -1 -1 -1 -1 -1 -1 -1 -1 -1 -1 -1 -1 3
3 -1 -1 -1 -1 -1 -1 -1 -1 -1 -1 -1 -1 -1 -1 -1 3
3 100 -1 -1 -1 -1 -1 -1 -1 -1 -1 -1 -1 -1 -1 -1 3
3 3 100 -1 -1 -1 -1 -1 -1 -1 -1 -1 -1 -1 -1 3 3
3 3 100 100 -1 -1 -1 -1 -1 -1 -1 -1 -1 -1 -1 3 3
3 3 3 -1 -1 -1 -1 -1 -1 -1 -1 -1 -1 -1 3 3 3
3 3 3 3 3 -1 -1 -1 -1 -1 -1 -1 3 3 3 3 3
3 3 3 3 3 3 3 3 -1 3 3 3 3 3 3 3 3
18:31:37.107438 - stdout :: -1 1
18:31:37.113574 - stdin  :: 19 34 -1 2
19 31
19 34
3 3 3 3 3 3 3 3 0 3 3 3 3 3 3 3 3
3 3 3 3 3 -1 -1 -1 0 0 0 -1 3 3 3 3 3
3 3 3 -1 -1 -1 -1 -1 0 0 0 -1 -1 -1 3 3 3
3 3 -1 -1 -1 -1 -1 -1 0 0 0 -1 -1 -1 -1 3 3
3 3 -1 -1 -1 -1 -1 -1 0 0 0 -1 -1 -1 -1 3 3
3 0 0 -1 -1 -1 -1 -1 0 0 0 -1 -1 -1 -1 -1 3
3 0 0 0 0 -1 -1 0 0 0 0 -1 -1 -1 -1 -1 3
3 -1 0 0 0 0 0 0 0 0 -1 -1 -1 -1 -1 -1 3
-1 -1 -1 -1 0 0 0 0 0 -1 -1 -1 -1 -1 -1 -1 -1
3 -1 -1 -1 -1 0 0 -1 -1 -1 -1 -1 -1 -1 -1 -1 3
3 -1 -1 -1 -1 -1 -1 -1 -1 -1 -1 -1 -1 -1 -1 -1 3
3 -1 -1 -1 -1 -1 -1 -1 -1 -1 -1 -1 -1 -1 -1 -1 3
3 3 -1 -1 -1 -1 -1 -1 -1 -1 -1 -1 -1 -1 -1 3 3
3 3 -1 -1 -1 -1 -1 -1 -1 -1 -1 -1 -1 -1 -1 3 3
3 3 3 -1 -1 -1 -1 -1 -1 -1 -1 -1 -1 -1 3 3 3
3 3 3 3 3 -1 -1 -1 -1 -1 -1 -1 3 3 3 3 3
3 3 3 3 3 3 3 3 -1 3 3 3 3 3 3 3 3
18:31:37.503086 - stdout :: -1 -1
18:31:37.514366 - stdin  :: 17 35 -2 1
19 30
17 35
3 3 3 3 3 3 3 3 0 3 3 3 3 3 3 3 3
3 3 3 3 3 0 0 0 0 0 -1 -1 3 3 3 3 3
3 3 3 -1 -1 -1 0 0 0 0 -1 -1 -1 -1 3 3 3
3 3 -1 -1 -1 -1 -1 0 0 0 -1 -1 -1 -1 -1 3 3
3 3 -1 -1 -1 -1 -1 0 0 0 -1 -1 -1 -1 -1 3 3
3 -1 -1 -1 -1 -1 -1 0 0 0 -1 -1 -1 -1 -1 -1 3
3 -1 -1 -1 -1 -1 -1 0 0 0 -1 -1 -1 -1 -1 -1 3
3 0 -1 -1 -1 -1 -1 0 0 0 -1 -1 -1 -1 -1 -1 3
0 0 0 0 -1 -1 0 0 0 0 -1 -1 -1 -1 -1 -1 -1
3 0 0 0 0 0 0 0 0 -1 -1 -1 -1 -1 -1 -1 3
3 -1 -1 0 0 0 0 0 -1 -1 -1 -1 -1 -1 -1 -1 3
3 -1 -1 -1 0 0 -1 -1 -1 -1 -1 -1 -1 -1 -1 -1 3
3 3 -1 -1 -1 -1 -1 -1 -1 -1 -1 -1 -1 -1 -1 3 3
3 3 -1 -1 -1 -1 -1 -1 -1 -1 -1 -1 -1 -1 -1 3 3
3 3 3 -1 -1 -1 -1 -1 -1 -1 -1 -1 -1 -1 3 3 3
3 3 3 3 3 -1 -1 -1 -1 -1 -1 -1 3 3 3 3 3
3 3 3 3 3 3 3 3 -1 3 3 3 3 3 3 3 3
18:31:37.906195 - stdout :: 0 0
18:31:37.912407 - stdin  :: 15 36 -2 1
18 29
15 36
3 3 3 3 3 3 3 3 -1 3 3 3 3 3 3 3 3
3 3 3 3 3 0 0 0 -1 -1 -1 -1 3 3 3 3 3
3 3 3 0 0 0 0 0 -1 -1 -1 -1 -1 -1 3 3 3
3 3 -1 -1 0 0 0 0 0 -1 -1 -1 -1 -1 -1 3 3
3 3 -1 -1 -1 0 0 0 0 -1 -1 -1 -1 -1 -1 3 3
3 -1 -1 -1 -1 -1 0 0 0 -1 -1 -1 -1 -1 -1 -1 3
3 -1 -1 -1 -1 -1 0 0 0 -1 -1 -1 -1 -1 -1 -1 3
3 -1 -1 -1 -1 -1 0 0 0 -1 -1 -1 -1 -1 -1 -1 3
-1 -1 -1 -1 -1 -1 0 0 0 -1 -1 -1 -1 -1 -1 -1 -1
3 -1 -1 -1 -1 -1 0 0 0 -1 -1 -1 -1 -1 -1 -1 3
3 0 0 -1 -1 0 0 0 0 -1 -1 -1 -1 -1 -1 -1 3
3 0 0 0 0 0 0 0 -1 -1 -1 -1 -1 -1 -1 -1 3
3 3 0 0 0 0 0 -1 -1 -1 -1 -1 -1 -1 -1 3 3
3 3 -1 0 0 -1 -1 -1 -1 -1 -1 -1 -1 -1 -1 3 3
3 3 3 -1 -1 -1 -1 -1 -1 -1 -1 -1 -1 -1 3 3 3
3 3 3 3 3 -1 -1 -1 -1 -1 -1 -1 3 3 3 3 3
3 3 3 3 3 3 3 3 -1 3 3 3 3 3 3 3 3
18:31:38.314624 - stdout :: 1 -1
18:31:38.317735 - stdin  :: 14 36 -1 0
17 28
14 36
3 3 3 3 3 3 3 3 -1 3 3 3 3 3 3 3 3
3 3 3 3 3 0 0 -1 -1 -1 -1 -1 3 3 3 3 3
3 3 3 0 0 0 0 0 -1 -1 -1 -1 -1 -1 3 3 3
3 3 0 0 0 0 0 0 -1 -1 -1 -1 -1 -1 -1 3 3
3 3 -1 -1 0 0 0 0 0 -1 -1 -1 -1 -1 -1 3 3
3 -1 -1 -1 -1 0 0 0 0 -1 -1 -1 -1 -1 -1 -1 3
3 -1 -1 -1 -1 -1 0 0 0 -1 -1 -1 -1 -1 -1 -1 3
3 -1 -1 -1 -1 -1 0 0 0 -1 -1 -1 -1 -1 -1 -1 3
-1 -1 -1 -1 -1 -1 0 0 0 -1 -1 -1 -1 -1 -1 -1 -1
3 -1 -1 -1 -1 -1 0 0 0 -1 -1 -1 -1 -1 -1 -1 3
3 -1 -1 -1 -1 -1 0 0 0 -1 -1 -1 -1 -1 -1 -1 3
3 0 0 -1 -1 0 0 0 0 -1 -1 -1 -1 -1 -1 -1 3
3 3 0 0 0 0 0 0 -1 -1 -1 -1 -1 -1 -1 3 3
3 3 0 0 0 0 0 -1 -1 -1 -1 -1 -1 -1 -1 3 3
3 3 3 0 0 -1 -1 -1 -1 -1 -1 -1 -1 -1 3 3 3
3 3 3 3 3 -1 -1 -1 -1 -1 -1 -1 3 3 3 3 3
3 3 3 3 3 3 3 3 -1 3 3 3 3 3 3 3 3
18:31:38.713503 - stdout :: 0 0
18:31:38.722000 - stdin  :: 13 36 -1 0
16 27
13 36
3 3 3 3 3 3 3 3 -1 3 3 3 3 3 3 3 3
3 3 3 3 3 0 0 -1 -1 -1 -1 -1 3 3 3 3 3
3 3 3 0 0 0 0 -1 -1 -1 -1 -1 -1 -1 3 3 3
3 3 0 0 0 0 0 0 -1 -1 -1 -1 -1 -1 -1 3 3
3 3 0 0 0 0 0 0 -1 -1 -1 -1 -1 -1 -1 3 3
3 0 -1 -1 0 0 0 0 0 -1 -1 -1 -1 -1 -1 -1 3
3 -1 -1 -1 -1 0 0 0 0 -1 -1 -1 -1 -1 -1 -1 3
3 -1 -1 -1 -1 -1 0 0 0 -1 -1 -1 -1 -1 -1 -1 3
-1 -1 -1 -1 -1 -1 0 0 0 -1 -1 -1 -1 -1 -1 -1 -1
3 -1 -1 -1 -1 -1 0 0 0 -1 -1 -1 -1 -1 -1 -1 3
3 -1 -1 -1 -1 -1 0 0 0 -1 -1 -1 -1 -1 -1 -1 3
3 -1 -1 -1 -1 -1 0 0 0 -1 -1 -1 -1 -1 -1 -1 3
3 3 0 -1 -1 0 0 0 0 -1 -1 -1 -1 -1 -1 3 3
3 3 0 0 0 0 0 0 -1 -1 -1 -1 -1 -1 -1 3 3
3 3 3 0 0 0 0 -1 -1 -1 -1 -1 -1 -1 3 3 3
3 3 3 3 3 -1 -1 -1 -1 -1 -1 -1 3 3 3 3 3
3 3 3 3 3 3 3 3 -1 3 3 3 3 3 3 3 3
18:31:39.091860 - stdout :: 0 0
18:31:39.100788 - stdin  :: 12 36 -1 0
15 26
12 36
3 3 3 3 3 3 3 3 -1 3 3 3 3 3 3 3 3
3 3 3 3 3 -1 -1 -1 -1 -1 -1 -1 3 3 3 3 3
3 3 3 0 0 0 0 -1 -1 -1 -1 -1 -1 -1 3 3 3
3 3 0 0 0 0 0 -1 -1 -1 -1 -1 -1 -1 -1 3 3
3 3 0 0 0 0 0 0 -1 -1 -1 -1 -1 -1 -1 3 3
3 0 0 0 0 0 0 0 -1 -1 -1 -1 -1 -1 -1 -1 3
3 0 -1 -1 0 0 0 0 0 -1 -1 -1 -1 -1 -1 -1 3
3 -1 -1 -1 -1 0 0 0 0 -1 -1 -1 -1 -1 -1 -1 3
-1 -1 -1 -1 -1 -1 0 0 0 -1 -1 -1 -1 -1 -1 -1 -1
3 -1 -1 -1 -1 -1 0 0 0 -1 -1 -1 -1 -1 -1 -1 3
3 -1 -1 -1 -1 -1 0 0 0 -1 -1 -1 -1 -1 -1 -1 3
3 -1 -1 -1 -1 -1 0 0 0 -1 -1 -1 -1 -1 -1 -1 3
3 3 -1 -1 -1 -1 0 0 0 -1 -1 -1 -1 -1 -1 3 3
3 3 0 -1 -1 0 0 0 0 -1 -1 -1 -1 -1 -1 3 3
3 3 3 0 0 0 0 0 -1 -1 -1 -1 -1 -1 3 3 3
3 3 3 3 3 0 0 -1 -1 -1 -1 -1 3 3 3 3 3
3 3 3 3 3 3 3 3 -1 3 3 3 3 3 3 3 3
18:31:39.492225 - stdout :: 0 0
18:31:39.506112 - stdin  :: 11 36 -1 0
15 24
11 36
3 3 3 3 3 3 3 3 -1 3 3 3 3 3 3 3 3
3 3 3 3 3 -1 -1 -1 -1 -1 -1 -1 3 3 3 3 3
3 3 3 -1 -1 -1 -1 -1 -1 -1 -1 -1 -1 -1 3 3 3
3 3 -1 0 0 0 0 -1 -1 -1 -1 -1 -1 -1 -1 3 3
3 3 0 0 0 0 0 -1 -1 -1 -1 -1 -1 -1 -1 3 3
3 0 0 0 0 0 0 0 -1 -1 -1 -1 -1 -1 -1 -1 3
3 0 0 0 0 0 0 0 -1 -1 -1 -1 -1 -1 -1 -1 3
3 0 -1 -1 0 0 0 0 0 -1 -1 -1 -1 -1 -1 -1 3
-1 -1 -1 -1 -1 0 0 0 0 -1 -1 -1 -1 -1 -1 -1 -1
3 -1 -1 -1 -1 -1 0 0 0 -1 -1 -1 -1 -1 -1 -1 3
3 -1 -1 -1 -1 -1 0 0 0 -1 -1 -1 -1 -1 -1 -1 3
3 -1 -1 -1 -1 -1 0 0 0 -1 -1 -1 -1 -1 -1 -1 3
3 3 -1 -1 -1 -1 0 0 0 -1 -1 -1 -1 -1 -1 3 3
3 3 -1 -1 -1 -1 0 0 0 -1 -1 -1 -1 -1 -1 3 3
3 3 3 -1 -1 0 0 0 0 -1 -1 -1 -1 -1 3 3 3
3 3 3 3 3 0 0 0 -1 -1 -1 -1 3 3 3 3 3
3 3 3 3 3 3 3 3 -1 3 3 3 3 3 3 3 3
18:31:39.975550 - stdout :: 0 0
18:31:39.988634 - stdin  :: 10 36 -1 0
14 23
10 36
3 3 3 3 3 3 3 3 -1 3 3 3 3 3 3 3 3
3 3 3 3 3 -1 -1 -1 -1 -1 -1 -1 3 3 3 3 3
3 3 3 -1 -1 -1 -1 -1 -1 -1 -1 -1 -1 -1 3 3 3
3 3 -1 -1 -1 -1 -1 -1 -1 -1 -1 -1 -1 -1 -1 3 3
3 3 -1 0 0 0 0 -1 -1 -1 -1 -1 -1 -1 -1 3 3
3 -1 0 0 0 0 0 -1 -1 -1 -1 -1 -1 -1 -1 -1 3
3 0 0 0 0 0 0 0 -1 -1 -1 -1 -1 -1 -1 -1 3
3 0 0 0 0 0 0 0 -1 -1 -1 -1 -1 -1 -1 -1 3
0 0 -1 -1 0 0 0 0 0 -1 -1 -1 -1 -1 -1 -1 -1
3 -1 -1 -1 -1 0 0 0 0 -1 -1 -1 -1 -1 -1 -1 3
3 -1 -1 -1 -1 -1 0 0 0 -1 -1 -1 -1 -1 -1 -1 3
3 -1 -1 -1 -1 -1 0 0 0 -1 -1 -1 -1 -1 -1 -1 3
3 3 -1 -1 -1 -1 0 0 0 -1 -1 -1 -1 -1 -1 3 3
3 3 -1 -1 -1 -1 0 0 0 -1 -1 -1 -1 -1 -1 3 3
3 3 3 -1 -1 -1 0 0 0 -1 -1 -1 -1 -1 3 3 3
3 3 3 3 3 0 0 0 0 -1 -1 -1 3 3 3 3 3
3 3 3 3 3 3 3 3 -1 3 3 3 3 3 3 3 3
18:31:40.356950 - stdout :: -1 -1
18:31:40.365791 - stdin  :: 8 35 -2 -1
13 22
8 35
3 3 3 3 3 3 3 3 -1 3 3 3 3 3 3 3 3
3 3 3 3 3 -1 -1 -1 -1 -1 -1 -1 3 3 3 3 3
3 3 3 -1 -1 -1 -1 -1 -1 -1 -1 -1 -1 -1 3 3 3
3 3 -1 -1 -1 -1 -1 -1 -1 -1 -1 -1 -1 -1 -1 3 3
3 3 -1 -1 -1 -1 -1 -1 -1 -1 -1 -1 -1 -1 -1 3 3
3 -1 -1 -1 -1 -1 -1 -1 -1 -1 -1 -1 -1 -1 -1 -1 3
3 -1 -1 -1 0 0 0 0 -1 -1 -1 -1 -1 -1 -1 -1 3
3 -1 -1 0 0 0 0 0 -1 -1 -1 -1 -1 -1 -1 -1 3
0 0 0 0 0 0 0 0 0 -1 -1 -1 -1 -1 -1 -1 -1
3 0 0 0 0 0 0 0 0 -1 -1 -1 -1 -1 -1 -1 3
3 0 0 -1 -1 0 0 0 0 0 -1 -1 -1 -1 -1 -1 3
3 -1 -1 -1 -1 -1 0 0 0 0 -1 -1 -1 -1 -1 -1 3
3 3 -1 -1 -1 -1 -1 0 0 0 -1 -1 -1 -1 -1 3 3
3 3 -1 -1 -1 -1 -1 0 0 0 -1 -1 -1 -1 -1 3 3
3 3 3 -1 -1 -1 -1 0 0 0 -1 -1 -1 -1 3 3 3
3 3 3 3 3 -1 -1 0 0 0 -1 -1 3 3 3 3 3
3 3 3 3 3 3 3 3 0 3 3 3 3 3 3 3 3
18:31:40.753477 - stdout :: 0 0
18:31:40.761483 - stdin  :: 6 34 -2 -1
12 21
6 34
3 3 3 3 3 3 3 3 -1 3 3 3 3 3 3 3 3
3 3 3 3 3 -1 -1 -1 -1 -1 -1 -1 3 3 3 3 3
3 3 3 -1 -1 -1 -1 -1 -1 -1 -1 -1 -1 -1 3 3 3
3 3 -1 -1 -1 -1 -1 -1 -1 -1 -1 -1 -1 -1 -1 3 3
3 3 -1 -1 -1 -1 -1 -1 -1 -1 -1 -1 -1 -1 -1 3 3
3 -1 -1 -1 -1 -1 -1 -1 -1 -1 -1 -1 -1 -1 -1 -1 3
3 -1 -1 -1 -1 -1 -1 -1 -1 -1 -1 -1 -1 -1 -1 -1 3
3 -1 -1 -1 -1 -1 -1 -1 -1 -1 -1 -1 -1 -1 -1 -1 3
-1 -1 -1 -1 -1 0 0 0 0 -1 -1 -1 -1 -1 -1 -1 -1
3 -1 -1 -1 0 0 0 0 0 -1 -1 -1 -1 -1 -1 -1 3
3 0 0 0 0 0 0 0 0 0 -1 -1 -1 -1 -1 -1 3
3 0 0 0 0 0 0 0 0 0 -1 -1 -1 -1 -1 -1 3
3 3 0 0 -1 -1 0 0 0 0 0 -1 -1 -1 -1 3 3
3 3 -1 -1 -1 -1 -1 0 0 0 0 -1 -1 -1 -1 3 3
3 3 3 -1 -1 -1 -1 -1 0 0 0 -1 -1 -1 3 3 3
3 3 3 3 3 -1 -1 -1 0 0 0 -1 3 3 3 3 3
3 3 3 3 3 3 3 3 0 3 3 3 3 3 3 3 3
18:31:40.858128 - stderr :: Not blind, just being brave! (No valid action found.)
18:31:40.859671 - stdout :: 0 0
18:31:40.871310 - stdin  :: 6 34 0 0
11 15
6 34
3 3 3 3 3 3 3 3 -1 3 3 3 3 3 3 3 3
3 3 3 3 3 -1 -1 -1 -1 -1 -1 -1 3 3 3 3 3
3 3 3 -1 -1 -1 -1 -1 -1 -1 -1 -1 -1 -1 3 3 3
3 3 -1 -1 -1 -1 -1 -1 -1 -1 -1 -1 -1 -1 -1 3 3
3 3 -1 -1 -1 -1 -1 -1 -1 -1 -1 -1 -1 -1 -1 3 3
3 -1 -1 -1 -1 -1 -1 -1 -1 -1 -1 -1 -1 -1 -1 -1 3
3 -1 -1 -1 -1 -1 -1 -1 -1 -1 -1 -1 -1 -1 -1 -1 3
3 -1 -1 -1 -1 -1 -1 -1 -1 -1 -1 -1 -1 -1 -1 -1 3
-1 -1 -1 -1 -1 0 0 0 0 -1 -1 -1 -1 -1 -1 -1 -1
3 -1 -1 -1 0 0 0 0 0 -1 -1 -1 -1 -1 -1 -1 3
3 0 0 0 0 0 0 0 0 0 -1 -1 -1 -1 -1 -1 3
3 0 0 0 0 0 0 0 0 0 -1 -1 -1 -1 -1 -1 3
3 3 0 0 -1 -1 0 0 0 0 0 -1 -1 -1 -1 3 3
3 3 -1 -1 -1 -1 -1 0 0 0 0 -1 -1 -1 -1 3 3
3 3 3 -1 -1 -1 -1 -1 0 0 0 -1 -1 -1 3 3 3
3 3 3 3 3 -1 -1 -1 0 0 0 -1 3 3 3 3 3
3 3 3 3 3 3 3 3 0 3 3 3 3 3 3 3 3
18:31:41.267897 - stdout :: 1 0
18:31:41.271130 - stdin  :: 7 34 1 0
12 15
7 34
3 3 3 3 3 3 3 3 -1 3 3 3 3 3 3 3 3
3 3 3 3 3 -1 -1 -1 -1 -1 -1 -1 3 3 3 3 3
3 3 3 -1 -1 -1 -1 -1 -1 -1 -1 -1 -1 -1 3 3 3
3 3 -1 -1 -1 -1 -1 -1 -1 -1 -1 -1 -1 -1 -1 3 3
3 3 -1 -1 -1 -1 -1 -1 -1 -1 -1 -1 -1 -1 -1 3 3
3 -1 -1 -1 -1 -1 -1 -1 -1 -1 -1 -1 -1 -1 -1 -1 3
3 -1 -1 -1 -1 -1 -1 -1 -1 -1 -1 -1 -1 -1 -1 -1 3
3 -1 -1 -1 -1 0 0 0 0 -1 -1 -1 -1 -1 -1 -1 3
-1 -1 -1 -1 0 0 0 0 0 -1 -1 -1 -1 -1 -1 -1 -1
3 0 0 0 0 0 0 0 0 0 -1 -1 -1 -1 -1 -1 3
3 0 0 0 0 0 0 0 0 0 -1 -1 -1 -1 -1 -1 3
3 0 0 0 -1 -1 0 0 0 0 0 -1 -1 -1 -1 -1 3
3 3 -1 -1 -1 -1 -1 0 0 0 0 -1 -1 -1 -1 3 3
3 3 -1 -1 -1 -1 -1 -1 0 0 0 -1 -1 -1 -1 3 3
3 3 3 -1 -1 -1 -1 -1 0 0 0 -1 -1 -1 3 3 3
3 3 3 3 3 -1 -1 -1 0 0 0 -1 3 3 3 3 3
3 3 3 3 3 3 3 3 0 3 3 3 3 3 3 3 3
18:31:41.630061 - stdout :: 0 0
18:31:41.643098 - stdin  :: 8 34 1 0
13 15
8 34
3 3 3 3 3 3 3 3 -1 3 3 3 3 3 3 3 3
3 3 3 3 3 -1 -1 -1 -1 -1 -1 -1 3 3 3 3 3
3 3 3 -1 -1 -1 -1 -1 -1 -1 -1 -1 -1 -1 3 3 3
3 3 -1 -1 -1 -1 -1 -1 -1 -1 -1 -1 -1 -1 -1 3 3
3 3 -1 -1 -1 -1 -1 -1 -1 -1 -1 -1 -1 -1 -1 3 3
3 -1 -1 -1 -1 -1 -1 -1 -1 -1 -1 -1 -1 -1 -1 -1 3
3 -1 -1 -1 -1 0 0 0 0 -1 -1 -1 -1 -1 -1 -1 3
3 -1 -1 -1 0 0 0 0 0 -1 -1 -1 -1 -1 -1 -1 3
0 0 0 0 0 0 0 0 0 0 -1 -1 -1 -1 -1 -1 -1
3 0 0 0 0 0 0 0 0 0 -1 -1 -1 -1 -1 -1 3
3 0 0 0 -1 -1 0 0 0 0 0 -1 -1 -1 -1 -1 3
3 0 -1 -1 -1 -1 -1 0 0 0 0 -1 -1 -1 -1 -1 3
3 3 -1 -1 -1 -1 -1 -1 0 0 0 -1 -1 -1 -1 3 3
3 3 -1 -1 -1 -1 -1 -1 0 0 0 -1 -1 -1 -1 3 3
3 3 3 -1 -1 -1 -1 -1 0 0 0 -1 -1 -1 3 3 3
3 3 3 3 3 -1 -1 -1 0 0 0 -1 3 3 3 3 3
3 3 3 3 3 3 3 3 0 3 3 3 3 3 3 3 3
18:31:41.623841 - stdout :: 0 0
18:31:41.629387 - stdin  :: 9 34 1 0
14 15
9 34
3 3 3 3 3 3 3 3 -1 3 3 3 3 3 3 3 3
3 3 3 3 3 -1 -1 -1 -1 -1 -1 -1 3 3 3 3 3
3 3 3 -1 -1 -1 -1 -1 -1 -1 -1 -1 -1 -1 3 3 3
3 3 -1 -1 -1 -1 -1 -1 -1 -1 -1 -1 -1 -1 -1 3 3
3 3 -1 -1 -1 -1 -1 -1 -1 -1 -1 -1 -1 -1 -1 3 3
3 -1 -1 -1 -1 0 0 0 0 -1 -1 -1 -1 -1 -1 -1 3
3 -1 -1 -1 0 0 0 0 0 -1 -1 -1 -1 -1 -1 -1 3
3 0 0 0 0 0 0 0 0 0 -1 -1 -1 -1 -1 -1 3
0 0 0 0 0 0 0 0 0 0 -1 -1 -1 -1 -1 -1 -1
3 0 0 0 -1 -1 0 0 0 0 0 -1 -1 -1 -1 -1 3
3 0 -1 -1 -1 -1 -1 0 0 0 0 -1 -1 -1 -1 -1 3
3 -1 -1 -1 -1 -1 -1 -1 0 0 0 -1 -1 -1 -1 -1 3
3 3 -1 -1 -1 -1 -1 -1 0 0 0 -1 -1 -1 -1 3 3
3 3 -1 -1 -1 -1 -1 -1 0 0 0 -1 -1 -1 -1 3 3
3 3 3 -1 -1 -1 -1 -1 0 0 0 -1 -1 -1 3 3 3
3 3 3 3 3 -1 -1 -1 0 0 0 -1 3 3 3 3 3
3 3 3 3 3 3 3 3 0 3 3 3 3 3 3 3 3
18:31:42.036456 - stdout :: 0 0
18:31:42.040958 - stdin  :: 10 34 1 0
14 14
10 34
3 3 3 3 3 3 3 3 -1 3 3 3 3 3 3 3 3
3 3 3 3 3 -1 -1 -1 -1 -1 -1 -1 3 3 3 3 3
3 3 3 -1 -1 -1 -1 -1 -1 -1 -1 -1 -1 -1 3 3 3
3 3 -1 -1 -1 -1 -1 -1 -1 -1 -1 -1 -1 -1 -1 3 3
3 3 -1 -1 -1 0 0 0 0 -1 -1 -1 -1 -1 -1 3 3
3 -1 -1 -1 0 0 0 0 0 -1 -1 -1 -1 -1 -1 -1 3
3 0 0 0 0 0 0 0 0 0 -1 -1 -1 -1 -1 -1 3
3 0 0 0 0 0 0 0 0 0 -1 -1 -1 -1 -1 -1 3
0 0 0 0 -1 -1 0 0 0 0 0 -1 -1 -1 -1 -1 -1
3 0 -1 -1 -1 -1 -1 0 0 0 0 -1 -1 -1 -1 -1 3
3 -1 -1 -1 -1 -1 -1 -1 0 0 0 -1 -1 -1 -1 -1 3
3 -1 -1 -1 -1 -1 -1 -1 0 0 0 -1 -1 -1 -1 -1 3
3 3 -1 -1 -1 -1 -1 -1 0 0 0 -1 -1 -1 -1 3 3
3 3 -1 -1 -1 -1 -1 -1 0 0 0 -1 -1 -1 -1 3 3
3 3 3 -1 -1 -1 -1 -1 0 0 0 -1 -1 -1 3 3 3
3 3 3 3 3 -1 -1 0 0 0 0 -1 3 3 3 3 3
3 3 3 3 3 3 3 3 0 3 3 3 3 3 3 3 3
18:31:42.400768 - stdout :: 0 0
18:31:42.415724 - stdin  :: 11 34 1 0
14 13
11 34
3 3 3 3 3 3 3 3 -1 3 3 3 3 3 3 3 3
3 3 3 3 3 -1 -1 -1 -1 -1 -1 -1 3 3 3 3 3
3 3 3 -1 -1 -1 -1 -1 -1 -1 -1 -1 -1 -1 3 3 3
3 3 -1 -1 -1 0 0 0 0 -1 -1 -1 -1 -1 -1 3 3
3 3 -1 -1 0 0 0 0 0 -1 -1 -1 -1 -1 -1 3 3
3 0 0 0 0 0 0 0 0 0 -1 -1 -1 -1 -1 -1 3
3 0 0 0 0 0 0 0 0 0 -1 -1 -1 -1 -1 -1 3
3 0 0 0 -1 -1 0 0 0 0 0 -1 -1 -1 -1 -1 3
-1 0 -1 -1 -1 -1 -1 0 0 0 0 -1 -1 -1 -1 -1 -1
3 -1 -1 -1 -1 -1 -1 -1 0 0 0 -1 -1 -1 -1 -1 3
3 -1 -1 -1 -1 -1 -1 -1 0 0 0 -1 -1 -1 -1 -1 3
3 -1 -1 -1 -1 -1 -1 -1 0 0 0 -1 -1 -1 -1 -1 3
3 3 -1 -1 -1 -1 -1 -1 0 0 0 -1 -1 -1 -1 3 3
3 3 0 -1 -1 -1 -1 -1 0 0 0 -1 -1 -1 -1 3 3
3 3 3 0 0 -1 -1 0 0 0 0 -1 -1 -1 3 3 3
3 3 3 3 3 0 0 0 0 0 -1 -1 3 3 3 3 3
3 3 3 3 3 3 3 3 0 3 3 3 3 3 3 3 3
18:31:42.793809 - stdout :: 0 0
18:31:42.797017 - stdin  :: 12 34 1 0
14 12
12 34
3 3 3 3 3 3 3 3 -1 3 3 3 3 3 3 3 3
3 3 3 3 3 -1 -1 -1 -1 -1 -1 -1 3 3 3 3 3
3 3 3 -1 -1 0 0 0 0 -1 -1 -1 -1 -1 3 3 3
3 3 -1 -1 0 0 0 0 0 -1 -1 -1 -1 -1 -1 3 3
3 3 0 0 0 0 0 0 0 0 -1 -1 -1 -1 -1 3 3
3 0 0 0 0 0 0 0 0 0 -1 -1 -1 -1 -1 -1 3
3 0 0 0 -1 -1 0 0 0 0 0 -1 -1 -1 -1 -1 3
3 0 -1 -1 -1 -1 -1 0 0 0 0 -1 -1 -1 -1 -1 3
-1 -1 -1 -1 -1 -1 -1 -1 0 0 0 -1 -1 -1 -1 -1 -1
3 -1 -1 -1 -1 -1 -1 -1 0 0 0 -1 -1 -1 -1 -1 3
3 -1 -1 -1 -1 -1 -1 -1 0 0 0 -1 -1 -1 -1 -1 3
3 -1 -1 -1 -1 -1 -1 -1 0 0 0 -1 -1 -1 -1 -1 3
3 3 0 -1 -1 -1 -1 -1 0 0 0 -1 -1 -1 -1 3 3
3 3 0 0 0 -1 -1 0 0 0 0 -1 -1 -1 -1 3 3
3 3 3 0 0 0 0 0 0 0 -1 -1 -1 -1 3 3 3
3 3 3 3 3 0 0 0 0 -1 -1 -1 3 3 3 3 3
3 3 3 3 3 3 3 3 -1 3 3 3 3 3 3 3 3
18:31:43.177678 - stdout :: 0 0
18:31:43.180914 - stdin  :: 13 34 1 0
14 11
13 34
3 3 3 3 3 3 3 3 -1 3 3 3 3 3 3 3 3
3 3 3 3 3 0 0 0 0 -1 -1 -1 3 3 3 3 3
3 3 3 -1 0 0 0 0 0 -1 -1 -1 -1 -1 3 3 3
3 3 0 0 0 0 0 0 0 0 -1 -1 -1 -1 -1 3 3
3 3 0 0 0 0 0 0 0 0 -1 -1 -1 -1 -1 3 3
3 0 0 0 -1 -1 0 0 0 0 0 -1 -1 -1 -1 -1 3
3 0 -1 -1 -1 -1 -1 0 0 0 0 -1 -1 -1 -1 -1 3
3 -1 -1 -1 -1 -1 -1 -1 0 0 0 -1 -1 -1 -1 -1 3
-1 -1 -1 -1 -1 -1 -1 -1 0 0 0 -1 -1 -1 -1 -1 -1
3 -1 -1 -1 -1 -1 -1 -1 0 0 0 -1 -1 -1 -1 -1 3
3 -1 -1 -1 -1 -1 -1 -1 0 0 0 -1 -1 -1 -1 -1 3
3 0 0 -1 -1 -1 -1 -1 0 0 0 -1 -1 -1 -1 -1 3
3 3 0 0 0 -1 -1 0 0 0 0 -1 -1 -1 -1 3 3
3 3 0 0 0 0 0 0 0 0 -1 -1 -1 -1 -1 3 3
3 3 3 -1 0 0 0 0 0 -1 -1 -1 -1 -1 3 3 3
3 3 3 3 3 0 0 -1 -1 -1 -1 -1 3 3 3 3 3
3 3 3 3 3 3 3 3 -1 3 3 3 3 3 3 3 3
18:31:43.566810 - stdout :: 0 0
18:31:43.580880 - stdin  :: 14 34 1 0
14 10
14 34
3 3 3 3 3 3 3 3 0 3 3 3 3 3 3 3 3
3 3 3 3 3 0 0 0 0 -1 -1 -1 3 3 3 3 3
3 3 3 0 0 0 0 0 0 0 -1 -1 -1 -1 3 3 3
3 3 0 0 0 0 0 0 0 0 -1 -1 -1 -1 -1 3 3
3 3 0 0 -1 -1 0 0 0 0 0 -1 -1 -1 -1 3 3
3 0 -1 -1 -1 -1 -1 0 0 0 0 -1 -1 -1 -1 -1 3
3 -1 -1 -1 -1 -1 -1 -1 0 0 0 -1 -1 -1 -1 -1 3
3 -1 -1 -1 -1 -1 -1 -1 0 0 0 -1 -1 -1 -1 -1 3
-1 -1 -1 -1 -1 -1 -1 -1 0 0 0 -1 -1 -1 -1 -1 -1
3 -1 -1 -1 -1 -1 -1 -1 0 0 0 -1 -1 -1 -1 -1 3
3 0 0 -1 -1 -1 -1 -1 0 0 0 -1 -1 -1 -1 -1 3
3 0 0 0 0 -1 -1 0 0 0 0 -1 -1 -1 -1 -1 3
3 3 0 0 0 0 0 0 0 0 -1 -1 -1 -1 -1 3 3
3 3 -1 -1 0 0 0 0 0 -1 -1 -1 -1 -1 -1 3 3
3 3 3 -1 -1 0 0 -1 -1 -1 -1 -1 -1 -1 3 3 3
3 3 3 3 3 -1 -1 -1 -1 -1 -1 -1 3 3 3 3 3
3 3 3 3 3 3 3 3 -1 3 3 3 3 3 3 3 3
18:31:43.961218 - stdout :: 0 0
18:31:43.967282 - stdin  :: 15 34 1 0
14 9
15 34
3 3 3 3 3 3 3 3 0 3 3 3 3 3 3 3 3
3 3 3 3 3 0 0 0 0 0 -1 -1 3 3 3 3 3
3 3 3 0 0 0 0 0 0 0 -1 -1 -1 -1 3 3 3
3 3 0 0 -1 -1 0 0 0 0 0 -1 -1 -1 -1 3 3
3 3 -1 -1 -1 -1 -1 0 0 0 0 -1 -1 -1 -1 3 3
3 -1 -1 -1 -1 -1 -1 -1 0 0 0 -1 -1 -1 -1 -1 3
3 -1 -1 -1 -1 -1 -1 -1 0 0 0 -1 -1 -1 -1 -1 3
3 -1 -1 -1 -1 -1 -1 -1 0 0 0 -1 -1 -1 -1 -1 3
0 -1 -1 -1 -1 -1 -1 -1 0 0 0 -1 -1 -1 -1 -1 -1
3 0 0 -1 -1 -1 -1 -1 0 0 0 -1 -1 -1 -1 -1 3
3 0 0 0 0 -1 -1 0 0 0 0 -1 -1 -1 -1 -1 3
3 -1 0 0 0 0 0 0 0 0 -1 -1 -1 -1 -1 -1 3
3 3 -1 -1 0 0 0 0 0 -1 -1 -1 -1 -1 -1 3 3
3 3 -1 -1 -1 0 0 -1 -1 -1 -1 -1 -1 -1 -1 3 3
3 3 3 -1 -1 -1 -1 -1 -1 -1 -1 -1 -1 -1 3 3 3
3 3 3 3 3 -1 -1 -1 -1 -1 -1 -1 3 3 3 3 3
3 3 3 3 3 3 3 3 -1 3 3 3 3 3 3 3 3
18:31:44.375534 - stdout :: 0 0
18:31:44.379753 - stdin  :: 16 34 1 0
15 9
16 34
3 3 3 3 3 3 3 3 0 3 3 3 3 3 3 3 3
3 3 3 3 3 0 0 0 0 0 -1 -1 3 3 3 3 3
3 3 3 0 -1 -1 0 0 0 0 0 -1 -1 -1 3 3 3
3 3 -1 -1 -1 -1 -1 0 0 0 0 -1 -1 -1 -1 3 3
3 3 -1 -1 -1 -1 -1 -1 0 0 0 -1 -1 -1 -1 3 3
3 -1 -1 -1 -1 -1 -1 -1 0 0 0 -1 -1 -1 -1 -1 3
3 -1 -1 -1 -1 -1 -1 -1 0 0 0 -1 -1 -1 -1 -1 3
3 -1 -1 -1 -1 -1 -1 -1 0 0 0 -1 -1 -1 -1 -1 3
0 0 0 -1 -1 -1 -1 -1 0 0 0 -1 -1 -1 -1 -1 -1
3 0 0 0 0 -1 -1 0 0 0 0 -1 -1 -1 -1 -1 3
3 -1 0 0 0 0 0 0 0 0 -1 -1 -1 -1 -1 -1 3
3 -1 -1 -1 0 0 0 0 0 -1 -1 -1 -1 -1 -1 -1 3
3 3 -1 -1 -1 0 0 -1 -1 -1 -1 -1 -1 -1 -1 3 3
3 3 -1 -1 -1 -1 -1 -1 -1 -1 -1 -1 -1 -1 -1 3 3
3 3 3 -1 -1 -1 -1 -1 -1 -1 -1 -1 -1 -1 3 3 3
3 3 3 3 3 -1 -1 -1 -1 -1 -1 -1 3 3 3 3 3
3 3 3 3 3 3 3 3 -1 3 3 3 3 3 3 3 3
18:31:44.754236 - stdout :: 0 0
18:31:44.760167 - stdin  :: 17 34 1 0
16 9
17 34
3 3 3 3 3 3 3 3 0 3 3 3 3 3 3 3 3
3 3 3 3 3 -1 0 0 0 0 0 -1 3 3 3 3 3
3 3 3 -1 -1 -1 -1 0 0 0 0 -1 -1 -1 3 3 3
3 3 -1 -1 -1 -1 -1 -1 0 0 0 -1 -1 -1 -1 3 3
3 3 -1 -1 -1 -1 -1 -1 0 0 0 -1 -1 -1 -1 3 3
3 -1 -1 -1 -1 -1 -1 -1 0 0 0 -1 -1 -1 -1 -1 3
3 -1 -1 -1 -1 -1 -1 -1 0 0 0 -1 -1 -1 -1 -1 3
3 0 0 -1 -1 -1 -1 -1 0 0 0 -1 -1 -1 -1 -1 3
0 0 0 0 0 -1 -1 0 0 0 0 -1 -1 -1 -1 -1 -1
3 -1 0 0 0 0 0 0 0 0 -1 -1 -1 -1 -1 -1 3
3 -1 -1 -1 0 0 0 0 0 -1 -1 -1 -1 -1 -1 -1 3
3 -1 -1 -1 -1 0 0 -1 -1 -1 -1 -1 -1 -1 -1 -1 3
3 3 -1 -1 -1 -1 -1 -1 -1 -1 -1 -1 -1 -1 -1 3 3
3 3 -1 -1 -1 -1 -1 -1 -1 -1 -1 -1 -1 -1 -1 3 3
3 3 3 -1 -1 -1 -1 -1 -1 -1 -1 -1 -1 -1 3 3 3
3 3 3 3 3 -1 -1 -1 -1 -1 -1 -1 3 3 3 3 3
3 3 3 3 3 3 3 3 -1 3 3 3 3 3 3 3 3
18:31:45.148527 - stdout :: 0 0
18:31:45.154293 - stdin  :: 18 34 1 0
18 8
18 34
3 3 3 3 3 3 3 3 0 3 3 3 3 3 3 3 3
3 3 3 3 3 -1 -1 0 0 0 0 -1 3 3 3 3 3
3 3 3 -1 -1 -1 -1 -1 0 0 0 -1 -1 -1 3 3 3
3 3 -1 -1 -1 -1 -1 -1 0 0 0 -1 -1 -1 -1 3 3
3 3 -1 -1 -1 -1 -1 -1 0 0 0 -1 -1 -1 -1 3 3
3 -1 -1 -1 -1 -1 -1 -1 0 0 0 -1 -1 -1 -1 -1 3
3 0 0 -1 -1 -1 -1 -1 0 0 0 -1 -1 -1 -1 -1 3
3 0 0 0 0 -1 -1 0 0 0 0 -1 -1 -1 -1 -1 3
-1 -1 0 0 0 0 0 0 0 0 -1 -1 -1 -1 -1 -1 -1
3 -1 -1 -1 0 0 0 0 0 -1 -1 -1 -1 -1 -1 -1 3
3 -1 -1 -1 -1 0 0 -1 -1 -1 -1 -1 -1 -1 -1 -1 3
3 -1 -1 -1 -1 -1 -1 -1 -1 -1 -1 -1 -1 -1 -1 -1 3
3 3 -1 -1 -1 -1 -1 -1 -1 -1 -1 -1 -1 -1 -1 3 3
3 3 -1 -1 -1 -1 -1 -1 -1 -1 -1 -1 -1 -1 -1 3 3
3 3 3 -1 -1 -1 -1 -1 -1 -1 -1 -1 -1 -1 3 3 3
3 3 3 3 3 -1 -1 -1 -1 -1 -1 -1 3 3 3 3 3
3 3 3 3 3 3 3 3 -1 3 3 3 3 3 3 3 3
18:31:45.556965 - stdout :: 0 0
18:31:45.564933 - stdin  :: 19 34 1 0
20 7
19 34
3 3 3 3 3 3 3 3 0 3 3 3 3 3 3 3 3
3 3 3 3 3 -1 -1 -1 0 0 0 -1 3 3 3 3 3
3 3 3 -1 -1 -1 -1 -1 0 0 0 -1 -1 -1 3 3 3
3 3 -1 -1 -1 -1 -1 -1 0 0 0 -1 -1 -1 -1 3 3
3 3 -1 -1 -1 -1 -1 -1 0 0 0 -1 -1 -1 -1 3 3
3 0 0 -1 -1 -1 -1 -1 0 0 0 -1 -1 -1 -1 -1 3
3 0 0 0 0 -1 -1 0 0 0 0 -1 -1 -1 -1 -1 3
3 -1 0 0 0 0 0 0 0 0 -1 -1 -1 -1 -1 -1 3
-1 -1 -1 -1 0 0 0 0 0 -1 -1 -1 -1 -1 -1 -1 -1
3 -1 -1 -1 -1 0 0 -1 -1 -1 -1 -1 -1 -1 -1 -1 3
3 -1 -1 -1 -1 -1 -1 -1 -1 -1 -1 -1 -1 -1 -1 -1 3
3 -1 -1 -1 -1 -1 -1 -1 -1 -1 -1 -1 -1 -1 -1 -1 3
3 3 -1 -1 -1 -1 -1 -1 -1 -1 -1 -1 -1 -1 -1 3 3
3 3 -1 -1 -1 -1 -1 -1 -1 -1 -1 -1 -1 -1 -1 3 3
3 3 3 -1 -1 -1 -1 -1 -1 -1 -1 -1 -1 -1 3 3 3
3 3 3 3 3 -1 -1 -1 -1 -1 -1 -1 3 3 3 3 3
3 3 3 3 3 3 3 3 -1 3 3 3 3 3 3 3 3
18:31:45.965187 - stdout :: -1 -1
18:31:45.979105 - stdin  :: 19 33 0 -1
22 6
19 33
3 3 3 3 3 3 3 3 0 3 3 3 3 3 3 3 3
3 3 3 3 3 -1 -1 -1 -1 0 0 0 3 3 3 3 3
3 3 3 -1 -1 -1 -1 -1 -1 0 0 0 -1 -1 3 3 3
3 3 -1 -1 -1 -1 -1 -1 -1 0 0 0 -1 -1 -1 3 3
3 3 -1 -1 -1 -1 -1 -1 -1 0 0 0 -1 -1 -1 3 3
3 0 0 0 -1 -1 -1 -1 -1 0 0 0 -1 -1 -1 -1 3
3 0 0 0 0 0 -1 -1 0 0 0 0 -1 -1 -1 -1 3
3 -1 -1 0 0 0 0 0 0 0 0 -1 -1 -1 -1 -1 3
-1 -1 -1 -1 -1 0 0 0 0 0 -1 -1 -1 -1 -1 -1 -1
3 -1 -1 -1 -1 -1 0 0 -1 -1 -1 -1 -1 -1 -1 -1 3
3 -1 -1 -1 -1 -1 -1 -1 -1 -1 -1 -1 -1 -1 -1 -1 3
3 -1 -1 -1 -1 -1 -1 -1 -1 -1 -1 -1 -1 -1 -1 -1 3
3 3 -1 -1 -1 -1 -1 -1 -1 -1 -1 -1 -1 -1 -1 3 3
3 3 -1 -1 -1 -1 -1 -1 -1 -1 -1 -1 -1 -1 -1 3 3
3 3 3 -1 -1 -1 -1 -1 -1 -1 -1 -1 -1 -1 3 3 3
3 3 3 3 3 -1 -1 -1 -1 -1 -1 -1 3 3 3 3 3
3 3 3 3 3 3 3 3 -1 3 3 3 3 3 3 3 3
18:31:46.397118 - stdout :: 0 0
18:31:46.408121 - stdin  :: 19 32 0 -1
24 5
19 32
3 3 3 3 3 3 3 3 -1 3 3 3 3 3 3 3 3
3 3 3 3 3 -1 -1 -1 -1 -1 0 0 3 3 3 3 3
3 3 3 -1 -1 -1 -1 -1 -1 -1 0 0 0 -1 3 3 3
3 3 -1 -1 -1 -1 -1 -1 -1 -1 0 0 0 -1 -1 3 3
3 3 0 -1 -1 -1 -1 -1 -1 -1 0 0 0 -1 -1 3 3
3 0 0 0 0 -1 -1 -1 -1 -1 0 0 0 -1 -1 -1 3
3 -1 0 0 0 0 0 -1 -1 0 0 0 0 -1 -1 -1 3
3 -1 -1 -1 0 0 0 0 0 0 0 0 -1 -1 -1 -1 3
-1 -1 -1 -1 -1 -1 0 0 0 0 0 -1 -1 -1 -1 -1 -1
3 -1 -1 -1 -1 -1 -1 0 0 -1 -1 -1 -1 -1 -1 -1 3
3 -1 -1 -1 -1 -1 -1 -1 -1 -1 -1 -1 -1 -1 -1 -1 3
3 -1 -1 -1 -1 -1 -1 -1 -1 -1 -1 -1 -1 -1 -1 -1 3
3 3 -1 -1 -1 -1 -1 -1 -1 -1 -1 -1 -1 -1 -1 3 3
3 3 100 -1 -1 -1 -1 -1 -1 -1 -1 -1 -1 -1 -1 3 3
3 3 3 100 -1 -1 -1 -1 -1 -1 -1 -1 -1 -1 3 3 3
3 3 3 3 3 -1 -1 -1 -1 -1 -1 -1 3 3 3 3 3
3 3 3 3 3 3 3 3 -1 3 3 3 3 3 3 3 3
18:31:59.190229 - stdout :: 0 0
18:31:59.203739 - stdin  :: 19 31 0 -1
26 4
19 31
3 3 3 3 3 3 3 3 -1 3 3 3 3 3 3 3 3
3 3 3 3 3 -1 -1 -1 -1 -1 -1 0 3 3 3 3 3
3 3 3 -1 -1 -1 -1 -1 -1 -1 -1 0 0 0 3 3 3
3 3 0 -1 -1 -1 -1 -1 -1 -1 -1 0 0 0 -1 3 3
3 3 0 0 -1 -1 -1 -1 -1 -1 -1 0 0 0 -1 3 3
3 0 0 0 0 0 -1 -1 -1 -1 -1 0 0 0 -1 -1 3
3 -1 -1 0 0 0 0 0 -1 -1 0 0 0 0 -1 -1 3
3 -1 -1 -1 -1 0 0 0 0 0 0 0 0 -1 -1 -1 3
-1 -1 -1 -1 -1 -1 -1 0 0 0 0 0 -1 -1 -1 -1 -1
3 -1 -1 -1 -1 -1 -1 -1 0 0 -1 -1 -1 -1 -1 -1 3
3 -1 -1 -1 -1 -1 -1 -1 -1 -1 -1 -1 -1 -1 -1 -1 3
3 100 -1 -1 -1 -1 -1 -1 -1 -1 -1 -1 -1 -1 -1 -1 3
3 3 100 -1 -1 -1 -1 -1 -1 -1 -1 -1 -1 -1 -1 3 3
3 3 100 100 -1 -1 -1 -1 -1 -1 -1 -1 -1 -1 -1 3 3
3 3 3 100 100 -1 -1 -1 -1 -1 -1 -1 -1 -1 3 3 3
3 3 3 3 3 -1 -1 -1 -1 -1 -1 -1 3 3 3 3 3
3 3 3 3 3 3 3 3 -1 3 3 3 3 3 3 3 3
18:31:46.822738 - stdout :: -1 1
18:31:46.827267 - stdin  :: 18 31 -1 0
27 4
18 31
3 3 3 3 3 3 3 3 -1 3 3 3 3 3 3 3 3
3 3 3 3 3 -1 -1 -1 -1 -1 0 0 3 3 3 3 3
3 3 3 -1 -1 -1 -1 -1 -1 -1 -1 0 0 0 3 3 3
3 3 -1 -1 -1 -1 -1 -1 -1 -1 -1 0 0 0 -1 3 3
3 3 0 -1 -1 -1 -1 -1 -1 -1 -1 0 0 0 -1 3 3
3 0 0 0 -1 -1 -1 -1 -1 -1 -1 0 0 0 -1 -1 3
3 0 0 0 0 0 -1 -1 -1 -1 -1 0 0 0 -1 -1 3
3 -1 -1 0 0 0 0 0 -1 -1 0 0 0 0 -1 -1 3
-1 -1 -1 -1 -1 0 0 0 0 0 0 0 0 -1 -1 -1 -1
3 -1 -1 -1 -1 -1 -1 0 0 0 0 0 -1 -1 -1 -1 3
3 -1 -1 -1 -1 -1 -1 -1 0 0 -1 -1 -1 -1 -1 -1 3
3 -1 -1 -1 -1 -1 -1 -1 -1 -1 -1 -1 -1 -1 -1 -1 3
3 3 -1 -1 -1 -1 -1 -1 -1 -1 -1 -1 -1 -1 -1 3 3
3 3 100 -1 -1 -1 -1 -1 -1 -1 -1 -1 -1 -1 -1 3 3
3 3 3 100 -1 -1 -1 -1 -1 -1 -1 -1 -1 -1 3 3 3
3 3 3 3 3 -1 -1 -1 -1 -1 -1 -1 3 3 3 3 3
3 3 3 3 3 3 3 3 -1 3 3 3 3 3 3 3 3
18:31:47.220311 - stdout :: 1 -1
18:31:47.227846 - stdin  :: 18 30 0 -1
27 3
18 30
3 3 3 3 3 3 3 3 -1 3 3 3 3 3 3 3 3
3 3 3 3 3 0 -1 -1 -1 -1 -1 0 3 3 3 3 3
3 3 3 -1 -1 -1 -1 -1 -1 -1 -1 -1 0 0 3 3 3
3 3 0 -1 -1 -1 -1 -1 -1 -1 -1 -1 0 0 0 3 3
3 3 0 0 -1 -1 -1 -1 -1 -1 -1 -1 0 0 0 3 3
3 0 0 0 0 -1 -1 -1 -1 -1 -1 -1 0 0 0 -1 3
3 -1 0 0 0 0 0 -1 -1 -1 -1 -1 0 0 0 -1 3
3 -1 -1 -1 0 0 0 0 0 -1 -1 0 0 0 0 -1 3
-1 -1 -1 -1 -1 -1 0 0 0 0 0 0 0 0 -1 -1 -1
3 -1 -1 -1 -1 -1 -1 -1 0 0 0 0 0 -1 -1 -1 3
3 -1 -1 -1 -1 -1 -1 -1 -1 0 0 -1 -1 -1 -1 -1 3
3 100 -1 -1 -1 -1 -1 -1 -1 -1 -1 -1 -1 -1 -1 -1 3
3 3 100 -1 -1 -1 -1 -1 -1 -1 -1 -1 -1 -1 -1 3 3
3 3 100 100 -1 -1 -1 -1 -1 -1 -1 -1 -1 -1 -1 3 3
3 3 3 100 100 -1 -1 -1 -1 -1 -1 -1 -1 -1 3 3 3
3 3 3 3 3 100 -1 -1 -1 -1 -1 -1 3 3 3 3 3
3 3 3 3 3 3 3 3 -1 3 3 3 3 3 3 3 3
18:31:47.627155 - stdout :: 0 0
18:31:47.637973 - stdin  :: 18 29 0 -1
26 3
18 29
3 3 3 3 3 3 3 3 0 3 3 3 3 3 3 3 3
3 3 3 3 3 -1 0 -1 -1 -1 -1 -1 3 3 3 3 3
3 3 3 -1 -1 -1 -1 -1 -1 -1 -1 -1 -1 0 3 3 3
3 3 0 0 -1 -1 -1 -1 -1 -1 -1 -1 -1 0 0 3 3
3 3 0 0 0 -1 -1 -1 -1 -1 -1 -1 -1 0 0 3 3
3 -1 0 0 0 0 -1 -1 -1 -1 -1 -1 -1 0 0 0 3
3 -1 -1 0 0 0 0 0 -1 -1 -1 -1 -1 0 0 0 3
3 -1 -1 -1 -1 0 0 0 0 0 -1 -1 0 0 0 0 3
-1 -1 -1 -1 -1 -1 -1 0 0 0 0 0 0 0 0 -1 -1
3 -1 -1 -1 -1 -1 -1 -1 -1 0 0 0 0 0 -1 -1 3
3 0 -1 -1 -1 -1 -1 -1 -1 -1 0 0 -1 -1 -1 -1 3
3 0 100 -1 -1 -1 -1 -1 -1 -1 -1 -1 -1 -1 -1 -1 3
3 3 100 100 -1 -1 -1 -1 -1 -1 -1 -1 -1 -1 -1 3 3
3 3 100 100 100 -1 -1 -1 -1 -1 -1 -1 -1 -1 -1 3 3
3 3 3 100 100 100 -1 -1 -1 -1 -1 -1 -1 -1 3 3 3
3 3 3 3 3 100 100 -1 -1 -1 -1 -1 3 3 3 3 3
3 3 3 3 3 3 3 3 -1 3 3 3 3 3 3 3 3
18:31:48.054889 - stdout :: 0 0
18:31:48.067807 - stdin  :: 18 28 0 -1
25 3
18 28
3 3 3 3 3 3 3 3 0 3 3 3 3 3 3 3 3
3 3 3 3 3 -1 -1 0 -1 -1 -1 -1 3 3 3 3 3
3 3 3 -1 -1 -1 -1 -1 -1 -1 -1 -1 -1 -1 3 3 3
3 3 0 0 0 -1 -1 -1 -1 -1 -1 -1 -1 -1 0 3 3
3 3 0 0 0 0 -1 -1 -1 -1 -1 -1 -1 -1 0 3 3
3 -1 -1 0 0 0 0 -1 -1 -1 -1 -1 -1 -1 0 0 3
3 -1 -1 -1 0 0 0 0 0 -1 -1 -1 -1 -1 0 0 3
3 -1 -1 -1 -1 -1 0 0 0 0 0 -1 -1 0 0 0 3
0 -1 -1 -1 -1 -1 -1 -1 0 0 0 0 0 0 0 0 -1
3 0 -1 -1 -1 -1 -1 -1 -1 -1 0 0 0 0 0 -1 3
3 0 0 -1 -1 -1 -1 -1 -1 -1 -1 0 0 -1 -1 -1 3
3 0 0 100 -1 -1 -1 -1 -1 -1 -1 -1 -1 -1 -1 -1 3
3 3 100 100 100 -1 -1 -1 -1 -1 -1 -1 -1 -1 -1 3 3
3 3 100 100 100 100 -1 -1 -1 -1 -1 -1 -1 -1 -1 3 3
3 3 3 100 100 100 100 -1 -1 -1 -1 -1 -1 -1 3 3 3
3 3 3 3 3 100 100 100 -1 -1 -1 -1 3 3 3 3 3
3 3 3 3 3 3 3 3 -1 3 3 3 3 3 3 3 3
18:31:48.463378 - stdout :: -1 1
18:31:48.479883 - stdin  :: 17 28 -1 0
24 3
17 28
3 3 3 3 3 3 3 3 0 3 3 3 3 3 3 3 3
3 3 3 3 3 0 0 0 0 0 -1 -1 3 3 3 3 3
3 3 3 -1 -1 -1 -1 0 -1 -1 -1 -1 -1 0 3 3 3
3 3 0 -1 -1 -1 -1 -1 -1 -1 -1 -1 -1 -1 0 3 3
3 3 0 0 0 -1 -1 -1 -1 -1 -1 -1 -1 -1 0 3 3
3 0 0 0 0 0 -1 -1 -1 -1 -1 -1 -1 -1 0 0 3
3 -1 -1 0 0 0 0 -1 -1 -1 -1 -1 -1 -1 0 0 3
3 -1 -1 -1 0 0 0 0 0 -1 -1 -1 -1 -1 0 0 3
-1 -1 -1 -1 -1 -1 0 0 0 0 0 -1 -1 0 0 0 0
3 -1 -1 -1 -1 -1 -1 -1 0 0 0 0 0 0 0 0 3
3 0 -1 -1 -1 -1 -1 -1 -1 -1 0 0 0 0 0 -1 3
3 0 0 -1 -1 -1 -1 -1 -1 -1 -1 0 0 -1 -1 -1 3
3 3 0 100 -1 -1 -1 -1 -1 -1 -1 -1 -1 -1 -1 3 3
3 3 100 100 100 -1 -1 -1 -1 -1 -1 -1 -1 -1 -1 3 3
3 3 3 100 100 100 -1 -1 -1 -1 -1 -1 -1 -1 3 3 3
3 3 3 3 3 100 100 -1 -1 -1 -1 -1 3 3 3 3 3
3 3 3 3 3 3 3 3 -1 3 3 3 3 3 3 3 3
18:31:48.881542 - stdout :: 0 0
18:31:48.891155 - stdin  :: 16 28 -1 0
23 3
16 28
3 3 3 3 3 3 3 3 0 3 3 3 3 3 3 3 3
3 3 3 3 3 0 0 0 0 0 0 0 3 3 3 3 3
3 3 3 -1 -1 0 0 0 0 0 -1 -1 0 0 3 3 3
3 3 -1 -1 -1 -1 -1 0 -1 -1 -1 -1 -1 0 0 3 3
3 3 0 -1 -1 -1 -1 -1 -1 -1 -1 -1 -1 -1 0 3 3
3 0 0 0 0 -1 -1 -1 -1 -1 -1 -1 -1 -1 0 0 3
3 0 0 0 0 0 -1 -1 -1 -1 -1 -1 -1 -1 0 0 3
3 -1 -1 0 0 0 0 -1 -1 -1 -1 -1 -1 -1 0 0 3
-1 -1 -1 -1 0 0 0 0 0 -1 -1 -1 -1 -1 0 0 0
3 -1 -1 -1 -1 -1 0 0 0 0 0 -1 -1 0 0 0 3
3 -1 -1 -1 -1 -1 -1 -1 0 0 0 0 0 0 0 0 3
3 0 -1 -1 -1 -1 -1 -1 -1 -1 0 0 0 0 0 -1 3
3 3 0 -1 -1 -1 -1 -1 -1 -1 -1 0 0 -1 -1 3 3
3 3 0 100 -1 -1 -1 -1 -1 -1 -1 -1 -1 -1 -1 3 3
3 3 3 100 100 -1 -1 -1 -1 -1 -1 -1 -1 -1 3 3 3
3 3 3 3 3 100 -1 -1 -1 -1 -1 -1 3 3 3 3 3
3 3 3 3 3 3 3 3 -1 3 3 3 3 3 3 3 3
18:31:49.305764 - stdout :: 1 -1
18:31:49.310175 - stdin  :: 16 27 0 -1
22 3
16 27
3 3 3 3 3 3 3 3 0 3 3 3 3 3 3 3 3
3 3 3 3 3 0 0 0 0 0 0 0 3 3 3 3 3
3 3 3 -1 -1 -1 0 0 0 0 0 -1 -1 0 3 3 3
3 3 0 -1 -1 -1 -1 -1 0 -1 -1 -1 -1 -1 0 3 3
3 3 0 0 -1 -1 -1 -1 -1 -1 -1 -1 -1 -1 -1 3 3
3 0 0 0 0 0 -1 -1 -1 -1 -1 -1 -1 -1 -1 0 3
3 -1 0 0 0 0 0 -1 -1 -1 -1 -1 -1 -1 -1 0 3
3 -1 -1 -1 0 0 0 0 -1 -1 -1 -1 -1 -1 -1 0 3
-1 -1 -1 -1 -1 0 0 0 0 0 -1 -1 -1 -1 -1 0 0
3 -1 -1 -1 -1 -1 -1 0 0 0 0 0 -1 -1 0 0 3
3 0 -1 -1 -1 -1 -1 -1 -1 0 0 0 0 0 0 0 3
3 0 0 -1 -1 -1 -1 -1 -1 -1 -1 0 0 0 0 0 3
3 3 0 0 -1 -1 -1 -1 -1 -1 -1 -1 0 0 -1 3 3
3 3 0 0 100 -1 -1 -1 -1 -1 -1 -1 -1 -1 -1 3 3
3 3 3 100 100 100 -1 -1 -1 -1 -1 -1 -1 -1 3 3 3
3 3 3 3 3 100 100 -1 -1 -1 -1 -1 3 3 3 3 3
3 3 3 3 3 3 3 3 -1 3 3 3 3 3 3 3 3
18:31:49.695003 - stdout :: 0 0
18:31:49.698329 - stdin  :: 16 26 0 -1
20 4
16 26
3 3 3 3 3 3 3 3 0 3 3 3 3 3 3 3 3
3 3 3 3 3 -1 0 0 0 0 0 0 3 3 3 3 3
3 3 3 -1 -1 -1 -1 0 0 0 0 0 -1 -1 3 3 3
3 3 0 0 -1 -1 -1 -1 -1 0 -1 -1 -1 -1 -1 3 3
3 3 0 0 0 -1 -1 -1 -1 -1 -1 -1 -1 -1 -1 3 3
3 0 0 0 0 0 0 -1 -1 -1 -1 -1 -1 -1 -1 -1 3
3 -1 -1 0 0 0 0 0 -1 -1 -1 -1 -1 -1 -1 -1 3
3 -1 -1 -1 -1 0 0 0 0 -1 -1 -1 -1 -1 -1 -1 3
-1 -1 -1 -1 -1 -1 0 0 0 0 0 -1 -1 -1 -1 -1 0
3 -1 -1 -1 -1 -1 -1 -1 0 0 0 0 0 -1 -1 0 3
3 0 0 -1 -1 -1 -1 -1 -1 -1 0 0 0 0 0 0 3
3 0 0 0 -1 -1 -1 -1 -1 -1 -1 -1 0 0 0 0 3
3 3 0 0 0 -1 -1 -1 -1 -1 -1 -1 -1 0 0 3 3
3 3 0 0 0 100 -1 -1 -1 -1 -1 -1 -1 -1 -1 3 3
3 3 3 0 100 100 100 -1 -1 -1 -1 -1 -1 -1 3 3 3
3 3 3 3 3 100 100 100 -1 -1 -1 -1 3 3 3 3 3
3 3 3 3 3 3 3 3 100 3 3 3 3 3 3 3 3
18:31:50.105798 - stdout :: 0 0
18:31:50.118456 - stdin  :: 16 25 0 -1
18 5
16 25
3 3 3 3 3 3 3 3 0 3 3 3 3 3 3 3 3
3 3 3 3 3 -1 -1 0 0 0 0 0 3 3 3 3 3
3 3 3 -1 -1 -1 -1 -1 0 0 0 0 0 -1 3 3 3
3 3 0 0 0 -1 -1 -1 -1 -1 0 -1 -1 -1 -1 3 3
3 3 0 0 0 0 -1 -1 -1 -1 -1 -1 -1 -1 -1 3 3
3 0 0 0 0 0 0 0 -1 -1 -1 -1 -1 -1 -1 -1 3
3 -1 -1 -1 0 0 0 0 0 -1 -1 -1 -1 -1 -1 -1 3
3 -1 -1 -1 -1 -1 0 0 0 0 -1 -1 -1 -1 -1 -1 3
-1 -1 -1 -1 -1 -1 -1 0 0 0 0 0 -1 -1 -1 -1 -1
3 -1 -1 -1 -1 -1 -1 -1 -1 0 0 0 0 0 -1 -1 3
3 0 0 0 -1 -1 -1 -1 -1 -1 -1 0 0 0 0 0 3
3 0 0 0 0 -1 -1 -1 -1 -1 -1 -1 -1 0 0 0 3
3 3 0 0 0 0 -1 -1 -1 -1 -1 -1 -1 -1 0 3 3
3 3 0 0 0 0 100 -1 -1 -1 -1 -1 -1 -1 -1 3 3
3 3 3 -1 0 100 100 100 -1 -1 -1 -1 -1 -1 3 3 3
3 3 3 3 3 100 100 100 100 -1 -1 -1 3 3 3 3 3
3 3 3 3 3 3 3 3 100 3 3 3 3 3 3 3 3
18:31:50.542081 - stdout :: 0 0
18:31:50.546460 - stdin  :: 16 24 0 -1
17 7
16 24
3 3 3 3 3 3 3 3 0 3 3 3 3 3 3 3 3
3 3 3 3 3 -1 -1 -1 0 0 0 0 3 3 3 3 3
3 3 3 -1 -1 -1 -1 -1 -1 0 0 0 0 0 3 3 3
3 3 0 0 0 0 -1 -1 -1 -1 -1 0 -1 -1 -1 3 3
3 3 0 0 0 0 0 -1 -1 -1 -1 -1 -1 -1 -1 3 3
3 0 0 0 0 0 0 0 0 -1 -1 -1 -1 -1 -1 -1 3
3 -1 -1 -1 -1 0 0 0 0 0 -1 -1 -1 -1 -1 -1 3
3 -1 -1 -1 -1 -1 -1 0 0 0 0 -1 -1 -1 -1 -1 3
-1 -1 -1 -1 -1 -1 -1 -1 0 0 0 0 0 -1 -1 -1 -1
3 -1 -1 -1 -1 -1 -1 -1 -1 -1 0 0 0 0 0 -1 3
3 0 0 0 0 -1 -1 -1 -1 -1 -1 -1 0 0 0 0 3
3 0 0 0 0 0 -1 -1 -1 -1 -1 -1 -1 -1 0 0 3
3 3 0 0 0 0 0 -1 -1 -1 -1 -1 -1 -1 -1 3 3
3 3 -1 0 0 0 0 100 -1 -1 -1 -1 -1 -1 -1 3 3
3 3 3 -1 -1 0 100 100 100 -1 -1 -1 -1 -1 3 3 3
3 3 3 3 3 -1 100 100 100 100 -1 -1 3 3 3 3 3
3 3 3 3 3 3 3 3 100 3 3 3 3 3 3 3 3
18:31:50.949857 - stdout :: -1 0
18:31:50.956225 - stdin  :: 15 23 -1 -1
16 9
15 23
3 3 3 3 3 3 3 3 0 3 3 3 3 3 3 3 3
3 3 3 3 3 -1 0 0 0 0 0 0 3 3 3 3 3
3 3 3 -1 -1 -1 -1 -1 -1 0 0 0 0 0 3 3 3
3 3 -1 -1 -1 -1 -1 -1 -1 -1 0 0 0 0 0 3 3
3 3 0 0 0 0 0 -1 -1 -1 -1 -1 0 -1 -1 3 3
3 0 0 0 0 0 0 0 -1 -1 -1 -1 -1 -1 -1 -1 3
3 0 0 0 0 0 0 0 0 0 -1 -1 -1 -1 -1 -1 3
3 -1 -1 -1 -1 -1 0 0 0 0 0 -1 -1 -1 -1 -1 3
-1 -1 -1 -1 -1 -1 -1 -1 0 0 0 0 -1 -1 -1 -1 -1
3 -1 -1 -1 -1 -1 -1 -1 -1 0 0 0 0 0 -1 -1 3
3 0 -1 -1 -1 -1 -1 -1 -1 -1 -1 0 0 0 0 0 3
3 0 0 0 0 0 -1 -1 -1 -1 -1 -1 -1 0 0 0 3
3 3 0 0 0 0 0 -1 -1 -1 -1 -1 -1 -1 -1 3 3
3 3 0 0 0 0 0 0 -1 -1 -1 -1 -1 -1 -1 3 3
3 3 3 -1 0 0 0 0 100 -1 -1 -1 -1 -1 3 3 3
3 3 3 3 3 -1 0 100 100 100 -1 -1 3 3 3 3 3
3 3 3 3 3 3 3 3 100 3 3 3 3 3 3 3 3
18:31:51.357482 - stdout :: 0 0
18:31:51.362606 - stdin  :: 14 22 -1 -1
15 11
14 22
3 3 3 3 3 3 3 3 0 3 3 3 3 3 3 3 3
3 3 3 3 3 0 0 0 0 0 0 0 3 3 3 3 3
3 3 3 -1 -1 -1 -1 0 0 0 0 0 0 0 3 3 3
3 3 -1 -1 -1 -1 -1 -1 -1 -1 0 0 0 0 0 3 3
3 3 -1 -1 -1 -1 -1 -1 -1 -1 -1 0 0 0 0 3 3
3 0 0 0 0 0 0 0 -1 -1 -1 -1 -1 0 -1 -1 3
3 0 0 0 0 0 0 0 0 -1 -1 -1 -1 -1 -1 -1 3
3 0 0 0 0 0 0 0 0 0 0 -1 -1 -1 -1 -1 3
0 0 -1 -1 -1 -1 -1 0 0 0 0 0 -1 -1 -1 -1 -1
3 -1 -1 -1 -1 -1 -1 -1 -1 0 0 0 0 -1 -1 -1 3
3 -1 -1 -1 -1 -1 -1 -1 -1 -1 0 0 0 0 0 -1 3
3 0 0 -1 -1 -1 -1 -1 -1 -1 -1 -1 0 0 0 0 3
3 3 0 0 0 0 0 -1 -1 -1 -1 -1 -1 -1 0 3 3
3 3 0 0 0 0 0 0 -1 -1 -1 -1 -1 -1 -1 3 3
3 3 3 0 0 0 0 0 0 -1 -1 -1 -1 -1 3 3 3
3 3 3 3 3 0 0 0 0 100 -1 -1 3 3 3 3 3
3 3 3 3 3 3 3 3 100 3 3 3 3 3 3 3 3
18:32:04.215032 - stdout :: 0 0
18:32:04.230448 - stdin  :: 13 21 -1 -1
14 13
13 21
3 3 3 3 3 3 3 3 -1 3 3 3 3 3 3 3 3
3 3 3 3 3 0 0 0 0 0 0 -1 3 3 3 3 3
3 3 3 0 0 0 0 0 0 0 0 0 0 -1 3 3 3
3 3 -1 -1 -1 -1 -1 -1 0 0 0 0 0 0 0 3 3
3 3 -1 -1 -1 -1 -1 -1 -1 -1 -1 0 0 0 0 3 3
3 -1 -1 -1 -1 -1 -1 -1 -1 -1 -1 -1 0 0 0 0 3
3 -1 0 0 0 0 0 0 0 -1 -1 -1 -1 -1 0 -1 3
3 0 0 0 0 0 0 0 0 0 -1 -1 -1 -1 -1 -1 3
0 0 0 0 0 0 0 0 0 0 0 0 -1 -1 -1 -1 -1
3 0 0 -1 -1 -1 -1 -1 0 0 0 0 0 -1 -1 -1 3
3 -1 -1 -1 -1 -1 -1 -1 -1 -1 0 0 0 0 -1 -1 3
3 -1 -1 -1 -1 -1 -1 -1 -1 -1 -1 0 0 0 0 0 3
3 3 0 0 -1 -1 -1 -1 -1 -1 -1 -1 -1 0 0 3 3
3 3 0 0 0 0 0 0 -1 -1 -1 -1 -1 -1 -1 3 3
3 3 3 0 0 0 0 0 0 -1 -1 -1 -1 -1 3 3 3
3 3 3 3 3 0 0 0 0 0 -1 -1 3 3 3 3 3
3 3 3 3 3 3 3 3 0 3 3 3 3 3 3 3 3
18:31:51.805991 - stdout :: 0 0
18:31:51.814991 - stdin  :: 12 20 -1 -1
13 15
12 20
3 3 3 3 3 3 3 3 -1 3 3 3 3 3 3 3 3
3 3 3 3 3 0 0 0 0 -1 -1 -1 3 3 3 3 3
3 3 3 0 0 0 0 0 0 0 0 0 -1 -1 3 3 3
3 3 0 0 0 0 0 0 0 0 0 0 0 0 -1 3 3
3 3 -1 -1 -1 -1 -1 -1 -1 0 0 0 0 0 0 3 3
3 -1 -1 -1 -1 -1 -1 -1 -1 -1 -1 -1 0 0 0 0 3
3 -1 -1 -1 -1 -1 -1 -1 -1 -1 -1 -1 -1 0 0 0 3
3 -1 -1 0 0 0 0 0 0 0 -1 -1 -1 -1 -1 0 3
-1 0 0 0 0 0 0 0 0 0 0 -1 -1 -1 -1 -1 -1
3 0 0 0 0 0 0 0 0 0 0 0 0 -1 -1 -1 3
3 0 0 0 -1 -1 -1 -1 -1 0 0 0 0 0 -1 -1 3
3 -1 -1 -1 -1 -1 -1 -1 -1 -1 -1 0 0 0 0 -1 3
3 3 -1 -1 -1 -1 -1 -1 -1 -1 -1 -1 0 0 0 3 3
3 3 0 0 0 -1 -1 -1 -1 -1 -1 -1 -1 -1 0 3 3
3 3 3 0 0 0 0 0 0 -1 -1 -1 -1 -1 3 3 3
3 3 3 3 3 0 0 0 0 0 -1 -1 3 3 3 3 3
3 3 3 3 3 3 3 3 0 3 3 3 3 3 3 3 3
18:31:52.195922 - stdout :: 0 0
18:31:52.208207 - stdin  :: 11 19 -1 -1
12 17
11 19
3 3 3 3 3 3 3 3 -1 3 3 3 3 3 3 3 3
3 3 3 3 3 -1 -1 -1 -1 -1 -1 -1 3 3 3 3 3
3 3 3 0 0 0 0 0 0 0 -1 -1 -1 -1 3 3 3
3 3 0 0 0 0 0 0 0 0 0 0 0 -1 -1 3 3
3 3 0 0 0 0 0 0 0 0 0 0 0 0 0 3 3
3 -1 -1 -1 -1 -1 -1 -1 -1 -1 0 0 0 0 0 0 3
3 -1 -1 -1 -1 -1 -1 -1 -1 -1 -1 -1 -1 0 0 0 3
3 -1 -1 -1 -1 -1 -1 -1 -1 -1 -1 -1 -1 -1 0 0 3
-1 -1 -1 -1 0 0 0 0 0 0 0 -1 -1 -1 -1 -1 0
3 -1 0 0 0 0 0 0 0 0 0 0 -1 -1 -1 -1 3
3 0 0 0 0 0 0 0 0 0 0 0 0 0 -1 -1 3
3 0 0 0 0 -1 -1 -1 -1 -1 0 0 0 0 0 -1 3
3 3 -1 -1 -1 -1 -1 -1 -1 -1 -1 -1 0 0 0 3 3
3 3 -1 -1 -1 -1 -1 -1 -1 -1 -1 -1 -1 0 0 3 3
3 3 3 0 0 0 -1 -1 -1 -1 -1 -1 -1 -1 3 3 3
3 3 3 3 3 0 0 0 0 0 -1 -1 3 3 3 3 3
3 3 3 3 3 3 3 3 0 3 3 3 3 3 3 3 3
18:31:52.612602 - stdout :: 1 0
18:31:52.617983 - stdin  :: 11 18 0 -1
11 19
11 18
3 3 3 3 3 3 3 3 -1 3 3 3 3 3 3 3 3
3 3 3 3 3 -1 -1 -1 -1 -1 -1 -1 3 3 3 3 3
3 3 3 0 0 0 0 0 0 0 0 -1 -1 -1 3 3 3
3 3 0 0 0 0 0 0 0 0 0 0 0 0 -1 3 3
3 3 0 0 0 0 0 0 0 0 0 0 0 0 0 3 3
3 -1 -1 -1 -1 -1 -1 -1 -1 -1 -1 0 0 0 0 0 3
3 -1 -1 -1 -1 -1 -1 -1 -1 -1 -1 -1 -1 -1 0 0 3
3 -1 -1 -1 -1 -1 -1 -1 -1 -1 -1 -1 -1 -1 -1 0 3
-1 -1 -1 -1 -1 0 0 0 0 0 0 0 -1 -1 -1 -1 -1
3 -1 -1 0 0 0 0 0 0 0 0 0 0 -1 -1 -1 3
3 0 0 0 0 0 0 0 0 0 0 0 0 0 0 -1 3
3 0 0 0 0 0 -1 -1 -1 -1 -1 0 0 0 0 0 3
3 3 0 -1 -1 -1 -1 -1 -1 -1 -1 -1 -1 0 0 3 3
3 3 -1 -1 -1 -1 -1 -1 -1 -1 -1 -1 -1 -1 0 3 3
3 3 3 -1 0 0 0 -1 -1 -1 -1 -1 -1 -1 3 3 3
3 3 3 3 3 0 0 0 0 0 0 -1 3 3 3 3 3
3 3 3 3 3 3 3 3 0 3 3 3 3 3 3 3 3
18:31:52.993960 - stdout :: 0 0
18:31:53.001263 - stdin  :: 11 17 0 -1
11 21
11 17
3 3 3 3 3 3 3 3 -1 3 3 3 3 3 3 3 3
3 3 3 3 3 -1 -1 -1 -1 -1 -1 -1 3 3 3 3 3
3 3 3 0 0 0 0 0 0 0 0 0 -1 -1 3 3 3
3 3 0 0 0 0 0 0 0 0 0 0 0 0 0 3 3
3 3 -1 0 0 0 0 0 0 0 0 0 0 0 0 3 3
3 -1 -1 -1 -1 -1 -1 -1 -1 -1 -1 -1 0 0 0 0 3
3 -1 -1 -1 -1 -1 -1 -1 -1 -1 -1 -1 -1 -1 -1 0 3
3 -1 -1 -1 -1 -1 -1 -1 -1 -1 -1 -1 -1 -1 -1 -1 3
-1 -1 -1 -1 -1 -1 0 0 0 0 0 0 0 -1 -1 -1 -1
3 -1 -1 -1 0 0 0 0 0 0 0 0 0 0 -1 -1 3
3 -1 0 0 0 0 0 0 0 0 0 0 0 0 0 0 3
3 0 0 0 0 0 0 -1 -1 -1 -1 -1 0 0 0 0 3
3 3 0 0 -1 -1 -1 -1 -1 -1 -1 -1 -1 -1 0 3 3
3 3 -1 -1 -1 -1 -1 -1 -1 -1 -1 -1 -1 -1 -1 3 3
3 3 3 -1 -1 0 0 0 -1 -1 -1 -1 -1 -1 3 3 3
3 3 3 3 3 0 0 0 0 0 0 0 3 3 3 3 3
3 3 3 3 3 3 3 3 0 3 3 3 3 3 3 3 3
18:31:53.396259 - stdout :: 0 0
18:31:53.399791 - stdin  :: 11 16 0 -1
12 22
11 16
3 3 3 3 3 3 3 3 -1 3 3 3 3 3 3 3 3
3 3 3 3 3 -1 -1 -1 -1 -1 -1 -1 3 3 3 3 3
3 3 3 0 0 0 0 0 0 0 0 0 0 -1 3 3 3
3 3 -1 0 0 0 0 0 0 0 0 0 0 0 0 3 3
3 3 -1 -1 0 0 0 0 0 0 0 0 0 0 0 3 3
3 -1 -1 -1 -1 -1 -1 -1 -1 -1 -1 -1 -1 0 0 0 3
3 -1 -1 -1 -1 -1 -1 -1 -1 -1 -1 -1 -1 -1 -1 -1 3
3 -1 -1 -1 -1 -1 -1 -1 -1 -1 -1 -1 -1 -1 -1 -1 3
-1 -1 -1 -1 -1 -1 -1 0 0 0 0 0 0 0 -1 -1 -1
3 -1 -1 -1 -1 0 0 0 0 0 0 0 0 0 0 -1 3
3 -1 -1 0 0 0 0 0 0 0 0 0 0 0 0 0 3
3 0 0 0 0 0 0 0 -1 -1 -1 -1 -1 0 0 0 3
3 3 0 0 0 -1 -1 -1 -1 -1 -1 -1 -1 -1 -1 3 3
3 3 0 -1 -1 -1 -1 -1 -1 -1 -1 -1 -1 -1 -1 3 3
3 3 3 -1 -1 -1 0 0 0 -1 -1 -1 -1 -1 3 3 3
3 3 3 3 3 0 0 0 0 0 0 0 3 3 3 3 3
3 3 3 3 3 3 3 3 0 3 3 3 3 3 3 3 3
18:31:53.769729 - stdout :: 0 0
18:31:53.772617 - stdin  :: 11 15 0 -1
13 23
11 15
3 3 3 3 3 3 3 3 -1 3 3 3 3 3 3 3 3
3 3 3 3 3 0 -1 -1 -1 -1 -1 -1 3 3 3 3 3
3 3 3 0 0 0 0 0 0 0 0 0 0 0 3 3 3
3 3 -1 -1 0 0 0 0 0 0 0 0 0 0 0 3 3
3 3 -1 -1 -1 0 0 0 0 0 0 0 0 0 0 3 3
3 -1 -1 -1 -1 -1 -1 -1 -1 -1 -1 -1 -1 -1 0 0 3
3 -1 -1 -1 -1 -1 -1 -1 -1 -1 -1 -1 -1 -1 -1 -1 3
3 -1 -1 -1 -1 -1 -1 -1 -1 -1 -1 -1 -1 -1 -1 -1 3
-1 -1 -1 -1 -1 -1 -1 -1 0 0 0 0 0 0 0 -1 -1
3 -1 -1 -1 -1 -1 0 0 0 0 0 0 0 0 0 0 3
3 -1 -1 -1 0 0 0 0 0 0 0 0 0 0 0 0 3
3 -1 0 0 0 0 0 0 0 -1 -1 -1 -1 -1 0 0 3
3 3 0 0 0 0 -1 -1 -1 -1 -1 -1 -1 -1 -1 3 3
3 3 0 0 -1 -1 -1 -1 -1 -1 -1 -1 -1 -1 -1 3 3
3 3 3 -1 -1 -1 -1 0 0 0 -1 -1 -1 -1 3 3 3
3 3 3 3 3 0 0 0 0 0 0 0 3 3 3 3 3
3 3 3 3 3 3 3 3 0 3 3 3 3 3 3 3 3
18:31:54.173086 - stdout :: 1 -1
18:31:54.188567 - stdin  :: 12 13 1 -2
14 25
12 13
3 3 3 3 3 3 3 3 -1 3 3 3 3 3 3 3 3
3 3 3 3 3 0 0 0 0 0 0 0 3 3 3 3 3
3 3 3 -1 -1 -1 0 0 0 0 0 0 0 0 3 3 3
3 3 -1 -1 -1 -1 -1 0 0 0 0 0 0 0 0 3 3
3 3 -1 -1 -1 -1 -1 -1 -1 -1 -1 -1 -1 -1 -1 3 3
3 -1 -1 -1 -1 -1 -1 -1 -1 -1 -1 -1 -1 -1 -1 -1 3
3 -1 -1 -1 -1 -1 -1 -1 -1 -1 -1 -1 -1 -1 -1 -1 3
3 -1 -1 -1 -1 -1 -1 -1 -1 -1 0 0 0 0 0 0 3
-1 -1 -1 -1 -1 -1 -1 -1 0 0 0 0 0 0 0 0 0
3 -1 -1 -1 -1 -1 0 0 0 0 0 0 0 0 0 0 3
3 -1 -1 -1 0 0 0 0 0 0 0 -1 -1 -1 -1 -1 3
3 -1 -1 0 0 0 0 0 -1 -1 -1 -1 -1 -1 -1 -1 3
3 3 0 0 0 0 -1 -1 -1 -1 -1 -1 -1 -1 -1 3 3
3 3 0 0 0 -1 -1 -1 -1 0 0 0 -1 -1 -1 3 3
3 3 3 0 -1 -1 -1 0 0 0 0 0 0 0 3 3 3
3 3 3 3 3 -1 0 0 0 0 0 0 3 3 3 3 3
3 3 3 3 3 3 3 3 0 3 3 3 3 3 3 3 3
18:31:54.642702 - stdout :: 0 0
18:31:54.646767 - stdin  :: 13 11 1 -2
16 27
13 11
3 3 3 3 3 3 3 3 0 3 3 3 3 3 3 3 3
3 3 3 3 3 -1 -1 -1 0 0 0 0 3 3 3 3 3
3 3 3 -1 -1 -1 -1 -1 -1 0 0 0 0 0 3 3 3
3 3 -1 -1 -1 -1 -1 -1 -1 -1 -1 -1 -1 -1 -1 3 3
3 3 -1 -1 -1 -1 -1 -1 -1 -1 -1 -1 -1 -1 -1 3 3
3 -1 -1 -1 -1 -1 -1 -1 -1 -1 -1 -1 -1 -1 -1 -1 3
3 -1 -1 -1 -1 -1 -1 -1 -1 -1 -1 -1 0 0 0 0 3
3 -1 -1 -1 -1 -1 -1 -1 -1 -1 0 0 0 0 0 0 3
-1 -1 -1 -1 -1 -1 -1 -1 0 0 0 0 0 0 0 0 0
3 -1 -1 -1 -1 -1 0 0 0 0 0 0 0 -1 -1 -1 3
3 -1 -1 -1 -1 0 0 0 0 0 -1 -1 -1 -1 -1 -1 3
3 -1 -1 -1 0 0 0 0 -1 -1 -1 -1 -1 -1 -1 -1 3
3 3 -1 0 0 0 0 -1 -1 -1 -1 0 0 0 -1 3 3
3 3 0 0 0 0 -1 -1 -1 0 0 0 0 0 0 3 3
3 3 3 0 0 -1 -1 -1 0 0 0 0 0 0 3 3 3
3 3 3 3 3 -1 -1 -1 0 0 0 0 3 3 3 3 3
3 3 3 3 3 3 3 3 0 3 3 3 3 3 3 3 3
18:31:55.092135 - stdout :: 0 0
18:31:55.097581 - stdin  :: 14 9 1 -2
18 29
14 9
3 3 3 3 3 3 3 3 -1 3 3 3 3 3 3 3 3
3 3 3 3 3 -1 -1 -1 -1 -1 -1 0 3 3 3 3 3
3 3 3 -1 -1 -1 -1 -1 -1 -1 -1 -1 -1 -1 3 3 3
3 3 -1 -1 -1 -1 -1 -1 -1 -1 -1 -1 -1 -1 -1 3 3
3 3 -1 -1 -1 -1 -1 -1 -1 -1 -1 -1 -1 -1 -1 3 3
3 -1 -1 -1 -1 -1 -1 -1 -1 -1 -1 -1 -1 -1 0 0 3
3 -1 -1 -1 -1 -1 -1 -1 -1 -1 -1 -1 0 0 0 0 3
3 -1 -1 -1 -1 -1 -1 -1 -1 -1 0 0 0 0 0 0 3
-1 -1 -1 -1 -1 -1 -1 -1 0 0 0 0 0 0 0 -1 -1
3 -1 -1 -1 -1 -1 -1 0 0 0 0 0 -1 -1 -1 -1 3
3 -1 -1 -1 -1 -1 0 0 0 0 -1 -1 -1 -1 -1 -1 3
3 -1 -1 -1 -1 0 0 0 0 -1 -1 -1 -1 0 0 0 3
3 3 -1 -1 0 0 0 0 -1 -1 -1 0 0 0 0 3 3
3 3 -1 -1 0 0 0 -1 -1 -1 0 0 0 0 0 3 3
3 3 3 0 0 0 0 -1 -1 -1 0 0 0 0 3 3 3
3 3 3 3 3 0 -1 -1 -1 -1 0 0 3 3 3 3 3
3 3 3 3 3 3 3 3 -1 3 3 3 3 3 3 3 3
18:31:55.565047 - stdout :: 1 1
18:31:55.577593 - stdin  :: 16 8 2 -1
20 31
16 8
3 3 3 3 3 3 3 3 -1 3 3 3 3 3 3 3 3
3 3 3 3 3 -1 -1 -1 -1 -1 -1 -1 3 3 3 3 3
3 3 3 -1 -1 -1 -1 -1 -1 -1 -1 -1 -1 -1 3 3 3
3 3 -1 -1 -1 -1 -1 -1 -1 -1 -1 -1 -1 -1 -1 3 3
3 3 -1 -1 -1 -1 -1 -1 -1 -1 -1 -1 -1 0 0 3 3
3 -1 -1 -1 -1 -1 -1 -1 -1 -1 -1 0 0 0 0 0 3
3 -1 -1 -1 -1 -1 -1 -1 -1 0 0 0 0 0 0 0 3
3 -1 -1 -1 -1 -1 -1 -1 0 0 0 0 0 -1 -1 -1 3
-1 -1 -1 -1 -1 -1 -1 0 0 0 0 -1 -1 -1 -1 -1 -1
3 -1 -1 -1 -1 -1 0 0 0 0 -1 -1 -1 -1 0 0 3
3 -1 -1 -1 -1 0 0 0 0 -1 -1 -1 0 0 0 0 3
3 -1 -1 -1 -1 0 0 0 -1 -1 -1 0 0 0 0 0 3
3 3 -1 -1 0 0 0 0 -1 -1 -1 0 0 0 0 3 3
3 3 -1 -1 0 0 0 -1 -1 -1 -1 0 0 0 0 3 3
3 3 3 0 0 0 0 -1 -1 -1 -1 0 0 0 3 3 3
3 3 3 3 3 0 0 -1 -1 -1 -1 0 3 3 3 3 3
3 3 3 3 3 3 3 3 -1 3 3 3 3 3 3 3 3
18:31:56.027728 - stdout :: 0 0
18:31:56.035380 - stdin  :: 18 7 2 -1
20 31
18 7
3 3 3 3 3 3 3 3 -1 3 3 3 3 3 3 3 3
3 3 3 3 3 -1 -1 -1 -1 -1 -1 -1 3 3 3 3 3
3 3 3 -1 -1 -1 -1 -1 -1 -1 -1 -1 -1 -1 3 3 3
3 3 -1 -1 -1 -1 -1 -1 -1 -1 -1 -1 0 0 0 3 3
3 3 -1 -1 -1 -1 -1 -1 -1 -1 0 0 0 0 0 3 3
3 -1 -1 -1 -1 -1 -1 -1 -1 0 0 0 0 0 -1 -1 3
3 -1 -1 -1 -1 -1 -1 -1 0 0 0 0 -1 -1 -1 -1 3
3 -1 -1 -1 -1 -1 -1 0 0 0 0 -1 -1 -1 -1 0 3
-1 -1 -1 -1 -1 -1 0 0 0 0 -1 -1 -1 0 0 0 0
3 -1 -1 -1 -1 -1 0 0 0 -1 -1 -1 0 0 0 0 3
3 -1 -1 -1 -1 0 0 0 0 -1 -1 -1 0 0 0 0 3
3 -1 -1 -1 -1 0 0 0 -1 -1 -1 -1 0 0 0 0 3
3 3 -1 -1 0 0 0 0 -1 -1 -1 -1 0 0 0 3 3
3 3 -1 0 0 0 0 0 -1 -1 -1 -1 0 0 0 3 3
3 3 3 0 0 0 0 0 -1 -1 -1 0 0 0 3 3 3
3 3 3 3 3 0 0 0 0 0 0 0 3 3 3 3 3
3 3 3 3 3 3 3 3 0 3 3 3 3 3 3 3 3
18:31:56.193528 - stdout :: 0 1
18:31:56.195044 - stdin  :: 20 7 2 0
20 31
20 7
3 3 3 3 3 3 3 3 -1 3 3 3 3 3 3 3 3
3 3 3 3 3 -1 -1 -1 -1 -1 -1 -1 3 3 3 3 3
3 3 3 -1 -1 -1 -1 -1 -1 -1 0 0 0 0 3 3 3
3 3 -1 -1 -1 -1 -1 -1 -1 0 0 0 0 0 -1 3 3
3 3 -1 -1 -1 -1 -1 -1 0 0 0 0 -1 -1 -1 3 3
3 -1 -1 -1 -1 -1 -1 0 0 0 0 -1 -1 -1 -1 0 3
3 -1 -1 -1 -1 -1 0 0 0 0 -1 -1 -1 0 0 0 3
3 -1 -1 -1 -1 -1 0 0 0 -1 -1 -1 0 0 0 0 3
-1 -1 -1 -1 -1 0 0 0 0 -1 -1 -1 0 0 0 0 0
3 -1 -1 -1 -1 0 0 0 -1 -1 -1 -1 0 0 0 0 3
3 -1 -1 -1 0 0 0 0 -1 -1 -1 -1 0 0 0 0 3
3 -1 -1 0 0 0 0 0 -1 -1 -1 -1 0 0 0 0 3
3 3 -1 0 0 0 0 0 -1 -1 -1 0 0 0 0 3 3
3 3 -1 0 0 0 0 0 0 0 0 0 0 0 0 3 3
3 3 3 0 0 0 0 0 0 0 0 0 0 0 3 3 3
3 3 3 3 3 0 0 0 0 0 0 0 3 3 3 3 3
3 3 3 3 3 3 3 3 -1 3 3 3 3 3 3 3 3
18:31:56.375859 - stdout :: 0 -1
18:31:56.377558 - stdin  :: 22 6 2 -1
20 31
22 6
3 3 3 3 3 3 3 3 -1 3 3 3 3 3 3 3 3
3 3 3 3 3 -1 -1 -1 -1 -1 0 0 3 3 3 3 3
3 3 3 -1 -1 -1 -1 -1 -1 0 0 0 0 -1 3 3 3
3 3 -1 -1 -1 -1 -1 -1 0 0 0 0 -1 -1 -1 3 3
3 3 -1 -1 -1 -1 -1 0 0 0 0 -1 -1 -1 0 3 3
3 -1 -1 -1 -1 -1 -1 0 0 0 -1 -1 -1 0 0 0 3
3 -1 -1 -1 -1 -1 0 0 0 0 -1 -1 -1 0 0 0 3
3 -1 -1 -1 -1 -1 0 0 0 -1 -1 -1 -1 0 0 0 3
-1 -1 -1 -1 -1 0 0 0 0 -1 -1 -1 -1 0 0 0 0
3 -1 -1 -1 0 0 0 0 0 -1 -1 -1 -1 0 0 0 3
3 -1 -1 -1 0 0 0 0 0 -1 -1 -1 0 0 0 0 3
3 -1 -1 -1 0 0 0 0 0 0 0 0 0 0 0 0 3
3 3 -1 -1 0 0 0 0 0 0 0 0 0 0 0 3 3
3 3 -1 -1 -1 0 0 0 0 0 0 0 0 0 -1 3 3
3 3 3 -1 -1 -1 -1 -1 -1 -1 -1 -1 -1 -1 3 3 3
3 3 3 3 3 -1 -1 -1 -1 -1 -1 -1 3 3 3 3 3
3 3 3 3 3 3 3 3 -1 3 3 3 3 3 3 3 3
18:31:56.549518 - stdout :: 0 1
18:31:56.550901 - stdin  :: 24 6 2 0
20 31
24 6
3 3 3 3 3 3 3 3 -1 3 3 3 3 3 3 3 3
3 3 3 3 3 -1 -1 -1 0 0 0 0 3 3 3 3 3
3 3 3 -1 -1 -1 -1 0 0 0 0 -1 -1 -1 3 3 3
3 3 -1 -1 -1 -1 -1 0 0 0 -1 -1 -1 0 0 3 3
3 3 -1 -1 -1 -1 0 0 0 0 -1 -1 -1 0 0 3 3
3 -1 -1 -1 -1 -1 0 0 0 -1 -1 -1 -1 0 0 0 3
3 -1 -1 -1 -1 0 0 0 0 -1 -1 -1 -1 0 0 0 3
3 -1 -1 -1 0 0 0 0 0 -1 -1 -1 -1 0 0 0 3
-1 -1 -1 -1 0 0 0 0 0 -1 -1 -1 0 0 0 0 0
3 -1 -1 -1 0 0 0 0 0 0 0 0 0 0 0 0 3
3 -1 -1 -1 0 0 0 0 0 0 0 0 0 0 0 -1 3
3 -1 -1 -1 -1 0 0 0 0 0 0 0 0 0 -1 -1 3
3 3 -1 -1 -1 -1 -1 -1 -1 -1 -1 -1 -1 -1 -1 3 3
3 3 -1 -1 -1 -1 -1 -1 -1 -1 -1 -1 -1 -1 -1 3 3
3 3 3 -1 -1 -1 -1 -1 -1 -1 -1 -1 -1 -1 3 3 3
3 3 3 3 3 -1 -1 -1 -1 -1 -1 -1 3 3 3 3 3
3 3 3 3 3 3 3 3 -1 3 3 3 3 3 3 3 3
18:31:56.719878 - stdout :: -1 1
18:31:56.721506 - stdin  :: 25 7 1 1
20 31
25 7
3 3 3 3 3 3 3 3 0 3 3 3 3 3 3 3 3
3 3 3 3 3 -1 0 0 0 0 -1 -1 3 3 3 3 3
3 3 3 -1 -1 -1 0 0 0 -1 -1 -1 0 0 3 3 3
3 3 -1 -1 -1 0 0 0 0 -1 -1 -1 0 0 0 3 3
3 3 -1 -1 -1 0 0 0 -1 -1 -1 -1 0 0 0 3 3
3 -1 -1 -1 0 0 0 0 -1 -1 -1 -1 0 0 0 0 3
3 -1 -1 0 0 0 0 0 -1 -1 -1 -1 0 0 0 0 3
3 -1 -1 0 0 0 0 0 -1 -1 -1 0 0 0 0 0 3
-1 -1 -1 0 0 0 0 0 0 0 0 0 0 0 0 -1 -1
3 -1 -1 0 0 0 0 0 0 0 0 0 0 0 -1 -1 3
3 -1 -1 -1 0 0 0 0 0 0 0 0 0 -1 -1 -1 3
3 -1 -1 -1 -1 -1 -1 -1 -1 -1 -1 -1 -1 -1 -1 -1 3
3 3 -1 -1 -1 -1 -1 -1 -1 -1 -1 -1 -1 -1 -1 3 3
3 3 -1 -1 -1 -1 -1 -1 -1 -1 -1 -1 -1 -1 -1 3 3
3 3 3 -1 -1 -1 -1 -1 -1 -1 -1 -1 -1 -1 3 3 3
3 3 3 3 3 -1 -1 -1 -1 -1 -1 -1 3 3 3 3 3
3 3 3 3 3 3 3 3 -1 3 3 3 3 3 3 3 3
18:31:56.464770 - stdout :: -1 1
18:31:56.466211 - stdin  :: 25 9 0 2
20 31
25 9
3 3 3 3 3 3 3 3 0 3 3 3 3 3 3 3 3
3 3 3 3 3 0 0 0 -1 -1 -1 0 3 3 3 3 3
3 3 3 -1 0 0 0 -1 -1 -1 0 0 0 0 3 3 3
3 3 -1 0 0 0 0 -1 -1 -1 0 0 0 0 0 3 3
3 3 -1 0 0 0 -1 -1 -1 -1 0 0 0 0 0 3 3
3 -1 0 0 0 0 -1 -1 -1 -1 0 0 0 0 0 -1 3
3 0 0 0 0 0 -1 -1 -1 -1 0 0 0 0 0 -1 3
3 0 0 0 0 0 -1 -1 -1 0 0 0 0 0 -1 -1 3
-1 0 0 0 0 0 0 0 0 0 0 0 0 -1 -1 -1 -1
3 0 0 0 0 0 0 0 0 0 0 0 -1 -1 -1 -1 3
3 -1 0 0 0 0 0 0 0 0 0 -1 -1 -1 -1 -1 3
3 -1 -1 -1 -1 -1 -1 -1 -1 -1 -1 -1 -1 -1 -1 -1 3
3 3 -1 -1 -1 -1 -1 -1 -1 -1 -1 -1 -1 -1 -1 3 3
3 3 -1 -1 -1 -1 -1 -1 -1 -1 -1 -1 -1 -1 -1 3 3
3 3 3 -1 -1 -1 -1 -1 -1 -1 -1 -1 -1 -1 3 3 3
3 3 3 3 3 -1 -1 -1 -1 -1 -1 -1 3 3 3 3 3
3 3 3 3 3 3 3 3 -1 3 3 3 3 3 3 3 3
18:31:56.604073 - stdout :: -1 0
18:31:56.610599 - stdin  :: 24 11 -1 2
19 31
24 11
3 3 3 3 3 3 3 3 -1 3 3 3 3 3 3 3 3
3 3 3 3 3 0 0 -1 -1 -1 -1 0 3 3 3 3 3
3 3 3 0 0 0 -1 -1 -1 0 0 0 0 0 3 3 3
3 3 0 0 0 -1 -1 -1 0 0 0 0 0 0 0 3 3
3 3 0 0 0 -1 -1 -1 0 0 0 0 0 0 0 3 3
3 0 0 0 -1 -1 -1 -1 0 0 0 0 0 0 -1 -1 3
3 0 0 0 -1 -1 -1 -1 0 0 0 0 0 -1 -1 -1 3
3 0 0 0 -1 -1 -1 -1 0 0 0 0 0 -1 -1 -1 3
0 0 0 0 -1 -1 -1 0 0 0 0 0 -1 -1 -1 -1 -1
3 0 0 0 0 0 0 0 0 0 0 -1 -1 -1 -1 -1 3
3 0 0 0 0 0 0 0 0 0 -1 -1 -1 -1 -1 -1 3
3 0 0 0 0 0 0 0 0 -1 -1 -1 -1 -1 -1 -1 3
3 3 -1 -1 -1 -1 -1 -1 -1 -1 -1 -1 -1 -1 -1 3 3
3 3 -1 -1 -1 -1 -1 -1 -1 -1 -1 -1 -1 -1 -1 3 3
3 3 3 -1 -1 -1 -1 -1 -1 -1 -1 -1 -1 -1 3 3 3
3 3 3 3 3 -1 -1 -1 -1 -1 -1 -1 3 3 3 3 3
3 3 3 3 3 3 3 3 -1 3 3 3 3 3 3 3 3
18:31:56.676971 - stdout :: 0 1
18:31:56.689753 - stdin  :: 23 14 -1 3
18 31
23 14
3 3 3 3 3 3 3 3 -1 3 3 3 3 3 3 3 3
3 3 3 3 3 -1 -1 -1 -1 -1 -1 -1 3 3 3 3 3
3 3 3 0 -1 -1 -1 -1 0 0 0 -1 -1 -1 3 3 3
3 3 0 -1 -1 -1 0 0 0 0 0 0 0 0 0 3 3
3 3 -1 -1 -1 0 0 0 0 0 0 0 0 0 0 3 3
3 0 -1 -1 -1 0 0 0 0 0 0 0 0 0 0 0 3
3 -1 -1 -1 -1 0 0 0 0 0 0 -1 -1 0 0 0 3
3 -1 -1 -1 -1 0 0 0 0 0 -1 -1 -1 -1 -1 0 3
0 -1 -1 -1 -1 0 0 0 0 0 -1 -1 -1 -1 -1 -1 100
3 -1 -1 -1 0 0 0 0 0 -1 -1 -1 -1 -1 -1 -1 3
3 0 0 0 0 0 0 0 -1 -1 -1 -1 -1 -1 -1 -1 3
3 0 0 0 0 0 0 -1 -1 -1 -1 -1 -1 -1 -1 -1 3
3 3 0 0 0 0 -1 -1 -1 -1 -1 -1 -1 -1 -1 3 3
3 3 -1 -1 -1 -1 -1 -1 -1 -1 -1 -1 -1 -1 -1 3 3
3 3 3 -1 -1 -1 -1 -1 -1 -1 -1 -1 -1 -1 3 3 3
3 3 3 3 3 -1 -1 -1 -1 -1 -1 -1 3 3 3 3 3
3 3 3 3 3 3 3 3 -1 3 3 3 3 3 3 3 3
18:31:56.734739 - stdout :: -1 -1
18:31:56.737869 - stdin  :: 21 16 -2 2
18 32
21 16
3 3 3 3 3 3 3 3 0 3 3 3 3 3 3 3 3
3 3 3 3 3 0 0 0 -1 -1 -1 -1 3 3 3 3 3
3 3 3 0 0 -1 -1 -1 -1 -1 -1 -1 -1 -1 3 3 3
3 3 0 -1 -1 -1 -1 -1 -1 -1 -1 -1 -1 -1 -1 3 3
3 3 -1 -1 -1 -1 0 0 0 -1 -1 -1 -1 -1 -1 3 3
3 -1 -1 -1 0 0 0 0 0 0 0 0 0 -1 -1 -1 3
3 -1 -1 0 0 0 0 0 0 0 0 0 0 0 -1 -1 3
3 -1 -1 0 0 0 0 0 0 0 0 0 0 0 0 -1 3
-1 -1 -1 0 0 0 0 0 0 -1 -1 0 0 0 0 100 -1
3 -1 -1 0 0 0 0 0 -1 -1 -1 -1 -1 0 100 100 3
3 -1 -1 0 0 0 0 0 -1 -1 -1 -1 -1 -1 100 100 3
3 -1 0 0 0 0 0 -1 -1 -1 -1 -1 -1 -1 -1 100 3
3 3 0 0 0 0 -1 -1 -1 -1 -1 -1 -1 -1 -1 3 3
3 3 0 0 0 -1 -1 -1 -1 -1 -1 -1 -1 -1 -1 3 3
3 3 3 0 -1 -1 -1 -1 -1 -1 -1 -1 -1 -1 3 3 3
3 3 3 3 3 -1 -1 -1 -1 -1 -1 -1 3 3 3 3 3
3 3 3 3 3 3 3 3 -1 3 3 3 3 3 3 3 3
18:31:56.758878 - stdout :: 1 1
18:31:56.761727 - stdin  :: 20 19 -1 3
18 33
20 19
3 3 3 3 3 3 3 3 0 3 3 3 3 3 3 3 3
3 3 3 3 3 0 0 0 0 0 0 0 3 3 3 3 3
3 3 3 0 0 -1 -1 -1 -1 -1 0 0 0 0 3 3 3
3 3 -1 -1 -1 -1 -1 -1 -1 -1 -1 -1 0 0 0 3 3
3 3 -1 -1 -1 -1 -1 -1 -1 -1 -1 -1 -1 0 0 3 3
3 -1 -1 0 0 0 -1 -1 -1 -1 -1 -1 -1 -1 -1 0 3
3 0 0 0 0 0 0 0 0 0 -1 -1 -1 -1 -1 -1 3
3 0 0 0 0 0 0 0 0 0 0 -1 -1 -1 -1 -1 3
0 0 0 0 0 0 0 0 0 0 0 0 -1 -1 -1 -1 -1
3 0 0 0 0 0 -1 -1 0 0 0 0 100 -1 -1 -1 3
3 0 0 0 0 -1 -1 -1 -1 -1 0 100 100 100 -1 -1 3
3 0 0 0 0 -1 -1 -1 -1 -1 -1 100 100 100 100 -1 3
3 3 0 0 -1 -1 -1 -1 -1 -1 -1 -1 100 100 100 3 3
3 3 0 -1 -1 -1 -1 -1 -1 -1 -1 -1 -1 100 100 3 3
3 3 3 -1 -1 -1 -1 -1 -1 -1 -1 -1 -1 -1 3 3 3
3 3 3 3 3 -1 -1 -1 -1 -1 -1 -1 3 3 3 3 3
3 3 3 3 3 3 3 3 -1 3 3 3 3 3 3 3 3
18:31:56.781072 - stdout :: 1 -1
18:31:56.784142 - stdin  :: 20 21 0 2
18 34
20 21
3 3 3 3 3 3 3 3 0 3 3 3 3 3 3 3 3
3 3 3 3 3 0 0 0 0 0 0 0 3 3 3 3 3
3 3 3 -1 -1 -1 -1 -1 0 0 0 0 0 -1 3 3 3
3 3 -1 -1 -1 -1 -1 -1 -1 -1 0 0 0 0 -1 3 3
3 3 -1 -1 -1 -1 -1 -1 -1 -1 -1 0 0 0 0 3 3
3 0 0 0 -1 -1 -1 -1 -1 -1 -1 -1 -1 0 0 0 3
3 0 0 0 0 0 0 0 -1 -1 -1 -1 -1 -1 -1 0 3
3 0 0 0 0 0 0 0 0 -1 -1 -1 -1 -1 -1 -1 3
0 0 0 0 0 0 0 0 0 0 -1 -1 -1 -1 -1 -1 -1
3 0 0 0 -1 -1 0 0 0 0 100 -1 -1 -1 -1 -1 3
3 0 0 -1 -1 -1 -1 -1 0 100 100 100 -1 -1 -1 -1 3
3 0 0 -1 -1 -1 -1 -1 -1 100 100 100 100 -1 -1 -1 3
3 3 -1 -1 -1 -1 -1 -1 -1 -1 100 100 100 100 -1 3 3
3 3 -1 -1 -1 -1 -1 -1 -1 -1 -1 100 100 100 100 3 3
3 3 3 -1 -1 -1 -1 -1 -1 -1 -1 -1 100 100 3 3 3
3 3 3 3 3 -1 -1 -1 -1 -1 -1 -1 3 3 3 3 3
3 3 3 3 3 3 3 3 -1 3 3 3 3 3 3 3 3
18:31:56.821240 - stdout :: 1 0
18:31:57.352575 - stdin  :: ~~~END~~~
