22:17:42.982446 - stdin  :: 30 40 2 8
22:17:42.983933 - stdin  :: 3 2 0 0
2 3
3 2
3 3 3 3 3 3 3 3 -1 3 3 3 3 3 3 3 3
3 3 3 3 3 -1 -1 -1 -1 -1 -1 -1 3 3 3 3 3
3 3 3 -1 -1 -1 -1 -1 -1 -1 -1 -1 -1 -1 3 3 3
3 3 -1 -1 -1 -1 -1 -1 -1 -1 -1 -1 -1 -1 -1 3 3
3 3 -1 -1 -1 -1 -1 -1 -1 -1 -1 -1 -1 -1 -1 3 3
3 -1 -1 -1 -1 -1 -1 -1 -1 -1 -1 -1 -1 -1 -1 -1 3
3 -1 -1 -1 -1 -1 -1 -1 -1 0 -1 -1 -1 -1 -1 -1 3
3 -1 -1 -1 -1 -1 -1 -1 1 0 0 0 0 0 0 0 3
-1 -1 -1 -1 -1 -1 -1 -1 1 0 0 0 0 0 0 0 0
3 -1 -1 -1 -1 -1 -1 -1 1 0 0 0 0 0 0 0 3
3 -1 -1 -1 -1 -1 -1 -1 1 0 0 0 0 0 0 0 3
3 -1 -1 -1 -1 -1 -1 -1 -1 0 -1 -1 -1 -1 -1 -1 3
3 3 -1 -1 -1 -1 -1 -1 -1 -1 -1 -1 -1 -1 -1 3 3
3 3 -1 -1 -1 -1 -1 -1 -1 -1 -1 -1 -1 -1 -1 3 3
3 3 3 -1 -1 -1 -1 -1 -1 -1 -1 -1 -1 -1 3 3 3
3 3 3 3 3 -1 -1 -1 -1 -1 -1 -1 3 3 3 3 3
3 3 3 3 3 3 3 3 -1 3 3 3 3 3 3 3 3
22:17:43.196519 - stdout :: 1 1
22:17:43.199557 - stdin  :: 4 3 1 1
2 4
4 3
3 3 3 3 3 3 3 3 -1 3 3 3 3 3 3 3 3
3 3 3 3 3 -1 -1 -1 -1 -1 -1 -1 3 3 3 3 3
3 3 3 -1 -1 -1 -1 -1 -1 -1 -1 -1 -1 -1 3 3 3
3 3 -1 -1 -1 -1 -1 -1 -1 -1 -1 -1 -1 -1 -1 3 3
3 3 -1 -1 -1 -1 -1 -1 -1 -1 -1 -1 -1 -1 -1 3 3
3 -1 -1 -1 -1 -1 -1 -1 0 -1 -1 -1 -1 -1 -1 -1 3
3 -1 -1 -1 -1 -1 -1 1 0 0 0 0 0 0 0 0 3
3 -1 -1 -1 -1 -1 -1 1 0 0 0 0 0 0 0 0 3
-1 -1 -1 -1 -1 -1 -1 1 0 0 0 0 0 0 0 0 0
3 -1 -1 -1 -1 -1 -1 1 0 0 0 0 0 0 0 0 3
3 -1 -1 -1 -1 -1 -1 -1 0 -1 -1 -1 -1 -1 -1 -1 3
3 -1 -1 -1 -1 -1 -1 -1 -1 -1 -1 -1 -1 -1 -1 -1 3
3 3 -1 -1 -1 -1 -1 -1 -1 -1 -1 -1 -1 -1 -1 3 3
3 3 -1 -1 -1 -1 -1 -1 -1 -1 -1 -1 -1 -1 -1 3 3
3 3 3 -1 -1 -1 -1 -1 -1 -1 -1 -1 -1 -1 3 3 3
3 3 3 3 3 -1 -1 -1 -1 -1 -1 -1 3 3 3 3 3
3 3 3 3 3 3 3 3 -1 3 3 3 3 3 3 3 3
22:17:43.230548 - stdout :: 0 1
22:17:43.233556 - stdin  :: 5 5 1 2
2 5
5 5
3 3 3 3 3 3 3 3 -1 3 3 3 3 3 3 3 3
3 3 3 3 3 -1 -1 -1 -1 -1 -1 -1 3 3 3 3 3
3 3 3 -1 -1 -1 -1 -1 -1 -1 -1 -1 -1 -1 3 3 3
3 3 -1 -1 -1 -1 -1 -1 -1 -1 -1 -1 -1 -1 -1 3 3
3 3 -1 -1 -1 -1 0 -1 -1 -1 -1 -1 -1 -1 -1 3 3
3 -1 -1 -1 -1 1 0 0 0 0 0 0 0 0 -1 -1 3
3 -1 -1 -1 -1 1 0 0 0 0 0 0 0 0 0 -1 3
3 -1 -1 -1 -1 1 0 0 0 0 0 0 0 0 0 0 3
-1 -1 -1 -1 -1 1 0 0 0 0 0 0 0 0 0 0 0
3 -1 -1 -1 -1 -1 0 -1 -1 -1 -1 -1 -1 -1 0 0 3
3 -1 -1 -1 -1 -1 -1 -1 -1 -1 -1 -1 -1 -1 -1 0 3
3 -1 -1 -1 -1 -1 -1 -1 -1 -1 -1 -1 -1 -1 -1 -1 3
3 3 -1 -1 -1 -1 -1 -1 -1 -1 -1 -1 -1 -1 -1 3 3
3 3 -1 -1 -1 -1 -1 -1 -1 -1 -1 -1 -1 -1 -1 3 3
3 3 3 -1 -1 -1 -1 -1 -1 -1 -1 -1 -1 -1 3 3 3
3 3 3 3 3 -1 -1 -1 -1 -1 -1 -1 3 3 3 3 3
3 3 3 3 3 3 3 3 -1 3 3 3 3 3 3 3 3
22:17:43.267676 - stdout :: -1 1
22:17:43.270598 - stdin  :: 5 8 0 3
2 6
5 8
3 3 3 3 3 3 3 3 -1 3 3 3 3 3 3 3 3
3 3 3 3 3 -1 -1 -1 -1 -1 -1 -1 3 3 3 3 3
3 3 3 -1 -1 -1 -1 -1 -1 -1 -1 -1 -1 -1 3 3 3
3 3 -1 -1 -1 -1 -1 -1 -1 -1 -1 -1 -1 -1 -1 3 3
3 3 -1 0 -1 -1 -1 -1 -1 -1 -1 -1 -1 -1 -1 3 3
3 -1 1 0 0 0 0 0 0 0 0 -1 -1 -1 -1 -1 3
3 -1 1 0 0 0 0 0 0 0 0 0 -1 -1 -1 -1 3
3 -1 1 0 0 0 0 0 0 0 0 0 0 -1 -1 -1 3
-1 -1 1 0 0 0 0 0 0 0 0 0 0 0 0 0 0
3 -1 -1 0 -1 -1 -1 -1 -1 -1 -1 0 0 0 0 0 3
3 -1 -1 -1 -1 -1 -1 -1 -1 -1 -1 -1 0 0 0 0 3
3 -1 -1 -1 -1 -1 -1 -1 -1 -1 -1 -1 -1 -1 -1 -1 3
3 3 -1 -1 -1 -1 -1 -1 -1 -1 -1 -1 -1 -1 -1 3 3
3 3 -1 -1 -1 -1 -1 -1 -1 -1 -1 -1 -1 -1 -1 3 3
3 3 3 -1 -1 -1 -1 -1 -1 -1 -1 -1 -1 -1 3 3 3
3 3 3 3 3 -1 -1 -1 -1 -1 -1 -1 3 3 3 3 3
3 3 3 3 3 3 3 3 -1 3 3 3 3 3 3 3 3
22:17:43.320623 - stdout :: 1 0
22:17:43.323671 - stdin  :: 6 11 1 3
2 7
6 11
3 3 3 3 3 3 3 3 -1 3 3 3 3 3 3 3 3
3 3 3 3 3 -1 -1 -1 -1 -1 -1 -1 3 3 3 3 3
3 3 3 -1 -1 -1 -1 -1 -1 -1 -1 -1 -1 -1 3 3 3
3 3 -1 -1 -1 -1 -1 -1 -1 -1 -1 -1 -1 -1 -1 3 3
3 3 0 0 0 0 0 0 -1 -1 -1 -1 -1 -1 -1 3 3
3 0 0 0 0 0 0 0 0 -1 -1 -1 -1 -1 -1 -1 3
3 0 0 0 0 0 0 0 0 0 -1 -1 -1 -1 -1 -1 3
3 0 0 0 0 0 0 0 0 0 0 0 0 0 0 0 3
0 -1 -1 -1 -1 -1 -1 -1 0 0 0 0 0 0 0 0 0
3 -1 -1 -1 -1 -1 -1 -1 -1 0 0 0 0 0 0 0 3
3 -1 -1 -1 -1 -1 -1 -1 -1 -1 -1 -1 -1 -1 -1 -1 3
3 -1 -1 -1 -1 -1 -1 -1 -1 -1 -1 -1 -1 -1 -1 -1 3
3 3 -1 -1 -1 -1 -1 -1 -1 -1 -1 -1 -1 -1 -1 3 3
3 3 -1 -1 -1 -1 -1 -1 -1 -1 -1 -1 0 0 0 3 3
3 3 3 -1 -1 -1 -1 -1 -1 -1 0 0 0 0 3 3 3
3 3 3 3 3 -1 -1 -1 0 0 0 0 3 3 3 3 3
3 3 3 3 3 3 3 3 0 3 3 3 3 3 3 3 3
22:17:43.375302 - stdout :: -1 0
22:17:43.383218 - stdin  :: 6 14 0 3
2 8
6 14
3 3 3 3 3 3 3 3 -1 3 3 3 3 3 3 3 3
3 3 3 3 3 -1 -1 -1 -1 -1 -1 -1 3 3 3 3 3
3 3 3 -1 -1 -1 -1 -1 -1 -1 -1 -1 -1 -1 3 3 3
3 3 -1 -1 -1 -1 -1 -1 -1 -1 -1 -1 -1 -1 -1 3 3
3 3 0 0 0 -1 -1 -1 -1 -1 -1 -1 -1 -1 -1 3 3
3 0 0 0 0 0 -1 -1 -1 -1 -1 -1 -1 -1 -1 -1 3
3 0 0 0 0 0 0 -1 -1 -1 -1 -1 -1 -1 -1 -1 3
3 0 0 0 0 0 0 0 0 0 0 0 0 0 0 -1 3
-1 -1 -1 -1 -1 0 0 0 0 0 0 0 0 0 0 0 0
3 -1 -1 -1 -1 -1 0 0 0 0 0 0 0 0 0 0 3
3 -1 -1 -1 -1 -1 -1 -1 -1 -1 -1 -1 -1 -1 -1 0 3
3 -1 -1 -1 -1 -1 -1 -1 -1 -1 -1 -1 -1 -1 -1 -1 3
3 3 -1 -1 -1 -1 -1 -1 -1 -1 -1 -1 -1 -1 -1 3 3
3 3 -1 -1 -1 -1 -1 -1 -1 0 0 0 0 0 0 3 3
3 3 3 -1 -1 -1 -1 0 0 0 0 0 0 0 3 3 3
3 3 3 3 3 0 0 0 0 0 0 0 3 3 3 3 3
3 3 3 3 3 3 3 3 0 3 3 3 3 3 3 3 3
22:17:43.442075 - stdout :: 1 0
22:17:43.445948 - stdin  :: 7 17 1 3
2 9
7 17
3 3 3 3 3 3 3 3 -1 3 3 3 3 3 3 3 3
3 3 3 3 3 -1 -1 -1 -1 -1 -1 -1 3 3 3 3 3
3 3 3 -1 -1 -1 -1 -1 -1 -1 -1 -1 -1 -1 3 3 3
3 3 -1 -1 -1 -1 -1 -1 -1 -1 -1 -1 -1 -1 -1 3 3
3 3 0 -1 -1 -1 -1 -1 -1 -1 -1 -1 -1 -1 -1 3 3
3 0 0 0 -1 -1 -1 -1 -1 -1 -1 -1 -1 -1 -1 -1 3
3 0 0 0 0 0 0 0 0 0 0 0 -1 -1 -1 -1 3
3 -1 0 0 0 0 0 0 0 0 0 0 0 0 0 -1 3
-1 -1 -1 0 0 0 0 0 0 0 0 0 0 0 0 0 0
3 -1 -1 -1 -1 -1 -1 -1 -1 -1 -1 -1 0 0 0 0 3
3 -1 -1 -1 -1 -1 -1 -1 -1 -1 -1 -1 -1 -1 -1 0 3
3 -1 -1 -1 -1 -1 -1 -1 -1 -1 -1 -1 -1 -1 -1 -1 3
3 3 -1 -1 -1 -1 0 0 0 0 0 0 0 -1 -1 3 3
3 3 -1 -1 0 0 0 0 0 0 0 0 0 0 -1 3 3
3 3 3 0 0 0 0 0 0 0 0 0 0 0 3 3 3
3 3 3 3 3 0 0 -1 -1 -1 -1 -1 3 3 3 3 3
3 3 3 3 3 3 3 3 -1 3 3 3 3 3 3 3 3
22:17:43.488559 - stdout :: -1 0
22:17:43.492292 - stdin  :: 7 20 0 3
2 10
7 20
3 3 3 3 3 3 3 3 -1 3 3 3 3 3 3 3 3
3 3 3 3 3 -1 -1 -1 -1 -1 -1 -1 3 3 3 3 3
3 3 3 -1 -1 -1 -1 -1 -1 -1 -1 -1 -1 -1 3 3 3
3 3 -1 -1 -1 -1 -1 -1 -1 -1 -1 -1 -1 -1 -1 3 3
3 3 -1 -1 -1 -1 -1 -1 -1 -1 -1 -1 -1 -1 -1 3 3
3 -1 -1 -1 -1 -1 -1 -1 -1 -1 -1 -1 -1 -1 -1 -1 3
3 0 0 0 0 0 0 0 0 -1 -1 -1 -1 -1 -1 -1 3
3 0 0 0 0 0 0 0 0 0 0 0 -1 -1 -1 -1 3
0 0 0 0 0 0 0 0 0 0 0 0 0 0 -1 -1 -1
3 -1 -1 -1 -1 -1 -1 -1 -1 0 0 0 0 0 0 0 3
3 -1 -1 -1 -1 -1 -1 -1 -1 -1 -1 -1 0 0 0 0 3
3 -1 -1 -1 -1 -1 -1 -1 -1 -1 -1 -1 -1 0 0 0 3
3 3 -1 0 0 0 0 0 0 0 -1 -1 -1 -1 -1 3 3
3 3 0 0 0 0 0 0 0 0 0 -1 -1 -1 -1 3 3
3 3 3 0 0 0 0 0 0 0 0 0 0 -1 3 3 3
3 3 3 3 3 -1 -1 -1 -1 0 0 0 3 3 3 3 3
3 3 3 3 3 3 3 3 -1 3 3 3 3 3 3 3 3
22:17:43.552719 - stdout :: 1 0
22:17:43.557020 - stdin  :: 8 23 1 3
3 11
8 23
3 3 3 3 3 3 3 3 -1 3 3 3 3 3 3 3 3
3 3 3 3 3 -1 -1 -1 -1 -1 -1 -1 3 3 3 3 3
3 3 3 -1 -1 -1 -1 -1 -1 -1 -1 -1 -1 -1 3 3 3
3 3 -1 -1 -1 -1 -1 -1 -1 -1 -1 -1 -1 -1 -1 3 3
3 3 -1 -1 -1 -1 -1 -1 -1 -1 -1 -1 -1 -1 -1 3 3
3 0 0 0 0 0 -1 -1 -1 -1 -1 -1 -1 -1 -1 -1 3
3 0 0 0 0 0 0 0 0 -1 -1 -1 -1 -1 -1 -1 3
3 0 0 0 0 0 0 0 0 0 0 -1 -1 -1 -1 0 3
-1 -1 -1 -1 -1 -1 0 0 0 0 0 0 0 0 0 0 0
3 -1 -1 -1 -1 -1 -1 -1 -1 0 0 0 0 0 0 0 3
3 -1 -1 -1 -1 -1 -1 -1 -1 -1 0 0 0 0 0 -1 3
3 0 0 0 0 0 0 -1 -1 -1 -1 -1 0 -1 -1 -1 3
3 3 0 0 0 0 0 0 -1 -1 -1 -1 -1 -1 -1 3 3
3 3 0 0 0 0 0 0 0 0 -1 -1 -1 -1 -1 3 3
3 3 3 -1 -1 -1 0 0 0 0 0 -1 -1 -1 3 3 3
3 3 3 3 3 -1 -1 -1 0 0 0 0 3 3 3 3 3
3 3 3 3 3 3 3 3 -1 3 3 3 3 3 3 3 3
22:17:43.591098 - stdout :: 0 0
22:17:43.593790 - stdin  :: 9 26 1 3
4 12
9 26
3 3 3 3 3 3 3 3 -1 3 3 3 3 3 3 3 3
3 3 3 3 3 -1 -1 -1 -1 -1 -1 -1 3 3 3 3 3
3 3 3 -1 -1 -1 -1 -1 -1 -1 -1 -1 -1 -1 3 3 3
3 3 -1 -1 -1 -1 -1 -1 -1 -1 -1 -1 -1 -1 -1 3 3
3 3 0 -1 -1 -1 -1 -1 -1 -1 -1 -1 -1 -1 -1 3 3
3 0 0 0 0 0 -1 -1 -1 -1 -1 -1 -1 0 0 0 3
3 0 0 0 0 0 0 0 -1 -1 -1 -1 0 0 0 0 3
3 -1 -1 0 0 0 0 0 0 0 0 0 0 0 0 0 3
-1 -1 -1 -1 -1 -1 0 0 0 0 0 0 0 0 0 0 0
3 -1 -1 -1 -1 -1 -1 0 0 0 0 0 -1 -1 0 0 3
3 0 0 0 -1 -1 -1 -1 -1 0 -1 -1 -1 -1 -1 0 3
3 0 0 0 0 -1 -1 -1 -1 -1 -1 -1 -1 -1 -1 -1 3
3 3 0 0 0 0 0 -1 -1 -1 -1 -1 -1 -1 -1 3 3
3 3 -1 0 0 0 0 0 -1 -1 -1 -1 -1 -1 -1 3 3
3 3 3 -1 -1 0 0 0 0 -1 -1 -1 -1 -1 3 3 3
3 3 3 3 3 -1 0 0 0 0 0 -1 3 3 3 3 3
3 3 3 3 3 3 3 3 0 3 3 3 3 3 3 3 3
22:17:43.649078 - stdout :: -1 0
22:17:43.654254 - stdin  :: 9 29 0 3
6 14
9 29
3 3 3 3 3 3 3 3 -1 3 3 3 3 3 3 3 3
3 3 3 3 3 -1 -1 -1 -1 -1 -1 -1 3 3 3 3 3
3 3 3 -1 -1 -1 -1 -1 -1 -1 -1 -1 -1 -1 3 3 3
3 3 -1 -1 -1 -1 -1 -1 -1 -1 -1 -1 -1 -1 -1 3 3
3 3 -1 -1 -1 -1 -1 -1 -1 -1 -1 -1 -1 -1 -1 3 3
3 0 0 -1 -1 -1 -1 -1 -1 -1 0 0 0 0 -1 -1 3
3 0 0 0 0 -1 -1 -1 -1 0 0 0 0 0 -1 -1 3
3 0 0 0 0 0 0 0 0 0 0 0 0 0 0 -1 3
-1 -1 -1 0 0 0 0 0 0 0 0 0 0 0 0 -1 -1
3 -1 -1 -1 0 0 0 0 0 -1 -1 0 0 0 0 0 3
3 -1 -1 -1 -1 -1 0 -1 -1 -1 -1 -1 0 0 0 0 3
3 0 -1 -1 -1 -1 -1 -1 -1 -1 -1 -1 -1 0 0 0 3
3 3 0 0 -1 -1 -1 -1 -1 -1 -1 -1 -1 0 0 3 3
3 3 0 0 0 -1 -1 -1 -1 -1 -1 -1 -1 0 0 3 3
3 3 3 0 0 0 -1 -1 -1 -1 -1 -1 -1 0 3 3 3
3 3 3 3 3 0 0 0 -1 -1 -1 -1 3 3 3 3 3
3 3 3 3 3 3 3 3 0 3 3 3 3 3 3 3 3
22:17:43.707354 - stdout :: 1 0
22:17:43.710759 - stdin  :: 10 32 1 3
7 17
10 32
3 3 3 3 3 3 3 3 -1 3 3 3 3 3 3 3 3
3 3 3 3 3 -1 -1 -1 -1 -1 -1 -1 3 3 3 3 3
3 3 3 -1 -1 -1 -1 -1 -1 -1 -1 -1 -1 -1 3 3 3
3 3 -1 -1 -1 -1 -1 -1 -1 -1 -1 -1 -1 -1 -1 3 3
3 3 -1 -1 -1 -1 -1 0 0 0 0 -1 -1 -1 -1 3 3
3 0 -1 -1 -1 -1 0 0 0 0 0 -1 -1 -1 -1 -1 3
3 0 0 0 0 0 0 0 0 0 0 0 -1 -1 -1 -1 3
3 0 0 0 0 0 0 0 0 0 0 0 -1 -1 -1 -1 3
-1 0 0 0 0 0 -1 -1 0 0 0 0 0 -1 -1 -1 -1
3 -1 -1 0 -1 -1 -1 -1 -1 0 0 0 0 -1 -1 -1 3
3 -1 -1 -1 -1 -1 -1 -1 -1 -1 0 0 0 -1 -1 -1 3
3 -1 -1 -1 -1 -1 -1 -1 -1 -1 0 0 0 -1 -1 -1 3
3 3 -1 -1 -1 -1 -1 -1 -1 -1 0 0 0 -1 -1 3 3
3 3 0 -1 -1 -1 -1 -1 -1 -1 0 0 0 -1 -1 3 3
3 3 3 0 0 -1 -1 -1 -1 -1 0 0 0 -1 3 3 3
3 3 3 3 3 0 0 -1 -1 0 0 0 3 3 3 3 3
3 3 3 3 3 3 3 3 0 3 3 3 3 3 3 3 3
22:17:43.751602 - stdout :: 1 -1
22:17:43.754554 - stdin  :: 12 34 2 2
8 21
12 34
3 3 3 3 3 3 3 3 -1 3 3 3 3 3 3 3 3
3 3 3 3 3 -1 -1 -1 -1 -1 -1 -1 3 3 3 3 3
3 3 3 -1 -1 0 0 0 0 -1 -1 -1 -1 -1 3 3 3
3 3 -1 -1 0 0 0 0 0 -1 -1 -1 -1 -1 -1 3 3
3 3 0 0 0 0 0 0 0 0 -1 -1 -1 -1 -1 3 3
3 0 0 0 0 0 0 0 0 0 -1 -1 -1 -1 -1 -1 3
3 0 0 0 -1 -1 0 0 0 0 0 -1 -1 -1 -1 -1 3
3 0 -1 -1 -1 -1 -1 0 0 0 0 -1 -1 -1 -1 -1 3
-1 -1 -1 -1 -1 -1 -1 -1 0 0 0 -1 -1 -1 -1 -1 -1
3 -1 -1 -1 -1 -1 -1 -1 0 0 0 -1 -1 -1 -1 -1 3
3 -1 -1 -1 -1 -1 -1 -1 0 0 0 -1 -1 -1 -1 -1 3
3 -1 -1 -1 -1 -1 -1 -1 0 0 0 -1 -1 -1 -1 -1 3
3 3 0 -1 -1 -1 -1 -1 0 0 0 -1 -1 -1 -1 3 3
3 3 0 0 0 -1 -1 0 0 0 0 -1 -1 -1 -1 3 3
3 3 3 0 0 0 0 0 0 0 -1 -1 -1 -1 3 3 3
3 3 3 3 3 0 0 0 0 -1 -1 -1 3 3 3 3 3
3 3 3 3 3 3 3 3 -1 3 3 3 3 3 3 3 3
22:17:43.814661 - stdout :: 1 -1
22:17:43.818294 - stdin  :: 15 35 3 1
9 25
15 35
3 3 3 3 3 3 3 3 -1 3 3 3 3 3 3 3 3
3 3 3 3 3 0 0 0 0 -1 -1 -1 3 3 3 3 3
3 3 3 0 0 0 0 0 0 -1 -1 -1 -1 -1 3 3 3
3 3 0 -1 -1 0 0 0 0 0 -1 -1 -1 -1 -1 3 3
3 3 -1 -1 -1 -1 0 0 0 0 -1 -1 -1 -1 -1 3 3
3 -1 -1 -1 -1 -1 -1 0 0 0 -1 -1 -1 -1 -1 -1 3
3 -1 -1 -1 -1 -1 -1 0 0 0 -1 -1 -1 -1 -1 -1 3
3 -1 -1 -1 -1 -1 -1 0 0 0 -1 -1 -1 -1 -1 -1 3
-1 -1 -1 -1 -1 -1 -1 0 0 0 -1 -1 -1 -1 -1 -1 -1
3 0 -1 -1 -1 -1 -1 0 0 0 -1 -1 -1 -1 -1 -1 3
3 0 0 0 -1 -1 0 0 0 0 -1 -1 -1 -1 -1 -1 3
3 0 0 0 0 0 0 0 0 -1 -1 -1 -1 -1 -1 -1 3
3 3 -1 0 0 0 0 0 -1 -1 -1 -1 -1 -1 -1 3 3
3 3 -1 -1 0 0 -1 -1 -1 -1 -1 -1 -1 -1 -1 3 3
3 3 3 -1 -1 -1 -1 -1 -1 -1 -1 -1 -1 -1 3 3 3
3 3 3 3 3 -1 -1 -1 -1 -1 -1 -1 3 3 3 3 3
3 3 3 3 3 3 3 3 -1 3 3 3 3 3 3 3 3
22:17:43.850346 - stdout :: -1 -1
22:17:43.853178 - stdin  :: 17 35 2 0
10 29
17 35
3 3 3 3 3 3 3 3 0 3 3 3 3 3 3 3 3
3 3 3 3 3 0 0 0 0 0 -1 -1 3 3 3 3 3
3 3 3 -1 -1 -1 0 0 0 0 -1 -1 -1 -1 3 3 3
3 3 -1 -1 -1 -1 -1 0 0 0 -1 -1 -1 -1 -1 3 3
3 3 -1 -1 -1 -1 -1 0 0 0 -1 -1 -1 -1 -1 3 3
3 -1 -1 -1 -1 -1 -1 0 0 0 -1 -1 -1 -1 -1 -1 3
3 -1 -1 -1 -1 -1 -1 0 0 0 -1 -1 -1 -1 -1 -1 3
3 0 -1 -1 -1 -1 -1 0 0 0 -1 -1 -1 -1 -1 -1 3
0 0 0 0 -1 -1 0 0 0 0 -1 -1 -1 -1 -1 -1 -1
3 0 0 0 0 0 0 0 0 -1 -1 -1 -1 -1 -1 -1 3
3 -1 -1 0 0 0 0 0 -1 -1 -1 -1 -1 -1 -1 -1 3
3 -1 -1 -1 0 0 -1 -1 -1 -1 -1 -1 -1 -1 -1 -1 3
3 3 -1 -1 -1 -1 -1 -1 -1 -1 -1 -1 -1 -1 -1 3 3
3 3 -1 -1 -1 -1 -1 -1 -1 -1 -1 -1 -1 -1 -1 3 3
3 3 3 -1 -1 -1 -1 -1 -1 -1 -1 -1 -1 -1 3 3 3
3 3 3 3 3 -1 -1 -1 -1 -1 -1 -1 3 3 3 3 3
3 3 3 3 3 3 3 3 -1 3 3 3 3 3 3 3 3
22:17:43.912016 - stdout :: -1 -1
22:17:43.915071 - stdin  :: 18 34 1 -1
10 29
18 34
3 3 3 3 3 3 3 3 0 3 3 3 3 3 3 3 3
3 3 3 3 3 -1 -1 0 0 0 0 -1 3 3 3 3 3
3 3 3 -1 -1 -1 -1 -1 0 0 0 -1 -1 -1 3 3 3
3 3 -1 -1 -1 -1 -1 -1 0 0 0 -1 -1 -1 -1 3 3
3 3 -1 -1 -1 -1 -1 -1 0 0 0 -1 -1 -1 -1 3 3
3 -1 -1 -1 -1 -1 -1 -1 0 0 0 -1 -1 -1 -1 -1 3
3 0 0 -1 -1 -1 -1 -1 0 0 0 -1 -1 -1 -1 -1 3
3 0 0 0 0 -1 -1 0 0 0 0 -1 -1 -1 -1 -1 3
-1 -1 0 0 0 0 0 0 0 0 -1 -1 -1 -1 -1 -1 -1
3 -1 -1 -1 0 0 0 0 0 -1 -1 -1 -1 -1 -1 -1 3
3 -1 -1 -1 -1 0 0 -1 -1 -1 -1 -1 -1 -1 -1 -1 3
3 -1 -1 -1 -1 -1 -1 -1 -1 -1 -1 -1 -1 -1 -1 -1 3
3 3 -1 -1 -1 -1 -1 -1 -1 -1 -1 -1 -1 -1 -1 3 3
3 3 -1 -1 -1 -1 -1 -1 -1 -1 -1 -1 -1 -1 -1 3 3
3 3 3 -1 -1 -1 -1 -1 -1 -1 -1 -1 -1 -1 3 3 3
3 3 3 3 3 -1 -1 -1 -1 -1 -1 -1 3 3 3 3 3
3 3 3 3 3 3 3 3 -1 3 3 3 3 3 3 3 3
22:17:43.940372 - stdout :: -1 -1
22:17:43.941668 - stdin  :: 18 32 0 -2
10 29
18 32
3 3 3 3 3 3 3 3 0 3 3 3 3 3 3 3 3
3 3 3 3 3 -1 -1 -1 -1 0 0 0 3 3 3 3 3
3 3 3 -1 -1 -1 -1 -1 -1 -1 0 0 0 -1 3 3 3
3 3 -1 -1 -1 -1 -1 -1 -1 -1 0 0 0 -1 -1 3 3
3 3 -1 -1 -1 -1 -1 -1 -1 -1 0 0 0 -1 -1 3 3
3 0 0 -1 -1 -1 -1 -1 -1 -1 0 0 0 -1 -1 -1 3
3 0 0 0 0 -1 -1 -1 -1 -1 0 0 0 -1 -1 -1 3
3 -1 0 0 0 0 0 -1 -1 0 0 0 0 -1 -1 -1 3
-1 -1 -1 -1 0 0 0 0 0 0 0 0 -1 -1 -1 -1 -1
3 -1 -1 -1 -1 -1 0 0 0 0 0 -1 -1 -1 -1 -1 3
3 -1 -1 -1 -1 -1 -1 0 0 -1 -1 -1 -1 -1 -1 -1 3
3 -1 -1 -1 -1 -1 -1 -1 -1 -1 -1 -1 -1 -1 -1 -1 3
3 3 -1 -1 -1 -1 -1 -1 -1 -1 -1 -1 -1 -1 -1 3 3
3 3 -1 -1 -1 -1 -1 -1 -1 -1 -1 -1 -1 -1 -1 3 3
3 3 3 -1 -1 -1 -1 -1 -1 -1 -1 -1 -1 -1 3 3 3
3 3 3 3 3 -1 -1 -1 -1 -1 -1 -1 3 3 3 3 3
3 3 3 3 3 3 3 3 -1 3 3 3 3 3 3 3 3
22:17:43.994059 - stdout :: -1 -1
22:17:43.995386 - stdin  :: 17 29 -1 -3
10 29
17 29
3 3 3 3 3 3 3 3 0 3 3 3 3 3 3 3 3
3 3 3 3 3 0 0 0 0 -1 -1 0 3 3 3 3 3
3 3 3 -1 -1 -1 0 -1 -1 -1 -1 -1 0 0 3 3 3
3 3 -1 -1 -1 -1 -1 -1 -1 -1 -1 -1 -1 0 0 3 3
3 3 0 0 -1 -1 -1 -1 -1 -1 -1 -1 -1 0 0 3 3
3 0 0 0 0 -1 -1 -1 -1 -1 -1 -1 -1 0 0 0 3
3 -1 0 0 0 0 -1 -1 -1 -1 -1 -1 -1 0 0 0 3
3 -1 -1 0 0 0 0 0 -1 -1 -1 -1 -1 0 0 0 3
-1 -1 -1 -1 -1 0 0 0 0 0 -1 -1 0 0 0 0 -1
3 -1 -1 -1 -1 -1 -1 0 0 0 0 0 0 0 0 -1 3
3 -1 -1 -1 -1 -1 -1 -1 -1 0 0 0 0 0 -1 -1 3
3 0 -1 -1 -1 -1 -1 -1 -1 -1 0 0 -1 -1 -1 -1 3
3 3 100 -1 -1 -1 -1 -1 -1 -1 -1 -1 -1 -1 -1 3 3
3 3 100 100 -1 -1 -1 -1 -1 -1 -1 -1 -1 -1 -1 3 3
3 3 3 100 100 -1 -1 -1 -1 -1 -1 -1 -1 -1 3 3 3
3 3 3 3 3 100 -1 -1 -1 -1 -1 -1 3 3 3 3 3
3 3 3 3 3 3 3 3 -1 3 3 3 3 3 3 3 3
22:17:44.269426 - stdout :: -1 0
22:17:44.270813 - stdin  :: 15 26 -2 -3
10 29
15 26
3 3 3 3 3 3 3 3 -1 3 3 3 3 3 3 3 3
3 3 3 3 3 0 0 0 0 0 0 0 3 3 3 3 3
3 3 3 -1 -1 -1 0 0 0 0 0 0 0 0 3 3 3
3 3 -1 -1 -1 -1 -1 0 0 0 0 0 -1 -1 0 3 3
3 3 0 0 -1 -1 -1 -1 -1 0 -1 -1 -1 -1 -1 3 3
3 0 0 0 0 -1 -1 -1 -1 -1 -1 -1 -1 -1 -1 -1 3
3 0 0 0 0 0 0 -1 -1 -1 -1 -1 -1 -1 -1 -1 3
3 -1 -1 0 0 0 0 0 -1 -1 -1 -1 -1 -1 -1 -1 3
-1 -1 -1 -1 -1 0 0 0 0 -1 -1 -1 -1 -1 -1 -1 0
3 -1 -1 -1 -1 -1 0 0 0 0 0 -1 -1 -1 -1 -1 3
3 -1 -1 -1 -1 -1 -1 -1 0 0 0 0 0 -1 -1 0 3
3 0 0 -1 -1 -1 -1 -1 -1 -1 0 0 0 0 0 0 3
3 3 0 0 -1 -1 -1 -1 -1 -1 -1 -1 0 0 0 3 3
3 3 0 0 0 -1 -1 -1 -1 -1 -1 -1 -1 0 0 3 3
3 3 3 0 0 100 -1 -1 -1 -1 -1 -1 -1 -1 3 3 3
3 3 3 3 3 100 100 -1 -1 -1 -1 -1 3 3 3 3 3
3 3 3 3 3 3 3 3 -1 3 3 3 3 3 3 3 3
22:17:44.579111 - stdout :: 0 0
22:17:44.580431 - stdin  :: 13 23 -2 -3
10 29
13 23
3 3 3 3 3 3 3 3 -1 3 3 3 3 3 3 3 3
3 3 3 3 3 0 0 0 0 -1 -1 -1 3 3 3 3 3
3 3 3 0 0 0 0 0 0 0 0 -1 -1 -1 3 3 3
3 3 -1 -1 -1 -1 0 0 0 0 0 0 0 0 0 3 3
3 3 -1 -1 -1 -1 -1 -1 -1 0 0 0 0 0 0 3 3
3 -1 -1 -1 -1 -1 -1 -1 -1 -1 0 0 0 0 0 -1 3
3 0 0 0 0 0 0 -1 -1 -1 -1 -1 0 -1 -1 -1 3
3 0 0 0 0 0 0 0 -1 -1 -1 -1 -1 -1 -1 -1 3
0 0 0 0 0 0 0 0 0 0 -1 -1 -1 -1 -1 -1 -1
3 -1 -1 -1 -1 -1 0 0 0 0 0 -1 -1 -1 -1 -1 3
3 -1 -1 -1 -1 -1 -1 -1 0 0 0 0 -1 -1 -1 -1 3
3 -1 -1 -1 -1 -1 -1 -1 -1 0 0 0 0 0 -1 -1 3
3 3 -1 -1 -1 -1 -1 -1 -1 -1 -1 0 0 0 0 3 3
3 3 0 0 0 0 -1 -1 -1 -1 -1 -1 -1 0 0 3 3
3 3 3 0 0 0 0 -1 -1 -1 -1 -1 -1 -1 3 3 3
3 3 3 3 3 0 0 0 -1 -1 -1 -1 3 3 3 3 3
3 3 3 3 3 3 3 3 100 3 3 3 3 3 3 3 3
22:17:44.887363 - stdout :: 0 0
22:17:44.889438 - stdin  :: 11 20 -2 -3
10 29
11 20
3 3 3 3 3 3 3 3 -1 3 3 3 3 3 3 3 3
3 3 3 3 3 -1 -1 -1 -1 -1 -1 -1 3 3 3 3 3
3 3 3 0 0 0 0 0 0 -1 -1 -1 -1 -1 3 3 3
3 3 0 0 0 0 0 0 0 0 0 0 -1 -1 -1 3 3
3 3 0 0 0 0 0 0 0 0 0 0 0 0 -1 3 3
3 -1 -1 -1 -1 -1 -1 -1 -1 0 0 0 0 0 0 0 3
3 -1 -1 -1 -1 -1 -1 -1 -1 -1 -1 -1 0 0 0 0 3
3 -1 -1 -1 -1 -1 -1 -1 -1 -1 -1 -1 -1 0 0 0 3
-1 -1 -1 0 0 0 0 0 0 0 -1 -1 -1 -1 -1 0 -1
3 0 0 0 0 0 0 0 0 0 0 -1 -1 -1 -1 -1 3
3 0 0 0 0 0 0 0 0 0 0 0 0 -1 -1 -1 3
3 0 0 0 -1 -1 -1 -1 -1 0 0 0 0 0 -1 -1 3
3 3 -1 -1 -1 -1 -1 -1 -1 -1 -1 0 0 0 0 3 3
3 3 -1 -1 -1 -1 -1 -1 -1 -1 -1 -1 0 0 0 3 3
3 3 3 0 0 -1 -1 -1 -1 -1 -1 -1 -1 -1 3 3 3
3 3 3 3 3 0 0 0 0 -1 -1 -1 3 3 3 3 3
3 3 3 3 3 3 3 3 0 3 3 3 3 3 3 3 3
22:17:44.932360 - stdout :: 1 1
22:17:44.944126 - stdin  :: 11 20 0 0
7 34
11 20
3 3 3 3 3 3 3 3 -1 3 3 3 3 3 3 3 3
3 3 3 3 3 -1 -1 -1 -1 -1 -1 -1 3 3 3 3 3
3 3 3 0 0 0 0 0 0 -1 -1 -1 -1 -1 3 3 3
3 3 0 0 0 0 0 0 0 0 0 0 -1 -1 -1 3 3
3 3 0 0 0 0 0 0 0 0 0 0 0 0 -1 3 3
3 -1 -1 -1 -1 -1 -1 -1 -1 0 0 0 0 0 0 0 3
3 -1 -1 -1 -1 -1 -1 -1 -1 -1 -1 -1 0 0 0 0 3
3 -1 -1 -1 -1 -1 -1 -1 -1 -1 -1 -1 -1 0 0 0 3
-1 -1 -1 0 0 0 0 0 0 0 -1 -1 -1 -1 -1 0 -1
3 0 0 0 0 0 0 0 0 0 0 -1 -1 -1 -1 -1 3
3 0 0 0 0 0 0 0 0 0 0 0 0 -1 -1 -1 3
3 0 0 0 -1 -1 -1 -1 -1 0 0 0 0 0 -1 -1 3
3 3 -1 -1 -1 -1 -1 -1 -1 -1 -1 0 0 0 0 3 3
3 3 -1 -1 -1 -1 -1 -1 -1 -1 -1 -1 0 0 0 3 3
3 3 3 0 0 -1 -1 -1 -1 -1 -1 -1 -1 -1 3 3 3
3 3 3 3 3 0 0 0 0 -1 -1 -1 3 3 3 3 3
3 3 3 3 3 3 3 3 0 3 3 3 3 3 3 3 3
22:17:45.226729 - stdout :: 0 -1
22:17:45.229785 - stdin  :: 11 19 0 -1
8 34
11 19
3 3 3 3 3 3 3 3 -1 3 3 3 3 3 3 3 3
3 3 3 3 3 -1 -1 -1 -1 -1 -1 -1 3 3 3 3 3
3 3 3 0 0 0 0 0 0 0 -1 -1 -1 -1 3 3 3
3 3 0 0 0 0 0 0 0 0 0 0 0 -1 -1 3 3
3 3 0 0 0 0 0 0 0 0 0 0 0 0 0 3 3
3 -1 -1 -1 -1 -1 -1 -1 -1 -1 0 0 0 0 0 0 3
3 -1 -1 -1 -1 -1 -1 -1 -1 -1 -1 -1 -1 0 0 0 3
3 -1 -1 -1 -1 -1 -1 -1 -1 -1 -1 -1 -1 -1 0 0 3
-1 -1 -1 -1 0 0 0 0 0 0 0 -1 -1 -1 -1 -1 0
3 -1 0 0 0 0 0 0 0 0 0 0 -1 -1 -1 -1 3
3 0 0 0 0 0 0 0 0 0 0 0 0 0 -1 -1 3
3 0 0 0 0 -1 -1 -1 -1 -1 0 0 0 0 0 -1 3
3 3 -1 -1 -1 -1 -1 -1 -1 -1 -1 -1 0 0 0 3 3
3 3 -1 -1 -1 -1 -1 -1 -1 -1 -1 -1 -1 0 0 3 3
3 3 3 0 0 0 -1 -1 -1 -1 -1 -1 -1 -1 3 3 3
3 3 3 3 3 0 0 0 0 0 -1 -1 3 3 3 3 3
3 3 3 3 3 3 3 3 0 3 3 3 3 3 3 3 3
22:17:45.554531 - stdout :: 0 -1
22:17:45.560939 - stdin  :: 11 17 0 -2
9 34
11 17
3 3 3 3 3 3 3 3 -1 3 3 3 3 3 3 3 3
3 3 3 3 3 -1 -1 -1 -1 -1 -1 -1 3 3 3 3 3
3 3 3 0 0 0 0 0 0 0 0 0 -1 -1 3 3 3
3 3 0 0 0 0 0 0 0 0 0 0 0 0 0 3 3
3 3 -1 0 0 0 0 0 0 0 0 0 0 0 0 3 3
3 -1 -1 -1 -1 -1 -1 -1 -1 -1 -1 -1 0 0 0 0 3
3 -1 -1 -1 -1 -1 -1 -1 -1 -1 -1 -1 -1 -1 -1 0 3
3 -1 -1 -1 -1 -1 -1 -1 -1 -1 -1 -1 -1 -1 -1 -1 3
-1 -1 -1 -1 -1 -1 0 0 0 0 0 0 0 -1 -1 -1 -1
3 -1 -1 -1 0 0 0 0 0 0 0 0 0 0 -1 -1 3
3 -1 0 0 0 0 0 0 0 0 0 0 0 0 0 0 3
3 0 0 0 0 0 0 -1 -1 -1 -1 -1 0 0 0 0 3
3 3 0 0 -1 -1 -1 -1 -1 -1 -1 -1 -1 -1 0 3 3
3 3 -1 -1 -1 -1 -1 -1 -1 -1 -1 -1 -1 -1 -1 3 3
3 3 3 -1 -1 0 0 0 -1 -1 -1 -1 -1 -1 3 3 3
3 3 3 3 3 0 0 0 0 0 0 0 3 3 3 3 3
3 3 3 3 3 3 3 3 0 3 3 3 3 3 3 3 3
22:17:45.861524 - stdout :: 0 0
22:17:45.869730 - stdin  :: 11 15 0 -2
10 34
11 15
3 3 3 3 3 3 3 3 -1 3 3 3 3 3 3 3 3
3 3 3 3 3 0 -1 -1 -1 -1 -1 -1 3 3 3 3 3
3 3 3 0 0 0 0 0 0 0 0 0 0 0 3 3 3
3 3 -1 -1 0 0 0 0 0 0 0 0 0 0 0 3 3
3 3 -1 -1 -1 0 0 0 0 0 0 0 0 0 0 3 3
3 -1 -1 -1 -1 -1 -1 -1 -1 -1 -1 -1 -1 -1 0 0 3
3 -1 -1 -1 -1 -1 -1 -1 -1 -1 -1 -1 -1 -1 -1 -1 3
3 -1 -1 -1 -1 -1 -1 -1 -1 -1 -1 -1 -1 -1 -1 -1 3
-1 -1 -1 -1 -1 -1 -1 -1 0 0 0 0 0 0 0 -1 -1
3 -1 -1 -1 -1 -1 0 0 0 0 0 0 0 0 0 0 3
3 -1 -1 -1 0 0 0 0 0 0 0 0 0 0 0 0 3
3 -1 0 0 0 0 0 0 0 -1 -1 -1 -1 -1 0 0 3
3 3 0 0 0 0 -1 -1 -1 -1 -1 -1 -1 -1 -1 3 3
3 3 0 0 -1 -1 -1 -1 -1 -1 -1 -1 -1 -1 -1 3 3
3 3 3 -1 -1 -1 -1 0 0 0 -1 -1 -1 -1 3 3 3
3 3 3 3 3 0 0 0 0 0 0 0 3 3 3 3 3
3 3 3 3 3 3 3 3 0 3 3 3 3 3 3 3 3
22:17:46.156875 - stdout :: 1 0
22:17:46.160376 - stdin  :: 12 13 1 -2
11 34
12 13
3 3 3 3 3 3 3 3 -1 3 3 3 3 3 3 3 3
3 3 3 3 3 0 0 0 0 0 0 0 3 3 3 3 3
3 3 3 -1 -1 -1 0 0 0 0 0 0 0 0 3 3 3
3 3 -1 -1 -1 -1 -1 0 0 0 0 0 0 0 0 3 3
3 3 -1 -1 -1 -1 -1 -1 -1 -1 -1 -1 -1 -1 -1 3 3
3 -1 -1 -1 -1 -1 -1 -1 -1 -1 -1 -1 -1 -1 -1 -1 3
3 -1 -1 -1 -1 -1 -1 -1 -1 -1 -1 -1 -1 -1 -1 -1 3
3 -1 -1 -1 -1 -1 -1 -1 -1 -1 0 0 0 0 0 0 3
-1 -1 -1 -1 -1 -1 -1 -1 0 0 0 0 0 0 0 0 0
3 -1 -1 -1 -1 -1 0 0 0 0 0 0 0 0 0 0 3
3 -1 -1 -1 0 0 0 0 0 0 0 -1 -1 -1 -1 -1 3
3 -1 -1 0 0 0 0 0 -1 -1 -1 -1 -1 -1 -1 -1 3
3 3 0 0 0 0 -1 -1 -1 -1 -1 -1 -1 -1 -1 3 3
3 3 0 0 0 -1 -1 -1 -1 0 0 0 -1 -1 -1 3 3
3 3 3 0 -1 -1 -1 0 0 0 0 0 0 0 3 3 3
3 3 3 3 3 -1 0 0 0 0 0 0 3 3 3 3 3
3 3 3 3 3 3 3 3 0 3 3 3 3 3 3 3 3
22:17:46.471705 - stdout :: 0 0
22:17:46.475160 - stdin  :: 13 11 1 -2
12 34
13 11
3 3 3 3 3 3 3 3 0 3 3 3 3 3 3 3 3
3 3 3 3 3 -1 -1 -1 0 0 0 0 3 3 3 3 3
3 3 3 -1 -1 -1 -1 -1 -1 0 0 0 0 0 3 3 3
3 3 -1 -1 -1 -1 -1 -1 -1 -1 -1 -1 -1 -1 -1 3 3
3 3 -1 -1 -1 -1 -1 -1 -1 -1 -1 -1 -1 -1 -1 3 3
3 -1 -1 -1 -1 -1 -1 -1 -1 -1 -1 -1 -1 -1 -1 -1 3
3 -1 -1 -1 -1 -1 -1 -1 -1 -1 -1 -1 0 0 0 0 3
3 -1 -1 -1 -1 -1 -1 -1 -1 -1 0 0 0 0 0 0 3
-1 -1 -1 -1 -1 -1 -1 -1 0 0 0 0 0 0 0 0 0
3 -1 -1 -1 -1 -1 0 0 0 0 0 0 0 -1 -1 -1 3
3 -1 -1 -1 -1 0 0 0 0 0 -1 -1 -1 -1 -1 -1 3
3 -1 -1 -1 0 0 0 0 -1 -1 -1 -1 -1 -1 -1 -1 3
3 3 -1 0 0 0 0 -1 -1 -1 -1 0 0 0 -1 3 3
3 3 0 0 0 0 -1 -1 -1 0 0 0 0 0 0 3 3
3 3 3 0 0 -1 -1 -1 0 0 0 0 0 0 3 3 3
3 3 3 3 3 -1 -1 -1 0 0 0 0 3 3 3 3 3
3 3 3 3 3 3 3 3 0 3 3 3 3 3 3 3 3
22:17:46.800767 - stdout :: 0 0
22:17:46.805945 - stdin  :: 14 9 1 -2
13 34
14 9
3 3 3 3 3 3 3 3 -1 3 3 3 3 3 3 3 3
3 3 3 3 3 -1 -1 -1 -1 -1 -1 0 3 3 3 3 3
3 3 3 -1 -1 -1 -1 -1 -1 -1 -1 -1 -1 -1 3 3 3
3 3 -1 -1 -1 -1 -1 -1 -1 -1 -1 -1 -1 -1 -1 3 3
3 3 -1 -1 -1 -1 -1 -1 -1 -1 -1 -1 -1 -1 -1 3 3
3 -1 -1 -1 -1 -1 -1 -1 -1 -1 -1 -1 -1 -1 0 0 3
3 -1 -1 -1 -1 -1 -1 -1 -1 -1 -1 -1 0 0 0 0 3
3 -1 -1 -1 -1 -1 -1 -1 -1 -1 0 0 0 0 0 0 3
-1 -1 -1 -1 -1 -1 -1 -1 0 0 0 0 0 0 0 -1 -1
3 -1 -1 -1 -1 -1 -1 0 0 0 0 0 -1 -1 -1 -1 3
3 -1 -1 -1 -1 -1 0 0 0 0 -1 -1 -1 -1 -1 -1 3
3 -1 -1 -1 -1 0 0 0 0 -1 -1 -1 -1 0 0 0 3
3 3 -1 -1 0 0 0 0 -1 -1 -1 0 0 0 0 3 3
3 3 -1 -1 0 0 0 -1 -1 -1 0 0 0 0 0 3 3
3 3 3 0 0 0 0 -1 -1 -1 0 0 0 0 3 3 3
3 3 3 3 3 0 -1 -1 -1 -1 0 0 3 3 3 3 3
3 3 3 3 3 3 3 3 -1 3 3 3 3 3 3 3 3
22:17:47.138605 - stdout :: 0 1
22:17:47.142838 - stdin  :: 15 8 1 -1
14 34
15 8
3 3 3 3 3 3 3 3 -1 3 3 3 3 3 3 3 3
3 3 3 3 3 -1 -1 -1 -1 -1 -1 -1 3 3 3 3 3
3 3 3 -1 -1 -1 -1 -1 -1 -1 -1 -1 -1 -1 3 3 3
3 3 -1 -1 -1 -1 -1 -1 -1 -1 -1 -1 -1 -1 -1 3 3
3 3 -1 -1 -1 -1 -1 -1 -1 -1 -1 -1 -1 -1 -1 3 3
3 -1 -1 -1 -1 -1 -1 -1 -1 -1 -1 -1 -1 0 0 0 3
3 -1 -1 -1 -1 -1 -1 -1 -1 -1 -1 0 0 0 0 0 3
3 -1 -1 -1 -1 -1 -1 -1 -1 0 0 0 0 0 0 0 3
-1 -1 -1 -1 -1 -1 -1 -1 0 0 0 0 0 -1 -1 -1 -1
3 -1 -1 -1 -1 -1 -1 0 0 0 0 -1 -1 -1 -1 -1 3
3 -1 -1 -1 -1 -1 0 0 0 0 -1 -1 -1 -1 0 0 3
3 -1 -1 -1 -1 0 0 0 0 -1 -1 -1 0 0 0 0 3
3 3 -1 -1 -1 0 0 0 -1 -1 -1 0 0 0 0 3 3
3 3 -1 -1 0 0 0 0 -1 -1 -1 0 0 0 0 3 3
3 3 3 -1 0 0 0 -1 -1 -1 -1 0 0 0 3 3 3
3 3 3 3 3 0 0 -1 -1 -1 -1 0 3 3 3 3 3
3 3 3 3 3 3 3 3 -1 3 3 3 3 3 3 3 3
22:17:47.478223 - stdout :: 0 0
22:17:47.482505 - stdin  :: 16 7 1 -1
15 34
16 7
3 3 3 3 3 3 3 3 -1 3 3 3 3 3 3 3 3
3 3 3 3 3 -1 -1 -1 -1 -1 -1 -1 3 3 3 3 3
3 3 3 -1 -1 -1 -1 -1 -1 -1 -1 -1 -1 -1 3 3 3
3 3 -1 -1 -1 -1 -1 -1 -1 -1 -1 -1 -1 -1 -1 3 3
3 3 -1 -1 -1 -1 -1 -1 -1 -1 -1 -1 -1 -1 0 3 3
3 -1 -1 -1 -1 -1 -1 -1 -1 -1 -1 -1 0 0 0 0 3
3 -1 -1 -1 -1 -1 -1 -1 -1 -1 0 0 0 0 0 0 3
3 -1 -1 -1 -1 -1 -1 -1 -1 0 0 0 0 0 -1 -1 3
-1 -1 -1 -1 -1 -1 -1 -1 0 0 0 0 -1 -1 -1 -1 -1
3 -1 -1 -1 -1 -1 -1 0 0 0 0 -1 -1 -1 -1 0 3
3 -1 -1 -1 -1 -1 0 0 0 0 -1 -1 -1 0 0 0 3
3 -1 -1 -1 -1 -1 0 0 0 -1 -1 -1 0 0 0 0 3
3 3 -1 -1 -1 0 0 0 0 -1 -1 -1 0 0 0 3 3
3 3 -1 -1 -1 0 0 0 -1 -1 -1 -1 0 0 0 3 3
3 3 3 -1 0 0 0 0 -1 -1 -1 -1 0 0 3 3 3
3 3 3 3 3 0 0 0 -1 -1 -1 -1 3 3 3 3 3
3 3 3 3 3 3 3 3 -1 3 3 3 3 3 3 3 3
22:17:47.809536 - stdout :: 0 0
22:17:47.812368 - stdin  :: 17 6 1 -1
16 34
17 6
3 3 3 3 3 3 3 3 -1 3 3 3 3 3 3 3 3
3 3 3 3 3 -1 -1 -1 -1 -1 -1 -1 3 3 3 3 3
3 3 3 -1 -1 -1 -1 -1 -1 -1 -1 -1 -1 -1 3 3 3
3 3 -1 -1 -1 -1 -1 -1 -1 -1 -1 -1 -1 -1 -1 3 3
3 3 -1 -1 -1 -1 -1 -1 -1 -1 -1 -1 -1 0 0 3 3
3 -1 -1 -1 -1 -1 -1 -1 -1 -1 -1 0 0 0 0 0 3
3 -1 -1 -1 -1 -1 -1 -1 -1 -1 0 0 0 0 0 -1 3
3 -1 -1 -1 -1 -1 -1 -1 -1 0 0 0 0 -1 -1 -1 3
-1 -1 -1 -1 -1 -1 -1 -1 0 0 0 0 -1 -1 -1 -1 0
3 -1 -1 -1 -1 -1 -1 0 0 0 0 -1 -1 -1 0 0 3
3 -1 -1 -1 -1 -1 -1 0 0 0 -1 -1 -1 0 0 0 3
3 -1 -1 -1 -1 -1 0 0 0 0 -1 -1 -1 0 0 0 3
3 3 -1 -1 -1 -1 0 0 0 -1 -1 -1 -1 0 0 3 3
3 3 -1 -1 -1 0 0 0 0 -1 -1 -1 -1 0 0 3 3
3 3 3 -1 0 0 0 0 0 -1 -1 -1 -1 0 3 3 3
3 3 3 3 3 0 0 0 0 -1 -1 -1 3 3 3 3 3
3 3 3 3 3 3 3 3 0 3 3 3 3 3 3 3 3
22:17:48.185530 - stdout :: 0 0
22:17:48.189575 - stdin  :: 18 5 1 -1
17 34
18 5
3 3 3 3 3 3 3 3 -1 3 3 3 3 3 3 3 3
3 3 3 3 3 -1 -1 -1 -1 -1 -1 -1 3 3 3 3 3
3 3 3 -1 -1 -1 -1 -1 -1 -1 -1 -1 -1 -1 3 3 3
3 3 -1 -1 -1 -1 -1 -1 -1 -1 -1 -1 -1 -1 0 3 3
3 3 -1 -1 -1 -1 -1 -1 -1 -1 -1 -1 0 0 0 3 3
3 -1 -1 -1 -1 -1 -1 -1 -1 -1 -1 0 0 0 0 0 3
3 -1 -1 -1 -1 -1 -1 -1 -1 -1 0 0 0 0 -1 -1 3
3 -1 -1 -1 -1 -1 -1 -1 -1 0 0 0 0 -1 -1 -1 3
-1 -1 -1 -1 -1 -1 -1 -1 0 0 0 0 -1 -1 -1 0 0
3 -1 -1 -1 -1 -1 -1 -1 0 0 0 -1 -1 -1 0 0 3
3 -1 -1 -1 -1 -1 -1 0 0 0 0 -1 -1 -1 0 0 3
3 -1 -1 -1 -1 -1 -1 0 0 0 -1 -1 -1 -1 0 0 3
3 3 -1 -1 -1 -1 0 0 0 0 -1 -1 -1 -1 0 3 3
3 3 -1 -1 -1 0 0 0 0 0 -1 -1 -1 -1 0 3 3
3 3 3 -1 -1 0 0 0 0 0 -1 -1 -1 0 3 3 3
3 3 3 3 3 0 0 0 0 0 0 0 3 3 3 3 3
3 3 3 3 3 3 3 3 0 3 3 3 3 3 3 3 3
22:17:48.556169 - stdout :: 0 1
22:17:48.560198 - stdin  :: 19 5 1 0
18 34
19 5
3 3 3 3 3 3 3 3 -1 3 3 3 3 3 3 3 3
3 3 3 3 3 -1 -1 -1 -1 -1 -1 -1 3 3 3 3 3
3 3 3 -1 -1 -1 -1 -1 -1 -1 -1 -1 -1 -1 3 3 3
3 3 -1 -1 -1 -1 -1 -1 -1 -1 -1 -1 0 0 0 3 3
3 3 -1 -1 -1 -1 -1 -1 -1 -1 -1 0 0 0 0 3 3
3 -1 -1 -1 -1 -1 -1 -1 -1 -1 0 0 0 0 -1 -1 3
3 -1 -1 -1 -1 -1 -1 -1 -1 0 0 0 0 -1 -1 -1 3
3 -1 -1 -1 -1 -1 -1 -1 0 0 0 0 -1 -1 -1 0 3
-1 -1 -1 -1 -1 -1 -1 -1 0 0 0 -1 -1 -1 0 0 0
3 -1 -1 -1 -1 -1 -1 0 0 0 0 -1 -1 -1 0 0 3
3 -1 -1 -1 -1 -1 -1 0 0 0 -1 -1 -1 -1 0 0 3
3 -1 -1 -1 -1 -1 0 0 0 0 -1 -1 -1 -1 0 0 3
3 3 -1 -1 -1 0 0 0 0 0 -1 -1 -1 -1 0 3 3
3 3 -1 -1 -1 0 0 0 0 0 -1 -1 -1 0 0 3 3
3 3 3 -1 -1 0 0 0 0 0 0 0 0 0 3 3 3
3 3 3 3 3 0 0 0 0 0 0 0 3 3 3 3 3
3 3 3 3 3 3 3 3 0 3 3 3 3 3 3 3 3
22:17:48.731517 - stdout :: 1 0
22:17:48.734986 - stdin  :: 21 5 2 0
19 34
21 5
3 3 3 3 3 3 3 3 -1 3 3 3 3 3 3 3 3
3 3 3 3 3 -1 -1 -1 -1 -1 -1 -1 3 3 3 3 3
3 3 3 -1 -1 -1 -1 -1 -1 -1 -1 0 0 0 3 3 3
3 3 -1 -1 -1 -1 -1 -1 -1 -1 0 0 0 0 -1 3 3
3 3 -1 -1 -1 -1 -1 -1 -1 0 0 0 0 -1 -1 3 3
3 -1 -1 -1 -1 -1 -1 -1 0 0 0 0 -1 -1 -1 0 3
3 -1 -1 -1 -1 -1 -1 -1 0 0 0 -1 -1 -1 0 0 3
3 -1 -1 -1 -1 -1 -1 0 0 0 0 -1 -1 -1 0 0 3
-1 -1 -1 -1 -1 -1 -1 0 0 0 -1 -1 -1 -1 0 0 0
3 -1 -1 -1 -1 -1 0 0 0 0 -1 -1 -1 -1 0 0 3
3 -1 -1 -1 -1 0 0 0 0 0 -1 -1 -1 -1 0 0 3
3 -1 -1 -1 -1 0 0 0 0 0 -1 -1 -1 0 0 0 3
3 3 -1 -1 -1 0 0 0 0 0 0 0 0 0 0 3 3
3 3 -1 -1 -1 0 0 0 0 0 0 0 0 0 0 3 3
3 3 3 -1 -1 -1 0 0 0 0 0 0 0 0 3 3 3
3 3 3 3 3 -1 -1 -1 -1 -1 -1 -1 3 3 3 3 3
3 3 3 3 3 3 3 3 -1 3 3 3 3 3 3 3 3
22:17:48.885437 - stdout :: -1 0
22:17:48.889655 - stdin  :: 22 5 1 0
19 33
22 5
3 3 3 3 3 3 3 3 -1 3 3 3 3 3 3 3 3
3 3 3 3 3 -1 -1 -1 -1 -1 -1 0 3 3 3 3 3
3 3 3 -1 -1 -1 -1 -1 -1 -1 0 0 0 0 3 3 3
3 3 -1 -1 -1 -1 -1 -1 -1 0 0 0 0 -1 -1 3 3
3 3 -1 -1 -1 -1 -1 -1 0 0 0 0 -1 -1 -1 3 3
3 -1 -1 -1 -1 -1 -1 -1 0 0 0 -1 -1 -1 0 0 3
3 -1 -1 -1 -1 -1 -1 0 0 0 0 -1 -1 -1 0 0 3
3 -1 -1 -1 -1 -1 -1 0 0 0 -1 -1 -1 -1 0 0 3
-1 -1 -1 -1 -1 -1 0 0 0 0 -1 -1 -1 -1 0 0 0
3 -1 -1 -1 -1 0 0 0 0 0 -1 -1 -1 -1 0 0 3
3 -1 -1 -1 -1 0 0 0 0 0 -1 -1 -1 0 0 0 3
3 -1 -1 -1 -1 0 0 0 0 0 0 0 0 0 0 0 3
3 3 -1 -1 -1 0 0 0 0 0 0 0 0 0 0 3 3
3 3 -1 -1 -1 -1 0 0 0 0 0 0 0 0 0 3 3
3 3 3 -1 -1 -1 -1 -1 -1 -1 -1 -1 -1 -1 3 3 3
3 3 3 3 3 -1 -1 -1 -1 -1 -1 -1 3 3 3 3 3
3 3 3 3 3 3 3 3 -1 3 3 3 3 3 3 3 3
22:17:49.073922 - stdout :: 1 1
22:17:49.079368 - stdin  :: 24 6 2 1
19 32
24 6
3 3 3 3 3 3 3 3 -1 3 3 3 3 3 3 3 3
3 3 3 3 3 -1 -1 -1 0 0 0 0 3 3 3 3 3
3 3 3 -1 -1 -1 -1 0 0 0 0 -1 -1 -1 3 3 3
3 3 -1 -1 -1 -1 -1 0 0 0 -1 -1 -1 0 0 3 3
3 3 -1 -1 -1 -1 0 0 0 0 -1 -1 -1 0 0 3 3
3 -1 -1 -1 -1 -1 0 0 0 -1 -1 -1 -1 0 0 0 3
3 -1 -1 -1 -1 0 0 0 0 -1 -1 -1 -1 0 0 0 3
3 -1 -1 -1 0 0 0 0 0 -1 -1 -1 -1 0 0 0 3
-1 -1 -1 -1 0 0 0 0 0 -1 -1 -1 0 0 0 0 0
3 -1 -1 -1 0 0 0 0 0 0 0 0 0 0 0 0 3
3 -1 -1 -1 0 0 0 0 0 0 0 0 0 0 0 -1 3
3 -1 -1 -1 -1 0 0 0 0 0 0 0 0 0 -1 -1 3
3 3 -1 -1 -1 -1 -1 -1 -1 -1 -1 -1 -1 -1 -1 3 3
3 3 -1 -1 -1 -1 -1 -1 -1 -1 -1 -1 -1 -1 -1 3 3
3 3 3 -1 -1 -1 -1 -1 -1 -1 -1 -1 -1 -1 3 3 3
3 3 3 3 3 -1 -1 -1 -1 -1 -1 -1 3 3 3 3 3
3 3 3 3 3 3 3 3 -1 3 3 3 3 3 3 3 3
22:17:49.246007 - stdout :: -1 1
22:17:49.248955 - stdin  :: 25 8 1 2
19 31
25 8
3 3 3 3 3 3 3 3 0 3 3 3 3 3 3 3 3
3 3 3 3 3 0 0 0 0 -1 -1 -1 3 3 3 3 3
3 3 3 -1 -1 0 0 0 -1 -1 -1 0 0 0 3 3 3
3 3 -1 -1 0 0 0 0 -1 -1 -1 0 0 0 0 3 3
3 3 -1 -1 0 0 0 -1 -1 -1 -1 0 0 0 0 3 3
3 -1 -1 0 0 0 0 -1 -1 -1 -1 0 0 0 0 0 3
3 -1 0 0 0 0 0 -1 -1 -1 -1 0 0 0 0 0 3
3 -1 0 0 0 0 0 -1 -1 -1 0 0 0 0 0 -1 3
-1 -1 0 0 0 0 0 0 0 0 0 0 0 0 -1 -1 -1
3 -1 0 0 0 0 0 0 0 0 0 0 0 -1 -1 -1 3
3 -1 -1 0 0 0 0 0 0 0 0 0 -1 -1 -1 -1 3
3 -1 -1 -1 -1 -1 -1 -1 -1 -1 -1 -1 -1 -1 -1 -1 3
3 3 -1 -1 -1 -1 -1 -1 -1 -1 -1 -1 -1 -1 -1 3 3
3 3 -1 -1 -1 -1 -1 -1 -1 -1 -1 -1 -1 -1 -1 3 3
3 3 3 -1 -1 -1 -1 -1 -1 -1 -1 -1 -1 -1 3 3 3
3 3 3 3 3 -1 -1 -1 -1 -1 -1 -1 3 3 3 3 3
3 3 3 3 3 3 3 3 -1 3 3 3 3 3 3 3 3
22:17:49.353206 - stdout :: -1 0
22:17:49.358103 - stdin  :: 25 10 0 2
19 30
25 10
3 3 3 3 3 3 3 3 -1 3 3 3 3 3 3 3 3
3 3 3 3 3 0 0 -1 -1 -1 0 0 3 3 3 3 3
3 3 3 0 0 0 -1 -1 -1 0 0 0 0 0 3 3 3
3 3 0 0 0 0 -1 -1 -1 0 0 0 0 0 0 3 3
3 3 0 0 0 -1 -1 -1 -1 0 0 0 0 0 0 3 3
3 0 0 0 0 -1 -1 -1 -1 0 0 0 0 0 -1 -1 3
3 0 0 0 0 -1 -1 -1 -1 0 0 0 0 0 -1 -1 3
3 0 0 0 0 -1 -1 -1 0 0 0 0 0 -1 -1 -1 3
0 0 0 0 0 0 0 0 0 0 0 0 -1 -1 -1 -1 -1
3 0 0 0 0 0 0 0 0 0 0 -1 -1 -1 -1 -1 3
3 0 0 0 0 0 0 0 0 0 -1 -1 -1 -1 -1 -1 3
3 -1 -1 -1 -1 -1 -1 -1 -1 -1 -1 -1 -1 -1 -1 -1 3
3 3 -1 -1 -1 -1 -1 -1 -1 -1 -1 -1 -1 -1 -1 3 3
3 3 -1 -1 -1 -1 -1 -1 -1 -1 -1 -1 -1 -1 -1 3 3
3 3 3 -1 -1 -1 -1 -1 -1 -1 -1 -1 -1 -1 3 3 3
3 3 3 3 3 -1 -1 -1 -1 -1 -1 -1 3 3 3 3 3
3 3 3 3 3 3 3 3 -1 3 3 3 3 3 3 3 3
22:17:49.446922 - stdout :: -1 0
22:17:49.449848 - stdin  :: 24 12 -1 2
18 29
24 12
3 3 3 3 3 3 3 3 -1 3 3 3 3 3 3 3 3
3 3 3 3 3 0 -1 -1 -1 -1 0 0 3 3 3 3 3
3 3 3 0 0 -1 -1 -1 0 0 0 0 0 0 3 3 3
3 3 0 0 -1 -1 -1 0 0 0 0 0 0 0 0 3 3
3 3 0 0 -1 -1 -1 0 0 0 0 0 0 0 0 3 3
3 0 0 -1 -1 -1 -1 0 0 0 0 0 0 -1 -1 0 3
3 0 0 -1 -1 -1 -1 0 0 0 0 0 -1 -1 -1 -1 3
3 0 0 -1 -1 -1 -1 0 0 0 0 0 -1 -1 -1 -1 3
0 0 0 -1 -1 -1 0 0 0 0 0 -1 -1 -1 -1 -1 -1
3 0 0 0 0 0 0 0 0 0 -1 -1 -1 -1 -1 -1 3
3 0 0 0 0 0 0 0 0 -1 -1 -1 -1 -1 -1 -1 3
3 0 0 0 0 0 0 0 -1 -1 -1 -1 -1 -1 -1 -1 3
3 3 -1 -1 -1 -1 -1 -1 -1 -1 -1 -1 -1 -1 -1 3 3
3 3 -1 -1 -1 -1 -1 -1 -1 -1 -1 -1 -1 -1 -1 3 3
3 3 3 -1 -1 -1 -1 -1 -1 -1 -1 -1 -1 -1 3 3 3
3 3 3 3 3 -1 -1 -1 -1 -1 -1 -1 3 3 3 3 3
3 3 3 3 3 3 3 3 -1 3 3 3 3 3 3 3 3
22:17:49.537501 - stdout :: -1 1
22:17:49.540331 - stdin  :: 22 15 -2 3
17 28
22 15
3 3 3 3 3 3 3 3 0 3 3 3 3 3 3 3 3
3 3 3 3 3 0 -1 -1 -1 -1 -1 -1 3 3 3 3 3
3 3 3 0 -1 -1 -1 -1 -1 -1 -1 -1 -1 -1 3 3 3
3 3 0 -1 -1 -1 -1 0 0 0 -1 -1 -1 -1 -1 3 3
3 3 -1 -1 -1 0 0 0 0 0 0 0 0 0 -1 3 3
3 -1 -1 -1 0 0 0 0 0 0 0 0 0 0 0 -1 3
3 -1 -1 -1 0 0 0 0 0 0 0 0 0 0 0 0 3
3 -1 -1 -1 0 0 0 0 0 0 -1 -1 0 0 0 0 3
-1 -1 -1 -1 0 0 0 0 0 -1 -1 -1 -1 -1 0 100 100
3 -1 -1 -1 0 0 0 0 0 -1 -1 -1 -1 -1 -1 100 3
3 -1 -1 0 0 0 0 0 -1 -1 -1 -1 -1 -1 -1 -1 3
3 0 0 0 0 0 0 -1 -1 -1 -1 -1 -1 -1 -1 -1 3
3 3 0 0 0 0 -1 -1 -1 -1 -1 -1 -1 -1 -1 3 3
3 3 0 0 0 -1 -1 -1 -1 -1 -1 -1 -1 -1 -1 3 3
3 3 3 -1 -1 -1 -1 -1 -1 -1 -1 -1 -1 -1 3 3 3
3 3 3 3 3 -1 -1 -1 -1 -1 -1 -1 3 3 3 3 3
3 3 3 3 3 3 3 3 -1 3 3 3 3 3 3 3 3
22:17:49.577974 - stdout :: 0 0
22:17:49.580975 - stdin  :: 20 18 -2 3
16 27
20 18
3 3 3 3 3 3 3 3 0 3 3 3 3 3 3 3 3
3 3 3 3 3 0 0 0 0 0 0 0 3 3 3 3 3
3 3 3 0 0 0 -1 -1 -1 -1 -1 0 0 0 3 3 3
3 3 0 -1 -1 -1 -1 -1 -1 -1 -1 -1 -1 0 0 3 3
3 3 -1 -1 -1 -1 -1 -1 -1 -1 -1 -1 -1 -1 0 3 3
3 -1 -1 -1 0 0 0 -1 -1 -1 -1 -1 -1 -1 -1 -1 3
3 -1 0 0 0 0 0 0 0 0 0 -1 -1 -1 -1 -1 3
3 0 0 0 0 0 0 0 0 0 0 0 -1 -1 -1 -1 3
-1 0 0 0 0 0 0 0 0 0 0 0 0 -1 -1 -1 -1
3 0 0 0 0 0 0 -1 -1 0 0 0 0 100 -1 -1 3
3 0 0 0 0 0 -1 -1 -1 -1 -1 0 100 100 100 -1 3
3 0 0 0 0 0 -1 -1 -1 -1 -1 -1 100 100 100 100 3
3 3 0 0 0 -1 -1 -1 -1 -1 -1 -1 -1 100 100 3 3
3 3 0 0 -1 -1 -1 -1 -1 -1 -1 -1 -1 -1 100 3 3
3 3 3 -1 -1 -1 -1 -1 -1 -1 -1 -1 -1 -1 3 3 3
3 3 3 3 3 -1 -1 -1 -1 -1 -1 -1 3 3 3 3 3
3 3 3 3 3 3 3 3 -1 3 3 3 3 3 3 3 3
22:17:49.610167 - stdout :: 1 -1
22:17:49.613530 - stdin  :: 19 20 -1 2
15 26
19 20
3 3 3 3 3 3 3 3 0 3 3 3 3 3 3 3 3
3 3 3 3 3 0 0 0 0 0 0 -1 3 3 3 3 3
3 3 3 0 0 0 0 0 0 0 0 0 0 -1 3 3 3
3 3 0 0 -1 -1 -1 -1 -1 0 0 0 0 0 -1 3 3
3 3 -1 -1 -1 -1 -1 -1 -1 -1 -1 0 0 0 0 3 3
3 -1 -1 -1 -1 -1 -1 -1 -1 -1 -1 -1 0 0 0 0 3
3 -1 0 0 0 -1 -1 -1 -1 -1 -1 -1 -1 -1 0 0 3
3 0 0 0 0 0 0 0 0 -1 -1 -1 -1 -1 -1 -1 3
0 0 0 0 0 0 0 0 0 0 -1 -1 -1 -1 -1 -1 -1
3 0 0 0 0 0 0 0 0 0 0 -1 -1 -1 -1 -1 3
3 0 0 0 0 -1 -1 0 0 0 0 100 -1 -1 -1 -1 3
3 0 0 0 -1 -1 -1 -1 -1 0 100 100 100 -1 -1 -1 3
3 3 0 0 -1 -1 -1 -1 -1 -1 100 100 100 100 -1 3 3
3 3 0 -1 -1 -1 -1 -1 -1 -1 -1 100 100 100 100 3 3
3 3 3 -1 -1 -1 -1 -1 -1 -1 -1 -1 100 100 3 3 3
3 3 3 3 3 -1 -1 -1 -1 -1 -1 -1 3 3 3 3 3
3 3 3 3 3 3 3 3 -1 3 3 3 3 3 3 3 3
22:17:49.645296 - stdout :: 1 -1
22:17:49.648922 - stdin  :: 19 21 0 1
15 24
19 21
3 3 3 3 3 3 3 3 0 3 3 3 3 3 3 3 3
3 3 3 3 3 0 0 0 0 0 -1 -1 3 3 3 3 3
3 3 3 0 0 0 0 0 0 0 0 0 -1 -1 3 3 3
3 3 0 -1 -1 -1 -1 -1 0 0 0 0 0 -1 -1 3 3
3 3 -1 -1 -1 -1 -1 -1 -1 -1 0 0 0 0 -1 3 3
3 -1 -1 -1 -1 -1 -1 -1 -1 -1 -1 0 0 0 0 0 3
3 0 0 0 -1 -1 -1 -1 -1 -1 -1 -1 -1 0 0 0 3
3 0 0 0 0 0 0 0 -1 -1 -1 -1 -1 -1 -1 0 3
0 0 0 0 0 0 0 0 0 -1 -1 -1 -1 -1 -1 -1 -1
3 0 0 0 0 0 0 0 0 0 -1 -1 -1 -1 -1 -1 3
3 0 0 0 -1 -1 0 0 0 0 100 -1 -1 -1 -1 -1 3
3 0 0 -1 -1 -1 -1 -1 0 100 100 100 -1 -1 -1 -1 3
3 3 0 -1 -1 -1 -1 -1 -1 100 100 100 100 -1 -1 3 3
3 3 -1 -1 -1 -1 -1 -1 -1 -1 100 100 100 100 -1 3 3
3 3 3 -1 -1 -1 -1 -1 -1 -1 -1 100 100 100 3 3 3
3 3 3 3 3 -1 -1 -1 -1 -1 -1 -1 3 3 3 3 3
3 3 3 3 3 3 3 3 -1 3 3 3 3 3 3 3 3
22:17:49.709254 - stdout :: 1 0
22:17:49.715855 - stdin  :: 20 22 1 1
14 23
20 22
3 3 3 3 3 3 3 3 0 3 3 3 3 3 3 3 3
3 3 3 3 3 0 0 0 0 0 0 -1 3 3 3 3 3
3 3 3 -1 -1 -1 -1 0 0 0 0 0 -1 -1 3 3 3
3 3 -1 -1 -1 -1 -1 -1 -1 0 0 0 0 -1 -1 3 3
3 3 -1 -1 -1 -1 -1 -1 -1 -1 0 0 0 0 0 3 3
3 0 0 -1 -1 -1 -1 -1 -1 -1 -1 -1 0 0 0 0 3
3 0 0 0 0 0 0 -1 -1 -1 -1 -1 -1 -1 0 0 3
3 0 0 0 0 0 0 0 -1 -1 -1 -1 -1 -1 -1 -1 3
0 0 0 0 0 0 0 0 0 -1 -1 -1 -1 -1 -1 -1 -1
3 0 0 -1 -1 0 0 0 0 100 -1 -1 -1 -1 -1 -1 3
3 0 -1 -1 -1 -1 -1 0 100 100 100 -1 -1 -1 -1 -1 3
3 0 -1 -1 -1 -1 -1 -1 100 100 100 100 -1 -1 -1 -1 3
3 3 -1 -1 -1 -1 -1 -1 -1 100 100 100 100 -1 -1 3 3
3 3 -1 -1 -1 -1 -1 -1 -1 -1 100 100 100 100 -1 3 3
3 3 3 -1 -1 -1 -1 -1 -1 -1 -1 100 100 -1 3 3 3
3 3 3 3 3 -1 -1 -1 -1 -1 -1 -1 3 3 3 3 3
3 3 3 3 3 3 3 3 -1 3 3 3 3 3 3 3 3
22:17:49.776719 - stdout :: 0 0
22:17:50.335305 - stdin  :: ~~~END~~~
