09:30:13.374525 - control :: Starting bot process.
09:30:13.751014 - control :: Bot has initialised, connecting to server.
09:30:14.219973 - stdin   :: 40 60 3 8
09:30:14.234584 - stdin   :: 3 49 0 0
4 48
3 49
3 50
3 3 3 3 3 3 3 3 -1 3 3 3 3 3 3 3 3
3 3 3 3 3 -1 -1 -1 -1 -1 -1 -1 3 3 3 3 3
3 3 3 -1 -1 -1 -1 -1 -1 -1 -1 -1 -1 -1 3 3 3
3 3 -1 -1 -1 -1 -1 -1 -1 -1 -1 -1 -1 -1 -1 3 3
3 3 -1 -1 -1 -1 -1 -1 -1 -1 -1 -1 -1 -1 -1 3 3
3 -1 -1 -1 -1 -1 -1 -1 -1 -1 -1 -1 -1 -1 -1 -1 3
3 -1 -1 -1 -1 -1 -1 -1 -1 -1 -1 -1 -1 -1 -1 -1 3
3 -1 -1 -1 -1 -1 -1 -1 -1 -1 -1 -1 -1 -1 -1 -1 3
-1 -1 -1 -1 -1 -1 -1 1 1 1 1 1 1 1 1 -1 -1
3 -1 -1 -1 -1 -1 1 1 1 1 1 1 1 1 1 1 3
3 -1 -1 -1 -1 -1 0 1 1 1 1 1 1 1 1 1 3
3 0 -1 -1 -1 -1 0 0 0 0 0 0 0 0 1 1 3
3 3 -1 -1 -1 -1 0 0 0 0 0 0 0 0 0 3 3
3 3 -1 -1 -1 -1 0 0 0 0 0 0 0 0 0 3 3
3 3 3 -1 -1 -1 0 0 0 0 0 0 0 0 3 3 3
3 3 3 3 3 -1 0 0 0 0 0 0 3 3 3 3 3
3 3 3 3 3 3 3 3 0 3 3 3 3 3 3 3 3
09:30:14.243510 - stdout  :: 1 0
09:30:14.279397 - stdin   :: 4 49 1 0
5 48
4 49
3 51
3 3 3 3 3 3 3 3 -1 3 3 3 3 3 3 3 3
3 3 3 3 3 -1 -1 -1 -1 -1 -1 -1 3 3 3 3 3
3 3 3 -1 -1 -1 -1 -1 -1 -1 -1 -1 -1 -1 3 3 3
3 3 -1 -1 -1 -1 -1 -1 -1 -1 -1 -1 -1 -1 -1 3 3
3 3 -1 -1 -1 -1 -1 -1 -1 -1 -1 -1 -1 -1 -1 3 3
3 -1 -1 -1 -1 -1 -1 -1 -1 -1 -1 -1 -1 -1 -1 -1 3
3 -1 -1 -1 -1 -1 -1 -1 -1 -1 -1 -1 -1 -1 -1 -1 3
3 -1 -1 -1 -1 -1 -1 1 1 1 1 1 1 1 1 -1 3
-1 -1 -1 -1 -1 -1 1 1 1 1 1 1 1 1 1 1 -1
3 -1 -1 -1 -1 -1 0 1 1 1 1 1 1 1 1 1 3
3 0 -1 -1 -1 -1 0 0 0 0 0 0 0 0 1 1 3
3 0 -1 -1 -1 -1 0 0 0 0 0 0 0 0 0 1 3
3 3 -1 -1 -1 -1 0 0 0 0 0 0 0 0 0 3 3
3 3 -1 -1 -1 -1 0 0 0 0 0 0 0 0 0 3 3
3 3 3 -1 -1 -1 0 0 0 0 0 0 0 0 3 3 3
3 3 3 3 3 -1 0 0 0 0 0 0 3 3 3 3 3
3 3 3 3 3 3 3 3 0 3 3 3 3 3 3 3 3
09:30:14.289193 - stdout  :: 1 0
09:30:14.318102 - stdin   :: 6 49 2 0
6 48
6 49
3 52
3 3 3 3 3 3 3 3 -1 3 3 3 3 3 3 3 3
3 3 3 3 3 -1 -1 -1 -1 -1 -1 -1 3 3 3 3 3
3 3 3 -1 -1 -1 -1 -1 -1 -1 -1 -1 -1 -1 3 3 3
3 3 -1 -1 -1 -1 -1 -1 -1 -1 -1 -1 -1 -1 -1 3 3
3 3 -1 -1 -1 -1 -1 -1 -1 -1 -1 -1 -1 -1 -1 3 3
3 -1 -1 -1 -1 -1 -1 1 1 1 1 1 1 1 1 -1 3
3 -1 -1 -1 -1 -1 1 1 1 1 1 1 1 1 1 1 3
3 -1 -1 -1 -1 -1 0 1 1 1 1 1 1 1 1 1 3
0 0 -1 -1 -1 -1 0 0 0 0 0 0 0 0 1 1 -1
3 0 -1 -1 -1 -1 0 0 0 0 0 0 0 0 0 1 3
3 0 -1 -1 -1 -1 0 0 0 0 0 0 0 0 0 1 3
3 0 -1 -1 -1 -1 0 0 0 0 0 0 0 0 0 0 3
3 3 -1 -1 -1 -1 0 0 0 0 0 0 0 0 0 3 3
3 3 -1 -1 -1 -1 0 0 0 0 0 0 0 0 0 3 3
3 3 3 -1 -1 -1 -1 0 0 0 0 0 0 0 3 3 3
3 3 3 3 3 -1 -1 -1 -1 0 -1 -1 3 3 3 3 3
3 3 3 3 3 3 3 3 -1 3 3 3 3 3 3 3 3
09:30:14.324445 - stdout  :: 1 1
09:30:14.353560 - stdin   :: 9 50 3 1
7 48
9 50
3 53
3 3 3 3 3 3 3 3 -1 3 3 3 3 3 3 3 3
3 3 3 3 3 -1 -1 -1 -1 -1 -1 -1 3 3 3 3 3
3 3 3 -1 -1 -1 1 1 1 1 1 1 1 1 3 3 3
3 3 -1 -1 -1 1 1 1 1 1 1 1 1 1 1 3 3
3 3 -1 -1 -1 0 1 1 1 1 1 1 1 1 1 3 3
3 -1 -1 -1 -1 0 0 0 0 0 0 0 0 1 1 -1 3
3 -1 -1 -1 -1 0 0 0 0 0 0 0 0 0 1 -1 3
3 -1 -1 -1 -1 0 0 0 0 0 0 0 0 0 1 -1 3
0 -1 -1 -1 -1 0 0 0 0 0 0 0 0 0 0 -1 -1
3 -1 -1 -1 -1 0 0 0 0 0 0 0 0 0 0 -1 3
3 -1 -1 -1 -1 0 0 0 0 0 0 0 0 0 -1 -1 3
3 -1 -1 -1 -1 -1 0 0 0 0 0 0 0 -1 -1 -1 3
3 3 -1 -1 -1 -1 -1 -1 0 -1 -1 -1 -1 -1 -1 3 3
3 3 -1 -1 -1 -1 -1 -1 0 -1 -1 -1 -1 -1 -1 3 3
3 3 3 -1 -1 -1 -1 -1 0 -1 -1 -1 -1 -1 3 3 3
3 3 3 3 3 -1 -1 -1 0 -1 -1 -1 3 3 3 3 3
3 3 3 3 3 3 3 3 0 3 3 3 3 3 3 3 3
09:30:14.358602 - stdout  :: 0 -1
09:30:14.394250 - stdin   :: 12 50 3 0
8 48
12 50
3 54
3 3 3 3 3 3 3 3 1 3 3 3 3 3 3 3 3
3 3 3 3 3 0 1 1 1 1 1 1 3 3 3 3 3
3 3 3 -1 -1 0 0 0 0 0 0 0 0 1 3 3 3
3 3 -1 -1 -1 0 0 0 0 0 0 0 0 0 1 3 3
3 3 -1 -1 -1 0 0 0 0 0 0 0 0 0 1 3 3
3 -1 -1 -1 -1 0 0 0 0 0 0 0 0 0 0 -1 3
3 -1 -1 -1 -1 0 0 0 0 0 0 0 0 0 0 -1 3
3 -1 -1 -1 -1 0 0 0 0 0 0 0 0 0 -1 -1 3
-1 -1 -1 -1 -1 -1 0 0 0 0 0 0 0 -1 -1 -1 -1
3 -1 -1 -1 -1 -1 -1 -1 0 -1 -1 -1 -1 -1 -1 -1 3
3 -1 -1 -1 -1 -1 -1 -1 0 -1 -1 -1 -1 -1 -1 -1 3
3 -1 -1 -1 -1 -1 -1 -1 0 -1 -1 -1 -1 -1 -1 -1 3
3 3 -1 -1 -1 -1 -1 -1 0 -1 -1 -1 -1 -1 -1 3 3
3 3 -1 -1 -1 -1 -1 -1 0 -1 -1 -1 -1 -1 -1 3 3
3 3 3 -1 -1 -1 -1 -1 0 -1 -1 -1 -1 -1 3 3 3
3 3 3 3 3 -1 -1 0 0 0 0 0 3 3 3 3 3
3 3 3 3 3 3 3 3 0 3 3 3 3 3 3 3 3
09:30:14.398688 - stdout  :: 0 0
09:30:14.432895 - stdin   :: 15 50 3 0
9 48
15 50
3 55
3 3 3 3 3 3 3 3 0 3 3 3 3 3 3 3 3
3 3 3 3 3 0 0 0 0 0 0 0 3 3 3 3 3
3 3 3 -1 -1 0 0 0 0 0 0 0 0 0 3 3 3
3 3 -1 -1 -1 0 0 0 0 0 0 0 0 0 0 3 3
3 3 -1 -1 -1 0 0 0 0 0 0 0 0 0 -1 3 3
3 -1 -1 -1 -1 -1 0 0 0 0 0 0 0 -1 -1 -1 3
3 -1 -1 -1 -1 -1 -1 -1 0 -1 -1 -1 -1 -1 -1 -1 3
3 -1 -1 -1 -1 -1 -1 -1 0 -1 -1 -1 -1 -1 -1 -1 3
-1 -1 -1 -1 -1 -1 -1 -1 0 -1 -1 -1 -1 -1 -1 -1 -1
3 -1 -1 -1 -1 -1 -1 -1 0 -1 -1 -1 -1 -1 -1 -1 3
3 -1 -1 -1 -1 -1 -1 -1 0 -1 -1 -1 -1 -1 -1 -1 3
3 -1 -1 -1 -1 -1 -1 -1 0 -1 -1 -1 -1 -1 -1 -1 3
3 3 -1 -1 -1 -1 -1 0 0 0 0 0 -1 -1 -1 3 3
3 3 -1 -1 -1 -1 0 0 0 0 0 0 0 -1 -1 3 3
3 3 3 -1 -1 -1 0 0 0 0 0 0 0 0 3 3 3
3 3 3 3 3 -1 0 0 0 0 0 0 3 3 3 3 3
3 3 3 3 3 3 3 3 0 3 3 3 3 3 3 3 3
09:30:14.437061 - stdout  :: 0 0
09:30:14.475191 - stdin   :: 18 50 3 0
10 48
18 50
4 55
3 3 3 3 3 3 3 3 0 3 3 3 3 3 3 3 3
3 3 3 3 3 0 0 0 0 0 0 0 3 3 3 3 3
3 3 3 -1 -1 -1 0 0 0 0 0 0 0 -1 3 3 3
3 3 -1 -1 -1 -1 -1 -1 0 -1 -1 -1 -1 -1 -1 3 3
3 3 -1 -1 -1 -1 -1 -1 0 -1 -1 -1 -1 -1 -1 3 3
3 -1 -1 -1 -1 -1 -1 -1 0 -1 -1 -1 -1 -1 -1 -1 3
3 -1 -1 -1 -1 -1 -1 -1 0 -1 -1 -1 -1 -1 -1 -1 3
3 -1 -1 -1 -1 -1 -1 -1 0 -1 -1 -1 -1 -1 -1 -1 3
-1 -1 -1 -1 -1 -1 -1 -1 0 -1 -1 -1 -1 -1 -1 -1 -1
3 -1 -1 -1 -1 -1 -1 0 0 0 0 0 -1 -1 -1 -1 3
3 -1 -1 -1 -1 -1 0 0 0 0 0 0 0 -1 -1 -1 3
3 -1 -1 -1 -1 -1 0 0 0 0 0 0 0 0 -1 -1 3
3 3 -1 -1 -1 -1 0 0 0 0 0 0 0 0 -1 3 3
3 3 -1 -1 -1 -1 0 0 0 0 0 0 0 0 -1 3 3
3 3 3 -1 -1 -1 0 0 0 0 0 0 0 0 3 3 3
3 3 3 3 3 -1 0 0 0 0 0 0 3 3 3 3 3
3 3 3 3 3 3 3 3 0 3 3 3 3 3 3 3 3
09:30:14.479220 - stdout  :: 0 0
09:30:14.511423 - stdin   :: 21 50 3 0
11 48
21 50
4 56
3 3 3 3 3 3 3 3 0 3 3 3 3 3 3 3 3
3 3 3 3 3 -1 -1 -1 0 -1 -1 -1 3 3 3 3 3
3 3 3 -1 -1 -1 -1 -1 0 -1 -1 -1 -1 -1 3 3 3
3 3 -1 -1 -1 -1 -1 -1 0 -1 -1 -1 -1 -1 -1 3 3
3 3 -1 -1 -1 -1 -1 -1 0 -1 -1 -1 -1 -1 -1 3 3
3 -1 -1 -1 -1 -1 -1 -1 0 -1 -1 -1 -1 -1 -1 -1 3
3 -1 -1 -1 -1 -1 -1 0 0 0 0 0 -1 -1 -1 -1 3
3 -1 -1 -1 -1 -1 0 0 0 0 0 0 0 -1 -1 -1 3
-1 -1 -1 -1 -1 -1 0 0 0 0 0 0 0 0 -1 -1 -1
3 -1 -1 -1 -1 -1 0 0 0 0 0 0 0 0 -1 -1 3
3 0 -1 -1 -1 -1 0 0 0 0 0 0 0 0 -1 -1 3
3 -1 0 -1 -1 -1 0 0 0 0 0 0 0 0 -1 -1 3
3 3 0 -1 -1 -1 0 0 0 0 0 0 0 0 -1 3 3
3 3 0 -1 -1 -1 -1 0 0 0 0 0 0 -1 -1 3 3
3 3 3 -1 -1 -1 -1 -1 0 -1 -1 -1 -1 -1 3 3 3
3 3 3 3 3 -1 -1 -1 0 -1 -1 -1 3 3 3 3 3
3 3 3 3 3 3 3 3 0 3 3 3 3 3 3 3 3
09:30:14.515999 - stdout  :: 0 0
09:30:14.564211 - stdin   :: 24 50 3 0
12 48
24 50
5 56
3 3 3 3 3 3 3 3 0 3 3 3 3 3 3 3 3
3 3 3 3 3 -1 -1 -1 0 -1 -1 -1 3 3 3 3 3
3 3 3 -1 -1 -1 -1 -1 0 -1 -1 -1 -1 -1 3 3 3
3 3 -1 -1 -1 -1 -1 0 0 0 0 0 -1 -1 -1 3 3
3 3 -1 -1 -1 -1 0 0 0 0 0 0 0 -1 -1 3 3
3 -1 -1 -1 -1 -1 0 0 0 0 0 0 0 0 -1 -1 3
3 -1 -1 -1 -1 -1 0 0 0 0 0 0 0 0 -1 -1 3
3 0 -1 -1 -1 -1 0 0 0 0 0 0 0 0 -1 -1 3
-1 -1 0 -1 -1 -1 0 0 0 0 0 0 0 0 -1 -1 -1
3 -1 0 -1 -1 -1 0 0 0 0 0 0 0 0 -1 -1 3
3 -1 0 -1 -1 -1 -1 0 0 0 0 0 0 -1 -1 -1 3
3 -1 0 -1 -1 -1 -1 -1 0 -1 -1 -1 -1 -1 -1 -1 3
3 3 0 -1 -1 -1 -1 -1 0 -1 -1 -1 -1 -1 -1 3 3
3 3 0 -1 -1 -1 -1 -1 0 -1 -1 -1 -1 -1 -1 3 3
3 3 3 -1 -1 -1 -1 -1 0 -1 -1 -1 -1 -1 3 3 3
3 3 3 3 3 -1 -1 0 0 0 0 -1 3 3 3 3 3
3 3 3 3 3 3 3 3 0 3 3 3 3 3 3 3 3
09:30:14.570382 - stdout  :: 0 0
09:30:14.629167 - stdin   :: 27 50 3 0
12 49
27 50
6 56
3 3 3 3 3 3 3 3 0 3 3 3 3 3 3 3 3
3 3 3 3 3 -1 0 0 0 0 0 0 3 3 3 3 3
3 3 3 -1 -1 -1 0 0 0 0 0 0 0 0 3 3 3
3 3 -1 -1 -1 -1 0 0 0 0 0 0 0 0 -1 3 3
3 3 -1 -1 -1 -1 0 0 0 0 0 0 0 0 -1 3 3
3 -1 0 -1 -1 -1 0 0 0 0 0 0 0 0 -1 -1 3
3 -1 0 -1 -1 -1 0 0 0 0 0 0 0 0 -1 -1 3
3 -1 0 -1 -1 -1 -1 0 0 0 0 0 0 -1 -1 -1 3
-1 -1 0 -1 -1 -1 -1 -1 0 -1 -1 -1 -1 -1 -1 -1 -1
3 -1 0 -1 -1 -1 -1 -1 0 -1 -1 -1 -1 -1 -1 -1 3
3 -1 0 -1 -1 -1 -1 -1 0 -1 -1 -1 -1 -1 -1 -1 3
3 0 -1 -1 -1 -1 -1 -1 0 -1 -1 -1 -1 -1 -1 -1 3
3 3 -1 -1 -1 -1 -1 0 0 0 0 -1 -1 -1 -1 3 3
3 3 -1 -1 -1 -1 0 0 0 0 0 0 -1 -1 -1 3 3
3 3 3 -1 -1 -1 0 0 0 0 0 0 0 -1 3 3 3
3 3 3 3 3 -1 0 0 0 0 0 0 3 3 3 3 3
3 3 3 3 3 3 3 3 0 3 3 3 3 3 3 3 3
09:30:14.633485 - stdout  :: 0 0
09:30:14.670723 - stdin   :: 30 50 3 0
12 50
30 50
7 56
3 3 3 3 3 3 3 3 0 3 3 3 3 3 3 3 3
3 3 3 3 3 -1 0 0 0 0 0 0 3 3 3 3 3
3 3 3 -1 -1 -1 0 0 0 0 0 0 0 0 3 3 3
3 3 0 -1 -1 -1 0 0 0 0 0 0 0 0 -1 3 3
3 3 0 -1 -1 -1 -1 0 0 0 0 0 0 -1 -1 3 3
3 -1 0 -1 -1 -1 -1 -1 0 -1 -1 -1 -1 -1 -1 -1 3
3 -1 0 -1 -1 -1 -1 -1 0 -1 -1 -1 -1 -1 -1 -1 3
3 -1 0 -1 -1 -1 -1 -1 0 -1 -1 -1 -1 -1 -1 -1 3
-1 0 -1 -1 -1 -1 -1 -1 0 -1 -1 -1 -1 -1 -1 -1 -1
3 -1 -1 -1 -1 -1 -1 0 0 0 0 -1 -1 -1 -1 -1 3
3 -1 -1 -1 -1 -1 0 0 0 0 0 0 -1 -1 -1 -1 3
3 -1 -1 -1 -1 -1 0 0 0 0 0 0 0 -1 -1 -1 3
3 3 -1 -1 -1 -1 0 0 0 0 0 0 0 -1 -1 3 3
3 3 0 0 0 0 0 0 0 0 0 0 0 -1 -1 3 3
3 3 3 -1 -1 -1 -1 0 0 0 0 0 0 -1 3 3 3
3 3 3 3 3 -1 -1 -1 0 0 0 0 3 3 3 3 3
3 3 3 3 3 3 3 3 -1 3 3 3 3 3 3 3 3
09:30:14.676348 - stdout  :: 0 1
09:30:14.734553 - stdin   :: 33 51 3 1
12 51
33 51
8 56
3 3 3 3 3 3 3 3 0 3 3 3 3 3 3 3 3
3 3 3 3 3 -1 0 0 0 0 0 0 3 3 3 3 3
3 3 3 -1 -1 -1 -1 0 -1 -1 -1 -1 -1 -1 3 3 3
3 3 -1 -1 -1 -1 -1 0 -1 -1 -1 -1 -1 -1 -1 3 3
3 3 -1 -1 -1 -1 -1 0 -1 -1 -1 -1 -1 -1 -1 3 3
3 -1 -1 -1 -1 -1 -1 0 -1 -1 -1 -1 -1 -1 -1 -1 3
3 -1 -1 -1 -1 -1 0 0 0 0 -1 -1 -1 -1 -1 -1 3
3 -1 -1 -1 -1 0 0 0 0 0 0 -1 -1 -1 -1 -1 3
-1 -1 -1 -1 -1 0 0 0 0 0 0 0 -1 -1 -1 -1 -1
3 -1 -1 -1 -1 0 0 0 0 0 0 0 -1 -1 -1 -1 3
3 0 0 0 0 0 0 0 0 0 0 0 -1 -1 -1 -1 3
3 -1 -1 -1 -1 -1 0 0 0 0 0 0 -1 -1 -1 -1 3
3 3 -1 -1 -1 -1 -1 0 0 0 0 -1 -1 -1 -1 3 3
3 3 -1 -1 -1 -1 -1 -1 -1 -1 -1 -1 -1 -1 -1 3 3
3 3 3 -1 -1 -1 -1 -1 -1 -1 -1 -1 -1 -1 3 3 3
3 3 3 3 3 -1 -1 -1 -1 -1 -1 -1 3 3 3 3 3
3 3 3 3 3 3 3 3 -1 3 3 3 3 3 3 3 3
09:30:14.741547 - stdout  :: -1 -1
09:30:14.786435 - stdin   :: 35 51 2 0
12 52
35 51
9 56
3 3 3 3 3 3 3 3 -1 3 3 3 3 3 3 3 3
3 3 3 3 3 -1 -1 0 -1 -1 -1 -1 3 3 3 3 3
3 3 3 -1 -1 -1 -1 0 -1 -1 -1 -1 -1 -1 3 3 3
3 3 -1 -1 -1 -1 -1 0 -1 -1 -1 -1 -1 -1 -1 3 3
3 3 -1 -1 -1 -1 0 0 0 0 -1 -1 -1 -1 -1 3 3
3 -1 -1 -1 -1 0 0 0 0 0 0 -1 -1 -1 -1 -1 3
3 -1 -1 -1 -1 0 0 0 0 0 0 0 -1 -1 -1 -1 3
3 -1 -1 -1 -1 0 0 0 0 0 0 0 -1 -1 -1 -1 3
0 0 0 0 0 0 0 0 0 0 0 0 -1 -1 -1 -1 -1
3 -1 -1 -1 -1 -1 0 0 0 0 0 0 -1 -1 -1 -1 3
3 -1 -1 -1 -1 -1 -1 0 0 0 0 -1 -1 -1 -1 -1 3
3 -1 -1 -1 -1 -1 -1 -1 -1 -1 -1 -1 -1 -1 -1 -1 3
3 3 -1 -1 -1 -1 -1 -1 -1 -1 -1 -1 -1 -1 -1 3 3
3 3 -1 -1 -1 -1 -1 -1 -1 -1 -1 -1 -1 -1 -1 3 3
3 3 3 -1 -1 -1 -1 -1 -1 -1 -1 -1 -1 -1 3 3 3
3 3 3 3 3 -1 -1 -1 -1 -1 -1 -1 3 3 3 3 3
3 3 3 3 3 3 3 3 -1 3 3 3 3 3 3 3 3
09:30:14.793287 - stdout  :: -1 -1
09:30:14.851806 - stdin   :: 36 50 1 -1
12 53
36 50
10 56
3 3 3 3 3 3 3 3 0 3 3 3 3 3 3 3 3
3 3 3 3 3 -1 -1 -1 0 -1 -1 -1 3 3 3 3 3
3 3 3 -1 -1 -1 -1 -1 0 -1 -1 -1 -1 -1 3 3 3
3 3 -1 -1 -1 -1 -1 0 0 0 0 -1 -1 -1 -1 3 3
3 3 -1 -1 -1 -1 0 0 0 0 0 0 -1 -1 -1 3 3
3 -1 -1 -1 -1 -1 0 0 0 0 0 0 0 -1 -1 -1 3
3 -1 -1 -1 -1 -1 0 0 0 0 0 0 0 -1 -1 -1 3
3 0 0 0 0 0 0 0 0 0 0 0 0 -1 -1 -1 3
-1 -1 -1 -1 -1 -1 -1 0 0 0 0 0 0 -1 -1 -1 -1
3 -1 -1 -1 -1 -1 -1 -1 0 0 0 0 -1 -1 -1 -1 3
3 -1 -1 -1 -1 -1 -1 -1 -1 -1 -1 -1 -1 -1 -1 -1 3
3 -1 -1 -1 -1 -1 -1 -1 -1 -1 -1 -1 -1 -1 -1 -1 3
3 3 -1 -1 -1 -1 -1 -1 -1 -1 -1 -1 -1 -1 -1 3 3
3 3 -1 -1 -1 -1 -1 -1 -1 -1 -1 -1 -1 -1 -1 3 3
3 3 3 -1 -1 -1 -1 -1 -1 -1 -1 -1 -1 -1 3 3 3
3 3 3 3 3 -1 -1 -1 -1 -1 -1 -1 3 3 3 3 3
3 3 3 3 3 3 3 3 -1 3 3 3 3 3 3 3 3
09:30:14.858666 - stdout  :: -1 0
09:30:14.896020 - stdin   :: 36 49 0 -1
12 54
36 49
10 55
3 3 3 3 3 3 3 3 -1 3 3 3 3 3 3 3 3
3 3 3 3 3 -1 -1 -1 -1 0 -1 -1 3 3 3 3 3
3 3 3 -1 -1 -1 -1 -1 -1 0 -1 -1 -1 -1 3 3 3
3 3 -1 -1 -1 -1 -1 -1 0 0 0 0 -1 -1 -1 3 3
3 3 -1 -1 -1 -1 -1 0 0 0 0 0 0 -1 -1 3 3
3 -1 -1 -1 -1 -1 -1 0 0 0 0 0 0 0 -1 -1 3
3 -1 -1 -1 -1 -1 -1 0 0 0 0 0 0 0 -1 -1 3
3 0 0 0 0 0 0 0 0 0 0 0 0 0 -1 -1 3
-1 -1 -1 -1 -1 -1 -1 -1 0 0 0 0 0 0 -1 -1 -1
3 -1 -1 -1 -1 -1 -1 -1 -1 0 0 0 0 -1 -1 -1 3
3 -1 -1 -1 -1 -1 -1 -1 -1 -1 -1 -1 -1 -1 -1 -1 3
3 -1 -1 -1 -1 -1 -1 -1 -1 -1 -1 -1 -1 -1 -1 -1 3
3 3 -1 -1 -1 -1 -1 -1 -1 -1 -1 -1 -1 -1 -1 3 3
3 3 -1 -1 -1 -1 -1 -1 -1 -1 -1 -1 -1 -1 -1 3 3
3 3 3 -1 -1 -1 -1 -1 -1 -1 -1 -1 -1 -1 3 3 3
3 3 3 3 3 -1 -1 -1 -1 -1 -1 -1 3 3 3 3 3
3 3 3 3 3 3 3 3 -1 3 3 3 3 3 3 3 3
09:30:14.899595 - stdout  :: -1 -1
09:30:14.966649 - stdin   :: 35 47 -1 -2
11 54
35 47
11 55
3 3 3 3 3 3 3 3 -1 3 3 3 3 3 3 3 3
3 3 3 3 3 0 -1 -1 -1 -1 -1 0 3 3 3 3 3
3 3 3 -1 -1 0 -1 -1 -1 -1 -1 0 -1 -1 3 3 3
3 3 -1 -1 0 -1 -1 -1 -1 -1 -1 0 -1 -1 -1 3 3
3 3 -1 0 -1 -1 -1 -1 -1 -1 0 0 0 0 -1 3 3
3 0 0 -1 -1 -1 -1 -1 -1 0 0 0 0 0 0 -1 3
3 0 -1 -1 -1 -1 -1 -1 -1 0 0 0 0 0 0 0 3
3 -1 -1 -1 -1 -1 -1 -1 -1 0 0 0 0 0 0 0 3
0 0 0 0 0 0 0 0 0 0 0 0 0 0 0 0 -1
3 -1 -1 -1 -1 -1 -1 -1 -1 -1 0 0 0 0 0 0 3
3 -1 -1 -1 -1 -1 -1 -1 -1 -1 -1 0 0 0 0 -1 3
3 -1 -1 -1 -1 -1 -1 -1 -1 -1 -1 -1 -1 -1 -1 -1 3
3 3 -1 -1 -1 -1 -1 -1 -1 -1 -1 -1 -1 -1 -1 3 3
3 3 -1 -1 -1 -1 -1 -1 -1 -1 -1 -1 -1 -1 -1 3 3
3 3 3 -1 -1 -1 -1 -1 -1 -1 -1 -1 -1 -1 3 3 3
3 3 3 3 3 -1 -1 -1 -1 -1 -1 -1 3 3 3 3 3
3 3 3 3 3 3 3 3 -1 3 3 3 3 3 3 3 3
09:30:14.972234 - stdout  :: 1 -1
09:30:15.014195 - stdin   :: 35 44 0 -3
10 54
35 44
12 54
3 3 3 3 3 3 3 3 0 3 3 3 3 3 3 3 3
3 3 3 3 3 -1 -1 -1 0 -1 -1 -1 3 3 3 3 3
3 3 3 0 -1 -1 -1 -1 0 -1 -1 -1 -1 -1 3 3 3
3 3 0 0 0 -1 -1 0 -1 -1 -1 -1 -1 -1 0 3 3
3 3 0 0 0 -1 0 -1 -1 -1 -1 -1 -1 0 0 3 3
3 0 0 0 0 0 -1 -1 -1 -1 -1 -1 0 0 0 0 3
3 0 0 0 0 -1 -1 -1 -1 -1 -1 -1 0 0 0 0 3
3 0 0 0 -1 -1 -1 -1 -1 -1 -1 -1 0 0 0 0 3
0 0 0 0 0 0 0 0 0 0 0 0 0 0 0 0 0
3 0 0 -1 -1 -1 -1 -1 -1 -1 -1 -1 -1 0 0 0 3
3 -1 -1 -1 -1 -1 -1 -1 -1 -1 -1 -1 -1 -1 0 0 3
3 -1 -1 -1 -1 -1 -1 -1 -1 -1 -1 -1 -1 -1 -1 -1 3
3 3 -1 -1 -1 -1 -1 -1 -1 -1 -1 -1 -1 -1 -1 3 3
3 3 -1 -1 -1 -1 -1 -1 -1 -1 -1 -1 -1 -1 -1 3 3
3 3 3 -1 -1 -1 -1 -1 -1 -1 -1 -1 -1 -1 3 3 3
3 3 3 3 3 -1 -1 -1 -1 -1 -1 -1 3 3 3 3 3
3 3 3 3 3 3 3 3 -1 3 3 3 3 3 3 3 3
09:30:15.017666 - stdout  :: 0 0
09:30:15.049614 - stdin   :: 35 41 0 -3
9 54
35 41
12 53
3 3 3 3 3 3 3 3 -1 3 3 3 3 3 3 3 3
3 3 3 3 3 0 -1 -1 -1 -1 -1 0 3 3 3 3 3
3 3 3 0 0 0 0 -1 -1 -1 -1 0 -1 -1 3 3 3
3 3 0 0 0 0 0 0 -1 -1 0 -1 -1 -1 -1 3 3
3 3 0 0 0 0 0 0 -1 0 -1 -1 -1 -1 -1 3 3
3 0 0 0 0 0 0 0 0 -1 -1 -1 -1 -1 -1 0 3
3 0 0 0 0 0 0 0 -1 -1 -1 -1 -1 -1 -1 0 3
3 0 0 0 0 0 0 -1 -1 -1 -1 -1 -1 -1 -1 0 3
0 0 0 0 0 0 0 0 0 0 0 0 0 0 0 0 0
3 0 0 0 0 0 -1 -1 -1 -1 -1 -1 -1 -1 -1 -1 3
3 0 0 0 -1 -1 -1 -1 -1 -1 -1 -1 -1 -1 -1 -1 3
3 -1 -1 -1 -1 -1 -1 -1 -1 -1 -1 -1 -1 -1 -1 -1 3
3 3 -1 -1 -1 -1 -1 -1 -1 -1 -1 -1 -1 -1 -1 3 3
3 3 -1 -1 -1 -1 -1 -1 -1 -1 -1 -1 -1 -1 -1 3 3
3 3 3 -1 -1 -1 -1 -1 -1 -1 -1 -1 -1 -1 3 3 3
3 3 3 3 3 -1 -1 -1 -1 -1 -1 -1 3 3 3 3 3
3 3 3 3 3 3 3 3 -1 3 3 3 3 3 3 3 3
09:30:15.053142 - stdout  :: -1 0
09:30:15.095471 - stdin   :: 34 38 -1 -3
8 54
34 38
12 52
3 3 3 3 3 3 3 3 -1 3 3 3 3 3 3 3 3
3 3 3 3 3 0 0 0 -1 -1 -1 -1 3 3 3 3 3
3 3 3 0 0 0 0 0 0 -1 -1 -1 -1 -1 3 3 3
3 3 0 0 0 0 0 0 0 0 -1 -1 -1 -1 0 3 3
3 3 0 0 0 0 0 0 0 0 0 -1 -1 0 -1 3 3
3 0 0 0 0 0 0 0 0 0 0 -1 0 -1 -1 -1 3
3 0 0 0 0 0 0 0 0 0 0 0 -1 -1 -1 -1 3
3 0 0 0 0 0 0 0 0 0 0 -1 -1 -1 -1 -1 3
0 0 0 0 0 0 0 0 0 0 -1 -1 -1 -1 -1 -1 -1
3 0 0 0 0 0 0 0 0 0 0 0 0 0 0 0 3
3 0 0 0 0 0 0 0 0 -1 -1 -1 -1 -1 -1 -1 3
3 0 0 0 0 0 0 -1 -1 -1 -1 -1 -1 -1 -1 -1 3
3 3 -1 -1 -1 -1 -1 -1 -1 -1 -1 -1 -1 -1 -1 3 3
3 3 -1 -1 -1 -1 -1 -1 -1 -1 -1 -1 -1 -1 -1 3 3
3 3 3 -1 -1 -1 -1 -1 -1 -1 -1 -1 -1 -1 3 3 3
3 3 3 3 3 -1 -1 -1 -1 -1 -1 -1 3 3 3 3 3
3 3 3 3 3 3 3 3 -1 3 3 3 3 3 3 3 3
09:30:15.103424 - stdout  :: 1 0
09:30:15.129537 - stdin   :: 34 35 0 -3
7 54
34 35
12 51
3 3 3 3 3 3 3 3 -1 3 3 3 3 3 3 3 3
3 3 3 3 3 0 0 0 0 0 0 -1 3 3 3 3 3
3 3 3 0 0 0 0 0 0 0 0 0 -1 -1 3 3 3
3 3 0 0 0 0 0 0 0 0 0 0 0 -1 -1 3 3
3 3 0 0 0 0 0 0 0 0 0 0 0 0 -1 3 3
3 0 0 0 0 0 0 0 0 0 0 0 0 0 -1 0 3
3 0 0 0 0 0 0 0 0 0 0 0 0 0 0 -1 3
3 0 0 0 0 0 0 0 0 0 0 0 0 0 -1 -1 3
0 0 0 0 0 0 0 0 0 0 0 0 0 -1 -1 -1 -1
3 0 0 0 0 0 0 0 0 0 0 0 0 0 0 0 3
3 0 0 0 0 0 0 0 0 0 0 0 -1 -1 -1 -1 3
3 -1 0 0 0 0 0 0 0 0 -1 -1 -1 -1 -1 -1 3
3 3 -1 -1 -1 -1 -1 -1 -1 -1 -1 -1 -1 -1 -1 3 3
3 3 -1 -1 -1 -1 -1 -1 -1 -1 -1 -1 -1 -1 -1 3 3
3 3 3 -1 -1 -1 -1 -1 -1 -1 -1 -1 -1 -1 3 3 3
3 3 3 3 3 -1 -1 -1 -1 -1 -1 -1 3 3 3 3 3
3 3 3 3 3 3 3 3 -1 3 3 3 3 3 3 3 3
09:30:15.134979 - stdout  :: 1 0
09:30:15.165847 - stdin   :: 35 32 1 -3
6 54
35 32
12 50
3 3 3 3 3 3 3 3 0 3 3 3 3 3 3 3 3
3 3 3 3 3 0 0 0 0 0 0 0 3 3 3 3 3
3 3 3 -1 0 0 0 0 0 0 0 0 0 0 3 3 3
3 3 -1 0 0 0 0 0 0 0 0 0 0 0 0 3 3
3 3 -1 0 0 0 0 0 0 0 0 0 0 0 0 3 3
3 -1 -1 0 0 0 0 0 0 0 0 0 0 0 0 0 3
3 -1 -1 0 0 0 0 0 0 0 0 0 0 0 0 0 3
3 -1 -1 0 0 0 0 0 0 0 0 0 0 0 0 0 3
-1 -1 -1 0 0 0 0 0 0 0 0 0 0 0 0 0 0
3 -1 -1 0 0 0 0 0 0 0 0 0 0 0 0 -1 3
3 -1 -1 -1 -1 0 0 0 0 0 0 0 0 -1 -1 -1 3
3 -1 -1 -1 -1 -1 -1 -1 -1 -1 -1 -1 -1 -1 -1 -1 3
3 3 -1 -1 -1 -1 -1 -1 -1 -1 -1 -1 -1 -1 -1 3 3
3 3 -1 -1 -1 -1 -1 -1 -1 -1 -1 -1 -1 -1 -1 3 3
3 3 3 -1 -1 -1 -1 -1 -1 -1 -1 -1 -1 -1 3 3 3
3 3 3 3 3 -1 -1 -1 -1 -1 -1 -1 3 3 3 3 3
3 3 3 3 3 3 3 3 -1 3 3 3 3 3 3 3 3
09:30:15.174086 - stdout  :: -1 1
09:30:15.207673 - stdin   :: 35 30 0 -2
5 54
35 30
13 50
3 3 3 3 3 3 3 3 -1 3 3 3 3 3 3 3 3
3 3 3 3 3 -1 0 0 0 0 0 0 3 3 3 3 3
3 3 3 -1 -1 -1 0 0 0 0 0 0 0 0 3 3 3
3 3 -1 -1 -1 0 0 0 0 0 0 0 0 0 0 3 3
3 3 -1 -1 -1 0 0 0 0 0 0 0 0 0 0 3 3
3 -1 -1 -1 -1 0 0 0 0 0 0 0 0 0 0 0 3
3 -1 -1 -1 -1 0 0 0 0 0 0 0 0 0 0 0 3
3 -1 -1 -1 -1 0 0 0 0 0 0 0 0 0 0 0 3
-1 -1 -1 -1 -1 0 0 0 0 0 0 0 0 0 0 0 0
3 -1 -1 -1 -1 0 0 0 0 0 0 0 0 0 0 0 3
3 -1 -1 -1 -1 -1 -1 0 0 0 0 0 0 0 0 -1 3
3 -1 -1 -1 -1 -1 -1 -1 -1 -1 -1 -1 -1 -1 -1 -1 3
3 3 -1 -1 -1 -1 -1 -1 -1 -1 -1 -1 -1 -1 -1 3 3
3 3 -1 -1 -1 -1 -1 -1 -1 -1 -1 -1 -1 -1 -1 3 3
3 3 3 -1 -1 -1 -1 -1 -1 -1 -1 -1 -1 -1 3 3 3
3 3 3 3 3 -1 -1 -1 -1 -1 -1 -1 3 3 3 3 3
3 3 3 3 3 3 3 3 -1 3 3 3 3 3 3 3 3
09:30:15.214409 - stdout  :: -1 1
09:30:15.250330 - stdin   :: 34 29 -1 -1
4 54
34 29
14 50
3 3 3 3 3 3 3 3 -1 3 3 3 3 3 3 3 3
3 3 3 3 3 -1 -1 -1 -1 -1 0 0 3 3 3 3 3
3 3 3 -1 -1 -1 -1 0 0 0 0 0 0 0 3 3 3
3 3 -1 -1 -1 -1 -1 0 0 0 0 0 0 0 0 3 3
3 3 -1 -1 -1 -1 0 0 0 0 0 0 0 0 0 3 3
3 -1 -1 -1 -1 -1 0 0 0 0 0 0 0 0 0 0 3
3 -1 -1 -1 -1 -1 0 0 0 0 0 0 0 0 0 0 3
3 -1 -1 -1 -1 -1 0 0 0 0 0 0 0 0 0 0 3
-1 -1 -1 -1 -1 -1 0 0 0 0 0 0 0 0 0 0 0
3 -1 -1 -1 -1 -1 0 0 0 0 0 0 0 0 0 0 3
3 -1 -1 -1 -1 -1 0 0 0 0 0 0 0 0 0 0 3
3 -1 -1 -1 -1 -1 -1 -1 0 0 0 0 0 0 0 0 3
3 3 -1 -1 -1 -1 -1 -1 -1 -1 -1 -1 -1 -1 -1 3 3
3 3 -1 -1 -1 -1 -1 -1 -1 -1 -1 -1 -1 -1 -1 3 3
3 3 3 -1 -1 -1 -1 -1 -1 -1 -1 -1 -1 -1 3 3 3
3 3 3 3 3 -1 -1 -1 -1 -1 -1 -1 3 3 3 3 3
3 3 3 3 3 3 3 3 -1 3 3 3 3 3 3 3 3
09:30:15.255303 - stdout  :: -1 1
09:30:15.292593 - stdin   :: 32 29 -2 0
3 54
32 29
15 50
3 3 3 3 3 3 3 3 -1 3 3 3 3 3 3 3 3
3 3 3 3 3 -1 -1 -1 -1 -1 -1 -1 3 3 3 3 3
3 3 3 -1 -1 -1 -1 -1 -1 -1 -1 -1 -1 -1 3 3 3
3 3 -1 -1 -1 -1 -1 -1 -1 -1 0 0 0 0 0 3 3
3 3 -1 -1 -1 -1 -1 0 0 0 0 0 0 0 0 3 3
3 -1 -1 -1 -1 -1 -1 0 0 0 0 0 0 0 0 0 3
3 -1 -1 -1 -1 -1 0 0 0 0 0 0 0 0 0 0 3
3 -1 -1 -1 -1 -1 0 0 0 0 0 0 0 0 0 0 3
0 -1 -1 -1 -1 -1 0 0 0 0 0 0 0 0 0 0 0
3 -1 -1 -1 -1 -1 0 0 0 0 0 0 0 0 0 0 3
3 -1 -1 -1 -1 -1 0 0 0 0 0 0 0 0 0 0 3
3 -1 -1 -1 -1 -1 0 0 0 0 0 0 0 0 0 0 3
3 3 -1 -1 -1 -1 0 0 0 0 0 0 0 0 0 3 3
3 3 -1 -1 -1 -1 -1 -1 0 0 0 0 0 0 0 3 3
3 3 3 -1 -1 -1 -1 -1 -1 -1 -1 -1 -1 -1 3 3 3
3 3 3 3 3 -1 -1 -1 -1 -1 -1 -1 3 3 3 3 3
3 3 3 3 3 3 3 3 -1 3 3 3 3 3 3 3 3
09:30:15.299121 - stdout  :: 0 1
09:30:15.346304 - stdin   :: 30 30 -2 1
3 53
30 30
16 50
3 3 3 3 3 3 3 3 -1 3 3 3 3 3 3 3 3
3 3 3 3 3 -1 -1 -1 -1 -1 -1 -1 3 3 3 3 3
3 3 3 -1 -1 -1 -1 -1 -1 -1 -1 -1 -1 -1 3 3 3
3 3 -1 -1 -1 -1 -1 -1 -1 -1 -1 -1 -1 -1 -1 3 3
3 3 -1 -1 -1 -1 -1 -1 -1 -1 -1 -1 -1 -1 -1 3 3
3 -1 -1 -1 -1 -1 -1 -1 -1 0 0 0 0 0 0 0 3
3 -1 -1 -1 -1 -1 0 0 0 0 0 0 0 0 0 0 3
3 -1 -1 -1 -1 -1 0 0 0 0 0 0 0 0 0 0 3
-1 -1 -1 -1 -1 0 0 0 0 0 0 0 0 0 0 0 0
3 -1 -1 -1 -1 0 0 0 0 0 0 0 0 0 0 0 3
3 -1 -1 -1 -1 0 0 0 0 0 0 0 0 0 0 0 3
3 -1 -1 -1 -1 0 0 0 0 0 0 0 0 0 0 0 3
3 3 -1 -1 -1 0 0 0 0 0 0 0 0 0 0 3 3
3 3 -1 -1 -1 0 0 0 0 0 0 0 0 0 0 3 3
3 3 3 -1 -1 0 0 0 0 0 0 0 0 0 3 3 3
3 3 3 3 3 -1 -1 0 0 0 0 0 3 3 3 3 3
3 3 3 3 3 3 3 3 -1 3 3 3 3 3 3 3 3
09:30:15.355011 - stdout  :: 1 1
09:30:15.397410 - stdin   :: 29 32 -1 2
3 52
29 32
17 50
3 3 3 3 3 3 3 3 -1 3 3 3 3 3 3 3 3
3 3 3 3 3 0 -1 -1 -1 -1 -1 -1 3 3 3 3 3
3 3 3 -1 -1 -1 -1 -1 -1 -1 -1 -1 -1 -1 3 3 3
3 3 -1 -1 -1 -1 -1 -1 -1 -1 -1 -1 -1 -1 -1 3 3
3 3 -1 -1 -1 -1 -1 -1 -1 -1 -1 -1 -1 -1 -1 3 3
3 -1 -1 -1 -1 -1 -1 -1 -1 -1 -1 -1 -1 -1 -1 -1 3
3 -1 -1 -1 -1 -1 -1 0 0 0 0 0 0 0 -1 -1 3
3 -1 -1 -1 0 0 0 0 0 0 0 0 0 0 0 -1 3
-1 -1 -1 -1 0 0 0 0 0 0 0 0 0 0 0 0 -1
3 -1 -1 0 0 0 0 0 0 0 0 0 0 0 0 0 3
3 -1 -1 0 0 0 0 0 0 0 0 0 0 0 0 0 3
3 -1 -1 0 0 0 0 0 0 0 0 0 0 0 0 0 3
3 3 -1 0 0 0 0 0 0 0 0 0 0 0 0 3 3
3 3 -1 0 0 0 0 0 0 0 0 0 0 0 0 3 3
3 3 3 0 0 0 0 0 0 0 0 0 0 0 3 3 3
3 3 3 3 3 0 0 0 0 0 0 0 3 3 3 3 3
3 3 3 3 3 3 3 3 0 3 3 3 3 3 3 3 3
09:30:15.449649 - stdout  :: 1 1
09:30:15.473617 - stdin   :: 29 35 0 3
3 51
29 35
18 50
3 3 3 3 3 3 3 3 -1 3 3 3 3 3 3 3 3
3 3 3 3 3 -1 -1 -1 -1 0 0 0 3 3 3 3 3
3 3 3 -1 -1 -1 -1 -1 -1 -1 -1 -1 -1 -1 3 3 3
3 3 -1 -1 -1 -1 -1 -1 -1 -1 -1 -1 -1 -1 -1 3 3
3 3 -1 -1 -1 -1 -1 -1 -1 -1 -1 -1 -1 -1 -1 3 3
3 -1 -1 -1 -1 -1 -1 -1 -1 -1 -1 -1 -1 -1 -1 -1 3
3 -1 -1 -1 0 0 0 0 0 0 0 -1 -1 -1 -1 -1 3
3 0 0 0 0 0 0 0 0 0 0 0 -1 -1 -1 -1 3
-1 0 0 0 0 0 0 0 0 0 0 0 0 -1 -1 -1 -1
3 0 0 0 0 0 0 0 0 0 0 0 0 0 -1 -1 3
3 0 0 0 0 0 0 0 0 0 0 0 0 0 -1 0 3
3 0 0 0 0 0 0 0 0 0 0 0 0 0 0 -1 3
3 3 0 0 0 0 0 0 0 0 0 0 0 0 -1 3 3
3 3 0 0 0 0 0 0 0 0 0 0 0 -1 -1 3 3
3 3 3 0 0 0 0 0 0 0 0 0 0 0 3 3 3
3 3 3 3 3 0 0 0 0 0 0 0 3 3 3 3 3
3 3 3 3 3 3 3 3 0 3 3 3 3 3 3 3 3
09:30:15.524511 - stdout  :: 1 0
09:30:15.558650 - stdin   :: 30 38 1 3
3 50
30 38
19 50
3 3 3 3 3 3 3 3 0 3 3 3 3 3 3 3 3
3 3 3 3 3 -1 -1 -1 -1 -1 -1 -1 3 3 3 3 3
3 3 3 -1 -1 -1 -1 -1 -1 -1 -1 -1 -1 -1 3 3 3
3 3 -1 -1 -1 -1 -1 -1 -1 -1 -1 -1 -1 -1 0 3 3
3 3 -1 -1 -1 -1 -1 -1 -1 -1 -1 -1 -1 -1 0 3 3
3 0 0 0 0 0 0 0 -1 -1 -1 -1 -1 -1 0 -1 3
3 0 0 0 0 0 0 0 0 -1 -1 -1 -1 -1 0 -1 3
3 0 0 0 0 0 0 0 0 0 -1 -1 -1 -1 0 -1 3
0 0 0 0 0 0 0 0 0 0 0 -1 -1 0 -1 -1 -1
3 0 0 0 0 0 0 0 0 0 0 -1 0 -1 -1 -1 3
3 0 0 0 0 0 0 0 0 0 0 0 -1 -1 -1 -1 3
3 0 0 0 0 0 0 0 0 0 0 -1 -1 -1 -1 -1 3
3 3 0 0 0 0 0 0 0 0 -1 -1 -1 -1 -1 3 3
3 3 0 0 0 0 0 0 0 0 0 0 0 0 0 3 3
3 3 3 0 0 0 0 0 0 -1 -1 -1 -1 -1 3 3 3
3 3 3 3 3 0 0 -1 -1 -1 -1 -1 3 3 3 3 3
3 3 3 3 3 3 3 3 -1 3 3 3 3 3 3 3 3
09:30:15.615384 - stdout  :: 1 -1
09:30:15.679294 - stdin   :: 32 40 2 2
3 49
32 40
19 51
3 3 3 3 3 3 3 3 -1 3 3 3 3 3 3 3 3
3 3 3 3 3 -1 -1 -1 -1 -1 -1 -1 3 3 3 3 3
3 3 3 -1 -1 -1 -1 -1 -1 -1 -1 -1 0 -1 3 3 3
3 3 0 0 0 0 -1 -1 -1 -1 -1 -1 0 -1 -1 3 3
3 3 0 0 0 0 0 -1 -1 -1 -1 -1 0 -1 -1 3 3
3 0 0 0 0 0 0 0 -1 -1 -1 -1 0 -1 -1 -1 3
3 0 0 0 0 0 0 0 0 -1 -1 0 -1 -1 -1 -1 3
3 0 0 0 0 0 0 0 0 -1 0 -1 -1 -1 -1 -1 3
0 0 0 0 0 0 0 0 0 0 -1 -1 -1 -1 -1 -1 0
3 0 0 0 0 0 0 0 0 -1 -1 -1 -1 -1 -1 -1 3
3 0 0 0 0 0 0 0 -1 -1 -1 -1 -1 -1 -1 -1 3
3 0 0 0 0 0 0 0 0 0 0 0 0 0 0 0 3
3 3 0 0 0 0 0 -1 -1 -1 -1 -1 -1 -1 -1 3 3
3 3 0 0 0 -1 -1 -1 -1 -1 -1 -1 -1 -1 -1 3 3
3 3 3 -1 -1 -1 -1 -1 -1 -1 -1 -1 -1 -1 3 3 3
3 3 3 3 3 -1 -1 -1 -1 -1 -1 -1 3 3 3 3 3
3 3 3 3 3 3 3 3 -1 3 3 3 3 3 3 3 3
09:30:15.729416 - stdout  :: -1 -1
09:30:15.896643 - stdin   :: 32 40 0 0
11 47
32 40
21 55
3 3 3 3 3 3 3 3 -1 3 3 3 3 3 3 3 3
3 3 3 3 3 -1 -1 -1 -1 -1 -1 -1 3 3 3 3 3
3 3 3 -1 -1 -1 -1 -1 -1 -1 -1 -1 0 -1 3 3 3
3 3 0 0 0 0 -1 -1 -1 -1 -1 -1 0 -1 -1 3 3
3 3 0 0 0 0 0 -1 -1 -1 -1 -1 0 -1 -1 3 3
3 0 0 0 0 0 0 0 -1 -1 -1 -1 0 -1 -1 -1 3
3 0 0 0 0 0 0 0 0 -1 -1 0 -1 -1 -1 -1 3
3 0 0 0 0 0 0 0 0 -1 0 -1 -1 -1 -1 -1 3
0 0 0 0 0 0 0 0 0 0 -1 -1 -1 -1 -1 -1 0
3 0 0 0 0 0 0 0 0 -1 -1 -1 -1 -1 -1 -1 3
3 0 0 0 0 0 0 0 -1 -1 -1 -1 -1 -1 -1 -1 3
3 0 0 0 0 0 0 0 0 0 0 0 0 0 0 0 3
3 3 0 0 0 0 0 -1 -1 -1 -1 -1 -1 -1 -1 3 3
3 3 0 0 0 -1 -1 -1 -1 -1 -1 -1 -1 -1 -1 3 3
3 3 3 -1 -1 -1 -1 -1 -1 -1 -1 -1 -1 -1 3 3 3
3 3 3 3 3 -1 -1 -1 -1 -1 -1 -1 3 3 3 3 3
3 3 3 3 3 3 3 3 -1 3 3 3 3 3 3 3 3
09:30:15.930117 - stdout  :: 1 -1
09:30:15.961934 - stdin   :: 33 39 1 -1
11 48
33 39
22 55
3 3 3 3 3 3 3 3 -1 3 3 3 3 3 3 3 3
3 3 3 3 3 -1 -1 -1 -1 -1 -1 -1 3 3 3 3 3
3 3 3 0 0 0 0 -1 -1 -1 -1 -1 -1 0 3 3 3
3 3 0 0 0 0 0 0 -1 -1 -1 -1 -1 0 -1 3 3
3 3 0 0 0 0 0 0 0 -1 -1 -1 -1 0 -1 3 3
3 0 0 0 0 0 0 0 0 0 -1 -1 0 -1 -1 -1 3
3 0 0 0 0 0 0 0 0 0 -1 0 -1 -1 -1 -1 3
3 0 0 0 0 0 0 0 0 0 0 -1 -1 -1 -1 -1 3
0 0 0 0 0 0 0 0 0 0 -1 -1 -1 -1 -1 -1 -1
3 0 0 0 0 0 0 0 0 -1 -1 -1 -1 -1 -1 -1 3
3 0 0 0 0 0 0 0 0 0 0 0 0 0 0 0 3
3 0 0 0 0 0 0 0 -1 -1 -1 -1 -1 -1 -1 -1 3
3 3 0 0 0 0 -1 -1 -1 -1 -1 -1 -1 -1 -1 3 3
3 3 -1 -1 -1 -1 -1 -1 -1 -1 -1 -1 -1 -1 -1 3 3
3 3 3 -1 -1 -1 -1 -1 -1 -1 -1 -1 -1 -1 3 3 3
3 3 3 3 3 -1 -1 -1 -1 -1 -1 -1 3 3 3 3 3
3 3 3 3 3 3 3 3 -1 3 3 3 3 3 3 3 3
09:30:15.991558 - stdout  :: 1 1
09:30:16.011739 - stdin   :: 35 39 2 0
11 49
35 39
23 55
3 3 3 3 3 3 3 3 -1 3 3 3 3 3 3 3 3
3 3 3 3 3 0 0 0 -1 -1 -1 -1 3 3 3 3 3
3 3 3 0 0 0 0 0 0 -1 -1 -1 -1 0 3 3 3
3 3 0 0 0 0 0 0 0 0 -1 -1 0 -1 -1 3 3
3 3 0 0 0 0 0 0 0 0 -1 0 -1 -1 -1 3 3
3 0 0 0 0 0 0 0 0 0 0 -1 -1 -1 -1 -1 3
3 0 0 0 0 0 0 0 0 0 -1 -1 -1 -1 -1 -1 3
3 0 0 0 0 0 0 0 0 -1 -1 -1 -1 -1 -1 -1 3
0 0 0 0 0 0 0 0 0 0 0 0 0 0 0 0 0
3 0 0 0 0 0 0 0 -1 -1 -1 -1 -1 -1 -1 -1 3
3 0 0 0 0 0 -1 -1 -1 -1 -1 -1 -1 -1 -1 -1 3
3 -1 -1 -1 -1 -1 -1 -1 -1 -1 -1 -1 -1 -1 -1 -1 3
3 3 -1 -1 -1 -1 -1 -1 -1 -1 -1 -1 -1 -1 -1 3 3
3 3 -1 -1 -1 -1 -1 -1 -1 -1 -1 -1 -1 -1 -1 3 3
3 3 3 -1 -1 -1 -1 -1 -1 -1 -1 -1 -1 -1 3 3 3
3 3 3 3 3 -1 -1 -1 -1 -1 -1 -1 3 3 3 3 3
3 3 3 3 3 3 3 3 -1 3 3 3 3 3 3 3 3
09:30:16.033649 - stdout  :: -1 -1
09:30:16.052122 - stdin   :: 36 38 1 -1
11 50
36 38
24 55
3 3 3 3 3 3 3 3 0 3 3 3 3 3 3 3 3
3 3 3 3 3 0 0 0 0 0 -1 -1 3 3 3 3 3
3 3 3 0 0 0 0 0 0 0 0 -1 -1 0 3 3 3
3 3 0 0 0 0 0 0 0 0 0 -1 0 -1 -1 3 3
3 3 0 0 0 0 0 0 0 0 0 0 -1 -1 -1 3 3
3 0 0 0 0 0 0 0 0 0 0 -1 -1 -1 -1 -1 3
3 0 0 0 0 0 0 0 0 0 -1 -1 -1 -1 -1 -1 3
3 0 0 0 0 0 0 0 0 0 0 0 0 0 0 0 3
0 0 0 0 0 0 0 0 0 -1 -1 -1 -1 -1 -1 -1 -1
3 0 0 0 0 0 0 -1 -1 -1 -1 -1 -1 -1 -1 -1 3
3 -1 -1 -1 -1 -1 -1 -1 -1 -1 -1 -1 -1 -1 -1 -1 3
3 -1 -1 -1 -1 -1 -1 -1 -1 -1 -1 -1 -1 -1 -1 -1 3
3 3 -1 -1 -1 -1 -1 -1 -1 -1 -1 -1 -1 -1 -1 3 3
3 3 -1 -1 -1 -1 -1 -1 -1 -1 -1 -1 -1 -1 -1 3 3
3 3 3 -1 -1 -1 -1 -1 -1 -1 -1 -1 -1 -1 3 3 3
3 3 3 3 3 -1 -1 -1 -1 -1 -1 -1 3 3 3 3 3
3 3 3 3 3 3 3 3 -1 3 3 3 3 3 3 3 3
09:30:16.074532 - stdout  :: -1 0
09:30:16.128300 - stdin   :: 36 37 0 -1
11 51
36 37
25 55
3 3 3 3 3 3 3 3 0 3 3 3 3 3 3 3 3
3 3 3 3 3 0 0 0 0 0 0 -1 3 3 3 3 3
3 3 3 0 0 0 0 0 0 0 0 0 -1 -1 3 3 3
3 3 0 0 0 0 0 0 0 0 0 0 -1 0 -1 3 3
3 3 0 0 0 0 0 0 0 0 0 0 0 -1 -1 3 3
3 0 0 0 0 0 0 0 0 0 0 0 -1 -1 -1 -1 3
3 0 0 0 0 0 0 0 0 0 0 -1 -1 -1 -1 -1 3
3 0 0 0 0 0 0 0 0 0 0 0 0 0 0 0 3
0 0 0 0 0 0 0 0 0 0 -1 -1 -1 -1 -1 -1 -1
3 0 0 0 0 0 0 0 -1 -1 -1 -1 -1 -1 -1 -1 3
3 -1 -1 -1 -1 -1 -1 -1 -1 -1 -1 -1 -1 -1 -1 -1 3
3 -1 -1 -1 -1 -1 -1 -1 -1 -1 -1 -1 -1 -1 -1 -1 3
3 3 -1 -1 -1 -1 -1 -1 -1 -1 -1 -1 -1 -1 -1 3 3
3 3 -1 -1 -1 -1 -1 -1 -1 -1 -1 -1 -1 -1 -1 3 3
3 3 3 -1 -1 -1 -1 -1 -1 -1 -1 -1 -1 -1 3 3 3
3 3 3 3 3 -1 -1 -1 -1 -1 -1 -1 3 3 3 3 3
3 3 3 3 3 3 3 3 -1 3 3 3 3 3 3 3 3
09:30:16.152908 - stdout  :: -1 1
09:30:16.174095 - stdin   :: 35 37 -1 0
11 52
35 37
25 54
3 3 3 3 3 3 3 3 0 3 3 3 3 3 3 3 3
3 3 3 3 3 0 0 0 0 0 -1 -1 3 3 3 3 3
3 3 3 0 0 0 0 0 0 0 0 -1 -1 -1 3 3 3
3 3 0 0 0 0 0 0 0 0 0 0 -1 -1 0 3 3
3 3 0 0 0 0 0 0 0 0 0 0 -1 0 -1 3 3
3 0 0 0 0 0 0 0 0 0 0 0 0 -1 -1 -1 3
3 0 0 0 0 0 0 0 0 0 0 0 -1 -1 -1 -1 3
3 0 0 0 0 0 0 0 0 0 0 -1 -1 -1 -1 -1 3
0 0 0 0 0 0 0 0 0 0 0 0 0 0 0 0 0
3 0 0 0 0 0 0 0 0 0 -1 -1 -1 -1 -1 -1 3
3 0 0 0 0 0 0 0 -1 -1 -1 -1 -1 -1 -1 -1 3
3 -1 -1 -1 -1 -1 -1 -1 -1 -1 -1 -1 -1 -1 -1 -1 3
3 3 -1 -1 -1 -1 -1 -1 -1 -1 -1 -1 -1 -1 -1 3 3
3 3 -1 -1 -1 -1 -1 -1 -1 -1 -1 -1 -1 -1 -1 3 3
3 3 3 -1 -1 -1 -1 -1 -1 -1 -1 -1 -1 -1 3 3 3
3 3 3 3 3 -1 -1 -1 -1 -1 -1 -1 3 3 3 3 3
3 3 3 3 3 3 3 3 -1 3 3 3 3 3 3 3 3
09:30:16.199221 - stdout  :: -1 1
09:30:16.221689 - stdin   :: 33 38 -2 1
10 52
33 38
26 54
3 3 3 3 3 3 3 3 -1 3 3 3 3 3 3 3 3
3 3 3 3 3 -1 -1 -1 -1 -1 -1 -1 3 3 3 3 3
3 3 3 0 0 0 0 0 -1 -1 -1 -1 -1 -1 3 3 3
3 3 0 0 0 0 0 0 0 -1 -1 -1 -1 -1 0 3 3
3 3 0 0 0 0 0 0 0 0 -1 -1 -1 -1 0 3 3
3 0 0 0 0 0 0 0 0 0 0 -1 -1 0 -1 -1 3
3 0 0 0 0 0 0 0 0 0 0 -1 0 -1 -1 -1 3
3 0 0 0 0 0 0 0 0 0 0 0 -1 -1 -1 -1 3
0 0 0 0 0 0 0 0 0 0 0 -1 -1 -1 -1 -1 -1
3 0 0 0 0 0 0 0 0 0 -1 -1 -1 -1 -1 -1 3
3 0 0 0 0 0 0 0 0 0 0 0 0 0 0 0 3
3 0 0 0 0 0 0 0 0 -1 -1 -1 -1 -1 -1 -1 3
3 3 0 0 0 0 0 -1 -1 -1 -1 -1 -1 -1 -1 3 3
3 3 -1 -1 -1 -1 -1 -1 -1 -1 -1 -1 -1 -1 -1 3 3
3 3 3 -1 -1 -1 -1 -1 -1 -1 -1 -1 -1 -1 3 3 3
3 3 3 3 3 -1 -1 -1 -1 -1 -1 -1 3 3 3 3 3
3 3 3 3 3 3 3 3 -1 3 3 3 3 3 3 3 3
09:30:16.245977 - stdout  :: 1 1
09:30:16.268180 - stdin   :: 32 40 -1 2
9 52
32 40
26 53
3 3 3 3 3 3 3 3 -1 3 3 3 3 3 3 3 3
3 3 3 3 3 -1 -1 -1 -1 -1 -1 -1 3 3 3 3 3
3 3 3 -1 -1 -1 -1 -1 -1 -1 -1 -1 0 -1 3 3 3
3 3 0 0 0 0 -1 -1 -1 -1 -1 -1 0 -1 -1 3 3
3 3 0 0 0 0 0 -1 -1 -1 -1 -1 0 -1 -1 3 3
3 0 0 0 0 0 0 0 -1 -1 -1 -1 0 -1 -1 -1 3
3 0 0 0 0 0 0 0 0 -1 -1 0 -1 -1 -1 -1 3
3 0 0 0 0 0 0 0 0 -1 0 -1 -1 -1 -1 -1 3
0 0 0 0 0 0 0 0 0 0 -1 -1 -1 -1 -1 -1 0
3 0 0 0 0 0 0 0 0 -1 -1 -1 -1 -1 -1 -1 3
3 0 0 0 0 0 0 0 -1 -1 -1 -1 -1 -1 -1 -1 3
3 0 0 0 0 0 0 0 0 0 0 0 0 0 0 0 3
3 3 0 0 0 0 0 -1 -1 -1 -1 -1 -1 -1 -1 3 3
3 3 0 0 0 -1 -1 -1 -1 -1 -1 -1 -1 -1 -1 3 3
3 3 3 -1 -1 -1 -1 -1 -1 -1 -1 -1 -1 -1 3 3 3
3 3 3 3 3 -1 -1 -1 -1 -1 -1 -1 3 3 3 3 3
3 3 3 3 3 3 3 3 -1 3 3 3 3 3 3 3 3
09:30:16.292811 - stdout  :: 1 -1
09:30:16.313536 - stdin   :: 32 41 0 1
8 52
32 41
26 52
3 3 3 3 3 3 3 3 -1 3 3 3 3 3 3 3 3
3 3 3 3 3 -1 -1 -1 -1 -1 -1 0 3 3 3 3 3
3 3 3 -1 -1 -1 -1 -1 -1 -1 -1 0 -1 -1 3 3 3
3 3 0 0 0 -1 -1 -1 -1 -1 -1 0 -1 -1 -1 3 3
3 3 0 0 0 0 -1 -1 -1 -1 -1 0 -1 -1 -1 3 3
3 0 0 0 0 0 0 -1 -1 -1 -1 0 -1 -1 -1 -1 3
3 0 0 0 0 0 0 0 -1 -1 0 -1 -1 -1 -1 -1 3
3 0 0 0 0 0 0 0 -1 0 -1 -1 -1 -1 -1 -1 3
0 0 0 0 0 0 0 0 0 -1 -1 -1 -1 -1 -1 0 0
3 0 0 0 0 0 0 0 -1 -1 -1 -1 -1 -1 -1 0 3
3 0 0 0 0 0 0 -1 -1 -1 -1 -1 -1 -1 -1 0 3
3 0 0 0 0 0 0 0 0 0 0 0 0 0 0 0 3
3 3 0 0 0 0 -1 -1 -1 -1 -1 -1 -1 -1 -1 3 3
3 3 0 0 -1 -1 -1 -1 -1 -1 -1 -1 -1 -1 -1 3 3
3 3 3 -1 -1 -1 -1 -1 -1 -1 -1 -1 -1 -1 3 3 3
3 3 3 3 3 -1 -1 -1 -1 -1 -1 -1 3 3 3 3 3
3 3 3 3 3 3 3 3 -1 3 3 3 3 3 3 3 3
09:30:16.335733 - stdout  :: -1 0
09:30:16.358603 - stdin   :: 31 42 -1 1
7 51
31 42
26 51
3 3 3 3 3 3 3 3 -1 3 3 3 3 3 3 3 3
3 3 3 3 3 -1 -1 -1 -1 -1 0 -1 3 3 3 3 3
3 3 3 -1 -1 -1 -1 -1 -1 -1 0 -1 -1 -1 3 3 3
3 3 -1 -1 -1 -1 -1 -1 -1 -1 0 -1 -1 -1 -1 3 3
3 3 0 0 -1 -1 -1 -1 -1 -1 0 -1 -1 -1 -1 3 3
3 0 0 0 0 -1 -1 -1 -1 -1 0 -1 -1 -1 -1 -1 3
3 0 0 0 0 0 -1 -1 -1 -1 0 -1 -1 -1 -1 -1 3
3 0 0 0 0 0 0 -1 -1 0 -1 -1 -1 -1 -1 -1 3
0 0 0 0 0 0 0 -1 0 -1 -1 -1 -1 -1 -1 0 0
3 0 0 0 0 0 0 0 -1 -1 -1 -1 -1 -1 0 0 3
3 0 0 0 0 0 0 -1 -1 -1 -1 -1 -1 -1 0 0 3
3 0 0 0 0 0 -1 -1 -1 -1 -1 -1 -1 -1 0 0 3
3 3 0 0 0 0 0 0 0 0 0 0 0 0 0 3 3
3 3 0 0 0 -1 -1 -1 -1 -1 -1 -1 -1 -1 -1 3 3
3 3 3 -1 -1 -1 -1 -1 -1 -1 -1 -1 -1 -1 3 3 3
3 3 3 3 3 -1 -1 -1 -1 -1 -1 -1 3 3 3 3 3
3 3 3 3 3 3 3 3 -1 3 3 3 3 3 3 3 3
09:30:16.384967 - stdout  :: 0 0
09:30:16.406145 - stdin   :: 30 43 -1 1
6 50
30 43
26 50
3 3 3 3 3 3 3 3 -1 3 3 3 3 3 3 3 3
3 3 3 3 3 -1 -1 -1 0 -1 -1 -1 3 3 3 3 3
3 3 3 -1 -1 -1 -1 -1 -1 0 -1 -1 -1 0 3 3 3
3 3 -1 -1 -1 -1 -1 -1 -1 0 -1 -1 -1 0 0 3 3
3 3 -1 -1 -1 -1 -1 -1 -1 0 -1 -1 -1 -1 0 3 3
3 0 0 -1 -1 -1 -1 -1 -1 0 -1 -1 -1 -1 -1 0 3
3 0 0 0 -1 -1 -1 -1 -1 0 -1 -1 -1 -1 -1 0 3
3 0 0 0 0 -1 -1 -1 -1 0 -1 -1 -1 -1 -1 0 3
0 0 0 0 0 0 -1 -1 0 -1 -1 -1 -1 -1 -1 0 -1
3 0 0 0 0 0 -1 0 -1 -1 -1 -1 -1 -1 0 0 3
3 0 0 0 0 0 0 -1 -1 -1 -1 -1 -1 0 0 0 3
3 0 0 0 0 0 -1 -1 -1 -1 -1 -1 -1 0 0 0 3
3 3 0 0 0 -1 -1 -1 -1 -1 -1 -1 -1 0 0 3 3
3 3 0 0 0 0 0 0 0 0 0 0 0 0 0 3 3
3 3 3 0 -1 -1 -1 -1 -1 -1 -1 -1 -1 -1 3 3 3
3 3 3 3 3 -1 -1 -1 -1 -1 -1 -1 3 3 3 3 3
3 3 3 3 3 3 3 3 -1 3 3 3 3 3 3 3 3
09:30:16.439720 - stdout  :: 0 0
09:30:16.463217 - stdin   :: 29 44 -1 1
5 49
29 44
27 50
3 3 3 3 3 3 3 3 -1 3 3 3 3 3 3 3 3
3 3 3 3 3 -1 0 -1 -1 -1 -1 -1 3 3 3 3 3
3 3 3 -1 -1 -1 -1 0 -1 -1 -1 -1 0 0 3 3 3
3 3 -1 -1 -1 -1 -1 -1 0 -1 -1 -1 0 0 0 3 3
3 3 -1 -1 -1 -1 -1 -1 0 -1 -1 -1 0 0 0 3 3
3 -1 -1 -1 -1 -1 -1 -1 0 -1 -1 -1 -1 0 0 0 3
3 0 -1 -1 -1 -1 -1 -1 0 -1 -1 -1 -1 -1 0 -1 3
3 0 0 -1 -1 -1 -1 -1 0 -1 -1 -1 -1 -1 0 -1 3
0 0 0 0 -1 -1 -1 -1 0 -1 -1 -1 -1 -1 0 -1 -1
3 0 0 0 0 -1 -1 0 -1 -1 -1 -1 -1 -1 0 -1 3
3 0 0 0 0 -1 0 -1 -1 -1 -1 -1 -1 0 0 0 3
3 0 0 0 0 0 -1 -1 -1 -1 -1 -1 0 0 0 0 3
3 3 0 0 0 -1 -1 -1 -1 -1 -1 -1 0 0 0 3 3
3 3 0 0 -1 -1 -1 -1 -1 -1 -1 -1 0 0 0 3 3
3 3 3 0 0 0 0 0 0 0 0 0 0 0 3 3 3
3 3 3 3 3 -1 -1 -1 -1 -1 -1 -1 3 3 3 3 3
3 3 3 3 3 3 3 3 -1 3 3 3 3 3 3 3 3
09:30:16.513004 - stdout  :: 0 -1
09:30:16.538635 - stdin   :: 28 44 -1 0
4 48
28 44
28 50
3 3 3 3 3 3 3 3 -1 3 3 3 3 3 3 3 3
3 3 3 3 3 0 -1 -1 -1 -1 -1 -1 3 3 3 3 3
3 3 3 0 0 -1 0 -1 -1 -1 -1 -1 0 0 3 3 3
3 3 -1 -1 -1 -1 -1 0 -1 -1 -1 -1 0 0 0 3 3
3 3 -1 -1 -1 -1 -1 -1 0 -1 -1 -1 0 0 0 3 3
3 -1 -1 -1 -1 -1 -1 -1 0 -1 -1 -1 0 0 0 0 3
3 -1 -1 -1 -1 -1 -1 -1 0 -1 -1 -1 -1 0 0 0 3
3 0 -1 -1 -1 -1 -1 -1 0 -1 -1 -1 -1 -1 0 -1 3
0 0 0 -1 -1 -1 -1 -1 0 -1 -1 -1 -1 -1 0 -1 -1
3 0 0 0 -1 -1 -1 -1 0 -1 -1 -1 -1 -1 0 -1 3
3 0 0 0 0 -1 -1 0 -1 -1 -1 -1 -1 -1 0 -1 3
3 0 0 0 0 -1 0 -1 -1 -1 -1 -1 -1 0 0 0 3
3 3 0 0 0 0 -1 -1 -1 -1 -1 -1 0 0 0 3 3
3 3 0 0 0 -1 -1 -1 -1 -1 -1 -1 0 0 0 3 3
3 3 3 0 -1 -1 -1 -1 -1 -1 -1 -1 0 0 3 3 3
3 3 3 3 3 0 0 0 0 0 0 0 3 3 3 3 3
3 3 3 3 3 3 3 3 -1 3 3 3 3 3 3 3 3
09:30:16.600096 - stdout  :: 0 0
09:30:16.619030 - stdin   :: 27 44 -1 0
4 47
27 44
29 50
3 3 3 3 3 3 3 3 -1 3 3 3 3 3 3 3 3
3 3 3 3 3 0 -1 -1 -1 -1 -1 -1 3 3 3 3 3
3 3 3 0 0 0 -1 -1 -1 -1 -1 -1 0 0 3 3 3
3 3 0 0 0 -1 0 -1 -1 -1 -1 -1 0 0 0 3 3
3 3 -1 -1 -1 -1 -1 0 -1 -1 -1 -1 0 0 0 3 3
3 -1 -1 -1 -1 -1 -1 -1 0 -1 -1 -1 0 0 0 0 3
3 -1 -1 -1 -1 -1 -1 -1 0 -1 -1 -1 0 0 0 0 3
3 -1 -1 -1 -1 -1 -1 -1 0 -1 -1 -1 -1 0 0 0 3
0 0 -1 -1 -1 -1 -1 -1 0 -1 -1 -1 -1 -1 0 -1 -1
3 0 0 -1 -1 -1 -1 -1 0 -1 -1 -1 -1 -1 0 -1 3
3 0 0 0 -1 -1 -1 -1 0 -1 -1 -1 -1 -1 0 -1 3
3 0 0 0 0 -1 -1 0 -1 -1 -1 -1 -1 -1 0 -1 3
3 3 0 0 0 -1 0 -1 -1 -1 -1 -1 -1 0 0 3 3
3 3 0 0 0 0 -1 -1 -1 -1 -1 -1 0 0 0 3 3
3 3 3 0 0 -1 -1 -1 -1 -1 -1 -1 0 0 3 3 3
3 3 3 3 3 -1 -1 -1 -1 -1 -1 -1 3 3 3 3 3
3 3 3 3 3 3 3 3 0 3 3 3 3 3 3 3 3
09:30:16.670776 - stdout  :: 0 0
09:30:16.690548 - stdin   :: 26 44 -1 0
5 47
26 44
30 50
3 3 3 3 3 3 3 3 -1 3 3 3 3 3 3 3 3
3 3 3 3 3 0 -1 -1 -1 -1 -1 -1 3 3 3 3 3
3 3 3 0 0 0 -1 -1 -1 -1 -1 -1 0 0 3 3 3
3 3 0 0 0 0 -1 -1 -1 -1 -1 -1 0 0 0 3 3
3 3 0 0 0 -1 0 -1 -1 -1 -1 -1 0 0 0 3 3
3 -1 -1 -1 -1 -1 -1 0 -1 -1 -1 -1 0 0 0 0 3
3 -1 -1 -1 -1 -1 -1 -1 0 -1 -1 -1 0 0 0 0 3
3 -1 -1 -1 -1 -1 -1 -1 0 -1 -1 -1 0 0 0 0 3
-1 -1 -1 -1 -1 -1 -1 -1 0 -1 -1 -1 -1 0 0 0 0
3 0 -1 -1 -1 -1 -1 -1 0 -1 -1 -1 -1 -1 0 -1 3
3 0 0 -1 -1 -1 -1 -1 0 -1 -1 -1 -1 -1 0 -1 3
3 0 0 0 -1 -1 -1 -1 0 -1 -1 -1 -1 -1 0 -1 3
3 3 0 0 0 -1 -1 0 -1 -1 -1 -1 -1 -1 0 3 3
3 3 0 0 0 -1 0 -1 -1 -1 -1 -1 -1 0 0 3 3
3 3 3 0 0 0 -1 -1 -1 -1 -1 -1 0 0 3 3 3
3 3 3 3 3 -1 -1 -1 -1 -1 -1 -1 3 3 3 3 3
3 3 3 3 3 3 3 3 -1 3 3 3 3 3 3 3 3
09:30:16.742993 - stdout  :: 0 0
09:30:16.762615 - stdin   :: 25 44 -1 0
6 47
25 44
31 50
3 3 3 3 3 3 3 3 -1 3 3 3 3 3 3 3 3
3 3 3 3 3 0 -1 -1 -1 -1 -1 -1 3 3 3 3 3
3 3 3 0 0 0 -1 -1 -1 -1 -1 -1 -1 0 3 3 3
3 3 0 0 0 0 -1 -1 -1 -1 -1 -1 0 0 0 3 3
3 3 0 0 0 0 -1 -1 -1 -1 -1 -1 0 0 0 3 3
3 0 0 0 0 -1 0 -1 -1 -1 -1 -1 0 0 0 0 3
3 -1 -1 -1 -1 -1 -1 0 -1 -1 -1 -1 0 0 0 0 3
3 -1 -1 -1 -1 -1 -1 -1 0 -1 -1 -1 0 0 0 0 3
-1 -1 -1 -1 -1 -1 -1 -1 0 -1 -1 -1 0 0 0 0 0
3 -1 -1 -1 -1 -1 -1 -1 0 -1 -1 -1 -1 0 0 0 3
3 0 -1 -1 -1 -1 -1 -1 0 -1 -1 -1 -1 -1 0 -1 3
3 0 0 -1 -1 -1 -1 -1 0 -1 -1 -1 -1 -1 0 -1 3
3 3 0 0 -1 -1 -1 -1 0 -1 -1 -1 -1 -1 0 3 3
3 3 0 0 0 -1 -1 0 -1 -1 -1 -1 -1 -1 0 3 3
3 3 3 0 0 -1 0 -1 -1 -1 -1 -1 -1 0 3 3 3
3 3 3 3 3 0 -1 -1 -1 -1 -1 -1 3 3 3 3 3
3 3 3 3 3 3 3 3 -1 3 3 3 3 3 3 3 3
09:30:16.817187 - stdout  :: 0 0
09:30:16.837728 - stdin   :: 24 44 -1 0
7 47
24 44
31 51
3 3 3 3 3 3 3 3 -1 3 3 3 3 3 3 3 3
3 3 3 3 3 -1 -1 -1 -1 -1 -1 -1 3 3 3 3 3
3 3 3 0 0 0 -1 -1 -1 -1 -1 -1 -1 -1 3 3 3
3 3 0 0 0 0 -1 -1 -1 -1 -1 -1 -1 0 0 3 3
3 3 0 0 0 0 -1 -1 -1 -1 -1 -1 0 0 0 3 3
3 0 0 0 0 0 -1 -1 -1 -1 -1 -1 0 0 0 0 3
3 0 0 0 0 -1 0 -1 -1 -1 -1 -1 0 0 0 0 3
3 -1 -1 -1 -1 -1 -1 0 -1 -1 -1 -1 0 0 0 0 3
-1 -1 -1 -1 -1 -1 -1 -1 0 -1 -1 -1 0 0 0 0 0
3 -1 -1 -1 -1 -1 -1 -1 0 -1 -1 -1 0 0 0 0 3
3 -1 -1 -1 -1 -1 -1 -1 0 -1 -1 -1 -1 0 0 0 3
3 0 -1 -1 -1 -1 -1 -1 0 -1 -1 -1 -1 -1 0 -1 3
3 3 0 -1 -1 -1 -1 -1 0 -1 -1 -1 -1 -1 0 3 3
3 3 0 0 -1 -1 -1 -1 0 -1 -1 -1 -1 -1 0 3 3
3 3 3 0 0 -1 -1 0 -1 -1 -1 -1 -1 -1 3 3 3
3 3 3 3 3 -1 0 -1 -1 -1 -1 -1 3 3 3 3 3
3 3 3 3 3 3 3 3 -1 3 3 3 3 3 3 3 3
09:30:16.896231 - stdout  :: 0 -1
09:30:16.915060 - stdin   :: 23 43 -1 -1
8 47
23 43
31 52
3 3 3 3 3 3 3 3 -1 3 3 3 3 3 3 3 3
3 3 3 3 3 0 -1 -1 -1 -1 -1 -1 3 3 3 3 3
3 3 3 0 0 0 -1 -1 -1 -1 -1 -1 -1 -1 3 3 3
3 3 0 0 0 0 0 -1 -1 -1 -1 -1 -1 -1 -1 3 3
3 3 0 0 0 0 0 -1 -1 -1 -1 -1 -1 -1 0 3 3
3 0 0 0 0 0 0 -1 -1 -1 -1 -1 -1 0 0 0 3
3 0 0 0 0 0 0 -1 -1 -1 -1 -1 -1 0 0 0 3
3 0 0 0 0 0 -1 0 -1 -1 -1 -1 -1 0 0 0 3
-1 -1 -1 -1 -1 -1 -1 -1 0 -1 -1 -1 -1 0 0 0 0
3 -1 -1 -1 -1 -1 -1 -1 -1 0 -1 -1 -1 0 0 0 3
3 -1 -1 -1 -1 -1 -1 -1 -1 0 -1 -1 -1 0 0 0 3
3 -1 -1 -1 -1 -1 -1 -1 -1 0 -1 -1 -1 -1 0 0 3
3 3 0 -1 -1 -1 -1 -1 -1 0 -1 -1 -1 -1 -1 3 3
3 3 0 0 -1 -1 -1 -1 -1 0 -1 -1 -1 -1 -1 3 3
3 3 3 0 0 -1 -1 -1 -1 0 -1 -1 -1 -1 3 3 3
3 3 3 3 3 0 -1 -1 0 -1 -1 -1 3 3 3 3 3
3 3 3 3 3 3 3 3 -1 3 3 3 3 3 3 3 3
09:30:16.969048 - stdout  :: 0 0
09:30:16.988193 - stdin   :: 22 42 -1 -1
9 47
22 42
32 52
3 3 3 3 3 3 3 3 -1 3 3 3 3 3 3 3 3
3 3 3 3 3 0 -1 -1 -1 -1 -1 -1 3 3 3 3 3
3 3 3 0 0 0 0 -1 -1 -1 -1 -1 -1 -1 3 3 3
3 3 0 0 0 0 0 -1 -1 -1 -1 -1 -1 -1 -1 3 3
3 3 0 0 0 0 0 0 -1 -1 -1 -1 -1 -1 -1 3 3
3 0 0 0 0 0 0 0 -1 -1 -1 -1 -1 -1 -1 0 3
3 0 0 0 0 0 0 0 -1 -1 -1 -1 -1 -1 0 0 3
3 -1 0 0 0 0 0 0 -1 -1 -1 -1 -1 -1 0 0 3
-1 -1 0 0 0 0 0 -1 0 -1 -1 -1 -1 -1 0 0 0
3 -1 -1 -1 -1 -1 -1 -1 -1 0 -1 -1 -1 -1 0 0 3
3 -1 -1 -1 -1 -1 -1 -1 -1 -1 0 -1 -1 -1 0 0 3
3 -1 -1 -1 -1 -1 -1 -1 -1 -1 0 -1 -1 -1 0 0 3
3 3 -1 -1 -1 -1 -1 -1 -1 -1 0 -1 -1 -1 -1 3 3
3 3 0 0 -1 -1 -1 -1 -1 -1 0 -1 -1 -1 -1 3 3
3 3 3 0 0 -1 -1 -1 -1 -1 0 -1 -1 -1 3 3 3
3 3 3 3 3 0 -1 -1 -1 -1 0 -1 3 3 3 3 3
3 3 3 3 3 3 3 3 -1 3 3 3 3 3 3 3 3
09:30:17.052338 - stdout  :: 0 0
09:30:17.074668 - stdin   :: 21 41 -1 -1
10 47
21 41
32 53
3 3 3 3 3 3 3 3 -1 3 3 3 3 3 3 3 3
3 3 3 3 3 -1 0 -1 -1 -1 -1 -1 3 3 3 3 3
3 3 3 -1 -1 -1 0 -1 -1 -1 -1 -1 -1 -1 3 3 3
3 3 -1 0 0 0 0 0 -1 -1 -1 -1 -1 -1 -1 3 3
3 3 0 0 0 0 0 0 -1 -1 -1 -1 -1 -1 -1 3 3
3 -1 0 0 0 0 0 0 0 -1 -1 -1 -1 -1 -1 -1 3
3 0 0 0 0 0 0 0 0 -1 -1 -1 -1 -1 -1 -1 3
3 -1 0 0 0 0 0 0 0 -1 -1 -1 -1 -1 -1 0 3
-1 -1 -1 0 0 0 0 0 0 -1 -1 -1 -1 -1 -1 0 0
3 -1 -1 0 0 0 0 0 -1 0 -1 -1 -1 -1 -1 0 3
3 -1 -1 -1 -1 -1 -1 -1 -1 -1 0 -1 -1 -1 -1 0 3
3 -1 -1 -1 -1 -1 -1 -1 -1 -1 -1 0 -1 -1 -1 0 3
3 3 -1 -1 -1 -1 -1 -1 -1 -1 -1 0 -1 -1 -1 3 3
3 3 -1 -1 -1 -1 -1 -1 -1 -1 -1 0 -1 -1 -1 3 3
3 3 3 0 0 -1 -1 -1 -1 -1 -1 0 -1 -1 3 3 3
3 3 3 3 3 0 -1 -1 -1 -1 -1 0 3 3 3 3 3
3 3 3 3 3 3 3 3 -1 3 3 3 3 3 3 3 3
09:30:17.078419 - stdout  :: -1 0
09:30:17.106702 - stdin   :: 19 40 -2 -1
11 47
19 40
33 53
3 3 3 3 3 3 3 3 0 3 3 3 3 3 3 3 3
3 3 3 3 3 -1 -1 0 -1 -1 -1 -1 3 3 3 3 3
3 3 3 -1 -1 -1 -1 0 -1 -1 -1 -1 -1 -1 3 3 3
3 3 -1 -1 -1 -1 -1 0 -1 -1 -1 -1 -1 -1 -1 3 3
3 3 -1 -1 -1 -1 -1 0 -1 -1 -1 -1 -1 -1 -1 3 3
3 -1 0 -1 0 0 0 0 0 -1 -1 -1 -1 -1 -1 -1 3
3 -1 -1 0 0 0 0 0 0 -1 -1 -1 -1 -1 -1 -1 3
3 -1 -1 0 0 0 0 0 0 0 -1 -1 -1 -1 -1 -1 3
0 0 0 0 0 0 0 0 0 0 -1 -1 -1 -1 -1 -1 -1
3 -1 -1 0 0 0 0 0 0 0 -1 -1 -1 -1 -1 -1 3
3 -1 -1 -1 0 0 0 0 0 0 -1 -1 -1 -1 -1 -1 3
3 -1 -1 -1 0 0 0 0 0 -1 0 -1 -1 -1 -1 -1 3
3 3 -1 -1 -1 -1 -1 -1 -1 -1 -1 0 -1 -1 -1 3 3
3 3 -1 -1 -1 -1 -1 -1 -1 -1 -1 -1 0 -1 -1 3 3
3 3 3 -1 -1 -1 -1 -1 -1 -1 -1 -1 0 -1 3 3 3
3 3 3 3 3 -1 -1 -1 -1 -1 -1 -1 3 3 3 3 3
3 3 3 3 3 3 3 3 -1 3 3 3 3 3 3 3 3
09:30:17.111908 - stdout  :: -1 0
09:30:17.135918 - stdin   :: 16 39 -3 -1
11 48
16 39
33 54
3 3 3 3 3 3 3 3 0 3 3 3 3 3 3 3 3
3 3 3 3 3 0 0 0 0 0 0 0 3 3 3 3 3
3 3 3 -1 -1 0 0 0 0 0 0 -1 -1 -1 3 3 3
3 3 -1 0 0 0 0 0 0 0 -1 -1 -1 -1 -1 3 3
3 3 0 0 -1 -1 -1 -1 0 -1 -1 -1 -1 -1 -1 3 3
3 0 0 -1 -1 -1 -1 -1 0 -1 -1 -1 -1 -1 -1 -1 3
3 0 -1 -1 -1 -1 -1 -1 0 -1 -1 -1 -1 -1 -1 -1 3
3 -1 0 -1 -1 -1 -1 -1 0 -1 -1 -1 -1 -1 -1 -1 3
-1 -1 -1 0 -1 0 0 0 0 0 -1 -1 -1 -1 -1 -1 -1
3 -1 -1 -1 0 0 0 0 0 0 -1 -1 -1 -1 -1 -1 3
3 -1 -1 -1 0 0 0 0 0 0 0 -1 -1 -1 -1 -1 3
3 0 0 0 0 0 0 0 0 0 0 -1 -1 -1 -1 -1 3
3 3 -1 -1 0 0 0 0 0 0 0 -1 -1 -1 -1 3 3
3 3 -1 -1 -1 0 0 0 0 0 0 -1 -1 -1 -1 3 3
3 3 3 -1 -1 0 0 0 0 0 -1 0 -1 -1 3 3 3
3 3 3 3 3 -1 -1 -1 -1 -1 -1 -1 3 3 3 3 3
3 3 3 3 3 3 3 3 -1 3 3 3 3 3 3 3 3
09:30:17.142175 - stdout  :: 0 1
09:30:17.165117 - stdin   :: 13 39 -3 0
11 49
13 39
34 54
3 3 3 3 3 3 3 3 0 3 3 3 3 3 3 3 3
3 3 3 3 3 -1 0 0 0 0 0 0 3 3 3 3 3
3 3 3 -1 -1 0 0 0 0 0 0 0 -1 -1 3 3 3
3 3 0 0 0 0 0 0 0 0 0 0 -1 -1 -1 3 3
3 3 -1 -1 -1 0 0 0 0 0 0 0 -1 -1 -1 3 3
3 -1 -1 -1 -1 0 0 0 0 0 0 -1 -1 -1 -1 -1 3
3 -1 -1 0 0 0 0 0 0 0 -1 -1 -1 -1 -1 -1 3
3 -1 0 0 -1 -1 -1 -1 0 -1 -1 -1 -1 -1 -1 -1 3
-1 0 0 -1 -1 -1 -1 -1 0 -1 -1 -1 -1 -1 -1 -1 -1
3 0 -1 -1 -1 -1 -1 -1 0 -1 -1 -1 -1 -1 -1 -1 3
3 -1 0 -1 -1 -1 -1 -1 0 -1 -1 -1 -1 -1 -1 -1 3
3 -1 -1 0 -1 0 0 0 0 0 -1 -1 -1 -1 -1 -1 3
3 3 -1 -1 0 0 0 0 0 0 -1 -1 -1 -1 -1 3 3
3 3 -1 -1 0 0 0 0 0 0 0 -1 -1 -1 -1 3 3
3 3 3 0 0 0 0 0 0 0 0 -1 -1 -1 3 3 3
3 3 3 3 3 0 0 0 0 0 0 -1 3 3 3 3 3
3 3 3 3 3 3 3 3 0 3 3 3 3 3 3 3 3
09:30:17.169017 - stdout  :: 0 0
09:30:17.192499 - stdin   :: 10 39 -3 0
11 50
10 39
35 54
3 3 3 3 3 3 3 3 -1 3 3 3 3 3 3 3 3
3 3 3 3 3 -1 -1 -1 -1 -1 -1 -1 3 3 3 3 3
3 3 3 -1 -1 -1 -1 -1 -1 -1 -1 -1 -1 -1 3 3 3
3 3 -1 -1 -1 -1 -1 0 0 0 0 -1 -1 -1 -1 3 3
3 3 -1 -1 -1 -1 0 0 0 0 0 0 -1 -1 -1 3 3
3 -1 -1 -1 -1 0 0 0 0 0 0 0 -1 -1 -1 -1 3
3 0 0 0 0 0 0 0 0 0 0 0 -1 -1 -1 -1 3
3 -1 -1 -1 -1 0 0 0 0 0 0 0 -1 -1 -1 -1 3
-1 -1 -1 -1 -1 0 0 0 0 0 0 -1 -1 -1 -1 -1 0
3 -1 -1 0 0 0 0 0 0 0 -1 -1 -1 -1 -1 -1 3
3 -1 0 0 -1 -1 -1 -1 0 -1 -1 -1 -1 -1 -1 -1 3
3 0 0 -1 -1 -1 -1 -1 0 -1 -1 -1 -1 -1 -1 -1 3
3 3 -1 -1 -1 -1 -1 -1 0 -1 -1 -1 -1 -1 -1 3 3
3 3 0 -1 -1 -1 -1 -1 0 -1 -1 -1 -1 -1 -1 3 3
3 3 3 0 -1 0 0 0 0 0 -1 -1 -1 -1 3 3 3
3 3 3 3 3 0 0 0 0 0 -1 -1 3 3 3 3 3
3 3 3 3 3 3 3 3 0 3 3 3 3 3 3 3 3
09:30:17.197398 - stdout  :: 1 -1
09:30:17.224855 - stdin   :: 8 38 -2 -1
11 51
8 38
36 54
3 3 3 3 3 3 3 3 -1 3 3 3 3 3 3 3 3
3 3 3 3 3 -1 -1 -1 -1 -1 -1 -1 3 3 3 3 3
3 3 3 -1 -1 -1 -1 -1 -1 -1 -1 -1 -1 -1 3 3 3
3 3 -1 -1 -1 -1 -1 -1 -1 -1 -1 -1 -1 -1 -1 3 3
3 3 -1 -1 -1 -1 -1 -1 -1 -1 -1 -1 -1 -1 -1 3 3
3 -1 -1 -1 -1 -1 -1 -1 0 0 0 0 -1 -1 -1 -1 3
3 -1 -1 -1 -1 -1 -1 0 0 0 0 0 0 -1 -1 -1 3
3 -1 -1 -1 -1 -1 0 0 0 0 0 0 0 -1 -1 -1 3
0 0 0 0 0 0 0 0 0 0 0 0 0 -1 -1 -1 -1
3 -1 -1 -1 -1 -1 0 0 0 0 0 0 0 -1 -1 -1 3
3 -1 -1 -1 -1 -1 0 0 0 0 0 0 -1 -1 -1 -1 3
3 -1 -1 -1 0 0 0 0 0 0 0 -1 -1 -1 -1 -1 3
3 3 -1 0 0 -1 -1 -1 -1 0 -1 -1 -1 -1 -1 3 3
3 3 0 0 -1 -1 -1 -1 -1 0 -1 -1 -1 -1 -1 3 3
3 3 3 -1 -1 -1 -1 -1 -1 0 -1 -1 -1 -1 3 3 3
3 3 3 3 3 -1 -1 -1 -1 0 -1 -1 3 3 3 3 3
3 3 3 3 3 3 3 3 0 3 3 3 3 3 3 3 3
09:30:17.229588 - stdout  :: 1 -1
09:30:17.254360 - stdin   :: 7 36 -1 -2
11 52
7 36
36 53
3 3 3 3 3 3 3 3 -1 3 3 3 3 3 3 3 3
3 3 3 3 3 -1 -1 -1 -1 -1 -1 -1 3 3 3 3 3
3 3 3 -1 -1 -1 -1 -1 -1 -1 -1 -1 -1 -1 3 3 3
3 3 -1 -1 -1 -1 -1 -1 -1 -1 -1 -1 -1 -1 -1 3 3
3 3 -1 -1 -1 -1 -1 -1 -1 -1 -1 -1 -1 -1 -1 3 3
3 -1 -1 -1 -1 -1 -1 -1 -1 -1 -1 -1 -1 -1 -1 -1 3
3 0 -1 -1 -1 -1 -1 -1 -1 -1 0 0 0 0 -1 -1 3
3 0 0 -1 -1 -1 -1 -1 -1 0 0 0 0 0 0 -1 3
0 0 0 -1 -1 -1 -1 -1 0 0 0 0 0 0 0 -1 -1
3 0 0 0 0 0 0 0 0 0 0 0 0 0 0 -1 3
3 0 0 -1 -1 -1 -1 -1 0 0 0 0 0 0 0 -1 3
3 0 -1 -1 -1 -1 -1 -1 0 0 0 0 0 0 -1 -1 3
3 3 -1 -1 -1 -1 0 0 0 0 0 0 0 -1 -1 3 3
3 3 -1 -1 -1 0 0 -1 -1 -1 -1 0 -1 -1 -1 3 3
3 3 3 -1 0 0 -1 -1 -1 -1 -1 0 -1 -1 3 3 3
3 3 3 3 3 -1 -1 -1 -1 -1 -1 0 3 3 3 3 3
3 3 3 3 3 3 3 3 -1 3 3 3 3 3 3 3 3
09:30:17.260822 - stdout  :: 1 1
09:30:17.465485 - stdin   :: 7 36 0 0
11 48
7 36
36 49
3 3 3 3 3 3 3 3 -1 3 3 3 3 3 3 3 3
3 3 3 3 3 -1 -1 -1 -1 -1 -1 -1 3 3 3 3 3
3 3 3 -1 -1 -1 -1 -1 -1 -1 -1 -1 -1 -1 3 3 3
3 3 -1 -1 -1 -1 -1 -1 -1 -1 -1 -1 -1 -1 -1 3 3
3 3 -1 -1 -1 -1 -1 -1 -1 -1 -1 -1 -1 -1 -1 3 3
3 -1 -1 -1 -1 -1 -1 -1 -1 -1 -1 -1 -1 -1 -1 -1 3
3 0 -1 -1 -1 -1 -1 -1 -1 -1 0 0 0 0 -1 -1 3
3 0 0 -1 -1 -1 -1 -1 -1 0 0 0 0 0 0 -1 3
0 0 0 -1 -1 -1 -1 -1 0 0 0 0 0 0 0 -1 -1
3 0 0 0 0 0 0 0 0 0 0 0 0 0 0 -1 3
3 0 0 -1 -1 -1 -1 -1 0 0 0 0 0 0 0 -1 3
3 0 -1 -1 -1 -1 -1 -1 0 0 0 0 0 0 -1 -1 3
3 3 -1 -1 -1 -1 0 0 0 0 0 0 0 -1 -1 3 3
3 3 -1 -1 -1 0 0 -1 -1 -1 -1 0 -1 -1 -1 3 3
3 3 3 -1 0 0 -1 -1 -1 -1 -1 0 -1 -1 3 3 3
3 3 3 3 3 -1 -1 -1 -1 -1 -1 0 3 3 3 3 3
3 3 3 3 3 3 3 3 -1 3 3 3 3 3 3 3 3
09:30:17.485045 - stdout  :: 1 1
09:30:17.507107 - stdin   :: 8 37 1 1
10 48
8 37
35 49
3 3 3 3 3 3 3 3 -1 3 3 3 3 3 3 3 3
3 3 3 3 3 -1 -1 -1 -1 -1 -1 -1 3 3 3 3 3
3 3 3 -1 -1 -1 -1 -1 -1 -1 -1 -1 -1 -1 3 3 3
3 3 -1 -1 -1 -1 -1 -1 -1 -1 -1 -1 -1 -1 -1 3 3
3 3 -1 -1 -1 -1 -1 -1 -1 -1 -1 -1 -1 -1 -1 3 3
3 -1 -1 -1 -1 -1 -1 -1 -1 0 0 0 0 -1 -1 -1 3
3 0 -1 -1 -1 -1 -1 -1 0 0 0 0 0 0 -1 -1 3
3 0 -1 -1 -1 -1 -1 0 0 0 0 0 0 0 -1 -1 3
0 0 0 0 0 0 0 0 0 0 0 0 0 0 -1 -1 -1
3 0 -1 -1 -1 -1 -1 0 0 0 0 0 0 0 -1 -1 3
3 -1 -1 -1 -1 -1 -1 0 0 0 0 0 0 -1 -1 -1 3
3 -1 -1 -1 -1 0 0 0 0 0 0 0 -1 -1 -1 -1 3
3 3 -1 -1 0 0 -1 -1 -1 -1 0 -1 -1 -1 -1 3 3
3 3 -1 0 0 -1 -1 -1 -1 -1 0 -1 -1 -1 -1 3 3
3 3 3 0 -1 -1 -1 -1 -1 -1 0 -1 -1 -1 3 3 3
3 3 3 3 3 -1 -1 -1 -1 -1 0 -1 3 3 3 3 3
3 3 3 3 3 3 3 3 0 3 3 3 3 3 3 3 3
09:30:17.514220 - stdout  :: 1 -1
09:30:17.542183 - stdin   :: 10 37 2 0
10 47
10 37
35 48
3 3 3 3 3 3 3 3 -1 3 3 3 3 3 3 3 3
3 3 3 3 3 -1 -1 -1 -1 -1 -1 -1 3 3 3 3 3
3 3 3 -1 -1 -1 -1 -1 -1 -1 -1 -1 -1 -1 3 3 3
3 3 -1 -1 -1 -1 -1 -1 -1 0 0 0 0 -1 -1 3 3
3 3 -1 -1 -1 -1 -1 -1 0 0 0 0 0 0 -1 3 3
3 0 -1 -1 -1 -1 -1 0 0 0 0 0 0 0 -1 -1 3
3 0 0 0 0 0 0 0 0 0 0 0 0 0 -1 -1 3
3 0 -1 -1 -1 -1 -1 0 0 0 0 0 0 0 -1 -1 3
0 -1 -1 -1 -1 -1 -1 0 0 0 0 0 0 -1 -1 -1 -1
3 -1 -1 -1 -1 0 0 0 0 0 0 0 -1 -1 -1 -1 3
3 -1 -1 -1 0 0 -1 -1 -1 -1 0 -1 -1 -1 -1 -1 3
3 -1 -1 0 0 -1 -1 -1 -1 -1 0 -1 -1 -1 -1 -1 3
3 3 0 0 -1 -1 -1 -1 -1 -1 0 -1 -1 -1 -1 3 3
3 3 0 -1 0 -1 -1 -1 -1 -1 0 -1 -1 -1 -1 3 3
3 3 3 -1 -1 0 -1 0 0 0 0 0 -1 -1 3 3 3
3 3 3 3 3 -1 0 0 0 0 0 0 3 3 3 3 3
3 3 3 3 3 3 3 3 0 3 3 3 3 3 3 3 3
09:30:17.549103 - stdout  :: -1 -1
09:30:17.574659 - stdin   :: 11 36 1 -1
11 47
11 36
35 47
3 3 3 3 3 3 3 3 -1 3 3 3 3 3 3 3 3
3 3 3 3 3 -1 -1 -1 -1 -1 -1 -1 3 3 3 3 3
3 3 3 -1 -1 -1 -1 -1 -1 -1 0 0 0 0 3 3 3
3 3 0 -1 -1 -1 -1 -1 -1 0 0 0 0 0 0 3 3
3 3 0 -1 -1 -1 -1 -1 0 0 0 0 0 0 0 3 3
3 0 0 0 0 0 0 0 0 0 0 0 0 0 0 -1 3
3 0 0 -1 -1 -1 -1 -1 0 0 0 0 0 0 0 -1 3
3 0 -1 -1 -1 -1 -1 -1 0 0 0 0 0 0 -1 -1 3
0 -1 -1 -1 -1 -1 0 0 0 0 0 0 0 -1 -1 -1 -1
3 -1 -1 -1 -1 0 0 -1 -1 -1 -1 0 -1 -1 -1 -1 3
3 -1 -1 -1 0 0 -1 -1 -1 -1 -1 0 -1 -1 -1 -1 3
3 -1 -1 0 0 -1 -1 -1 -1 -1 -1 0 -1 -1 -1 -1 3
3 3 0 0 -1 0 -1 -1 -1 -1 -1 0 -1 -1 -1 3 3
3 3 0 -1 -1 -1 0 -1 0 0 0 0 0 -1 -1 3 3
3 3 3 -1 -1 -1 -1 0 0 0 0 0 0 -1 3 3 3
3 3 3 3 3 -1 -1 0 0 0 0 0 3 3 3 3 3
3 3 3 3 3 3 3 3 0 3 3 3 3 3 3 3 3
09:30:17.579343 - stdout  :: 0 -1
09:30:17.607606 - stdin   :: 12 34 1 -2
11 48
12 34
35 46
3 3 3 3 3 3 3 3 -1 3 3 3 3 3 3 3 3
3 3 3 3 3 -1 -1 -1 -1 -1 -1 -1 3 3 3 3 3
3 3 3 0 0 -1 -1 -1 -1 -1 -1 0 0 0 3 3 3
3 3 0 0 0 -1 -1 -1 -1 -1 0 0 0 0 0 3 3
3 3 0 0 0 0 0 0 0 0 0 0 0 0 0 3 3
3 0 0 0 0 -1 -1 -1 -1 -1 0 0 0 0 0 0 3
3 0 0 0 -1 -1 -1 -1 -1 -1 0 0 0 0 0 0 3
3 0 0 -1 -1 -1 -1 -1 0 0 0 0 0 0 0 -1 3
-1 0 -1 -1 -1 -1 -1 0 0 -1 -1 -1 -1 0 -1 -1 -1
3 0 -1 -1 -1 -1 0 0 -1 -1 -1 -1 -1 0 -1 -1 3
3 0 -1 -1 -1 0 0 -1 -1 -1 -1 -1 -1 0 -1 -1 3
3 0 -1 -1 0 0 -1 0 -1 -1 -1 -1 -1 0 -1 -1 3
3 3 0 -1 0 -1 -1 -1 0 -1 0 0 0 0 0 3 3
3 3 0 0 0 -1 -1 -1 -1 0 0 0 0 0 0 3 3
3 3 3 0 0 -1 -1 -1 -1 0 0 0 0 0 3 3 3
3 3 3 3 3 -1 0 0 0 0 0 0 3 3 3 3 3
3 3 3 3 3 3 3 3 -1 3 3 3 3 3 3 3 3
09:30:17.617454 - stdout  :: 1 -1
09:30:17.678870 - stdin   :: 14 31 2 -3
11 49
14 31
35 45
3 3 3 3 3 3 3 3 -1 3 3 3 3 3 3 3 3
3 3 3 3 3 0 0 0 -1 -1 -1 -1 3 3 3 3 3
3 3 3 0 0 0 0 0 0 0 0 0 0 0 3 3 3
3 3 0 0 0 0 0 0 -1 -1 -1 -1 -1 0 0 3 3
3 3 0 0 0 0 0 -1 -1 -1 -1 -1 -1 0 0 3 3
3 -1 0 0 0 0 -1 -1 -1 -1 -1 0 0 0 0 0 3
3 -1 -1 -1 0 -1 -1 -1 -1 -1 0 0 -1 -1 -1 -1 3
3 -1 -1 -1 0 -1 -1 -1 -1 0 0 -1 -1 -1 -1 -1 3
-1 -1 -1 -1 0 -1 -1 -1 0 0 -1 -1 -1 -1 -1 -1 0
3 -1 -1 -1 0 -1 -1 0 0 -1 0 -1 -1 -1 -1 -1 3
3 -1 0 0 0 0 -1 0 -1 -1 -1 0 -1 0 0 0 3
3 -1 0 0 0 0 0 0 -1 -1 -1 -1 0 0 0 0 3
3 3 0 0 0 0 0 0 -1 -1 -1 -1 0 0 0 3 3
3 3 0 0 0 0 0 0 -1 0 0 0 0 0 0 3 3
3 3 3 0 0 0 0 0 -1 -1 -1 -1 0 0 3 3 3
3 3 3 3 3 0 0 -1 -1 -1 -1 -1 3 3 3 3 3
3 3 3 3 3 3 3 3 -1 3 3 3 3 3 3 3 3
09:30:17.682426 - stdout  :: 1 1
09:30:17.706603 - stdin   :: 17 29 3 -2
11 50
17 29
35 44
3 3 3 3 3 3 3 3 0 3 3 3 3 3 3 3 3
3 3 3 3 3 0 0 0 0 -1 -1 -1 3 3 3 3 3
3 3 3 -1 0 0 0 0 -1 -1 -1 -1 -1 0 3 3 3
3 3 -1 -1 -1 -1 0 -1 -1 -1 -1 -1 0 0 -1 3 3
3 3 -1 -1 -1 -1 0 -1 -1 -1 -1 0 0 -1 -1 3 3
3 -1 -1 -1 -1 -1 0 -1 -1 -1 0 0 -1 -1 -1 -1 3
3 -1 -1 -1 -1 -1 0 -1 -1 0 0 -1 0 -1 -1 -1 3
3 -1 -1 -1 0 0 0 0 -1 0 -1 -1 -1 0 -1 0 3
-1 -1 -1 -1 0 0 0 0 0 0 -1 -1 -1 -1 0 0 0
3 -1 -1 0 0 0 0 0 0 0 -1 -1 -1 -1 0 0 3
3 -1 -1 0 0 0 0 0 0 0 -1 0 0 0 0 0 3
3 -1 -1 0 0 0 0 0 0 0 -1 -1 -1 -1 0 0 3
3 3 -1 -1 0 0 0 0 0 -1 -1 -1 -1 -1 -1 3 3
3 3 -1 -1 -1 0 0 0 0 -1 -1 -1 -1 -1 -1 3 3
3 3 3 -1 -1 -1 -1 -1 -1 -1 -1 -1 -1 -1 3 3 3
3 3 3 3 3 -1 -1 -1 -1 -1 -1 -1 3 3 3 3 3
3 3 3 3 3 3 3 3 -1 3 3 3 3 3 3 3 3
09:30:17.713878 - stdout  :: -1 1
09:30:17.736885 - stdin   :: 19 28 2 -1
11 51
19 28
35 43
3 3 3 3 3 3 3 3 0 3 3 3 3 3 3 3 3
3 3 3 3 3 -1 -1 0 -1 -1 -1 -1 3 3 3 3 3
3 3 3 -1 -1 -1 -1 0 -1 -1 -1 -1 0 0 3 3 3
3 3 -1 -1 -1 -1 -1 0 -1 -1 -1 0 0 -1 -1 3 3
3 3 -1 -1 -1 -1 -1 0 -1 -1 0 0 -1 0 -1 3 3
3 -1 -1 -1 -1 0 0 0 0 -1 0 -1 -1 -1 0 -1 3
3 -1 -1 -1 -1 0 0 0 0 0 0 -1 -1 -1 -1 0 3
3 -1 -1 -1 0 0 0 0 0 0 0 -1 -1 -1 -1 0 3
-1 -1 -1 -1 0 0 0 0 0 0 0 -1 0 0 0 0 0
3 -1 -1 -1 0 0 0 0 0 0 0 -1 -1 -1 -1 0 3
3 -1 -1 -1 -1 0 0 0 0 0 -1 -1 -1 -1 -1 -1 3
3 -1 -1 -1 -1 -1 0 0 0 0 -1 -1 -1 -1 -1 -1 3
3 3 -1 -1 -1 -1 -1 -1 -1 -1 -1 -1 -1 -1 -1 3 3
3 3 -1 -1 -1 -1 -1 -1 -1 -1 -1 -1 -1 -1 -1 3 3
3 3 3 -1 -1 -1 -1 -1 -1 -1 -1 -1 -1 -1 3 3 3
3 3 3 3 3 -1 -1 -1 -1 -1 -1 -1 3 3 3 3 3
3 3 3 3 3 3 3 3 -1 3 3 3 3 3 3 3 3
09:30:17.744857 - stdout  :: -1 -1
09:30:17.770917 - stdin   :: 20 26 1 -2
11 52
20 26
35 42
3 3 3 3 3 3 3 3 -1 3 3 3 3 3 3 3 3
3 3 3 3 3 -1 -1 -1 -1 0 -1 -1 3 3 3 3 3
3 3 3 -1 -1 -1 -1 -1 -1 0 -1 -1 -1 0 3 3 3
3 3 -1 -1 -1 -1 -1 -1 -1 0 -1 -1 0 0 -1 3 3
3 3 -1 -1 -1 -1 -1 0 0 0 0 -1 0 -1 -1 3 3
3 -1 -1 -1 -1 -1 -1 0 0 0 0 0 0 -1 -1 -1 3
3 -1 -1 -1 -1 -1 0 0 0 0 0 0 0 -1 -1 -1 3
3 -1 -1 -1 -1 -1 0 0 0 0 0 0 0 -1 0 0 3
-1 -1 -1 -1 -1 -1 0 0 0 0 0 0 0 -1 -1 -1 -1
3 -1 -1 -1 -1 -1 -1 0 0 0 0 0 -1 -1 -1 -1 3
3 -1 -1 -1 -1 -1 -1 -1 0 0 0 0 -1 -1 -1 -1 3
3 -1 -1 -1 -1 -1 -1 -1 -1 -1 -1 -1 -1 -1 -1 -1 3
3 3 -1 -1 -1 -1 -1 -1 -1 -1 -1 -1 -1 -1 -1 3 3
3 3 -1 -1 -1 -1 -1 -1 -1 -1 -1 -1 -1 -1 -1 3 3
3 3 3 -1 -1 -1 -1 -1 -1 -1 -1 -1 -1 -1 3 3 3
3 3 3 3 3 -1 -1 -1 -1 -1 -1 -1 3 3 3 3 3
3 3 3 3 3 3 3 3 -1 3 3 3 3 3 3 3 3
09:30:17.776065 - stdout  :: -1 0
09:30:17.805736 - stdin   :: 20 24 0 -2
11 53
20 24
35 41
3 3 3 3 3 3 3 3 -1 3 3 3 3 3 3 3 3
3 3 3 3 3 -1 -1 -1 -1 -1 -1 0 3 3 3 3 3
3 3 3 -1 -1 -1 -1 -1 -1 -1 -1 0 -1 -1 3 3 3
3 3 -1 -1 -1 -1 -1 -1 -1 -1 -1 0 -1 -1 0 3 3
3 3 -1 -1 -1 -1 -1 -1 -1 0 0 0 0 -1 0 3 3
3 -1 -1 -1 -1 -1 -1 -1 -1 0 0 0 0 0 0 -1 3
3 -1 -1 -1 -1 -1 -1 -1 0 0 0 0 0 0 0 -1 3
3 -1 -1 -1 -1 -1 -1 -1 0 0 0 0 0 0 0 -1 3
-1 -1 -1 -1 -1 -1 -1 -1 0 0 0 0 0 0 0 -1 -1
3 -1 -1 -1 -1 -1 -1 -1 -1 0 0 0 0 0 -1 -1 3
3 -1 -1 -1 -1 -1 -1 -1 -1 -1 0 0 0 0 -1 -1 3
3 -1 -1 -1 -1 -1 -1 -1 -1 -1 -1 -1 -1 -1 -1 -1 3
3 3 -1 -1 -1 -1 -1 -1 -1 -1 -1 -1 -1 -1 -1 3 3
3 3 -1 -1 -1 -1 -1 -1 -1 -1 -1 -1 -1 -1 -1 3 3
3 3 3 -1 -1 -1 -1 -1 -1 -1 -1 -1 -1 -1 3 3 3
3 3 3 3 3 -1 -1 -1 -1 -1 -1 -1 3 3 3 3 3
3 3 3 3 3 3 3 3 -1 3 3 3 3 3 3 3 3
09:30:17.810446 - stdout  :: 0 1
09:30:17.974281 - stdin   :: 20 24 0 0
4 56
20 24
36 36
3 3 3 3 3 3 3 3 -1 3 3 3 3 3 3 3 3
3 3 3 3 3 -1 -1 -1 -1 -1 -1 0 3 3 3 3 3
3 3 3 -1 -1 -1 -1 -1 -1 -1 -1 0 -1 -1 3 3 3
3 3 -1 -1 -1 -1 -1 -1 -1 -1 -1 0 -1 -1 0 3 3
3 3 -1 -1 -1 -1 -1 -1 -1 0 0 0 0 -1 0 3 3
3 -1 -1 -1 -1 -1 -1 -1 -1 0 0 0 0 0 0 -1 3
3 -1 -1 -1 -1 -1 -1 -1 0 0 0 0 0 0 0 -1 3
3 -1 -1 -1 -1 -1 -1 -1 0 0 0 0 0 0 0 -1 3
-1 -1 -1 -1 -1 -1 -1 -1 0 0 0 0 0 0 0 -1 -1
3 -1 -1 -1 -1 -1 -1 -1 -1 0 0 0 0 0 -1 -1 3
3 -1 -1 -1 -1 -1 -1 -1 -1 -1 0 0 0 0 -1 -1 3
3 -1 -1 -1 -1 -1 -1 -1 -1 -1 -1 -1 -1 -1 -1 -1 3
3 3 -1 -1 -1 -1 -1 -1 -1 -1 -1 -1 -1 -1 -1 3 3
3 3 -1 -1 -1 -1 -1 -1 -1 -1 -1 -1 -1 -1 -1 3 3
3 3 3 -1 -1 -1 -1 -1 -1 -1 -1 -1 -1 -1 3 3 3
3 3 3 3 3 -1 -1 -1 -1 -1 -1 -1 3 3 3 3 3
3 3 3 3 3 3 3 3 -1 3 3 3 3 3 3 3 3
09:30:17.986191 - stdout  :: 0 1
09:30:18.007127 - stdin   :: 20 25 0 1
3 55
20 25
37 36
3 3 3 3 3 3 3 3 -1 3 3 3 3 3 3 3 3
3 3 3 3 3 -1 -1 -1 -1 -1 0 -1 3 3 3 3 3
3 3 3 -1 -1 -1 -1 -1 -1 -1 0 -1 -1 -1 3 3 3
3 3 -1 -1 -1 -1 -1 -1 -1 -1 0 -1 -1 0 0 3 3
3 3 -1 -1 -1 -1 -1 -1 0 0 0 0 -1 0 -1 3 3
3 -1 -1 -1 -1 -1 -1 -1 0 0 0 0 0 0 -1 -1 3
3 -1 -1 -1 -1 -1 -1 0 0 0 0 0 0 0 -1 -1 3
3 -1 -1 -1 -1 -1 -1 0 0 0 0 0 0 0 -1 0 3
-1 -1 -1 -1 -1 -1 -1 0 0 0 0 0 0 0 -1 -1 -1
3 -1 -1 -1 -1 -1 -1 -1 0 0 0 0 0 -1 -1 -1 3
3 -1 -1 -1 -1 -1 -1 -1 -1 0 0 0 0 -1 -1 -1 3
3 -1 -1 -1 -1 -1 -1 -1 -1 -1 -1 -1 -1 -1 -1 -1 3
3 3 -1 -1 -1 -1 -1 -1 -1 -1 -1 -1 -1 -1 -1 3 3
3 3 -1 -1 -1 -1 -1 -1 -1 -1 -1 -1 -1 -1 -1 3 3
3 3 3 -1 -1 -1 -1 -1 -1 -1 -1 -1 -1 -1 3 3 3
3 3 3 3 3 -1 -1 -1 -1 -1 -1 -1 3 3 3 3 3
3 3 3 3 3 3 3 3 -1 3 3 3 3 3 3 3 3
09:30:18.012314 - stdout  :: -1 0
09:30:18.037395 - stdin   :: 19 26 -1 1
3 53
19 26
37 35
3 3 3 3 3 3 3 3 0 3 3 3 3 3 3 3 3
3 3 3 3 3 -1 -1 -1 -1 0 -1 -1 3 3 3 3 3
3 3 3 -1 -1 -1 -1 -1 -1 0 -1 -1 -1 -1 3 3 3
3 3 -1 -1 -1 -1 -1 -1 -1 0 -1 -1 -1 0 0 3 3
3 3 -1 -1 -1 -1 -1 -1 -1 0 -1 -1 0 0 -1 3 3
3 -1 -1 -1 -1 -1 -1 0 0 0 0 -1 0 -1 -1 -1 3
3 -1 -1 -1 -1 -1 -1 0 0 0 0 0 0 -1 -1 -1 3
3 -1 -1 -1 -1 -1 0 0 0 0 0 0 0 -1 -1 -1 3
-1 -1 -1 -1 -1 -1 0 0 0 0 0 0 0 -1 0 0 0
3 -1 -1 -1 -1 -1 0 0 0 0 0 0 0 -1 -1 -1 3
3 -1 -1 -1 -1 -1 -1 0 0 0 0 0 -1 -1 -1 -1 3
3 -1 -1 -1 -1 -1 -1 -1 0 0 0 0 -1 -1 -1 -1 3
3 3 -1 -1 -1 -1 -1 -1 -1 -1 -1 -1 -1 -1 -1 3 3
3 3 -1 -1 -1 -1 -1 -1 -1 -1 -1 -1 -1 -1 -1 3 3
3 3 3 -1 -1 -1 -1 -1 -1 -1 -1 -1 -1 -1 3 3 3
3 3 3 3 3 -1 -1 -1 -1 -1 -1 -1 3 3 3 3 3
3 3 3 3 3 3 3 3 -1 3 3 3 3 3 3 3 3
09:30:18.042235 - stdout  :: -1 -1
09:30:18.062190 - stdin   :: 17 26 -2 0
3 51
17 26
37 34
3 3 3 3 3 3 3 3 0 3 3 3 3 3 3 3 3
3 3 3 3 3 -1 0 0 0 0 0 0 3 3 3 3 3
3 3 3 -1 -1 -1 -1 0 0 0 0 -1 -1 -1 3 3 3
3 3 -1 -1 -1 -1 -1 -1 -1 0 -1 -1 -1 -1 -1 3 3
3 3 -1 -1 -1 -1 -1 -1 -1 0 -1 -1 -1 -1 0 3 3
3 -1 -1 -1 -1 -1 -1 -1 -1 0 -1 -1 -1 0 0 -1 3
3 -1 -1 -1 -1 -1 -1 -1 -1 0 -1 -1 0 0 -1 0 3
3 -1 -1 -1 -1 -1 -1 0 0 0 0 -1 0 -1 -1 -1 3
-1 -1 -1 -1 -1 -1 -1 0 0 0 0 0 0 -1 -1 -1 -1
3 -1 -1 -1 -1 -1 0 0 0 0 0 0 0 -1 -1 -1 3
3 -1 -1 -1 -1 -1 0 0 0 0 0 0 0 -1 0 0 3
3 -1 -1 -1 -1 -1 0 0 0 0 0 0 0 -1 -1 -1 3
3 3 -1 -1 -1 -1 -1 0 0 0 0 0 -1 -1 -1 3 3
3 3 -1 -1 -1 -1 -1 -1 0 0 0 0 -1 -1 -1 3 3
3 3 3 -1 -1 -1 -1 -1 -1 -1 -1 -1 -1 -1 3 3 3
3 3 3 3 3 -1 -1 -1 -1 -1 -1 -1 3 3 3 3 3
3 3 3 3 3 3 3 3 -1 3 3 3 3 3 3 3 3
09:30:18.067571 - stdout  :: -1 1
09:30:18.093385 - stdin   :: 14 27 -3 1
3 50
14 27
37 33
3 3 3 3 3 3 3 3 0 3 3 3 3 3 3 3 3
3 3 3 3 3 0 0 0 0 0 0 0 3 3 3 3 3
3 3 3 0 0 0 0 0 0 0 0 0 0 0 3 3 3
3 3 -1 -1 -1 0 0 0 0 0 0 0 -1 -1 -1 3 3
3 3 -1 -1 -1 0 0 0 0 0 0 -1 -1 -1 -1 3 3
3 -1 -1 -1 -1 -1 0 0 0 0 -1 -1 -1 -1 -1 0 3
3 -1 -1 -1 -1 -1 -1 -1 0 -1 -1 -1 -1 -1 0 0 3
3 -1 -1 -1 -1 -1 -1 -1 0 -1 -1 -1 -1 0 0 -1 3
-1 -1 -1 -1 -1 -1 -1 -1 0 -1 -1 -1 0 0 -1 -1 -1
3 -1 -1 -1 -1 -1 -1 -1 0 -1 -1 0 0 -1 0 -1 3
3 -1 -1 -1 -1 -1 0 0 0 0 -1 0 -1 -1 -1 0 3
3 -1 -1 -1 -1 -1 0 0 0 0 0 0 -1 -1 -1 -1 3
3 3 -1 -1 -1 0 0 0 0 0 0 0 -1 -1 -1 3 3
3 3 -1 -1 -1 0 0 0 0 0 0 0 -1 0 0 3 3
3 3 3 -1 -1 0 0 0 0 0 0 0 -1 -1 3 3 3
3 3 3 3 3 -1 0 0 0 0 0 -1 3 3 3 3 3
3 3 3 3 3 3 3 3 0 3 3 3 3 3 3 3 3
09:30:18.098654 - stdout  :: 0 -1
09:30:18.120629 - stdin   :: 11 27 -3 0
3 49
11 27
37 32
3 3 3 3 3 3 3 3 -1 3 3 3 3 3 3 3 3
3 3 3 3 3 -1 -1 -1 -1 -1 -1 -1 3 3 3 3 3
3 3 3 -1 -1 -1 -1 0 0 0 0 -1 -1 -1 3 3 3
3 3 -1 -1 -1 -1 0 0 0 0 0 0 -1 -1 -1 3 3
3 3 -1 -1 -1 0 0 0 0 0 0 0 -1 -1 -1 3 3
3 0 0 0 0 0 0 0 0 0 0 0 0 0 0 0 3
3 0 -1 -1 -1 0 0 0 0 0 0 0 -1 -1 -1 -1 3
3 -1 -1 -1 -1 0 0 0 0 0 0 -1 -1 -1 -1 -1 3
-1 -1 -1 -1 -1 -1 0 0 0 0 -1 -1 -1 -1 -1 0 0
3 -1 -1 -1 -1 -1 -1 -1 0 -1 -1 -1 -1 -1 0 0 3
3 -1 -1 -1 -1 -1 -1 -1 0 -1 -1 -1 -1 0 0 -1 3
3 -1 -1 -1 -1 -1 -1 -1 0 -1 -1 -1 0 0 -1 -1 3
3 3 -1 -1 -1 -1 -1 -1 0 -1 -1 0 0 -1 0 3 3
3 3 -1 -1 -1 -1 0 0 0 0 -1 0 -1 -1 -1 3 3
3 3 3 -1 -1 -1 0 0 0 0 0 0 -1 -1 3 3 3
3 3 3 3 3 0 0 0 0 0 0 0 3 3 3 3 3
3 3 3 3 3 3 3 3 0 3 3 3 3 3 3 3 3
09:30:18.126651 - stdout  :: 1 -1
09:30:18.149944 - stdin   :: 9 26 -2 -1
3 48
9 26
37 31
3 3 3 3 3 3 3 3 -1 3 3 3 3 3 3 3 3
3 3 3 3 3 -1 -1 -1 -1 -1 -1 -1 3 3 3 3 3
3 3 3 -1 -1 -1 -1 -1 -1 -1 -1 -1 -1 -1 3 3 3
3 3 0 -1 -1 -1 -1 -1 -1 -1 -1 -1 -1 -1 -1 3 3
3 3 0 -1 -1 -1 -1 -1 0 0 0 0 -1 -1 -1 3 3
3 0 0 -1 -1 -1 -1 0 0 0 0 0 0 -1 -1 -1 3
3 0 0 -1 -1 -1 0 0 0 0 0 0 0 -1 -1 -1 3
3 0 0 0 0 0 0 0 0 0 0 0 0 0 0 0 3
0 0 0 -1 -1 -1 0 0 0 0 0 0 0 -1 -1 -1 -1
3 0 -1 -1 -1 -1 0 0 0 0 0 0 -1 -1 -1 -1 3
3 -1 -1 -1 -1 -1 -1 0 0 0 0 -1 -1 -1 -1 -1 3
3 -1 -1 -1 -1 -1 -1 -1 -1 0 -1 -1 -1 -1 -1 0 3
3 3 -1 -1 -1 -1 -1 -1 -1 0 -1 -1 -1 -1 0 3 3
3 3 -1 -1 -1 -1 -1 -1 -1 0 -1 -1 -1 0 0 3 3
3 3 3 -1 -1 -1 -1 -1 -1 0 -1 -1 0 0 3 3 3
3 3 3 3 3 -1 -1 0 0 0 0 -1 3 3 3 3 3
3 3 3 3 3 3 3 3 0 3 3 3 3 3 3 3 3
09:30:18.156652 - stdout  :: 1 -1
09:30:18.174924 - stdin   :: 8 24 -1 -2
4 48
8 24
37 30
3 3 3 3 3 3 3 3 -1 3 3 3 3 3 3 3 3
3 3 3 3 3 -1 -1 -1 -1 -1 -1 -1 3 3 3 3 3
3 3 3 0 -1 -1 -1 -1 -1 -1 -1 -1 -1 -1 3 3 3
3 3 0 0 0 -1 -1 -1 -1 -1 -1 -1 -1 -1 -1 3 3
3 3 0 0 0 -1 -1 -1 -1 -1 -1 -1 -1 -1 -1 3 3
3 0 0 0 0 -1 -1 -1 -1 -1 0 0 0 0 -1 -1 3
3 0 0 0 0 -1 -1 -1 -1 0 0 0 0 0 0 -1 3
3 0 0 0 0 -1 -1 -1 0 0 0 0 0 0 0 -1 3
0 0 0 0 0 0 0 0 0 0 0 0 0 0 0 0 0
3 0 0 0 0 -1 -1 -1 0 0 0 0 0 0 0 -1 3
3 0 0 0 -1 -1 -1 -1 0 0 0 0 0 0 -1 -1 3
3 0 0 -1 -1 -1 -1 -1 -1 0 0 0 0 -1 -1 -1 3
3 3 -1 -1 -1 -1 -1 -1 -1 -1 -1 0 -1 -1 -1 3 3
3 3 -1 -1 -1 -1 -1 -1 -1 -1 -1 0 -1 -1 -1 3 3
3 3 3 -1 -1 -1 -1 -1 -1 -1 -1 0 -1 -1 3 3 3
3 3 3 3 3 -1 -1 -1 -1 -1 -1 0 3 3 3 3 3
3 3 3 3 3 3 3 3 -1 3 3 3 3 3 3 3 3
09:30:18.181132 - stdout  :: 1 -1
09:30:18.202114 - stdin   :: 8 21 0 -3
5 48
8 21
37 29
3 3 3 3 3 3 3 3 -1 3 3 3 3 3 3 3 3
3 3 3 3 3 -1 -1 -1 -1 -1 -1 -1 3 3 3 3 3
3 3 3 0 0 0 0 -1 -1 -1 -1 -1 -1 -1 3 3 3
3 3 0 0 0 0 0 0 -1 -1 -1 -1 -1 -1 -1 3 3
3 3 0 0 0 0 0 0 -1 -1 -1 -1 -1 -1 -1 3 3
3 0 0 0 0 0 0 0 -1 -1 -1 -1 -1 0 0 0 3
3 0 0 0 0 0 0 0 -1 -1 -1 -1 0 0 0 0 3
3 0 0 0 0 0 0 0 -1 -1 -1 0 0 0 0 0 3
0 0 0 0 0 0 0 0 0 0 0 0 0 0 0 0 0
3 0 0 0 0 0 0 0 -1 -1 -1 0 0 0 0 0 3
3 0 0 0 0 0 0 -1 -1 -1 -1 0 0 0 0 0 3
3 0 0 0 0 0 -1 -1 -1 -1 -1 -1 0 0 0 0 3
3 3 0 0 0 -1 -1 -1 -1 -1 -1 -1 -1 -1 0 3 3
3 3 0 0 -1 -1 -1 -1 -1 -1 -1 -1 -1 -1 0 3 3
3 3 3 -1 -1 -1 -1 -1 -1 -1 -1 -1 -1 -1 3 3 3
3 3 3 3 3 -1 -1 -1 -1 -1 -1 -1 3 3 3 3 3
3 3 3 3 3 3 3 3 -1 3 3 3 3 3 3 3 3
09:30:18.207142 - stdout  :: 1 0
09:30:18.229944 - stdin   :: 9 18 1 -3
6 48
9 18
36 29
3 3 3 3 3 3 3 3 -1 3 3 3 3 3 3 3 3
3 3 3 3 3 0 0 0 0 0 -1 -1 3 3 3 3 3
3 3 3 0 0 0 0 0 0 0 0 -1 -1 -1 3 3 3
3 3 0 0 0 0 0 0 0 0 0 -1 -1 -1 -1 3 3
3 3 0 0 0 0 0 0 0 0 0 -1 -1 -1 -1 3 3
3 0 0 0 0 0 0 0 0 0 0 -1 -1 -1 -1 0 3
3 0 0 0 0 0 0 0 0 0 0 -1 -1 -1 0 0 3
3 0 0 0 0 0 0 0 0 0 0 0 0 0 0 0 3
0 0 0 0 0 0 0 0 0 0 0 -1 -1 -1 0 0 0
3 0 0 0 0 0 0 0 0 0 -1 -1 -1 -1 0 0 3
3 0 0 0 0 0 0 0 0 -1 -1 -1 -1 -1 -1 0 3
3 0 0 0 0 0 0 0 -1 -1 -1 -1 -1 -1 -1 -1 3
3 3 0 0 0 0 0 -1 -1 -1 -1 -1 -1 -1 -1 3 3
3 3 0 0 0 0 -1 -1 -1 -1 -1 -1 -1 -1 -1 3 3
3 3 3 0 0 0 -1 -1 -1 -1 -1 -1 -1 -1 3 3 3
3 3 3 3 3 -1 -1 -1 -1 -1 -1 -1 3 3 3 3 3
3 3 3 3 3 3 3 3 -1 3 3 3 3 3 3 3 3
09:30:18.236558 - stdout  :: 0 0
09:30:18.259008 - stdin   :: 10 15 1 -3
7 48
10 15
36 28
3 3 3 3 3 3 3 3 0 3 3 3 3 3 3 3 3
3 3 3 3 3 0 0 0 0 0 0 0 3 3 3 3 3
3 3 3 0 0 0 0 0 0 0 0 0 0 0 3 3 3
3 3 0 0 0 0 0 0 0 0 0 0 0 0 -1 3 3
3 3 0 0 0 0 0 0 0 0 0 0 0 0 -1 3 3
3 0 0 0 0 0 0 0 0 0 0 0 0 0 -1 -1 3
3 0 0 0 0 0 0 0 0 0 0 0 0 0 0 0 3
3 0 0 0 0 0 0 0 0 0 0 0 0 0 -1 -1 3
0 0 0 0 0 0 0 0 0 0 0 0 0 -1 -1 -1 -1
3 0 0 0 0 0 0 0 0 0 0 0 -1 -1 -1 -1 3
3 0 0 0 0 0 0 0 0 0 0 -1 -1 -1 -1 -1 3
3 0 0 0 0 0 0 0 0 0 -1 -1 -1 -1 -1 -1 3
3 3 0 0 0 0 0 0 0 -1 -1 -1 -1 -1 -1 3 3
3 3 0 0 0 0 0 0 0 -1 -1 -1 -1 -1 -1 3 3
3 3 3 -1 -1 -1 -1 -1 -1 -1 -1 -1 -1 -1 3 3 3
3 3 3 3 3 0 0 0 -1 -1 -1 -1 3 3 3 3 3
3 3 3 3 3 3 3 3 -1 3 3 3 3 3 3 3 3
09:30:18.265866 - stdout  :: -1 1
09:30:18.289080 - stdin   :: 10 13 0 -2
8 48
10 13
36 27
3 3 3 3 3 3 3 3 0 3 3 3 3 3 3 3 3
3 3 3 3 3 0 0 0 0 0 0 0 3 3 3 3 3
3 3 3 0 0 0 0 0 0 0 0 0 0 0 3 3 3
3 3 0 0 0 0 0 0 0 0 0 0 0 0 0 3 3
3 3 0 0 0 0 0 0 0 0 0 0 0 0 0 3 3
3 0 0 0 0 0 0 0 0 0 0 0 0 0 0 0 3
3 0 0 0 0 0 0 0 0 0 0 0 0 0 0 0 3
3 0 0 0 0 0 0 0 0 0 0 0 0 0 0 0 3
0 0 0 0 0 0 0 0 0 0 0 0 0 0 0 -1 -1
3 0 0 0 0 0 0 0 0 0 0 0 0 0 -1 -1 3
3 0 0 0 0 0 0 0 0 0 0 0 0 -1 -1 -1 3
3 0 0 0 0 0 0 0 0 0 0 0 -1 -1 -1 -1 3
3 3 0 0 0 0 0 0 0 0 0 -1 -1 -1 -1 3 3
3 3 0 0 0 0 0 0 0 0 0 -1 -1 -1 -1 3 3
3 3 3 -1 -1 -1 -1 -1 -1 -1 -1 -1 -1 -1 3 3 3
3 3 3 3 3 0 0 0 0 0 -1 -1 3 3 3 3 3
3 3 3 3 3 3 3 3 0 3 3 3 3 3 3 3 3
09:30:18.298598 - stdout  :: -1 1
09:30:18.345404 - stdin   :: 9 12 -1 -1
9 48
9 12
35 27
3 3 3 3 3 3 3 3 0 3 3 3 3 3 3 3 3
3 3 3 3 3 0 0 0 0 0 0 0 3 3 3 3 3
3 3 3 0 0 0 0 0 0 0 0 0 0 0 3 3 3
3 3 0 0 0 0 0 0 0 0 0 0 0 0 0 3 3
3 3 0 0 0 0 0 0 0 0 0 0 0 0 0 3 3
3 0 0 0 0 0 0 0 0 0 0 0 0 0 0 0 3
3 0 0 0 0 0 0 0 0 0 0 0 0 0 0 0 3
3 0 0 0 0 0 0 0 0 0 0 0 0 0 0 0 3
0 0 0 0 0 0 0 0 0 0 0 0 0 0 0 0 0
3 0 0 0 0 0 0 0 0 0 0 0 0 0 0 0 3
3 0 0 0 0 0 0 0 0 0 0 0 0 0 0 -1 3
3 0 0 0 0 0 0 0 0 0 0 0 0 0 -1 -1 3
3 3 0 0 0 0 0 0 0 0 0 0 0 -1 -1 3 3
3 3 0 0 0 0 0 0 0 0 0 0 -1 -1 -1 3 3
3 3 3 0 0 0 0 0 0 0 0 0 -1 -1 3 3 3
3 3 3 3 3 -1 -1 -1 -1 -1 -1 -1 3 3 3 3 3
3 3 3 3 3 3 3 3 0 3 3 3 3 3 3 3 3
09:30:18.355203 - stdout  :: -1 1
09:30:18.399595 - stdin   :: 7 12 -2 0
10 48
7 12
34 27
3 3 3 3 3 3 3 3 -1 3 3 3 3 3 3 3 3
3 3 3 3 3 -1 -1 -1 -1 -1 -1 -1 3 3 3 3 3
3 3 3 0 0 0 0 0 0 0 0 0 0 -1 3 3 3
3 3 0 0 0 0 0 0 0 0 0 0 0 0 0 3 3
3 3 0 0 0 0 0 0 0 0 0 0 0 0 0 3 3
3 0 0 0 0 0 0 0 0 0 0 0 0 0 0 0 3
3 0 0 0 0 0 0 0 0 0 0 0 0 0 0 0 3
3 0 0 0 0 0 0 0 0 0 0 0 0 0 0 0 3
0 0 0 0 0 0 0 0 0 0 0 0 0 0 0 0 0
3 0 0 0 0 0 0 0 0 0 0 0 0 0 0 0 3
3 0 0 0 0 0 0 0 0 0 0 0 0 0 0 0 3
3 0 0 0 0 0 0 0 0 0 0 0 0 0 0 0 3
3 3 0 0 0 0 0 0 0 0 0 0 0 0 0 3 3
3 3 0 0 0 0 0 0 0 0 0 0 0 0 -1 3 3
3 3 3 0 0 0 0 0 0 0 0 0 0 -1 3 3 3
3 3 3 3 3 0 0 0 0 0 0 0 3 3 3 3 3
3 3 3 3 3 3 3 3 0 3 3 3 3 3 3 3 3
09:30:18.408799 - stdout  :: 1 -1
09:30:18.435254 - stdin   :: 6 11 -1 -1
12 48
6 11
33 27
3 3 3 3 3 3 3 3 -1 3 3 3 3 3 3 3 3
3 3 3 3 3 -1 -1 -1 -1 -1 -1 -1 3 3 3 3 3
3 3 3 -1 -1 -1 -1 -1 -1 -1 -1 -1 -1 -1 3 3 3
3 3 -1 -1 0 0 0 0 0 0 0 0 0 0 -1 3 3
3 3 -1 0 0 0 0 0 0 0 0 0 0 0 0 3 3
3 -1 0 0 0 0 0 0 0 0 0 0 0 0 0 0 3
3 0 0 0 0 0 0 0 0 0 0 0 0 0 0 0 3
3 0 0 0 0 0 0 0 0 0 0 0 0 0 0 0 3
0 0 0 0 0 0 0 0 0 0 0 0 0 0 0 0 0
3 0 0 0 0 0 0 0 0 0 0 0 0 0 0 0 3
3 0 0 0 0 0 0 0 0 0 0 0 0 0 0 0 3
3 0 0 0 0 0 0 0 0 0 0 0 0 0 0 0 3
3 3 0 0 0 0 0 0 0 0 0 0 0 0 0 3 3
3 3 0 0 0 0 0 0 0 0 0 0 0 0 0 3 3
3 3 3 0 0 0 0 0 0 0 0 0 0 0 3 3 3
3 3 3 3 3 0 0 0 0 0 0 0 3 3 3 3 3
3 3 3 3 3 3 3 3 0 3 3 3 3 3 3 3 3
09:30:18.442057 - stdout  :: 1 -1
09:30:18.466017 - stdin   :: 6 9 0 -2
12 48
6 9
32 27
3 3 3 3 3 3 3 3 -1 3 3 3 3 3 3 3 3
3 3 3 3 3 -1 -1 -1 -1 -1 -1 -1 3 3 3 3 3
3 3 3 -1 -1 -1 -1 -1 -1 -1 -1 -1 -1 -1 3 3 3
3 3 -1 -1 -1 -1 0 0 0 0 0 0 0 0 0 3 3
3 3 -1 -1 -1 0 0 0 0 0 0 0 0 0 0 3 3
3 -1 -1 -1 0 0 0 0 0 0 0 0 0 0 0 0 3
3 -1 -1 0 0 0 0 0 0 0 0 0 0 0 0 0 3
3 -1 0 0 0 0 0 0 0 0 0 0 0 0 0 0 3
-1 0 0 0 0 0 0 0 0 0 0 0 0 0 0 0 0
3 0 0 0 0 0 0 0 0 0 0 0 0 0 0 0 3
3 0 0 0 0 0 0 0 0 0 0 0 0 0 0 0 3
3 0 0 0 0 0 0 0 0 0 0 0 0 0 0 0 3
3 3 0 0 0 0 0 0 0 0 0 0 0 0 0 3 3
3 3 0 0 0 0 0 0 0 0 0 0 0 0 0 3 3
3 3 3 0 0 0 0 0 0 0 0 0 0 0 3 3 3
3 3 3 3 3 0 0 0 0 0 0 0 3 3 3 3 3
3 3 3 3 3 3 3 3 0 3 3 3 3 3 3 3 3
09:30:18.473534 - stdout  :: 1 -1
09:30:18.491890 - stdin   :: 7 6 1 -3
12 48
7 6
31 27
3 3 3 3 3 3 3 3 -1 3 3 3 3 3 3 3 3
3 3 3 3 3 -1 -1 -1 -1 -1 -1 -1 3 3 3 3 3
3 3 3 -1 -1 -1 -1 -1 -1 0 0 0 0 0 3 3 3
3 3 -1 -1 -1 -1 -1 -1 0 0 0 0 0 0 0 3 3
3 3 -1 -1 -1 -1 -1 0 0 0 0 0 0 0 0 3 3
3 -1 -1 -1 -1 -1 0 0 0 0 0 0 0 0 0 0 3
3 -1 -1 -1 -1 0 0 0 0 0 0 0 0 0 0 0 3
3 -1 -1 -1 0 0 0 0 0 0 0 0 0 0 0 0 3
-1 -1 -1 0 0 0 0 0 0 0 0 0 0 0 0 0 0
3 -1 -1 0 0 0 0 0 0 0 0 0 0 0 0 0 3
3 -1 -1 0 0 0 0 0 0 0 0 0 0 0 0 0 3
3 -1 -1 0 0 0 0 0 0 0 0 0 0 0 0 0 3
3 3 -1 0 0 0 0 0 0 0 0 0 0 0 0 3 3
3 3 -1 0 0 0 0 0 0 0 0 0 0 0 0 3 3
3 3 3 0 0 0 0 0 0 0 0 0 0 0 3 3 3
3 3 3 3 3 0 0 0 0 0 0 0 3 3 3 3 3
3 3 3 3 3 3 3 3 0 3 3 3 3 3 3 3 3
09:30:18.498689 - stdout  :: 1 1
09:30:18.520879 - stdin   :: 9 4 2 -2
12 48
9 4
30 27
3 3 3 3 3 3 3 3 -1 3 3 3 3 3 3 3 3
3 3 3 3 3 -1 -1 -1 -1 -1 0 0 3 3 3 3 3
3 3 3 -1 -1 -1 -1 -1 -1 0 0 0 0 0 3 3 3
3 3 -1 -1 -1 -1 -1 -1 0 0 0 0 0 0 0 3 3
3 3 -1 -1 -1 -1 -1 0 0 0 0 0 0 0 0 3 3
3 -1 -1 -1 -1 -1 0 0 0 0 0 0 0 0 0 0 3
3 -1 -1 -1 -1 0 0 0 0 0 0 0 0 0 0 0 3
3 -1 -1 -1 -1 0 0 0 0 0 0 0 0 0 0 0 3
-1 -1 -1 -1 -1 0 0 0 0 0 0 0 0 0 0 0 0
3 -1 -1 -1 -1 0 0 0 0 0 0 0 0 0 0 0 3
3 -1 -1 -1 -1 0 0 0 0 0 0 0 0 0 0 0 3
3 -1 -1 -1 -1 0 0 0 0 0 0 0 0 0 0 0 3
3 3 -1 -1 -1 0 0 0 0 0 0 0 0 0 0 3 3
3 3 -1 -1 -1 0 0 0 0 0 0 0 0 0 0 3 3
3 3 3 -1 -1 0 0 0 0 0 0 0 0 0 3 3 3
3 3 3 3 3 -1 -1 -1 -1 -1 -1 0 3 3 3 3 3
3 3 3 3 3 3 3 3 0 3 3 3 3 3 3 3 3
09:30:18.529002 - stdout  :: 1 1
09:30:18.546236 - stdin   :: 12 3 3 -1
12 48
12 3
30 28
3 3 3 3 3 3 3 3 -1 3 3 3 3 3 3 3 3
3 3 3 3 3 -1 -1 -1 0 0 0 0 3 3 3 3 3
3 3 3 -1 -1 -1 -1 0 0 0 0 0 0 0 3 3 3
3 3 -1 -1 -1 -1 0 0 0 0 0 0 0 0 0 3 3
3 3 -1 -1 -1 -1 0 0 0 0 0 0 0 0 0 3 3
3 -1 -1 -1 -1 -1 0 0 0 0 0 0 0 0 0 0 3
3 -1 -1 -1 -1 -1 0 0 0 0 0 0 0 0 0 0 3
3 -1 -1 -1 -1 -1 0 0 0 0 0 0 0 0 0 0 3
-1 -1 -1 -1 -1 -1 0 0 0 0 0 0 0 0 0 0 0
3 -1 -1 -1 -1 -1 0 0 0 0 0 0 0 0 0 0 3
3 -1 -1 -1 -1 -1 0 0 0 0 0 0 0 0 0 0 3
3 -1 -1 -1 -1 -1 0 0 0 0 0 0 0 0 0 0 3
3 3 -1 -1 -1 -1 -1 -1 -1 -1 -1 -1 0 -1 -1 3 3
3 3 -1 -1 -1 -1 0 0 0 0 0 0 0 0 0 3 3
3 3 3 -1 -1 -1 -1 0 0 0 0 0 0 0 3 3 3
3 3 3 3 3 -1 -1 0 0 0 0 0 3 3 3 3 3
3 3 3 3 3 3 3 3 0 3 3 3 3 3 3 3 3
09:30:18.551623 - stdout  :: 0 1
09:30:18.573019 - stdin   :: 15 3 3 0
12 48
15 3
29 28
3 3 3 3 3 3 3 3 0 3 3 3 3 3 3 3 3
3 3 3 3 3 -1 0 0 0 0 0 0 3 3 3 3 3
3 3 3 -1 -1 -1 0 0 0 0 0 0 0 0 3 3 3
3 3 -1 -1 -1 -1 0 0 0 0 0 0 0 0 0 3 3
3 3 -1 -1 -1 -1 0 0 0 0 0 0 0 0 0 3 3
3 -1 -1 -1 -1 -1 0 0 0 0 0 0 0 0 0 0 3
3 -1 -1 -1 -1 -1 0 0 0 0 0 0 0 0 0 0 3
3 -1 -1 -1 -1 -1 0 0 0 0 0 0 0 0 0 0 3
-1 -1 -1 -1 -1 -1 0 0 0 0 0 0 0 0 0 0 0
3 -1 -1 -1 -1 -1 -1 -1 -1 -1 -1 -1 0 -1 -1 -1 3
3 -1 -1 -1 -1 -1 0 0 0 0 0 0 0 0 0 0 3
3 -1 -1 -1 -1 -1 -1 0 0 0 0 0 0 0 0 0 3
3 3 -1 -1 -1 -1 -1 0 0 0 0 0 0 0 0 3 3
3 3 -1 -1 -1 -1 -1 0 0 0 0 0 0 0 0 3 3
3 3 3 -1 -1 -1 -1 0 0 0 0 0 0 0 3 3 3
3 3 3 3 3 -1 -1 -1 0 -1 -1 -1 3 3 3 3 3
3 3 3 3 3 3 3 3 0 3 3 3 3 3 3 3 3
09:30:18.581413 - stdout  :: -1 0
09:30:18.754971 - stdin   :: 15 3 0 0
12 53
15 3
27 32
3 3 3 3 3 3 3 3 0 3 3 3 3 3 3 3 3
3 3 3 3 3 -1 0 0 0 0 0 0 3 3 3 3 3
3 3 3 -1 -1 -1 0 0 0 0 0 0 0 0 3 3 3
3 3 -1 -1 -1 -1 0 0 0 0 0 0 0 0 0 3 3
3 3 -1 -1 -1 -1 0 0 0 0 0 0 0 0 0 3 3
3 -1 -1 -1 -1 -1 0 0 0 0 0 0 0 0 0 0 3
3 -1 -1 -1 -1 -1 0 0 0 0 0 0 0 0 0 0 3
3 -1 -1 -1 -1 -1 0 0 0 0 0 0 0 0 0 0 3
-1 -1 -1 -1 -1 -1 0 0 0 0 0 0 0 0 0 0 0
3 -1 -1 -1 -1 -1 -1 -1 -1 -1 -1 -1 0 -1 -1 -1 3
3 -1 -1 -1 -1 -1 0 0 0 0 0 0 0 0 0 0 3
3 -1 -1 -1 -1 -1 -1 0 0 0 0 0 0 0 0 0 3
3 3 -1 -1 -1 -1 -1 0 0 0 0 0 0 0 0 3 3
3 3 -1 -1 -1 -1 -1 0 0 0 0 0 0 0 0 3 3
3 3 3 -1 -1 -1 -1 0 0 0 0 0 0 0 3 3 3
3 3 3 3 3 -1 -1 -1 0 -1 -1 -1 3 3 3 3 3
3 3 3 3 3 3 3 3 0 3 3 3 3 3 3 3 3
09:30:18.764039 - stdout  :: 0 1
09:30:18.783669 - stdin   :: 15 4 0 1
12 54
15 4
27 33
3 3 3 3 3 3 3 3 0 3 3 3 3 3 3 3 3
3 3 3 3 3 0 0 0 0 0 0 0 3 3 3 3 3
3 3 3 -1 -1 0 0 0 0 0 0 0 0 0 3 3 3
3 3 -1 -1 -1 0 0 0 0 0 0 0 0 0 0 3 3
3 3 -1 -1 -1 0 0 0 0 0 0 0 0 0 0 3 3
3 -1 -1 -1 -1 0 0 0 0 0 0 0 0 0 0 0 3
3 -1 -1 -1 -1 0 0 0 0 0 0 0 0 0 0 0 3
3 -1 -1 -1 -1 0 0 0 0 0 0 0 0 0 0 0 3
-1 -1 -1 -1 -1 0 0 0 0 0 0 0 0 0 0 0 0
3 -1 -1 -1 -1 -1 -1 -1 -1 -1 -1 0 -1 -1 -1 -1 3
3 -1 -1 -1 -1 0 0 0 0 0 0 0 0 0 0 0 3
3 -1 -1 -1 -1 -1 0 0 0 0 0 0 0 0 0 0 3
3 3 -1 -1 -1 -1 0 0 0 0 0 0 0 0 0 3 3
3 3 -1 -1 -1 -1 0 0 0 0 0 0 0 0 0 3 3
3 3 3 -1 -1 -1 0 0 0 0 0 0 0 0 3 3 3
3 3 3 3 3 -1 -1 0 -1 -1 -1 -1 3 3 3 3 3
3 3 3 3 3 3 3 3 0 3 3 3 3 3 3 3 3
09:30:18.789575 - stdout  :: 0 1
09:30:18.813773 - stdin   :: 15 6 0 2
11 55
15 6
27 34
3 3 3 3 3 3 3 3 0 3 3 3 3 3 3 3 3
3 3 3 3 3 0 0 0 0 0 0 0 3 3 3 3 3
3 3 3 0 0 0 0 0 0 0 0 0 0 0 3 3 3
3 3 -1 0 0 0 0 0 0 0 0 0 0 0 0 3 3
3 3 -1 0 0 0 0 0 0 0 0 0 0 0 0 3 3
3 -1 -1 0 0 0 0 0 0 0 0 0 0 0 0 0 3
3 -1 -1 0 0 0 0 0 0 0 0 0 0 0 0 0 3
3 -1 -1 0 0 0 0 0 0 0 0 0 0 0 0 0 3
-1 -1 -1 0 0 0 0 0 0 0 0 0 0 0 0 0 0
3 -1 -1 -1 -1 -1 -1 -1 -1 0 -1 -1 -1 -1 -1 -1 3
3 -1 -1 0 0 0 0 0 0 0 0 0 0 0 0 0 3
3 -1 -1 -1 0 0 0 0 0 0 0 0 0 0 0 0 3
3 3 -1 -1 0 0 0 0 0 0 0 0 0 0 0 3 3
3 3 -1 -1 0 0 0 0 0 0 0 0 0 0 0 3 3
3 3 3 -1 0 0 0 0 0 0 0 0 0 0 3 3 3
3 3 3 3 3 0 -1 -1 -1 -1 -1 -1 3 3 3 3 3
3 3 3 3 3 3 3 3 0 3 3 3 3 3 3 3 3
09:30:18.820498 - stdout  :: 1 -1
09:30:18.845211 - stdin   :: 16 7 1 1
9 56
16 7
27 35
3 3 3 3 3 3 3 3 0 3 3 3 3 3 3 3 3
3 3 3 3 3 0 0 0 0 0 0 0 3 3 3 3 3
3 3 3 0 0 0 0 0 0 0 0 0 0 0 3 3 3
3 3 0 0 0 0 0 0 0 0 0 0 0 0 0 3 3
3 3 0 0 0 0 0 0 0 0 0 0 0 0 0 3 3
3 -1 0 0 0 0 0 0 0 0 0 0 0 0 0 0 3
3 -1 0 0 0 0 0 0 0 0 0 0 0 0 0 0 3
3 -1 0 0 0 0 0 0 0 0 0 0 0 0 0 0 3
-1 -1 -1 -1 -1 -1 -1 -1 0 -1 -1 -1 -1 -1 -1 -1 -1
3 -1 0 0 0 0 0 0 0 0 0 0 0 0 0 0 3
3 -1 -1 0 0 0 0 0 0 0 0 0 0 0 0 0 3
3 -1 -1 0 0 0 0 0 0 0 0 0 0 0 0 -1 3
3 3 -1 0 0 0 0 0 0 0 0 0 0 0 -1 3 3
3 3 -1 0 0 0 0 0 0 0 0 0 0 -1 -1 3 3
3 3 3 -1 0 -1 -1 -1 -1 -1 -1 0 -1 -1 3 3 3
3 3 3 3 3 0 0 0 0 0 0 0 3 3 3 3 3
3 3 3 3 3 3 3 3 0 3 3 3 3 3 3 3 3
09:30:18.853754 - stdout  :: 1 0
09:30:18.931645 - stdin   :: 18 8 2 1
7 56
18 8
27 36
3 3 3 3 3 3 3 3 0 3 3 3 3 3 3 3 3
3 3 3 3 3 0 0 0 0 0 0 0 3 3 3 3 3
3 3 3 0 0 0 0 0 0 0 0 0 0 0 3 3 3
3 3 0 0 0 0 0 0 0 0 0 0 0 0 0 3 3
3 3 0 0 0 0 0 0 0 0 0 0 0 0 0 3 3
3 0 0 0 0 0 0 0 0 0 0 0 0 0 0 0 3
3 -1 -1 -1 -1 -1 -1 0 -1 -1 -1 -1 -1 -1 -1 -1 3
3 0 0 0 0 0 0 0 0 0 0 0 0 0 0 -1 3
-1 -1 0 0 0 0 0 0 0 0 0 0 0 0 0 -1 -1
3 -1 0 0 0 0 0 0 0 0 0 0 0 0 -1 -1 3
3 -1 0 0 0 0 0 0 0 0 0 0 0 -1 -1 -1 3
3 -1 0 0 0 0 0 0 0 0 0 0 -1 -1 -1 -1 3
3 3 -1 0 -1 -1 -1 -1 -1 -1 0 -1 -1 -1 -1 3 3
3 3 0 0 0 0 0 0 0 0 0 0 -1 -1 -1 3 3
3 3 3 0 0 0 0 0 0 0 0 0 -1 -1 3 3 3
3 3 3 3 3 0 0 0 0 0 0 0 3 3 3 3 3
3 3 3 3 3 3 3 3 0 3 3 3 3 3 3 3 3
09:30:18.936837 - stdout  :: 1 0
09:30:18.961186 - stdin   :: 21 9 3 1
5 56
21 9
27 37
3 3 3 3 3 3 3 3 0 3 3 3 3 3 3 3 3
3 3 3 3 3 0 0 0 0 0 0 0 3 3 3 3 3
3 3 3 0 0 0 0 0 0 0 0 0 0 0 3 3 3
3 3 -1 -1 -1 -1 0 -1 -1 -1 -1 -1 -1 -1 -1 3 3
3 3 0 0 0 0 0 0 0 0 0 0 0 0 -1 3 3
3 0 0 0 0 0 0 0 0 0 0 0 0 0 -1 -1 3
3 0 0 0 0 0 0 0 0 0 0 0 0 -1 -1 -1 3
3 0 0 0 0 0 0 0 0 0 0 0 -1 -1 -1 -1 3
-1 0 0 0 0 0 0 0 0 0 0 -1 -1 -1 -1 -1 -1
3 -1 0 -1 -1 -1 -1 -1 -1 0 -1 -1 -1 -1 -1 -1 3
3 0 0 0 0 0 0 0 0 0 0 -1 -1 -1 -1 -1 3
3 0 0 0 0 0 0 0 0 0 0 -1 -1 -1 -1 -1 3
3 3 0 0 0 0 0 0 0 0 0 -1 -1 -1 -1 3 3
3 3 0 0 0 0 0 0 0 0 0 -1 -1 -1 -1 3 3
3 3 3 0 0 0 0 0 0 0 0 -1 -1 -1 3 3 3
3 3 3 3 3 0 0 0 0 0 0 -1 3 3 3 3 3
3 3 3 3 3 3 3 3 0 3 3 3 3 3 3 3 3
09:30:18.966100 - stdout  :: 0 0
09:30:18.991261 - stdin   :: 24 10 3 1
3 55
24 10
28 37
3 3 3 3 3 3 3 3 -1 3 3 3 3 3 3 3 3
3 3 3 3 3 0 0 0 0 0 0 0 3 3 3 3 3
3 3 3 0 0 0 0 0 0 0 0 0 0 -1 3 3 3
3 3 0 0 0 0 0 0 0 0 0 0 -1 -1 -1 3 3
3 3 0 0 0 0 0 0 0 0 0 -1 -1 -1 -1 3 3
3 0 0 0 0 0 0 0 0 0 -1 -1 -1 -1 -1 -1 3
3 0 -1 -1 -1 -1 -1 -1 0 -1 -1 -1 -1 -1 -1 -1 3
3 0 0 0 0 0 0 0 0 0 -1 -1 -1 -1 -1 -1 3
0 0 0 0 0 0 0 0 0 0 -1 -1 -1 -1 -1 -1 -1
3 0 0 0 0 0 0 0 0 0 -1 -1 -1 -1 -1 -1 3
3 0 0 0 0 0 0 0 0 0 -1 -1 -1 -1 -1 -1 3
3 0 0 0 0 0 0 0 0 0 -1 -1 -1 -1 -1 -1 3
3 3 0 0 0 0 0 0 0 0 -1 -1 -1 -1 -1 3 3
3 3 0 0 0 0 0 0 0 0 -1 -1 -1 -1 -1 3 3
3 3 3 0 0 0 0 0 0 0 -1 -1 -1 -1 3 3 3
3 3 3 3 3 0 0 0 0 0 0 -1 3 3 3 3 3
3 3 3 3 3 3 3 3 0 3 3 3 3 3 3 3 3
09:30:18.999426 - stdout  :: 0 -1
09:30:19.020925 - stdin   :: 27 10 3 0
3 55
27 10
28 38
3 3 3 3 3 3 3 3 0 3 3 3 3 3 3 3 3
3 3 3 3 3 0 0 0 0 0 0 -1 3 3 3 3 3
3 3 3 0 0 0 0 0 0 0 -1 -1 -1 -1 3 3 3
3 3 -1 -1 -1 -1 -1 -1 0 -1 -1 -1 -1 -1 -1 3 3
3 3 0 0 0 0 0 0 0 0 -1 -1 -1 -1 -1 3 3
3 0 0 0 0 0 0 0 0 0 -1 -1 -1 -1 -1 -1 3
3 0 0 0 0 0 0 0 0 0 -1 -1 -1 -1 -1 -1 3
3 0 0 0 0 0 0 0 0 0 -1 -1 -1 -1 -1 -1 3
-1 0 0 0 0 0 0 0 0 0 -1 -1 -1 -1 -1 -1 0
3 0 0 0 0 0 0 0 0 0 -1 -1 -1 -1 -1 0 3
3 0 0 0 0 0 0 0 0 0 -1 -1 -1 -1 -1 0 3
3 0 0 0 0 0 0 0 0 0 -1 -1 -1 -1 -1 -1 3
3 3 0 0 0 0 0 0 0 0 0 -1 -1 -1 -1 3 3
3 3 0 0 0 0 0 0 0 0 0 100 -1 -1 -1 3 3
3 3 3 0 0 0 0 0 0 0 0 100 -1 -1 3 3 3
3 3 3 3 3 0 0 0 0 0 0 100 3 3 3 3 3
3 3 3 3 3 3 3 3 100 3 3 3 3 3 3 3 3
09:30:19.025399 - stdout  :: 0 1
09:30:19.045640 - stdin   :: 30 11 3 1
3 55
30 11
29 38
3 3 3 3 3 3 3 3 -1 3 3 3 3 3 3 3 3
3 3 3 3 3 0 0 0 0 -1 -1 -1 3 3 3 3 3
3 3 3 0 0 0 0 0 0 -1 -1 -1 -1 -1 3 3 3
3 3 0 0 0 0 0 0 0 -1 -1 -1 -1 -1 -1 3 3
3 3 0 0 0 0 0 0 0 -1 -1 -1 -1 -1 -1 3 3
3 0 0 0 0 0 0 0 0 -1 -1 -1 -1 -1 -1 0 3
3 0 0 0 0 0 0 0 0 -1 -1 -1 -1 -1 0 -1 3
3 0 0 0 0 0 0 0 0 -1 -1 -1 -1 -1 0 -1 3
0 0 0 0 0 0 0 0 0 -1 -1 -1 -1 -1 -1 0 0
3 0 0 0 0 0 0 0 0 0 -1 -1 -1 -1 -1 -1 3
3 0 0 0 0 0 0 0 0 0 100 -1 -1 -1 0 -1 3
3 0 0 0 0 0 0 0 0 0 100 -1 -1 -1 -1 0 3
3 3 0 0 0 0 0 0 0 0 100 -1 -1 -1 -1 3 3
3 3 100 100 100 100 100 100 100 100 100 -1 -1 -1 -1 3 3
3 3 3 100 100 100 100 100 100 100 100 -1 -1 -1 3 3 3
3 3 3 3 3 100 100 100 100 100 100 -1 3 3 3 3 3
3 3 3 3 3 3 3 3 -1 3 3 3 3 3 3 3 3
09:30:19.047702 - stdout  :: -1 1
09:30:24.801733 - stdin   :: ~~~END~~~
09:30:24.842244 - control :: Server has terminated, no more data.
