18:45:11.927865 - control :: Starting bot process.
18:45:12.846143 - control :: Bot has initialised, connecting to server.
18:45:13.066101 - stdin   :: 40 59 3 8
18:45:13.096265 - stdin   :: 17 18 0 0
1 3
17 18
21 18
3 3 3 3 3 3 3 3 0 3 3 3 3 3 3 3 3
3 3 3 3 3 -1 -1 -1 0 -1 0 -1 3 3 3 3 3
3 3 3 -1 -1 -1 -1 -1 0 -1 0 -1 -1 -1 3 3 3
3 3 -1 -1 -1 -1 -1 -1 0 -1 0 -1 -1 -1 -1 3 3
3 3 -1 -1 -1 -1 -1 -1 0 -1 0 -1 -1 -1 100 3 3
3 -1 -1 -1 -1 -1 -1 -1 0 -1 0 -1 -1 100 100 -1 3
3 -1 -1 -1 -1 -1 -1 -1 0 -1 0 -1 100 100 100 -1 3
3 -1 -1 -1 -1 -1 -1 -1 0 -1 0 -1 100 100 -1 -1 3
-1 -1 -1 -1 -1 -1 -1 -1 1 -1 0 -1 100 100 -1 -1 -1
3 -1 -1 -1 -1 -1 -1 -1 -1 -1 0 -1 100 -1 -1 -1 3
3 0 0 0 0 0 0 0 0 0 0 -1 100 -1 -1 -1 3
3 -1 -1 -1 -1 -1 -1 -1 -1 -1 0 -1 100 -1 -1 -1 3
3 3 -1 -1 -1 -1 -1 -1 1 -1 0 -1 -1 -1 -1 3 3
3 3 -1 -1 -1 -1 -1 -1 0 -1 0 -1 -1 -1 -1 3 3
3 3 3 -1 -1 -1 -1 -1 0 -1 0 -1 -1 -1 3 3 3
3 3 3 3 3 -1 -1 -1 0 -1 0 -1 3 3 3 3 3
3 3 3 3 3 3 3 3 0 3 3 3 3 3 3 3 3
18:45:13.111743 - stdout  :: -1 0
18:45:13.140154 - stdin   :: 16 18 -1 0
1 4
16 18
22 18
3 3 3 3 3 3 3 3 0 3 3 3 3 3 3 3 3
3 3 3 3 3 -1 -1 -1 0 -1 0 -1 3 3 3 3 3
3 3 3 -1 -1 -1 -1 -1 0 -1 0 -1 -1 -1 3 3 3
3 3 -1 -1 -1 -1 -1 -1 0 -1 0 -1 -1 -1 -1 3 3
3 3 -1 -1 -1 -1 -1 -1 0 -1 0 -1 -1 -1 -1 3 3
3 -1 -1 -1 -1 -1 -1 -1 0 -1 0 -1 -1 -1 100 0 3
3 -1 -1 -1 -1 -1 -1 -1 0 -1 0 -1 -1 100 100 -1 3
3 -1 -1 -1 -1 -1 -1 -1 0 -1 0 -1 100 100 100 -1 3
-1 -1 -1 -1 -1 -1 -1 -1 0 -1 0 -1 100 100 -1 -1 -1
3 -1 -1 -1 -1 -1 -1 -1 1 -1 0 -1 100 100 -1 -1 3
3 -1 -1 -1 -1 -1 -1 -1 -1 -1 0 -1 100 -1 -1 -1 3
3 0 0 0 0 0 0 0 0 0 0 -1 100 -1 -1 -1 3
3 3 -1 -1 -1 -1 -1 -1 -1 -1 0 -1 100 -1 -1 3 3
3 3 -1 -1 -1 -1 -1 -1 1 -1 0 -1 -1 -1 -1 3 3
3 3 3 -1 -1 -1 -1 -1 0 -1 0 -1 -1 -1 3 3 3
3 3 3 3 3 -1 -1 -1 0 -1 0 -1 3 3 3 3 3
3 3 3 3 3 3 3 3 0 3 3 3 3 3 3 3 3
18:45:13.147649 - stdout  :: -1 0
18:45:13.169824 - stdin   :: 14 18 -2 0
1 5
14 18
22 18
3 3 3 3 3 3 3 3 0 3 3 3 3 3 3 3 3
3 3 3 3 3 -1 -1 -1 0 -1 0 -1 3 3 3 3 3
3 3 3 -1 -1 -1 -1 -1 0 -1 0 -1 -1 -1 3 3 3
3 3 -1 -1 -1 -1 -1 -1 0 -1 0 -1 -1 -1 -1 3 3
3 3 -1 -1 -1 -1 -1 -1 0 -1 0 -1 -1 -1 -1 3 3
3 -1 -1 -1 -1 -1 -1 -1 0 -1 0 -1 -1 -1 -1 -1 3
3 -1 -1 -1 -1 -1 -1 -1 0 -1 0 -1 -1 -1 -1 0 3
3 -1 -1 -1 -1 -1 -1 -1 0 -1 0 -1 -1 -1 100 0 3
-1 -1 -1 -1 -1 -1 -1 -1 0 -1 0 -1 -1 100 100 -1 -1
3 -1 -1 -1 -1 -1 -1 -1 0 -1 0 -1 100 100 100 -1 3
3 -1 -1 -1 -1 -1 -1 -1 0 -1 0 -1 100 100 -1 -1 3
3 -1 -1 -1 -1 -1 -1 -1 1 -1 0 -1 100 100 -1 -1 3
3 3 -1 -1 -1 -1 -1 -1 -1 -1 0 -1 100 -1 -1 3 3
3 3 0 0 0 0 0 0 0 0 0 -1 100 -1 -1 3 3
3 3 3 -1 -1 -1 -1 -1 -1 -1 0 -1 100 -1 3 3 3
3 3 3 3 3 -1 -1 -1 1 -1 0 -1 3 3 3 3 3
3 3 3 3 3 3 3 3 0 3 3 3 3 3 3 3 3
18:45:13.184072 - stdout  :: -1 0
18:45:13.207252 - stdin   :: 11 18 -3 0
1 6
11 18
22 18
3 3 3 3 3 3 3 3 0 3 3 3 3 3 3 3 3
3 3 3 3 3 0 -1 -1 0 -1 0 -1 3 3 3 3 3
3 3 3 -1 0 -1 -1 -1 0 -1 0 -1 -1 -1 3 3 3
3 3 -1 0 -1 -1 -1 -1 0 -1 0 -1 -1 -1 -1 3 3
3 3 0 -1 -1 -1 -1 -1 0 -1 0 -1 -1 -1 -1 3 3
3 0 -1 -1 -1 -1 -1 -1 0 -1 0 -1 -1 -1 -1 -1 3
3 -1 -1 -1 -1 -1 -1 -1 0 -1 0 -1 -1 -1 -1 -1 3
3 -1 -1 -1 -1 -1 -1 -1 0 -1 0 -1 -1 -1 -1 -1 3
-1 -1 -1 -1 -1 -1 -1 -1 0 -1 0 -1 -1 -1 -1 -1 0
3 -1 -1 -1 -1 -1 -1 -1 0 -1 0 -1 -1 -1 -1 0 3
3 -1 -1 -1 -1 -1 -1 -1 0 -1 0 -1 -1 -1 100 0 3
3 -1 -1 -1 -1 -1 -1 -1 0 -1 0 -1 -1 100 100 -1 3
3 3 -1 -1 -1 -1 -1 -1 0 -1 0 -1 100 100 100 3 3
3 3 -1 -1 -1 -1 -1 -1 0 -1 0 -1 100 100 -1 3 3
3 3 3 -1 -1 -1 -1 -1 1 -1 0 -1 100 100 3 3 3
3 3 3 3 3 -1 -1 -1 -1 -1 0 -1 3 3 3 3 3
3 3 3 3 3 3 3 3 0 3 3 3 3 3 3 3 3
18:45:13.217613 - stdout  :: 0 0
18:45:13.238806 - stdin   :: 8 18 -3 0
1 7
8 18
22 18
3 3 3 3 3 3 3 3 -1 3 3 3 3 3 3 3 3
3 3 3 3 3 0 0 0 0 -1 0 0 3 3 3 3 3
3 3 3 -1 -1 -1 -1 0 0 -1 0 -1 -1 -1 3 3 3
3 3 -1 -1 -1 -1 0 -1 0 -1 0 -1 -1 -1 -1 3 3
3 3 -1 -1 -1 0 -1 -1 0 -1 0 -1 -1 -1 -1 3 3
3 -1 -1 -1 0 -1 -1 -1 0 -1 0 -1 -1 -1 -1 -1 3
3 -1 -1 0 -1 -1 -1 -1 0 -1 0 -1 -1 -1 -1 -1 3
3 -1 0 -1 -1 -1 -1 -1 0 -1 0 -1 -1 -1 -1 -1 3
-1 0 -1 -1 -1 -1 -1 -1 0 -1 0 -1 -1 -1 -1 -1 -1
3 -1 -1 -1 -1 -1 -1 -1 0 -1 0 -1 -1 -1 -1 -1 3
3 -1 -1 -1 -1 -1 -1 -1 0 -1 0 -1 -1 -1 -1 -1 3
3 -1 -1 -1 -1 -1 -1 -1 0 -1 0 -1 -1 -1 -1 -1 3
3 3 -1 -1 -1 -1 -1 -1 0 -1 0 -1 -1 -1 -1 3 3
3 3 -1 -1 -1 -1 -1 -1 0 -1 0 -1 -1 -1 100 3 3
3 3 3 -1 -1 -1 -1 -1 0 -1 0 -1 -1 100 3 3 3
3 3 3 3 3 -1 -1 -1 0 -1 0 -1 3 3 3 3 3
3 3 3 3 3 3 3 3 0 3 3 3 3 3 3 3 3
18:45:13.255082 - stdout  :: 0 0
18:45:13.275403 - stdin   :: 5 18 -3 0
1 8
5 18
22 18
3 3 3 3 3 3 3 3 -1 3 3 3 3 3 3 3 3
3 3 3 3 3 -1 -1 -1 -1 -1 -1 -1 3 3 3 3 3
3 3 3 -1 -1 -1 -1 -1 -1 -1 -1 -1 -1 -1 3 3 3
3 3 -1 -1 -1 -1 -1 -1 -1 -1 -1 -1 -1 -1 -1 3 3
3 3 0 0 0 0 0 0 0 -1 0 0 0 0 0 3 3
3 -1 -1 -1 -1 -1 -1 0 0 -1 0 -1 -1 -1 -1 -1 3
3 -1 -1 -1 -1 -1 0 -1 0 -1 0 -1 -1 -1 -1 -1 3
3 -1 -1 -1 -1 0 -1 -1 0 -1 0 -1 -1 -1 -1 -1 3
-1 -1 -1 -1 0 -1 -1 -1 0 -1 0 -1 -1 -1 -1 -1 -1
3 -1 -1 0 -1 -1 -1 -1 0 -1 0 -1 -1 -1 -1 -1 3
3 -1 0 -1 -1 -1 -1 -1 0 -1 0 -1 -1 -1 -1 -1 3
3 0 -1 -1 -1 -1 -1 -1 0 -1 0 -1 -1 -1 -1 -1 3
3 3 -1 -1 -1 -1 -1 -1 0 -1 0 -1 -1 -1 -1 3 3
3 3 -1 -1 -1 -1 -1 -1 0 -1 0 -1 -1 -1 -1 3 3
3 3 3 -1 -1 -1 -1 -1 0 -1 0 -1 -1 -1 3 3 3
3 3 3 3 3 -1 -1 -1 0 -1 0 -1 3 3 3 3 3
3 3 3 3 3 3 3 3 0 3 3 3 3 3 3 3 3
18:45:13.311418 - stdout  :: 0 -1
18:45:13.326034 - stdin   :: 2 17 -3 -1
1 9
2 17
22 18
3 3 3 3 3 3 3 3 -1 3 3 3 3 3 3 3 3
3 3 3 3 3 -1 -1 -1 -1 -1 -1 -1 3 3 3 3 3
3 3 3 -1 -1 -1 -1 -1 -1 -1 -1 -1 -1 -1 3 3 3
3 3 -1 -1 -1 -1 -1 -1 -1 -1 -1 -1 -1 -1 -1 3 3
3 3 -1 -1 -1 -1 -1 -1 -1 -1 -1 -1 -1 -1 -1 3 3
3 -1 -1 -1 -1 -1 -1 -1 -1 -1 -1 -1 -1 -1 -1 -1 3
3 -1 -1 -1 -1 -1 -1 -1 -1 -1 -1 -1 -1 -1 -1 -1 3
3 0 0 0 0 0 0 0 0 0 -1 0 0 0 0 0 3
-1 -1 -1 -1 -1 -1 -1 -1 0 0 -1 0 -1 -1 -1 -1 -1
3 -1 -1 -1 -1 -1 -1 0 -1 0 -1 0 -1 -1 -1 -1 3
3 -1 -1 -1 -1 -1 0 -1 -1 0 -1 0 -1 -1 -1 -1 3
3 -1 -1 -1 -1 0 -1 -1 -1 0 -1 0 -1 -1 -1 -1 3
3 3 -1 -1 0 -1 -1 -1 -1 0 -1 0 -1 -1 -1 3 3
3 3 -1 0 -1 -1 -1 -1 -1 0 -1 0 -1 -1 -1 3 3
3 3 3 -1 -1 -1 -1 -1 -1 0 -1 0 -1 -1 3 3 3
3 3 3 3 3 -1 -1 -1 -1 0 -1 0 3 3 3 3 3
3 3 3 3 3 3 3 3 -1 3 3 3 3 3 3 3 3
18:45:13.347220 - stdout  :: 1 1
18:45:13.396253 - stdin   :: 2 17 0 0
1 18
2 17
22 18
3 3 3 3 3 3 3 3 -1 3 3 3 3 3 3 3 3
3 3 3 3 3 -1 -1 -1 -1 -1 -1 -1 3 3 3 3 3
3 3 3 -1 -1 -1 -1 -1 -1 -1 -1 -1 -1 -1 3 3 3
3 3 -1 -1 -1 -1 -1 -1 -1 -1 -1 -1 -1 -1 -1 3 3
3 3 -1 -1 -1 -1 -1 -1 -1 -1 -1 -1 -1 -1 -1 3 3
3 -1 -1 -1 -1 -1 -1 -1 -1 -1 -1 -1 -1 -1 -1 -1 3
3 -1 -1 -1 -1 -1 -1 -1 -1 -1 -1 -1 -1 -1 -1 -1 3
3 0 0 0 0 0 0 0 0 0 -1 0 0 0 0 0 3
-1 -1 -1 -1 -1 -1 -1 -1 0 0 -1 0 -1 -1 -1 -1 -1
3 -1 -1 -1 -1 -1 -1 0 -1 0 -1 0 -1 -1 -1 -1 3
3 -1 -1 -1 -1 -1 0 -1 -1 0 -1 0 -1 -1 -1 -1 3
3 -1 -1 -1 -1 0 -1 -1 -1 0 -1 0 -1 -1 -1 -1 3
3 3 -1 -1 0 -1 -1 -1 -1 0 -1 0 -1 -1 -1 3 3
3 3 -1 0 -1 -1 -1 -1 -1 0 -1 0 -1 -1 -1 3 3
3 3 3 -1 -1 -1 -1 -1 -1 0 -1 0 -1 -1 3 3 3
3 3 3 3 3 -1 -1 -1 -1 0 -1 0 3 3 3 3 3
3 3 3 3 3 3 3 3 -1 3 3 3 3 3 3 3 3
18:45:13.417371 - stdout  :: 1 -1
18:45:13.432666 - stdin   :: 3 16 1 -1
1 18
3 16
22 18
3 3 3 3 3 3 3 3 -1 3 3 3 3 3 3 3 3
3 3 3 3 3 -1 -1 -1 -1 -1 -1 -1 3 3 3 3 3
3 3 3 -1 -1 -1 -1 -1 -1 -1 -1 -1 -1 -1 3 3 3
3 3 -1 -1 -1 -1 -1 -1 -1 -1 -1 -1 -1 -1 -1 3 3
3 3 -1 -1 -1 -1 -1 -1 -1 -1 -1 -1 -1 -1 -1 3 3
3 -1 -1 -1 -1 -1 -1 -1 -1 -1 -1 -1 -1 -1 -1 -1 3
3 0 0 0 0 0 0 0 0 0 0 -1 0 0 0 0 3
3 -1 -1 -1 -1 -1 -1 -1 -1 0 0 -1 0 -1 -1 -1 3
-1 -1 -1 -1 -1 -1 -1 -1 0 -1 0 -1 0 -1 -1 -1 -1
3 -1 -1 -1 -1 -1 -1 0 -1 -1 0 -1 0 -1 -1 -1 3
3 -1 -1 -1 -1 -1 0 -1 -1 -1 0 -1 0 -1 -1 -1 3
3 -1 -1 -1 -1 0 -1 -1 -1 -1 0 -1 0 -1 -1 -1 3
3 3 -1 -1 0 -1 -1 -1 -1 -1 0 -1 0 -1 -1 3 3
3 3 -1 0 -1 -1 -1 -1 -1 -1 0 -1 0 -1 -1 3 3
3 3 3 -1 -1 -1 -1 -1 -1 -1 0 -1 0 -1 3 3 3
3 3 3 3 3 -1 -1 -1 -1 -1 0 -1 3 3 3 3 3
3 3 3 3 3 3 3 3 -1 3 3 3 3 3 3 3 3
18:45:13.457829 - stdout  :: 1 -1
18:45:13.467302 - stdin   :: 5 14 2 -2
1 18
5 14
22 18
3 3 3 3 3 3 3 3 -1 3 3 3 3 3 3 3 3
3 3 3 3 3 -1 -1 -1 -1 -1 -1 -1 3 3 3 3 3
3 3 3 -1 -1 -1 -1 -1 -1 -1 -1 -1 -1 -1 3 3 3
3 3 -1 -1 -1 -1 -1 -1 -1 -1 -1 -1 -1 -1 -1 3 3
3 3 0 0 0 0 0 0 0 0 0 0 0 -1 0 3 3
3 -1 -1 -1 -1 -1 -1 -1 -1 -1 -1 0 0 -1 0 -1 3
3 -1 -1 -1 -1 -1 -1 -1 -1 -1 0 -1 0 -1 0 -1 3
3 -1 -1 -1 -1 -1 -1 -1 -1 0 -1 -1 0 -1 0 -1 3
-1 -1 -1 -1 -1 -1 -1 -1 0 -1 -1 -1 0 -1 0 -1 -1
3 -1 -1 -1 -1 -1 -1 0 -1 -1 -1 -1 0 -1 0 -1 3
3 -1 -1 -1 -1 -1 0 -1 -1 -1 -1 -1 0 -1 0 -1 3
3 -1 -1 -1 -1 0 -1 -1 -1 -1 -1 -1 0 -1 0 -1 3
3 3 -1 -1 0 -1 -1 -1 -1 -1 -1 -1 0 -1 0 3 3
3 3 -1 0 -1 -1 -1 -1 -1 -1 -1 -1 0 -1 0 3 3
3 3 3 -1 -1 -1 -1 -1 -1 -1 -1 -1 0 -1 3 3 3
3 3 3 3 3 -1 -1 -1 -1 -1 -1 -1 3 3 3 3 3
3 3 3 3 3 3 3 3 -1 3 3 3 3 3 3 3 3
18:45:13.487716 - stdout  :: 1 -1
18:45:13.494090 - stdin   :: 8 11 3 -3
1 18
8 11
22 18
3 3 3 3 3 3 3 3 -1 3 3 3 3 3 3 3 3
3 3 3 3 3 0 0 0 0 0 0 0 3 3 3 3 3
3 3 3 -1 -1 -1 -1 -1 -1 -1 -1 -1 -1 -1 3 3 3
3 3 -1 -1 -1 -1 -1 -1 -1 -1 -1 -1 -1 0 -1 3 3
3 3 -1 -1 -1 -1 -1 -1 -1 -1 -1 -1 0 -1 -1 3 3
3 -1 -1 -1 -1 -1 -1 -1 -1 -1 -1 0 -1 -1 -1 0 3
3 -1 -1 -1 -1 -1 -1 -1 -1 -1 0 -1 -1 -1 -1 0 3
3 -1 -1 -1 -1 -1 -1 -1 -1 0 -1 -1 -1 -1 -1 0 3
-1 -1 -1 -1 -1 -1 -1 -1 0 -1 -1 -1 -1 -1 -1 0 -1
3 -1 -1 -1 -1 -1 -1 0 -1 -1 -1 -1 -1 -1 -1 0 3
3 -1 -1 -1 -1 -1 0 -1 -1 -1 -1 -1 -1 -1 -1 0 3
3 -1 -1 -1 -1 0 -1 -1 -1 -1 -1 -1 -1 -1 -1 0 3
3 3 -1 -1 0 -1 -1 -1 -1 -1 -1 -1 -1 -1 -1 3 3
3 3 -1 0 -1 -1 -1 -1 -1 -1 -1 -1 -1 -1 -1 3 3
3 3 3 -1 -1 -1 -1 -1 -1 -1 -1 -1 -1 -1 3 3 3
3 3 3 3 3 -1 -1 -1 -1 -1 -1 -1 3 3 3 3 3
3 3 3 3 3 3 3 3 -1 3 3 3 3 3 3 3 3
18:45:13.513283 - stdout  :: 0 0
18:45:13.521227 - stdin   :: 11 8 3 -3
1 18
11 8
22 18
3 3 3 3 3 3 3 3 -1 3 3 3 3 3 3 3 3
3 3 3 3 3 -1 -1 -1 -1 -1 -1 -1 3 3 3 3 3
3 3 3 -1 -1 -1 -1 -1 -1 -1 -1 -1 -1 -1 3 3 3
3 3 -1 -1 -1 -1 -1 -1 -1 -1 -1 -1 -1 0 -1 3 3
3 3 -1 -1 -1 -1 -1 -1 -1 -1 -1 -1 0 -1 -1 3 3
3 -1 -1 -1 -1 -1 -1 -1 -1 -1 -1 0 -1 -1 -1 -1 3
3 -1 -1 -1 -1 -1 -1 -1 -1 -1 0 -1 -1 -1 -1 -1 3
3 -1 -1 -1 -1 -1 -1 -1 -1 0 -1 -1 -1 -1 -1 -1 3
-1 -1 -1 -1 -1 -1 -1 -1 0 -1 -1 -1 -1 -1 -1 -1 -1
3 -1 -1 -1 -1 -1 -1 0 -1 -1 -1 -1 -1 -1 -1 -1 3
3 -1 -1 -1 -1 -1 0 -1 -1 -1 -1 -1 -1 -1 -1 -1 3
3 -1 -1 -1 -1 0 -1 -1 -1 -1 -1 -1 -1 -1 -1 -1 3
3 3 -1 -1 0 -1 -1 -1 -1 -1 -1 -1 -1 -1 -1 3 3
3 3 -1 0 -1 -1 -1 -1 -1 -1 -1 -1 -1 -1 -1 3 3
3 3 3 -1 -1 -1 -1 -1 -1 -1 -1 -1 -1 -1 3 3 3
3 3 3 3 3 -1 -1 -1 -1 -1 -1 -1 3 3 3 3 3
3 3 3 3 3 3 3 3 0 3 3 3 3 3 3 3 3
18:45:13.540109 - stdout  :: 0 0
18:45:13.546482 - stdin   :: 14 5 3 -3
1 18
14 5
22 18
3 3 3 3 3 3 3 3 -1 3 3 3 3 3 3 3 3
3 3 3 3 3 -1 -1 -1 -1 -1 -1 -1 3 3 3 3 3
3 3 3 -1 -1 -1 -1 -1 -1 -1 -1 -1 -1 -1 3 3 3
3 3 -1 -1 -1 -1 -1 -1 -1 -1 -1 -1 -1 0 -1 3 3
3 3 -1 -1 -1 -1 -1 -1 -1 -1 -1 -1 0 -1 -1 3 3
3 -1 -1 -1 -1 -1 -1 -1 -1 -1 -1 0 -1 -1 -1 -1 3
3 -1 -1 -1 -1 -1 -1 -1 -1 -1 0 -1 -1 -1 -1 -1 3
3 -1 -1 -1 -1 -1 -1 -1 -1 0 -1 -1 -1 -1 -1 -1 3
-1 -1 -1 -1 -1 -1 -1 -1 0 -1 -1 -1 -1 -1 -1 -1 -1
3 -1 -1 -1 -1 -1 -1 0 -1 -1 -1 -1 -1 -1 -1 -1 3
3 -1 -1 -1 -1 -1 0 -1 -1 -1 -1 -1 -1 -1 -1 -1 3
3 -1 -1 -1 -1 0 -1 -1 -1 -1 -1 -1 -1 -1 -1 -1 3
3 3 -1 -1 0 -1 -1 -1 -1 -1 -1 -1 -1 -1 -1 3 3
3 3 -1 -1 0 0 0 0 0 0 0 0 0 0 0 3 3
3 3 3 -1 0 -1 -1 -1 -1 -1 -1 -1 -1 -1 3 3 3
3 3 3 3 3 0 -1 -1 -1 -1 -1 -1 3 3 3 3 3
3 3 3 3 3 3 3 3 -1 3 3 3 3 3 3 3 3
18:45:13.564233 - stdout  :: 0 0
18:45:13.570451 - stdin   :: 17 2 3 -3
1 18
17 2
22 18
3 3 3 3 3 3 3 3 -1 3 3 3 3 3 3 3 3
3 3 3 3 3 -1 -1 -1 -1 -1 -1 -1 3 3 3 3 3
3 3 3 -1 -1 -1 -1 -1 -1 -1 -1 -1 -1 -1 3 3 3
3 3 -1 -1 -1 -1 -1 -1 -1 -1 -1 -1 -1 0 -1 3 3
3 3 -1 -1 -1 -1 -1 -1 -1 -1 -1 -1 0 -1 -1 3 3
3 -1 -1 -1 -1 -1 -1 -1 -1 -1 -1 0 -1 -1 -1 -1 3
3 -1 -1 -1 -1 -1 -1 -1 -1 -1 0 -1 -1 -1 -1 -1 3
3 -1 -1 -1 -1 -1 -1 -1 -1 0 -1 -1 -1 -1 -1 -1 3
-1 -1 -1 -1 -1 -1 -1 -1 0 -1 -1 -1 -1 -1 -1 -1 -1
3 -1 -1 -1 -1 -1 -1 0 -1 -1 -1 -1 -1 -1 -1 -1 3
3 -1 -1 -1 -1 -1 -1 0 0 0 0 0 0 0 0 0 3
3 -1 -1 -1 -1 -1 -1 0 -1 -1 -1 -1 -1 -1 -1 -1 3
3 3 -1 -1 -1 -1 -1 -1 0 -1 -1 -1 -1 -1 -1 3 3
3 3 -1 -1 -1 -1 -1 -1 -1 0 -1 -1 -1 -1 -1 3 3
3 3 3 -1 -1 -1 -1 -1 -1 -1 0 -1 -1 -1 3 3 3
3 3 3 3 3 -1 -1 -1 -1 -1 -1 0 3 3 3 3 3
3 3 3 3 3 3 3 3 -1 3 3 3 3 3 3 3 3
18:45:13.590420 - stdout  :: -1 1
18:45:13.634866 - stdin   :: 17 2 0 0
7 18
17 2
22 18
3 3 3 3 3 3 3 3 -1 3 3 3 3 3 3 3 3
3 3 3 3 3 -1 -1 -1 -1 -1 -1 -1 3 3 3 3 3
3 3 3 -1 -1 -1 -1 -1 -1 -1 -1 -1 -1 -1 3 3 3
3 3 -1 -1 -1 -1 -1 -1 -1 -1 -1 -1 -1 0 -1 3 3
3 3 -1 -1 -1 -1 -1 -1 -1 -1 -1 -1 0 -1 -1 3 3
3 -1 -1 -1 -1 -1 -1 -1 -1 -1 -1 0 -1 -1 -1 -1 3
3 -1 -1 -1 -1 -1 -1 -1 -1 -1 0 -1 -1 -1 -1 -1 3
3 -1 -1 -1 -1 -1 -1 -1 -1 0 -1 -1 -1 -1 -1 -1 3
-1 -1 -1 -1 -1 -1 -1 -1 0 -1 -1 -1 -1 -1 -1 -1 -1
3 -1 -1 -1 -1 -1 -1 0 -1 -1 -1 -1 -1 -1 -1 -1 3
3 -1 -1 -1 -1 -1 -1 0 0 0 0 0 0 0 0 0 3
3 -1 -1 -1 -1 -1 -1 0 -1 -1 -1 -1 -1 -1 -1 -1 3
3 3 -1 -1 -1 -1 -1 -1 0 -1 -1 -1 -1 -1 -1 3 3
3 3 -1 -1 -1 -1 -1 -1 -1 0 -1 -1 -1 -1 -1 3 3
3 3 3 -1 -1 -1 -1 -1 -1 -1 0 -1 -1 -1 3 3 3
3 3 3 3 3 -1 -1 -1 -1 -1 -1 0 3 3 3 3 3
3 3 3 3 3 3 3 3 -1 3 3 3 3 3 3 3 3
18:45:13.655813 - stdout  :: 1 -1
18:45:13.666791 - stdin   :: 18 1 1 -1
8 18
18 1
22 18
3 3 3 3 3 3 3 3 -1 3 3 3 3 3 3 3 3
3 3 3 3 3 -1 -1 -1 -1 -1 -1 -1 3 3 3 3 3
3 3 3 -1 -1 -1 -1 -1 -1 -1 -1 -1 -1 -1 3 3 3
3 3 -1 -1 -1 -1 -1 -1 -1 -1 -1 -1 -1 0 -1 3 3
3 3 -1 -1 -1 -1 -1 -1 -1 -1 -1 -1 0 -1 -1 3 3
3 -1 -1 -1 -1 -1 -1 -1 -1 -1 -1 0 -1 -1 -1 -1 3
3 -1 -1 -1 -1 -1 -1 -1 -1 -1 0 -1 -1 -1 -1 -1 3
3 -1 -1 -1 -1 -1 -1 -1 -1 0 -1 -1 -1 -1 -1 -1 3
-1 -1 -1 -1 -1 -1 -1 -1 0 -1 -1 -1 -1 -1 -1 -1 -1
3 -1 -1 -1 -1 -1 -1 -1 0 0 0 0 0 0 0 0 3
3 -1 -1 -1 -1 -1 -1 -1 0 -1 -1 -1 -1 -1 -1 -1 3
3 -1 -1 -1 -1 -1 -1 -1 -1 0 -1 -1 -1 -1 -1 -1 3
3 3 -1 -1 -1 -1 -1 -1 -1 -1 0 -1 -1 -1 -1 3 3
3 3 -1 -1 -1 -1 -1 -1 -1 -1 -1 0 -1 -1 -1 3 3
3 3 3 -1 -1 -1 -1 -1 -1 -1 -1 -1 0 -1 3 3 3
3 3 3 3 3 -1 -1 -1 -1 -1 -1 -1 3 3 3 3 3
3 3 3 3 3 3 3 3 -1 3 3 3 3 3 3 3 3
18:45:13.686535 - stdout  :: 1 1
18:45:13.698589 - stdin   :: 20 1 2 0
9 18
20 1
22 18
3 3 3 3 3 3 3 3 -1 3 3 3 3 3 3 3 3
3 3 3 3 3 -1 -1 -1 -1 -1 -1 -1 3 3 3 3 3
3 3 3 -1 -1 -1 -1 -1 -1 -1 -1 -1 0 -1 3 3 3
3 3 -1 -1 -1 -1 -1 -1 -1 -1 -1 0 -1 -1 -1 3 3
3 3 -1 -1 -1 -1 -1 -1 -1 -1 0 -1 -1 -1 -1 3 3
3 -1 -1 -1 -1 -1 -1 -1 -1 0 -1 -1 -1 -1 -1 -1 3
3 -1 -1 -1 -1 -1 -1 -1 0 -1 -1 -1 -1 -1 -1 -1 3
3 -1 -1 -1 -1 -1 -1 -1 0 0 0 0 0 0 0 0 3
-1 -1 -1 -1 -1 -1 -1 -1 0 -1 -1 -1 -1 -1 -1 -1 -1
3 -1 -1 -1 -1 -1 -1 -1 -1 0 -1 -1 -1 -1 -1 -1 3
3 -1 -1 -1 -1 -1 -1 -1 -1 -1 0 -1 -1 -1 -1 -1 3
3 -1 -1 -1 -1 -1 -1 -1 -1 -1 -1 0 -1 -1 -1 -1 3
3 3 -1 -1 -1 -1 -1 -1 -1 -1 -1 -1 0 -1 -1 3 3
3 3 -1 -1 -1 -1 -1 -1 -1 -1 -1 -1 -1 0 -1 3 3
3 3 3 -1 -1 -1 -1 -1 -1 -1 -1 -1 -1 -1 3 3 3
3 3 3 3 3 -1 -1 -1 -1 -1 -1 -1 3 3 3 3 3
3 3 3 3 3 3 3 3 -1 3 3 3 3 3 3 3 3
18:45:13.720160 - stdout  :: -1 1
18:45:13.731480 - stdin   :: 21 2 1 1
10 18
21 2
22 18
3 3 3 3 3 3 3 3 -1 3 3 3 3 3 3 3 3
3 3 3 3 3 -1 -1 -1 -1 -1 -1 0 3 3 3 3 3
3 3 3 -1 -1 -1 -1 -1 -1 -1 0 -1 -1 -1 3 3 3
3 3 -1 -1 -1 -1 -1 -1 -1 0 -1 -1 -1 -1 -1 3 3
3 3 -1 -1 -1 -1 -1 -1 0 -1 -1 -1 -1 -1 -1 3 3
3 -1 -1 -1 -1 -1 -1 0 -1 -1 -1 -1 -1 -1 -1 -1 3
3 -1 -1 -1 -1 -1 -1 0 0 0 0 0 0 0 0 0 3
3 -1 -1 -1 -1 -1 -1 0 -1 -1 -1 -1 -1 -1 -1 -1 3
-1 -1 -1 -1 -1 -1 -1 -1 0 -1 -1 -1 -1 -1 -1 -1 -1
3 -1 -1 -1 -1 -1 -1 -1 -1 0 -1 -1 -1 -1 -1 -1 3
3 -1 -1 -1 -1 -1 -1 -1 -1 -1 0 -1 -1 -1 -1 -1 3
3 -1 -1 -1 -1 -1 -1 -1 -1 -1 -1 0 -1 -1 -1 -1 3
3 3 -1 -1 -1 -1 -1 -1 -1 -1 -1 -1 0 -1 -1 3 3
3 3 -1 -1 -1 -1 -1 -1 -1 -1 -1 -1 -1 0 -1 3 3
3 3 3 -1 -1 -1 -1 -1 -1 -1 -1 -1 -1 -1 3 3 3
3 3 3 3 3 -1 -1 -1 -1 -1 -1 -1 3 3 3 3 3
3 3 3 3 3 3 3 3 -1 3 3 3 3 3 3 3 3
18:45:13.749762 - stdout  :: 1 1
18:45:13.761941 - stdin   :: 23 4 2 2
11 18
23 4
22 18
3 3 3 3 3 3 3 3 0 3 3 3 3 3 3 3 3
3 3 3 3 3 -1 -1 0 -1 -1 -1 -1 3 3 3 3 3
3 3 3 -1 -1 -1 0 -1 -1 -1 -1 -1 -1 -1 3 3 3
3 3 -1 -1 -1 0 -1 -1 -1 -1 -1 -1 -1 -1 -1 3 3
3 3 -1 -1 -1 0 0 0 0 0 0 0 0 0 0 3 3
3 -1 -1 -1 -1 0 -1 -1 -1 -1 -1 -1 -1 -1 -1 -1 3
3 -1 -1 -1 -1 -1 0 -1 -1 -1 -1 -1 -1 -1 -1 -1 3
3 -1 -1 -1 -1 -1 -1 0 -1 -1 -1 -1 -1 -1 -1 -1 3
-1 -1 -1 -1 -1 -1 -1 -1 0 -1 -1 -1 -1 -1 -1 -1 -1
3 -1 -1 -1 -1 -1 -1 -1 -1 0 -1 -1 -1 -1 -1 -1 3
3 -1 -1 -1 -1 -1 -1 -1 -1 -1 0 -1 -1 -1 -1 -1 3
3 -1 -1 -1 -1 -1 -1 -1 -1 -1 -1 0 -1 -1 -1 -1 3
3 3 -1 -1 -1 -1 -1 -1 -1 -1 -1 -1 0 -1 -1 3 3
3 3 -1 -1 -1 -1 -1 -1 -1 -1 -1 -1 -1 0 -1 3 3
3 3 3 -1 -1 -1 -1 -1 -1 -1 -1 -1 -1 -1 3 3 3
3 3 3 3 3 -1 -1 -1 -1 -1 -1 -1 3 3 3 3 3
3 3 3 3 3 3 3 3 -1 3 3 3 3 3 3 3 3
18:45:13.780519 - stdout  :: 1 1
18:45:13.793136 - stdin   :: 26 7 3 3
12 18
26 7
22 18
3 3 3 3 3 3 3 3 -1 3 3 3 3 3 3 3 3
3 3 3 3 3 0 0 0 0 0 0 0 3 3 3 3 3
3 3 3 -1 -1 -1 -1 -1 -1 -1 -1 -1 -1 -1 3 3 3
3 3 -1 0 -1 -1 -1 -1 -1 -1 -1 -1 -1 -1 -1 3 3
3 3 -1 -1 0 -1 -1 -1 -1 -1 -1 -1 -1 -1 -1 3 3
3 -1 -1 -1 -1 0 -1 -1 -1 -1 -1 -1 -1 -1 -1 -1 3
3 -1 -1 -1 -1 -1 0 -1 -1 -1 -1 -1 -1 -1 -1 -1 3
3 -1 -1 -1 -1 -1 -1 0 -1 -1 -1 -1 -1 -1 -1 -1 3
-1 -1 -1 -1 -1 -1 -1 -1 0 -1 -1 -1 -1 -1 -1 -1 -1
3 -1 -1 -1 -1 -1 -1 -1 -1 0 -1 -1 -1 -1 -1 -1 3
3 -1 -1 -1 -1 -1 -1 -1 -1 -1 0 -1 -1 -1 -1 -1 3
3 -1 -1 -1 -1 -1 -1 -1 -1 -1 -1 0 -1 -1 -1 -1 3
3 3 -1 -1 -1 -1 -1 -1 -1 -1 -1 -1 0 -1 -1 3 3
3 3 -1 -1 -1 -1 -1 -1 -1 -1 -1 -1 -1 0 -1 3 3
3 3 3 -1 -1 -1 -1 -1 -1 -1 -1 -1 -1 -1 3 3 3
3 3 3 3 3 -1 -1 -1 -1 -1 -1 -1 3 3 3 3 3
3 3 3 3 3 3 3 3 -1 3 3 3 3 3 3 3 3
18:45:13.808921 - stdout  :: 0 0
18:45:13.819061 - stdin   :: 29 10 3 3
13 18
29 10
22 18
3 3 3 3 3 3 3 3 -1 3 3 3 3 3 3 3 3
3 3 3 3 3 -1 -1 -1 -1 -1 -1 -1 3 3 3 3 3
3 3 3 -1 -1 -1 -1 -1 -1 -1 -1 -1 -1 -1 3 3 3
3 3 -1 0 -1 -1 -1 -1 -1 -1 -1 -1 -1 -1 -1 3 3
3 3 -1 -1 0 -1 -1 -1 -1 -1 -1 -1 -1 -1 -1 3 3
3 -1 -1 -1 -1 0 -1 -1 -1 -1 -1 -1 -1 -1 -1 -1 3
3 -1 -1 -1 -1 -1 0 -1 -1 -1 -1 -1 -1 -1 -1 -1 3
3 -1 -1 -1 -1 -1 -1 0 -1 -1 -1 -1 -1 -1 -1 -1 3
-1 -1 -1 -1 -1 -1 -1 -1 0 -1 -1 -1 -1 -1 -1 -1 0
3 -1 -1 -1 -1 -1 -1 -1 -1 0 -1 -1 -1 -1 -1 -1 3
3 -1 -1 -1 -1 -1 -1 -1 -1 -1 0 -1 -1 -1 -1 -1 3
3 -1 -1 -1 -1 -1 -1 -1 -1 -1 -1 0 -1 -1 -1 -1 3
3 3 -1 -1 -1 -1 -1 -1 -1 -1 -1 -1 0 -1 -1 3 3
3 3 -1 -1 -1 -1 -1 -1 -1 -1 -1 -1 -1 0 -1 3 3
3 3 3 -1 -1 -1 -1 -1 -1 -1 -1 -1 -1 -1 3 3 3
3 3 3 3 3 -1 -1 -1 -1 -1 -1 -1 3 3 3 3 3
3 3 3 3 3 3 3 3 0 3 3 3 3 3 3 3 3
18:45:13.834783 - stdout  :: 0 0
18:45:13.844387 - stdin   :: 32 13 3 3
14 18
32 13
22 18
3 3 3 3 3 3 3 3 -1 3 3 3 3 3 3 3 3
3 3 3 3 3 -1 -1 -1 -1 -1 -1 -1 3 3 3 3 3
3 3 3 -1 -1 -1 -1 -1 -1 -1 -1 -1 -1 0 3 3 3
3 3 -1 0 -1 -1 -1 -1 -1 -1 -1 -1 -1 0 -1 3 3
3 3 -1 -1 0 -1 -1 -1 -1 -1 -1 -1 -1 0 -1 3 3
3 -1 -1 -1 -1 0 -1 -1 -1 -1 -1 -1 -1 0 -1 0 3
3 -1 -1 -1 -1 -1 0 -1 -1 -1 -1 -1 -1 0 -1 0 3
3 -1 -1 -1 -1 -1 -1 0 -1 -1 -1 -1 -1 0 -1 0 3
-1 -1 -1 -1 -1 -1 -1 -1 0 -1 -1 -1 -1 0 -1 0 -1
3 -1 -1 -1 -1 -1 -1 -1 -1 0 -1 -1 -1 0 -1 0 3
3 -1 -1 -1 -1 -1 -1 -1 -1 -1 0 -1 -1 0 -1 0 3
3 -1 -1 -1 -1 -1 -1 -1 -1 -1 -1 0 -1 0 -1 0 3
3 3 -1 -1 -1 -1 -1 -1 -1 -1 -1 -1 0 0 -1 3 3
3 3 0 0 0 0 0 0 0 0 0 0 0 0 -1 3 3
3 3 3 -1 -1 -1 -1 -1 -1 -1 -1 -1 -1 -1 3 3 3
3 3 3 3 3 -1 -1 -1 -1 -1 -1 -1 3 3 3 3 3
3 3 3 3 3 3 3 3 -1 3 3 3 3 3 3 3 3
18:45:13.858505 - stdout  :: 0 0
18:45:13.874175 - stdin   :: 35 16 3 3
15 18
35 16
22 18
3 3 3 3 3 3 3 3 -1 3 3 3 3 3 3 3 3
3 3 3 3 3 -1 -1 -1 -1 -1 0 -1 3 3 3 3 3
3 3 3 -1 -1 -1 -1 -1 -1 -1 0 -1 0 -1 3 3 3
3 3 -1 0 -1 -1 -1 -1 -1 -1 0 -1 0 -1 -1 3 3
3 3 -1 -1 0 -1 -1 -1 -1 -1 0 -1 0 -1 -1 3 3
3 -1 -1 -1 -1 0 -1 -1 -1 -1 0 -1 0 -1 -1 -1 3
3 -1 -1 -1 -1 -1 0 -1 -1 -1 0 -1 0 -1 -1 -1 3
3 -1 -1 -1 -1 -1 -1 0 -1 -1 0 -1 0 -1 -1 -1 3
-1 -1 -1 -1 -1 -1 -1 -1 0 -1 0 -1 0 -1 -1 -1 -1
3 -1 -1 -1 -1 -1 -1 -1 -1 0 0 -1 0 -1 -1 -1 3
3 0 0 0 0 0 0 0 0 0 0 -1 0 -1 -1 -1 3
3 -1 -1 -1 -1 -1 -1 -1 -1 -1 -1 -1 0 0 0 0 3
3 3 -1 -1 -1 -1 -1 -1 -1 -1 -1 -1 -1 -1 -1 3 3
3 3 -1 -1 -1 -1 -1 -1 -1 -1 -1 -1 -1 -1 -1 3 3
3 3 3 -1 -1 -1 -1 -1 -1 -1 -1 -1 -1 -1 3 3 3
3 3 3 3 3 -1 -1 -1 -1 -1 -1 -1 3 3 3 3 3
3 3 3 3 3 3 3 3 -1 3 3 3 3 3 3 3 3
18:45:13.889160 - stdout  :: -1 -1
18:45:13.905670 - stdin   :: 37 18 2 2
16 18
37 18
22 18
3 3 3 3 3 3 3 3 0 3 3 3 3 3 3 3 3
3 3 3 3 3 -1 -1 -1 0 -1 0 -1 3 3 3 3 3
3 3 3 -1 -1 -1 -1 -1 0 -1 0 -1 -1 -1 3 3 3
3 3 -1 0 -1 -1 -1 -1 0 -1 0 -1 -1 -1 -1 3 3
3 3 -1 -1 0 -1 -1 -1 0 -1 0 -1 -1 -1 -1 3 3
3 -1 -1 -1 -1 0 -1 -1 0 -1 0 -1 -1 -1 -1 -1 3
3 -1 -1 -1 -1 -1 0 -1 0 -1 0 -1 -1 -1 -1 -1 3
3 -1 -1 -1 -1 -1 -1 0 0 -1 0 -1 -1 -1 -1 -1 3
0 0 0 0 0 0 0 0 0 -1 0 -1 -1 -1 -1 -1 -1
3 -1 -1 -1 -1 -1 -1 -1 -1 -1 0 0 0 0 0 0 3
3 -1 -1 -1 -1 -1 -1 -1 -1 -1 -1 -1 -1 -1 -1 -1 3
3 -1 -1 -1 -1 -1 -1 -1 -1 -1 -1 -1 -1 -1 -1 -1 3
3 3 -1 -1 -1 -1 -1 -1 -1 -1 -1 -1 -1 -1 -1 3 3
3 3 -1 -1 -1 -1 -1 -1 -1 -1 -1 -1 -1 -1 -1 3 3
3 3 3 -1 -1 -1 -1 -1 -1 -1 -1 -1 -1 -1 3 3 3
3 3 3 3 3 -1 -1 -1 -1 -1 -1 -1 3 3 3 3 3
3 3 3 3 3 3 3 3 -1 3 3 3 3 3 3 3 3
18:45:13.922449 - stdout  :: -1 -1
18:45:13.975522 - stdin   :: 37 18 0 0
13 18
37 18
22 18
3 3 3 3 3 3 3 3 0 3 3 3 3 3 3 3 3
3 3 3 3 3 -1 -1 -1 0 -1 0 -1 3 3 3 3 3
3 3 3 -1 -1 -1 -1 -1 0 -1 0 -1 -1 -1 3 3 3
3 3 -1 0 -1 -1 -1 -1 0 -1 0 -1 -1 -1 -1 3 3
3 3 -1 -1 0 -1 -1 -1 0 -1 0 -1 -1 -1 -1 3 3
3 -1 -1 -1 -1 0 -1 -1 0 -1 0 -1 -1 -1 -1 -1 3
3 -1 -1 -1 -1 -1 0 -1 0 -1 0 -1 -1 -1 -1 -1 3
3 -1 -1 -1 -1 -1 -1 0 0 -1 0 -1 -1 -1 -1 -1 3
0 0 0 0 0 0 0 0 0 -1 0 -1 -1 -1 -1 -1 -1
3 -1 -1 -1 -1 -1 -1 -1 -1 -1 0 0 0 0 0 0 3
3 -1 -1 -1 -1 -1 -1 -1 -1 -1 -1 -1 -1 -1 -1 -1 3
3 -1 -1 -1 -1 -1 -1 -1 -1 -1 -1 -1 -1 -1 -1 -1 3
3 3 -1 -1 -1 -1 -1 -1 -1 -1 -1 -1 -1 -1 -1 3 3
3 3 -1 -1 -1 -1 -1 -1 -1 -1 -1 -1 -1 -1 -1 3 3
3 3 3 -1 -1 -1 -1 -1 -1 -1 -1 -1 -1 -1 3 3 3
3 3 3 3 3 -1 -1 -1 -1 -1 -1 -1 3 3 3 3 3
3 3 3 3 3 3 3 3 -1 3 3 3 3 3 3 3 3
18:45:13.987155 - stdout  :: -1 -1
18:45:13.998640 - stdin   :: 36 17 -1 -1
12 18
36 17
22 18
3 3 3 3 3 3 3 3 -1 3 3 3 3 3 3 3 3
3 3 3 3 3 -1 -1 -1 -1 0 -1 0 3 3 3 3 3
3 3 3 -1 -1 -1 -1 -1 -1 0 -1 0 -1 -1 3 3 3
3 3 -1 0 -1 -1 -1 -1 -1 0 -1 0 -1 -1 -1 3 3
3 3 -1 -1 0 -1 -1 -1 -1 0 -1 0 -1 -1 -1 3 3
3 -1 -1 -1 -1 0 -1 -1 -1 0 -1 0 -1 -1 -1 -1 3
3 -1 -1 -1 -1 -1 0 -1 -1 0 -1 0 -1 -1 -1 -1 3
3 -1 -1 -1 -1 -1 -1 0 -1 0 -1 0 -1 -1 -1 -1 3
-1 -1 -1 -1 -1 -1 -1 -1 0 0 -1 0 -1 -1 -1 -1 -1
3 0 0 0 0 0 0 0 0 0 -1 0 -1 -1 -1 -1 3
3 -1 -1 -1 -1 -1 -1 -1 -1 -1 -1 0 0 0 0 0 3
3 -1 -1 -1 -1 -1 -1 -1 -1 -1 -1 -1 -1 -1 -1 -1 3
3 3 -1 -1 -1 -1 -1 -1 -1 -1 -1 -1 -1 -1 -1 3 3
3 3 -1 -1 -1 -1 -1 -1 -1 -1 -1 -1 -1 -1 -1 3 3
3 3 3 -1 -1 -1 -1 -1 -1 -1 -1 -1 -1 -1 3 3 3
3 3 3 3 3 -1 -1 -1 -1 -1 -1 -1 3 3 3 3 3
3 3 3 3 3 3 3 3 -1 3 3 3 3 3 3 3 3
18:45:14.010325 - stdout  :: -1 -1
18:45:14.019916 - stdin   :: 34 15 -2 -2
11 18
34 15
22 18
3 3 3 3 3 3 3 3 -1 3 3 3 3 3 3 3 3
3 3 3 3 3 -1 -1 -1 -1 -1 -1 0 3 3 3 3 3
3 3 3 -1 -1 -1 -1 -1 -1 -1 -1 0 -1 0 3 3 3
3 3 -1 0 -1 -1 -1 -1 -1 -1 -1 0 -1 0 -1 3 3
3 3 -1 -1 0 -1 -1 -1 -1 -1 -1 0 -1 0 -1 3 3
3 -1 -1 -1 -1 0 -1 -1 -1 -1 -1 0 -1 0 -1 -1 3
3 -1 -1 -1 -1 -1 0 -1 -1 -1 -1 0 -1 0 -1 -1 3
3 -1 -1 -1 -1 -1 -1 0 -1 -1 -1 0 -1 0 -1 -1 3
-1 -1 -1 -1 -1 -1 -1 -1 0 -1 -1 0 -1 0 -1 -1 -1
3 -1 -1 -1 -1 -1 -1 -1 -1 0 -1 0 -1 0 -1 -1 3
3 -1 -1 -1 -1 -1 -1 -1 -1 -1 0 0 -1 0 -1 -1 3
3 0 0 0 0 0 0 0 0 0 0 0 -1 0 -1 -1 3
3 3 -1 -1 -1 -1 -1 -1 -1 -1 -1 -1 -1 0 0 3 3
3 3 -1 -1 -1 -1 -1 -1 -1 -1 -1 -1 -1 -1 -1 3 3
3 3 3 -1 -1 -1 -1 -1 -1 -1 -1 -1 -1 -1 3 3 3
3 3 3 3 3 -1 -1 -1 -1 -1 -1 -1 3 3 3 3 3
3 3 3 3 3 3 3 3 -1 3 3 3 3 3 3 3 3
18:45:14.031943 - stdout  :: 1 1
18:45:14.042118 - stdin   :: 33 14 -1 -1
10 18
33 14
22 18
3 3 3 3 3 3 3 3 -1 3 3 3 3 3 3 3 3
3 3 3 3 3 -1 -1 -1 -1 -1 -1 -1 3 3 3 3 3
3 3 3 -1 -1 -1 -1 -1 -1 -1 -1 -1 0 -1 3 3 3
3 3 -1 0 -1 -1 -1 -1 -1 -1 -1 -1 0 -1 0 3 3
3 3 -1 -1 0 -1 -1 -1 -1 -1 -1 -1 0 -1 0 3 3
3 -1 -1 -1 -1 0 -1 -1 -1 -1 -1 -1 0 -1 0 -1 3
3 -1 -1 -1 -1 -1 0 -1 -1 -1 -1 -1 0 -1 0 -1 3
3 -1 -1 -1 -1 -1 -1 0 -1 -1 -1 -1 0 -1 0 -1 3
-1 -1 -1 -1 -1 -1 -1 -1 0 -1 -1 -1 0 -1 0 -1 -1
3 -1 -1 -1 -1 -1 -1 -1 -1 0 -1 -1 0 -1 0 -1 3
3 -1 -1 -1 -1 -1 -1 -1 -1 -1 0 -1 0 -1 0 -1 3
3 -1 -1 -1 -1 -1 -1 -1 -1 -1 -1 0 0 -1 0 -1 3
3 3 0 0 0 0 0 0 0 0 0 0 0 -1 0 3 3
3 3 -1 -1 -1 -1 -1 -1 -1 -1 -1 -1 -1 -1 0 3 3
3 3 3 -1 -1 -1 -1 -1 -1 -1 -1 -1 -1 -1 3 3 3
3 3 3 3 3 -1 -1 -1 -1 -1 -1 -1 3 3 3 3 3
3 3 3 3 3 3 3 3 -1 3 3 3 3 3 3 3 3
18:45:14.053877 - stdout  :: 0 0
18:45:14.063831 - stdin   :: 32 13 -1 -1
9 18
32 13
22 18
3 3 3 3 3 3 3 3 -1 3 3 3 3 3 3 3 3
3 3 3 3 3 -1 -1 -1 -1 -1 -1 -1 3 3 3 3 3
3 3 3 -1 -1 -1 -1 -1 -1 -1 -1 -1 -1 0 3 3 3
3 3 -1 0 -1 -1 -1 -1 -1 -1 -1 -1 -1 0 -1 3 3
3 3 -1 -1 0 -1 -1 -1 -1 -1 -1 -1 -1 0 -1 3 3
3 -1 -1 -1 -1 0 -1 -1 -1 -1 -1 -1 -1 0 -1 0 3
3 -1 -1 -1 -1 -1 0 -1 -1 -1 -1 -1 -1 0 -1 0 3
3 -1 -1 -1 -1 -1 -1 0 -1 -1 -1 -1 -1 0 -1 0 3
-1 -1 -1 -1 -1 -1 -1 -1 0 -1 -1 -1 -1 0 -1 0 -1
3 -1 -1 -1 -1 -1 -1 -1 -1 0 -1 -1 -1 0 -1 0 3
3 -1 -1 -1 -1 -1 -1 -1 -1 -1 0 -1 -1 0 -1 0 3
3 -1 -1 -1 -1 -1 -1 -1 -1 -1 -1 0 -1 0 -1 0 3
3 3 -1 -1 -1 -1 -1 -1 -1 -1 -1 -1 0 0 -1 3 3
3 3 0 0 0 0 0 0 0 0 0 0 0 0 -1 3 3
3 3 3 -1 -1 -1 -1 -1 -1 -1 -1 -1 -1 -1 3 3 3
3 3 3 3 3 -1 -1 -1 -1 -1 -1 -1 3 3 3 3 3
3 3 3 3 3 3 3 3 -1 3 3 3 3 3 3 3 3
18:45:14.076739 - stdout  :: 0 0
18:45:14.086236 - stdin   :: 31 12 -1 -1
8 18
31 12
22 18
3 3 3 3 3 3 3 3 -1 3 3 3 3 3 3 3 3
3 3 3 3 3 -1 -1 -1 -1 -1 -1 -1 3 3 3 3 3
3 3 3 -1 -1 -1 -1 -1 -1 -1 -1 -1 -1 -1 3 3 3
3 3 -1 0 -1 -1 -1 -1 -1 -1 -1 -1 -1 -1 0 3 3
3 3 -1 -1 0 -1 -1 -1 -1 -1 -1 -1 -1 -1 0 3 3
3 -1 -1 -1 -1 0 -1 -1 -1 -1 -1 -1 -1 -1 0 -1 3
3 -1 -1 -1 -1 -1 0 -1 -1 -1 -1 -1 -1 -1 0 -1 3
3 -1 -1 -1 -1 -1 -1 0 -1 -1 -1 -1 -1 -1 0 -1 3
-1 -1 -1 -1 -1 -1 -1 -1 0 -1 -1 -1 -1 -1 0 -1 0
3 -1 -1 -1 -1 -1 -1 -1 -1 0 -1 -1 -1 -1 0 -1 3
3 -1 -1 -1 -1 -1 -1 -1 -1 -1 0 -1 -1 -1 0 -1 3
3 -1 -1 -1 -1 -1 -1 -1 -1 -1 -1 0 -1 -1 0 -1 3
3 3 -1 -1 -1 -1 -1 -1 -1 -1 -1 -1 0 -1 0 3 3
3 3 -1 -1 -1 -1 -1 -1 -1 -1 -1 -1 -1 0 0 3 3
3 3 3 0 0 0 0 0 0 0 0 0 0 0 3 3 3
3 3 3 3 3 -1 -1 -1 -1 -1 -1 -1 3 3 3 3 3
3 3 3 3 3 3 3 3 -1 3 3 3 3 3 3 3 3
18:45:14.099634 - stdout  :: -1 -1
18:45:14.110109 - stdin   :: 29 10 -2 -2
7 18
29 10
22 18
3 3 3 3 3 3 3 3 -1 3 3 3 3 3 3 3 3
3 3 3 3 3 -1 -1 -1 -1 -1 -1 -1 3 3 3 3 3
3 3 3 -1 -1 -1 -1 -1 -1 -1 -1 -1 -1 -1 3 3 3
3 3 -1 0 -1 -1 -1 -1 -1 -1 -1 -1 -1 -1 -1 3 3
3 3 -1 -1 0 -1 -1 -1 -1 -1 -1 -1 -1 -1 -1 3 3
3 -1 -1 -1 -1 0 -1 -1 -1 -1 -1 -1 -1 -1 -1 -1 3
3 -1 -1 -1 -1 -1 0 -1 -1 -1 -1 -1 -1 -1 -1 -1 3
3 -1 -1 -1 -1 -1 -1 0 -1 -1 -1 -1 -1 -1 -1 -1 3
-1 -1 -1 -1 -1 -1 -1 -1 0 -1 -1 -1 -1 -1 -1 -1 0
3 -1 -1 -1 -1 -1 -1 -1 -1 0 -1 -1 -1 -1 -1 -1 3
3 -1 -1 -1 -1 -1 -1 -1 -1 -1 0 -1 -1 -1 -1 -1 3
3 -1 -1 -1 -1 -1 -1 -1 -1 -1 -1 0 -1 -1 -1 -1 3
3 3 -1 -1 -1 -1 -1 -1 -1 -1 -1 -1 0 -1 -1 3 3
3 3 -1 -1 -1 -1 -1 -1 -1 -1 -1 -1 -1 0 -1 3 3
3 3 3 -1 -1 -1 -1 -1 -1 -1 -1 -1 -1 -1 3 3 3
3 3 3 3 3 -1 -1 -1 -1 -1 -1 -1 3 3 3 3 3
3 3 3 3 3 3 3 3 0 3 3 3 3 3 3 3 3
18:45:14.122689 - stdout  :: -1 -1
18:45:14.131753 - stdin   :: 26 7 -3 -3
6 18
26 7
22 18
3 3 3 3 3 3 3 3 -1 3 3 3 3 3 3 3 3
3 3 3 3 3 0 0 0 0 0 0 0 3 3 3 3 3
3 3 3 -1 -1 -1 -1 -1 -1 -1 -1 -1 -1 -1 3 3 3
3 3 -1 0 -1 -1 -1 -1 -1 -1 -1 -1 -1 -1 -1 3 3
3 3 -1 -1 0 -1 -1 -1 -1 -1 -1 -1 -1 -1 -1 3 3
3 -1 -1 -1 -1 0 -1 -1 -1 -1 -1 -1 -1 -1 -1 -1 3
3 -1 -1 -1 -1 -1 0 -1 -1 -1 -1 -1 -1 -1 -1 -1 3
3 -1 -1 -1 -1 -1 -1 0 -1 -1 -1 -1 -1 -1 -1 -1 3
-1 -1 -1 -1 -1 -1 -1 -1 0 -1 -1 -1 -1 -1 -1 -1 -1
3 -1 -1 -1 -1 -1 -1 -1 -1 0 -1 -1 -1 -1 -1 -1 3
3 -1 -1 -1 -1 -1 -1 -1 -1 -1 0 -1 -1 -1 -1 -1 3
3 -1 -1 -1 -1 -1 -1 -1 -1 -1 -1 0 -1 -1 -1 -1 3
3 3 -1 -1 -1 -1 -1 -1 -1 -1 -1 -1 0 -1 -1 3 3
3 3 -1 -1 -1 -1 -1 -1 -1 -1 -1 -1 -1 0 -1 3 3
3 3 3 -1 -1 -1 -1 -1 -1 -1 -1 -1 -1 -1 3 3 3
3 3 3 3 3 -1 -1 -1 -1 -1 -1 -1 3 3 3 3 3
3 3 3 3 3 3 3 3 -1 3 3 3 3 3 3 3 3
18:45:14.144752 - stdout  :: 0 0
18:45:14.158202 - stdin   :: 23 4 -3 -3
5 18
23 4
22 18
3 3 3 3 3 3 3 3 0 3 3 3 3 3 3 3 3
3 3 3 3 3 -1 -1 0 -1 -1 -1 -1 3 3 3 3 3
3 3 3 -1 -1 -1 0 -1 -1 -1 -1 -1 -1 -1 3 3 3
3 3 -1 -1 -1 0 -1 -1 -1 -1 -1 -1 -1 -1 -1 3 3
3 3 -1 -1 -1 0 0 0 0 0 0 0 0 0 0 3 3
3 -1 -1 -1 -1 0 -1 -1 -1 -1 -1 -1 -1 -1 -1 -1 3
3 -1 -1 -1 -1 -1 0 -1 -1 -1 -1 -1 -1 -1 -1 -1 3
3 -1 -1 -1 -1 -1 -1 0 -1 -1 -1 -1 -1 -1 -1 -1 3
-1 -1 -1 -1 -1 -1 -1 -1 0 -1 -1 -1 -1 -1 -1 -1 -1
3 -1 -1 -1 -1 -1 -1 -1 -1 0 -1 -1 -1 -1 -1 -1 3
3 -1 -1 -1 -1 -1 -1 -1 -1 -1 0 -1 -1 -1 -1 -1 3
3 -1 -1 -1 -1 -1 -1 -1 -1 -1 -1 0 -1 -1 -1 -1 3
3 3 -1 -1 -1 -1 -1 -1 -1 -1 -1 -1 0 -1 -1 3 3
3 3 -1 -1 -1 -1 -1 -1 -1 -1 -1 -1 -1 0 -1 3 3
3 3 3 -1 -1 -1 -1 -1 -1 -1 -1 -1 -1 -1 3 3 3
3 3 3 3 3 -1 -1 -1 -1 -1 -1 -1 3 3 3 3 3
3 3 3 3 3 3 3 3 -1 3 3 3 3 3 3 3 3
18:45:14.173086 - stdout  :: 0 0
18:45:14.184551 - stdin   :: 20 1 -3 -3
4 18
20 1
22 18
3 3 3 3 3 3 3 3 -1 3 3 3 3 3 3 3 3
3 3 3 3 3 -1 -1 -1 -1 -1 -1 -1 3 3 3 3 3
3 3 3 -1 -1 -1 -1 -1 -1 -1 -1 -1 0 -1 3 3 3
3 3 -1 -1 -1 -1 -1 -1 -1 -1 -1 0 -1 -1 -1 3 3
3 3 -1 -1 -1 -1 -1 -1 -1 -1 0 -1 -1 -1 -1 3 3
3 -1 -1 -1 -1 -1 -1 -1 -1 0 -1 -1 -1 -1 -1 -1 3
3 -1 -1 -1 -1 -1 -1 -1 0 -1 -1 -1 -1 -1 -1 -1 3
3 -1 -1 -1 -1 -1 -1 -1 0 0 0 0 0 0 0 0 3
-1 -1 -1 -1 -1 -1 -1 -1 0 -1 -1 -1 -1 -1 -1 -1 -1
3 -1 -1 -1 -1 -1 -1 -1 -1 0 -1 -1 -1 -1 -1 -1 3
3 -1 -1 -1 -1 -1 -1 -1 -1 -1 0 -1 -1 -1 -1 -1 3
3 -1 -1 -1 -1 -1 -1 -1 -1 -1 -1 0 -1 -1 -1 -1 3
3 3 -1 -1 -1 -1 -1 -1 -1 -1 -1 -1 0 -1 -1 3 3
3 3 -1 -1 -1 -1 -1 -1 -1 -1 -1 -1 -1 0 -1 3 3
3 3 3 -1 -1 -1 -1 -1 -1 -1 -1 -1 -1 -1 3 3 3
3 3 3 3 3 -1 -1 -1 -1 -1 -1 -1 3 3 3 3 3
3 3 3 3 3 3 3 3 -1 3 3 3 3 3 3 3 3
18:45:14.197938 - stdout  :: 1 1
18:45:14.260423 - stdin   :: 20 1 0 0
1 15
20 1
22 18
3 3 3 3 3 3 3 3 -1 3 3 3 3 3 3 3 3
3 3 3 3 3 -1 -1 -1 -1 -1 -1 -1 3 3 3 3 3
3 3 3 -1 -1 -1 -1 -1 -1 -1 -1 -1 0 -1 3 3 3
3 3 -1 -1 -1 -1 -1 -1 -1 -1 -1 0 -1 -1 -1 3 3
3 3 -1 -1 -1 -1 -1 -1 -1 -1 0 -1 -1 -1 -1 3 3
3 -1 -1 -1 -1 -1 -1 -1 -1 0 -1 -1 -1 -1 -1 -1 3
3 -1 -1 -1 -1 -1 -1 -1 0 -1 -1 -1 -1 -1 -1 -1 3
3 -1 -1 -1 -1 -1 -1 -1 0 0 0 0 0 0 0 0 3
-1 -1 -1 -1 -1 -1 -1 -1 0 -1 -1 -1 -1 -1 -1 -1 -1
3 -1 -1 -1 -1 -1 -1 -1 -1 0 -1 -1 -1 -1 -1 -1 3
3 -1 -1 -1 -1 -1 -1 -1 -1 -1 0 -1 -1 -1 -1 -1 3
3 -1 -1 -1 -1 -1 -1 -1 -1 -1 -1 0 -1 -1 -1 -1 3
3 3 -1 -1 -1 -1 -1 -1 -1 -1 -1 -1 0 -1 -1 3 3
3 3 -1 -1 -1 -1 -1 -1 -1 -1 -1 -1 -1 0 -1 3 3
3 3 3 -1 -1 -1 -1 -1 -1 -1 -1 -1 -1 -1 3 3 3
3 3 3 3 3 -1 -1 -1 -1 -1 -1 -1 3 3 3 3 3
3 3 3 3 3 3 3 3 -1 3 3 3 3 3 3 3 3
18:45:14.274449 - stdout  :: -1 1
18:45:14.286941 - stdin   :: 19 2 -1 1
1 14
19 2
22 18
3 3 3 3 3 3 3 3 -1 3 3 3 3 3 3 3 3
3 3 3 3 3 -1 -1 -1 -1 -1 -1 -1 3 3 3 3 3
3 3 3 -1 -1 -1 -1 -1 -1 -1 -1 -1 0 -1 3 3 3
3 3 -1 -1 -1 -1 -1 -1 -1 -1 -1 0 -1 -1 -1 3 3
3 3 -1 -1 -1 -1 -1 -1 -1 -1 0 -1 -1 -1 -1 3 3
3 -1 -1 -1 -1 -1 -1 -1 -1 0 -1 -1 -1 -1 -1 -1 3
3 -1 -1 -1 -1 -1 -1 -1 0 -1 -1 -1 -1 -1 -1 -1 3
3 -1 -1 -1 -1 -1 -1 0 -1 -1 -1 -1 -1 -1 -1 -1 3
-1 -1 -1 -1 -1 -1 -1 0 0 0 0 0 0 0 0 0 0
3 -1 -1 -1 -1 -1 -1 0 -1 -1 -1 -1 -1 -1 -1 -1 3
3 -1 -1 -1 -1 -1 -1 -1 0 -1 -1 -1 -1 -1 -1 -1 3
3 -1 -1 -1 -1 -1 -1 -1 -1 0 -1 -1 -1 -1 -1 -1 3
3 3 -1 -1 -1 -1 -1 -1 -1 -1 0 -1 -1 -1 -1 3 3
3 3 -1 -1 -1 -1 -1 -1 -1 -1 -1 0 -1 -1 -1 3 3
3 3 3 -1 -1 -1 -1 -1 -1 -1 -1 -1 0 -1 3 3 3
3 3 3 3 3 -1 -1 -1 -1 -1 -1 -1 3 3 3 3 3
3 3 3 3 3 3 3 3 -1 3 3 3 3 3 3 3 3
18:45:14.301009 - stdout  :: 1 1
18:45:14.313278 - stdin   :: 19 4 0 2
1 13
19 4
22 18
3 3 3 3 3 3 3 3 -1 3 3 3 3 3 3 3 3
3 3 3 3 3 -1 -1 -1 -1 -1 -1 0 3 3 3 3 3
3 3 3 -1 -1 -1 -1 -1 -1 -1 0 -1 -1 -1 3 3 3
3 3 -1 -1 -1 -1 -1 -1 -1 0 -1 -1 -1 -1 -1 3 3
3 3 -1 -1 -1 -1 -1 -1 0 -1 -1 -1 -1 -1 -1 3 3
3 -1 -1 -1 -1 -1 -1 0 -1 -1 -1 -1 -1 -1 -1 -1 3
3 -1 -1 -1 -1 -1 0 -1 -1 -1 -1 -1 -1 -1 -1 -1 3
3 -1 -1 -1 -1 0 -1 -1 -1 -1 -1 -1 -1 -1 -1 -1 3
-1 -1 -1 -1 -1 0 0 0 0 0 0 0 0 0 0 0 0
3 -1 -1 -1 -1 0 -1 -1 -1 -1 -1 -1 -1 -1 -1 -1 3
3 -1 -1 -1 -1 -1 0 -1 -1 -1 -1 -1 -1 -1 -1 -1 3
3 -1 -1 -1 -1 -1 -1 0 -1 -1 -1 -1 -1 -1 -1 -1 3
3 3 -1 -1 -1 -1 -1 -1 0 -1 -1 -1 -1 -1 -1 3 3
3 3 -1 -1 -1 -1 -1 -1 -1 0 -1 -1 -1 -1 -1 3 3
3 3 3 -1 -1 -1 -1 -1 -1 -1 0 -1 -1 -1 3 3 3
3 3 3 3 3 -1 -1 -1 -1 -1 -1 0 3 3 3 3 3
3 3 3 3 3 3 3 3 -1 3 3 3 3 3 3 3 3
18:45:14.326525 - stdout  :: 0 1
18:45:14.338686 - stdin   :: 19 7 0 3
1 12
19 7
22 18
3 3 3 3 3 3 3 3 -1 3 3 3 3 3 3 3 3
3 3 3 3 3 -1 -1 -1 0 -1 -1 -1 3 3 3 3 3
3 3 3 -1 -1 -1 -1 0 -1 -1 -1 -1 -1 -1 3 3 3
3 3 -1 -1 -1 -1 0 -1 -1 -1 -1 -1 -1 -1 -1 3 3
3 3 -1 -1 -1 0 -1 -1 -1 -1 -1 -1 -1 -1 -1 3 3
3 -1 -1 -1 0 -1 -1 -1 -1 -1 -1 -1 -1 -1 -1 -1 3
3 -1 -1 0 -1 -1 -1 -1 -1 -1 -1 -1 -1 -1 -1 -1 3
3 -1 0 -1 -1 -1 -1 -1 -1 -1 -1 -1 -1 -1 -1 -1 3
-1 -1 0 0 0 0 0 0 0 0 0 0 0 0 0 0 0
3 -1 0 -1 -1 -1 -1 -1 -1 -1 -1 -1 -1 -1 -1 -1 3
3 -1 -1 0 -1 -1 -1 -1 -1 -1 -1 -1 -1 -1 -1 -1 3
3 -1 -1 -1 0 -1 -1 -1 -1 -1 -1 -1 -1 -1 -1 -1 3
3 3 -1 -1 -1 0 -1 -1 -1 -1 -1 -1 -1 -1 -1 3 3
3 3 -1 -1 -1 -1 0 -1 -1 -1 -1 -1 -1 -1 -1 3 3
3 3 3 -1 -1 -1 -1 0 -1 -1 -1 -1 -1 -1 3 3 3
3 3 3 3 3 -1 -1 -1 0 -1 -1 -1 3 3 3 3 3
3 3 3 3 3 3 3 3 -1 3 3 3 3 3 3 3 3
18:45:14.351239 - stdout  :: 0 0
18:45:14.360379 - stdin   :: 19 10 0 3
1 11
19 10
22 18
3 3 3 3 3 3 3 3 -1 3 3 3 3 3 3 3 3
3 3 3 3 3 0 -1 -1 -1 -1 -1 -1 3 3 3 3 3
3 3 3 -1 0 -1 -1 -1 -1 -1 -1 -1 -1 -1 3 3 3
3 3 -1 0 -1 -1 -1 -1 -1 -1 -1 -1 -1 -1 -1 3 3
3 3 0 -1 -1 -1 -1 -1 -1 -1 -1 -1 -1 -1 -1 3 3
3 0 -1 -1 -1 -1 -1 -1 -1 -1 -1 -1 -1 -1 -1 -1 3
3 -1 -1 -1 -1 -1 -1 -1 -1 -1 -1 -1 -1 -1 -1 -1 3
3 -1 -1 -1 -1 -1 -1 -1 -1 -1 -1 -1 -1 -1 -1 -1 3
0 0 0 0 0 0 0 0 0 0 0 0 0 0 0 0 0
3 -1 -1 -1 -1 -1 -1 -1 -1 -1 -1 -1 -1 -1 -1 -1 3
3 -1 -1 -1 -1 -1 -1 -1 -1 -1 -1 -1 -1 -1 -1 -1 3
3 0 -1 -1 -1 -1 -1 -1 -1 -1 -1 -1 -1 -1 -1 -1 3
3 3 0 -1 -1 -1 -1 -1 -1 -1 -1 -1 -1 -1 -1 3 3
3 3 -1 0 -1 -1 -1 -1 -1 -1 -1 -1 -1 -1 -1 3 3
3 3 3 -1 0 -1 -1 -1 -1 -1 -1 -1 -1 -1 3 3 3
3 3 3 3 3 0 -1 -1 -1 -1 -1 -1 3 3 3 3 3
3 3 3 3 3 3 3 3 -1 3 3 3 3 3 3 3 3
18:45:14.372185 - stdout  :: 0 0
18:45:14.388599 - stdin   :: 19 13 0 3
1 10
19 13
22 18
3 3 3 3 3 3 3 3 -1 3 3 3 3 3 3 3 3
3 3 3 3 3 -1 -1 -1 -1 -1 -1 -1 3 3 3 3 3
3 3 3 -1 -1 -1 -1 -1 -1 -1 -1 -1 -1 0 3 3 3
3 3 -1 -1 -1 -1 -1 -1 -1 -1 -1 -1 -1 0 -1 3 3
3 3 -1 -1 -1 -1 -1 -1 -1 -1 -1 -1 -1 0 -1 3 3
3 -1 -1 -1 -1 -1 -1 -1 -1 -1 -1 -1 -1 0 -1 0 3
3 -1 -1 -1 -1 -1 -1 -1 -1 -1 -1 -1 -1 1 -1 0 3
3 -1 -1 -1 -1 -1 -1 -1 -1 -1 -1 -1 -1 -1 -1 0 3
0 0 0 0 0 0 0 0 0 0 0 0 0 0 0 0 -1
3 -1 -1 -1 -1 -1 -1 -1 -1 -1 -1 -1 -1 -1 -1 0 3
3 -1 -1 -1 -1 -1 -1 -1 -1 -1 -1 -1 -1 1 -1 0 3
3 -1 -1 -1 -1 -1 -1 -1 -1 -1 -1 -1 -1 0 -1 0 3
3 3 -1 -1 -1 -1 -1 -1 -1 -1 -1 -1 -1 0 -1 3 3
3 3 -1 -1 -1 -1 -1 -1 -1 -1 -1 -1 -1 0 -1 3 3
3 3 3 -1 -1 -1 -1 -1 -1 -1 -1 -1 -1 0 3 3 3
3 3 3 3 3 -1 -1 -1 -1 -1 -1 -1 3 3 3 3 3
3 3 3 3 3 3 3 3 -1 3 3 3 3 3 3 3 3
18:45:14.401018 - stdout  :: 0 0
18:45:14.410657 - stdin   :: 19 16 0 3
1 9
19 16
22 18
3 3 3 3 3 3 3 3 -1 3 3 3 3 3 3 3 3
3 3 3 3 3 -1 -1 -1 -1 -1 0 -1 3 3 3 3 3
3 3 3 -1 -1 -1 -1 -1 -1 -1 0 -1 0 -1 3 3 3
3 3 -1 -1 -1 -1 -1 -1 -1 -1 0 -1 0 -1 -1 3 3
3 3 -1 -1 -1 -1 -1 -1 -1 -1 0 -1 0 -1 100 3 3
3 -1 -1 -1 -1 -1 -1 -1 -1 -1 0 -1 0 -1 100 100 3
3 -1 -1 -1 -1 -1 -1 -1 -1 -1 1 -1 0 -1 100 100 3
3 -1 -1 -1 -1 -1 -1 -1 -1 -1 -1 -1 0 -1 100 -1 3
0 0 0 0 0 0 0 0 0 0 0 0 0 -1 100 -1 -1
3 -1 -1 -1 -1 -1 -1 -1 -1 -1 -1 -1 0 -1 100 -1 3
3 -1 -1 -1 -1 -1 -1 -1 -1 -1 1 -1 0 -1 -1 -1 3
3 -1 -1 -1 -1 -1 -1 -1 -1 -1 0 -1 0 -1 -1 -1 3
3 3 -1 -1 -1 -1 -1 -1 -1 -1 0 -1 0 -1 -1 3 3
3 3 -1 -1 -1 -1 -1 -1 -1 -1 0 -1 0 -1 -1 3 3
3 3 3 -1 -1 -1 -1 -1 -1 -1 0 -1 0 -1 3 3 3
3 3 3 3 3 -1 -1 -1 -1 -1 0 -1 3 3 3 3 3
3 3 3 3 3 3 3 3 -1 3 3 3 3 3 3 3 3
18:45:14.421601 - stdout  :: 0 0
18:45:14.430901 - stdin   :: 19 19 0 3
1 8
19 19
22 18
3 3 3 3 3 3 3 3 -1 3 3 3 3 3 3 3 3
3 3 3 3 3 -1 -1 0 -1 0 -1 -1 3 3 3 3 3
3 3 3 -1 -1 -1 -1 0 -1 0 -1 -1 -1 100 3 3 3
3 3 -1 -1 -1 -1 -1 0 -1 0 -1 -1 100 100 -1 3 3
3 3 -1 -1 -1 -1 -1 0 -1 0 -1 100 100 100 -1 3 3
3 -1 -1 -1 -1 -1 -1 0 -1 0 -1 100 100 -1 -1 -1 3
3 -1 -1 -1 -1 -1 -1 1 -1 0 -1 100 100 -1 -1 -1 3
3 -1 -1 -1 -1 -1 -1 -1 -1 0 -1 100 -1 -1 -1 -1 3
0 0 0 0 0 0 0 0 0 0 -1 100 -1 -1 -1 -1 -1
3 -1 -1 -1 -1 -1 -1 -1 -1 0 -1 100 -1 -1 -1 -1 3
3 -1 -1 -1 -1 -1 -1 1 -1 0 -1 -1 -1 -1 -1 -1 3
3 -1 -1 -1 -1 -1 -1 0 -1 0 -1 -1 -1 -1 -1 -1 3
3 3 -1 -1 -1 -1 -1 0 -1 0 -1 -1 -1 -1 -1 3 3
3 3 -1 -1 -1 -1 -1 0 -1 0 -1 -1 -1 -1 -1 3 3
3 3 3 -1 -1 -1 -1 0 -1 0 -1 -1 -1 -1 3 3 3
3 3 3 3 3 -1 -1 0 -1 0 -1 -1 3 3 3 3 3
3 3 3 3 3 3 3 3 -1 3 3 3 3 3 3 3 3
18:45:14.443481 - stdout  :: 0 -1
18:45:14.483555 - stdin   :: 19 19 0 0
1 2
19 19
22 18
3 3 3 3 3 3 3 3 -1 3 3 3 3 3 3 3 3
3 3 3 3 3 -1 -1 0 -1 0 -1 -1 3 3 3 3 3
3 3 3 -1 -1 -1 -1 0 -1 0 -1 -1 -1 100 3 3 3
3 3 -1 -1 -1 -1 -1 0 -1 0 -1 -1 100 100 -1 3 3
3 3 -1 -1 -1 -1 -1 0 -1 0 -1 100 100 100 -1 3 3
3 -1 -1 -1 -1 -1 -1 0 -1 0 -1 100 100 -1 -1 -1 3
3 -1 -1 -1 -1 -1 -1 1 -1 0 -1 100 100 -1 -1 -1 3
3 -1 -1 -1 -1 -1 -1 -1 -1 0 -1 100 -1 -1 -1 -1 3
0 0 0 0 0 0 0 0 0 0 -1 100 -1 -1 -1 -1 -1
3 -1 -1 -1 -1 -1 -1 -1 -1 0 -1 100 -1 -1 -1 -1 3
3 -1 -1 -1 -1 -1 -1 1 -1 0 -1 -1 -1 -1 -1 -1 3
3 -1 -1 -1 -1 -1 -1 0 -1 0 -1 -1 -1 -1 -1 -1 3
3 3 -1 -1 -1 -1 -1 0 -1 0 -1 -1 -1 -1 -1 3 3
3 3 -1 -1 -1 -1 -1 0 -1 0 -1 -1 -1 -1 -1 3 3
3 3 3 -1 -1 -1 -1 0 -1 0 -1 -1 -1 -1 3 3 3
3 3 3 3 3 -1 -1 0 -1 0 -1 -1 3 3 3 3 3
3 3 3 3 3 3 3 3 -1 3 3 3 3 3 3 3 3
18:45:14.496369 - stdout  :: -1 1
18:45:14.503340 - stdin   :: 18 20 -1 1
1 2
18 20
22 18
3 3 3 3 3 3 3 3 0 3 3 3 3 3 3 3 3
3 3 3 3 3 -1 0 -1 0 -1 -1 -1 3 3 3 3 3
3 3 3 -1 -1 -1 0 -1 0 -1 -1 -1 -1 0 3 3 3
3 3 -1 -1 -1 -1 0 -1 0 -1 -1 -1 100 0 -1 3 3
3 3 -1 -1 -1 -1 0 -1 0 -1 -1 100 100 -1 -1 3 3
3 -1 -1 -1 -1 -1 0 -1 0 -1 100 100 100 -1 -1 -1 3
3 -1 -1 -1 -1 -1 0 -1 0 -1 100 100 -1 -1 -1 -1 3
3 -1 -1 -1 -1 -1 1 -1 0 -1 100 100 -1 -1 -1 -1 3
-1 -1 -1 -1 -1 -1 -1 -1 0 -1 100 -1 -1 -1 -1 -1 -1
3 0 0 0 0 0 0 0 0 -1 100 -1 -1 -1 -1 -1 3
3 -1 -1 -1 -1 -1 -1 -1 0 -1 100 -1 -1 -1 -1 -1 3
3 -1 -1 -1 -1 -1 1 -1 0 -1 -1 -1 -1 -1 -1 -1 3
3 3 -1 -1 -1 -1 0 -1 0 -1 -1 -1 -1 -1 -1 3 3
3 3 -1 -1 -1 -1 0 -1 0 -1 -1 -1 -1 -1 -1 3 3
3 3 3 -1 -1 -1 0 -1 0 -1 -1 -1 -1 -1 3 3 3
3 3 3 3 3 -1 0 -1 0 -1 -1 -1 3 3 3 3 3
3 3 3 3 3 3 3 3 0 3 3 3 3 3 3 3 3
18:45:14.514648 - stdout  :: -1 -1
18:45:14.521592 - stdin   :: 16 20 -2 0
1 2
16 20
22 18
3 3 3 3 3 3 3 3 0 3 3 3 3 3 3 3 3
3 3 3 3 3 -1 0 -1 0 -1 -1 -1 3 3 3 3 3
3 3 3 -1 -1 -1 0 -1 0 -1 -1 -1 -1 -1 3 3 3
3 3 -1 -1 -1 -1 0 -1 0 -1 -1 -1 -1 -1 0 3 3
3 3 -1 -1 -1 -1 0 -1 0 -1 -1 -1 -1 0 0 3 3
3 -1 -1 -1 -1 -1 0 -1 0 -1 -1 -1 100 0 -1 -1 3
3 -1 -1 -1 -1 -1 0 -1 0 -1 -1 100 100 -1 -1 -1 3
3 -1 -1 -1 -1 -1 0 -1 0 -1 100 100 100 -1 -1 -1 3
-1 -1 -1 -1 -1 -1 0 -1 0 -1 100 100 -1 -1 -1 -1 -1
3 -1 -1 -1 -1 -1 1 -1 0 -1 100 100 -1 -1 -1 -1 3
3 -1 -1 -1 -1 -1 -1 -1 0 -1 100 -1 -1 -1 -1 -1 3
3 0 0 0 0 0 0 0 0 -1 100 -1 -1 -1 -1 -1 3
3 3 -1 -1 -1 -1 -1 -1 0 -1 100 -1 -1 -1 -1 3 3
3 3 -1 -1 -1 -1 1 -1 0 -1 -1 -1 -1 -1 -1 3 3
3 3 3 -1 -1 -1 0 -1 0 -1 -1 -1 -1 -1 3 3 3
3 3 3 3 3 -1 0 -1 0 -1 -1 -1 3 3 3 3 3
3 3 3 3 3 3 3 3 0 3 3 3 3 3 3 3 3
18:45:14.527158 - stdout  :: -1 0
18:45:14.534713 - stdin   :: 13 20 -3 0
1 2
13 20
22 18
3 3 3 3 3 3 3 3 0 3 3 3 3 3 3 3 3
3 3 3 3 3 -1 0 -1 0 -1 -1 -1 3 3 3 3 3
3 3 3 -1 -1 -1 0 -1 0 -1 -1 -1 -1 -1 3 3 3
3 3 -1 -1 -1 -1 0 -1 0 -1 -1 -1 -1 -1 -1 3 3
3 3 -1 -1 -1 -1 0 -1 0 -1 -1 -1 -1 -1 -1 3 3
3 -1 -1 -1 -1 -1 0 -1 0 -1 -1 -1 -1 -1 -1 0 3
3 -1 -1 -1 -1 -1 0 -1 0 -1 -1 -1 -1 -1 0 0 3
3 -1 -1 -1 -1 -1 0 -1 0 -1 -1 -1 -1 0 0 -1 3
-1 -1 -1 -1 -1 -1 0 -1 0 -1 -1 -1 100 0 -1 -1 -1
3 -1 -1 -1 -1 -1 0 -1 0 -1 -1 100 100 -1 -1 -1 3
3 -1 -1 -1 -1 -1 0 -1 0 -1 100 100 100 -1 -1 -1 3
3 -1 -1 -1 -1 -1 0 -1 0 -1 100 100 -1 -1 -1 -1 3
3 3 -1 -1 -1 -1 1 -1 0 -1 100 100 -1 -1 -1 3 3
3 3 -1 -1 -1 -1 -1 -1 0 -1 100 -1 -1 -1 -1 3 3
3 3 3 0 0 0 0 0 0 -1 100 -1 -1 -1 3 3 3
3 3 3 3 3 -1 -1 -1 0 -1 100 -1 3 3 3 3 3
3 3 3 3 3 3 3 3 0 3 3 3 3 3 3 3 3
18:45:14.539047 - stdout  :: 0 0
18:45:14.546497 - stdin   :: 10 20 -3 0
1 2
10 20
22 18
3 3 3 3 3 3 3 3 0 3 3 3 3 3 3 3 3
3 3 3 3 3 -1 0 -1 0 -1 -1 -1 3 3 3 3 3
3 3 3 0 -1 -1 0 -1 0 -1 -1 -1 -1 -1 3 3 3
3 3 0 -1 -1 -1 0 -1 0 -1 -1 -1 -1 -1 -1 3 3
3 3 -1 -1 -1 -1 0 -1 0 -1 -1 -1 -1 -1 -1 3 3
3 -1 -1 -1 -1 -1 0 -1 0 -1 -1 -1 -1 -1 -1 -1 3
3 -1 -1 -1 -1 -1 0 -1 0 -1 -1 -1 -1 -1 -1 -1 3
3 -1 -1 -1 -1 -1 0 -1 0 -1 -1 -1 -1 -1 -1 -1 3
-1 -1 -1 -1 -1 -1 0 -1 0 -1 -1 -1 -1 -1 -1 0 0
3 -1 -1 -1 -1 -1 0 -1 0 -1 -1 -1 -1 -1 0 0 3
3 -1 -1 -1 -1 -1 0 -1 0 -1 -1 -1 -1 0 0 -1 3
3 -1 -1 -1 -1 -1 0 -1 0 -1 -1 -1 100 0 -1 -1 3
3 3 -1 -1 -1 -1 0 -1 0 -1 -1 100 100 -1 -1 3 3
3 3 -1 -1 -1 -1 0 -1 0 -1 100 100 100 -1 -1 3 3
3 3 3 -1 -1 -1 0 -1 0 -1 100 100 -1 -1 3 3 3
3 3 3 3 3 -1 1 -1 0 -1 100 100 3 3 3 3 3
3 3 3 3 3 3 3 3 0 3 3 3 3 3 3 3 3
18:45:14.550892 - stdout  :: 0 0
18:45:14.563269 - stdin   :: 7 20 -3 0
1 3
7 20
22 18
3 3 3 3 3 3 3 3 -1 3 3 3 3 3 3 3 3
3 3 3 3 3 -1 -1 -1 -1 -1 -1 -1 3 3 3 3 3
3 3 3 0 0 0 0 -1 0 0 0 0 0 0 3 3 3
3 3 -1 -1 -1 0 0 -1 0 -1 -1 -1 -1 -1 -1 3 3
3 3 -1 -1 0 -1 0 -1 0 -1 -1 -1 -1 -1 -1 3 3
3 -1 -1 0 -1 -1 0 -1 0 -1 -1 -1 -1 -1 -1 -1 3
3 -1 0 -1 -1 -1 0 -1 0 -1 -1 -1 -1 -1 -1 -1 3
3 0 -1 -1 -1 -1 0 -1 0 -1 -1 -1 -1 -1 -1 -1 3
0 -1 -1 -1 -1 -1 0 -1 0 -1 -1 -1 -1 -1 -1 -1 -1
3 -1 -1 -1 -1 -1 0 -1 0 -1 -1 -1 -1 -1 -1 -1 3
3 -1 -1 -1 -1 -1 0 -1 0 -1 -1 -1 -1 -1 -1 -1 3
3 -1 -1 -1 -1 -1 0 -1 0 -1 -1 -1 -1 -1 -1 0 3
3 3 -1 -1 -1 -1 0 -1 0 -1 -1 -1 -1 -1 0 3 3
3 3 -1 -1 -1 -1 0 -1 0 -1 -1 -1 -1 0 0 3 3
3 3 3 -1 -1 -1 0 -1 0 -1 -1 -1 100 0 3 3 3
3 3 3 3 3 -1 0 -1 0 -1 -1 100 3 3 3 3 3
3 3 3 3 3 3 3 3 0 3 3 3 3 3 3 3 3
18:45:14.567340 - stdout  :: 0 0
18:45:14.578975 - stdin   :: 4 20 -3 0
1 4
4 20
22 18
3 3 3 3 3 3 3 3 -1 3 3 3 3 3 3 3 3
3 3 3 3 3 -1 -1 -1 -1 -1 -1 -1 3 3 3 3 3
3 3 3 -1 -1 -1 -1 -1 -1 -1 -1 -1 -1 -1 3 3 3
3 3 -1 -1 -1 -1 -1 -1 -1 -1 -1 -1 -1 -1 -1 3 3
3 3 -1 -1 -1 -1 -1 -1 -1 -1 -1 -1 -1 -1 -1 3 3
3 0 0 0 0 0 0 -1 0 0 0 0 0 0 0 0 3
3 -1 -1 -1 -1 0 0 -1 0 -1 -1 -1 -1 -1 -1 -1 3
3 -1 -1 -1 0 -1 0 -1 0 -1 -1 -1 -1 -1 -1 -1 3
-1 -1 -1 0 -1 -1 0 -1 0 -1 -1 -1 -1 -1 -1 -1 -1
3 -1 0 -1 -1 -1 0 -1 0 -1 -1 -1 -1 -1 -1 -1 3
3 0 -1 -1 -1 -1 0 -1 0 -1 -1 -1 -1 -1 -1 -1 3
3 -1 -1 -1 -1 -1 0 -1 0 -1 -1 -1 -1 -1 -1 -1 3
3 3 -1 -1 -1 -1 0 -1 0 -1 -1 -1 -1 -1 -1 3 3
3 3 -1 -1 -1 -1 0 -1 0 -1 -1 -1 -1 -1 -1 3 3
3 3 3 -1 -1 -1 0 -1 0 -1 -1 -1 -1 -1 3 3 3
3 3 3 3 3 -1 0 -1 0 -1 -1 -1 3 3 3 3 3
3 3 3 3 3 3 3 3 0 3 3 3 3 3 3 3 3
18:45:14.583207 - stdout  :: 0 1
18:45:14.594883 - stdin   :: 1 21 -3 1
1 5
1 21
22 18
3 3 3 3 3 3 3 3 -1 3 3 3 3 3 3 3 3
3 3 3 3 3 -1 -1 -1 -1 -1 -1 -1 3 3 3 3 3
3 3 3 -1 -1 -1 -1 -1 -1 -1 -1 -1 -1 -1 3 3 3
3 3 -1 -1 -1 -1 -1 -1 -1 -1 -1 -1 -1 -1 -1 3 3
3 3 -1 -1 -1 -1 -1 -1 -1 -1 -1 -1 -1 -1 -1 3 3
3 -1 -1 -1 -1 -1 -1 -1 -1 -1 -1 -1 -1 -1 -1 -1 3
3 -1 -1 -1 -1 -1 -1 -1 -1 -1 -1 -1 -1 -1 -1 -1 3
3 -1 -1 -1 -1 -1 -1 -1 -1 -1 -1 -1 -1 -1 -1 -1 3
0 0 0 0 0 0 -1 0 0 0 0 0 0 0 0 0 0
3 -1 -1 -1 0 0 -1 0 -1 -1 -1 -1 -1 -1 -1 -1 3
3 -1 -1 0 -1 0 -1 0 -1 -1 -1 -1 -1 -1 -1 -1 3
3 -1 0 -1 -1 0 -1 0 -1 -1 -1 -1 -1 -1 -1 -1 3
3 3 -1 -1 -1 0 -1 0 -1 -1 -1 -1 -1 -1 -1 3 3
3 3 -1 -1 -1 0 -1 0 -1 -1 -1 -1 -1 -1 -1 3 3
3 3 3 -1 -1 0 -1 0 -1 -1 -1 -1 -1 -1 3 3 3
3 3 3 3 3 0 -1 0 -1 -1 -1 -1 3 3 3 3 3
3 3 3 3 3 3 3 3 -1 3 3 3 3 3 3 3 3
18:45:14.599339 - stdout  :: 1 -1
18:45:14.645685 - stdin   :: 1 21 0 0
1 16
1 21
22 18
3 3 3 3 3 3 3 3 -1 3 3 3 3 3 3 3 3
3 3 3 3 3 -1 -1 -1 -1 -1 -1 -1 3 3 3 3 3
3 3 3 -1 -1 -1 -1 -1 -1 -1 -1 -1 -1 -1 3 3 3
3 3 -1 -1 -1 -1 -1 -1 -1 -1 -1 -1 -1 -1 -1 3 3
3 3 -1 -1 -1 -1 -1 -1 -1 -1 -1 -1 -1 -1 -1 3 3
3 -1 -1 -1 -1 -1 -1 -1 -1 -1 -1 -1 -1 -1 -1 -1 3
3 -1 -1 -1 -1 -1 -1 -1 -1 -1 -1 -1 -1 -1 -1 -1 3
3 -1 -1 -1 -1 -1 -1 -1 -1 -1 -1 -1 -1 -1 -1 -1 3
0 0 0 0 0 0 -1 0 0 0 0 0 0 0 0 0 0
3 -1 -1 -1 0 0 -1 0 -1 -1 -1 -1 -1 -1 -1 -1 3
3 -1 -1 0 -1 0 -1 0 -1 -1 -1 -1 -1 -1 -1 -1 3
3 -1 0 -1 -1 0 -1 0 -1 -1 -1 -1 -1 -1 -1 -1 3
3 3 -1 -1 -1 0 -1 0 -1 -1 -1 -1 -1 -1 -1 3 3
3 3 -1 -1 -1 0 -1 0 -1 -1 -1 -1 -1 -1 -1 3 3
3 3 3 -1 -1 0 -1 0 -1 -1 -1 -1 -1 -1 3 3 3
3 3 3 3 3 0 -1 0 -1 -1 -1 -1 3 3 3 3 3
3 3 3 3 3 3 3 3 -1 3 3 3 3 3 3 3 3
18:45:14.650102 - stdout  :: 0 1
18:45:14.660548 - stdin   :: 1 22 0 1
1 18
1 22
22 18
3 3 3 3 3 3 3 3 -1 3 3 3 3 3 3 3 3
3 3 3 3 3 -1 -1 -1 -1 -1 -1 -1 3 3 3 3 3
3 3 3 -1 -1 -1 -1 -1 -1 -1 -1 -1 -1 -1 3 3 3
3 3 -1 -1 -1 -1 -1 -1 -1 -1 -1 -1 -1 -1 -1 3 3
3 3 -1 -1 -1 -1 -1 -1 -1 -1 -1 -1 -1 -1 -1 3 3
3 -1 -1 -1 -1 -1 -1 -1 -1 -1 -1 -1 -1 -1 -1 -1 3
3 -1 -1 -1 -1 -1 -1 -1 -1 -1 -1 -1 -1 -1 -1 -1 3
3 -1 -1 -1 -1 -1 -1 -1 -1 -1 -1 -1 -1 -1 -1 -1 3
0 0 0 0 0 -1 0 0 0 0 0 0 0 0 0 0 0
3 -1 -1 0 0 -1 0 -1 -1 -1 -1 -1 -1 -1 -1 -1 3
3 -1 0 -1 0 -1 0 -1 -1 -1 -1 -1 -1 -1 -1 0 3
3 0 -1 -1 0 -1 0 -1 -1 -1 -1 -1 -1 -1 -1 0 3
3 3 -1 -1 0 -1 0 -1 -1 -1 -1 -1 -1 -1 -1 3 3
3 3 -1 -1 0 -1 0 -1 -1 -1 -1 -1 -1 -1 -1 3 3
3 3 3 -1 0 -1 0 -1 -1 -1 -1 -1 -1 -1 3 3 3
3 3 3 3 3 -1 0 -1 -1 -1 -1 -1 3 3 3 3 3
3 3 3 3 3 3 3 3 -1 3 3 3 3 3 3 3 3
18:45:14.665294 - stdout  :: 0 1
18:45:14.676250 - stdin   :: 1 24 0 2
1 18
1 24
22 18
3 3 3 3 3 3 3 3 -1 3 3 3 3 3 3 3 3
3 3 3 3 3 -1 -1 -1 -1 -1 -1 -1 3 3 3 3 3
3 3 3 -1 -1 -1 -1 -1 -1 -1 -1 -1 -1 -1 3 3 3
3 3 -1 -1 -1 -1 -1 -1 -1 -1 -1 -1 -1 -1 -1 3 3
3 3 -1 -1 -1 -1 -1 -1 -1 -1 -1 -1 -1 -1 -1 3 3
3 -1 -1 -1 -1 -1 -1 -1 -1 -1 -1 -1 -1 -1 -1 -1 3
3 -1 -1 -1 -1 -1 -1 -1 -1 -1 -1 -1 -1 -1 -1 -1 3
3 -1 -1 -1 -1 -1 -1 -1 -1 -1 -1 -1 -1 -1 -1 -1 3
0 0 0 -1 0 0 0 0 0 0 0 0 0 0 0 0 0
3 0 0 -1 0 -1 -1 -1 -1 -1 -1 -1 -1 -1 -1 -1 3
3 -1 0 -1 0 -1 -1 -1 -1 -1 -1 -1 -1 0 0 0 3
3 -1 0 -1 0 -1 -1 -1 -1 -1 -1 -1 -1 0 0 0 3
3 3 0 -1 0 -1 -1 -1 -1 -1 -1 -1 -1 0 0 3 3
3 3 0 -1 0 -1 -1 -1 -1 -1 -1 -1 -1 0 0 3 3
3 3 3 -1 0 -1 -1 -1 -1 -1 -1 -1 -1 0 3 3 3
3 3 3 3 3 -1 -1 -1 -1 -1 -1 -1 3 3 3 3 3
3 3 3 3 3 3 3 3 -1 3 3 3 3 3 3 3 3
18:45:14.680035 - stdout  :: 0 1
18:45:14.687433 - stdin   :: 1 27 0 3
1 18
1 27
22 18
3 3 3 3 3 3 3 3 -1 3 3 3 3 3 3 3 3
3 3 3 3 3 -1 -1 -1 -1 -1 -1 -1 3 3 3 3 3
3 3 3 -1 -1 -1 -1 -1 -1 -1 -1 -1 -1 -1 3 3 3
3 3 -1 -1 -1 -1 -1 -1 -1 -1 -1 -1 -1 -1 -1 3 3
3 3 -1 -1 -1 -1 -1 -1 -1 -1 -1 -1 -1 -1 -1 3 3
3 -1 -1 -1 -1 -1 -1 -1 -1 -1 -1 -1 -1 -1 -1 -1 3
3 -1 -1 -1 -1 -1 -1 -1 -1 -1 -1 -1 -1 -1 -1 -1 3
3 -1 -1 -1 -1 -1 -1 -1 -1 -1 -1 -1 -1 -1 -1 -1 3
-1 0 0 0 0 0 0 0 0 0 0 0 0 0 0 0 0
3 0 -1 -1 -1 -1 -1 -1 -1 -1 -1 -1 -1 -1 -1 -1 3
3 0 -1 -1 -1 -1 -1 -1 -1 -1 0 0 0 0 0 0 3
3 0 -1 -1 -1 -1 -1 -1 -1 -1 0 0 0 0 0 0 3
3 3 -1 -1 -1 -1 -1 -1 -1 -1 0 0 0 0 0 3 3
3 3 -1 -1 -1 -1 -1 -1 -1 -1 0 0 0 0 0 3 3
3 3 3 -1 -1 -1 -1 -1 -1 -1 0 0 0 0 3 3 3
3 3 3 3 3 -1 -1 -1 -1 -1 0 0 3 3 3 3 3
3 3 3 3 3 3 3 3 -1 3 3 3 3 3 3 3 3
18:45:14.691283 - stdout  :: 0 0
18:45:14.698986 - stdin   :: 1 30 0 3
1 18
1 30
22 18
3 3 3 3 3 3 3 3 -1 3 3 3 3 3 3 3 3
3 3 3 3 3 -1 -1 -1 -1 -1 -1 -1 3 3 3 3 3
3 3 3 -1 -1 -1 -1 -1 -1 -1 -1 -1 -1 -1 3 3 3
3 3 -1 -1 -1 -1 -1 -1 -1 -1 -1 -1 -1 -1 -1 3 3
3 3 -1 -1 -1 -1 -1 -1 -1 -1 -1 -1 -1 -1 -1 3 3
3 -1 -1 -1 -1 -1 -1 -1 -1 -1 -1 -1 -1 -1 -1 -1 3
3 -1 -1 -1 -1 -1 -1 -1 -1 -1 -1 -1 -1 -1 -1 -1 3
3 -1 -1 -1 -1 -1 -1 -1 -1 -1 -1 -1 -1 -1 -1 -1 3
0 0 0 0 0 0 0 0 0 0 0 0 0 0 0 0 0
3 -1 -1 -1 -1 -1 -1 -1 -1 -1 -1 -1 -1 -1 -1 -1 3
3 -1 -1 -1 -1 -1 -1 0 0 0 0 0 0 0 0 0 3
3 -1 -1 -1 -1 -1 -1 0 0 0 0 0 0 0 0 0 3
3 3 -1 -1 -1 -1 -1 0 0 0 0 0 0 0 0 3 3
3 3 -1 -1 -1 -1 -1 0 0 0 0 0 0 0 0 3 3
3 3 3 -1 -1 -1 -1 0 0 0 0 0 0 0 3 3 3
3 3 3 3 3 -1 -1 0 0 0 0 0 3 3 3 3 3
3 3 3 3 3 3 3 3 -1 3 3 3 3 3 3 3 3
18:45:14.703820 - stdout  :: 0 0
18:45:14.711260 - stdin   :: 1 33 0 3
1 18
1 33
22 18
3 3 3 3 3 3 3 3 -1 3 3 3 3 3 3 3 3
3 3 3 3 3 -1 -1 -1 -1 -1 -1 -1 3 3 3 3 3
3 3 3 -1 -1 -1 -1 -1 -1 -1 -1 -1 -1 -1 3 3 3
3 3 -1 -1 -1 -1 -1 -1 -1 -1 -1 -1 -1 -1 -1 3 3
3 3 -1 -1 -1 -1 -1 -1 -1 -1 -1 -1 -1 -1 -1 3 3
3 -1 -1 -1 -1 -1 -1 -1 -1 -1 -1 -1 -1 -1 -1 -1 3
3 -1 -1 -1 -1 -1 -1 -1 -1 -1 -1 -1 -1 -1 -1 -1 3
3 -1 -1 -1 -1 -1 -1 -1 -1 -1 -1 -1 -1 -1 -1 -1 3
0 0 0 0 0 0 0 0 0 0 0 0 0 0 0 0 0
3 -1 -1 -1 -1 -1 -1 -1 -1 -1 -1 -1 -1 -1 -1 -1 3
3 -1 -1 -1 0 0 0 0 0 0 0 0 0 0 0 0 3
3 -1 -1 -1 0 0 0 0 0 0 0 0 0 0 0 0 3
3 3 -1 -1 0 0 0 0 0 0 0 0 0 0 0 3 3
3 3 -1 -1 0 0 0 0 0 0 0 0 0 0 0 3 3
3 3 3 -1 0 0 0 0 0 0 0 0 0 0 3 3 3
3 3 3 3 3 0 0 0 0 0 0 0 3 3 3 3 3
3 3 3 3 3 3 3 3 0 3 3 3 3 3 3 3 3
18:45:14.717465 - stdout  :: 0 0
18:45:14.724859 - stdin   :: 1 36 0 3
1 18
1 36
22 18
3 3 3 3 3 3 3 3 -1 3 3 3 3 3 3 3 3
3 3 3 3 3 -1 -1 -1 -1 -1 -1 -1 3 3 3 3 3
3 3 3 -1 -1 -1 -1 -1 -1 -1 -1 -1 -1 -1 3 3 3
3 3 -1 -1 -1 -1 -1 -1 -1 -1 -1 -1 -1 -1 -1 3 3
3 3 -1 -1 -1 -1 -1 -1 -1 -1 -1 -1 -1 -1 -1 3 3
3 -1 -1 -1 -1 -1 -1 -1 -1 -1 -1 -1 -1 -1 -1 -1 3
3 -1 -1 -1 -1 -1 -1 -1 -1 -1 -1 -1 -1 -1 -1 -1 3
3 -1 -1 -1 -1 -1 -1 -1 -1 -1 -1 -1 -1 -1 -1 -1 3
0 0 0 0 0 0 0 0 0 0 0 0 0 0 0 0 0
3 -1 -1 -1 -1 -1 -1 -1 -1 -1 -1 -1 -1 -1 -1 -1 3
3 0 0 0 0 0 0 0 0 0 0 0 0 -1 -1 -1 3
3 0 0 0 0 0 0 0 0 0 0 0 0 -1 -1 -1 3
3 3 0 0 0 0 0 0 0 0 0 0 0 -1 -1 3 3
3 3 0 0 0 0 0 0 0 0 0 0 0 -1 -1 3 3
3 3 3 0 0 0 0 0 0 0 0 0 0 -1 3 3 3
3 3 3 3 3 0 0 0 0 0 0 0 3 3 3 3 3
3 3 3 3 3 3 3 3 0 3 3 3 3 3 3 3 3
18:45:14.734377 - stdout  :: 0 0
18:45:14.741632 - stdin   :: 1 39 0 3
1 18
1 39
22 18
3 3 3 3 3 3 3 3 -1 3 3 3 3 3 3 3 3
3 3 3 3 3 -1 -1 -1 -1 -1 -1 -1 3 3 3 3 3
3 3 3 -1 -1 -1 -1 -1 -1 -1 -1 -1 -1 -1 3 3 3
3 3 -1 -1 -1 -1 -1 -1 -1 -1 -1 -1 -1 -1 -1 3 3
3 3 -1 -1 -1 -1 -1 -1 -1 -1 -1 -1 -1 -1 -1 3 3
3 -1 -1 -1 -1 -1 -1 -1 -1 -1 -1 -1 -1 -1 -1 -1 3
3 -1 -1 -1 -1 -1 -1 -1 -1 -1 -1 -1 -1 -1 -1 -1 3
3 -1 -1 -1 -1 -1 -1 -1 -1 -1 -1 -1 -1 -1 -1 -1 3
0 0 0 0 0 0 0 0 0 0 0 0 0 0 0 0 0
3 -1 -1 -1 -1 -1 -1 -1 -1 -1 -1 -1 -1 -1 -1 -1 3
3 0 0 0 0 0 0 0 0 0 -1 -1 -1 -1 -1 -1 3
3 0 0 0 0 0 0 0 0 0 -1 -1 -1 -1 -1 -1 3
3 3 0 0 0 0 0 0 0 0 -1 -1 -1 -1 -1 3 3
3 3 0 0 0 0 0 0 0 0 -1 -1 -1 -1 -1 3 3
3 3 3 0 0 0 0 0 0 0 -1 -1 -1 -1 3 3 3
3 3 3 3 3 0 0 0 0 0 -1 -1 3 3 3 3 3
3 3 3 3 3 3 3 3 0 3 3 3 3 3 3 3 3
18:45:14.754096 - stdout  :: 0 0
18:45:14.763590 - stdin   :: 1 42 0 3
2 18
1 42
22 18
3 3 3 3 3 3 3 3 -1 3 3 3 3 3 3 3 3
3 3 3 3 3 -1 -1 -1 -1 -1 -1 -1 3 3 3 3 3
3 3 3 -1 -1 -1 -1 -1 -1 -1 -1 -1 -1 -1 3 3 3
3 3 -1 -1 -1 -1 -1 -1 -1 -1 -1 -1 -1 -1 -1 3 3
3 3 -1 -1 -1 -1 -1 -1 -1 -1 -1 -1 -1 -1 -1 3 3
3 -1 -1 -1 -1 -1 -1 -1 -1 -1 -1 -1 -1 -1 -1 -1 3
3 -1 -1 -1 -1 -1 -1 -1 -1 -1 -1 -1 -1 -1 -1 -1 3
3 -1 -1 -1 -1 -1 -1 -1 -1 -1 -1 -1 -1 -1 -1 -1 3
0 0 0 0 0 0 0 0 0 0 0 0 0 0 0 0 0
3 -1 -1 -1 -1 -1 -1 -1 -1 -1 -1 -1 -1 -1 -1 -1 3
3 0 0 0 0 0 0 -1 -1 -1 -1 -1 -1 -1 -1 -1 3
3 0 0 0 0 0 0 -1 -1 -1 -1 -1 -1 -1 -1 -1 3
3 3 0 0 0 0 0 -1 -1 -1 -1 -1 -1 -1 -1 3 3
3 3 0 0 0 0 0 -1 -1 -1 -1 -1 -1 -1 -1 3 3
3 3 3 0 0 0 0 -1 -1 -1 -1 -1 -1 -1 3 3 3
3 3 3 3 3 0 0 -1 -1 -1 -1 -1 3 3 3 3 3
3 3 3 3 3 3 3 3 -1 3 3 3 3 3 3 3 3
18:45:14.777622 - stdout  :: 0 0
18:45:14.787016 - stdin   :: 1 45 0 3
3 18
1 45
22 18
3 3 3 3 3 3 3 3 -1 3 3 3 3 3 3 3 3
3 3 3 3 3 -1 -1 -1 -1 -1 -1 -1 3 3 3 3 3
3 3 3 -1 -1 -1 -1 -1 -1 -1 -1 -1 -1 -1 3 3 3
3 3 -1 -1 -1 -1 -1 -1 -1 -1 -1 -1 -1 -1 -1 3 3
3 3 -1 -1 -1 -1 -1 -1 -1 -1 -1 -1 -1 -1 -1 3 3
3 -1 -1 -1 -1 -1 -1 -1 -1 -1 -1 -1 -1 -1 -1 -1 3
3 -1 -1 -1 -1 -1 -1 -1 -1 -1 -1 -1 -1 -1 -1 -1 3
3 -1 -1 -1 -1 -1 -1 -1 -1 -1 -1 -1 -1 -1 -1 -1 3
0 0 0 0 0 0 0 0 0 0 0 0 0 0 0 0 0
3 -1 -1 -1 -1 -1 -1 -1 -1 -1 -1 -1 -1 -1 -1 -1 3
3 0 0 0 -1 -1 -1 -1 -1 -1 -1 -1 -1 -1 -1 -1 3
3 0 0 0 -1 -1 -1 -1 -1 -1 -1 -1 -1 -1 -1 -1 3
3 3 0 0 -1 -1 -1 -1 -1 -1 -1 -1 -1 -1 -1 3 3
3 3 0 0 -1 -1 -1 -1 -1 -1 -1 -1 -1 -1 -1 3 3
3 3 3 0 -1 -1 -1 -1 -1 -1 -1 -1 -1 -1 3 3 3
3 3 3 3 3 -1 -1 -1 -1 -1 -1 -1 3 3 3 3 3
3 3 3 3 3 3 3 3 -1 3 3 3 3 3 3 3 3
18:45:14.803125 - stdout  :: 0 0
18:45:14.812949 - stdin   :: 1 48 0 3
4 18
1 48
22 18
3 3 3 3 3 3 3 3 -1 3 3 3 3 3 3 3 3
3 3 3 3 3 -1 -1 -1 -1 -1 -1 -1 3 3 3 3 3
3 3 3 -1 -1 -1 -1 -1 -1 -1 -1 -1 -1 -1 3 3 3
3 3 -1 -1 -1 -1 -1 -1 -1 -1 -1 -1 -1 -1 -1 3 3
3 3 -1 -1 -1 -1 -1 -1 -1 -1 -1 -1 -1 -1 -1 3 3
3 -1 -1 -1 -1 -1 -1 -1 -1 -1 -1 -1 -1 -1 -1 -1 3
3 -1 -1 -1 -1 -1 -1 -1 -1 -1 -1 -1 -1 -1 -1 -1 3
3 -1 -1 -1 -1 -1 -1 -1 -1 -1 -1 -1 -1 -1 -1 -1 3
0 0 0 0 0 0 0 0 0 0 0 0 0 0 0 0 0
3 -1 -1 -1 -1 -1 -1 -1 -1 -1 -1 -1 -1 -1 -1 -1 3
3 -1 -1 -1 -1 -1 -1 -1 -1 -1 -1 -1 -1 -1 -1 -1 3
3 -1 -1 -1 -1 -1 -1 -1 -1 -1 -1 -1 -1 -1 -1 -1 3
3 3 -1 -1 -1 -1 -1 -1 -1 -1 -1 -1 -1 -1 -1 3 3
3 3 -1 -1 -1 -1 -1 -1 -1 -1 -1 -1 -1 -1 -1 3 3
3 3 3 -1 -1 -1 -1 -1 -1 -1 -1 -1 -1 -1 3 3 3
3 3 3 3 3 -1 -1 -1 -1 -1 -1 -1 3 3 3 3 3
3 3 3 3 3 3 3 3 -1 3 3 3 3 3 3 3 3
18:45:14.829393 - stdout  :: 0 0
18:45:14.841843 - stdin   :: 1 51 0 3
5 18
1 51
22 18
3 3 3 3 3 3 3 3 -1 3 3 3 3 3 3 3 3
3 3 3 3 3 -1 -1 -1 -1 -1 -1 -1 3 3 3 3 3
3 3 3 -1 -1 -1 -1 -1 -1 -1 -1 -1 -1 -1 3 3 3
3 3 -1 -1 -1 -1 -1 -1 -1 -1 -1 -1 -1 -1 -1 3 3
3 3 -1 -1 -1 -1 -1 -1 -1 -1 -1 -1 -1 -1 -1 3 3
3 -1 -1 -1 -1 -1 -1 -1 -1 -1 -1 -1 -1 -1 -1 -1 3
3 -1 -1 -1 -1 -1 -1 -1 -1 -1 -1 -1 -1 -1 -1 -1 3
3 -1 -1 -1 -1 -1 -1 -1 -1 -1 -1 -1 -1 -1 -1 -1 3
0 0 0 0 0 0 0 0 0 0 0 0 0 0 0 -1 -1
3 -1 -1 -1 -1 -1 -1 -1 -1 -1 -1 -1 -1 -1 0 -1 3
3 -1 -1 -1 -1 -1 -1 -1 -1 -1 -1 -1 -1 -1 0 -1 3
3 -1 -1 -1 -1 -1 -1 -1 -1 -1 -1 -1 -1 -1 0 -1 3
3 3 -1 -1 -1 -1 -1 -1 -1 -1 -1 -1 -1 -1 0 3 3
3 3 -1 -1 -1 -1 -1 -1 -1 -1 -1 -1 -1 -1 0 3 3
3 3 3 -1 -1 -1 -1 -1 -1 -1 -1 -1 -1 -1 3 3 3
3 3 3 3 3 -1 -1 -1 -1 -1 -1 -1 3 3 3 3 3
3 3 3 3 3 3 3 3 -1 3 3 3 3 3 3 3 3
18:45:14.859799 - stdout  :: 0 0
18:45:14.871869 - stdin   :: 1 54 0 3
6 18
1 54
22 18
3 3 3 3 3 3 3 3 -1 3 3 3 3 3 3 3 3
3 3 3 3 3 -1 -1 -1 -1 -1 -1 -1 3 3 3 3 3
3 3 3 -1 -1 -1 -1 -1 -1 -1 -1 -1 -1 -1 3 3 3
3 3 -1 -1 -1 -1 -1 -1 -1 -1 -1 -1 -1 -1 -1 3 3
3 3 -1 -1 -1 -1 -1 -1 -1 -1 -1 -1 -1 -1 -1 3 3
3 -1 -1 -1 -1 -1 -1 -1 -1 -1 -1 -1 -1 -1 -1 -1 3
3 -1 -1 -1 -1 -1 -1 -1 -1 -1 -1 -1 -1 -1 -1 -1 3
3 -1 -1 -1 -1 -1 -1 -1 -1 -1 -1 -1 -1 -1 -1 -1 3
0 0 0 0 0 0 0 0 0 0 0 0 -1 -1 -1 -1 -1
3 -1 -1 -1 -1 -1 -1 -1 -1 -1 -1 0 -1 -1 -1 -1 3
3 -1 -1 -1 -1 -1 -1 -1 -1 -1 -1 0 -1 -1 -1 -1 3
3 -1 -1 -1 -1 -1 -1 -1 -1 -1 -1 0 -1 -1 -1 -1 3
3 3 -1 -1 -1 -1 -1 -1 -1 -1 -1 0 -1 -1 -1 3 3
3 3 -1 -1 -1 -1 -1 -1 -1 -1 -1 0 -1 -1 -1 3 3
3 3 3 -1 -1 -1 -1 -1 -1 -1 -1 0 -1 -1 3 3 3
3 3 3 3 3 -1 -1 -1 -1 -1 -1 0 3 3 3 3 3
3 3 3 3 3 3 3 3 -1 3 3 3 3 3 3 3 3
18:45:14.890033 - stdout  :: 1 0
18:45:14.901764 - stdin   :: 2 57 1 3
7 18
2 57
22 18
3 3 3 3 3 3 3 3 -1 3 3 3 3 3 3 3 3
3 3 3 3 3 -1 -1 -1 -1 -1 -1 -1 3 3 3 3 3
3 3 3 -1 -1 -1 -1 -1 -1 -1 -1 -1 -1 -1 3 3 3
3 3 -1 -1 -1 -1 -1 -1 -1 -1 -1 -1 -1 -1 -1 3 3
3 3 -1 -1 -1 -1 -1 -1 -1 -1 -1 -1 -1 -1 -1 3 3
3 -1 -1 -1 -1 -1 -1 -1 -1 -1 -1 -1 -1 -1 -1 -1 3
3 -1 -1 -1 -1 -1 -1 -1 -1 -1 -1 -1 -1 -1 -1 -1 3
3 0 0 0 0 0 0 0 0 -1 -1 -1 -1 -1 -1 -1 3
-1 -1 -1 -1 -1 -1 -1 -1 0 -1 -1 -1 -1 -1 -1 -1 -1
3 -1 -1 -1 -1 -1 -1 -1 0 -1 -1 -1 -1 -1 -1 -1 3
3 -1 -1 -1 -1 -1 -1 -1 0 -1 -1 -1 -1 -1 -1 -1 3
3 -1 -1 -1 -1 -1 -1 -1 0 -1 -1 -1 -1 -1 -1 -1 3
3 3 -1 -1 -1 -1 -1 -1 0 -1 -1 -1 -1 -1 -1 3 3
3 3 -1 -1 -1 -1 -1 -1 0 -1 -1 -1 -1 -1 -1 3 3
3 3 3 -1 -1 -1 -1 -1 0 -1 -1 -1 -1 -1 3 3 3
3 3 3 3 3 -1 -1 -1 0 -1 -1 -1 3 3 3 3 3
3 3 3 3 3 3 3 3 0 3 3 3 3 3 3 3 3
18:45:14.920725 - stdout  :: -1 -1
18:45:14.964970 - stdin   :: 2 57 0 0
17 18
2 57
22 18
3 3 3 3 3 3 3 3 -1 3 3 3 3 3 3 3 3
3 3 3 3 3 -1 -1 -1 -1 -1 -1 -1 3 3 3 3 3
3 3 3 -1 -1 -1 -1 -1 -1 -1 -1 -1 -1 -1 3 3 3
3 3 -1 -1 -1 -1 -1 -1 -1 -1 -1 -1 -1 -1 -1 3 3
3 3 -1 -1 -1 -1 -1 -1 -1 -1 -1 -1 -1 -1 -1 3 3
3 -1 -1 -1 -1 -1 -1 -1 -1 -1 -1 -1 -1 -1 -1 -1 3
3 -1 -1 -1 -1 -1 -1 -1 -1 -1 -1 -1 -1 -1 -1 -1 3
3 0 0 0 0 0 0 0 0 -1 -1 -1 -1 -1 -1 -1 3
-1 -1 -1 -1 -1 -1 -1 -1 0 -1 -1 -1 -1 -1 -1 -1 -1
3 -1 -1 -1 -1 -1 -1 -1 0 -1 -1 -1 -1 -1 -1 -1 3
3 -1 -1 -1 -1 -1 -1 -1 0 -1 -1 -1 -1 -1 -1 -1 3
3 -1 -1 -1 -1 -1 -1 -1 0 -1 -1 -1 -1 -1 -1 -1 3
3 3 -1 -1 -1 -1 -1 -1 0 -1 -1 -1 -1 -1 -1 3 3
3 3 -1 -1 -1 -1 -1 -1 0 -1 -1 -1 -1 -1 -1 3 3
3 3 3 -1 -1 -1 -1 -1 0 -1 -1 -1 -1 -1 3 3 3
3 3 3 3 3 -1 -1 -1 0 -1 -1 -1 3 3 3 3 3
3 3 3 3 3 3 3 3 0 3 3 3 3 3 3 3 3
18:45:14.984511 - stdout  :: 1 0
18:45:14.994970 - stdin   :: 3 57 1 0
17 18
3 57
22 18
3 3 3 3 3 3 3 3 -1 3 3 3 3 3 3 3 3
3 3 3 3 3 -1 -1 -1 -1 -1 -1 -1 3 3 3 3 3
3 3 3 -1 -1 -1 -1 -1 -1 -1 -1 -1 -1 -1 3 3 3
3 3 -1 -1 -1 -1 -1 -1 -1 -1 -1 -1 -1 -1 -1 3 3
3 3 -1 -1 -1 -1 -1 -1 -1 -1 -1 -1 -1 -1 -1 3 3
3 -1 -1 -1 -1 -1 -1 -1 -1 -1 -1 -1 -1 -1 -1 -1 3
3 0 0 0 0 0 0 0 0 -1 -1 -1 -1 -1 -1 -1 3
3 -1 -1 -1 -1 -1 -1 -1 0 -1 -1 -1 -1 -1 -1 -1 3
-1 -1 -1 -1 -1 -1 -1 -1 0 -1 -1 -1 -1 -1 -1 -1 -1
3 -1 -1 -1 -1 -1 -1 -1 0 -1 -1 -1 -1 -1 -1 -1 3
3 -1 -1 -1 -1 -1 -1 -1 0 -1 -1 -1 -1 -1 -1 -1 3
3 -1 -1 -1 -1 -1 -1 -1 0 -1 -1 -1 -1 -1 -1 -1 3
3 3 -1 -1 -1 -1 -1 -1 0 -1 -1 -1 -1 -1 -1 3 3
3 3 -1 -1 -1 -1 -1 -1 0 -1 -1 -1 -1 -1 -1 3 3
3 3 3 -1 -1 -1 -1 -1 0 -1 -1 -1 -1 -1 3 3 3
3 3 3 3 3 -1 -1 -1 0 -1 -1 -1 3 3 3 3 3
3 3 3 3 3 3 3 3 0 3 3 3 3 3 3 3 3
18:45:15.014624 - stdout  :: 1 0
18:45:15.020907 - stdin   :: 5 57 2 0
17 18
5 57
22 18
3 3 3 3 3 3 3 3 -1 3 3 3 3 3 3 3 3
3 3 3 3 3 -1 -1 -1 -1 -1 -1 -1 3 3 3 3 3
3 3 3 -1 -1 -1 -1 -1 -1 -1 -1 -1 -1 -1 3 3 3
3 3 -1 -1 -1 -1 -1 -1 -1 -1 -1 -1 -1 -1 -1 3 3
3 3 0 0 0 0 0 0 0 -1 -1 -1 -1 -1 -1 3 3
3 -1 -1 -1 -1 -1 -1 -1 0 -1 -1 -1 -1 -1 -1 -1 3
3 -1 -1 -1 -1 -1 -1 -1 0 -1 -1 -1 -1 -1 -1 -1 3
3 -1 -1 -1 -1 -1 -1 -1 0 -1 -1 -1 -1 -1 -1 -1 3
-1 -1 -1 -1 -1 -1 -1 -1 0 -1 -1 -1 -1 -1 -1 -1 -1
3 -1 -1 -1 -1 -1 -1 -1 0 -1 -1 -1 -1 -1 -1 -1 3
3 -1 -1 -1 -1 -1 -1 -1 0 -1 -1 -1 -1 -1 -1 -1 3
3 -1 -1 -1 -1 -1 -1 -1 0 -1 -1 -1 -1 -1 -1 -1 3
3 3 -1 -1 -1 -1 -1 -1 0 -1 -1 -1 -1 -1 -1 3 3
3 3 -1 -1 -1 -1 -1 -1 0 -1 -1 -1 -1 -1 -1 3 3
3 3 3 -1 -1 -1 -1 -1 0 -1 -1 -1 -1 -1 3 3 3
3 3 3 3 3 -1 -1 -1 0 -1 -1 -1 3 3 3 3 3
3 3 3 3 3 3 3 3 0 3 3 3 3 3 3 3 3
18:45:15.042106 - stdout  :: 1 0
18:45:15.048358 - stdin   :: 8 57 3 0
17 18
8 57
22 18
3 3 3 3 3 3 3 3 -1 3 3 3 3 3 3 3 3
3 3 3 3 3 0 0 0 0 -1 -1 -1 3 3 3 3 3
3 3 3 -1 -1 -1 -1 -1 0 -1 -1 -1 -1 -1 3 3 3
3 3 -1 -1 -1 -1 -1 -1 0 -1 -1 -1 -1 -1 -1 3 3
3 3 -1 -1 -1 -1 -1 -1 0 -1 -1 -1 -1 -1 -1 3 3
3 -1 -1 -1 -1 -1 -1 -1 0 -1 -1 -1 -1 -1 -1 -1 3
3 -1 -1 -1 -1 -1 -1 -1 0 -1 -1 -1 -1 -1 -1 -1 3
3 -1 -1 -1 -1 -1 -1 -1 0 -1 -1 -1 -1 -1 -1 -1 3
-1 -1 -1 -1 -1 -1 -1 -1 0 -1 -1 -1 -1 -1 -1 -1 -1
3 -1 -1 -1 -1 -1 -1 -1 0 -1 -1 -1 -1 -1 -1 -1 3
3 -1 -1 -1 -1 -1 -1 -1 0 -1 -1 -1 -1 -1 -1 -1 3
3 -1 -1 -1 -1 -1 -1 -1 0 -1 -1 -1 -1 -1 -1 -1 3
3 3 -1 -1 -1 -1 -1 -1 0 -1 -1 -1 -1 -1 -1 3 3
3 3 -1 -1 -1 -1 -1 -1 0 -1 -1 -1 -1 -1 -1 3 3
3 3 3 -1 -1 -1 -1 -1 0 -1 -1 -1 -1 -1 3 3 3
3 3 3 3 3 -1 -1 -1 0 -1 -1 -1 3 3 3 3 3
3 3 3 3 3 3 3 3 0 3 3 3 3 3 3 3 3
18:45:15.070873 - stdout  :: 0 0
18:45:15.076772 - stdin   :: 11 57 3 0
17 18
11 57
22 18
3 3 3 3 3 3 3 3 0 3 3 3 3 3 3 3 3
3 3 3 3 3 -1 -1 -1 0 -1 -1 -1 3 3 3 3 3
3 3 3 -1 -1 -1 -1 -1 0 -1 -1 -1 -1 -1 3 3 3
3 3 -1 -1 -1 -1 -1 -1 0 -1 -1 -1 -1 -1 -1 3 3
3 3 -1 -1 -1 -1 -1 -1 0 -1 -1 -1 -1 -1 -1 3 3
3 -1 -1 -1 -1 -1 -1 -1 0 -1 -1 -1 -1 -1 -1 -1 3
3 -1 -1 -1 -1 -1 -1 -1 0 -1 -1 -1 -1 -1 -1 -1 3
3 -1 -1 -1 -1 -1 -1 -1 0 -1 -1 -1 -1 -1 -1 -1 3
-1 -1 -1 -1 -1 -1 -1 -1 0 -1 -1 -1 -1 -1 -1 -1 -1
3 -1 -1 -1 -1 -1 -1 -1 0 -1 -1 -1 -1 -1 -1 -1 3
3 -1 -1 -1 -1 -1 -1 -1 0 -1 -1 -1 -1 -1 -1 -1 3
3 -1 -1 -1 -1 -1 -1 -1 0 -1 -1 -1 -1 -1 -1 -1 3
3 3 -1 -1 -1 -1 -1 -1 0 -1 -1 -1 -1 -1 -1 3 3
3 3 -1 -1 -1 -1 -1 -1 0 -1 -1 -1 -1 -1 -1 3 3
3 3 3 0 0 0 -1 -1 0 -1 -1 -1 -1 -1 3 3 3
3 3 3 3 3 0 -1 -1 0 -1 -1 -1 3 3 3 3 3
3 3 3 3 3 3 3 3 0 3 3 3 3 3 3 3 3
18:45:15.099411 - stdout  :: 0 0
18:45:15.105524 - stdin   :: 14 57 3 0
17 18
14 57
22 18
3 3 3 3 3 3 3 3 0 3 3 3 3 3 3 3 3
3 3 3 3 3 -1 -1 -1 0 -1 -1 -1 3 3 3 3 3
3 3 3 -1 -1 -1 -1 -1 0 -1 -1 -1 -1 -1 3 3 3
3 3 -1 -1 -1 -1 -1 -1 0 -1 -1 -1 -1 -1 -1 3 3
3 3 -1 -1 -1 -1 -1 -1 0 -1 -1 -1 -1 -1 -1 3 3
3 -1 -1 -1 -1 -1 -1 -1 0 -1 -1 -1 -1 -1 -1 -1 3
3 -1 -1 -1 -1 -1 -1 -1 0 -1 -1 -1 -1 -1 -1 -1 3
3 -1 -1 -1 -1 -1 -1 -1 0 -1 -1 -1 -1 -1 -1 -1 3
-1 -1 -1 -1 -1 -1 -1 -1 0 -1 -1 -1 -1 -1 -1 -1 -1
3 -1 -1 -1 -1 -1 -1 -1 0 -1 -1 -1 -1 -1 -1 -1 3
3 -1 -1 -1 -1 -1 -1 -1 0 -1 -1 -1 -1 -1 -1 -1 3
3 0 -1 0 0 0 -1 -1 0 -1 -1 -1 -1 -1 -1 -1 3
3 3 -1 0 -1 0 -1 -1 0 -1 -1 -1 -1 -1 -1 3 3
3 3 0 0 -1 0 0 0 0 -1 -1 -1 -1 -1 -1 3 3
3 3 3 0 -1 0 -1 -1 0 -1 -1 -1 -1 -1 3 3 3
3 3 3 3 3 0 -1 -1 0 -1 -1 -1 3 3 3 3 3
3 3 3 3 3 3 3 3 0 3 3 3 3 3 3 3 3
18:45:15.130772 - stdout  :: 0 0
18:45:15.137539 - stdin   :: 17 57 3 0
17 18
17 57
22 18
3 3 3 3 3 3 3 3 0 3 3 3 3 3 3 3 3
3 3 3 3 3 -1 -1 -1 0 -1 -1 -1 3 3 3 3 3
3 3 3 -1 -1 -1 -1 -1 0 -1 -1 -1 -1 -1 3 3 3
3 3 -1 -1 -1 -1 -1 -1 0 -1 -1 -1 -1 -1 -1 3 3
3 3 -1 -1 -1 -1 -1 -1 0 -1 -1 -1 -1 -1 -1 3 3
3 -1 -1 -1 -1 -1 -1 -1 0 -1 -1 -1 -1 -1 -1 -1 3
3 -1 -1 -1 -1 -1 -1 -1 0 -1 -1 -1 -1 -1 -1 -1 3
3 -1 -1 -1 -1 -1 -1 -1 0 -1 -1 -1 -1 -1 -1 -1 3
0 0 -1 0 0 0 -1 -1 0 -1 -1 -1 -1 -1 -1 -1 -1
3 0 -1 0 -1 0 -1 -1 0 -1 -1 -1 -1 -1 -1 -1 3
3 0 0 0 -1 0 0 0 0 -1 -1 -1 -1 -1 -1 -1 3
3 0 -1 0 -1 0 -1 -1 0 -1 -1 -1 -1 -1 -1 -1 3
3 3 -1 0 0 0 -1 -1 0 -1 -1 -1 -1 -1 -1 3 3
3 3 -1 -1 -1 -1 -1 -1 0 -1 -1 -1 -1 -1 -1 3 3
3 3 3 -1 -1 -1 -1 -1 0 -1 -1 -1 -1 -1 3 3 3
3 3 3 3 3 -1 -1 -1 0 -1 -1 -1 3 3 3 3 3
3 3 3 3 3 3 3 3 0 3 3 3 3 3 3 3 3
18:45:15.159144 - stdout  :: -1 -1
18:45:15.175419 - stdin   :: 19 56 2 -1
16 18
19 56
22 18
3 3 3 3 3 3 3 3 -1 3 3 3 3 3 3 3 3
3 3 3 3 3 -1 -1 -1 -1 0 -1 -1 3 3 3 3 3
3 3 3 -1 -1 -1 -1 -1 -1 0 -1 -1 -1 -1 3 3 3
3 3 -1 -1 -1 -1 -1 -1 -1 0 -1 -1 -1 -1 -1 3 3
3 3 -1 -1 -1 -1 -1 -1 -1 0 -1 -1 -1 -1 -1 3 3
3 -1 -1 -1 -1 -1 -1 -1 -1 0 -1 -1 -1 -1 -1 -1 3
3 0 0 -1 0 0 0 -1 -1 0 -1 -1 -1 -1 -1 -1 3
3 -1 0 -1 0 -1 0 -1 -1 0 -1 -1 -1 -1 -1 -1 3
0 -1 0 0 0 -1 0 0 0 0 -1 -1 -1 -1 -1 -1 -1
3 -1 0 -1 0 -1 0 -1 -1 0 -1 -1 -1 -1 -1 -1 3
3 -1 0 -1 0 0 0 -1 -1 0 -1 -1 -1 -1 -1 -1 3
3 0 0 -1 -1 -1 -1 -1 -1 0 -1 -1 -1 -1 -1 -1 3
3 3 -1 -1 -1 -1 -1 -1 -1 0 -1 -1 -1 -1 -1 3 3
3 3 -1 -1 -1 -1 -1 -1 -1 0 -1 -1 -1 -1 -1 3 3
3 3 3 -1 -1 -1 -1 -1 -1 0 -1 -1 -1 -1 3 3 3
3 3 3 3 3 -1 -1 -1 -1 0 -1 -1 3 3 3 3 3
3 3 3 3 3 3 3 3 -1 3 3 3 3 3 3 3 3
18:45:15.198856 - stdout  :: -1 -1
18:45:15.214379 - stdin   :: 20 54 1 -2
15 18
20 54
22 18
3 3 3 3 3 3 3 3 -1 3 3 3 3 3 3 3 3
3 3 3 3 3 -1 -1 -1 -1 -1 -1 0 3 3 3 3 3
3 3 3 -1 -1 -1 -1 -1 -1 -1 -1 0 -1 -1 3 3 3
3 3 -1 -1 -1 -1 -1 -1 -1 -1 -1 0 -1 -1 -1 3 3
3 3 -1 -1 -1 -1 -1 -1 -1 -1 -1 0 -1 -1 -1 3 3
3 -1 0 0 0 -1 0 0 0 -1 -1 0 -1 -1 -1 -1 3
3 -1 0 -1 0 -1 0 -1 0 -1 -1 0 -1 -1 -1 -1 3
3 -1 0 -1 0 0 0 -1 0 0 0 0 -1 -1 -1 -1 3
0 0 0 -1 0 -1 0 -1 0 -1 -1 0 -1 -1 -1 -1 -1
3 -1 0 -1 0 -1 0 0 0 -1 -1 0 -1 -1 -1 -1 3
3 -1 0 0 0 -1 -1 -1 -1 -1 -1 0 -1 -1 -1 -1 3
3 -1 0 -1 -1 -1 -1 -1 -1 -1 -1 0 -1 -1 -1 -1 3
3 3 0 -1 -1 -1 -1 -1 -1 -1 -1 0 -1 -1 -1 3 3
3 3 -1 -1 -1 -1 -1 -1 -1 -1 -1 0 -1 -1 -1 3 3
3 3 3 -1 -1 -1 -1 -1 -1 -1 -1 0 -1 -1 3 3 3
3 3 3 3 3 -1 -1 -1 -1 -1 -1 0 3 3 3 3 3
3 3 3 3 3 3 3 3 -1 3 3 3 3 3 3 3 3
18:45:15.237131 - stdout  :: 0 1
18:45:15.256582 - stdin   :: 21 53 1 -1
14 18
21 53
22 18
3 3 3 3 3 3 3 3 -1 3 3 3 3 3 3 3 3
3 3 3 3 3 -1 -1 -1 -1 -1 -1 -1 3 3 3 3 3
3 3 3 -1 -1 -1 -1 -1 -1 -1 -1 -1 0 -1 3 3 3
3 3 -1 -1 -1 -1 -1 -1 -1 -1 -1 -1 0 -1 -1 3 3
3 3 -1 0 0 0 -1 0 0 0 -1 -1 0 -1 -1 3 3
3 0 -1 0 -1 0 -1 0 -1 0 -1 -1 0 -1 -1 -1 3
3 0 -1 0 -1 0 0 0 -1 0 0 0 0 -1 -1 -1 3
3 0 0 0 -1 0 -1 0 -1 0 -1 -1 0 -1 -1 -1 3
0 0 -1 0 -1 0 -1 0 0 0 -1 -1 0 -1 -1 -1 -1
3 0 -1 0 0 0 -1 -1 -1 -1 -1 -1 0 -1 -1 -1 3
3 0 -1 0 -1 -1 -1 -1 -1 -1 -1 -1 0 -1 -1 -1 3
3 0 -1 0 -1 -1 -1 -1 -1 -1 -1 -1 0 -1 -1 -1 3
3 3 0 -1 -1 -1 -1 -1 -1 -1 -1 -1 0 -1 -1 3 3
3 3 -1 -1 -1 -1 -1 -1 -1 -1 -1 -1 0 -1 -1 3 3
3 3 3 -1 -1 -1 -1 -1 -1 -1 -1 -1 0 -1 3 3 3
3 3 3 3 3 -1 -1 -1 -1 -1 -1 -1 3 3 3 3 3
3 3 3 3 3 3 3 3 -1 3 3 3 3 3 3 3 3
18:45:15.281287 - stdout  :: -1 0
18:45:15.291155 - stdin   :: 21 52 0 -1
13 18
21 52
22 18
3 3 3 3 3 3 3 3 -1 3 3 3 3 3 3 3 3
3 3 3 3 3 -1 -1 -1 -1 -1 -1 -1 3 3 3 3 3
3 3 3 -1 -1 -1 -1 -1 -1 -1 -1 -1 -1 0 3 3 3
3 3 -1 -1 -1 -1 -1 -1 -1 -1 -1 -1 -1 0 -1 3 3
3 3 0 -1 0 0 0 -1 0 0 0 -1 -1 0 -1 3 3
3 0 0 -1 0 -1 0 -1 0 -1 0 -1 -1 0 -1 -1 3
3 0 0 -1 0 -1 0 0 0 -1 0 0 0 0 -1 -1 3
3 0 0 0 0 -1 0 -1 0 -1 0 -1 -1 0 -1 -1 3
0 0 0 -1 0 -1 0 -1 0 0 0 -1 -1 0 -1 -1 -1
3 0 0 -1 0 0 0 -1 -1 -1 -1 -1 -1 0 -1 -1 3
3 0 0 -1 0 -1 -1 -1 -1 -1 -1 -1 -1 0 -1 -1 3
3 0 0 -1 0 -1 -1 -1 -1 -1 -1 -1 -1 0 -1 -1 3
3 3 0 0 -1 -1 -1 -1 -1 -1 -1 -1 -1 0 -1 3 3
3 3 0 -1 -1 -1 -1 -1 -1 -1 -1 -1 -1 0 -1 3 3
3 3 3 -1 -1 -1 -1 -1 -1 -1 -1 -1 -1 0 3 3 3
3 3 3 3 3 -1 -1 -1 -1 -1 -1 -1 3 3 3 3 3
3 3 3 3 3 3 3 3 -1 3 3 3 3 3 3 3 3
18:45:16.192834 - stdout  :: -1 1
18:45:16.203602 - stdin   :: 20 52 -1 0
12 18
20 52
22 18
3 3 3 3 3 3 3 3 -1 3 3 3 3 3 3 3 3
3 3 3 3 3 -1 -1 -1 -1 -1 -1 -1 3 3 3 3 3
3 3 3 -1 -1 -1 -1 -1 -1 -1 -1 -1 -1 0 3 3 3
3 3 -1 -1 -1 -1 -1 -1 -1 -1 -1 -1 -1 0 -1 3 3
3 3 -1 -1 -1 -1 -1 -1 -1 -1 -1 -1 -1 0 -1 3 3
3 -1 0 -1 0 0 0 -1 0 0 0 -1 -1 0 -1 -1 3
3 0 0 -1 0 -1 0 -1 0 -1 0 -1 -1 0 -1 -1 3
3 0 0 -1 0 -1 0 0 0 -1 0 0 0 0 -1 -1 3
0 0 0 0 0 -1 0 -1 0 -1 0 -1 -1 0 -1 -1 -1
3 0 0 -1 0 -1 0 -1 0 0 0 -1 -1 0 -1 -1 3
3 0 0 -1 0 0 0 -1 -1 -1 -1 -1 -1 0 -1 -1 3
3 0 0 -1 0 -1 -1 -1 -1 -1 -1 -1 -1 0 -1 -1 3
3 3 0 -1 0 -1 -1 -1 -1 -1 -1 -1 -1 0 -1 3 3
3 3 0 0 -1 -1 -1 -1 -1 -1 -1 -1 -1 0 -1 3 3
3 3 3 -1 -1 -1 -1 -1 -1 -1 -1 -1 -1 0 3 3 3
3 3 3 3 3 -1 -1 -1 -1 -1 -1 -1 3 3 3 3 3
3 3 3 3 3 3 3 3 -1 3 3 3 3 3 3 3 3
18:45:16.228837 - stdout  :: 0 -1
18:45:16.241765 - stdin   :: 19 51 -1 -1
11 18
19 51
22 18
3 3 3 3 3 3 3 3 -1 3 3 3 3 3 3 3 3
3 3 3 3 3 -1 -1 -1 -1 -1 -1 -1 3 3 3 3 3
3 3 3 -1 -1 -1 -1 -1 -1 -1 -1 -1 -1 -1 3 3 3
3 3 -1 -1 -1 -1 -1 -1 -1 -1 -1 -1 -1 -1 0 3 3
3 3 -1 -1 -1 -1 -1 -1 -1 -1 -1 -1 -1 -1 0 3 3
3 -1 -1 -1 -1 -1 -1 -1 -1 -1 -1 -1 -1 -1 0 -1 3
3 -1 -1 0 -1 0 0 0 -1 0 0 0 -1 -1 0 -1 3
3 -1 0 0 -1 0 -1 0 -1 0 -1 0 -1 -1 0 -1 3
-1 0 0 0 -1 0 -1 0 0 0 -1 0 0 0 0 -1 -1
3 0 0 0 0 0 -1 0 -1 0 -1 0 -1 -1 0 -1 3
3 0 0 0 -1 0 -1 0 -1 0 0 0 -1 -1 0 -1 3
3 0 0 0 -1 0 0 0 -1 -1 -1 -1 -1 -1 0 -1 3
3 3 0 0 -1 0 -1 -1 -1 -1 -1 -1 -1 -1 0 3 3
3 3 0 0 -1 0 -1 -1 -1 -1 -1 -1 -1 -1 0 3 3
3 3 3 0 0 -1 -1 -1 -1 -1 -1 -1 -1 -1 3 3 3
3 3 3 3 3 -1 -1 -1 -1 -1 -1 -1 3 3 3 3 3
3 3 3 3 3 3 3 3 -1 3 3 3 3 3 3 3 3
18:45:16.267214 - stdout  :: -1 -1
18:45:16.279935 - stdin   :: 17 49 -2 -2
10 18
17 49
22 18
3 3 3 3 3 3 3 3 -1 3 3 3 3 3 3 3 3
3 3 3 3 3 -1 -1 -1 -1 -1 -1 -1 3 3 3 3 3
3 3 3 -1 -1 -1 -1 -1 -1 -1 -1 -1 -1 -1 3 3 3
3 3 -1 -1 -1 -1 -1 -1 -1 -1 -1 -1 -1 -1 -1 3 3
3 3 -1 -1 -1 -1 -1 -1 -1 -1 -1 -1 -1 -1 -1 3 3
3 -1 -1 -1 -1 -1 -1 -1 -1 -1 -1 -1 -1 -1 -1 -1 3
3 -1 -1 -1 -1 -1 -1 -1 -1 -1 -1 -1 -1 -1 -1 -1 3
3 -1 -1 -1 -1 -1 -1 -1 -1 -1 -1 -1 -1 -1 -1 -1 3
-1 -1 -1 -1 -1 0 -1 0 0 0 -1 0 0 0 -1 -1 0
3 -1 -1 -1 0 0 -1 0 -1 0 -1 0 -1 0 -1 -1 3
3 -1 -1 0 0 0 -1 0 -1 0 0 0 -1 0 0 0 3
3 -1 0 0 0 0 0 0 -1 0 -1 0 -1 0 -1 -1 3
3 3 0 0 0 0 -1 0 -1 0 -1 0 0 0 -1 3 3
3 3 0 0 0 0 -1 0 0 0 -1 -1 -1 -1 -1 3 3
3 3 3 0 0 0 -1 0 -1 -1 -1 -1 -1 -1 3 3 3
3 3 3 3 3 0 -1 0 -1 -1 -1 -1 3 3 3 3 3
3 3 3 3 3 3 3 3 -1 3 3 3 3 3 3 3 3
18:45:16.305349 - stdout  :: 1 1
18:45:16.350646 - stdin   :: 17 49 0 0
4 18
17 49
22 18
3 3 3 3 3 3 3 3 -1 3 3 3 3 3 3 3 3
3 3 3 3 3 -1 -1 -1 -1 -1 -1 -1 3 3 3 3 3
3 3 3 -1 -1 -1 -1 -1 -1 -1 -1 -1 -1 -1 3 3 3
3 3 -1 -1 -1 -1 -1 -1 -1 -1 -1 -1 -1 -1 -1 3 3
3 3 -1 -1 -1 -1 -1 -1 -1 -1 -1 -1 -1 -1 -1 3 3
3 -1 -1 -1 -1 -1 -1 -1 -1 -1 -1 -1 -1 -1 -1 -1 3
3 -1 -1 -1 -1 -1 -1 -1 -1 -1 -1 -1 -1 -1 -1 -1 3
3 -1 -1 -1 -1 -1 -1 -1 -1 -1 -1 -1 -1 -1 -1 -1 3
-1 -1 -1 -1 -1 0 -1 0 0 0 -1 0 0 0 -1 -1 0
3 -1 -1 -1 0 0 -1 0 -1 0 -1 0 -1 0 -1 -1 3
3 -1 -1 0 0 0 -1 0 -1 0 0 0 -1 0 0 0 3
3 -1 0 0 0 0 0 0 -1 0 -1 0 -1 0 -1 -1 3
3 3 0 0 0 0 -1 0 -1 0 -1 0 0 0 -1 3 3
3 3 0 0 0 0 -1 0 0 0 -1 -1 -1 -1 -1 3 3
3 3 3 0 0 0 -1 0 -1 -1 -1 -1 -1 -1 3 3 3
3 3 3 3 3 0 -1 0 -1 -1 -1 -1 3 3 3 3 3
3 3 3 3 3 3 3 3 -1 3 3 3 3 3 3 3 3
18:45:16.376704 - stdout  :: 1 -1
18:45:16.386141 - stdin   :: 18 48 1 -1
3 18
18 48
22 18
3 3 3 3 3 3 3 3 -1 3 3 3 3 3 3 3 3
3 3 3 3 3 -1 -1 -1 -1 -1 -1 -1 3 3 3 3 3
3 3 3 -1 -1 -1 -1 -1 -1 -1 -1 -1 -1 -1 3 3 3
3 3 -1 -1 -1 -1 -1 -1 -1 -1 -1 -1 -1 -1 -1 3 3
3 3 -1 -1 -1 -1 -1 -1 -1 -1 -1 -1 -1 -1 -1 3 3
3 -1 -1 -1 -1 -1 -1 -1 -1 -1 -1 -1 -1 -1 -1 -1 3
3 -1 -1 -1 -1 -1 -1 -1 -1 -1 -1 -1 -1 -1 -1 -1 3
3 -1 -1 -1 -1 -1 0 -1 0 0 0 -1 0 0 0 -1 3
-1 -1 -1 -1 -1 0 0 -1 0 -1 0 -1 0 -1 0 -1 -1
3 -1 -1 -1 0 0 0 -1 0 -1 0 0 0 -1 0 0 3
3 -1 -1 0 0 0 0 0 0 -1 0 -1 0 -1 0 -1 3
3 -1 -1 0 0 0 0 -1 0 -1 0 -1 0 0 0 -1 3
3 3 0 0 0 0 0 -1 0 0 0 -1 -1 -1 -1 3 3
3 3 0 0 0 0 0 -1 0 -1 -1 -1 -1 -1 -1 3 3
3 3 3 0 0 0 0 -1 0 -1 -1 -1 -1 -1 3 3 3
3 3 3 3 3 0 0 0 -1 -1 -1 -1 3 3 3 3 3
3 3 3 3 3 3 3 3 -1 3 3 3 3 3 3 3 3
18:45:16.408911 - stdout  :: 1 0
18:45:16.419089 - stdin   :: 20 47 2 -1
2 18
20 47
22 18
3 3 3 3 3 3 3 3 -1 3 3 3 3 3 3 3 3
3 3 3 3 3 -1 -1 -1 -1 -1 -1 -1 3 3 3 3 3
3 3 3 -1 -1 -1 -1 -1 -1 -1 -1 -1 -1 -1 3 3 3
3 3 -1 -1 -1 -1 -1 -1 -1 -1 -1 -1 -1 -1 -1 3 3
3 3 -1 -1 -1 -1 -1 -1 -1 -1 -1 -1 -1 -1 -1 3 3
3 -1 -1 -1 -1 -1 -1 0 -1 0 0 0 -1 0 0 0 3
3 -1 -1 -1 -1 -1 0 0 -1 0 -1 0 -1 0 -1 0 3
3 -1 -1 -1 -1 0 0 0 -1 0 -1 0 0 0 -1 0 3
-1 -1 -1 -1 0 0 0 0 0 0 -1 0 -1 0 -1 0 -1
3 -1 -1 -1 0 0 0 0 -1 0 -1 0 -1 0 0 0 3
3 -1 -1 0 0 0 0 0 -1 0 0 0 -1 -1 -1 -1 3
3 -1 -1 0 0 0 0 0 -1 0 -1 -1 -1 -1 -1 -1 3
3 3 0 0 0 0 0 0 -1 0 -1 -1 -1 -1 -1 3 3
3 3 0 0 0 0 0 0 0 -1 -1 -1 -1 -1 -1 3 3
3 3 3 0 0 0 0 0 -1 -1 -1 -1 -1 -1 3 3 3
3 3 3 3 3 0 0 0 -1 -1 -1 -1 3 3 3 3 3
3 3 3 3 3 3 3 3 -1 3 3 3 3 3 3 3 3
18:45:16.442681 - stdout  :: 0 -1
18:45:16.451877 - stdin   :: 22 45 2 -2
1 18
22 45
22 18
3 3 3 3 3 3 3 3 -1 3 3 3 3 3 3 3 3
3 3 3 3 3 -1 -1 -1 -1 -1 -1 -1 3 3 3 3 3
3 3 3 0 -1 -1 -1 -1 -1 -1 -1 -1 -1 -1 3 3 3
3 3 -1 -1 -1 -1 -1 -1 -1 0 -1 0 0 0 -1 3 3
3 3 -1 -1 -1 -1 -1 -1 0 0 -1 0 -1 0 -1 3 3
3 0 -1 -1 -1 -1 -1 0 0 0 -1 0 -1 0 0 0 3
3 -1 -1 -1 -1 -1 0 0 0 0 0 0 -1 0 -1 0 3
3 -1 -1 -1 -1 -1 0 0 0 0 -1 0 -1 0 -1 0 3
0 -1 -1 -1 -1 0 0 0 0 0 -1 0 0 0 -1 -1 -1
3 -1 -1 -1 -1 0 0 0 0 0 -1 0 -1 -1 -1 -1 3
3 -1 -1 -1 0 0 0 0 0 0 -1 0 -1 -1 -1 -1 3
3 -1 -1 -1 0 0 0 0 0 0 0 -1 -1 -1 -1 -1 3
3 3 -1 -1 0 0 0 0 0 0 -1 -1 -1 -1 -1 3 3
3 3 -1 -1 0 0 0 0 0 0 -1 -1 -1 -1 -1 3 3
3 3 3 0 0 0 0 0 0 0 -1 -1 -1 -1 3 3 3
3 3 3 3 3 0 0 0 0 -1 -1 -1 3 3 3 3 3
3 3 3 3 3 3 3 3 0 3 3 3 3 3 3 3 3
18:45:16.478663 - stdout  :: 1 -1
18:45:16.488393 - stdin   :: 25 42 3 -3
1 17
25 42
22 18
3 3 3 3 3 3 3 3 -1 3 3 3 3 3 3 3 3
3 3 3 3 3 -1 -1 -1 -1 -1 -1 0 3 3 3 3 3
3 3 3 0 0 -1 -1 -1 -1 -1 0 0 0 -1 3 3 3
3 3 0 0 -1 -1 -1 -1 -1 0 0 0 0 0 0 3 3
3 3 0 0 -1 -1 -1 -1 -1 0 0 0 0 -1 0 3 3
3 0 0 0 -1 -1 -1 -1 0 0 0 0 0 -1 0 0 3
3 0 0 0 -1 -1 -1 -1 0 0 0 0 0 -1 0 -1 3
3 0 0 0 -1 -1 -1 0 0 0 0 0 0 -1 0 -1 3
0 0 0 0 -1 -1 -1 0 0 0 0 0 0 0 -1 -1 -1
3 0 0 -1 -1 -1 -1 0 0 0 0 0 0 -1 -1 -1 3
3 0 -1 -1 -1 -1 -1 0 0 0 0 0 0 -1 -1 -1 3
3 0 -1 -1 -1 -1 0 0 0 0 0 0 0 -1 -1 -1 3
3 3 0 -1 -1 -1 0 0 0 0 0 0 -1 -1 -1 3 3
3 3 0 -1 -1 0 0 0 0 0 0 0 -1 -1 -1 3 3
3 3 3 0 0 0 0 0 0 0 0 0 -1 -1 3 3 3
3 3 3 3 3 0 0 0 0 0 0 0 3 3 3 3 3
3 3 3 3 3 3 3 3 0 3 3 3 3 3 3 3 3
18:45:16.511986 - stdout  :: 0 1
18:45:16.521634 - stdin   :: 28 40 3 -2
1 16
28 40
22 18
3 3 3 3 3 3 3 3 -1 3 3 3 3 3 3 3 3
3 3 3 3 3 0 -1 -1 -1 -1 -1 0 3 3 3 3 3
3 3 3 0 0 0 -1 -1 -1 -1 0 0 0 0 3 3 3
3 3 0 0 0 0 -1 -1 -1 -1 0 0 0 0 0 3 3
3 3 0 0 0 0 -1 -1 -1 0 0 0 0 0 0 3 3
3 0 0 0 0 0 -1 -1 -1 0 0 0 0 0 0 0 3
3 0 0 0 0 -1 -1 -1 -1 0 0 0 0 0 0 -1 3
3 0 0 0 -1 -1 -1 -1 -1 0 0 0 0 0 0 -1 3
0 0 0 0 -1 -1 -1 -1 0 0 0 0 0 0 0 -1 -1
3 0 0 0 0 -1 -1 -1 0 0 0 0 0 0 -1 -1 3
3 0 0 0 0 -1 -1 0 0 0 0 0 0 0 -1 -1 3
3 0 0 0 0 0 0 0 0 0 0 0 0 0 -1 -1 3
3 3 0 0 0 0 0 0 0 0 0 0 0 0 -1 3 3
3 3 0 0 0 0 0 0 0 0 0 0 0 -1 -1 3 3
3 3 3 0 0 0 0 0 0 0 0 0 -1 -1 3 3 3
3 3 3 3 3 0 0 0 0 0 0 -1 3 3 3 3 3
3 3 3 3 3 3 3 3 0 3 3 3 3 3 3 3 3
18:45:16.545921 - stdout  :: 0 0
18:45:16.556630 - stdin   :: 31 38 3 -2
1 15
31 38
22 18
3 3 3 3 3 3 3 3 -1 3 3 3 3 3 3 3 3
3 3 3 3 3 0 0 0 -1 -1 -1 0 3 3 3 3 3
3 3 3 0 0 0 0 0 -1 -1 -1 0 0 0 3 3 3
3 3 0 0 0 0 0 -1 -1 -1 -1 0 0 0 0 3 3
3 3 0 0 0 0 -1 -1 -1 -1 -1 0 0 0 0 3 3
3 0 0 0 0 0 -1 -1 -1 -1 0 0 0 0 0 0 3
3 0 0 0 0 0 0 -1 -1 -1 0 0 0 0 0 0 3
3 0 0 0 0 0 0 -1 -1 0 0 0 0 0 0 0 3
-1 0 0 0 0 0 0 0 0 0 0 0 0 0 0 0 -1
3 0 0 0 0 0 0 0 0 0 0 0 0 0 0 0 3
3 -1 0 0 0 0 0 0 0 0 0 0 0 0 0 -1 3
3 -1 0 0 0 0 0 0 0 0 0 0 0 0 -1 -1 3
3 3 0 0 0 0 0 0 0 0 0 0 0 -1 -1 3 3
3 3 -1 0 0 0 0 0 0 0 0 -1 -1 -1 -1 3 3
3 3 3 -1 -1 -1 -1 -1 -1 -1 -1 -1 -1 -1 3 3 3
3 3 3 3 3 0 0 0 0 0 0 0 3 3 3 3 3
3 3 3 3 3 3 3 3 -1 3 3 3 3 3 3 3 3
18:45:16.576045 - stdout  :: -1 0
18:45:16.587547 - stdin   :: 33 36 2 -2
1 14
33 36
22 18
3 3 3 3 3 3 3 3 0 3 3 3 3 3 3 3 3
3 3 3 3 3 0 0 0 0 -1 -1 -1 3 3 3 3 3
3 3 3 0 0 0 0 0 -1 -1 -1 -1 -1 0 3 3 3
3 3 -1 0 0 0 0 0 -1 -1 -1 -1 0 0 0 3 3
3 3 -1 0 0 0 0 0 0 -1 -1 -1 0 0 0 3 3
3 -1 -1 0 0 0 0 0 0 -1 -1 0 0 0 0 0 3
3 -1 -1 0 0 0 0 0 0 0 0 0 0 0 0 0 3
3 -1 -1 0 0 0 0 0 0 0 0 0 0 0 0 0 3
-1 -1 -1 -1 0 0 0 0 0 0 0 0 0 0 0 0 0
3 -1 -1 -1 0 0 0 0 0 0 0 0 0 0 0 0 3
3 -1 -1 -1 0 0 0 0 0 0 0 0 0 0 0 -1 3
3 -1 -1 -1 -1 0 0 0 0 0 0 0 0 -1 -1 -1 3
3 3 -1 -1 -1 -1 -1 -1 -1 -1 -1 -1 -1 -1 -1 3 3
3 3 0 0 0 0 0 0 0 0 0 0 0 0 0 3 3
3 3 3 -1 -1 -1 -1 -1 -1 -1 -1 -1 -1 -1 3 3 3
3 3 3 3 3 -1 -1 -1 -1 -1 -1 -1 3 3 3 3 3
3 3 3 3 3 3 3 3 -1 3 3 3 3 3 3 3 3
18:45:16.605090 - stdout  :: -1 0
18:45:16.615040 - stdin   :: 34 34 1 -2
1 13
34 34
22 18
3 3 3 3 3 3 3 3 0 3 3 3 3 3 3 3 3
3 3 3 3 3 0 0 0 0 0 -1 -1 3 3 3 3 3
3 3 3 -1 -1 0 0 0 0 0 -1 -1 -1 -1 3 3 3
3 3 -1 -1 -1 0 0 0 0 0 0 -1 -1 -1 0 3 3
3 3 -1 -1 -1 0 0 0 0 0 0 -1 -1 0 0 3 3
3 -1 -1 -1 -1 0 0 0 0 0 0 0 0 0 0 0 3
3 -1 -1 -1 -1 0 0 0 0 0 0 0 0 0 0 0 3
3 -1 -1 -1 -1 -1 0 0 0 0 0 0 0 0 0 0 3
-1 -1 -1 -1 -1 -1 0 0 0 0 0 0 0 0 0 0 0
3 -1 -1 -1 -1 -1 0 0 0 0 0 0 0 0 0 0 3
3 -1 -1 -1 -1 -1 -1 0 0 0 0 0 0 0 0 -1 3
3 -1 -1 -1 -1 -1 -1 -1 -1 -1 -1 -1 -1 -1 -1 -1 3
3 3 0 0 0 0 0 0 0 0 0 0 0 0 0 3 3
3 3 -1 -1 -1 -1 -1 -1 -1 -1 -1 -1 -1 -1 -1 3 3
3 3 3 -1 -1 -1 -1 -1 -1 -1 -1 -1 -1 -1 3 3 3
3 3 3 3 3 -1 -1 -1 -1 -1 -1 -1 3 3 3 3 3
3 3 3 3 3 3 3 3 -1 3 3 3 3 3 3 3 3
18:45:16.631759 - stdout  :: -1 0
18:45:16.641000 - stdin   :: 34 32 0 -2
1 12
34 32
22 18
3 3 3 3 3 3 3 3 0 3 3 3 3 3 3 3 3
3 3 3 3 3 -1 -1 0 0 0 0 0 3 3 3 3 3
3 3 3 -1 -1 -1 -1 0 0 0 0 0 -1 -1 3 3 3
3 3 -1 -1 -1 -1 -1 0 0 0 0 0 0 -1 -1 3 3
3 3 -1 -1 -1 -1 -1 0 0 0 0 0 0 -1 -1 3 3
3 -1 -1 -1 -1 -1 -1 0 0 0 0 0 0 0 0 0 3
3 -1 -1 -1 -1 -1 -1 0 0 0 0 0 0 0 0 0 3
3 -1 -1 -1 -1 -1 -1 -1 0 0 0 0 0 0 0 0 3
-1 -1 -1 -1 -1 -1 -1 -1 0 0 0 0 0 0 0 0 0
3 -1 -1 -1 -1 -1 -1 -1 0 0 0 0 0 0 0 0 3
3 -1 -1 -1 -1 -1 -1 -1 -1 0 0 0 0 0 0 0 3
3 -1 -1 -1 -1 -1 -1 -1 -1 -1 -1 -1 -1 -1 -1 -1 3
3 3 0 0 0 0 0 0 0 0 0 0 0 0 0 3 3
3 3 -1 -1 -1 -1 -1 -1 -1 -1 -1 -1 -1 -1 -1 3 3
3 3 3 -1 -1 -1 -1 -1 -1 -1 -1 -1 -1 -1 3 3 3
3 3 3 3 3 -1 -1 -1 -1 -1 -1 -1 3 3 3 3 3
3 3 3 3 3 3 3 3 -1 3 3 3 3 3 3 3 3
18:45:16.658421 - stdout  :: 0 1
18:45:16.701334 - stdin   :: 34 32 0 0
1 6
34 32
22 18
3 3 3 3 3 3 3 3 0 3 3 3 3 3 3 3 3
3 3 3 3 3 -1 -1 0 0 0 0 0 3 3 3 3 3
3 3 3 -1 -1 -1 -1 0 0 0 0 0 -1 -1 3 3 3
3 3 -1 -1 -1 -1 -1 0 0 0 0 0 0 -1 -1 3 3
3 3 -1 -1 -1 -1 -1 0 0 0 0 0 0 -1 -1 3 3
3 -1 -1 -1 -1 -1 -1 0 0 0 0 0 0 0 0 0 3
3 -1 -1 -1 -1 -1 -1 0 0 0 0 0 0 0 0 0 3
3 -1 -1 -1 -1 -1 -1 -1 0 0 0 0 0 0 0 0 3
-1 -1 -1 -1 -1 -1 -1 -1 0 0 0 0 0 0 0 0 0
3 -1 -1 -1 -1 -1 -1 -1 0 0 0 0 0 0 0 0 3
3 -1 -1 -1 -1 -1 -1 -1 -1 0 0 0 0 0 0 0 3
3 -1 -1 -1 -1 -1 -1 -1 -1 -1 -1 -1 -1 -1 -1 -1 3
3 3 0 0 0 0 0 0 0 0 0 0 0 0 0 3 3
3 3 -1 -1 -1 -1 -1 -1 -1 -1 -1 -1 -1 -1 -1 3 3
3 3 3 -1 -1 -1 -1 -1 -1 -1 -1 -1 -1 -1 3 3 3
3 3 3 3 3 -1 -1 -1 -1 -1 -1 -1 3 3 3 3 3
3 3 3 3 3 3 3 3 -1 3 3 3 3 3 3 3 3
18:45:16.717961 - stdout  :: -1 1
18:45:16.728439 - stdin   :: 33 33 -1 1
1 5
33 33
22 18
3 3 3 3 3 3 3 3 0 3 3 3 3 3 3 3 3
3 3 3 3 3 -1 0 0 0 0 0 0 3 3 3 3 3
3 3 3 -1 -1 -1 0 0 0 0 0 -1 -1 -1 3 3 3
3 3 -1 -1 -1 -1 0 0 0 0 0 -1 -1 -1 -1 3 3
3 3 -1 -1 -1 -1 0 0 0 0 0 0 -1 -1 -1 3 3
3 -1 -1 -1 -1 -1 0 0 0 0 0 0 -1 -1 0 0 3
3 -1 -1 -1 -1 -1 0 0 0 0 0 0 0 0 0 0 3
3 -1 -1 -1 -1 -1 0 0 0 0 0 0 0 0 0 0 3
-1 -1 -1 -1 -1 -1 -1 0 0 0 0 0 0 0 0 0 0
3 -1 -1 -1 -1 -1 -1 0 0 0 0 0 0 0 0 0 3
3 -1 -1 -1 -1 -1 -1 0 0 0 0 0 0 0 0 0 3
3 -1 -1 -1 -1 -1 -1 -1 0 0 0 0 0 0 0 0 3
3 3 -1 -1 -1 -1 -1 -1 -1 -1 -1 -1 -1 -1 -1 3 3
3 3 0 0 0 0 0 0 0 0 0 0 0 0 0 3 3
3 3 3 -1 -1 -1 -1 -1 -1 -1 -1 -1 -1 -1 3 3 3
3 3 3 3 3 -1 -1 -1 -1 -1 -1 -1 3 3 3 3 3
3 3 3 3 3 3 3 3 -1 3 3 3 3 3 3 3 3
18:45:16.745997 - stdout  :: -1 0
18:45:16.756169 - stdin   :: 31 34 -2 1
1 4
31 34
22 18
3 3 3 3 3 3 3 3 0 3 3 3 3 3 3 3 3
3 3 3 3 3 0 0 0 0 0 0 0 3 3 3 3 3
3 3 3 -1 -1 0 0 0 0 0 0 0 -1 -1 3 3 3
3 3 -1 -1 -1 0 0 0 0 0 0 -1 -1 -1 -1 3 3
3 3 -1 -1 -1 0 0 0 0 0 -1 -1 -1 -1 -1 3 3
3 -1 -1 -1 -1 0 0 0 0 0 -1 -1 -1 -1 0 0 3
3 -1 -1 -1 -1 0 0 0 0 0 0 -1 -1 -1 0 0 3
3 -1 -1 -1 -1 0 0 0 0 0 0 -1 -1 0 0 0 3
-1 -1 -1 -1 -1 0 0 0 0 0 0 0 0 0 0 0 0
3 -1 -1 -1 -1 0 0 0 0 0 0 0 0 0 0 0 3
3 -1 -1 -1 -1 -1 0 0 0 0 0 0 0 0 0 0 3
3 -1 -1 -1 -1 -1 0 0 0 0 0 0 0 0 0 0 3
3 3 -1 -1 -1 -1 0 0 0 0 0 0 0 0 0 3 3
3 3 -1 -1 -1 -1 -1 0 0 0 0 0 0 0 0 3 3
3 3 3 -1 -1 -1 -1 -1 -1 -1 -1 -1 -1 -1 3 3 3
3 3 3 3 3 0 0 0 0 0 0 0 3 3 3 3 3
3 3 3 3 3 3 3 3 -1 3 3 3 3 3 3 3 3
18:45:16.772201 - stdout  :: -1 0
18:45:16.781656 - stdin   :: 28 35 -3 1
1 3
28 35
22 18
3 3 3 3 3 3 3 3 0 3 3 3 3 3 3 3 3
3 3 3 3 3 0 0 0 0 0 0 -1 3 3 3 3 3
3 3 3 -1 0 0 0 0 0 0 0 -1 -1 -1 3 3 3
3 3 -1 -1 0 0 0 0 0 0 0 -1 -1 -1 -1 3 3
3 3 -1 -1 0 0 0 0 0 0 0 -1 -1 -1 0 3 3
3 -1 -1 -1 0 0 0 0 0 0 0 -1 -1 -1 0 0 3
3 -1 -1 -1 0 0 0 0 0 0 -1 -1 -1 -1 0 0 3
3 -1 -1 -1 0 0 0 0 0 -1 -1 -1 -1 -1 0 0 3
-1 -1 -1 -1 0 0 0 0 0 -1 -1 -1 -1 0 0 0 0
3 -1 -1 -1 0 0 0 0 0 0 -1 -1 -1 0 0 0 3
3 -1 -1 -1 0 0 0 0 0 0 -1 -1 0 0 0 0 3
3 -1 -1 -1 0 0 0 0 0 0 0 0 0 0 0 0 3
3 3 -1 -1 0 0 0 0 0 0 0 0 0 0 0 3 3
3 3 -1 -1 -1 0 0 0 0 0 0 0 0 0 0 3 3
3 3 3 -1 -1 0 0 0 0 0 0 0 0 0 3 3 3
3 3 3 3 3 0 0 0 0 0 0 0 3 3 3 3 3
3 3 3 3 3 3 3 3 0 3 3 3 3 3 3 3 3
18:45:16.796620 - stdout  :: 0 -1
18:45:16.806146 - stdin   :: 25 35 -3 0
1 2
25 35
22 18
3 3 3 3 3 3 3 3 0 3 3 3 3 3 3 3 3
3 3 3 3 3 0 0 0 0 0 0 0 3 3 3 3 3
3 3 3 -1 0 0 0 0 0 0 0 0 -1 -1 3 3 3
3 3 -1 -1 0 0 0 0 0 0 0 -1 -1 -1 -1 3 3
3 3 -1 -1 0 0 0 0 0 0 0 -1 -1 -1 -1 3 3
3 -1 -1 -1 0 0 0 0 0 0 0 -1 -1 -1 -1 0 3
3 -1 -1 -1 0 0 0 0 0 0 0 -1 -1 -1 -1 0 3
3 -1 -1 -1 0 0 0 0 0 0 0 -1 -1 -1 0 0 3
-1 -1 -1 -1 0 0 0 0 0 0 0 -1 -1 -1 0 0 0
3 -1 -1 -1 0 0 0 0 0 0 -1 -1 -1 -1 0 0 3
3 -1 -1 -1 0 0 0 0 0 -1 -1 -1 -1 -1 0 0 3
3 -1 -1 -1 0 0 0 0 0 -1 -1 -1 -1 0 0 0 3
3 3 -1 -1 0 0 0 0 0 0 -1 -1 -1 0 0 3 3
3 3 -1 -1 0 0 0 0 0 0 -1 -1 0 0 0 3 3
3 3 3 -1 0 0 0 0 0 0 0 0 0 0 3 3 3
3 3 3 3 3 0 0 0 0 0 0 0 3 3 3 3 3
3 3 3 3 3 3 3 3 0 3 3 3 3 3 3 3 3
18:45:16.819306 - stdout  :: 0 -1
18:45:16.828958 - stdin   :: 22 34 -3 -1
1 2
22 34
22 18
3 3 3 3 3 3 3 3 0 3 3 3 3 3 3 3 3
3 3 3 3 3 0 0 0 0 0 0 0 3 3 3 3 3
3 3 3 -1 -1 0 0 0 0 0 0 0 0 0 3 3 3
3 3 -1 -1 -1 0 0 0 0 0 0 0 0 -1 -1 3 3
3 3 -1 -1 -1 0 0 0 0 0 0 0 0 -1 -1 3 3
3 -1 -1 -1 -1 0 0 0 0 0 0 0 0 -1 -1 -1 3
3 -1 -1 -1 -1 0 0 0 0 0 0 0 -1 -1 -1 -1 3
3 -1 -1 -1 -1 0 0 0 0 0 0 0 -1 -1 -1 -1 3
-1 -1 -1 -1 -1 0 0 0 0 0 0 0 -1 -1 -1 -1 0
3 -1 -1 -1 -1 0 0 0 0 0 0 0 -1 -1 -1 -1 3
3 -1 -1 -1 -1 0 0 0 0 0 0 0 -1 -1 -1 0 3
3 -1 -1 -1 -1 0 0 0 0 0 0 0 -1 -1 -1 0 3
3 3 -1 -1 -1 0 0 0 0 0 0 -1 -1 -1 -1 3 3
3 3 -1 -1 -1 0 0 0 0 0 -1 -1 -1 -1 -1 3 3
3 3 3 -1 -1 0 0 0 0 0 -1 -1 -1 -1 3 3 3
3 3 3 3 3 0 0 0 0 0 0 -1 3 3 3 3 3
3 3 3 3 3 3 3 3 0 3 3 3 3 3 3 3 3
18:45:16.838286 - stdout  :: 0 -1
18:45:16.848043 - stdin   :: 19 32 -3 -2
1 3
19 32
22 18
3 3 3 3 3 3 3 3 0 3 3 3 3 3 3 3 3
3 3 3 3 3 -1 -1 0 0 0 0 0 3 3 3 3 3
3 3 3 -1 -1 -1 -1 0 0 0 0 0 0 0 3 3 3
3 3 -1 -1 -1 -1 -1 0 0 0 0 0 0 0 0 3 3
3 3 -1 -1 -1 -1 -1 0 0 0 0 0 0 0 0 3 3
3 -1 -1 -1 -1 -1 -1 0 0 0 0 0 0 0 0 0 3
3 -1 -1 -1 -1 -1 -1 0 0 0 0 0 0 0 0 -1 3
3 -1 -1 -1 -1 -1 -1 0 0 0 0 0 0 0 0 -1 3
-1 -1 -1 -1 -1 -1 -1 0 0 0 0 0 0 0 0 -1 -1
3 -1 -1 -1 -1 -1 -1 0 0 0 0 0 0 0 -1 -1 3
3 -1 -1 -1 -1 -1 -1 0 0 0 0 0 0 0 -1 -1 3
3 -1 -1 -1 -1 -1 -1 0 0 0 0 0 0 0 -1 -1 3
3 3 -1 -1 -1 -1 -1 0 0 0 0 0 0 0 -1 3 3
3 3 -1 -1 -1 -1 -1 0 0 0 0 0 0 0 -1 3 3
3 3 3 -1 -1 -1 -1 0 0 0 0 0 0 0 3 3 3
3 3 3 3 3 -1 -1 0 0 0 0 0 3 3 3 3 3
3 3 3 3 3 3 3 3 0 3 3 3 3 3 3 3 3
18:45:16.856264 - stdout  :: 0 1
18:45:16.865584 - stdin   :: 16 31 -3 -1
1 4
16 31
22 18
3 3 3 3 3 3 3 3 0 3 3 3 3 3 3 3 3
3 3 3 3 3 0 0 -1 0 0 0 0 3 3 3 3 3
3 3 3 -1 0 0 -1 -1 0 0 0 0 0 0 3 3 3
3 3 -1 0 0 -1 -1 -1 0 0 0 0 0 0 0 3 3
3 3 0 0 -1 -1 -1 -1 0 0 0 0 0 0 0 3 3
3 100 0 -1 -1 -1 -1 -1 0 0 0 0 0 0 0 0 3
3 100 -1 -1 -1 -1 -1 -1 0 0 0 0 0 0 0 0 3
3 100 -1 -1 -1 -1 -1 -1 0 0 0 0 0 0 0 0 3
100 -1 -1 -1 -1 -1 -1 -1 0 0 0 0 0 0 0 0 0
3 -1 -1 -1 -1 -1 -1 -1 0 0 0 0 0 0 0 0 3
3 -1 -1 -1 -1 -1 -1 -1 0 0 0 0 0 0 0 0 3
3 -1 -1 -1 -1 -1 -1 -1 0 0 0 0 0 0 0 0 3
3 3 -1 -1 -1 -1 -1 -1 0 0 0 0 0 0 0 3 3
3 3 -1 -1 -1 -1 -1 -1 0 0 0 0 0 0 0 3 3
3 3 3 -1 -1 -1 -1 -1 0 0 0 0 0 0 3 3 3
3 3 3 3 3 -1 -1 -1 0 0 0 0 3 3 3 3 3
3 3 3 3 3 3 3 3 0 3 3 3 3 3 3 3 3
18:45:16.872352 - stdout  :: 0 1
18:45:16.882043 - stdin   :: 13 31 -3 0
1 6
13 31
22 18
3 3 3 3 3 3 3 3 0 3 3 3 3 3 3 3 3
3 3 3 3 3 -1 0 0 0 0 0 0 3 3 3 3 3
3 3 3 -1 -1 -1 0 0 0 0 0 0 0 0 3 3 3
3 3 -1 -1 -1 -1 0 0 0 0 0 0 0 0 0 3 3
3 3 -1 -1 -1 0 0 -1 0 0 0 0 0 0 0 3 3
3 -1 -1 -1 0 0 -1 -1 0 0 0 0 0 0 0 0 3
3 -1 -1 0 0 -1 -1 -1 0 0 0 0 0 0 0 0 3
3 -1 0 0 -1 -1 -1 -1 0 0 0 0 0 0 0 0 3
-1 100 0 -1 -1 -1 -1 -1 0 0 0 0 0 0 0 0 0
3 100 -1 -1 -1 -1 -1 -1 0 0 0 0 0 0 0 0 3
3 100 -1 -1 -1 -1 -1 -1 0 0 0 0 0 0 0 0 3
3 -1 -1 -1 -1 -1 -1 -1 0 0 0 0 0 0 0 0 3
3 3 -1 -1 -1 -1 -1 -1 0 0 0 0 0 0 0 3 3
3 3 -1 -1 -1 -1 -1 -1 0 0 0 0 0 0 0 3 3
3 3 3 -1 -1 -1 -1 -1 0 0 0 0 0 0 3 3 3
3 3 3 3 3 -1 -1 -1 0 0 0 0 3 3 3 3 3
3 3 3 3 3 3 3 3 0 3 3 3 3 3 3 3 3
18:45:16.887043 - stdout  :: 0 0
18:45:16.896935 - stdin   :: 10 31 -3 0
1 8
10 31
22 18
3 3 3 3 3 3 3 3 -1 3 3 3 3 3 3 3 3
3 3 3 3 3 -1 0 0 0 0 0 0 3 3 3 3 3
3 3 3 -1 -1 -1 0 0 0 0 0 0 0 0 3 3 3
3 3 -1 -1 -1 -1 0 0 0 0 0 0 0 0 0 3 3
3 3 -1 -1 -1 -1 0 0 0 0 0 0 0 0 0 3 3
3 -1 -1 -1 -1 -1 0 0 0 0 0 0 0 0 0 0 3
3 -1 -1 -1 -1 -1 0 0 0 0 0 0 0 0 0 0 3
3 -1 -1 -1 -1 0 0 -1 0 0 0 0 0 0 0 0 3
-1 -1 -1 -1 0 0 -1 -1 0 0 0 0 0 0 0 0 0
3 -1 -1 0 0 -1 -1 -1 0 0 0 0 0 0 0 0 3
3 -1 0 0 -1 -1 -1 -1 0 0 0 0 0 0 0 0 3
3 100 0 -1 -1 -1 -1 -1 0 0 0 0 0 0 0 0 3
3 3 -1 -1 -1 -1 -1 -1 0 0 0 0 0 0 0 3 3
3 3 -1 -1 -1 -1 -1 -1 0 0 0 0 0 0 0 3 3
3 3 3 -1 -1 -1 -1 -1 0 0 0 0 0 0 3 3 3
3 3 3 3 3 -1 -1 -1 0 0 0 0 3 3 3 3 3
3 3 3 3 3 3 3 3 0 3 3 3 3 3 3 3 3
18:45:16.900223 - stdout  :: 1 -1
18:45:16.910344 - stdin   :: 8 30 -2 -1
1 10
8 30
22 18
3 3 3 3 3 3 3 3 -1 3 3 3 3 3 3 3 3
3 3 3 3 3 0 0 0 0 0 0 0 3 3 3 3 3
3 3 3 -1 -1 -1 -1 -1 -1 -1 -1 -1 -1 -1 3 3 3
3 3 -1 -1 -1 -1 -1 0 0 0 0 0 0 0 0 3 3
3 3 -1 -1 -1 -1 -1 0 0 0 0 0 0 0 0 3 3
3 -1 -1 -1 -1 -1 -1 0 0 0 0 0 0 0 0 0 3
3 -1 -1 -1 -1 -1 -1 0 0 0 0 0 0 0 0 0 3
3 -1 -1 -1 -1 -1 -1 0 0 0 0 0 0 0 0 0 3
-1 -1 -1 -1 -1 -1 -1 0 0 0 0 0 0 0 0 0 0
3 -1 -1 -1 -1 -1 0 0 -1 0 0 0 0 0 0 0 3
3 -1 -1 -1 -1 0 0 -1 -1 0 0 0 0 0 0 0 3
3 -1 -1 -1 0 0 -1 -1 -1 0 0 0 0 0 0 0 3
3 3 -1 0 0 -1 -1 -1 -1 0 0 0 0 0 0 3 3
3 3 100 0 -1 -1 -1 -1 -1 0 0 0 0 0 0 3 3
3 3 3 -1 -1 -1 -1 -1 -1 0 0 0 0 0 3 3 3
3 3 3 3 3 -1 -1 -1 -1 0 0 0 3 3 3 3 3
3 3 3 3 3 3 3 3 -1 3 3 3 3 3 3 3 3
18:45:16.912810 - stdout  :: 1 0
18:45:16.922343 - stdin   :: 7 29 -1 -1
1 12
7 29
22 18
3 3 3 3 3 3 3 3 -1 3 3 3 3 3 3 3 3
3 3 3 3 3 -1 -1 -1 -1 -1 -1 -1 3 3 3 3 3
3 3 3 0 0 0 0 0 0 0 0 0 0 0 3 3 3
3 3 -1 -1 -1 -1 -1 -1 -1 -1 -1 -1 -1 -1 -1 3 3
3 3 -1 -1 -1 -1 -1 -1 0 0 0 0 0 0 0 3 3
3 -1 -1 -1 -1 -1 -1 -1 0 0 0 0 0 0 0 0 3
3 -1 -1 -1 -1 -1 -1 -1 0 0 0 0 0 0 0 0 3
3 -1 -1 -1 -1 -1 -1 -1 0 0 0 0 0 0 0 0 3
-1 -1 -1 -1 -1 -1 -1 -1 0 0 0 0 0 0 0 0 0
3 -1 -1 -1 -1 -1 -1 -1 0 0 0 0 0 0 0 0 3
3 -1 -1 -1 -1 -1 -1 0 0 -1 0 0 0 0 0 0 3
3 -1 -1 -1 -1 -1 0 0 -1 -1 0 0 0 0 0 0 3
3 3 -1 -1 -1 0 0 -1 -1 -1 0 0 0 0 0 3 3
3 3 -1 -1 0 0 -1 -1 -1 -1 0 0 0 0 0 3 3
3 3 3 100 0 -1 -1 -1 -1 -1 0 0 0 0 3 3 3
3 3 3 3 3 -1 -1 -1 -1 -1 0 0 3 3 3 3 3
3 3 3 3 3 3 3 3 -1 3 3 3 3 3 3 3 3
18:45:16.924305 - stdout  :: 0 1
18:45:16.933345 - stdin   :: 6 29 -1 0
1 14
6 29
22 18
3 3 3 3 3 3 3 3 -1 3 3 3 3 3 3 3 3
3 3 3 3 3 -1 -1 -1 -1 -1 -1 -1 3 3 3 3 3
3 3 3 -1 -1 -1 -1 -1 -1 -1 -1 -1 -1 -1 3 3 3
3 3 0 0 0 0 0 0 0 0 0 0 0 0 0 3 3
3 3 -1 -1 -1 -1 -1 -1 -1 -1 -1 -1 -1 -1 -1 3 3
3 -1 -1 -1 -1 -1 -1 -1 0 0 0 0 0 0 0 0 3
3 -1 -1 -1 -1 -1 -1 -1 0 0 0 0 0 0 0 0 3
3 -1 -1 -1 -1 -1 -1 -1 0 0 0 0 0 0 0 0 3
-1 -1 -1 -1 -1 -1 -1 -1 0 0 0 0 0 0 0 0 0
3 -1 -1 -1 -1 -1 -1 -1 0 0 0 0 0 0 0 0 3
3 -1 -1 -1 -1 -1 -1 -1 0 0 0 0 0 0 0 0 3
3 -1 -1 -1 -1 -1 -1 0 0 -1 0 0 0 0 0 0 3
3 3 -1 -1 -1 -1 0 0 -1 -1 0 0 0 0 0 3 3
3 3 -1 -1 -1 0 0 -1 -1 -1 0 0 0 0 0 3 3
3 3 3 -1 0 0 -1 -1 -1 -1 0 0 0 0 3 3 3
3 3 3 3 3 -1 -1 -1 -1 -1 0 0 3 3 3 3 3
3 3 3 3 3 3 3 3 -1 3 3 3 3 3 3 3 3
18:45:16.936070 - stdout  :: 1 1
18:45:16.945204 - stdin   :: 6 30 0 1
1 16
6 30
22 18
3 3 3 3 3 3 3 3 -1 3 3 3 3 3 3 3 3
3 3 3 3 3 -1 -1 -1 -1 -1 -1 -1 3 3 3 3 3
3 3 3 -1 -1 -1 -1 -1 -1 -1 -1 -1 -1 -1 3 3 3
3 3 0 0 0 0 0 0 0 0 0 0 0 0 0 3 3
3 3 -1 -1 -1 -1 -1 -1 -1 -1 -1 -1 -1 -1 -1 3 3
3 -1 -1 -1 -1 -1 -1 0 0 0 0 0 0 0 0 0 3
3 -1 -1 -1 -1 -1 -1 0 0 0 0 0 0 0 0 0 3
3 -1 -1 -1 -1 -1 -1 0 0 0 0 0 0 0 0 0 3
-1 -1 -1 -1 -1 -1 -1 0 0 0 0 0 0 0 0 0 0
3 -1 -1 -1 -1 -1 -1 0 0 0 0 0 0 0 0 0 3
3 -1 -1 -1 -1 -1 -1 0 0 0 0 0 0 0 0 0 3
3 -1 -1 -1 -1 -1 0 0 -1 0 0 0 0 0 0 0 3
3 3 -1 -1 -1 0 0 -1 -1 0 0 0 0 0 0 3 3
3 3 -1 -1 0 0 -1 -1 -1 0 0 0 0 0 0 3 3
3 3 3 0 0 -1 -1 -1 -1 0 0 0 0 0 3 3 3
3 3 3 3 3 -1 -1 -1 -1 0 0 0 3 3 3 3 3
3 3 3 3 3 3 3 3 -1 3 3 3 3 3 3 3 3
18:45:16.947906 - stdout  :: 1 -1
18:45:16.957154 - stdin   :: 7 30 1 0
1 18
7 30
22 18
3 3 3 3 3 3 3 3 -1 3 3 3 3 3 3 3 3
3 3 3 3 3 -1 -1 -1 -1 -1 -1 -1 3 3 3 3 3
3 3 3 0 0 0 0 0 0 0 0 0 0 0 3 3 3
3 3 -1 -1 -1 -1 -1 -1 -1 -1 -1 -1 -1 -1 -1 3 3
3 3 -1 -1 -1 -1 -1 0 0 0 0 0 0 0 0 3 3
3 -1 -1 -1 -1 -1 -1 0 0 0 0 0 0 0 0 0 3
3 -1 -1 -1 -1 -1 -1 0 0 0 0 0 0 0 0 0 3
3 -1 -1 -1 -1 -1 -1 0 0 0 0 0 0 0 0 0 3
-1 -1 -1 -1 -1 -1 -1 0 0 0 0 0 0 0 0 0 0
3 -1 -1 -1 -1 -1 -1 0 0 0 0 0 0 0 0 0 3
3 -1 -1 -1 -1 -1 0 0 -1 0 0 0 0 0 0 0 3
3 -1 -1 -1 -1 0 0 -1 -1 0 0 0 0 0 0 0 3
3 3 -1 -1 0 0 -1 -1 -1 0 0 0 0 0 0 3 3
3 3 -1 0 0 -1 -1 -1 -1 0 0 0 0 0 0 3 3
3 3 3 0 -1 -1 -1 -1 -1 0 0 0 0 0 3 3 3
3 3 3 3 3 -1 -1 -1 -1 0 0 0 3 3 3 3 3
3 3 3 3 3 3 3 3 -1 3 3 3 3 3 3 3 3
18:45:16.959689 - stdout  :: 1 -1
18:45:16.969586 - stdin   :: 9 29 2 -1
1 18
9 29
22 18
3 3 3 3 3 3 3 3 0 3 3 3 3 3 3 3 3
3 3 3 3 3 -1 -1 -1 -1 -1 -1 -1 3 3 3 3 3
3 3 3 -1 -1 -1 -1 -1 0 0 0 0 0 0 3 3 3
3 3 -1 -1 -1 -1 -1 -1 0 0 0 0 0 0 0 3 3
3 3 -1 -1 -1 -1 -1 -1 0 0 0 0 0 0 0 3 3
3 -1 -1 -1 -1 -1 -1 -1 0 0 0 0 0 0 0 0 3
3 -1 -1 -1 -1 -1 -1 -1 0 0 0 0 0 0 0 0 3
3 -1 -1 -1 -1 -1 -1 -1 0 0 0 0 0 0 0 0 3
-1 -1 -1 -1 -1 -1 -1 0 0 -1 0 0 0 0 0 0 0
3 -1 -1 -1 -1 -1 0 0 -1 -1 0 0 0 0 0 0 3
3 -1 -1 -1 -1 0 0 -1 -1 -1 0 0 0 0 0 0 3
3 -1 -1 -1 0 0 -1 -1 -1 -1 0 0 0 0 0 0 3
3 3 -1 100 0 -1 -1 -1 -1 -1 0 0 0 0 0 3 3
3 3 100 100 -1 -1 -1 -1 -1 -1 0 0 0 0 0 3 3
3 3 3 100 -1 -1 -1 -1 -1 -1 0 0 0 0 3 3 3
3 3 3 3 3 -1 -1 -1 -1 -1 0 0 3 3 3 3 3
3 3 3 3 3 3 3 3 -1 3 3 3 3 3 3 3 3
18:45:16.971451 - stdout  :: 0 -1
18:45:16.977347 - stdin   :: 11 27 2 -2
1 18
11 27
22 18
3 3 3 3 3 3 3 3 -1 3 3 3 3 3 3 3 3
3 3 3 3 3 -1 -1 -1 -1 -1 0 0 3 3 3 3 3
3 3 3 -1 -1 -1 -1 -1 -1 -1 0 0 0 0 3 3 3
3 3 -1 -1 -1 -1 -1 -1 -1 -1 0 0 0 0 0 3 3
3 3 -1 -1 -1 -1 -1 -1 -1 -1 0 0 0 0 0 3 3
3 0 -1 -1 -1 -1 -1 -1 -1 -1 0 0 0 0 0 0 3
3 0 -1 -1 -1 -1 -1 -1 -1 0 0 -1 0 0 0 0 3
3 0 -1 -1 -1 -1 -1 -1 0 0 -1 -1 0 0 0 0 3
-1 0 -1 -1 -1 -1 -1 0 0 -1 -1 -1 0 0 0 0 0
3 0 -1 -1 -1 -1 0 0 -1 -1 -1 -1 0 0 0 0 3
3 0 -1 -1 -1 100 0 -1 -1 -1 -1 -1 0 0 0 0 3
3 0 -1 -1 100 100 -1 -1 -1 -1 -1 -1 0 0 0 0 3
3 3 -1 100 100 100 -1 -1 -1 -1 -1 -1 0 0 0 3 3
3 3 -1 100 100 -1 -1 -1 -1 -1 -1 -1 0 0 0 3 3
3 3 3 100 100 -1 -1 -1 -1 -1 -1 -1 0 0 3 3 3
3 3 3 3 3 -1 -1 -1 -1 -1 -1 -1 3 3 3 3 3
3 3 3 3 3 3 3 3 -1 3 3 3 3 3 3 3 3
18:45:16.979138 - stdout  :: 0 -1
18:45:20.266739 - stdin   :: ~~~END~~~
18:45:20.270223 - control :: Server has terminated, no more data.
