21:45:36.515584 - control :: Starting bot process.
21:45:36.655555 - control :: Bot has initialised, connecting to server.
21:45:37.734335 - stdin   :: 40 60 4 8
21:45:37.742969 - stdin   :: 3 49 0 0
4 48
3 49
3 50
3 51
3 3 3 3 3 3 3 3 -1 3 3 3 3 3 3 3 3
3 3 3 3 3 -1 -1 -1 -1 -1 -1 -1 3 3 3 3 3
3 3 3 -1 -1 -1 -1 -1 -1 -1 -1 -1 -1 -1 3 3 3
3 3 -1 -1 -1 -1 -1 -1 -1 -1 -1 -1 -1 -1 -1 3 3
3 3 -1 -1 -1 -1 -1 -1 -1 -1 -1 -1 -1 -1 -1 3 3
3 -1 -1 -1 -1 -1 -1 -1 -1 -1 -1 -1 -1 -1 -1 -1 3
3 -1 -1 -1 -1 -1 -1 -1 -1 -1 -1 -1 -1 -1 -1 -1 3
3 -1 -1 -1 -1 -1 -1 -1 -1 -1 -1 -1 -1 -1 -1 -1 3
-1 -1 -1 -1 -1 -1 -1 1 1 1 1 1 1 1 1 -1 -1
3 -1 -1 -1 -1 -1 1 1 1 1 1 1 1 1 1 1 3
3 -1 -1 -1 -1 -1 0 1 1 1 1 1 1 1 1 1 3
3 0 -1 -1 -1 -1 0 0 0 0 0 0 0 0 1 1 3
3 3 -1 -1 -1 -1 0 0 0 0 0 0 0 0 0 3 3
3 3 -1 -1 -1 -1 0 0 0 0 0 0 0 0 0 3 3
3 3 3 -1 -1 -1 0 0 0 0 0 0 0 0 3 3 3
3 3 3 3 3 -1 0 0 0 0 0 0 3 3 3 3 3
3 3 3 3 3 3 3 3 0 3 3 3 3 3 3 3 3
21:45:37.745337 - stdout  :: 1 0
21:45:37.761055 - stdin   :: 4 49 1 0
5 48
4 49
3 49
4 50
3 3 3 3 3 3 3 3 -1 3 3 3 3 3 3 3 3
3 3 3 3 3 -1 -1 -1 -1 -1 -1 -1 3 3 3 3 3
3 3 3 -1 -1 -1 -1 -1 -1 -1 -1 -1 -1 -1 3 3 3
3 3 -1 -1 -1 -1 -1 -1 -1 -1 -1 -1 -1 -1 -1 3 3
3 3 -1 -1 -1 -1 -1 -1 -1 -1 -1 -1 -1 -1 -1 3 3
3 -1 -1 -1 -1 -1 -1 -1 -1 -1 -1 -1 -1 -1 -1 -1 3
3 -1 -1 -1 -1 -1 -1 -1 -1 -1 -1 -1 -1 -1 -1 -1 3
3 -1 -1 -1 -1 -1 -1 1 1 1 1 1 1 1 1 -1 3
-1 -1 -1 -1 -1 -1 1 1 1 1 1 1 1 1 1 1 -1
3 -1 -1 -1 -1 -1 0 1 1 1 1 1 1 1 1 1 3
3 0 -1 -1 -1 -1 0 0 0 0 0 0 0 0 1 1 3
3 0 -1 -1 -1 -1 0 0 0 0 0 0 0 0 0 1 3
3 3 -1 -1 -1 -1 0 0 0 0 0 0 0 0 0 3 3
3 3 -1 -1 -1 -1 0 0 0 0 0 0 0 0 0 3 3
3 3 3 -1 -1 -1 0 0 0 0 0 0 0 0 3 3 3
3 3 3 3 3 -1 0 0 0 0 0 0 3 3 3 3 3
3 3 3 3 3 3 3 3 0 3 3 3 3 3 3 3 3
21:45:37.763401 - stdout  :: 1 0
21:45:37.771990 - stdin   :: 6 49 2 0
7 47
6 49
3 48
6 48
3 3 3 3 3 3 3 3 -1 3 3 3 3 3 3 3 3
3 3 3 3 3 -1 -1 -1 -1 -1 -1 -1 3 3 3 3 3
3 3 3 -1 -1 -1 -1 -1 -1 -1 -1 -1 -1 -1 3 3 3
3 3 -1 -1 -1 -1 -1 -1 -1 -1 -1 -1 -1 -1 -1 3 3
3 3 -1 -1 -1 -1 -1 -1 -1 -1 -1 -1 -1 -1 -1 3 3
3 -1 -1 -1 -1 -1 -1 1 1 1 1 1 1 1 1 -1 3
3 -1 -1 -1 -1 -1 1 1 1 1 1 1 1 1 1 1 3
3 -1 -1 -1 -1 -1 0 1 1 1 1 1 1 1 1 1 3
0 0 -1 -1 -1 -1 0 0 0 0 0 0 0 0 1 1 -1
3 0 -1 -1 -1 -1 0 0 0 0 0 0 0 0 0 1 3
3 0 -1 -1 -1 -1 0 0 0 0 0 0 0 0 0 1 3
3 0 -1 -1 -1 -1 0 0 0 0 0 0 0 0 0 0 3
3 3 -1 -1 -1 -1 0 0 0 0 0 0 0 0 0 3 3
3 3 -1 -1 -1 -1 0 0 0 0 0 0 0 0 0 3 3
3 3 3 -1 -1 -1 -1 0 0 0 0 0 0 0 3 3 3
3 3 3 3 3 -1 -1 -1 -1 0 -1 -1 3 3 3 3 3
3 3 3 3 3 3 3 3 -1 3 3 3 3 3 3 3 3
21:45:37.774500 - stdout  :: 1 1
21:45:37.783267 - stdin   :: 9 50 3 1
8 47
9 50
3 48
9 47
3 3 3 3 3 3 3 3 -1 3 3 3 3 3 3 3 3
3 3 3 3 3 -1 -1 -1 -1 -1 -1 -1 3 3 3 3 3
3 3 3 -1 -1 -1 1 1 1 1 1 1 1 1 3 3 3
3 3 -1 -1 -1 1 1 1 1 1 1 1 1 1 1 3 3
3 3 -1 -1 -1 0 1 1 1 1 1 1 1 1 1 3 3
3 -1 -1 -1 -1 0 0 0 0 0 0 0 0 1 1 -1 3
3 -1 -1 -1 -1 0 0 0 0 0 0 0 0 0 1 -1 3
3 -1 -1 -1 -1 0 0 0 0 0 0 0 0 0 1 -1 3
0 -1 -1 -1 -1 0 0 0 0 0 0 0 0 0 0 -1 -1
3 -1 -1 -1 -1 0 0 0 0 0 0 0 0 0 0 -1 3
3 -1 -1 -1 -1 0 0 0 0 0 0 0 0 0 -1 -1 3
3 -1 -1 -1 -1 -1 0 0 0 0 0 0 0 -1 -1 -1 3
3 3 -1 -1 -1 -1 -1 -1 0 -1 -1 -1 -1 -1 -1 3 3
3 3 -1 -1 -1 -1 -1 -1 0 -1 -1 -1 -1 -1 -1 3 3
3 3 3 -1 -1 -1 -1 -1 0 -1 -1 -1 -1 -1 3 3 3
3 3 3 3 3 -1 -1 -1 0 -1 -1 -1 3 3 3 3 3
3 3 3 3 3 3 3 3 0 3 3 3 3 3 3 3 3
21:45:37.785788 - stdout  :: 0 -1
21:45:37.791117 - stdin   :: 12 50 3 0
9 47
12 50
3 48
11 47
3 3 3 3 3 3 3 3 1 3 3 3 3 3 3 3 3
3 3 3 3 3 0 1 1 1 1 1 1 3 3 3 3 3
3 3 3 -1 -1 0 0 0 0 0 0 0 0 1 3 3 3
3 3 -1 -1 -1 0 0 0 0 0 0 0 0 0 1 3 3
3 3 -1 -1 -1 0 0 0 0 0 0 0 0 0 1 3 3
3 -1 -1 -1 -1 0 0 0 0 0 0 0 0 0 0 -1 3
3 -1 -1 -1 -1 0 0 0 0 0 0 0 0 0 0 -1 3
3 -1 -1 -1 -1 0 0 0 0 0 0 0 0 0 -1 -1 3
-1 -1 -1 -1 -1 -1 0 0 0 0 0 0 0 -1 -1 -1 -1
3 -1 -1 -1 -1 -1 -1 -1 0 -1 -1 -1 -1 -1 -1 -1 3
3 -1 -1 -1 -1 -1 -1 -1 0 -1 -1 -1 -1 -1 -1 -1 3
3 -1 -1 -1 -1 -1 -1 -1 0 -1 -1 -1 -1 -1 -1 -1 3
3 3 -1 -1 -1 -1 -1 -1 0 -1 -1 -1 -1 -1 -1 3 3
3 3 -1 -1 -1 -1 -1 -1 0 -1 -1 -1 -1 -1 -1 3 3
3 3 3 -1 -1 -1 -1 -1 0 -1 -1 -1 -1 -1 3 3 3
3 3 3 3 3 -1 -1 0 0 0 0 0 3 3 3 3 3
3 3 3 3 3 3 3 3 0 3 3 3 3 3 3 3 3
21:45:37.793306 - stdout  :: 0 0
21:45:37.799232 - stdin   :: 15 50 3 0
10 47
15 50
3 48
12 48
3 3 3 3 3 3 3 3 0 3 3 3 3 3 3 3 3
3 3 3 3 3 0 0 0 0 0 0 0 3 3 3 3 3
3 3 3 -1 -1 0 0 0 0 0 0 0 0 0 3 3 3
3 3 -1 -1 -1 0 0 0 0 0 0 0 0 0 0 3 3
3 3 -1 -1 -1 0 0 0 0 0 0 0 0 0 -1 3 3
3 -1 -1 -1 -1 -1 0 0 0 0 0 0 0 -1 -1 -1 3
3 -1 -1 -1 -1 -1 -1 -1 0 -1 -1 -1 -1 -1 -1 -1 3
3 -1 -1 -1 -1 -1 -1 -1 0 -1 -1 -1 -1 -1 -1 -1 3
-1 -1 -1 -1 -1 -1 -1 -1 0 -1 -1 -1 -1 -1 -1 -1 -1
3 -1 -1 -1 -1 -1 -1 -1 0 -1 -1 -1 -1 -1 -1 -1 3
3 -1 -1 -1 -1 -1 -1 -1 0 -1 -1 -1 -1 -1 -1 -1 3
3 -1 -1 -1 -1 -1 -1 -1 0 -1 -1 -1 -1 -1 -1 -1 3
3 3 -1 -1 -1 -1 -1 0 0 0 0 0 -1 -1 -1 3 3
3 3 -1 -1 -1 -1 0 0 0 0 0 0 0 -1 -1 3 3
3 3 3 -1 -1 -1 0 0 0 0 0 0 0 0 3 3 3
3 3 3 3 3 -1 0 0 0 0 0 0 3 3 3 3 3
3 3 3 3 3 3 3 3 0 3 3 3 3 3 3 3 3
21:45:37.801170 - stdout  :: 0 0
21:45:37.807706 - stdin   :: 18 50 3 0
11 47
18 50
3 48
13 50
3 3 3 3 3 3 3 3 0 3 3 3 3 3 3 3 3
3 3 3 3 3 0 0 0 0 0 0 0 3 3 3 3 3
3 3 3 -1 -1 -1 0 0 0 0 0 0 0 -1 3 3 3
3 3 -1 -1 -1 -1 -1 -1 0 -1 -1 -1 -1 -1 -1 3 3
3 3 -1 -1 -1 -1 -1 -1 0 -1 -1 -1 -1 -1 -1 3 3
3 -1 -1 -1 -1 -1 -1 -1 0 -1 -1 -1 -1 -1 -1 -1 3
3 -1 -1 -1 -1 -1 -1 -1 0 -1 -1 -1 -1 -1 -1 -1 3
3 -1 -1 -1 -1 -1 -1 -1 0 -1 -1 -1 -1 -1 -1 -1 3
-1 -1 -1 -1 -1 -1 -1 -1 0 -1 -1 -1 -1 -1 -1 -1 -1
3 -1 -1 -1 -1 -1 -1 0 0 0 0 0 -1 -1 -1 -1 3
3 -1 -1 -1 -1 -1 0 0 0 0 0 0 0 -1 -1 -1 3
3 -1 -1 -1 -1 -1 0 0 0 0 0 0 0 0 -1 -1 3
3 3 -1 -1 -1 -1 0 0 0 0 0 0 0 0 -1 3 3
3 3 -1 -1 -1 -1 0 0 0 0 0 0 0 0 -1 3 3
3 3 3 -1 -1 -1 0 0 0 0 0 0 0 0 3 3 3
3 3 3 3 3 -1 0 0 0 0 0 0 3 3 3 3 3
3 3 3 3 3 3 3 3 0 3 3 3 3 3 3 3 3
21:45:37.809515 - stdout  :: 0 0
21:45:37.814921 - stdin   :: 21 50 3 0
11 48
21 50
3 48
13 50
3 3 3 3 3 3 3 3 0 3 3 3 3 3 3 3 3
3 3 3 3 3 -1 -1 -1 0 -1 -1 -1 3 3 3 3 3
3 3 3 -1 -1 -1 -1 -1 0 -1 -1 -1 -1 -1 3 3 3
3 3 -1 -1 -1 -1 -1 -1 0 -1 -1 -1 -1 -1 -1 3 3
3 3 -1 -1 -1 -1 -1 -1 0 -1 -1 -1 -1 -1 -1 3 3
3 -1 -1 -1 -1 -1 -1 -1 0 -1 -1 -1 -1 -1 -1 -1 3
3 -1 -1 -1 -1 -1 -1 0 0 0 0 0 -1 -1 -1 -1 3
3 -1 -1 -1 -1 -1 0 0 0 0 0 0 0 -1 -1 -1 3
-1 -1 -1 -1 -1 -1 0 0 0 0 0 0 0 0 -1 -1 -1
3 -1 -1 -1 -1 -1 0 0 0 0 0 0 0 0 -1 -1 3
3 0 -1 -1 -1 -1 0 0 0 0 0 0 0 0 -1 -1 3
3 -1 0 -1 -1 -1 0 0 0 0 0 0 0 0 -1 -1 3
3 3 0 -1 -1 -1 0 0 0 0 0 0 0 0 -1 3 3
3 3 0 -1 -1 -1 -1 0 0 0 0 0 0 -1 -1 3 3
3 3 3 -1 -1 -1 -1 -1 0 -1 -1 -1 -1 -1 3 3 3
3 3 3 3 3 -1 -1 -1 0 -1 -1 -1 3 3 3 3 3
3 3 3 3 3 3 3 3 0 3 3 3 3 3 3 3 3
21:45:37.817197 - stdout  :: 0 0
21:45:37.820040 - stdin   :: 24 50 3 0
11 49
24 50
3 48
13 50
3 3 3 3 3 3 3 3 0 3 3 3 3 3 3 3 3
3 3 3 3 3 -1 -1 -1 0 -1 -1 -1 3 3 3 3 3
3 3 3 -1 -1 -1 -1 -1 0 -1 -1 -1 -1 -1 3 3 3
3 3 -1 -1 -1 -1 -1 0 0 0 0 0 -1 -1 -1 3 3
3 3 -1 -1 -1 -1 0 0 0 0 0 0 0 -1 -1 3 3
3 -1 -1 -1 -1 -1 0 0 0 0 0 0 0 0 -1 -1 3
3 -1 -1 -1 -1 -1 0 0 0 0 0 0 0 0 -1 -1 3
3 0 -1 -1 -1 -1 0 0 0 0 0 0 0 0 -1 -1 3
-1 -1 0 -1 -1 -1 0 0 0 0 0 0 0 0 -1 -1 -1
3 -1 0 -1 -1 -1 0 0 0 0 0 0 0 0 -1 -1 3
3 -1 0 -1 -1 -1 -1 0 0 0 0 0 0 -1 -1 -1 3
3 -1 0 -1 -1 -1 -1 -1 0 -1 -1 -1 -1 -1 -1 -1 3
3 3 0 -1 -1 -1 -1 -1 0 -1 -1 -1 -1 -1 -1 3 3
3 3 0 -1 -1 -1 -1 -1 0 -1 -1 -1 -1 -1 -1 3 3
3 3 3 -1 -1 -1 -1 -1 0 -1 -1 -1 -1 -1 3 3 3
3 3 3 3 3 -1 -1 0 0 0 0 -1 3 3 3 3 3
3 3 3 3 3 3 3 3 0 3 3 3 3 3 3 3 3
21:45:37.821960 - stdout  :: 0 0
21:45:37.827131 - stdin   :: 27 50 3 0
11 50
27 50
3 49
13 50
3 3 3 3 3 3 3 3 0 3 3 3 3 3 3 3 3
3 3 3 3 3 -1 0 0 0 0 0 0 3 3 3 3 3
3 3 3 -1 -1 -1 0 0 0 0 0 0 0 0 3 3 3
3 3 -1 -1 -1 -1 0 0 0 0 0 0 0 0 -1 3 3
3 3 -1 -1 -1 -1 0 0 0 0 0 0 0 0 -1 3 3
3 -1 0 -1 -1 -1 0 0 0 0 0 0 0 0 -1 -1 3
3 -1 0 -1 -1 -1 0 0 0 0 0 0 0 0 -1 -1 3
3 -1 0 -1 -1 -1 -1 0 0 0 0 0 0 -1 -1 -1 3
-1 -1 0 -1 -1 -1 -1 -1 0 -1 -1 -1 -1 -1 -1 -1 -1
3 -1 0 -1 -1 -1 -1 -1 0 -1 -1 -1 -1 -1 -1 -1 3
3 -1 0 -1 -1 -1 -1 -1 0 -1 -1 -1 -1 -1 -1 -1 3
3 0 -1 -1 -1 -1 -1 -1 0 -1 -1 -1 -1 -1 -1 -1 3
3 3 -1 -1 -1 -1 -1 0 0 0 0 -1 -1 -1 -1 3 3
3 3 -1 -1 -1 -1 0 0 0 0 0 0 -1 -1 -1 3 3
3 3 3 -1 -1 -1 0 0 0 0 0 0 0 -1 3 3 3
3 3 3 3 3 -1 0 0 0 0 0 0 3 3 3 3 3
3 3 3 3 3 3 3 3 0 3 3 3 3 3 3 3 3
21:45:37.828555 - stdout  :: 0 0
21:45:37.835580 - stdin   :: 30 50 3 0
11 51
30 50
3 50
13 50
3 3 3 3 3 3 3 3 0 3 3 3 3 3 3 3 3
3 3 3 3 3 -1 0 0 0 0 0 0 3 3 3 3 3
3 3 3 -1 -1 -1 0 0 0 0 0 0 0 0 3 3 3
3 3 0 -1 -1 -1 0 0 0 0 0 0 0 0 -1 3 3
3 3 0 -1 -1 -1 -1 0 0 0 0 0 0 -1 -1 3 3
3 -1 0 -1 -1 -1 -1 -1 0 -1 -1 -1 -1 -1 -1 -1 3
3 -1 0 -1 -1 -1 -1 -1 0 -1 -1 -1 -1 -1 -1 -1 3
3 -1 0 -1 -1 -1 -1 -1 0 -1 -1 -1 -1 -1 -1 -1 3
-1 0 -1 -1 -1 -1 -1 -1 0 -1 -1 -1 -1 -1 -1 -1 -1
3 -1 -1 -1 -1 -1 -1 0 0 0 0 -1 -1 -1 -1 -1 3
3 -1 -1 -1 -1 -1 0 0 0 0 0 0 -1 -1 -1 -1 3
3 -1 -1 -1 -1 -1 0 0 0 0 0 0 0 -1 -1 -1 3
3 3 -1 -1 -1 -1 0 0 0 0 0 0 0 -1 -1 3 3
3 3 0 0 0 0 0 0 0 0 0 0 0 -1 -1 3 3
3 3 3 -1 -1 -1 -1 0 0 0 0 0 0 -1 3 3 3
3 3 3 3 3 -1 -1 -1 0 0 0 0 3 3 3 3 3
3 3 3 3 3 3 3 3 -1 3 3 3 3 3 3 3 3
21:45:37.837320 - stdout  :: 0 1
21:45:37.842728 - stdin   :: 33 51 3 1
12 52
33 51
3 51
13 50
3 3 3 3 3 3 3 3 0 3 3 3 3 3 3 3 3
3 3 3 3 3 -1 0 0 0 0 0 0 3 3 3 3 3
3 3 3 -1 -1 -1 -1 0 -1 -1 -1 -1 -1 -1 3 3 3
3 3 -1 -1 -1 -1 -1 0 -1 -1 -1 -1 -1 -1 -1 3 3
3 3 -1 -1 -1 -1 -1 0 -1 -1 -1 -1 -1 -1 -1 3 3
3 -1 -1 -1 -1 -1 -1 0 -1 -1 -1 -1 -1 -1 -1 -1 3
3 -1 -1 -1 -1 -1 0 0 0 0 -1 -1 -1 -1 -1 -1 3
3 -1 -1 -1 -1 0 0 0 0 0 0 -1 -1 -1 -1 -1 3
-1 -1 -1 -1 -1 0 0 0 0 0 0 0 -1 -1 -1 -1 -1
3 -1 -1 -1 -1 0 0 0 0 0 0 0 -1 -1 -1 -1 3
3 0 0 0 0 0 0 0 0 0 0 0 -1 -1 -1 -1 3
3 -1 -1 -1 -1 -1 0 0 0 0 0 0 -1 -1 -1 -1 3
3 3 -1 -1 -1 -1 -1 0 0 0 0 -1 -1 -1 -1 3 3
3 3 -1 -1 -1 -1 -1 -1 -1 -1 -1 -1 -1 -1 -1 3 3
3 3 3 -1 -1 -1 -1 -1 -1 -1 -1 -1 -1 -1 3 3 3
3 3 3 3 3 -1 -1 -1 -1 -1 -1 -1 3 3 3 3 3
3 3 3 3 3 3 3 3 -1 3 3 3 3 3 3 3 3
21:45:37.844633 - stdout  :: -1 -1
21:45:37.854070 - stdin   :: 35 51 2 0
12 54
35 51
4 51
13 50
3 3 3 3 3 3 3 3 -1 3 3 3 3 3 3 3 3
3 3 3 3 3 -1 -1 0 -1 -1 -1 -1 3 3 3 3 3
3 3 3 -1 -1 -1 -1 0 -1 -1 -1 -1 -1 -1 3 3 3
3 3 -1 -1 -1 -1 -1 0 -1 -1 -1 -1 -1 -1 -1 3 3
3 3 -1 -1 -1 -1 0 0 0 0 -1 -1 -1 -1 -1 3 3
3 -1 -1 -1 -1 0 0 0 0 0 0 -1 -1 -1 -1 -1 3
3 -1 -1 -1 -1 0 0 0 0 0 0 0 -1 -1 -1 -1 3
3 -1 -1 -1 -1 0 0 0 0 0 0 0 -1 -1 -1 -1 3
0 0 0 0 0 0 0 0 0 0 0 0 -1 -1 -1 -1 -1
3 -1 -1 -1 -1 -1 0 0 0 0 0 0 -1 -1 -1 -1 3
3 -1 -1 -1 -1 -1 -1 0 0 0 0 -1 -1 -1 -1 -1 3
3 -1 -1 -1 -1 -1 -1 -1 -1 -1 -1 -1 -1 -1 -1 -1 3
3 3 -1 -1 -1 -1 -1 -1 -1 -1 -1 -1 -1 -1 -1 3 3
3 3 -1 -1 -1 -1 -1 -1 -1 -1 -1 -1 -1 -1 -1 3 3
3 3 3 -1 -1 -1 -1 -1 -1 -1 -1 -1 -1 -1 3 3 3
3 3 3 3 3 -1 -1 -1 -1 -1 -1 -1 3 3 3 3 3
3 3 3 3 3 3 3 3 -1 3 3 3 3 3 3 3 3
21:45:37.855947 - stdout  :: -1 -1
21:45:37.862726 - stdin   :: 36 50 1 -1
11 55
36 50
5 51
12 51
3 3 3 3 3 3 3 3 0 3 3 3 3 3 3 3 3
3 3 3 3 3 -1 -1 -1 0 -1 -1 -1 3 3 3 3 3
3 3 3 -1 -1 -1 -1 -1 0 -1 -1 -1 -1 -1 3 3 3
3 3 -1 -1 -1 -1 -1 0 0 0 0 -1 -1 -1 -1 3 3
3 3 -1 -1 -1 -1 0 0 0 0 0 0 -1 -1 -1 3 3
3 -1 -1 -1 -1 -1 0 0 0 0 0 0 0 -1 -1 -1 3
3 -1 -1 -1 -1 -1 0 0 0 0 0 0 0 -1 -1 -1 3
3 0 0 0 0 0 0 0 0 0 0 0 0 -1 -1 -1 3
-1 -1 -1 -1 -1 -1 -1 0 0 0 0 0 0 -1 -1 -1 -1
3 -1 -1 -1 -1 -1 -1 -1 0 0 0 0 -1 -1 -1 -1 3
3 -1 -1 -1 -1 -1 -1 -1 -1 -1 -1 -1 -1 -1 -1 -1 3
3 -1 -1 -1 -1 -1 -1 -1 -1 -1 -1 -1 -1 -1 -1 -1 3
3 3 -1 -1 -1 -1 -1 -1 -1 -1 -1 -1 -1 -1 -1 3 3
3 3 -1 -1 -1 -1 -1 -1 -1 -1 -1 -1 -1 -1 -1 3 3
3 3 3 -1 -1 -1 -1 -1 -1 -1 -1 -1 -1 -1 3 3 3
3 3 3 3 3 -1 -1 -1 -1 -1 -1 -1 3 3 3 3 3
3 3 3 3 3 3 3 3 -1 3 3 3 3 3 3 3 3
21:45:37.864315 - stdout  :: -1 0
21:45:37.870701 - stdin   :: 36 49 0 -1
10 56
36 49
6 51
10 53
3 3 3 3 3 3 3 3 -1 3 3 3 3 3 3 3 3
3 3 3 3 3 -1 -1 -1 -1 0 -1 -1 3 3 3 3 3
3 3 3 -1 -1 -1 -1 -1 -1 0 -1 -1 -1 -1 3 3 3
3 3 -1 -1 -1 -1 -1 -1 0 0 0 0 -1 -1 -1 3 3
3 3 -1 -1 -1 -1 -1 0 0 0 0 0 0 -1 -1 3 3
3 -1 -1 -1 -1 -1 -1 0 0 0 0 0 0 0 -1 -1 3
3 -1 -1 -1 -1 -1 -1 0 0 0 0 0 0 0 -1 -1 3
3 0 0 0 0 0 0 0 0 0 0 0 0 0 -1 -1 3
-1 -1 -1 -1 -1 -1 -1 -1 0 0 0 0 0 0 -1 -1 -1
3 -1 -1 -1 -1 -1 -1 -1 -1 0 0 0 0 -1 -1 -1 3
3 -1 -1 -1 -1 -1 -1 -1 -1 -1 -1 -1 -1 -1 -1 -1 3
3 -1 -1 -1 -1 -1 -1 -1 -1 -1 -1 -1 -1 -1 -1 -1 3
3 3 -1 -1 -1 -1 -1 -1 -1 -1 -1 -1 -1 -1 -1 3 3
3 3 -1 -1 -1 -1 -1 -1 -1 -1 -1 -1 -1 -1 -1 3 3
3 3 3 -1 -1 -1 -1 -1 -1 -1 -1 -1 -1 -1 3 3 3
3 3 3 3 3 -1 -1 -1 -1 -1 -1 -1 3 3 3 3 3
3 3 3 3 3 3 3 3 -1 3 3 3 3 3 3 3 3
21:45:37.871963 - stdout  :: -1 -1
21:45:37.878477 - stdin   :: 35 47 -1 -2
9 56
35 47
7 51
7 56
3 3 3 3 3 3 3 3 -1 3 3 3 3 3 3 3 3
3 3 3 3 3 0 -1 -1 -1 -1 -1 0 3 3 3 3 3
3 3 3 -1 -1 0 -1 -1 -1 -1 -1 0 -1 -1 3 3 3
3 3 -1 -1 0 -1 -1 -1 -1 -1 -1 0 -1 -1 -1 3 3
3 3 -1 0 -1 -1 -1 -1 -1 -1 0 0 0 0 -1 3 3
3 0 0 -1 -1 -1 -1 -1 -1 0 0 0 0 0 0 -1 3
3 0 -1 -1 -1 -1 -1 -1 -1 0 0 0 0 0 0 0 3
3 -1 -1 -1 -1 -1 -1 -1 -1 0 0 0 0 0 0 0 3
0 0 0 0 0 0 0 0 0 0 0 0 0 0 0 0 -1
3 -1 -1 -1 -1 -1 -1 -1 -1 -1 0 0 0 0 0 0 3
3 -1 -1 -1 -1 -1 -1 -1 -1 -1 -1 0 0 0 0 -1 3
3 -1 -1 -1 -1 -1 -1 -1 -1 -1 -1 -1 -1 -1 -1 -1 3
3 3 -1 -1 -1 -1 -1 -1 -1 -1 -1 -1 -1 -1 -1 3 3
3 3 -1 -1 -1 -1 -1 -1 -1 -1 -1 -1 -1 -1 -1 3 3
3 3 3 -1 -1 -1 -1 -1 -1 -1 -1 -1 -1 -1 3 3 3
3 3 3 3 3 -1 -1 -1 -1 -1 -1 -1 3 3 3 3 3
3 3 3 3 3 3 3 3 -1 3 3 3 3 3 3 3 3
21:45:37.879608 - stdout  :: 1 -1
21:45:37.885756 - stdin   :: 35 44 0 -3
8 56
35 44
8 51
7 56
3 3 3 3 3 3 3 3 0 3 3 3 3 3 3 3 3
3 3 3 3 3 -1 -1 -1 0 -1 -1 -1 3 3 3 3 3
3 3 3 0 -1 -1 -1 -1 0 -1 -1 -1 -1 -1 3 3 3
3 3 0 0 0 -1 -1 0 -1 -1 -1 -1 -1 -1 0 3 3
3 3 0 0 0 -1 0 -1 -1 -1 -1 -1 -1 0 0 3 3
3 0 0 0 0 0 -1 -1 -1 -1 -1 -1 0 0 0 0 3
3 0 0 0 0 -1 -1 -1 -1 -1 -1 -1 0 0 0 0 3
3 0 0 0 -1 -1 -1 -1 -1 -1 -1 -1 0 0 0 0 3
0 0 0 0 0 0 0 0 0 0 0 0 0 0 0 0 0
3 0 0 -1 -1 -1 -1 -1 -1 -1 -1 -1 -1 0 0 0 3
3 -1 -1 -1 -1 -1 -1 -1 -1 -1 -1 -1 -1 -1 0 0 3
3 -1 -1 -1 -1 -1 -1 -1 -1 -1 -1 -1 -1 -1 -1 -1 3
3 3 -1 -1 -1 -1 -1 -1 -1 -1 -1 -1 -1 -1 -1 3 3
3 3 -1 -1 -1 -1 -1 -1 -1 -1 -1 -1 -1 -1 -1 3 3
3 3 3 -1 -1 -1 -1 -1 -1 -1 -1 -1 -1 -1 3 3 3
3 3 3 3 3 -1 -1 -1 -1 -1 -1 -1 3 3 3 3 3
3 3 3 3 3 3 3 3 -1 3 3 3 3 3 3 3 3
21:45:37.886807 - stdout  :: 0 0
21:45:37.891638 - stdin   :: 35 41 0 -3
6 56
35 41
9 51
7 56
3 3 3 3 3 3 3 3 -1 3 3 3 3 3 3 3 3
3 3 3 3 3 0 -1 -1 -1 -1 -1 0 3 3 3 3 3
3 3 3 0 0 0 0 -1 -1 -1 -1 0 -1 -1 3 3 3
3 3 0 0 0 0 0 0 -1 -1 0 -1 -1 -1 -1 3 3
3 3 0 0 0 0 0 0 -1 0 -1 -1 -1 -1 -1 3 3
3 0 0 0 0 0 0 0 0 -1 -1 -1 -1 -1 -1 0 3
3 0 0 0 0 0 0 0 -1 -1 -1 -1 -1 -1 -1 0 3
3 0 0 0 0 0 0 -1 -1 -1 -1 -1 -1 -1 -1 0 3
0 0 0 0 0 0 0 0 0 0 0 0 0 0 0 0 0
3 0 0 0 0 0 -1 -1 -1 -1 -1 -1 -1 -1 -1 -1 3
3 0 0 0 -1 -1 -1 -1 -1 -1 -1 -1 -1 -1 -1 -1 3
3 -1 -1 -1 -1 -1 -1 -1 -1 -1 -1 -1 -1 -1 -1 -1 3
3 3 -1 -1 -1 -1 -1 -1 -1 -1 -1 -1 -1 -1 -1 3 3
3 3 -1 -1 -1 -1 -1 -1 -1 -1 -1 -1 -1 -1 -1 3 3
3 3 3 -1 -1 -1 -1 -1 -1 -1 -1 -1 -1 -1 3 3 3
3 3 3 3 3 -1 -1 -1 -1 -1 -1 -1 3 3 3 3 3
3 3 3 3 3 3 3 3 -1 3 3 3 3 3 3 3 3
21:45:37.893034 - stdout  :: -1 0
21:45:37.897663 - stdin   :: 34 38 -1 -3
4 56
34 38
10 51
7 56
3 3 3 3 3 3 3 3 -1 3 3 3 3 3 3 3 3
3 3 3 3 3 0 0 0 -1 -1 -1 -1 3 3 3 3 3
3 3 3 0 0 0 0 0 0 -1 -1 -1 -1 -1 3 3 3
3 3 0 0 0 0 0 0 0 0 -1 -1 -1 -1 0 3 3
3 3 0 0 0 0 0 0 0 0 0 -1 -1 0 -1 3 3
3 0 0 0 0 0 0 0 0 0 0 -1 0 -1 -1 -1 3
3 0 0 0 0 0 0 0 0 0 0 0 -1 -1 -1 -1 3
3 0 0 0 0 0 0 0 0 0 0 -1 -1 -1 -1 -1 3
0 0 0 0 0 0 0 0 0 0 -1 -1 -1 -1 -1 -1 -1
3 0 0 0 0 0 0 0 0 0 0 0 0 0 0 0 3
3 0 0 0 0 0 0 0 0 -1 -1 -1 -1 -1 -1 -1 3
3 0 0 0 0 0 0 -1 -1 -1 -1 -1 -1 -1 -1 -1 3
3 3 -1 -1 -1 -1 -1 -1 -1 -1 -1 -1 -1 -1 -1 3 3
3 3 -1 -1 -1 -1 -1 -1 -1 -1 -1 -1 -1 -1 -1 3 3
3 3 3 -1 -1 -1 -1 -1 -1 -1 -1 -1 -1 -1 3 3 3
3 3 3 3 3 -1 -1 -1 -1 -1 -1 -1 3 3 3 3 3
3 3 3 3 3 3 3 3 -1 3 3 3 3 3 3 3 3
21:45:37.899881 - stdout  :: 1 0
21:45:37.904736 - stdin   :: 34 35 0 -3
3 55
34 35
11 51
7 56
3 3 3 3 3 3 3 3 -1 3 3 3 3 3 3 3 3
3 3 3 3 3 0 0 0 0 0 0 -1 3 3 3 3 3
3 3 3 0 0 0 0 0 0 0 0 0 -1 -1 3 3 3
3 3 0 0 0 0 0 0 0 0 0 0 0 -1 -1 3 3
3 3 0 0 0 0 0 0 0 0 0 0 0 0 -1 3 3
3 0 0 0 0 0 0 0 0 0 0 0 0 0 -1 0 3
3 0 0 0 0 0 0 0 0 0 0 0 0 0 0 -1 3
3 0 0 0 0 0 0 0 0 0 0 0 0 0 -1 -1 3
0 0 0 0 0 0 0 0 0 0 0 0 0 -1 -1 -1 -1
3 0 0 0 0 0 0 0 0 0 0 0 0 0 0 0 3
3 0 0 0 0 0 0 0 0 0 0 0 -1 -1 -1 -1 3
3 -1 0 0 0 0 0 0 0 0 -1 -1 -1 -1 -1 -1 3
3 3 -1 -1 -1 -1 -1 -1 -1 -1 -1 -1 -1 -1 -1 3 3
3 3 -1 -1 -1 -1 -1 -1 -1 -1 -1 -1 -1 -1 -1 3 3
3 3 3 -1 -1 -1 -1 -1 -1 -1 -1 -1 -1 -1 3 3 3
3 3 3 3 3 -1 -1 -1 -1 -1 -1 -1 3 3 3 3 3
3 3 3 3 3 3 3 3 -1 3 3 3 3 3 3 3 3
21:45:37.907142 - stdout  :: 1 0
21:45:37.916491 - stdin   :: 35 32 1 -3
3 53
35 32
11 50
7 56
3 3 3 3 3 3 3 3 0 3 3 3 3 3 3 3 3
3 3 3 3 3 0 0 0 0 0 0 0 3 3 3 3 3
3 3 3 -1 0 0 0 0 0 0 0 0 0 0 3 3 3
3 3 -1 0 0 0 0 0 0 0 0 0 0 0 0 3 3
3 3 -1 0 0 0 0 0 0 0 0 0 0 0 0 3 3
3 -1 -1 0 0 0 0 0 0 0 0 0 0 0 0 0 3
3 -1 -1 0 0 0 0 0 0 0 0 0 0 0 0 0 3
3 -1 -1 0 0 0 0 0 0 0 0 0 0 0 0 0 3
-1 -1 -1 0 0 0 0 0 0 0 0 0 0 0 0 0 0
3 -1 -1 0 0 0 0 0 0 0 0 0 0 0 0 -1 3
3 -1 -1 -1 -1 0 0 0 0 0 0 0 0 -1 -1 -1 3
3 -1 -1 -1 -1 -1 -1 -1 -1 -1 -1 -1 -1 -1 -1 -1 3
3 3 -1 -1 -1 -1 -1 -1 -1 -1 -1 -1 -1 -1 -1 3 3
3 3 -1 -1 -1 -1 -1 -1 -1 -1 -1 -1 -1 -1 -1 3 3
3 3 3 -1 -1 -1 -1 -1 -1 -1 -1 -1 -1 -1 3 3 3
3 3 3 3 3 -1 -1 -1 -1 -1 -1 -1 3 3 3 3 3
3 3 3 3 3 3 3 3 -1 3 3 3 3 3 3 3 3
21:45:37.919989 - stdout  :: -1 1
21:45:37.924891 - stdin   :: 35 30 0 -2
3 51
35 30
11 49
7 56
3 3 3 3 3 3 3 3 -1 3 3 3 3 3 3 3 3
3 3 3 3 3 -1 0 0 0 0 0 0 3 3 3 3 3
3 3 3 -1 -1 -1 0 0 0 0 0 0 0 0 3 3 3
3 3 -1 -1 -1 0 0 0 0 0 0 0 0 0 0 3 3
3 3 -1 -1 -1 0 0 0 0 0 0 0 0 0 0 3 3
3 -1 -1 -1 -1 0 0 0 0 0 0 0 0 0 0 0 3
3 -1 -1 -1 -1 0 0 0 0 0 0 0 0 0 0 0 3
3 -1 -1 -1 -1 0 0 0 0 0 0 0 0 0 0 0 3
-1 -1 -1 -1 -1 0 0 0 0 0 0 0 0 0 0 0 0
3 -1 -1 -1 -1 0 0 0 0 0 0 0 0 0 0 0 3
3 -1 -1 -1 -1 -1 -1 0 0 0 0 0 0 0 0 -1 3
3 -1 -1 -1 -1 -1 -1 -1 -1 -1 -1 -1 -1 -1 -1 -1 3
3 3 -1 -1 -1 -1 -1 -1 -1 -1 -1 -1 -1 -1 -1 3 3
3 3 -1 -1 -1 -1 -1 -1 -1 -1 -1 -1 -1 -1 -1 3 3
3 3 3 -1 -1 -1 -1 -1 -1 -1 -1 -1 -1 -1 3 3 3
3 3 3 3 3 -1 -1 -1 -1 -1 -1 -1 3 3 3 3 3
3 3 3 3 3 3 3 3 -1 3 3 3 3 3 3 3 3
21:45:37.927182 - stdout  :: -1 1
21:45:37.933559 - stdin   :: 34 29 -1 -1
3 49
34 29
11 48
8 56
3 3 3 3 3 3 3 3 -1 3 3 3 3 3 3 3 3
3 3 3 3 3 -1 -1 -1 -1 -1 0 0 3 3 3 3 3
3 3 3 -1 -1 -1 -1 0 0 0 0 0 0 0 3 3 3
3 3 -1 -1 -1 -1 -1 0 0 0 0 0 0 0 0 3 3
3 3 -1 -1 -1 -1 0 0 0 0 0 0 0 0 0 3 3
3 -1 -1 -1 -1 -1 0 0 0 0 0 0 0 0 0 0 3
3 -1 -1 -1 -1 -1 0 0 0 0 0 0 0 0 0 0 3
3 -1 -1 -1 -1 -1 0 0 0 0 0 0 0 0 0 0 3
-1 -1 -1 -1 -1 -1 0 0 0 0 0 0 0 0 0 0 0
3 -1 -1 -1 -1 -1 0 0 0 0 0 0 0 0 0 0 3
3 -1 -1 -1 -1 -1 0 0 0 0 0 0 0 0 0 0 3
3 -1 -1 -1 -1 -1 -1 -1 0 0 0 0 0 0 0 0 3
3 3 -1 -1 -1 -1 -1 -1 -1 -1 -1 -1 -1 -1 -1 3 3
3 3 -1 -1 -1 -1 -1 -1 -1 -1 -1 -1 -1 -1 -1 3 3
3 3 3 -1 -1 -1 -1 -1 -1 -1 -1 -1 -1 -1 3 3 3
3 3 3 3 3 -1 -1 -1 -1 -1 -1 -1 3 3 3 3 3
3 3 3 3 3 3 3 3 -1 3 3 3 3 3 3 3 3
21:45:37.935907 - stdout  :: -1 1
21:45:37.942284 - stdin   :: 32 29 -2 0
4 47
32 29
11 47
10 56
3 3 3 3 3 3 3 3 -1 3 3 3 3 3 3 3 3
3 3 3 3 3 -1 -1 -1 -1 -1 -1 -1 3 3 3 3 3
3 3 3 -1 -1 -1 -1 -1 -1 -1 -1 -1 -1 -1 3 3 3
3 3 -1 -1 -1 -1 -1 -1 -1 -1 0 0 0 0 0 3 3
3 3 -1 -1 -1 -1 -1 0 0 0 0 0 0 0 0 3 3
3 -1 -1 -1 -1 -1 -1 0 0 0 0 0 0 0 0 0 3
3 -1 -1 -1 -1 -1 0 0 0 0 0 0 0 0 0 0 3
3 -1 -1 -1 -1 -1 0 0 0 0 0 0 0 0 0 0 3
0 -1 -1 -1 -1 -1 0 0 0 0 0 0 0 0 0 0 0
3 -1 -1 -1 -1 -1 0 0 0 0 0 0 0 0 0 0 3
3 -1 -1 -1 -1 -1 0 0 0 0 0 0 0 0 0 0 3
3 -1 -1 -1 -1 -1 0 0 0 0 0 0 0 0 0 0 3
3 3 -1 -1 -1 -1 0 0 0 0 0 0 0 0 0 3 3
3 3 -1 -1 -1 -1 -1 -1 0 0 0 0 0 0 0 3 3
3 3 3 -1 -1 -1 -1 -1 -1 -1 -1 -1 -1 -1 3 3 3
3 3 3 3 3 -1 -1 -1 -1 -1 -1 -1 3 3 3 3 3
3 3 3 3 3 3 3 3 -1 3 3 3 3 3 3 3 3
21:45:37.945091 - stdout  :: 0 1
21:45:37.951287 - stdin   :: 30 30 -2 1
4 47
30 30
10 47
11 55
3 3 3 3 3 3 3 3 -1 3 3 3 3 3 3 3 3
3 3 3 3 3 -1 -1 -1 -1 -1 -1 -1 3 3 3 3 3
3 3 3 -1 -1 -1 -1 -1 -1 -1 -1 -1 -1 -1 3 3 3
3 3 -1 -1 -1 -1 -1 -1 -1 -1 -1 -1 -1 -1 -1 3 3
3 3 -1 -1 -1 -1 -1 -1 -1 -1 -1 -1 -1 -1 -1 3 3
3 -1 -1 -1 -1 -1 -1 -1 -1 0 0 0 0 0 0 0 3
3 -1 -1 -1 -1 -1 0 0 0 0 0 0 0 0 0 0 3
3 -1 -1 -1 -1 -1 0 0 0 0 0 0 0 0 0 0 3
-1 -1 -1 -1 -1 0 0 0 0 0 0 0 0 0 0 0 0
3 -1 -1 -1 -1 0 0 0 0 0 0 0 0 0 0 0 3
3 -1 -1 -1 -1 0 0 0 0 0 0 0 0 0 0 0 3
3 -1 -1 -1 -1 0 0 0 0 0 0 0 0 0 0 0 3
3 3 -1 -1 -1 0 0 0 0 0 0 0 0 0 0 3 3
3 3 -1 -1 -1 0 0 0 0 0 0 0 0 0 0 3 3
3 3 3 -1 -1 0 0 0 0 0 0 0 0 0 3 3 3
3 3 3 3 3 -1 -1 0 0 0 0 0 3 3 3 3 3
3 3 3 3 3 3 3 3 -1 3 3 3 3 3 3 3 3
21:45:37.953864 - stdout  :: 1 1
21:45:37.963134 - stdin   :: 29 32 -1 2
4 47
29 32
10 48
12 54
3 3 3 3 3 3 3 3 -1 3 3 3 3 3 3 3 3
3 3 3 3 3 0 -1 -1 -1 -1 -1 -1 3 3 3 3 3
3 3 3 -1 -1 -1 -1 -1 -1 -1 -1 -1 -1 -1 3 3 3
3 3 -1 -1 -1 -1 -1 -1 -1 -1 -1 -1 -1 -1 -1 3 3
3 3 -1 -1 -1 -1 -1 -1 -1 -1 -1 -1 -1 -1 -1 3 3
3 -1 -1 -1 -1 -1 -1 -1 -1 -1 -1 -1 -1 -1 -1 -1 3
3 -1 -1 -1 -1 -1 -1 0 0 0 0 0 0 0 -1 -1 3
3 -1 -1 -1 0 0 0 0 0 0 0 0 0 0 0 -1 3
-1 -1 -1 -1 0 0 0 0 0 0 0 0 0 0 0 0 -1
3 -1 -1 0 0 0 0 0 0 0 0 0 0 0 0 0 3
3 -1 -1 0 0 0 0 0 0 0 0 0 0 0 0 0 3
3 -1 -1 0 0 0 0 0 0 0 0 0 0 0 0 0 3
3 3 -1 0 0 0 0 0 0 0 0 0 0 0 0 3 3
3 3 -1 0 0 0 0 0 0 0 0 0 0 0 0 3 3
3 3 3 0 0 0 0 0 0 0 0 0 0 0 3 3 3
3 3 3 3 3 0 0 0 0 0 0 0 3 3 3 3 3
3 3 3 3 3 3 3 3 0 3 3 3 3 3 3 3 3
21:45:37.987855 - stdout  :: 1 1
21:45:37.993054 - stdin   :: 29 35 0 3
4 47
29 35
10 49
12 53
3 3 3 3 3 3 3 3 -1 3 3 3 3 3 3 3 3
3 3 3 3 3 -1 -1 -1 -1 0 0 0 3 3 3 3 3
3 3 3 -1 -1 -1 -1 -1 -1 -1 -1 -1 -1 -1 3 3 3
3 3 -1 -1 -1 -1 -1 -1 -1 -1 -1 -1 -1 -1 -1 3 3
3 3 -1 -1 -1 -1 -1 -1 -1 -1 -1 -1 -1 -1 -1 3 3
3 -1 -1 -1 -1 -1 -1 -1 -1 -1 -1 -1 -1 -1 -1 -1 3
3 -1 -1 -1 0 0 0 0 0 0 0 -1 -1 -1 -1 -1 3
3 0 0 0 0 0 0 0 0 0 0 0 -1 -1 -1 -1 3
-1 0 0 0 0 0 0 0 0 0 0 0 0 -1 -1 -1 -1
3 0 0 0 0 0 0 0 0 0 0 0 0 0 -1 -1 3
3 0 0 0 0 0 0 0 0 0 0 0 0 0 -1 0 3
3 0 0 0 0 0 0 0 0 0 0 0 0 0 0 -1 3
3 3 0 0 0 0 0 0 0 0 0 0 0 0 -1 3 3
3 3 0 0 0 0 0 0 0 0 0 0 0 -1 -1 3 3
3 3 3 0 0 0 0 0 0 0 0 0 0 0 3 3 3
3 3 3 3 3 0 0 0 0 0 0 0 3 3 3 3 3
3 3 3 3 3 3 3 3 0 3 3 3 3 3 3 3 3
21:45:38.017563 - stdout  :: 1 0
21:45:38.023115 - stdin   :: 30 38 1 3
4 47
30 38
10 50
12 52
3 3 3 3 3 3 3 3 0 3 3 3 3 3 3 3 3
3 3 3 3 3 -1 -1 -1 -1 -1 -1 -1 3 3 3 3 3
3 3 3 -1 -1 -1 -1 -1 -1 -1 -1 -1 -1 -1 3 3 3
3 3 -1 -1 -1 -1 -1 -1 -1 -1 -1 -1 -1 -1 0 3 3
3 3 -1 -1 -1 -1 -1 -1 -1 -1 -1 -1 -1 -1 0 3 3
3 0 0 0 0 0 0 0 -1 -1 -1 -1 -1 -1 0 -1 3
3 0 0 0 0 0 0 0 0 -1 -1 -1 -1 -1 0 -1 3
3 0 0 0 0 0 0 0 0 0 -1 -1 -1 -1 0 -1 3
0 0 0 0 0 0 0 0 0 0 0 -1 -1 0 -1 -1 -1
3 0 0 0 0 0 0 0 0 0 0 -1 0 -1 -1 -1 3
3 0 0 0 0 0 0 0 0 0 0 0 -1 -1 -1 -1 3
3 0 0 0 0 0 0 0 0 0 0 -1 -1 -1 -1 -1 3
3 3 0 0 0 0 0 0 0 0 -1 -1 -1 -1 -1 3 3
3 3 0 0 0 0 0 0 0 0 0 0 0 0 0 3 3
3 3 3 0 0 0 0 0 0 -1 -1 -1 -1 -1 3 3 3
3 3 3 3 3 0 0 -1 -1 -1 -1 -1 3 3 3 3 3
3 3 3 3 3 3 3 3 -1 3 3 3 3 3 3 3 3
21:45:38.048005 - stdout  :: 1 -1
21:45:38.053872 - stdin   :: 32 40 2 2
4 47
32 40
10 51
13 50
3 3 3 3 3 3 3 3 -1 3 3 3 3 3 3 3 3
3 3 3 3 3 -1 -1 -1 -1 -1 -1 -1 3 3 3 3 3
3 3 3 -1 -1 -1 -1 -1 -1 -1 -1 -1 0 -1 3 3 3
3 3 0 0 0 0 -1 -1 -1 -1 -1 -1 0 -1 -1 3 3
3 3 0 0 0 0 0 -1 -1 -1 -1 -1 0 -1 -1 3 3
3 0 0 0 0 0 0 0 -1 -1 -1 -1 0 -1 -1 -1 3
3 0 0 0 0 0 0 0 0 -1 -1 0 -1 -1 -1 -1 3
3 0 0 0 0 0 0 0 0 -1 0 -1 -1 -1 -1 -1 3
0 0 0 0 0 0 0 0 0 0 -1 -1 -1 -1 -1 -1 0
3 0 0 0 0 0 0 0 0 -1 -1 -1 -1 -1 -1 -1 3
3 0 0 0 0 0 0 0 -1 -1 -1 -1 -1 -1 -1 -1 3
3 0 0 0 0 0 0 0 0 0 0 0 0 0 0 0 3
3 3 0 0 0 0 0 -1 -1 -1 -1 -1 -1 -1 -1 3 3
3 3 0 0 0 -1 -1 -1 -1 -1 -1 -1 -1 -1 -1 3 3
3 3 3 -1 -1 -1 -1 -1 -1 -1 -1 -1 -1 -1 3 3 3
3 3 3 3 3 -1 -1 -1 -1 -1 -1 -1 3 3 3 3 3
3 3 3 3 3 3 3 3 -1 3 3 3 3 3 3 3 3
21:45:38.078926 - stdout  :: -1 -1
21:45:38.104560 - stdin   :: 32 40 0 0
9 52
32 40
11 54
13 50
3 3 3 3 3 3 3 3 -1 3 3 3 3 3 3 3 3
3 3 3 3 3 -1 -1 -1 -1 -1 -1 -1 3 3 3 3 3
3 3 3 -1 -1 -1 -1 -1 -1 -1 -1 -1 0 -1 3 3 3
3 3 0 0 0 0 -1 -1 -1 -1 -1 -1 0 -1 -1 3 3
3 3 0 0 0 0 0 -1 -1 -1 -1 -1 0 -1 -1 3 3
3 0 0 0 0 0 0 0 -1 -1 -1 -1 0 -1 -1 -1 3
3 0 0 0 0 0 0 0 0 -1 -1 0 -1 -1 -1 -1 3
3 0 0 0 0 0 0 0 0 -1 0 -1 -1 -1 -1 -1 3
0 0 0 0 0 0 0 0 0 0 -1 -1 -1 -1 -1 -1 0
3 0 0 0 0 0 0 0 0 -1 -1 -1 -1 -1 -1 -1 3
3 0 0 0 0 0 0 0 -1 -1 -1 -1 -1 -1 -1 -1 3
3 0 0 0 0 0 0 0 0 0 0 0 0 0 0 0 3
3 3 0 0 0 0 0 -1 -1 -1 -1 -1 -1 -1 -1 3 3
3 3 0 0 0 -1 -1 -1 -1 -1 -1 -1 -1 -1 -1 3 3
3 3 3 -1 -1 -1 -1 -1 -1 -1 -1 -1 -1 -1 3 3 3
3 3 3 3 3 -1 -1 -1 -1 -1 -1 -1 3 3 3 3 3
3 3 3 3 3 3 3 3 -1 3 3 3 3 3 3 3 3
21:45:38.120730 - stdout  :: 1 -1
21:45:38.132701 - stdin   :: 33 39 1 -1
10 53
33 39
12 54
14 50
3 3 3 3 3 3 3 3 -1 3 3 3 3 3 3 3 3
3 3 3 3 3 -1 -1 -1 -1 -1 -1 -1 3 3 3 3 3
3 3 3 0 0 0 0 -1 -1 -1 -1 -1 -1 0 3 3 3
3 3 0 0 0 0 0 0 -1 -1 -1 -1 -1 0 -1 3 3
3 3 0 0 0 0 0 0 0 -1 -1 -1 -1 0 -1 3 3
3 0 0 0 0 0 0 0 0 0 -1 -1 0 -1 -1 -1 3
3 0 0 0 0 0 0 0 0 0 -1 0 -1 -1 -1 -1 3
3 0 0 0 0 0 0 0 0 0 0 -1 -1 -1 -1 -1 3
0 0 0 0 0 0 0 0 0 0 -1 -1 -1 -1 -1 -1 -1
3 0 0 0 0 0 0 0 0 -1 -1 -1 -1 -1 -1 -1 3
3 0 0 0 0 0 0 0 0 0 0 0 0 0 0 0 3
3 0 0 0 0 0 0 0 -1 -1 -1 -1 -1 -1 -1 -1 3
3 3 0 0 0 0 -1 -1 -1 -1 -1 -1 -1 -1 -1 3 3
3 3 -1 -1 -1 -1 -1 -1 -1 -1 -1 -1 -1 -1 -1 3 3
3 3 3 -1 -1 -1 -1 -1 -1 -1 -1 -1 -1 -1 3 3 3
3 3 3 3 3 -1 -1 -1 -1 -1 -1 -1 3 3 3 3 3
3 3 3 3 3 3 3 3 -1 3 3 3 3 3 3 3 3
21:45:38.143641 - stdout  :: 1 1
21:45:38.150048 - stdin   :: 35 39 2 0
11 54
35 39
12 53
16 50
3 3 3 3 3 3 3 3 -1 3 3 3 3 3 3 3 3
3 3 3 3 3 0 0 0 -1 -1 -1 -1 3 3 3 3 3
3 3 3 0 0 0 0 0 0 -1 -1 -1 -1 0 3 3 3
3 3 0 0 0 0 0 0 0 0 -1 -1 0 -1 -1 3 3
3 3 0 0 0 0 0 0 0 0 -1 0 -1 -1 -1 3 3
3 0 0 0 0 0 0 0 0 0 0 -1 -1 -1 -1 -1 3
3 0 0 0 0 0 0 0 0 0 -1 -1 -1 -1 -1 -1 3
3 0 0 0 0 0 0 0 0 -1 -1 -1 -1 -1 -1 -1 3
0 0 0 0 0 0 0 0 0 0 0 0 0 0 0 0 0
3 0 0 0 0 0 0 0 -1 -1 -1 -1 -1 -1 -1 -1 3
3 0 0 0 0 0 -1 -1 -1 -1 -1 -1 -1 -1 -1 -1 3
3 -1 -1 -1 -1 -1 -1 -1 -1 -1 -1 -1 -1 -1 -1 -1 3
3 3 -1 -1 -1 -1 -1 -1 -1 -1 -1 -1 -1 -1 -1 3 3
3 3 -1 -1 -1 -1 -1 -1 -1 -1 -1 -1 -1 -1 -1 3 3
3 3 3 -1 -1 -1 -1 -1 -1 -1 -1 -1 -1 -1 3 3 3
3 3 3 3 3 -1 -1 -1 -1 -1 -1 -1 3 3 3 3 3
3 3 3 3 3 3 3 3 -1 3 3 3 3 3 3 3 3
21:45:38.159943 - stdout  :: -1 -1
21:45:38.171049 - stdin   :: 36 38 1 -1
11 55
36 38
11 53
19 49
3 3 3 3 3 3 3 3 0 3 3 3 3 3 3 3 3
3 3 3 3 3 0 0 0 0 0 -1 -1 3 3 3 3 3
3 3 3 0 0 0 0 0 0 0 0 -1 -1 0 3 3 3
3 3 0 0 0 0 0 0 0 0 0 -1 0 -1 -1 3 3
3 3 0 0 0 0 0 0 0 0 0 0 -1 -1 -1 3 3
3 0 0 0 0 0 0 0 0 0 0 -1 -1 -1 -1 -1 3
3 0 0 0 0 0 0 0 0 0 -1 -1 -1 -1 -1 -1 3
3 0 0 0 0 0 0 0 0 0 0 0 0 0 0 0 3
0 0 0 0 0 0 0 0 0 -1 -1 -1 -1 -1 -1 -1 -1
3 0 0 0 0 0 0 -1 -1 -1 -1 -1 -1 -1 -1 -1 3
3 -1 -1 -1 -1 -1 -1 -1 -1 -1 -1 -1 -1 -1 -1 -1 3
3 -1 -1 -1 -1 -1 -1 -1 -1 -1 -1 -1 -1 -1 -1 -1 3
3 3 -1 -1 -1 -1 -1 -1 -1 -1 -1 -1 -1 -1 -1 3 3
3 3 -1 -1 -1 -1 -1 -1 -1 -1 -1 -1 -1 -1 -1 3 3
3 3 3 -1 -1 -1 -1 -1 -1 -1 -1 -1 -1 -1 3 3 3
3 3 3 3 3 -1 -1 -1 -1 -1 -1 -1 3 3 3 3 3
3 3 3 3 3 3 3 3 -1 3 3 3 3 3 3 3 3
21:45:38.180234 - stdout  :: -1 0
21:45:38.186832 - stdin   :: 36 37 0 -1
10 55
36 37
10 53
23 48
3 3 3 3 3 3 3 3 0 3 3 3 3 3 3 3 3
3 3 3 3 3 0 0 0 0 0 0 -1 3 3 3 3 3
3 3 3 0 0 0 0 0 0 0 0 0 -1 -1 3 3 3
3 3 0 0 0 0 0 0 0 0 0 0 -1 0 -1 3 3
3 3 0 0 0 0 0 0 0 0 0 0 0 -1 -1 3 3
3 0 0 0 0 0 0 0 0 0 0 0 -1 -1 -1 -1 3
3 0 0 0 0 0 0 0 0 0 0 -1 -1 -1 -1 -1 3
3 0 0 0 0 0 0 0 0 0 0 0 0 0 0 0 3
0 0 0 0 0 0 0 0 0 0 -1 -1 -1 -1 -1 -1 -1
3 0 0 0 0 0 0 0 -1 -1 -1 -1 -1 -1 -1 -1 3
3 -1 -1 -1 -1 -1 -1 -1 -1 -1 -1 -1 -1 -1 -1 -1 3
3 -1 -1 -1 -1 -1 -1 -1 -1 -1 -1 -1 -1 -1 -1 -1 3
3 3 -1 -1 -1 -1 -1 -1 -1 -1 -1 -1 -1 -1 -1 3 3
3 3 -1 -1 -1 -1 -1 -1 -1 -1 -1 -1 -1 -1 -1 3 3
3 3 3 -1 -1 -1 -1 -1 -1 -1 -1 -1 -1 -1 3 3 3
3 3 3 3 3 -1 -1 -1 -1 -1 -1 -1 3 3 3 3 3
3 3 3 3 3 3 3 3 -1 3 3 3 3 3 3 3 3
21:45:38.198528 - stdout  :: -1 1
21:45:38.209963 - stdin   :: 35 37 -1 0
9 55
35 37
9 53
23 48
3 3 3 3 3 3 3 3 0 3 3 3 3 3 3 3 3
3 3 3 3 3 0 0 0 0 0 -1 -1 3 3 3 3 3
3 3 3 0 0 0 0 0 0 0 0 -1 -1 -1 3 3 3
3 3 0 0 0 0 0 0 0 0 0 0 -1 -1 0 3 3
3 3 0 0 0 0 0 0 0 0 0 0 -1 0 -1 3 3
3 0 0 0 0 0 0 0 0 0 0 0 0 -1 -1 -1 3
3 0 0 0 0 0 0 0 0 0 0 0 -1 -1 -1 -1 3
3 0 0 0 0 0 0 0 0 0 0 -1 -1 -1 -1 -1 3
0 0 0 0 0 0 0 0 0 0 0 0 0 0 0 0 0
3 0 0 0 0 0 0 0 0 0 -1 -1 -1 -1 -1 -1 3
3 0 0 0 0 0 0 0 -1 -1 -1 -1 -1 -1 -1 -1 3
3 -1 -1 -1 -1 -1 -1 -1 -1 -1 -1 -1 -1 -1 -1 -1 3
3 3 -1 -1 -1 -1 -1 -1 -1 -1 -1 -1 -1 -1 -1 3 3
3 3 -1 -1 -1 -1 -1 -1 -1 -1 -1 -1 -1 -1 -1 3 3
3 3 3 -1 -1 -1 -1 -1 -1 -1 -1 -1 -1 -1 3 3 3
3 3 3 3 3 -1 -1 -1 -1 -1 -1 -1 3 3 3 3 3
3 3 3 3 3 3 3 3 -1 3 3 3 3 3 3 3 3
21:45:38.222151 - stdout  :: -1 1
21:45:38.227226 - stdin   :: 33 38 -2 1
8 55
33 38
8 53
23 48
3 3 3 3 3 3 3 3 -1 3 3 3 3 3 3 3 3
3 3 3 3 3 -1 -1 -1 -1 -1 -1 -1 3 3 3 3 3
3 3 3 0 0 0 0 0 -1 -1 -1 -1 -1 -1 3 3 3
3 3 0 0 0 0 0 0 0 -1 -1 -1 -1 -1 0 3 3
3 3 0 0 0 0 0 0 0 0 -1 -1 -1 -1 0 3 3
3 0 0 0 0 0 0 0 0 0 0 -1 -1 0 -1 -1 3
3 0 0 0 0 0 0 0 0 0 0 -1 0 -1 -1 -1 3
3 0 0 0 0 0 0 0 0 0 0 0 -1 -1 -1 -1 3
0 0 0 0 0 0 0 0 0 0 0 -1 -1 -1 -1 -1 -1
3 0 0 0 0 0 0 0 0 0 -1 -1 -1 -1 -1 -1 3
3 0 0 0 0 0 0 0 0 0 0 0 0 0 0 0 3
3 0 0 0 0 0 0 0 0 -1 -1 -1 -1 -1 -1 -1 3
3 3 0 0 0 0 0 -1 -1 -1 -1 -1 -1 -1 -1 3 3
3 3 -1 -1 -1 -1 -1 -1 -1 -1 -1 -1 -1 -1 -1 3 3
3 3 3 -1 -1 -1 -1 -1 -1 -1 -1 -1 -1 -1 3 3 3
3 3 3 3 3 -1 -1 -1 -1 -1 -1 -1 3 3 3 3 3
3 3 3 3 3 3 3 3 -1 3 3 3 3 3 3 3 3
21:45:38.238864 - stdout  :: 1 1
21:45:38.243355 - stdin   :: 32 40 -1 2
7 55
32 40
7 53
23 48
3 3 3 3 3 3 3 3 -1 3 3 3 3 3 3 3 3
3 3 3 3 3 -1 -1 -1 -1 -1 -1 -1 3 3 3 3 3
3 3 3 -1 -1 -1 -1 -1 -1 -1 -1 -1 0 -1 3 3 3
3 3 0 0 0 0 -1 -1 -1 -1 -1 -1 0 -1 -1 3 3
3 3 0 0 0 0 0 -1 -1 -1 -1 -1 0 -1 -1 3 3
3 0 0 0 0 0 0 0 -1 -1 -1 -1 0 -1 -1 -1 3
3 0 0 0 0 0 0 0 0 -1 -1 0 -1 -1 -1 -1 3
3 0 0 0 0 0 0 0 0 -1 0 -1 -1 -1 -1 -1 3
0 0 0 0 0 0 0 0 0 0 -1 -1 -1 -1 -1 -1 0
3 0 0 0 0 0 0 0 0 -1 -1 -1 -1 -1 -1 -1 3
3 0 0 0 0 0 0 0 -1 -1 -1 -1 -1 -1 -1 -1 3
3 0 0 0 0 0 0 0 0 0 0 0 0 0 0 0 3
3 3 0 0 0 0 0 -1 -1 -1 -1 -1 -1 -1 -1 3 3
3 3 0 0 0 -1 -1 -1 -1 -1 -1 -1 -1 -1 -1 3 3
3 3 3 -1 -1 -1 -1 -1 -1 -1 -1 -1 -1 -1 3 3 3
3 3 3 3 3 -1 -1 -1 -1 -1 -1 -1 3 3 3 3 3
3 3 3 3 3 3 3 3 -1 3 3 3 3 3 3 3 3
21:45:38.255364 - stdout  :: 1 -1
21:45:38.259811 - stdin   :: 32 41 0 1
6 55
32 41
6 53
23 48
3 3 3 3 3 3 3 3 -1 3 3 3 3 3 3 3 3
3 3 3 3 3 -1 -1 -1 -1 -1 -1 0 3 3 3 3 3
3 3 3 -1 -1 -1 -1 -1 -1 -1 -1 0 -1 -1 3 3 3
3 3 0 0 0 -1 -1 -1 -1 -1 -1 0 -1 -1 -1 3 3
3 3 0 0 0 0 -1 -1 -1 -1 -1 0 -1 -1 -1 3 3
3 0 0 0 0 0 0 -1 -1 -1 -1 0 -1 -1 -1 -1 3
3 0 0 0 0 0 0 0 -1 -1 0 -1 -1 -1 -1 -1 3
3 0 0 0 0 0 0 0 -1 0 -1 -1 -1 -1 -1 -1 3
0 0 0 0 0 0 0 0 0 -1 -1 -1 -1 -1 -1 0 0
3 0 0 0 0 0 0 0 -1 -1 -1 -1 -1 -1 -1 0 3
3 0 0 0 0 0 0 -1 -1 -1 -1 -1 -1 -1 -1 0 3
3 0 0 0 0 0 0 0 0 0 0 0 0 0 0 0 3
3 3 0 0 0 0 -1 -1 -1 -1 -1 -1 -1 -1 -1 3 3
3 3 0 0 -1 -1 -1 -1 -1 -1 -1 -1 -1 -1 -1 3 3
3 3 3 -1 -1 -1 -1 -1 -1 -1 -1 -1 -1 -1 3 3 3
3 3 3 3 3 -1 -1 -1 -1 -1 -1 -1 3 3 3 3 3
3 3 3 3 3 3 3 3 -1 3 3 3 3 3 3 3 3
21:45:38.269664 - stdout  :: -1 0
21:45:38.273987 - stdin   :: 31 42 -1 1
5 55
31 42
5 53
23 48
3 3 3 3 3 3 3 3 -1 3 3 3 3 3 3 3 3
3 3 3 3 3 -1 -1 -1 -1 -1 0 -1 3 3 3 3 3
3 3 3 -1 -1 -1 -1 -1 -1 -1 0 -1 -1 -1 3 3 3
3 3 -1 -1 -1 -1 -1 -1 -1 -1 0 -1 -1 -1 -1 3 3
3 3 0 0 -1 -1 -1 -1 -1 -1 0 -1 -1 -1 -1 3 3
3 0 0 0 0 -1 -1 -1 -1 -1 0 -1 -1 -1 -1 -1 3
3 0 0 0 0 0 -1 -1 -1 -1 0 -1 -1 -1 -1 -1 3
3 0 0 0 0 0 0 -1 -1 0 -1 -1 -1 -1 -1 -1 3
0 0 0 0 0 0 0 -1 0 -1 -1 -1 -1 -1 -1 0 0
3 0 0 0 0 0 0 0 -1 -1 -1 -1 -1 -1 0 0 3
3 0 0 0 0 0 0 -1 -1 -1 -1 -1 -1 -1 0 0 3
3 0 0 0 0 0 -1 -1 -1 -1 -1 -1 -1 -1 0 0 3
3 3 0 0 0 0 0 0 0 0 0 0 0 0 0 3 3
3 3 0 0 0 -1 -1 -1 -1 -1 -1 -1 -1 -1 -1 3 3
3 3 3 -1 -1 -1 -1 -1 -1 -1 -1 -1 -1 -1 3 3 3
3 3 3 3 3 -1 -1 -1 -1 -1 -1 -1 3 3 3 3 3
3 3 3 3 3 3 3 3 -1 3 3 3 3 3 3 3 3
21:45:38.287127 - stdout  :: 0 0
21:45:38.291564 - stdin   :: 30 43 -1 1
4 55
30 43
4 53
23 48
3 3 3 3 3 3 3 3 -1 3 3 3 3 3 3 3 3
3 3 3 3 3 -1 -1 -1 0 -1 -1 -1 3 3 3 3 3
3 3 3 -1 -1 -1 -1 -1 -1 0 -1 -1 -1 0 3 3 3
3 3 -1 -1 -1 -1 -1 -1 -1 0 -1 -1 -1 0 0 3 3
3 3 -1 -1 -1 -1 -1 -1 -1 0 -1 -1 -1 -1 0 3 3
3 0 0 -1 -1 -1 -1 -1 -1 0 -1 -1 -1 -1 -1 0 3
3 0 0 0 -1 -1 -1 -1 -1 0 -1 -1 -1 -1 -1 0 3
3 0 0 0 0 -1 -1 -1 -1 0 -1 -1 -1 -1 -1 0 3
0 0 0 0 0 0 -1 -1 0 -1 -1 -1 -1 -1 -1 0 -1
3 0 0 0 0 0 -1 0 -1 -1 -1 -1 -1 -1 0 0 3
3 0 0 0 0 0 0 -1 -1 -1 -1 -1 -1 0 0 0 3
3 0 0 0 0 0 -1 -1 -1 -1 -1 -1 -1 0 0 0 3
3 3 0 0 0 -1 -1 -1 -1 -1 -1 -1 -1 0 0 3 3
3 3 0 0 0 0 0 0 0 0 0 0 0 0 0 3 3
3 3 3 0 -1 -1 -1 -1 -1 -1 -1 -1 -1 -1 3 3 3
3 3 3 3 3 -1 -1 -1 -1 -1 -1 -1 3 3 3 3 3
3 3 3 3 3 3 3 3 -1 3 3 3 3 3 3 3 3
21:45:38.306659 - stdout  :: 0 0
21:45:38.318224 - stdin   :: 29 44 -1 1
3 55
29 44
4 52
24 49
3 3 3 3 3 3 3 3 -1 3 3 3 3 3 3 3 3
3 3 3 3 3 -1 0 -1 -1 -1 -1 -1 3 3 3 3 3
3 3 3 -1 -1 -1 -1 0 -1 -1 -1 -1 0 0 3 3 3
3 3 -1 -1 -1 -1 -1 -1 0 -1 -1 -1 0 0 0 3 3
3 3 -1 -1 -1 -1 -1 -1 0 -1 -1 -1 0 0 0 3 3
3 -1 -1 -1 -1 -1 -1 -1 0 -1 -1 -1 -1 0 0 0 3
3 0 -1 -1 -1 -1 -1 -1 0 -1 -1 -1 -1 -1 0 -1 3
3 0 0 -1 -1 -1 -1 -1 0 -1 -1 -1 -1 -1 0 -1 3
0 0 0 0 -1 -1 -1 -1 0 -1 -1 -1 -1 -1 0 -1 -1
3 0 0 0 0 -1 -1 0 -1 -1 -1 -1 -1 -1 0 -1 3
3 0 0 0 0 -1 0 -1 -1 -1 -1 -1 -1 0 0 0 3
3 0 0 0 0 0 -1 -1 -1 -1 -1 -1 0 0 0 0 3
3 3 0 0 0 -1 -1 -1 -1 -1 -1 -1 0 0 0 3 3
3 3 0 0 -1 -1 -1 -1 -1 -1 -1 -1 0 0 0 3 3
3 3 3 0 0 0 0 0 0 0 0 0 0 0 3 3 3
3 3 3 3 3 -1 -1 -1 -1 -1 -1 -1 3 3 3 3 3
3 3 3 3 3 3 3 3 -1 3 3 3 3 3 3 3 3
21:45:38.340761 - stdout  :: 0 -1
21:45:38.348179 - stdin   :: 28 44 -1 0
3 54
28 44
4 51
26 51
3 3 3 3 3 3 3 3 -1 3 3 3 3 3 3 3 3
3 3 3 3 3 0 -1 -1 -1 -1 -1 -1 3 3 3 3 3
3 3 3 0 0 -1 0 -1 -1 -1 -1 -1 0 0 3 3 3
3 3 -1 -1 -1 -1 -1 0 -1 -1 -1 -1 0 0 0 3 3
3 3 -1 -1 -1 -1 -1 -1 0 -1 -1 -1 0 0 0 3 3
3 -1 -1 -1 -1 -1 -1 -1 0 -1 -1 -1 0 0 0 0 3
3 -1 -1 -1 -1 -1 -1 -1 0 -1 -1 -1 -1 0 0 0 3
3 0 -1 -1 -1 -1 -1 -1 0 -1 -1 -1 -1 -1 0 -1 3
0 0 0 -1 -1 -1 -1 -1 0 -1 -1 -1 -1 -1 0 -1 -1
3 0 0 0 -1 -1 -1 -1 0 -1 -1 -1 -1 -1 0 -1 3
3 0 0 0 0 -1 -1 0 -1 -1 -1 -1 -1 -1 0 -1 3
3 0 0 0 0 -1 0 -1 -1 -1 -1 -1 -1 0 0 0 3
3 3 0 0 0 0 -1 -1 -1 -1 -1 -1 0 0 0 3 3
3 3 0 0 0 -1 -1 -1 -1 -1 -1 -1 0 0 0 3 3
3 3 3 0 -1 -1 -1 -1 -1 -1 -1 -1 0 0 3 3 3
3 3 3 3 3 0 0 0 0 0 0 0 3 3 3 3 3
3 3 3 3 3 3 3 3 -1 3 3 3 3 3 3 3 3
21:45:38.374808 - stdout  :: 0 0
21:45:38.381544 - stdin   :: 27 44 -1 0
3 53
27 44
4 50
26 51
3 3 3 3 3 3 3 3 -1 3 3 3 3 3 3 3 3
3 3 3 3 3 0 -1 -1 -1 -1 -1 -1 3 3 3 3 3
3 3 3 0 0 0 -1 -1 -1 -1 -1 -1 0 0 3 3 3
3 3 0 0 0 -1 0 -1 -1 -1 -1 -1 0 0 0 3 3
3 3 -1 -1 -1 -1 -1 0 -1 -1 -1 -1 0 0 0 3 3
3 -1 -1 -1 -1 -1 -1 -1 0 -1 -1 -1 0 0 0 0 3
3 -1 -1 -1 -1 -1 -1 -1 0 -1 -1 -1 0 0 0 0 3
3 -1 -1 -1 -1 -1 -1 -1 0 -1 -1 -1 -1 0 0 0 3
0 0 -1 -1 -1 -1 -1 -1 0 -1 -1 -1 -1 -1 0 -1 -1
3 0 0 -1 -1 -1 -1 -1 0 -1 -1 -1 -1 -1 0 -1 3
3 0 0 0 -1 -1 -1 -1 0 -1 -1 -1 -1 -1 0 -1 3
3 0 0 0 0 -1 -1 0 -1 -1 -1 -1 -1 -1 0 -1 3
3 3 0 0 0 -1 0 -1 -1 -1 -1 -1 -1 0 0 3 3
3 3 0 0 0 0 -1 -1 -1 -1 -1 -1 0 0 0 3 3
3 3 3 0 0 -1 -1 -1 -1 -1 -1 -1 0 0 3 3 3
3 3 3 3 3 -1 -1 -1 -1 -1 -1 -1 3 3 3 3 3
3 3 3 3 3 3 3 3 0 3 3 3 3 3 3 3 3
21:45:38.408701 - stdout  :: 0 0
21:45:38.413351 - stdin   :: 26 44 -1 0
3 52
26 44
4 49
26 51
3 3 3 3 3 3 3 3 -1 3 3 3 3 3 3 3 3
3 3 3 3 3 0 -1 -1 -1 -1 -1 -1 3 3 3 3 3
3 3 3 0 0 0 -1 -1 -1 -1 -1 -1 0 0 3 3 3
3 3 0 0 0 0 -1 -1 -1 -1 -1 -1 0 0 0 3 3
3 3 0 0 0 -1 0 -1 -1 -1 -1 -1 0 0 0 3 3
3 -1 -1 -1 -1 -1 -1 0 -1 -1 -1 -1 0 0 0 0 3
3 -1 -1 -1 -1 -1 -1 -1 0 -1 -1 -1 0 0 0 0 3
3 -1 -1 -1 -1 -1 -1 -1 0 -1 -1 -1 0 0 0 0 3
-1 -1 -1 -1 -1 -1 -1 -1 0 -1 -1 -1 -1 0 0 0 0
3 0 -1 -1 -1 -1 -1 -1 0 -1 -1 -1 -1 -1 0 -1 3
3 0 0 -1 -1 -1 -1 -1 0 -1 -1 -1 -1 -1 0 -1 3
3 0 0 0 -1 -1 -1 -1 0 -1 -1 -1 -1 -1 0 -1 3
3 3 0 0 0 -1 -1 0 -1 -1 -1 -1 -1 -1 0 3 3
3 3 0 0 0 -1 0 -1 -1 -1 -1 -1 -1 0 0 3 3
3 3 3 0 0 0 -1 -1 -1 -1 -1 -1 0 0 3 3 3
3 3 3 3 3 -1 -1 -1 -1 -1 -1 -1 3 3 3 3 3
3 3 3 3 3 3 3 3 -1 3 3 3 3 3 3 3 3
21:45:38.441270 - stdout  :: 0 0
21:45:38.458862 - stdin   :: 25 44 -1 0
3 51
25 44
4 48
26 51
3 3 3 3 3 3 3 3 -1 3 3 3 3 3 3 3 3
3 3 3 3 3 0 -1 -1 -1 -1 -1 -1 3 3 3 3 3
3 3 3 0 0 0 -1 -1 -1 -1 -1 -1 -1 0 3 3 3
3 3 0 0 0 0 -1 -1 -1 -1 -1 -1 0 0 0 3 3
3 3 0 0 0 0 -1 -1 -1 -1 -1 -1 0 0 0 3 3
3 0 0 0 0 -1 0 -1 -1 -1 -1 -1 0 0 0 0 3
3 -1 -1 -1 -1 -1 -1 0 -1 -1 -1 -1 0 0 0 0 3
3 -1 -1 -1 -1 -1 -1 -1 0 -1 -1 -1 0 0 0 0 3
-1 -1 -1 -1 -1 -1 -1 -1 0 -1 -1 -1 0 0 0 0 0
3 -1 -1 -1 -1 -1 -1 -1 0 -1 -1 -1 -1 0 0 0 3
3 0 -1 -1 -1 -1 -1 -1 0 -1 -1 -1 -1 -1 0 -1 3
3 0 0 -1 -1 -1 -1 -1 0 -1 -1 -1 -1 -1 0 -1 3
3 3 0 0 -1 -1 -1 -1 0 -1 -1 -1 -1 -1 0 3 3
3 3 0 0 0 -1 -1 0 -1 -1 -1 -1 -1 -1 0 3 3
3 3 3 0 0 -1 0 -1 -1 -1 -1 -1 -1 0 3 3 3
3 3 3 3 3 0 -1 -1 -1 -1 -1 -1 3 3 3 3 3
3 3 3 3 3 3 3 3 -1 3 3 3 3 3 3 3 3
21:45:38.487101 - stdout  :: 0 0
21:45:38.497865 - stdin   :: 24 44 -1 0
4 50
24 44
4 47
26 51
3 3 3 3 3 3 3 3 -1 3 3 3 3 3 3 3 3
3 3 3 3 3 -1 -1 -1 -1 -1 -1 -1 3 3 3 3 3
3 3 3 0 0 0 -1 -1 -1 -1 -1 -1 -1 -1 3 3 3
3 3 0 0 0 0 -1 -1 -1 -1 -1 -1 -1 0 0 3 3
3 3 0 0 0 0 -1 -1 -1 -1 -1 -1 0 0 0 3 3
3 0 0 0 0 0 -1 -1 -1 -1 -1 -1 0 0 0 0 3
3 0 0 0 0 -1 0 -1 -1 -1 -1 -1 0 0 0 0 3
3 -1 -1 -1 -1 -1 -1 0 -1 -1 -1 -1 0 0 0 0 3
-1 -1 -1 -1 -1 -1 -1 -1 0 -1 -1 -1 0 0 0 0 0
3 -1 -1 -1 -1 -1 -1 -1 0 -1 -1 -1 0 0 0 0 3
3 -1 -1 -1 -1 -1 -1 -1 0 -1 -1 -1 -1 0 0 0 3
3 0 -1 -1 -1 -1 -1 -1 0 -1 -1 -1 -1 -1 0 -1 3
3 3 0 -1 -1 -1 -1 -1 0 -1 -1 -1 -1 -1 0 3 3
3 3 0 0 -1 -1 -1 -1 0 -1 -1 -1 -1 -1 0 3 3
3 3 3 0 0 -1 -1 0 -1 -1 -1 -1 -1 -1 3 3 3
3 3 3 3 3 -1 0 -1 -1 -1 -1 -1 3 3 3 3 3
3 3 3 3 3 3 3 3 -1 3 3 3 3 3 3 3 3
21:45:38.528107 - stdout  :: 0 -1
21:45:38.536611 - stdin   :: 23 43 -1 -1
5 49
23 43
5 47
26 51
3 3 3 3 3 3 3 3 -1 3 3 3 3 3 3 3 3
3 3 3 3 3 0 -1 -1 -1 -1 -1 -1 3 3 3 3 3
3 3 3 0 0 0 -1 -1 -1 -1 -1 -1 -1 -1 3 3 3
3 3 0 0 0 0 0 -1 -1 -1 -1 -1 -1 -1 -1 3 3
3 3 0 0 0 0 0 -1 -1 -1 -1 -1 -1 -1 0 3 3
3 0 0 0 0 0 0 -1 -1 -1 -1 -1 -1 0 0 0 3
3 0 0 0 0 0 0 -1 -1 -1 -1 -1 -1 0 0 0 3
3 0 0 0 0 0 -1 0 -1 -1 -1 -1 -1 0 0 0 3
-1 -1 -1 -1 -1 -1 -1 -1 0 -1 -1 -1 -1 0 0 0 0
3 -1 -1 -1 -1 -1 -1 -1 -1 0 -1 -1 -1 0 0 0 3
3 -1 -1 -1 -1 -1 -1 -1 -1 0 -1 -1 -1 0 0 0 3
3 -1 -1 -1 -1 -1 -1 -1 -1 0 -1 -1 -1 -1 0 0 3
3 3 0 -1 -1 -1 -1 -1 -1 0 -1 -1 -1 -1 -1 3 3
3 3 0 0 -1 -1 -1 -1 -1 0 -1 -1 -1 -1 -1 3 3
3 3 3 0 0 -1 -1 -1 -1 0 -1 -1 -1 -1 3 3 3
3 3 3 3 3 0 -1 -1 0 -1 -1 -1 3 3 3 3 3
3 3 3 3 3 3 3 3 -1 3 3 3 3 3 3 3 3
21:45:38.566896 - stdout  :: 0 0
21:45:38.597126 - stdin   :: 22 42 -1 -1
6 48
22 42
5 48
26 51
3 3 3 3 3 3 3 3 -1 3 3 3 3 3 3 3 3
3 3 3 3 3 0 -1 -1 -1 -1 -1 -1 3 3 3 3 3
3 3 3 0 0 0 0 -1 -1 -1 -1 -1 -1 -1 3 3 3
3 3 0 0 0 0 0 -1 -1 -1 -1 -1 -1 -1 -1 3 3
3 3 0 0 0 0 0 0 -1 -1 -1 -1 -1 -1 -1 3 3
3 0 0 0 0 0 0 0 -1 -1 -1 -1 -1 -1 -1 0 3
3 0 0 0 0 0 0 0 -1 -1 -1 -1 -1 -1 0 0 3
3 -1 0 0 0 0 0 0 -1 -1 -1 -1 -1 -1 0 0 3
-1 -1 0 0 0 0 0 -1 0 -1 -1 -1 -1 -1 0 0 0
3 -1 -1 -1 -1 -1 -1 -1 -1 0 -1 -1 -1 -1 0 0 3
3 -1 -1 -1 -1 -1 -1 -1 -1 -1 0 -1 -1 -1 0 0 3
3 -1 -1 -1 -1 -1 -1 -1 -1 -1 0 -1 -1 -1 0 0 3
3 3 -1 -1 -1 -1 -1 -1 -1 -1 0 -1 -1 -1 -1 3 3
3 3 0 0 -1 -1 -1 -1 -1 -1 0 -1 -1 -1 -1 3 3
3 3 3 0 0 -1 -1 -1 -1 -1 0 -1 -1 -1 3 3 3
3 3 3 3 3 0 -1 -1 -1 -1 0 -1 3 3 3 3 3
3 3 3 3 3 3 3 3 -1 3 3 3 3 3 3 3 3
21:45:38.625803 - stdout  :: 0 0
21:45:38.653244 - stdin   :: 21 41 -1 -1
7 48
21 41
4 48
25 52
3 3 3 3 3 3 3 3 -1 3 3 3 3 3 3 3 3
3 3 3 3 3 -1 0 -1 -1 -1 -1 -1 3 3 3 3 3
3 3 3 -1 -1 -1 0 -1 -1 -1 -1 -1 -1 -1 3 3 3
3 3 -1 0 0 0 0 0 -1 -1 -1 -1 -1 -1 -1 3 3
3 3 0 0 0 0 0 0 -1 -1 -1 -1 -1 -1 -1 3 3
3 -1 0 0 0 0 0 0 0 -1 -1 -1 -1 -1 -1 -1 3
3 0 0 0 0 0 0 0 0 -1 -1 -1 -1 -1 -1 -1 3
3 -1 0 0 0 0 0 0 0 -1 -1 -1 -1 -1 -1 0 3
-1 -1 -1 0 0 0 0 0 0 -1 -1 -1 -1 -1 -1 0 0
3 -1 -1 0 0 0 0 0 -1 0 -1 -1 -1 -1 -1 0 3
3 -1 -1 -1 -1 -1 -1 -1 -1 -1 0 -1 -1 -1 -1 0 3
3 -1 -1 -1 -1 -1 -1 -1 -1 -1 -1 0 -1 -1 -1 0 3
3 3 -1 -1 -1 -1 -1 -1 -1 -1 -1 0 -1 -1 -1 3 3
3 3 -1 -1 -1 -1 -1 -1 -1 -1 -1 0 -1 -1 -1 3 3
3 3 3 0 0 -1 -1 -1 -1 -1 -1 0 -1 -1 3 3 3
3 3 3 3 3 0 -1 -1 -1 -1 -1 0 3 3 3 3 3
3 3 3 3 3 3 3 3 -1 3 3 3 3 3 3 3 3
21:45:38.657643 - stdout  :: -1 0
21:45:38.689799 - stdin   :: 19 40 -2 -1
8 48
19 40
4 49
23 54
3 3 3 3 3 3 3 3 0 3 3 3 3 3 3 3 3
3 3 3 3 3 -1 -1 0 -1 -1 -1 -1 3 3 3 3 3
3 3 3 -1 -1 -1 -1 0 -1 -1 -1 -1 -1 -1 3 3 3
3 3 -1 -1 -1 -1 -1 0 -1 -1 -1 -1 -1 -1 -1 3 3
3 3 -1 -1 -1 -1 -1 0 -1 -1 -1 -1 -1 -1 -1 3 3
3 -1 0 -1 0 0 0 0 0 -1 -1 -1 -1 -1 -1 -1 3
3 -1 -1 0 0 0 0 0 0 -1 -1 -1 -1 -1 -1 -1 3
3 -1 -1 0 0 0 0 0 0 0 -1 -1 -1 -1 -1 -1 3
0 0 0 0 0 0 0 0 0 0 -1 -1 -1 -1 -1 -1 -1
3 -1 -1 0 0 0 0 0 0 0 -1 -1 -1 -1 -1 -1 3
3 -1 -1 -1 0 0 0 0 0 0 -1 -1 -1 -1 -1 -1 3
3 -1 -1 -1 0 0 0 0 0 -1 0 -1 -1 -1 -1 -1 3
3 3 -1 -1 -1 -1 -1 -1 -1 -1 -1 0 -1 -1 -1 3 3
3 3 -1 -1 -1 -1 -1 -1 -1 -1 -1 -1 0 -1 -1 3 3
3 3 3 -1 -1 -1 -1 -1 -1 -1 -1 -1 0 -1 3 3 3
3 3 3 3 3 -1 -1 -1 -1 -1 -1 -1 3 3 3 3 3
3 3 3 3 3 3 3 3 -1 3 3 3 3 3 3 3 3
21:45:38.694613 - stdout  :: -1 0
21:45:38.719580 - stdin   :: 16 39 -3 -1
9 48
16 39
4 50
22 55
3 3 3 3 3 3 3 3 0 3 3 3 3 3 3 3 3
3 3 3 3 3 0 0 0 0 0 0 0 3 3 3 3 3
3 3 3 -1 -1 0 0 0 0 0 0 -1 -1 -1 3 3 3
3 3 -1 0 0 0 0 0 0 0 -1 -1 -1 -1 -1 3 3
3 3 0 0 -1 -1 -1 -1 0 -1 -1 -1 -1 -1 -1 3 3
3 0 0 -1 -1 -1 -1 -1 0 -1 -1 -1 -1 -1 -1 -1 3
3 0 -1 -1 -1 -1 -1 -1 0 -1 -1 -1 -1 -1 -1 -1 3
3 -1 0 -1 -1 -1 -1 -1 0 -1 -1 -1 -1 -1 -1 -1 3
-1 -1 -1 0 -1 0 0 0 0 0 -1 -1 -1 -1 -1 -1 -1
3 -1 -1 -1 0 0 0 0 0 0 -1 -1 -1 -1 -1 -1 3
3 -1 -1 -1 0 0 0 0 0 0 0 -1 -1 -1 -1 -1 3
3 0 0 0 0 0 0 0 0 0 0 -1 -1 -1 -1 -1 3
3 3 -1 -1 0 0 0 0 0 0 0 -1 -1 -1 -1 3 3
3 3 -1 -1 -1 0 0 0 0 0 0 -1 -1 -1 -1 3 3
3 3 3 -1 -1 0 0 0 0 0 -1 0 -1 -1 3 3 3
3 3 3 3 3 -1 -1 -1 -1 -1 -1 -1 3 3 3 3 3
3 3 3 3 3 3 3 3 -1 3 3 3 3 3 3 3 3
21:45:38.724990 - stdout  :: 0 1
21:45:38.735931 - stdin   :: 13 39 -3 0
10 48
13 39
3 50
21 55
3 3 3 3 3 3 3 3 0 3 3 3 3 3 3 3 3
3 3 3 3 3 -1 0 0 0 0 0 0 3 3 3 3 3
3 3 3 -1 -1 0 0 0 0 0 0 0 -1 -1 3 3 3
3 3 0 0 0 0 0 0 0 0 0 0 -1 -1 -1 3 3
3 3 -1 -1 -1 0 0 0 0 0 0 0 -1 -1 -1 3 3
3 -1 -1 -1 -1 0 0 0 0 0 0 -1 -1 -1 -1 -1 3
3 -1 -1 0 0 0 0 0 0 0 -1 -1 -1 -1 -1 -1 3
3 -1 0 0 -1 -1 -1 -1 0 -1 -1 -1 -1 -1 -1 -1 3
-1 0 0 -1 -1 -1 -1 -1 0 -1 -1 -1 -1 -1 -1 -1 -1
3 0 -1 -1 -1 -1 -1 -1 0 -1 -1 -1 -1 -1 -1 -1 3
3 -1 0 -1 -1 -1 -1 -1 0 -1 -1 -1 -1 -1 -1 -1 3
3 -1 -1 0 -1 0 0 0 0 0 -1 -1 -1 -1 -1 -1 3
3 3 -1 -1 0 0 0 0 0 0 -1 -1 -1 -1 -1 3 3
3 3 -1 -1 0 0 0 0 0 0 0 -1 -1 -1 -1 3 3
3 3 3 0 0 0 0 0 0 0 0 -1 -1 -1 3 3 3
3 3 3 3 3 0 0 0 0 0 0 -1 3 3 3 3 3
3 3 3 3 3 3 3 3 0 3 3 3 3 3 3 3 3
21:45:38.741814 - stdout  :: 0 0
21:45:38.761653 - stdin   :: 10 39 -3 0
11 48
10 39
3 51
21 54
3 3 3 3 3 3 3 3 -1 3 3 3 3 3 3 3 3
3 3 3 3 3 -1 -1 -1 -1 -1 -1 -1 3 3 3 3 3
3 3 3 -1 -1 -1 -1 -1 -1 -1 -1 -1 -1 -1 3 3 3
3 3 -1 -1 -1 -1 -1 0 0 0 0 -1 -1 -1 -1 3 3
3 3 -1 -1 -1 -1 0 0 0 0 0 0 -1 -1 -1 3 3
3 -1 -1 -1 -1 0 0 0 0 0 0 0 -1 -1 -1 -1 3
3 0 0 0 0 0 0 0 0 0 0 0 -1 -1 -1 -1 3
3 -1 -1 -1 -1 0 0 0 0 0 0 0 -1 -1 -1 -1 3
-1 -1 -1 -1 -1 0 0 0 0 0 0 -1 -1 -1 -1 -1 0
3 -1 -1 0 0 0 0 0 0 0 -1 -1 -1 -1 -1 -1 3
3 -1 0 0 -1 -1 -1 -1 0 -1 -1 -1 -1 -1 -1 -1 3
3 0 0 -1 -1 -1 -1 -1 0 -1 -1 -1 -1 -1 -1 -1 3
3 3 -1 -1 -1 -1 -1 -1 0 -1 -1 -1 -1 -1 -1 3 3
3 3 0 -1 -1 -1 -1 -1 0 -1 -1 -1 -1 -1 -1 3 3
3 3 3 0 -1 0 0 0 0 0 -1 -1 -1 -1 3 3 3
3 3 3 3 3 0 0 0 0 0 -1 -1 3 3 3 3 3
3 3 3 3 3 3 3 3 0 3 3 3 3 3 3 3 3
21:45:38.767211 - stdout  :: 1 -1
21:45:38.784978 - stdin   :: 8 38 -2 -1
12 48
8 38
3 52
22 54
3 3 3 3 3 3 3 3 -1 3 3 3 3 3 3 3 3
3 3 3 3 3 -1 -1 -1 -1 -1 -1 -1 3 3 3 3 3
3 3 3 -1 -1 -1 -1 -1 -1 -1 -1 -1 -1 -1 3 3 3
3 3 -1 -1 -1 -1 -1 -1 -1 -1 -1 -1 -1 -1 -1 3 3
3 3 -1 -1 -1 -1 -1 -1 -1 -1 -1 -1 -1 -1 -1 3 3
3 -1 -1 -1 -1 -1 -1 -1 0 0 0 0 -1 -1 -1 -1 3
3 -1 -1 -1 -1 -1 -1 0 0 0 0 0 0 -1 -1 -1 3
3 -1 -1 -1 -1 -1 0 0 0 0 0 0 0 -1 -1 -1 3
0 0 0 0 0 0 0 0 0 0 0 0 0 -1 -1 -1 -1
3 -1 -1 -1 -1 -1 0 0 0 0 0 0 0 -1 -1 -1 3
3 -1 -1 -1 -1 -1 0 0 0 0 0 0 -1 -1 -1 -1 3
3 -1 -1 -1 0 0 0 0 0 0 0 -1 -1 -1 -1 -1 3
3 3 -1 0 0 -1 -1 -1 -1 0 -1 -1 -1 -1 -1 3 3
3 3 0 0 -1 -1 -1 -1 -1 0 -1 -1 -1 -1 -1 3 3
3 3 3 -1 -1 -1 -1 -1 -1 0 -1 -1 -1 -1 3 3 3
3 3 3 3 3 -1 -1 -1 -1 0 -1 -1 3 3 3 3 3
3 3 3 3 3 3 3 3 0 3 3 3 3 3 3 3 3
21:45:38.787088 - stdout  :: 1 -1
21:45:38.793646 - stdin   :: 7 36 -1 -2
12 49
7 36
3 53
24 55
3 3 3 3 3 3 3 3 -1 3 3 3 3 3 3 3 3
3 3 3 3 3 -1 -1 -1 -1 -1 -1 -1 3 3 3 3 3
3 3 3 -1 -1 -1 -1 -1 -1 -1 -1 -1 -1 -1 3 3 3
3 3 -1 -1 -1 -1 -1 -1 -1 -1 -1 -1 -1 -1 -1 3 3
3 3 -1 -1 -1 -1 -1 -1 -1 -1 -1 -1 -1 -1 -1 3 3
3 -1 -1 -1 -1 -1 -1 -1 -1 -1 -1 -1 -1 -1 -1 -1 3
3 0 -1 -1 -1 -1 -1 -1 -1 -1 0 0 0 0 -1 -1 3
3 0 0 -1 -1 -1 -1 -1 -1 0 0 0 0 0 0 -1 3
0 0 0 -1 -1 -1 -1 -1 0 0 0 0 0 0 0 -1 -1
3 0 0 0 0 0 0 0 0 0 0 0 0 0 0 -1 3
3 0 0 -1 -1 -1 -1 -1 0 0 0 0 0 0 0 -1 3
3 0 -1 -1 -1 -1 -1 -1 0 0 0 0 0 0 -1 -1 3
3 3 -1 -1 -1 -1 0 0 0 0 0 0 0 -1 -1 3 3
3 3 -1 -1 -1 0 0 -1 -1 -1 -1 0 -1 -1 -1 3 3
3 3 3 -1 0 0 -1 -1 -1 -1 -1 0 -1 -1 3 3 3
3 3 3 3 3 -1 -1 -1 -1 -1 -1 0 3 3 3 3 3
3 3 3 3 3 3 3 3 -1 3 3 3 3 3 3 3 3
21:45:38.795436 - stdout  :: 1 1
21:45:38.832183 - stdin   :: 7 36 0 0
11 55
7 36
7 55
27 50
3 3 3 3 3 3 3 3 -1 3 3 3 3 3 3 3 3
3 3 3 3 3 -1 -1 -1 -1 -1 -1 -1 3 3 3 3 3
3 3 3 -1 -1 -1 -1 -1 -1 -1 -1 -1 -1 -1 3 3 3
3 3 -1 -1 -1 -1 -1 -1 -1 -1 -1 -1 -1 -1 -1 3 3
3 3 -1 -1 -1 -1 -1 -1 -1 -1 -1 -1 -1 -1 -1 3 3
3 -1 -1 -1 -1 -1 -1 -1 -1 -1 -1 -1 -1 -1 -1 -1 3
3 0 -1 -1 -1 -1 -1 -1 -1 -1 0 0 0 0 -1 -1 3
3 0 0 -1 -1 -1 -1 -1 -1 0 0 0 0 0 0 -1 3
0 0 0 -1 -1 -1 -1 -1 0 0 0 0 0 0 0 -1 -1
3 0 0 0 0 0 0 0 0 0 0 0 0 0 0 -1 3
3 0 0 -1 -1 -1 -1 -1 0 0 0 0 0 0 0 -1 3
3 0 -1 -1 -1 -1 -1 -1 0 0 0 0 0 0 -1 -1 3
3 3 -1 -1 -1 -1 0 0 0 0 0 0 0 -1 -1 3 3
3 3 -1 -1 -1 0 0 -1 -1 -1 -1 0 -1 -1 -1 3 3
3 3 3 -1 0 0 -1 -1 -1 -1 -1 0 -1 -1 3 3 3
3 3 3 3 3 -1 -1 -1 -1 -1 -1 0 3 3 3 3 3
3 3 3 3 3 3 3 3 -1 3 3 3 3 3 3 3 3
21:45:38.837790 - stdout  :: 1 1
21:45:38.842141 - stdin   :: 8 37 1 1
10 56
8 37
8 55
27 50
3 3 3 3 3 3 3 3 -1 3 3 3 3 3 3 3 3
3 3 3 3 3 -1 -1 -1 -1 -1 -1 -1 3 3 3 3 3
3 3 3 -1 -1 -1 -1 -1 -1 -1 -1 -1 -1 -1 3 3 3
3 3 -1 -1 -1 -1 -1 -1 -1 -1 -1 -1 -1 -1 -1 3 3
3 3 -1 -1 -1 -1 -1 -1 -1 -1 -1 -1 -1 -1 -1 3 3
3 -1 -1 -1 -1 -1 -1 -1 -1 0 0 0 0 -1 -1 -1 3
3 0 -1 -1 -1 -1 -1 -1 0 0 0 0 0 0 -1 -1 3
3 0 -1 -1 -1 -1 -1 0 0 0 0 0 0 0 -1 -1 3
0 0 0 0 0 0 0 0 0 0 0 0 0 0 -1 -1 -1
3 0 -1 -1 -1 -1 -1 0 0 0 0 0 0 0 -1 -1 3
3 -1 -1 -1 -1 -1 -1 0 0 0 0 0 0 -1 -1 -1 3
3 -1 -1 -1 -1 0 0 0 0 0 0 0 -1 -1 -1 -1 3
3 3 -1 -1 0 0 -1 -1 -1 -1 0 -1 -1 -1 -1 3 3
3 3 -1 0 0 -1 -1 -1 -1 -1 0 -1 -1 -1 -1 3 3
3 3 3 0 -1 -1 -1 -1 -1 -1 0 -1 -1 -1 3 3 3
3 3 3 3 3 -1 -1 -1 -1 -1 0 -1 3 3 3 3 3
3 3 3 3 3 3 3 3 0 3 3 3 3 3 3 3 3
21:45:38.844068 - stdout  :: 1 -1
21:45:38.848514 - stdin   :: 10 37 2 0
9 56
10 37
9 55
27 50
3 3 3 3 3 3 3 3 -1 3 3 3 3 3 3 3 3
3 3 3 3 3 -1 -1 -1 -1 -1 -1 -1 3 3 3 3 3
3 3 3 -1 -1 -1 -1 -1 -1 -1 -1 -1 -1 -1 3 3 3
3 3 -1 -1 -1 -1 -1 -1 -1 0 0 0 0 -1 -1 3 3
3 3 -1 -1 -1 -1 -1 -1 0 0 0 0 0 0 -1 3 3
3 0 -1 -1 -1 -1 -1 0 0 0 0 0 0 0 -1 -1 3
3 0 0 0 0 0 0 0 0 0 0 0 0 0 -1 -1 3
3 0 -1 -1 -1 -1 -1 0 0 0 0 0 0 0 -1 -1 3
0 -1 -1 -1 -1 -1 -1 0 0 0 0 0 0 -1 -1 -1 -1
3 -1 -1 -1 -1 0 0 0 0 0 0 0 -1 -1 -1 -1 3
3 -1 -1 -1 0 0 -1 -1 -1 -1 0 -1 -1 -1 -1 -1 3
3 -1 -1 0 0 -1 -1 -1 -1 -1 0 -1 -1 -1 -1 -1 3
3 3 0 0 -1 -1 -1 -1 -1 -1 0 -1 -1 -1 -1 3 3
3 3 0 -1 0 -1 -1 -1 -1 -1 0 -1 -1 -1 -1 3 3
3 3 3 -1 -1 0 -1 0 0 0 0 0 -1 -1 3 3 3
3 3 3 3 3 -1 0 0 0 0 0 0 3 3 3 3 3
3 3 3 3 3 3 3 3 0 3 3 3 3 3 3 3 3
21:45:38.850309 - stdout  :: -1 -1
21:45:38.854488 - stdin   :: 11 36 1 -1
8 56
11 36
9 54
27 50
3 3 3 3 3 3 3 3 -1 3 3 3 3 3 3 3 3
3 3 3 3 3 -1 -1 -1 -1 -1 -1 -1 3 3 3 3 3
3 3 3 -1 -1 -1 -1 -1 -1 -1 0 0 0 0 3 3 3
3 3 0 -1 -1 -1 -1 -1 -1 0 0 0 0 0 0 3 3
3 3 0 -1 -1 -1 -1 -1 0 0 0 0 0 0 0 3 3
3 0 0 0 0 0 0 0 0 0 0 0 0 0 0 -1 3
3 0 0 -1 -1 -1 -1 -1 0 0 0 0 0 0 0 -1 3
3 0 -1 -1 -1 -1 -1 -1 0 0 0 0 0 0 -1 -1 3
0 -1 -1 -1 -1 -1 0 0 0 0 0 0 0 -1 -1 -1 -1
3 -1 -1 -1 -1 0 0 -1 -1 -1 -1 0 -1 -1 -1 -1 3
3 -1 -1 -1 0 0 -1 -1 -1 -1 -1 0 -1 -1 -1 -1 3
3 -1 -1 0 0 -1 -1 -1 -1 -1 -1 0 -1 -1 -1 -1 3
3 3 0 0 -1 0 -1 -1 -1 -1 -1 0 -1 -1 -1 3 3
3 3 0 -1 -1 -1 0 -1 0 0 0 0 0 -1 -1 3 3
3 3 3 -1 -1 -1 -1 0 0 0 0 0 0 -1 3 3 3
3 3 3 3 3 -1 -1 0 0 0 0 0 3 3 3 3 3
3 3 3 3 3 3 3 3 0 3 3 3 3 3 3 3 3
21:45:38.856123 - stdout  :: 0 -1
21:45:38.866499 - stdin   :: 12 34 1 -2
7 56
12 34
8 54
27 50
3 3 3 3 3 3 3 3 -1 3 3 3 3 3 3 3 3
3 3 3 3 3 -1 -1 -1 -1 -1 -1 -1 3 3 3 3 3
3 3 3 0 0 -1 -1 -1 -1 -1 -1 0 0 0 3 3 3
3 3 0 0 0 -1 -1 -1 -1 -1 0 0 0 0 0 3 3
3 3 0 0 0 0 0 0 0 0 0 0 0 0 0 3 3
3 0 0 0 0 -1 -1 -1 -1 -1 0 0 0 0 0 0 3
3 0 0 0 -1 -1 -1 -1 -1 -1 0 0 0 0 0 0 3
3 0 0 -1 -1 -1 -1 -1 0 0 0 0 0 0 0 -1 3
-1 0 -1 -1 -1 -1 -1 0 0 -1 -1 -1 -1 0 -1 -1 -1
3 0 -1 -1 -1 -1 0 0 -1 -1 -1 -1 -1 0 -1 -1 3
3 0 -1 -1 -1 0 0 -1 -1 -1 -1 -1 -1 0 -1 -1 3
3 0 -1 -1 0 0 -1 0 -1 -1 -1 -1 -1 0 -1 -1 3
3 3 0 -1 0 -1 -1 -1 0 -1 0 0 0 0 0 3 3
3 3 0 0 0 -1 -1 -1 -1 0 0 0 0 0 0 3 3
3 3 3 0 0 -1 -1 -1 -1 0 0 0 0 0 3 3 3
3 3 3 3 3 -1 0 0 0 0 0 0 3 3 3 3 3
3 3 3 3 3 3 3 3 -1 3 3 3 3 3 3 3 3
21:45:38.867725 - stdout  :: 1 -1
21:45:38.872130 - stdin   :: 14 31 2 -3
5 55
14 31
7 54
27 50
3 3 3 3 3 3 3 3 -1 3 3 3 3 3 3 3 3
3 3 3 3 3 0 0 0 -1 -1 -1 -1 3 3 3 3 3
3 3 3 0 0 0 0 0 0 0 0 0 0 0 3 3 3
3 3 0 0 0 0 0 0 -1 -1 -1 -1 -1 0 0 3 3
3 3 0 0 0 0 0 -1 -1 -1 -1 -1 -1 0 0 3 3
3 -1 0 0 0 0 -1 -1 -1 -1 -1 0 0 0 0 0 3
3 -1 -1 -1 0 -1 -1 -1 -1 -1 0 0 -1 -1 -1 -1 3
3 -1 -1 -1 0 -1 -1 -1 -1 0 0 -1 -1 -1 -1 -1 3
-1 -1 -1 -1 0 -1 -1 -1 0 0 -1 -1 -1 -1 -1 -1 0
3 -1 -1 -1 0 -1 -1 0 0 -1 0 -1 -1 -1 -1 -1 3
3 -1 0 0 0 0 -1 0 -1 -1 -1 0 -1 0 0 0 3
3 -1 0 0 0 0 0 0 -1 -1 -1 -1 0 0 0 0 3
3 3 0 0 0 0 0 0 -1 -1 -1 -1 0 0 0 3 3
3 3 0 0 0 0 0 0 -1 0 0 0 0 0 0 3 3
3 3 3 0 0 0 0 0 -1 -1 -1 -1 0 0 3 3 3
3 3 3 3 3 0 0 -1 -1 -1 -1 -1 3 3 3 3 3
3 3 3 3 3 3 3 3 -1 3 3 3 3 3 3 3 3
21:45:38.873518 - stdout  :: 1 1
21:45:38.879643 - stdin   :: 17 29 3 -2
3 54
17 29
6 54
28 50
3 3 3 3 3 3 3 3 0 3 3 3 3 3 3 3 3
3 3 3 3 3 0 0 0 0 -1 -1 -1 3 3 3 3 3
3 3 3 -1 0 0 0 0 -1 -1 -1 -1 -1 0 3 3 3
3 3 -1 -1 -1 -1 0 -1 -1 -1 -1 -1 0 0 -1 3 3
3 3 -1 -1 -1 -1 0 -1 -1 -1 -1 0 0 -1 -1 3 3
3 -1 -1 -1 -1 -1 0 -1 -1 -1 0 0 -1 -1 -1 -1 3
3 -1 -1 -1 -1 -1 0 -1 -1 0 0 -1 0 -1 -1 -1 3
3 -1 -1 -1 0 0 0 0 -1 0 -1 -1 -1 0 -1 0 3
-1 -1 -1 -1 0 0 0 0 0 0 -1 -1 -1 -1 0 0 0
3 -1 -1 0 0 0 0 0 0 0 -1 -1 -1 -1 0 0 3
3 -1 -1 0 0 0 0 0 0 0 -1 0 0 0 0 0 3
3 -1 -1 0 0 0 0 0 0 0 -1 -1 -1 -1 0 0 3
3 3 -1 -1 0 0 0 0 0 -1 -1 -1 -1 -1 -1 3 3
3 3 -1 -1 -1 0 0 0 0 -1 -1 -1 -1 -1 -1 3 3
3 3 3 -1 -1 -1 -1 -1 -1 -1 -1 -1 -1 -1 3 3 3
3 3 3 3 3 -1 -1 -1 -1 -1 -1 -1 3 3 3 3 3
3 3 3 3 3 3 3 3 -1 3 3 3 3 3 3 3 3
21:45:38.881653 - stdout  :: -1 1
21:45:38.888098 - stdin   :: 19 28 2 -1
3 54
19 28
5 54
30 50
3 3 3 3 3 3 3 3 0 3 3 3 3 3 3 3 3
3 3 3 3 3 -1 -1 0 -1 -1 -1 -1 3 3 3 3 3
3 3 3 -1 -1 -1 -1 0 -1 -1 -1 -1 0 0 3 3 3
3 3 -1 -1 -1 -1 -1 0 -1 -1 -1 0 0 -1 -1 3 3
3 3 -1 -1 -1 -1 -1 0 -1 -1 0 0 -1 0 -1 3 3
3 -1 -1 -1 -1 0 0 0 0 -1 0 -1 -1 -1 0 -1 3
3 -1 -1 -1 -1 0 0 0 0 0 0 -1 -1 -1 -1 0 3
3 -1 -1 -1 0 0 0 0 0 0 0 -1 -1 -1 -1 0 3
-1 -1 -1 -1 0 0 0 0 0 0 0 -1 0 0 0 0 0
3 -1 -1 -1 0 0 0 0 0 0 0 -1 -1 -1 -1 0 3
3 -1 -1 -1 -1 0 0 0 0 0 -1 -1 -1 -1 -1 -1 3
3 -1 -1 -1 -1 -1 0 0 0 0 -1 -1 -1 -1 -1 -1 3
3 3 -1 -1 -1 -1 -1 -1 -1 -1 -1 -1 -1 -1 -1 3 3
3 3 -1 -1 -1 -1 -1 -1 -1 -1 -1 -1 -1 -1 -1 3 3
3 3 3 -1 -1 -1 -1 -1 -1 -1 -1 -1 -1 -1 3 3 3
3 3 3 3 3 -1 -1 -1 -1 -1 -1 -1 3 3 3 3 3
3 3 3 3 3 3 3 3 -1 3 3 3 3 3 3 3 3
21:45:38.890609 - stdout  :: -1 -1
21:45:38.895600 - stdin   :: 20 26 1 -2
3 54
20 26
4 54
33 49
3 3 3 3 3 3 3 3 -1 3 3 3 3 3 3 3 3
3 3 3 3 3 -1 -1 -1 -1 0 -1 -1 3 3 3 3 3
3 3 3 -1 -1 -1 -1 -1 -1 0 -1 -1 -1 0 3 3 3
3 3 -1 -1 -1 -1 -1 -1 -1 0 -1 -1 0 0 -1 3 3
3 3 -1 -1 -1 -1 -1 0 0 0 0 -1 0 -1 -1 3 3
3 -1 -1 -1 -1 -1 -1 0 0 0 0 0 0 -1 -1 -1 3
3 -1 -1 -1 -1 -1 0 0 0 0 0 0 0 -1 -1 -1 3
3 -1 -1 -1 -1 -1 0 0 0 0 0 0 0 -1 0 0 3
-1 -1 -1 -1 -1 -1 0 0 0 0 0 0 0 -1 -1 -1 -1
3 -1 -1 -1 -1 -1 -1 0 0 0 0 0 -1 -1 -1 -1 3
3 -1 -1 -1 -1 -1 -1 -1 0 0 0 0 -1 -1 -1 -1 3
3 -1 -1 -1 -1 -1 -1 -1 -1 -1 -1 -1 -1 -1 -1 -1 3
3 3 -1 -1 -1 -1 -1 -1 -1 -1 -1 -1 -1 -1 -1 3 3
3 3 -1 -1 -1 -1 -1 -1 -1 -1 -1 -1 -1 -1 -1 3 3
3 3 3 -1 -1 -1 -1 -1 -1 -1 -1 -1 -1 -1 3 3 3
3 3 3 3 3 -1 -1 -1 -1 -1 -1 -1 3 3 3 3 3
3 3 3 3 3 3 3 3 -1 3 3 3 3 3 3 3 3
21:45:38.897951 - stdout  :: -1 0
21:45:38.902683 - stdin   :: 20 24 0 -2
3 54
20 24
4 54
35 47
3 3 3 3 3 3 3 3 -1 3 3 3 3 3 3 3 3
3 3 3 3 3 -1 -1 -1 -1 -1 -1 0 3 3 3 3 3
3 3 3 -1 -1 -1 -1 -1 -1 -1 -1 0 -1 -1 3 3 3
3 3 -1 -1 -1 -1 -1 -1 -1 -1 -1 0 -1 -1 0 3 3
3 3 -1 -1 -1 -1 -1 -1 -1 0 0 0 0 -1 0 3 3
3 -1 -1 -1 -1 -1 -1 -1 -1 0 0 0 0 0 0 -1 3
3 -1 -1 -1 -1 -1 -1 -1 0 0 0 0 0 0 0 -1 3
3 -1 -1 -1 -1 -1 -1 -1 0 0 0 0 0 0 0 -1 3
-1 -1 -1 -1 -1 -1 -1 -1 0 0 0 0 0 0 0 -1 -1
3 -1 -1 -1 -1 -1 -1 -1 -1 0 0 0 0 0 -1 -1 3
3 -1 -1 -1 -1 -1 -1 -1 -1 -1 0 0 0 0 -1 -1 3
3 -1 -1 -1 -1 -1 -1 -1 -1 -1 -1 -1 -1 -1 -1 -1 3
3 3 -1 -1 -1 -1 -1 -1 -1 -1 -1 -1 -1 -1 -1 3 3
3 3 -1 -1 -1 -1 -1 -1 -1 -1 -1 -1 -1 -1 -1 3 3
3 3 3 -1 -1 -1 -1 -1 -1 -1 -1 -1 -1 -1 3 3 3
3 3 3 3 3 -1 -1 -1 -1 -1 -1 -1 3 3 3 3 3
3 3 3 3 3 3 3 3 -1 3 3 3 3 3 3 3 3
21:45:38.904905 - stdout  :: 0 1
21:45:38.914920 - stdin   :: 20 24 0 0
6 51
20 24
3 54
35 47
3 3 3 3 3 3 3 3 -1 3 3 3 3 3 3 3 3
3 3 3 3 3 -1 -1 -1 -1 -1 -1 0 3 3 3 3 3
3 3 3 -1 -1 -1 -1 -1 -1 -1 -1 0 -1 -1 3 3 3
3 3 -1 -1 -1 -1 -1 -1 -1 -1 -1 0 -1 -1 0 3 3
3 3 -1 -1 -1 -1 -1 -1 -1 0 0 0 0 -1 0 3 3
3 -1 -1 -1 -1 -1 -1 -1 -1 0 0 0 0 0 0 -1 3
3 -1 -1 -1 -1 -1 -1 -1 0 0 0 0 0 0 0 -1 3
3 -1 -1 -1 -1 -1 -1 -1 0 0 0 0 0 0 0 -1 3
-1 -1 -1 -1 -1 -1 -1 -1 0 0 0 0 0 0 0 -1 -1
3 -1 -1 -1 -1 -1 -1 -1 -1 0 0 0 0 0 -1 -1 3
3 -1 -1 -1 -1 -1 -1 -1 -1 -1 0 0 0 0 -1 -1 3
3 -1 -1 -1 -1 -1 -1 -1 -1 -1 -1 -1 -1 -1 -1 -1 3
3 3 -1 -1 -1 -1 -1 -1 -1 -1 -1 -1 -1 -1 -1 3 3
3 3 -1 -1 -1 -1 -1 -1 -1 -1 -1 -1 -1 -1 -1 3 3
3 3 3 -1 -1 -1 -1 -1 -1 -1 -1 -1 -1 -1 3 3 3
3 3 3 3 3 -1 -1 -1 -1 -1 -1 -1 3 3 3 3 3
3 3 3 3 3 3 3 3 -1 3 3 3 3 3 3 3 3
21:45:38.920125 - stdout  :: 0 1
21:45:38.926669 - stdin   :: 20 25 0 1
7 50
20 25
3 53
35 46
3 3 3 3 3 3 3 3 -1 3 3 3 3 3 3 3 3
3 3 3 3 3 -1 -1 -1 -1 -1 0 -1 3 3 3 3 3
3 3 3 -1 -1 -1 -1 -1 -1 -1 0 -1 -1 -1 3 3 3
3 3 -1 -1 -1 -1 -1 -1 -1 -1 0 -1 -1 0 0 3 3
3 3 -1 -1 -1 -1 -1 -1 0 0 0 0 -1 0 -1 3 3
3 -1 -1 -1 -1 -1 -1 -1 0 0 0 0 0 0 -1 -1 3
3 -1 -1 -1 -1 -1 -1 0 0 0 0 0 0 0 -1 -1 3
3 -1 -1 -1 -1 -1 -1 0 0 0 0 0 0 0 -1 0 3
-1 -1 -1 -1 -1 -1 -1 0 0 0 0 0 0 0 -1 -1 -1
3 -1 -1 -1 -1 -1 -1 -1 0 0 0 0 0 -1 -1 -1 3
3 -1 -1 -1 -1 -1 -1 -1 -1 0 0 0 0 -1 -1 -1 3
3 -1 -1 -1 -1 -1 -1 -1 -1 -1 -1 -1 -1 -1 -1 -1 3
3 3 -1 -1 -1 -1 -1 -1 -1 -1 -1 -1 -1 -1 -1 3 3
3 3 -1 -1 -1 -1 -1 -1 -1 -1 -1 -1 -1 -1 -1 3 3
3 3 3 -1 -1 -1 -1 -1 -1 -1 -1 -1 -1 -1 3 3 3
3 3 3 3 3 -1 -1 -1 -1 -1 -1 -1 3 3 3 3 3
3 3 3 3 3 3 3 3 -1 3 3 3 3 3 3 3 3
21:45:38.928986 - stdout  :: -1 0
21:45:38.940238 - stdin   :: 19 26 -1 1
9 49
19 26
3 51
35 44
3 3 3 3 3 3 3 3 0 3 3 3 3 3 3 3 3
3 3 3 3 3 -1 -1 -1 -1 0 -1 -1 3 3 3 3 3
3 3 3 -1 -1 -1 -1 -1 -1 0 -1 -1 -1 -1 3 3 3
3 3 -1 -1 -1 -1 -1 -1 -1 0 -1 -1 -1 0 0 3 3
3 3 -1 -1 -1 -1 -1 -1 -1 0 -1 -1 0 0 -1 3 3
3 -1 -1 -1 -1 -1 -1 0 0 0 0 -1 0 -1 -1 -1 3
3 -1 -1 -1 -1 -1 -1 0 0 0 0 0 0 -1 -1 -1 3
3 -1 -1 -1 -1 -1 0 0 0 0 0 0 0 -1 -1 -1 3
-1 -1 -1 -1 -1 -1 0 0 0 0 0 0 0 -1 0 0 0
3 -1 -1 -1 -1 -1 0 0 0 0 0 0 0 -1 -1 -1 3
3 -1 -1 -1 -1 -1 -1 0 0 0 0 0 -1 -1 -1 -1 3
3 -1 -1 -1 -1 -1 -1 -1 0 0 0 0 -1 -1 -1 -1 3
3 3 -1 -1 -1 -1 -1 -1 -1 -1 -1 -1 -1 -1 -1 3 3
3 3 -1 -1 -1 -1 -1 -1 -1 -1 -1 -1 -1 -1 -1 3 3
3 3 3 -1 -1 -1 -1 -1 -1 -1 -1 -1 -1 -1 3 3 3
3 3 3 3 3 -1 -1 -1 -1 -1 -1 -1 3 3 3 3 3
3 3 3 3 3 3 3 3 -1 3 3 3 3 3 3 3 3
21:45:38.942566 - stdout  :: -1 -1
21:45:38.953661 - stdin   :: 17 26 -2 0
11 48
17 26
3 50
35 41
3 3 3 3 3 3 3 3 0 3 3 3 3 3 3 3 3
3 3 3 3 3 -1 0 0 0 0 0 0 3 3 3 3 3
3 3 3 -1 -1 -1 -1 0 0 0 0 -1 -1 -1 3 3 3
3 3 -1 -1 -1 -1 -1 -1 -1 0 -1 -1 -1 -1 -1 3 3
3 3 -1 -1 -1 -1 -1 -1 -1 0 -1 -1 -1 -1 0 3 3
3 -1 -1 -1 -1 -1 -1 -1 -1 0 -1 -1 -1 0 0 -1 3
3 -1 -1 -1 -1 -1 -1 -1 -1 0 -1 -1 0 0 -1 0 3
3 -1 -1 -1 -1 -1 -1 0 0 0 0 -1 0 -1 -1 -1 3
-1 -1 -1 -1 -1 -1 -1 0 0 0 0 0 0 -1 -1 -1 -1
3 -1 -1 -1 -1 -1 0 0 0 0 0 0 0 -1 -1 -1 3
3 -1 -1 -1 -1 -1 0 0 0 0 0 0 0 -1 0 0 3
3 -1 -1 -1 -1 -1 0 0 0 0 0 0 0 -1 -1 -1 3
3 3 -1 -1 -1 -1 -1 0 0 0 0 0 -1 -1 -1 3 3
3 3 -1 -1 -1 -1 -1 -1 0 0 0 0 -1 -1 -1 3 3
3 3 3 -1 -1 -1 -1 -1 -1 -1 -1 -1 -1 -1 3 3 3
3 3 3 3 3 -1 -1 -1 -1 -1 -1 -1 3 3 3 3 3
3 3 3 3 3 3 3 3 -1 3 3 3 3 3 3 3 3
21:45:38.955716 - stdout  :: -1 1
21:45:38.966913 - stdin   :: 14 27 -3 1
12 48
14 27
3 48
34 37
3 3 3 3 3 3 3 3 0 3 3 3 3 3 3 3 3
3 3 3 3 3 0 0 0 0 0 0 0 3 3 3 3 3
3 3 3 0 0 0 0 0 0 0 0 0 0 0 3 3 3
3 3 -1 -1 -1 0 0 0 0 0 0 0 -1 -1 -1 3 3
3 3 -1 -1 -1 0 0 0 0 0 0 -1 -1 -1 -1 3 3
3 -1 -1 -1 -1 -1 0 0 0 0 -1 -1 -1 -1 -1 0 3
3 -1 -1 -1 -1 -1 -1 -1 0 -1 -1 -1 -1 -1 0 0 3
3 -1 -1 -1 -1 -1 -1 -1 0 -1 -1 -1 -1 0 0 -1 3
-1 -1 -1 -1 -1 -1 -1 -1 0 -1 -1 -1 0 0 -1 -1 -1
3 -1 -1 -1 -1 -1 -1 -1 0 -1 -1 0 0 -1 0 -1 3
3 -1 -1 -1 -1 -1 0 0 0 0 -1 0 -1 -1 -1 0 3
3 -1 -1 -1 -1 -1 0 0 0 0 0 0 -1 -1 -1 -1 3
3 3 -1 -1 -1 0 0 0 0 0 0 0 -1 -1 -1 3 3
3 3 -1 -1 -1 0 0 0 0 0 0 0 -1 0 0 3 3
3 3 3 -1 -1 0 0 0 0 0 0 0 -1 -1 3 3 3
3 3 3 3 3 -1 0 0 0 0 0 -1 3 3 3 3 3
3 3 3 3 3 3 3 3 0 3 3 3 3 3 3 3 3
21:45:38.968468 - stdout  :: 0 -1
21:45:38.983811 - stdin   :: 11 27 -3 0
12 49
11 27
3 48
32 32
3 3 3 3 3 3 3 3 -1 3 3 3 3 3 3 3 3
3 3 3 3 3 -1 -1 -1 -1 -1 -1 -1 3 3 3 3 3
3 3 3 -1 -1 -1 -1 0 0 0 0 -1 -1 -1 3 3 3
3 3 -1 -1 -1 -1 0 0 0 0 0 0 -1 -1 -1 3 3
3 3 -1 -1 -1 0 0 0 0 0 0 0 -1 -1 -1 3 3
3 0 0 0 0 0 0 0 0 0 0 0 0 0 0 0 3
3 0 -1 -1 -1 0 0 0 0 0 0 0 -1 -1 -1 -1 3
3 -1 -1 -1 -1 0 0 0 0 0 0 -1 -1 -1 -1 -1 3
-1 -1 -1 -1 -1 -1 0 0 0 0 -1 -1 -1 -1 -1 0 0
3 -1 -1 -1 -1 -1 -1 -1 0 -1 -1 -1 -1 -1 0 0 3
3 -1 -1 -1 -1 -1 -1 -1 0 -1 -1 -1 -1 0 0 -1 3
3 -1 -1 -1 -1 -1 -1 -1 0 -1 -1 -1 0 0 -1 -1 3
3 3 -1 -1 -1 -1 -1 -1 0 -1 -1 0 0 -1 0 3 3
3 3 -1 -1 -1 -1 0 0 0 0 -1 0 -1 -1 -1 3 3
3 3 3 -1 -1 -1 0 0 0 0 0 0 -1 -1 3 3 3
3 3 3 3 3 0 0 0 0 0 0 0 3 3 3 3 3
3 3 3 3 3 3 3 3 0 3 3 3 3 3 3 3 3
21:45:38.986087 - stdout  :: 1 -1
21:45:38.990808 - stdin   :: 9 26 -2 -1
12 50
9 26
3 48
30 27
3 3 3 3 3 3 3 3 -1 3 3 3 3 3 3 3 3
3 3 3 3 3 -1 -1 -1 -1 -1 -1 -1 3 3 3 3 3
3 3 3 -1 -1 -1 -1 -1 -1 -1 -1 -1 -1 -1 3 3 3
3 3 0 -1 -1 -1 -1 -1 -1 -1 -1 -1 -1 -1 -1 3 3
3 3 0 -1 -1 -1 -1 -1 0 0 0 0 -1 -1 -1 3 3
3 0 0 -1 -1 -1 -1 0 0 0 0 0 0 -1 -1 -1 3
3 0 0 -1 -1 -1 0 0 0 0 0 0 0 -1 -1 -1 3
3 0 0 0 0 0 0 0 0 0 0 0 0 0 0 0 3
0 0 0 -1 -1 -1 0 0 0 0 0 0 0 -1 -1 -1 -1
3 0 -1 -1 -1 -1 0 0 0 0 0 0 -1 -1 -1 -1 3
3 -1 -1 -1 -1 -1 -1 0 0 0 0 -1 -1 -1 -1 -1 3
3 -1 -1 -1 -1 -1 -1 -1 -1 0 -1 -1 -1 -1 -1 0 3
3 3 -1 -1 -1 -1 -1 -1 -1 0 -1 -1 -1 -1 0 3 3
3 3 -1 -1 -1 -1 -1 -1 -1 0 -1 -1 -1 0 0 3 3
3 3 3 -1 -1 -1 -1 -1 -1 0 -1 -1 0 0 3 3 3
3 3 3 3 3 -1 -1 0 0 0 0 -1 3 3 3 3 3
3 3 3 3 3 3 3 3 0 3 3 3 3 3 3 3 3
21:45:38.992839 - stdout  :: 1 -1
21:45:38.997680 - stdin   :: 8 24 -1 -2
12 51
8 24
3 48
30 27
3 3 3 3 3 3 3 3 -1 3 3 3 3 3 3 3 3
3 3 3 3 3 -1 -1 -1 -1 -1 -1 -1 3 3 3 3 3
3 3 3 0 -1 -1 -1 -1 -1 -1 -1 -1 -1 -1 3 3 3
3 3 0 0 0 -1 -1 -1 -1 -1 -1 -1 -1 -1 -1 3 3
3 3 0 0 0 -1 -1 -1 -1 -1 -1 -1 -1 -1 -1 3 3
3 0 0 0 0 -1 -1 -1 -1 -1 0 0 0 0 -1 -1 3
3 0 0 0 0 -1 -1 -1 -1 0 0 0 0 0 0 -1 3
3 0 0 0 0 -1 -1 -1 0 0 0 0 0 0 0 -1 3
0 0 0 0 0 0 0 0 0 0 0 0 0 0 0 0 0
3 0 0 0 0 -1 -1 -1 0 0 0 0 0 0 0 -1 3
3 0 0 0 -1 -1 -1 -1 0 0 0 0 0 0 -1 -1 3
3 0 0 -1 -1 -1 -1 -1 -1 0 0 0 0 -1 -1 -1 3
3 3 -1 -1 -1 -1 -1 -1 -1 -1 -1 0 -1 -1 -1 3 3
3 3 -1 -1 -1 -1 -1 -1 -1 -1 -1 0 -1 -1 -1 3 3
3 3 3 -1 -1 -1 -1 -1 -1 -1 -1 0 -1 -1 3 3 3
3 3 3 3 3 -1 -1 -1 -1 -1 -1 0 3 3 3 3 3
3 3 3 3 3 3 3 3 -1 3 3 3 3 3 3 3 3
21:45:38.999441 - stdout  :: 1 -1
21:45:39.002145 - stdin   :: 8 21 0 -3
12 52
8 21
3 48
30 27
3 3 3 3 3 3 3 3 -1 3 3 3 3 3 3 3 3
3 3 3 3 3 -1 -1 -1 -1 -1 -1 -1 3 3 3 3 3
3 3 3 0 0 0 0 -1 -1 -1 -1 -1 -1 -1 3 3 3
3 3 0 0 0 0 0 0 -1 -1 -1 -1 -1 -1 -1 3 3
3 3 0 0 0 0 0 0 -1 -1 -1 -1 -1 -1 -1 3 3
3 0 0 0 0 0 0 0 -1 -1 -1 -1 -1 0 0 0 3
3 0 0 0 0 0 0 0 -1 -1 -1 -1 0 0 0 0 3
3 0 0 0 0 0 0 0 -1 -1 -1 0 0 0 0 0 3
0 0 0 0 0 0 0 0 0 0 0 0 0 0 0 0 0
3 0 0 0 0 0 0 0 -1 -1 -1 0 0 0 0 0 3
3 0 0 0 0 0 0 -1 -1 -1 -1 0 0 0 0 0 3
3 0 0 0 0 0 -1 -1 -1 -1 -1 -1 0 0 0 0 3
3 3 0 0 0 -1 -1 -1 -1 -1 -1 -1 -1 -1 0 3 3
3 3 0 0 -1 -1 -1 -1 -1 -1 -1 -1 -1 -1 0 3 3
3 3 3 -1 -1 -1 -1 -1 -1 -1 -1 -1 -1 -1 3 3 3
3 3 3 3 3 -1 -1 -1 -1 -1 -1 -1 3 3 3 3 3
3 3 3 3 3 3 3 3 -1 3 3 3 3 3 3 3 3
21:45:39.003909 - stdout  :: 1 0
21:45:39.006702 - stdin   :: 9 18 1 -3
12 53
9 18
3 48
30 27
3 3 3 3 3 3 3 3 -1 3 3 3 3 3 3 3 3
3 3 3 3 3 0 0 0 0 0 -1 -1 3 3 3 3 3
3 3 3 0 0 0 0 0 0 0 0 -1 -1 -1 3 3 3
3 3 0 0 0 0 0 0 0 0 0 -1 -1 -1 -1 3 3
3 3 0 0 0 0 0 0 0 0 0 -1 -1 -1 -1 3 3
3 0 0 0 0 0 0 0 0 0 0 -1 -1 -1 -1 0 3
3 0 0 0 0 0 0 0 0 0 0 -1 -1 -1 0 0 3
3 0 0 0 0 0 0 0 0 0 0 0 0 0 0 0 3
0 0 0 0 0 0 0 0 0 0 0 -1 -1 -1 0 0 0
3 0 0 0 0 0 0 0 0 0 -1 -1 -1 -1 0 0 3
3 0 0 0 0 0 0 0 0 -1 -1 -1 -1 -1 -1 0 3
3 0 0 0 0 0 0 0 -1 -1 -1 -1 -1 -1 -1 -1 3
3 3 0 0 0 0 0 -1 -1 -1 -1 -1 -1 -1 -1 3 3
3 3 0 0 0 0 -1 -1 -1 -1 -1 -1 -1 -1 -1 3 3
3 3 3 0 0 0 -1 -1 -1 -1 -1 -1 -1 -1 3 3 3
3 3 3 3 3 -1 -1 -1 -1 -1 -1 -1 3 3 3 3 3
3 3 3 3 3 3 3 3 -1 3 3 3 3 3 3 3 3
21:45:39.009324 - stdout  :: 0 0
21:45:39.012180 - stdin   :: 10 15 1 -3
12 54
10 15
3 48
30 27
3 3 3 3 3 3 3 3 0 3 3 3 3 3 3 3 3
3 3 3 3 3 0 0 0 0 0 0 0 3 3 3 3 3
3 3 3 0 0 0 0 0 0 0 0 0 0 0 3 3 3
3 3 0 0 0 0 0 0 0 0 0 0 0 0 -1 3 3
3 3 0 0 0 0 0 0 0 0 0 0 0 0 -1 3 3
3 0 0 0 0 0 0 0 0 0 0 0 0 0 -1 -1 3
3 0 0 0 0 0 0 0 0 0 0 0 0 0 0 0 3
3 0 0 0 0 0 0 0 0 0 0 0 0 0 -1 -1 3
0 0 0 0 0 0 0 0 0 0 0 0 0 -1 -1 -1 -1
3 0 0 0 0 0 0 0 0 0 0 0 -1 -1 -1 -1 3
3 0 0 0 0 0 0 0 0 0 0 -1 -1 -1 -1 -1 3
3 0 0 0 0 0 0 0 0 0 -1 -1 -1 -1 -1 -1 3
3 3 0 0 0 0 0 0 0 -1 -1 -1 -1 -1 -1 3 3
3 3 0 0 0 0 0 0 0 -1 -1 -1 -1 -1 -1 3 3
3 3 3 -1 -1 -1 -1 -1 -1 -1 -1 -1 -1 -1 3 3 3
3 3 3 3 3 0 0 0 -1 -1 -1 -1 3 3 3 3 3
3 3 3 3 3 3 3 3 -1 3 3 3 3 3 3 3 3
21:45:39.015075 - stdout  :: -1 1
21:45:39.019645 - stdin   :: 10 13 0 -2
11 55
10 13
3 49
30 27
3 3 3 3 3 3 3 3 0 3 3 3 3 3 3 3 3
3 3 3 3 3 0 0 0 0 0 0 0 3 3 3 3 3
3 3 3 0 0 0 0 0 0 0 0 0 0 0 3 3 3
3 3 0 0 0 0 0 0 0 0 0 0 0 0 0 3 3
3 3 0 0 0 0 0 0 0 0 0 0 0 0 0 3 3
3 0 0 0 0 0 0 0 0 0 0 0 0 0 0 0 3
3 0 0 0 0 0 0 0 0 0 0 0 0 0 0 0 3
3 0 0 0 0 0 0 0 0 0 0 0 0 0 0 0 3
0 0 0 0 0 0 0 0 0 0 0 0 0 0 0 -1 -1
3 0 0 0 0 0 0 0 0 0 0 0 0 0 -1 -1 3
3 0 0 0 0 0 0 0 0 0 0 0 0 -1 -1 -1 3
3 0 0 0 0 0 0 0 0 0 0 0 -1 -1 -1 -1 3
3 3 0 0 0 0 0 0 0 0 0 -1 -1 -1 -1 3 3
3 3 0 0 0 0 0 0 0 0 0 -1 -1 -1 -1 3 3
3 3 3 -1 -1 -1 -1 -1 -1 -1 -1 -1 -1 -1 3 3 3
3 3 3 3 3 0 0 0 0 0 -1 -1 3 3 3 3 3
3 3 3 3 3 3 3 3 0 3 3 3 3 3 3 3 3
21:45:39.022937 - stdout  :: -1 1
21:45:39.031727 - stdin   :: 9 12 -1 -1
10 56
9 12
3 50
30 27
3 3 3 3 3 3 3 3 0 3 3 3 3 3 3 3 3
3 3 3 3 3 0 0 0 0 0 0 0 3 3 3 3 3
3 3 3 0 0 0 0 0 0 0 0 0 0 0 3 3 3
3 3 0 0 0 0 0 0 0 0 0 0 0 0 0 3 3
3 3 0 0 0 0 0 0 0 0 0 0 0 0 0 3 3
3 0 0 0 0 0 0 0 0 0 0 0 0 0 0 0 3
3 0 0 0 0 0 0 0 0 0 0 0 0 0 0 0 3
3 0 0 0 0 0 0 0 0 0 0 0 0 0 0 0 3
0 0 0 0 0 0 0 0 0 0 0 0 0 0 0 0 0
3 0 0 0 0 0 0 0 0 0 0 0 0 0 0 0 3
3 0 0 0 0 0 0 0 0 0 0 0 0 0 0 -1 3
3 0 0 0 0 0 0 0 0 0 0 0 0 0 -1 -1 3
3 3 0 0 0 0 0 0 0 0 0 0 0 -1 -1 3 3
3 3 0 0 0 0 0 0 0 0 0 0 -1 -1 -1 3 3
3 3 3 0 0 0 0 0 0 0 0 0 -1 -1 3 3 3
3 3 3 3 3 -1 -1 -1 -1 -1 -1 -1 3 3 3 3 3
3 3 3 3 3 3 3 3 0 3 3 3 3 3 3 3 3
21:45:39.034833 - stdout  :: -1 1
21:45:39.045848 - stdin   :: 7 12 -2 0
9 56
7 12
3 51
29 28
3 3 3 3 3 3 3 3 -1 3 3 3 3 3 3 3 3
3 3 3 3 3 -1 -1 -1 -1 -1 -1 -1 3 3 3 3 3
3 3 3 0 0 0 0 0 0 0 0 0 0 -1 3 3 3
3 3 0 0 0 0 0 0 0 0 0 0 0 0 0 3 3
3 3 0 0 0 0 0 0 0 0 0 0 0 0 0 3 3
3 0 0 0 0 0 0 0 0 0 0 0 0 0 0 0 3
3 0 0 0 0 0 0 0 0 0 0 0 0 0 0 0 3
3 0 0 0 0 0 0 0 0 0 0 0 0 0 0 0 3
0 0 0 0 0 0 0 0 0 0 0 0 0 0 0 0 0
3 0 0 0 0 0 0 0 0 0 0 0 0 0 0 0 3
3 0 0 0 0 0 0 0 0 0 0 0 0 0 0 0 3
3 0 0 0 0 0 0 0 0 0 0 0 0 0 0 0 3
3 3 0 0 0 0 0 0 0 0 0 0 0 0 0 3 3
3 3 0 0 0 0 0 0 0 0 0 0 0 0 -1 3 3
3 3 3 0 0 0 0 0 0 0 0 0 0 -1 3 3 3
3 3 3 3 3 0 0 0 0 0 0 0 3 3 3 3 3
3 3 3 3 3 3 3 3 0 3 3 3 3 3 3 3 3
21:45:39.048896 - stdout  :: 1 -1
21:45:39.060230 - stdin   :: 6 11 -1 -1
8 56
6 11
3 52
28 30
3 3 3 3 3 3 3 3 -1 3 3 3 3 3 3 3 3
3 3 3 3 3 -1 -1 -1 -1 -1 -1 -1 3 3 3 3 3
3 3 3 -1 -1 -1 -1 -1 -1 -1 -1 -1 -1 -1 3 3 3
3 3 -1 -1 0 0 0 0 0 0 0 0 0 0 -1 3 3
3 3 -1 0 0 0 0 0 0 0 0 0 0 0 0 3 3
3 -1 0 0 0 0 0 0 0 0 0 0 0 0 0 0 3
3 0 0 0 0 0 0 0 0 0 0 0 0 0 0 0 3
3 0 0 0 0 0 0 0 0 0 0 0 0 0 0 0 3
0 0 0 0 0 0 0 0 0 0 0 0 0 0 0 0 0
3 0 0 0 0 0 0 0 0 0 0 0 0 0 0 0 3
3 0 0 0 0 0 0 0 0 0 0 0 0 0 0 0 3
3 0 0 0 0 0 0 0 0 0 0 0 0 0 0 0 3
3 3 0 0 0 0 0 0 0 0 0 0 0 0 0 3 3
3 3 0 0 0 0 0 0 0 0 0 0 0 0 0 3 3
3 3 3 0 0 0 0 0 0 0 0 0 0 0 3 3 3
3 3 3 3 3 0 0 0 0 0 0 0 3 3 3 3 3
3 3 3 3 3 3 3 3 0 3 3 3 3 3 3 3 3
21:45:39.063203 - stdout  :: 1 -1
21:45:39.074218 - stdin   :: 6 9 0 -2
7 56
6 9
3 53
27 33
3 3 3 3 3 3 3 3 -1 3 3 3 3 3 3 3 3
3 3 3 3 3 -1 -1 -1 -1 -1 -1 -1 3 3 3 3 3
3 3 3 -1 -1 -1 -1 -1 -1 -1 -1 -1 -1 -1 3 3 3
3 3 -1 -1 -1 -1 0 0 0 0 0 0 0 0 0 3 3
3 3 -1 -1 -1 0 0 0 0 0 0 0 0 0 0 3 3
3 -1 -1 -1 0 0 0 0 0 0 0 0 0 0 0 0 3
3 -1 -1 0 0 0 0 0 0 0 0 0 0 0 0 0 3
3 -1 0 0 0 0 0 0 0 0 0 0 0 0 0 0 3
-1 0 0 0 0 0 0 0 0 0 0 0 0 0 0 0 0
3 0 0 0 0 0 0 0 0 0 0 0 0 0 0 0 3
3 0 0 0 0 0 0 0 0 0 0 0 0 0 0 0 3
3 0 0 0 0 0 0 0 0 0 0 0 0 0 0 0 3
3 3 0 0 0 0 0 0 0 0 0 0 0 0 0 3 3
3 3 0 0 0 0 0 0 0 0 0 0 0 0 0 3 3
3 3 3 0 0 0 0 0 0 0 0 0 0 0 3 3 3
3 3 3 3 3 0 0 0 0 0 0 0 3 3 3 3 3
3 3 3 3 3 3 3 3 0 3 3 3 3 3 3 3 3
21:45:39.077598 - stdout  :: 1 -1
21:45:39.088625 - stdin   :: 7 6 1 -3
6 56
7 6
3 54
27 37
3 3 3 3 3 3 3 3 -1 3 3 3 3 3 3 3 3
3 3 3 3 3 -1 -1 -1 -1 -1 -1 -1 3 3 3 3 3
3 3 3 -1 -1 -1 -1 -1 -1 0 0 0 0 0 3 3 3
3 3 -1 -1 -1 -1 -1 -1 0 0 0 0 0 0 0 3 3
3 3 -1 -1 -1 -1 -1 0 0 0 0 0 0 0 0 3 3
3 -1 -1 -1 -1 -1 0 0 0 0 0 0 0 0 0 0 3
3 -1 -1 -1 -1 0 0 0 0 0 0 0 0 0 0 0 3
3 -1 -1 -1 0 0 0 0 0 0 0 0 0 0 0 0 3
-1 -1 -1 0 0 0 0 0 0 0 0 0 0 0 0 0 0
3 -1 -1 0 0 0 0 0 0 0 0 0 0 0 0 0 3
3 -1 -1 0 0 0 0 0 0 0 0 0 0 0 0 0 3
3 -1 -1 0 0 0 0 0 0 0 0 0 0 0 0 0 3
3 3 -1 0 0 0 0 0 0 0 0 0 0 0 0 3 3
3 3 -1 0 0 0 0 0 0 0 0 0 0 0 0 3 3
3 3 3 0 0 0 0 0 0 0 0 0 0 0 3 3 3
3 3 3 3 3 0 0 0 0 0 0 0 3 3 3 3 3
3 3 3 3 3 3 3 3 0 3 3 3 3 3 3 3 3
21:45:39.091686 - stdout  :: 1 1
21:45:39.102844 - stdin   :: 9 4 2 -2
5 56
9 4
3 55
27 37
3 3 3 3 3 3 3 3 -1 3 3 3 3 3 3 3 3
3 3 3 3 3 -1 -1 -1 -1 -1 0 0 3 3 3 3 3
3 3 3 -1 -1 -1 -1 -1 -1 0 0 0 0 0 3 3 3
3 3 -1 -1 -1 -1 -1 -1 0 0 0 0 0 0 0 3 3
3 3 -1 -1 -1 -1 -1 0 0 0 0 0 0 0 0 3 3
3 -1 -1 -1 -1 -1 0 0 0 0 0 0 0 0 0 0 3
3 -1 -1 -1 -1 0 0 0 0 0 0 0 0 0 0 0 3
3 -1 -1 -1 -1 0 0 0 0 0 0 0 0 0 0 0 3
-1 -1 -1 -1 -1 0 0 0 0 0 0 0 0 0 0 0 0
3 -1 -1 -1 -1 0 0 0 0 0 0 0 0 0 0 0 3
3 -1 -1 -1 -1 0 0 0 0 0 0 0 0 0 0 0 3
3 -1 -1 -1 -1 0 0 0 0 0 0 0 0 0 0 0 3
3 3 -1 -1 -1 0 0 0 0 0 0 0 0 0 0 3 3
3 3 -1 -1 -1 0 0 0 0 0 0 0 0 0 0 3 3
3 3 3 -1 -1 0 0 0 0 0 0 0 0 0 3 3 3
3 3 3 3 3 -1 -1 -1 -1 -1 -1 0 3 3 3 3 3
3 3 3 3 3 3 3 3 0 3 3 3 3 3 3 3 3
21:45:39.106007 - stdout  :: 1 1
21:45:39.115378 - stdin   :: 12 3 3 -1
4 56
12 3
4 55
27 37
3 3 3 3 3 3 3 3 -1 3 3 3 3 3 3 3 3
3 3 3 3 3 -1 -1 -1 0 0 0 0 3 3 3 3 3
3 3 3 -1 -1 -1 -1 0 0 0 0 0 0 0 3 3 3
3 3 -1 -1 -1 -1 0 0 0 0 0 0 0 0 0 3 3
3 3 -1 -1 -1 -1 0 0 0 0 0 0 0 0 0 3 3
3 -1 -1 -1 -1 -1 0 0 0 0 0 0 0 0 0 0 3
3 -1 -1 -1 -1 -1 0 0 0 0 0 0 0 0 0 0 3
3 -1 -1 -1 -1 -1 0 0 0 0 0 0 0 0 0 0 3
-1 -1 -1 -1 -1 -1 0 0 0 0 0 0 0 0 0 0 0
3 -1 -1 -1 -1 -1 0 0 0 0 0 0 0 0 0 0 3
3 -1 -1 -1 -1 -1 0 0 0 0 0 0 0 0 0 0 3
3 -1 -1 -1 -1 -1 0 0 0 0 0 0 0 0 0 0 3
3 3 -1 -1 -1 -1 -1 -1 -1 -1 -1 -1 0 -1 -1 3 3
3 3 -1 -1 -1 -1 0 0 0 0 0 0 0 0 0 3 3
3 3 3 -1 -1 -1 -1 0 0 0 0 0 0 0 3 3 3
3 3 3 3 3 -1 -1 0 0 0 0 0 3 3 3 3 3
3 3 3 3 3 3 3 3 0 3 3 3 3 3 3 3 3
21:45:39.117891 - stdout  :: 0 1
21:45:39.127661 - stdin   :: 15 3 3 0
4 55
15 3
4 54
27 37
3 3 3 3 3 3 3 3 0 3 3 3 3 3 3 3 3
3 3 3 3 3 -1 0 0 0 0 0 0 3 3 3 3 3
3 3 3 -1 -1 -1 0 0 0 0 0 0 0 0 3 3 3
3 3 -1 -1 -1 -1 0 0 0 0 0 0 0 0 0 3 3
3 3 -1 -1 -1 -1 0 0 0 0 0 0 0 0 0 3 3
3 -1 -1 -1 -1 -1 0 0 0 0 0 0 0 0 0 0 3
3 -1 -1 -1 -1 -1 0 0 0 0 0 0 0 0 0 0 3
3 -1 -1 -1 -1 -1 0 0 0 0 0 0 0 0 0 0 3
-1 -1 -1 -1 -1 -1 0 0 0 0 0 0 0 0 0 0 0
3 -1 -1 -1 -1 -1 -1 -1 -1 -1 -1 -1 0 -1 -1 -1 3
3 -1 -1 -1 -1 -1 0 0 0 0 0 0 0 0 0 0 3
3 -1 -1 -1 -1 -1 -1 0 0 0 0 0 0 0 0 0 3
3 3 -1 -1 -1 -1 -1 0 0 0 0 0 0 0 0 3 3
3 3 -1 -1 -1 -1 -1 0 0 0 0 0 0 0 0 3 3
3 3 3 -1 -1 -1 -1 0 0 0 0 0 0 0 3 3 3
3 3 3 3 3 -1 -1 -1 0 -1 -1 -1 3 3 3 3 3
3 3 3 3 3 3 3 3 0 3 3 3 3 3 3 3 3
21:45:39.130859 - stdout  :: -1 0
21:45:39.181813 - stdin   :: 15 3 0 0
4 49
15 3
3 48
27 34
3 3 3 3 3 3 3 3 0 3 3 3 3 3 3 3 3
3 3 3 3 3 -1 0 0 0 0 0 0 3 3 3 3 3
3 3 3 -1 -1 -1 0 0 0 0 0 0 0 0 3 3 3
3 3 -1 -1 -1 -1 0 0 0 0 0 0 0 0 0 3 3
3 3 -1 -1 -1 -1 0 0 0 0 0 0 0 0 0 3 3
3 -1 -1 -1 -1 -1 0 0 0 0 0 0 0 0 0 0 3
3 -1 -1 -1 -1 -1 0 0 0 0 0 0 0 0 0 0 3
3 -1 -1 -1 -1 -1 0 0 0 0 0 0 0 0 0 0 3
-1 -1 -1 -1 -1 -1 0 0 0 0 0 0 0 0 0 0 0
3 -1 -1 -1 -1 -1 -1 -1 -1 -1 -1 -1 0 -1 -1 -1 3
3 -1 -1 -1 -1 -1 0 0 0 0 0 0 0 0 0 0 3
3 -1 -1 -1 -1 -1 -1 0 0 0 0 0 0 0 0 0 3
3 3 -1 -1 -1 -1 -1 0 0 0 0 0 0 0 0 3 3
3 3 -1 -1 -1 -1 -1 0 0 0 0 0 0 0 0 3 3
3 3 3 -1 -1 -1 -1 0 0 0 0 0 0 0 3 3 3
3 3 3 3 3 -1 -1 -1 0 -1 -1 -1 3 3 3 3 3
3 3 3 3 3 3 3 3 0 3 3 3 3 3 3 3 3
21:45:39.184353 - stdout  :: 0 1
21:45:39.188985 - stdin   :: 15 4 0 1
4 48
15 4
3 48
27 32
3 3 3 3 3 3 3 3 0 3 3 3 3 3 3 3 3
3 3 3 3 3 0 0 0 0 0 0 0 3 3 3 3 3
3 3 3 -1 -1 0 0 0 0 0 0 0 0 0 3 3 3
3 3 -1 -1 -1 0 0 0 0 0 0 0 0 0 0 3 3
3 3 -1 -1 -1 0 0 0 0 0 0 0 0 0 0 3 3
3 -1 -1 -1 -1 0 0 0 0 0 0 0 0 0 0 0 3
3 -1 -1 -1 -1 0 0 0 0 0 0 0 0 0 0 0 3
3 -1 -1 -1 -1 0 0 0 0 0 0 0 0 0 0 0 3
-1 -1 -1 -1 -1 0 0 0 0 0 0 0 0 0 0 0 0
3 -1 -1 -1 -1 -1 -1 -1 -1 -1 -1 0 -1 -1 -1 -1 3
3 -1 -1 -1 -1 0 0 0 0 0 0 0 0 0 0 0 3
3 -1 -1 -1 -1 -1 0 0 0 0 0 0 0 0 0 0 3
3 3 -1 -1 -1 -1 0 0 0 0 0 0 0 0 0 3 3
3 3 -1 -1 -1 -1 0 0 0 0 0 0 0 0 0 3 3
3 3 3 -1 -1 -1 0 0 0 0 0 0 0 0 3 3 3
3 3 3 3 3 -1 -1 0 -1 -1 -1 -1 3 3 3 3 3
3 3 3 3 3 3 3 3 0 3 3 3 3 3 3 3 3
21:45:39.191408 - stdout  :: 0 1
21:45:39.196065 - stdin   :: 15 6 0 2
4 47
15 6
3 48
27 31
3 3 3 3 3 3 3 3 0 3 3 3 3 3 3 3 3
3 3 3 3 3 0 0 0 0 0 0 0 3 3 3 3 3
3 3 3 0 0 0 0 0 0 0 0 0 0 0 3 3 3
3 3 -1 0 0 0 0 0 0 0 0 0 0 0 0 3 3
3 3 -1 0 0 0 0 0 0 0 0 0 0 0 0 3 3
3 -1 -1 0 0 0 0 0 0 0 0 0 0 0 0 0 3
3 -1 -1 0 0 0 0 0 0 0 0 0 0 0 0 0 3
3 -1 -1 0 0 0 0 0 0 0 0 0 0 0 0 0 3
-1 -1 -1 0 0 0 0 0 0 0 0 0 0 0 0 0 0
3 -1 -1 -1 -1 -1 -1 -1 -1 0 -1 -1 -1 -1 -1 -1 3
3 -1 -1 0 0 0 0 0 0 0 0 0 0 0 0 0 3
3 -1 -1 -1 0 0 0 0 0 0 0 0 0 0 0 0 3
3 3 -1 -1 0 0 0 0 0 0 0 0 0 0 0 3 3
3 3 -1 -1 0 0 0 0 0 0 0 0 0 0 0 3 3
3 3 3 -1 0 0 0 0 0 0 0 0 0 0 3 3 3
3 3 3 3 3 0 -1 -1 -1 -1 -1 -1 3 3 3 3 3
3 3 3 3 3 3 3 3 0 3 3 3 3 3 3 3 3
21:45:39.198621 - stdout  :: 1 -1
21:45:39.203621 - stdin   :: 16 7 1 1
5 47
16 7
3 48
28 29
3 3 3 3 3 3 3 3 0 3 3 3 3 3 3 3 3
3 3 3 3 3 0 0 0 0 0 0 0 3 3 3 3 3
3 3 3 0 0 0 0 0 0 0 0 0 0 0 3 3 3
3 3 0 0 0 0 0 0 0 0 0 0 0 0 0 3 3
3 3 0 0 0 0 0 0 0 0 0 0 0 0 0 3 3
3 -1 0 0 0 0 0 0 0 0 0 0 0 0 0 0 3
3 -1 0 0 0 0 0 0 0 0 0 0 0 0 0 0 3
3 -1 0 0 0 0 0 0 0 0 0 0 0 0 0 0 3
-1 -1 -1 -1 -1 -1 -1 -1 0 -1 -1 -1 -1 -1 -1 -1 -1
3 -1 0 0 0 0 0 0 0 0 0 0 0 0 0 0 3
3 -1 -1 0 0 0 0 0 0 0 0 0 0 0 0 0 3
3 -1 -1 0 0 0 0 0 0 0 0 0 0 0 0 -1 3
3 3 -1 0 0 0 0 0 0 0 0 0 0 0 -1 3 3
3 3 -1 0 0 0 0 0 0 0 0 0 0 -1 -1 3 3
3 3 3 -1 0 -1 -1 -1 -1 -1 -1 0 -1 -1 3 3 3
3 3 3 3 3 0 0 0 0 0 0 0 3 3 3 3 3
3 3 3 3 3 3 3 3 0 3 3 3 3 3 3 3 3
21:45:39.206001 - stdout  :: 1 0
21:45:39.210881 - stdin   :: 18 8 2 1
6 47
18 8
3 48
28 28
3 3 3 3 3 3 3 3 0 3 3 3 3 3 3 3 3
3 3 3 3 3 0 0 0 0 0 0 0 3 3 3 3 3
3 3 3 0 0 0 0 0 0 0 0 0 0 0 3 3 3
3 3 0 0 0 0 0 0 0 0 0 0 0 0 0 3 3
3 3 0 0 0 0 0 0 0 0 0 0 0 0 0 3 3
3 0 0 0 0 0 0 0 0 0 0 0 0 0 0 0 3
3 -1 -1 -1 -1 -1 -1 0 -1 -1 -1 -1 -1 -1 -1 -1 3
3 0 0 0 0 0 0 0 0 0 0 0 0 0 0 -1 3
-1 -1 0 0 0 0 0 0 0 0 0 0 0 0 0 -1 -1
3 -1 0 0 0 0 0 0 0 0 0 0 0 0 -1 -1 3
3 -1 0 0 0 0 0 0 0 0 0 0 0 -1 -1 -1 3
3 -1 0 0 0 0 0 0 0 0 0 0 -1 -1 -1 -1 3
3 3 -1 0 -1 -1 -1 -1 -1 -1 0 -1 -1 -1 -1 3 3
3 3 0 0 0 0 0 0 0 0 0 0 -1 -1 -1 3 3
3 3 3 0 0 0 0 0 0 0 0 0 -1 -1 3 3 3
3 3 3 3 3 0 0 0 0 0 0 0 3 3 3 3 3
3 3 3 3 3 3 3 3 0 3 3 3 3 3 3 3 3
21:45:39.213710 - stdout  :: 1 0
21:45:39.220511 - stdin   :: 21 9 3 1
6 48
21 9
3 49
29 28
3 3 3 3 3 3 3 3 0 3 3 3 3 3 3 3 3
3 3 3 3 3 0 0 0 0 0 0 0 3 3 3 3 3
3 3 3 0 0 0 0 0 0 0 0 0 0 0 3 3 3
3 3 -1 -1 -1 -1 0 -1 -1 -1 -1 -1 -1 -1 -1 3 3
3 3 0 0 0 0 0 0 0 0 0 0 0 0 -1 3 3
3 0 0 0 0 0 0 0 0 0 0 0 0 0 -1 -1 3
3 0 0 0 0 0 0 0 0 0 0 0 0 -1 -1 -1 3
3 0 0 0 0 0 0 0 0 0 0 0 -1 -1 -1 -1 3
-1 0 0 0 0 0 0 0 0 0 0 -1 -1 -1 -1 -1 -1
3 -1 0 -1 -1 -1 -1 -1 -1 0 -1 -1 -1 -1 -1 -1 3
3 0 0 0 0 0 0 0 0 0 0 -1 -1 -1 -1 -1 3
3 0 0 0 0 0 0 0 0 0 0 -1 -1 -1 -1 -1 3
3 3 0 0 0 0 0 0 0 0 0 -1 -1 -1 -1 3 3
3 3 0 0 0 0 0 0 0 0 0 -1 -1 -1 -1 3 3
3 3 3 0 0 0 0 0 0 0 0 -1 -1 -1 3 3 3
3 3 3 3 3 0 0 0 0 0 0 -1 3 3 3 3 3
3 3 3 3 3 3 3 3 0 3 3 3 3 3 3 3 3
21:45:39.222676 - stdout  :: 0 0
21:45:39.233427 - stdin   :: 24 10 3 1
6 49
24 10
3 50
31 27
3 3 3 3 3 3 3 3 -1 3 3 3 3 3 3 3 3
3 3 3 3 3 0 0 0 0 0 0 0 3 3 3 3 3
3 3 3 0 0 0 0 0 0 0 0 0 0 -1 3 3 3
3 3 0 0 0 0 0 0 0 0 0 0 -1 -1 -1 3 3
3 3 0 0 0 0 0 0 0 0 0 -1 -1 -1 -1 3 3
3 0 0 0 0 0 0 0 0 0 -1 -1 -1 -1 -1 -1 3
3 0 -1 -1 -1 -1 -1 -1 0 -1 -1 -1 -1 -1 -1 -1 3
3 0 0 0 0 0 0 0 0 0 -1 -1 -1 -1 -1 -1 3
0 0 0 0 0 0 0 0 0 0 -1 -1 -1 -1 -1 -1 -1
3 0 0 0 0 0 0 0 0 0 -1 -1 -1 -1 -1 -1 3
3 0 0 0 0 0 0 0 0 0 -1 -1 -1 -1 -1 -1 3
3 0 0 0 0 0 0 0 0 0 -1 -1 -1 -1 -1 -1 3
3 3 0 0 0 0 0 0 0 0 -1 -1 -1 -1 -1 3 3
3 3 0 0 0 0 0 0 0 0 -1 -1 -1 -1 -1 3 3
3 3 3 0 0 0 0 0 0 0 -1 -1 -1 -1 3 3 3
3 3 3 3 3 0 0 0 0 0 0 -1 3 3 3 3 3
3 3 3 3 3 3 3 3 0 3 3 3 3 3 3 3 3
21:45:39.235651 - stdout  :: 0 -1
21:45:39.246423 - stdin   :: 27 10 3 0
6 50
27 10
3 51
34 27
3 3 3 3 3 3 3 3 0 3 3 3 3 3 3 3 3
3 3 3 3 3 0 0 0 0 0 0 -1 3 3 3 3 3
3 3 3 0 0 0 0 0 0 0 -1 -1 -1 -1 3 3 3
3 3 -1 -1 -1 -1 -1 -1 0 -1 -1 -1 -1 -1 -1 3 3
3 3 0 0 0 0 0 0 0 0 -1 -1 -1 -1 -1 3 3
3 0 0 0 0 0 0 0 0 0 -1 -1 -1 -1 -1 -1 3
3 0 0 0 0 0 0 0 0 0 -1 -1 -1 -1 -1 -1 3
3 0 0 0 0 0 0 0 0 0 -1 -1 -1 -1 -1 -1 3
-1 0 0 0 0 0 0 0 0 0 -1 -1 -1 -1 -1 -1 0
3 0 0 0 0 0 0 0 0 0 -1 -1 -1 -1 -1 0 3
3 0 0 0 0 0 0 0 0 0 -1 -1 -1 -1 -1 0 3
3 0 0 0 0 0 0 0 0 0 -1 -1 -1 -1 -1 -1 3
3 3 0 0 0 0 0 0 0 0 0 -1 -1 -1 -1 3 3
3 3 0 0 0 0 0 0 0 0 0 100 -1 -1 -1 3 3
3 3 3 0 0 0 0 0 0 0 0 100 -1 -1 3 3 3
3 3 3 3 3 0 0 0 0 0 0 100 3 3 3 3 3
3 3 3 3 3 3 3 3 100 3 3 3 3 3 3 3 3
21:45:39.247554 - stdout  :: 0 1
21:45:39.258865 - stdin   :: 30 11 3 1
6 51
30 11
3 52
36 27
3 3 3 3 3 3 3 3 -1 3 3 3 3 3 3 3 3
3 3 3 3 3 0 0 0 0 -1 -1 -1 3 3 3 3 3
3 3 3 0 0 0 0 0 0 -1 -1 -1 -1 -1 3 3 3
3 3 0 0 0 0 0 0 0 -1 -1 -1 -1 -1 -1 3 3
3 3 0 0 0 0 0 0 0 -1 -1 -1 -1 -1 -1 3 3
3 0 0 0 0 0 0 0 0 -1 -1 -1 -1 -1 -1 0 3
3 0 0 0 0 0 0 0 0 -1 -1 -1 -1 -1 0 -1 3
3 0 0 0 0 0 0 0 0 -1 -1 -1 -1 -1 0 -1 3
0 0 0 0 0 0 0 0 0 -1 -1 -1 -1 -1 -1 0 0
3 0 0 0 0 0 0 0 0 0 -1 -1 -1 -1 -1 -1 3
3 0 0 0 0 0 0 0 0 0 100 -1 -1 -1 0 -1 3
3 0 0 0 0 0 0 0 0 0 100 -1 -1 -1 -1 0 3
3 3 0 0 0 0 0 0 0 0 100 -1 -1 -1 -1 3 3
3 3 100 100 100 100 100 100 100 100 100 -1 -1 -1 -1 3 3
3 3 3 100 100 100 100 100 100 100 100 -1 -1 -1 3 3 3
3 3 3 3 3 100 100 100 100 100 100 -1 3 3 3 3 3
3 3 3 3 3 3 3 3 -1 3 3 3 3 3 3 3 3
21:45:39.259665 - stdout  :: -1 1
21:45:41.822984 - stdin   :: ~~~END~~~
21:45:41.828470 - control :: Server has terminated, no more data.
